0.0000000 0.0000000 0.0000000 0.0000000 2.2331016
0.0000000 0.0000000 0.0000000 0.6331313 1.7631804
0.0000000 0.0000000 0.0000000 1.2691439 1.2622943
0.0000000 0.0000000 0.0000000 1.7303397 1.1013529
0.0000000 0.0000000 0.0000000 2.0863910 0.8300513
0.0000000 0.0000000 0.0000000 2.2970800 0.5222115
0.0000000 0.0000000 0.0000000 2.3166769 0.4938066
0.0000000 0.0000000 0.0000000 2.4755553 0.2462185
0.0000000 0.0000000 0.3587979 0.5705944 1.3616285
0.0000000 0.0000000 0.4084431 0.9710492 1.2870784
0.0000000 0.0000000 0.4528699 0.3548748 2.0269198
0.0000000 0.0000000 0.8271433 1.3163931 0.7855550
0.0000000 0.0000000 0.8892363 0.0000000 1.9705113
0.0000000 0.0000000 0.9051709 0.3586593 1.7438148
0.0000000 0.0000000 0.9059052 1.0753406 1.1091601
0.0000000 0.0000000 1.5714115 0.8494936 1.3164075
0.0000000 0.0000000 1.8979250 0.0000237 1.5019272
0.0000000 0.0000000 1.9765089 0.3931663 1.2513521
0.0000000 0.0000000 2.2113390 1.0557459 0.2800148
0.0000000 0.0000000 2.2935391 0.7299618 0.5808186
0.0000000 0.0000000 2.3212953 0.3693612 0.8818326
0.0000000 0.0000000 2.9545546 0.0000000 0.5344564
0.0000000 0.2122869 0.5081484 1.2129571 0.0000014
0.0000000 0.2157534 0.5163762 1.0267622 0.1634027
0.0000000 0.2350218 0.2811726 1.3495378 0.1787255
0.0000000 0.2411509 0.5771649 0.9189616 0.3665578
0.0000000 0.2475571 0.2962904 1.6504158 0.0000017
0.0000000 0.2491754 0.2974792 0.9579453 0.5704828
0.0000000 0.2524691 0.6043367 0.0000000 1.1476901
0.0000000 0.2529909 0.0000095 0.4818513 1.1501291
0.0000000 0.2743855 0.3196088 0.2592465 1.2732427
0.0000000 0.2794780 0.6702239 0.7990907 0.6353212
0.0000000 0.2889344 0.1168645 2.3808368 0.2669094
0.0000000 0.2976413 0.0154284 0.7443045 1.0617891
0.0000000 0.2983547 2.1428016 0.2841688 0.2260985
0.0000000 0.2983895 1.4639508 1.1660536 0.0000000
0.0000000 0.3057740 2.5619175 0.0000019 0.2319383
0.0000000 0.3057980 2.5621193 0.0000019 0.2317192
0.0000000 0.3103063 1.4855904 0.8865640 0.2351357
0.0000000 0.3116542 1.8654654 0.2967984 0.4723887
0.0000000 0.3125786 2.2448699 0.5954057 0.0000021
0.0000000 0.3150325 0.0000000 0.2999548 1.6707493
0.0000000 0.3212507 1.9224470 0.9177738 0.0000008
0.0000000 0.3232940 1.1607967 0.3079011 0.9799531
0.0000000 0.3236535 1.5493366 0.6163321 0.4904321
0.0000000 0.3275722 1.5682559 0.3119856 0.7446293
0.0000000 0.3532405 0.0000000 1.3443424 1.0735527
0.0000000 0.3555470 0.8526470 1.0628627 0.0003145
0.0000000 0.3630665 0.9633787 0.7757693 0.4258193
0.0000000 0.3665635 0.0000198 2.7925479 0.0000025
0.0000000 0.3678317 0.0000173 2.1016597 0.5574329
0.0000000 0.3860730 2.7726898 0.0000000 0.5851200
0.0000000 0.4183166 0.5485459 1.1065403 0.0225874
0.0000000 0.4340065 0.5059304 0.2589919 1.1518332
0.0000000 0.4924040 0.4952237 0.8902054 0.6726669
0.0000000 0.4973893 0.8929445 0.9473263 0.0000017
0.0000000 0.5106984 0.9166214 0.7293593 0.1934596
0.0000000 0.5189737 0.3234883 1.1814959 0.4043676
0.0000000 0.5229634 1.2518109 0.7470168 0.0000018
0.0000000 0.5230509 1.5660990 0.4983726 0.0000019
0.0000000 0.5253212 0.6241469 0.9597456 0.2089820
0.0000000 0.5357487 0.9618150 0.5101700 0.4059491
0.0000000 0.5358446 1.6042890 0.0000001 0.4060718
0.0000000 0.5423046 2.2709161 0.0000023 0.0000019
0.0000000 0.5423702 0.9737131 0.2582678 0.6164598
0.0000000 0.5799672 0.0000000 1.6572366 0.2198478
0.0000000 0.5894157 0.0000256 0.8418892 0.9662797
0.0000000 0.5984656 0.2880504 1.5028487 0.0266630
0.0000000 0.6036846 0.0000000 1.1497551 0.6862476
0.0000000 0.6161279 0.0000268 0.8800434 0.9336862
0.0000000 0.6163495 0.7357312 0.2931414 0.9321794
0.0000000 0.6193753 0.0000000 0.5897315 1.2140943
0.0000000 0.6559663 0.0000000 0.3123139 1.4916456
0.0000000 0.7030438 1.1219115 0.2231747 0.1775816
0.0000000 0.7032638 1.4028098 0.0000000 0.1776234
0.0000000 0.7146098 1.7105503 0.0000020 0.0000016
0.0000000 0.7378658 1.1774801 0.4684477 0.0000017
0.0000000 0.7562827 1.2068683 0.0000000 0.3820412
0.0000000 0.8055464 0.9647885 0.5118732 0.2052797
0.0000000 0.8063508 0.0000048 1.2798013 0.2036626
0.0000000 0.8085773 0.0000000 1.5399861 0.0000016
0.0000000 0.8097224 0.9691157 0.2573030 0.4091885
0.0000000 0.8288200 0.9919699 0.7893072 0.0000010
0.0000000 0.8783639 1.0512650 0.0000024 0.6655488
0.0000000 0.8922962 0.0000000 1.1329919 0.4507443
0.0000000 0.8978421 0.3533552 1.4064569 0.0000012
0.0000000 0.9461467 0.7797569 0.8634126 0.2309992
0.0000000 0.9967040 0.7952780 0.6327979 0.5034990
0.0000000 1.0093378 0.8054037 0.3203507 0.7648386
0.0000000 1.0194449 1.2201160 0.0000000 0.1931295
0.0000000 1.0320208 0.4081716 0.0000013 1.3641039
0.0000000 1.0326092 0.0000000 0.9833520 0.7824527
0.0000000 1.0949522 0.0000000 0.3017051 1.3417946
0.0000000 1.1127911 0.9995045 0.2651230 0.2108460
0.0000000 1.1478233 0.0000031 1.3663281 0.0000001
0.0000000 1.1677441 0.3493431 0.2794393 1.1978465
0.0000000 1.1694478 1.0497298 0.5568562 0.0000019
0.0000000 1.1994044 1.0766064 0.0000013 0.4544154
0.0000000 1.2198648 0.0000006 1.1616384 0.2310605
0.0000000 1.2729486 0.3807411 0.9094878 0.5389917
0.0000000 1.2732905 0.3807623 0.7237365 0.8795069
0.0000000 1.3164337 0.7877856 0.6268395 0.2493905
0.0000000 1.3178832 0.3948872 1.2542689 0.0000000
0.0000000 1.3234089 0.7919597 0.3150346 0.5014099
0.0000000 1.3486113 0.8070817 0.9633768 0.0000000
0.0000000 1.3664879 0.4087189 0.9763192 0.2590108
0.0000000 1.3742084 1.3157396 0.0000023 0.0000019
0.0000000 1.3860814 0.0000000 0.0000000 1.3128506
0.0000000 1.3937282 0.0000000 0.9954201 0.5281077
0.0000000 1.4338270 0.8580032 0.0000000 0.8148894
0.0000000 1.4537240 0.4348659 0.6922386 0.5508307
0.0000000 1.4728692 0.4404439 0.3505298 0.8373600
0.0000000 1.4790044 1.0620783 0.2816521 0.0000020
0.0000000 1.5002654 0.4488967 0.0000067 1.1367703
0.0000000 1.5068339 1.0819475 0.0000022 0.2283087
0.0000000 1.5534372 0.0000088 0.7396220 0.8826478
0.0000000 1.5861464 0.7593365 0.3021009 0.2403772
0.0000000 1.6276665 0.0000001 1.2400024 0.0000023
0.0000000 1.6697273 0.3996779 0.6357802 0.2532004
0.0000000 1.6981027 0.0000000 0.9702183 0.2574801
0.0000000 1.7111390 0.8192449 0.0000031 0.5186338
0.0000000 1.8187102 0.4352745 0.0000000 0.8269684
0.0000000 1.8202262 0.0000000 0.6932721 0.5517774
0.0000000 1.8454008 0.0000000 0.3516054 0.8389898
0.0000000 1.8648727 0.0000000 0.0000000 1.1304668
0.0000000 1.8772184 1.1233685 0.0000000 0.0000021
0.0000000 1.9101863 0.7621002 0.3031949 0.0000022
0.0000000 2.0366017 0.0000089 0.6464017 0.2572156
0.0000000 2.0557676 0.0000000 0.3235684 0.5184708
0.0000000 2.0718748 0.0000003 0.9865283 0.0000023
0.0000000 2.2017816 0.3765986 0.0000000 0.2383532
0.0000000 2.2182626 0.0000000 0.0000000 0.8404500
0.0000000 2.2413135 0.0000057 0.3049174 0.2426085
0.0000000 2.2695103 0.7760776 0.0000032 0.0000015
0.0000000 2.4249826 0.0000032 0.0000000 0.5249982
0.0000000 2.5611025 0.0000013 0.3048692 0.0000022
0.0000000 2.6098031 0.0000000 0.0000000 0.2472470
0.0000000 0.3002328 2.5160656 0.2860230 0.0000021
0.0000000 2.3587781 0.0000180 0.6417713 0.0000022
0.0000000 0.0000000 0.0000000 2.8065260 0.0000022
0.0000000 0.2140265 0.2824992 0.7172997 0.7852570
0.0000000 2.0180959 0.4025498 0.0000002 0.5097308
0.0000000 1.6811226 0.4024006 0.3201905 0.5095102
0.0000000 0.3565849 0.0000000 2.3769957 0.2701894
0.0000000 1.0007908 1.1977957 0.2382379 0.0000017
0.0000001 0.5526035 1.3227601 0.0000023 0.6280876
0.0000001 1.7049765 0.4081197 0.9741833 0.0000021
0.0000001 0.0000001 1.4467484 1.1511583 0.9159469
0.0000002 0.5090625 1.2185369 0.2424179 0.3857312
0.0000002 0.5873798 0.0000084 1.3983417 0.4450688
0.0000002 0.5599511 1.0052581 0.0000094 0.8485653
0.0000003 0.3033618 0.9896780 0.9921754 0.1897763
0.0000004 1.8677987 0.3726624 0.2966123 0.2359068
0.0000004 2.1609763 0.3694196 0.2939594 0.0000024
0.0000005 0.5266534 1.8909580 0.0000031 0.1995293
0.0000006 0.5077426 1.2149278 0.4834049 0.1921761
0.0000006 0.1680990 0.5926110 0.6306001 1.0841997
0.0000007 0.8322918 0.9707163 0.5015687 0.1953953
0.0000007 1.9462154 0.7764328 0.0000014 0.2457842
0.0000008 0.0000009 1.1161658 1.4801006 0.2355387
0.0000009 0.6802598 0.0000239 0.0000041 1.8040508
0.0000009 0.0000007 2.5370401 0.3364410 0.5354067
0.0000012 0.3330636 1.1848700 0.6277541 0.7520186
0.0000013 0.0000013 2.7564643 0.0000000 0.8725681
0.0000016 0.0000016 2.6221490 1.0431822 0.0000026
0.0000017 0.0000021 2.5342494 0.6721586 0.2674030
0.0000017 0.0000017 2.4224123 0.0000018 1.2269232
0.0000017 0.4989883 1.4928953 0.2375871 0.1890275
0.0000019 0.0000019 2.8869282 0.6563059 0.0000024
0.0000020 1.9647616 0.3919227 0.6236832 0.0000024
0.0000021 0.0000033 2.7582644 0.3135252 0.2494725
0.0000023 1.6672904 0.7981865 0.6351085 0.0000023
0.0000023 0.0000023 3.1679755 0.0000025 0.2507114
0.0000025 2.5113310 0.3757069 0.0000027 0.0000023
0.0000027 0.0000027 3.5271889 0.0000028 0.0000023
0.0000030 2.9470744 0.0000035 0.0000028 0.0000022
0.0000030 0.0000030 3.1112294 0.3094429 0.0000024
0.0000030 0.9445193 0.0000587 0.0000008 1.4313714
0.0000031 0.0000000 1.0903674 1.7351410 0.0000020
0.0000031 0.5171138 1.8567001 0.2462236 0.0000017
0.0000033 0.6904506 1.3772575 0.2191753 0.0000015
0.0000045 0.9538996 1.4269953 0.0000025 0.0000013
0.0000048 0.0000047 1.8681261 1.1147607 0.5913634
0.0000055 0.0000055 1.2518709 1.3281050 0.5283760
0.0000055 0.0000055 1.5950375 1.5864216 0.0000023
0.0000061 0.0000061 0.7957136 2.2158504 0.0000000
0.0000076 0.0000076 1.6839992 1.3399158 0.2665364
0.0000077 0.0000077 2.1745636 1.3841965 0.0000025
0.0000090 0.6104216 0.0000076 2.0344717 0.0000000
0.0000124 0.0000124 0.7779265 1.5474213 0.4925002
0.0000127 0.0000127 2.0219933 0.8044285 0.9600544
0.0000188 0.3385582 2.0259004 0.0000000 0.7695260
0.0000208 0.3752611 0.0000052 1.7866710 0.8529322
0.0000213 0.0000239 0.7593255 1.8119247 0.2403558
0.0000329 0.3991322 0.0779300 0.0364502 2.2179576
0.0000337 1.5108454 0.0000000 0.3598321 1.1446916
0.0000352 0.5330251 0.3150128 1.2939861 0.2047894
0.0000424 0.0000424 1.3047021 0.0000380 1.6519453
0.0000446 0.3111257 1.8615602 0.5925277 0.2357373
0.0000610 0.2401184 0.2867275 1.1420968 0.3630818
0.0001378 0.5472684 0.6844101 0.8211301 0.4220253
0.0003107 0.0003238 0.4726065 1.5030320 1.1960793
0.0003771 0.3070736 2.9380486 0.0000001 0.0000022
0.0004641 0.0009532 0.0025201 0.8676357 1.3733973
0.0006520 0.7232473 0.2851798 0.0000000 1.4745731
0.0014649 0.0782719 0.3948960 1.5058327 0.7021479
0.0018643 0.3387279 1.6268534 0.0000000 1.0303003
0.0030440 0.6345962 0.7522000 0.6063511 0.7192141
0.0031969 0.0735643 0.3733551 1.8184909 0.4926287
0.0032672 0.0042472 1.5262347 0.3795095 1.5140426
0.0032996 0.6769833 0.5893596 0.5539679 1.1054540
0.0035473 0.2812403 0.3408580 0.0000071 1.4174163
0.0035785 0.2873730 0.6742265 0.2608009 1.0729223
0.0061279 0.0244128 0.0552487 0.2772421 1.6833519
0.0148225 0.3385240 0.9714923 0.0102904 1.0636660
0.0256455 0.3129251 0.7183525 0.5456909 0.9102587
0.0453160 0.0367633 0.3544161 2.0179571 0.2333727
0.0485346 0.0461959 0.4341174 0.0046948 2.1747194
0.0577816 0.0581374 0.3037686 2.0272734 0.0000000
0.0941698 0.2334024 1.5682559 0.3119856 0.7446293
0.1540623 0.0024613 0.4409820 0.2633493 1.2655674
0.1564269 0.4802686 0.7768583 1.0368672 0.0000003
0.1598022 0.3219577 0.0000010 0.6117153 1.1155149
0.1665636 0.0000000 0.2797824 0.9645323 0.5608578
0.1791842 0.0000335 0.3166028 0.4731726 0.9637634
0.1931152 0.7715239 0.0000000 0.8068611 1.0735938
0.2100526 0.2313458 0.3110685 1.3148157 0.1839396
0.2121170 0.0001973 0.5082142 1.2128859 0.0000013
0.2157981 0.0000000 0.5163706 1.0268170 0.1632077
0.2301231 0.4602707 1.3773127 0.2192151 0.0000000
0.2342834 0.4687556 1.1219037 0.2231731 0.1775960
0.2349615 0.0061266 0.5733638 0.9183276 0.3656087
0.2350808 0.4683200 1.4026931 0.0000000 0.1775452
0.2364043 0.0000000 0.2830052 1.3400279 0.1779157
0.2378827 0.0000000 0.8920311 1.2524310 0.0000003
0.2381868 0.4764236 1.7105537 0.0000001 0.0000016
0.2382295 0.7152206 1.4272073 0.0000023 0.0000016
0.2394115 0.0000000 0.3002251 0.7542014 0.7711294
0.2399887 0.0000000 0.2873225 1.1394943 0.3626332
0.2403192 0.2346794 0.5685006 1.0004622 0.1755301
0.2451688 0.4928295 1.1774466 0.4683639 0.0000000
0.2452123 0.7524888 1.1988772 0.2372969 0.0000000
0.2475571 0.0000000 0.2962904 1.6504159 0.0000017
0.2492069 0.2481919 0.8929615 0.9473142 0.0000017
0.2501178 0.2489127 1.4921033 0.2382490 0.1888777
0.2521345 0.5051307 1.2063603 0.0000000 0.3819207
0.2523915 0.0000000 0.6041509 0.0000009 1.1473386
0.2529884 0.0000030 0.0000092 0.4818518 1.1501302
0.2537154 0.2539638 1.2152340 0.4832574 0.1921976
0.2548313 0.2542314 1.2185369 0.2424179 0.3857312
0.2548591 0.7645782 1.2201155 0.0000000 0.1931327
0.2554548 0.2554753 0.9163764 0.7294014 0.1934210
0.2568074 0.2828403 0.3268244 1.5140215 0.0022081
0.2584802 0.2586052 1.8565868 0.2463951 0.0000000
0.2613100 0.2621829 1.2505029 0.7466892 0.0000020
0.2613460 0.2620884 1.5648173 0.4981584 0.0000004
0.2618228 0.2492068 2.3117456 0.0251783 0.0000000
0.2633359 0.2633453 1.8910563 0.0000000 0.1994115
0.2679056 0.2678366 0.9615299 0.5105430 0.4059971
0.2681060 0.2677175 1.6041764 0.0000022 0.4062671
0.2687729 0.5375651 0.0000000 1.2797733 0.2037253
0.2688675 0.5377837 0.9654379 0.5119907 0.2037226
0.2695000 0.5391202 0.0000000 1.5399318 0.0000019
0.2697934 0.5403038 0.9692140 0.2570158 0.4090635
0.2703912 0.2725876 0.6941438 0.8046599 0.4352831
0.2711506 0.2711540 2.2709161 0.0000023 0.0000019
0.2712005 0.2711833 0.9737375 0.2581698 0.6164740
0.2720620 0.0000000 0.3256163 0.2677145 1.2542606
0.2726668 0.0000000 0.0001619 1.0079293 1.2115331
0.2733705 0.2681661 0.9566147 0.5108428 0.4043862
0.2754895 1.1018755 1.3149775 0.0000018 0.0000000
0.2759012 0.0000009 0.3302232 0.0000069 1.4632056
0.2763039 0.2763015 1.3227615 0.0000001 0.6280879
0.2774850 0.8669885 1.0549752 0.5561962 0.0000000
0.2782099 0.8348561 0.9998146 0.2643141 0.2107924
0.2783848 0.5545642 0.9910175 0.7906842 0.0000000
0.2797611 0.2800613 1.0054038 0.0000000 0.8485693
0.2799713 0.0000000 0.6700714 0.7985233 0.6352389
0.2867934 0.8606715 0.0000000 1.3664124 0.0000022
0.2870646 0.0038869 0.6742265 0.2608009 1.0729223
0.2900207 0.2900357 0.0000000 1.6570494 0.2197607
0.2927883 0.5855695 1.0512579 0.0000097 0.6655467
0.2936927 0.2936870 0.0000086 1.3983413 0.4450687
0.2937611 0.2937114 1.0658018 0.2462517 0.3917175
0.2957554 1.1811877 1.0629456 0.2814949 0.0000012
0.2959781 0.5963148 0.0000018 1.1329900 0.4507435
0.2981669 0.5957382 0.3227832 1.4093839 0.0000000
0.2983547 0.0000000 2.1428016 0.2841688 0.2260985
0.3002367 0.0000000 2.5160978 0.2859819 0.0000021
0.3014986 0.3021051 0.0000007 1.1497567 0.6863527
0.3016559 0.8977028 1.0766201 0.0000000 0.4544088
0.3016969 0.2412854 0.6498679 0.0000000 1.1151567
0.3036992 0.9466483 0.2913811 0.7110107 0.9511282
0.3040925 1.2007049 1.0844835 0.0000013 0.2255005
0.3042545 0.9156108 0.0000004 1.1616386 0.2310606
0.3046087 0.0000493 1.0912863 0.8672496 0.4609994
0.3057346 0.3047097 0.0000000 2.0344921 0.0000000
0.3057984 0.0000000 2.5621224 0.0000000 0.2317194
0.3065620 0.0000000 2.9401311 0.0000022 0.0000020
0.3073933 0.3073881 0.7358182 0.2928203 0.9317806
0.3076919 1.8527902 0.3690711 0.2948943 0.0000022
0.3080875 0.3080876 0.0000007 0.8800736 0.9337182
0.3094608 0.0460361 0.8406124 0.9062360 0.1817778
0.3103063 0.0000000 1.4855904 0.8865640 0.2351357
0.3106055 1.5580682 0.3726392 0.2951456 0.2359724
0.3111721 0.0000000 1.8615711 0.5925312 0.2357211
0.3116523 0.0000000 1.8654537 0.2967965 0.4724164
0.3117715 0.0077761 0.9877056 0.0673722 1.0665651
0.3125785 0.0000000 2.2448696 0.5954057 0.0000023
0.3138955 1.8878807 0.3765991 0.0000024 0.2383543
0.3148883 0.0001441 0.0000000 0.2999548 1.6707493
0.3148889 0.6297391 0.0000005 0.0000006 1.4314431
0.3152050 0.3152167 0.7552333 0.6006765 0.7170946
0.3157778 2.1938153 0.3783896 0.0000128 0.0000042
0.3169422 1.5656620 1.1202196 0.0000033 0.0000009
0.3172306 0.3172477 0.2534283 0.0538183 1.4507369
0.3172945 1.2689043 0.7594116 0.3019159 0.2403720
0.3174379 1.5918254 0.7629048 0.3034448 0.0000022
0.3196135 1.9215962 0.0000000 0.3049387 0.2427226
0.3200433 0.0000000 2.2984790 0.0000027 0.4850479
0.3202644 2.2406928 0.0000000 0.3050612 0.0000019
0.3212491 0.0000007 1.9224467 0.9177733 0.0000025
0.3227293 1.9477547 0.7746822 0.0000417 0.0000023
0.3228970 2.2873910 0.0000000 0.0000000 0.2477597
0.3232937 0.0000000 1.1607981 0.3079013 0.9799537
0.3235890 0.9934968 0.3935129 1.2547550 0.0000004
0.3236526 0.0000009 1.5493366 0.6163321 0.4904321
0.3246557 0.0286591 1.2800013 1.0803198 0.0000000
0.3269592 1.3022466 0.0000000 1.2394325 0.0000021
0.3274337 1.6373153 0.3919052 0.6237269 0.0000022
0.3275722 0.0000000 1.5682559 0.3119856 0.7446293
0.3276729 2.6194063 0.0000035 0.0000032 0.0000009
0.3279603 0.3279779 0.0000000 0.3123376 1.4916389
0.3280399 0.9882308 0.7878447 0.6268084 0.2494500
0.3290798 1.6187401 0.7743217 0.0000000 0.2461085
0.3311031 0.9919586 0.7917643 0.3149566 0.5041285
0.3312913 0.0000000 1.1900749 0.6311723 0.7527363
0.3315161 1.3357022 0.7977055 0.6361831 0.0000000
0.3322112 0.6644316 0.7952927 0.6327969 0.5034892
0.3347625 1.3353301 0.3992198 0.6359599 0.2528520
0.3359684 2.0184745 0.0000000 0.6469344 0.0007706
0.3363971 0.6729208 0.8053878 0.3204127 0.7648480
0.3368543 1.6813209 0.4025656 0.0000021 0.5095513
0.3376033 1.3437292 0.4024488 0.3200024 0.5092251
0.3385444 0.0000326 2.0259004 0.0000000 0.7695260
0.3394066 1.3574050 0.0017507 0.9683646 0.2571417
0.3399095 0.0000000 1.6278501 0.0000000 1.0315408
0.3401478 0.3401213 0.0000000 0.0000233 1.8040609
0.3409192 1.6957252 0.0000218 0.6465147 0.2570445
0.3421385 1.0193136 0.7993012 0.9659861 0.0000045
0.3423064 1.3689303 0.8191672 0.0000001 0.5186388
0.3423206 1.7118040 0.0000000 0.3260644 0.5188721
0.3423728 1.0226284 0.4082745 0.9776137 0.2589509
0.3424315 0.6907097 0.3620742 0.0000000 1.3677054
0.3437782 1.7274438 0.0000000 0.9870849 0.0000000
0.3441421 1.3671352 0.4096279 0.9671841 0.0000000
0.3445900 2.0813461 0.0000001 0.0000026 0.5232645
0.3455810 0.6866592 0.0000000 0.9834419 0.7823443
0.3465175 1.0395617 0.0000001 0.0000013 1.3128495
0.3487914 1.0441243 0.0001853 0.9950290 0.5293747
0.3523310 0.6296218 0.8583110 0.0526782 0.9207378
0.3536615 0.0000000 0.0002052 1.3467254 1.0710380
0.3548615 0.0010773 0.6678713 0.6343958 0.8072103
0.3561939 0.7184695 0.0037965 0.3410242 1.3475191
0.3565791 0.0000001 0.0000031 2.3769789 0.2701875
0.3573076 0.3573044 1.7105539 0.0000001 0.0000000
0.3587886 1.0752741 0.8578628 0.0000000 0.8149308
0.3617671 1.0913567 0.4351828 0.6914840 0.5529373
0.3629974 1.4552914 0.4353542 0.0000000 0.8274994
0.3646988 1.4553029 0.0000000 0.6934153 0.5519759
0.3665577 0.0000000 0.0000230 2.7925281 0.0000025
0.3678253 0.0000000 0.0000208 2.1016435 0.5574286
0.3687346 1.1045825 0.4405738 0.3506356 0.8365265
0.3691109 1.4759512 0.0000000 0.3515833 0.8394358
0.3698490 1.8483424 0.0000001 0.0002829 0.8398439
0.3733847 1.4917269 0.0000000 0.0000025 1.1303272
0.3752540 0.0000261 0.0000021 1.7866477 0.8529851
0.3762468 1.1244394 0.4490813 0.0000005 1.1364326
0.3772393 1.1325560 0.0000000 0.3607171 1.1453238
0.3897626 1.1663438 0.0000305 0.7393868 0.8800384
0.4004328 0.0000000 0.5957719 0.9478143 0.1681042
0.4053045 0.0000000 0.7190680 0.0000007 1.0393173
0.4058690 0.0589205 0.0986196 0.0305008 1.9759990
0.4146899 0.0000000 0.0301118 0.6151164 1.0541976
0.4248893 0.6380279 0.8372873 0.7290635 0.2325939
0.4521380 0.0000000 0.5357380 0.8303227 0.6557784
0.4583339 0.2261093 1.3818546 0.2239861 0.0000002
0.4683157 0.2287392 0.8340391 0.7575722 0.2342209
0.4686461 0.2343450 1.1217979 0.2234085 0.1775823
0.4701764 0.2350240 1.4042531 0.0003300 0.1733168
0.4750663 0.8257646 0.3890993 0.9315574 0.4350232
0.4764016 0.2382222 1.7105148 0.0000021 0.0000018
0.4766591 0.4772351 1.4270027 0.0000000 0.0000018
0.4771136 0.0000000 0.5710314 1.1464081 0.0015788
0.4809744 0.2176555 0.8324178 0.9958371 0.0000000
0.4922621 0.2465361 1.1769727 0.4684058 0.0000019
0.4962094 0.2491421 0.8804575 0.0000104 0.9481904
0.4980927 0.0000000 0.8942074 0.9464217 0.0000017
0.4989900 0.0000000 1.4928953 0.2375871 0.1890275
0.4995139 0.5012286 1.1977380 0.2383688 0.0000000
0.5021059 0.2484197 0.2133458 0.0000000 1.4625800
0.5042166 0.2518785 1.2068814 0.0000000 0.3822454
0.5055795 0.2525594 1.2101437 0.0000000 0.3727544
0.5076916 0.0000003 1.2148052 0.4833561 0.1924031
0.5097600 0.5096743 1.2201121 0.0000000 0.1931391
0.5102411 0.0000000 1.2196327 0.2379383 0.3857250
0.5106984 0.0000000 0.9166214 0.7293593 0.1934596
0.5171170 0.0000000 1.8567001 0.2462236 0.0000017
0.5229634 0.0000000 1.2518109 0.7470168 0.0000018
0.5230511 0.0000000 1.5660996 0.4983728 0.0000014
0.5266541 0.0000000 1.8909590 0.0000024 0.1995293
0.5357487 0.0000000 0.9618150 0.5101700 0.4059491
0.5358512 0.0000000 1.6042595 0.0000026 0.4060679
0.5358884 0.0050477 0.3260881 1.5149861 0.0022095
0.5363374 0.2703138 0.9654379 0.5119907 0.2037226
0.5379604 0.2689546 0.0000000 1.2794946 0.2036609
0.5385980 0.5385068 0.6443175 0.2564022 1.0523648
0.5400030 0.2699702 0.9691480 0.2571033 0.4092189
0.5404471 0.2672636 0.0000000 1.5410783 0.0000000
0.5421877 0.0000000 2.2713105 0.0000024 0.0000020
0.5423904 0.0000000 0.9737495 0.2581717 0.6164461
0.5500538 0.8253629 1.3154495 0.0000000 0.0000022
0.5525793 0.2762579 0.9919885 0.7892721 0.0000020
0.5526033 0.0000003 1.3227601 0.0000023 0.6280876
0.5546817 0.5558604 1.0000792 0.2650359 0.2106431
0.5599498 0.0000014 1.0052579 0.0000096 0.8485652
0.5732375 0.5771850 0.0000007 1.3657326 0.0000019
0.5800564 0.0000000 0.0000000 1.6570494 0.2197607
0.5847272 0.0000000 0.6968040 0.8146351 0.4352633
0.5849994 0.5844483 1.0497297 0.5568561 0.0000021
0.5876105 0.0000000 0.0000000 1.3988704 0.4452371
0.5889334 0.2943849 1.0502286 0.0000000 0.6666313
0.5916771 0.8873186 1.0620721 0.2816698 0.0000023
0.5959136 0.2948681 0.0007862 1.1319895 0.4510287
0.6002868 0.5990709 1.0766192 0.0000011 0.4544086
0.6020339 0.9040341 1.0822351 0.0000000 0.2283220
0.6099135 0.6098767 0.0000000 1.1616034 0.2311554
0.6104418 0.0000026 0.0000000 2.0344921 0.0000000
0.6125480 0.0024338 0.0000003 1.1357479 0.6861175
0.6149746 0.0000000 0.7360494 0.2929123 0.9314509
0.6161284 0.0000000 0.0000265 0.8800437 0.9336866
0.6174259 1.5435072 0.3695257 0.2939396 0.0000021
0.6199731 0.0000000 0.5615335 0.6706475 1.0272862
0.6230066 1.2450431 0.3725042 0.2963438 0.2358979
0.6254468 1.2517666 1.1233673 0.0000027 0.0000024
0.6271333 1.6062256 0.0000000 0.3079713 0.2494126
0.6290740 1.5722904 0.3772311 0.0000000 0.2384287
0.6294821 0.4107141 0.3429774 0.0561235 1.3113448
0.6309577 0.0000000 0.7551592 0.6008777 0.7171536
0.6313179 0.3123480 0.0000000 0.0000000 1.4319203
0.6366301 1.2738229 0.7618134 0.3031898 0.0000000
0.6369673 0.9529624 0.7561662 0.2950607 0.2459287
0.6401258 1.9210273 0.0000009 0.3048098 0.0000000
0.6403068 0.3199251 0.2684686 1.1918051 0.2292022
0.6417858 1.2829037 0.3842004 0.6110869 0.0345016
0.6482114 1.6220591 0.7750566 0.0000032 0.0000022
0.6488671 1.2973375 0.7764427 0.0000000 0.2457898
0.6509625 0.2352208 0.3010242 1.4111827 0.0000000
0.6511535 0.6522126 0.3905726 0.3090368 1.0771383
0.6517479 1.9580847 0.0000057 0.0000025 0.2471986
0.6523361 1.8589949 0.3757083 0.0000037 0.0000023
0.6525559 0.9763810 0.0000000 1.2395320 0.0000023
0.6535088 2.2935800 0.0000000 0.0000000 0.0000023
0.6550949 1.3095081 0.3921678 0.6237594 0.0000021
0.6559663 0.0000000 0.0000000 0.3123139 1.4916456
0.6584871 0.6584934 0.3956243 1.2546702 0.0000004
0.6599231 0.6563476 0.7878447 0.6268084 0.2494500
0.6619104 0.6617983 0.7918344 0.3151056 0.5012448
0.6645926 0.3321121 0.7952691 0.6328126 0.5035085
0.6677566 0.9999466 0.7983229 0.6341829 0.0000000
0.6680260 0.0022047 0.4020681 0.0000007 1.4573149
0.6683416 1.0015902 0.3995217 0.6355826 0.2531699
0.6725758 1.3447406 0.4029201 0.0000000 0.5109055
0.6730775 0.3367483 0.8057931 0.3205056 0.7635305
0.6738498 1.0097408 0.4033204 0.3204972 0.5029410
0.6742922 0.6743191 0.8070817 0.9633768 0.0000000
0.6766247 1.0204146 0.0000000 0.9709174 0.2573976
0.6771486 1.6815417 0.0000683 0.6417593 0.0000006
0.6800782 1.3602050 0.0000003 0.6414145 0.2567576
0.6802610 0.0000001 0.0000249 0.0000029 1.8040513
0.6813292 1.0243027 0.8173074 0.0023570 0.5238648
0.6820039 1.0228834 0.4078797 0.9743607 0.0000025
0.6833280 0.6832077 0.4087783 0.9763824 0.2588503
0.6849340 1.3692337 0.0000000 0.3259063 0.5189636
0.6884369 0.3441546 0.0000000 0.9833351 0.7824921
0.6904538 0.0000000 1.3772575 0.2191753 0.0000015
0.6908383 1.3810142 0.0000000 0.9865515 0.0000000
0.6931813 0.6931404 0.0002409 0.0000000 1.3124997
0.6935006 1.7296910 0.0000000 0.0000062 0.5282478
0.6962028 0.4497024 0.5729687 0.7131127 0.8504585
0.6979356 0.6974810 0.0000410 0.9949777 0.5273989
0.7008783 0.0000000 1.3980514 0.0000000 0.1848507
0.7030438 0.0000000 1.1219115 0.2231747 0.1775816
0.7083234 0.3611797 0.0000000 0.3404538 1.3552639
0.7146090 0.0000003 1.7105512 0.0000022 0.0000014
0.7152901 0.2386023 1.4270000 0.0000025 0.0000018
0.7163867 0.7174333 0.8580278 0.0000003 0.8148496
0.7279578 1.0894949 0.4350157 0.0000000 0.8288523
0.7280428 0.7278821 0.4360217 0.6887141 0.5501273
0.7281767 1.0930781 0.0000011 0.6920316 0.5517922
0.7360518 0.7372490 0.4414960 0.3493294 0.8366167
0.7361640 1.1075344 0.0000000 0.3504940 0.8417744
0.7378658 0.0000000 1.1774801 0.4684477 0.0000017
0.7379735 1.4793047 0.0000000 0.0000000 0.8416073
0.7452182 1.1196505 0.0000022 0.0000000 1.1304657
0.7501032 0.7501058 0.4486983 0.0000000 1.1368717
0.7510986 0.2501346 1.1977877 0.2380944 0.0000019
0.7562811 0.0000005 1.2068665 0.0000017 0.3820410
0.7576554 0.7531248 0.0000000 0.3607479 1.1446632
0.7599272 0.1900936 0.0000413 0.7944408 1.0886382
0.7640929 0.2543920 1.2203178 0.0000000 0.1930997
0.7756963 0.7776169 0.0000000 0.7397439 0.8826436
0.8055756 0.0000000 0.9648235 0.5117548 0.2052873
0.8063323 0.0000000 0.0000151 1.2797881 0.2036605
0.8074869 0.8083390 0.2845546 0.5836559 0.4876593
0.8085784 0.0000000 0.0000000 1.5399878 0.0000001
0.8093158 0.2691688 0.3501616 1.0249794 0.5543910
0.8099146 0.0000394 0.9691666 0.2570963 0.4091768
0.8246227 0.5495856 1.3157395 0.0000024 0.0000019
0.8288200 0.0000000 0.9919699 0.7893072 0.0000010
0.8353821 0.2777302 0.9997930 0.2642996 0.2108271
0.8597826 0.2857925 0.0000000 1.3668483 0.0000019
0.8774041 0.2921660 1.0496967 0.5568786 0.0000022
0.8783603 0.0000000 1.0512608 0.0000067 0.6655475
0.8893032 0.5931476 1.0623546 0.2786272 0.0000021
0.8922962 0.0000000 0.0000000 1.1329919 0.4507443
0.8961510 0.0000000 0.2880809 0.1973762 1.3370661
0.8981332 0.2990952 1.0771910 0.0000010 0.4540977
0.9051317 0.6009153 1.0822570 0.0000032 0.2282936
0.9106017 0.0000000 0.3659396 1.2156431 0.2220210
0.9162581 0.3054492 0.0001851 1.1610092 0.2311100
0.9329393 1.2325553 0.3696907 0.2876859 0.0000015
0.9386077 0.9386061 1.1233675 0.0000027 0.0000022
0.9401081 0.9276814 0.3726604 0.2966287 0.2359073
0.9413317 1.5697750 0.3760608 0.0000031 0.0000016
0.9433229 1.2584552 0.3765980 0.0000022 0.2383530
0.9434415 0.9466800 0.7937264 0.2911806 0.0000000
0.9446277 0.0000000 0.0000005 0.0000008 1.4314429
0.9503993 0.0124435 0.7535883 0.8980209 0.2359201
0.9522934 0.6342990 0.7590311 0.3016184 0.2406735
0.9538926 0.0000000 1.4270003 0.0000025 0.0000015
0.9607297 1.2805818 0.0000086 0.3048741 0.2426371
0.9637070 1.6014075 0.0000000 0.2997235 0.0000000
0.9686304 1.3029477 0.7733000 0.0000026 0.0000022
0.9748837 0.9713311 0.7764322 0.0000025 0.2457841
0.9758360 0.6514537 0.0000000 1.2401421 0.0000021
0.9786196 1.6288974 0.0000000 0.0000000 0.2497299
0.9823220 0.9824346 0.3919089 0.6237093 0.0000022
0.9824013 1.9646817 0.0000015 0.0000019 0.0000021
0.9874203 0.3288600 0.7878505 0.6268131 0.2494288
0.9889678 0.3256442 0.3782557 1.2539227 0.0023508
0.9932070 0.3295185 0.7924071 0.3149663 0.5012333
0.9967040 0.0000000 0.7952780 0.6327979 0.5034990
0.9980893 0.6699652 0.7982344 0.6337831 0.0000023
1.0007908 0.0000000 1.1977958 0.2382379 0.0000017
1.0062108 0.6710095 0.4009735 0.6384152 0.2408781
1.0079971 0.6723490 0.4018366 0.3225697 0.5090532
1.0084170 1.0101014 0.4040115 0.0000001 0.5074271
1.0093378 0.0000000 0.8054037 0.3203507 0.7648386
1.0095913 0.3358649 0.8091307 0.9624610 0.0000024
1.0098117 1.3476992 0.0000000 0.6439511 0.0000000
1.0174403 1.0170428 0.0000000 0.6482098 0.2583329
1.0194416 0.0000000 1.2201145 0.0000000 0.1931330
1.0210800 0.6769614 0.0011375 0.9684721 0.2573590
1.0219196 1.0324214 0.0000980 0.3254122 0.5187998
1.0247049 0.3417906 0.4087212 0.9763246 0.2589944
1.0265380 0.6842068 0.8195787 0.0000012 0.5186210
1.0266087 0.6896967 0.4108335 0.9790806 0.0000006
1.0326125 0.0000000 0.0000001 0.9833511 0.7824536
1.0366637 1.0365994 0.0000000 0.9853558 0.0000000
1.0391111 0.0000000 0.4024512 0.0000000 1.3629235
1.0398973 0.3463376 0.0002888 0.0000001 1.3124629
1.0404942 1.3830678 0.0000000 0.0000006 0.5275932
1.0450512 0.3475716 0.0000000 0.9953350 0.5295360
1.0689794 0.0004629 0.0000000 0.3405420 1.3552902
1.0753857 0.3584034 0.8579805 0.0000016 0.8149627
1.0908230 0.3649794 0.4324492 0.6916632 0.5498478
1.0915236 0.7271122 0.4354075 0.0000000 0.8269899
1.0917996 0.7281452 0.0000000 0.6936096 0.5517738
1.0977634 0.2731045 1.3165467 0.0000007 0.0000021
1.1076123 0.7376480 0.0000000 0.3516682 0.8391353
1.1117189 0.7536318 0.0000000 0.0000000 1.1301950
1.1127911 0.0000000 0.9995045 0.2651230 0.2108460
1.1144968 1.0987975 0.0000434 0.0000000 0.8461575
1.1222759 0.0149305 0.0051010 1.3618690 0.0000018
1.1258035 0.3749226 0.4490345 0.0000128 1.1363966
1.1292194 0.0126540 0.0090301 0.7269996 1.1320092
1.1328210 0.3727885 0.0050344 0.3619669 1.1388173
1.1379084 0.3661654 0.4268064 0.2991301 0.8334974
1.1478857 0.0000000 0.5625610 0.7414737 0.8284371
1.1639491 0.3905120 0.0000000 0.7386829 0.8828277
1.1676738 0.0000000 0.3806492 0.3365114 1.1884370
1.1694477 0.0000000 1.0497298 0.5568562 0.0000020
1.1973796 0.2824962 1.0616433 0.2818518 0.0000000
1.1993896 0.0000002 1.0766117 0.0000000 0.4544133
1.2045713 0.3014639 1.0822486 0.0000000 0.2283205
1.2217073 0.0000000 0.0001851 1.1610092 0.2311100
1.2352804 0.9258049 0.3695602 0.2937071 0.0000021
1.2452482 0.6221800 0.3729491 0.2971768 0.2357636
1.2513575 0.6258897 1.1233480 0.0000027 0.0000022
1.2557493 1.2555845 0.3757070 0.0000027 0.0000021
1.2578316 0.9434613 0.3774866 0.0000000 0.2383490
1.2686993 0.3160635 0.7625078 0.3026026 0.2374537
1.2751666 0.6338315 0.7631922 0.3034518 0.0000018
1.2804643 1.2807375 0.0000001 0.3047398 0.0000039
1.2816229 0.9590258 0.0000000 0.3052414 0.2431297
1.2947322 0.9763587 0.7739619 0.0000000 0.0000021
1.2973884 0.6482846 0.7762516 0.0000000 0.2465472
1.3022202 0.3254466 0.0000000 1.2400025 0.0000021
1.3053099 1.3044265 0.0000000 0.0000000 0.2473192
1.3096448 1.6374199 0.0000128 0.0000027 0.0000000
1.3102082 0.6550244 0.3914460 0.6232476 0.0000016
1.3159518 0.0000000 0.7876538 0.6277499 0.2493681
1.3178053 0.0000762 0.3948867 1.2542673 0.0000021
1.3257586 0.0000000 0.7929839 0.3100678 0.5010813
1.3313617 0.3415432 0.3993246 0.6325192 0.2516599
1.3348219 0.3324874 0.7978778 0.6356895 0.0000025
1.3415327 0.6863008 0.0251317 0.9775243 0.0000023
1.3435482 0.6743348 0.4029352 0.0000000 0.5097671
1.3453208 0.3340228 0.3960405 0.3189397 0.5211638
1.3475649 1.0112464 0.0000000 0.6417737 0.0000024
1.3486690 0.0000000 0.8070461 0.9633866 0.0000023
1.3558020 0.0000046 0.0006703 0.9970585 0.5600671
1.3577860 0.6788604 0.0000000 0.6464131 0.2571754
1.3579605 0.3387947 0.0000000 0.9707784 0.2578532
1.3665459 0.0000000 0.4087363 0.9763740 0.2588666
1.3691739 0.6850265 0.0000000 0.3259402 0.5188628
1.3714338 0.3423764 0.8170336 0.0000032 0.5186415
1.3742083 0.0000000 1.3157395 0.0000023 0.0000019
1.3756000 0.3407778 0.4108509 0.9791220 0.0000006
1.3836402 1.0413412 0.0000031 0.0000007 0.5249981
1.3860779 0.0000000 0.0000019 0.0000001 1.3128491
1.3937416 0.0000000 0.0000000 0.9954296 0.5280662
1.4338447 0.0000000 0.8580138 0.0000000 0.8148533
1.4499930 0.3687165 0.4352757 0.0000000 0.8269686
1.4516138 0.3696402 0.0000011 0.6920325 0.5517922
1.4536336 0.0000000 0.4349816 0.6922749 0.5508438
1.4722539 0.0000000 0.4413032 0.3506992 0.8375129
1.4751914 0.3678691 0.0000000 0.3495684 0.8430900
1.4787636 0.7394259 0.0004539 0.0000020 0.8394241
1.4836710 0.0000000 1.0601326 0.2819508 0.0000019
1.4929030 0.3723312 0.0000000 0.0000022 1.1302579
1.5002455 0.0000119 0.4488943 0.0000124 1.1367676
1.5068338 0.0000001 1.0819475 0.0000022 0.2283087
1.5108791 0.0000000 0.0000000 0.3598321 1.1446916
1.5439486 0.6169676 0.3695473 0.2939464 0.0000020
1.5622620 0.3129188 0.3741351 0.2928287 0.2290670
1.5641155 0.3131338 1.1233475 0.0000027 0.0000017
1.5695265 0.9418597 0.3756251 0.0000029 0.0000021
1.5730608 0.6288035 0.3759664 0.0000000 0.2386582
1.5737783 0.0019524 0.0000094 0.7284065 0.8731103
1.5861464 0.0000000 0.7593365 0.3021009 0.2403772
1.5919050 0.3182812 0.7621002 0.3031949 0.0000022
1.6008867 0.9603159 0.0000000 0.3047430 0.0000021
1.6012961 0.6404380 0.0000068 0.3037066 0.2430452
1.6199790 0.6482307 0.7778176 0.0000027 0.0000016
1.6217119 0.3245002 0.7764257 0.0000000 0.2457981
1.6276669 0.0000000 0.0000000 1.2400026 0.0000020
1.6306576 0.9786584 0.0000000 0.0000000 0.2477744
1.6366479 1.3104450 0.0000000 0.0000000 0.0000000
1.6372508 0.3274820 0.3919806 0.6236882 0.0000023
1.6601454 0.0448334 0.4081202 0.9741845 0.0000000
1.6674853 0.0000000 0.7982788 0.6346219 0.0000000
1.6696780 0.0000000 0.3999723 0.6356430 0.2531968
1.6756127 0.6766979 0.0000000 0.6525653 0.0000022
1.6807647 0.3374303 0.4025767 0.0000018 0.5095015
1.6811098 0.0000000 0.4024157 0.3201909 0.5095217
1.6957804 0.3397482 0.0000000 0.6470203 0.2580271
1.6981027 0.0000000 0.0000000 0.9702183 0.2574801
1.7049761 0.0000002 0.4081196 0.9741832 0.0000024
1.7094119 0.0013322 0.8195784 0.0000018 0.5186209
1.7141315 0.3416733 0.0000000 0.3235742 0.5183925
1.7275659 0.3464034 0.0000000 0.9847522 0.0000022
1.7352101 0.6897652 0.0000000 0.0000024 0.5250141
1.8187102 0.0000000 0.4352745 0.0000000 0.8269684
1.8202337 0.0000000 0.0000000 0.6932750 0.5517585
1.8454363 0.0000000 0.0000000 0.3515421 0.8389791
1.8478055 0.3714407 0.0000001 0.0000003 0.8392898
1.8520171 0.3089590 0.3694195 0.2939607 0.0000022
1.8648727 0.0000000 0.0000000 0.0000000 1.1304668
1.8680497 0.0000000 0.3725042 0.2963438 0.2358979
1.8772153 0.0000000 1.1233666 0.0000027 0.0000021
1.8872499 0.3147101 0.3764800 0.0000001 0.2382251
1.9104530 0.0000000 0.7618134 0.3031898 0.0000000
1.9207403 0.3218066 0.0000001 0.3051349 0.2410654
1.9255636 0.6375675 0.3834545 0.0000000 0.0000000
1.9286025 0.6400502 0.0000000 0.2952378 0.0000023
1.9452068 0.3243035 0.7760776 0.0000032 0.0000015
1.9462148 0.0000000 0.7764322 0.0000025 0.2457841
1.9577790 0.6519883 0.0000000 0.0000000 0.2472858
1.9646892 0.9824032 0.0000000 0.0000003 0.0000000
1.9647631 0.0000000 0.3919225 0.6236849 0.0000022
2.0088904 0.0093038 0.4025766 0.0000024 0.5095015
2.0217748 0.3370357 0.0000000 0.6417752 0.0000023
2.0399875 0.0000000 0.0000000 0.6344524 0.2625428
2.0539681 0.0000000 0.0000000 0.3260395 0.5192019
2.0718751 0.0000000 0.0000002 0.9865284 0.0000023
2.0783541 0.3466213 0.0000000 0.0000000 0.5250226
2.1609763 0.0000000 0.3694195 0.2939607 0.0000021
2.1977734 0.3138558 0.3752481 0.0000026 0.0000021
2.2018616 0.0000000 0.3764632 0.0000001 0.2383474
2.2182626 0.0000000 0.0000000 0.0000000 0.8404500
2.2413126 0.0000000 0.0000062 0.3049174 0.2426085
2.2417191 0.3202477 0.0000001 0.3037551 0.0000023
2.2682097 0.0000000 0.7778176 0.0000027 0.0000016
2.2834033 0.3263649 0.0000000 0.0000000 0.2472849
2.2928244 0.6542579 0.0000035 0.0000000 0.0000023
2.3629216 0.0014625 0.0032824 0.6150857 0.0023115
2.4249814 0.0000000 0.0000031 0.0000007 0.5249981
2.5113342 0.0000000 0.3757088 0.0000018 0.0000022
2.5611018 0.0000000 0.0000017 0.3048692 0.0000022
2.6098336 0.0000000 0.0000050 0.0000026 0.2471987
2.6201533 0.3269237 0.0000036 0.0000029 0.0000022
2.9470744 0.0000030 0.0000035 0.0000028 0.0000023
   0.0000000e+00   9.2192017e-02   1.6389692e-01   4.5526922e-01   1.2646367e+00
   3.6876807e-03   8.8504337e-02   1.6389692e-01   4.5526922e-01   1.2646367e+00
   7.3753614e-03   8.4816656e-02   1.6389692e-01   4.5526922e-01   1.2646367e+00
   1.1063042e-02   8.1128975e-02   1.6389692e-01   4.5526922e-01   1.2646367e+00
   1.4750723e-02   7.7441295e-02   1.6389692e-01   4.5526922e-01   1.2646367e+00
   1.8438403e-02   7.3753614e-02   1.6389692e-01   4.5526922e-01   1.2646367e+00
   2.2126084e-02   7.0065933e-02   1.6389692e-01   4.5526922e-01   1.2646367e+00
   2.5813765e-02   6.6378252e-02   1.6389692e-01   4.5526922e-01   1.2646367e+00
   2.9501446e-02   6.2690572e-02   1.6389692e-01   4.5526922e-01   1.2646367e+00
   3.3189126e-02   5.9002891e-02   1.6389692e-01   4.5526922e-01   1.2646367e+00
   3.6876807e-02   5.5315210e-02   1.6389692e-01   4.5526922e-01   1.2646367e+00
   4.0564488e-02   5.1627530e-02   1.6389692e-01   4.5526922e-01   1.2646367e+00
   4.4252168e-02   4.7939849e-02   1.6389692e-01   4.5526922e-01   1.2646367e+00
   4.7939849e-02   4.4252168e-02   1.6389692e-01   4.5526922e-01   1.2646367e+00
   5.1627530e-02   4.0564488e-02   1.6389692e-01   4.5526922e-01   1.2646367e+00
   5.5315210e-02   3.6876807e-02   1.6389692e-01   4.5526922e-01   1.2646367e+00
   5.9002891e-02   3.3189126e-02   1.6389692e-01   4.5526922e-01   1.2646367e+00
   6.2690572e-02   2.9501446e-02   1.6389692e-01   4.5526922e-01   1.2646367e+00
   6.6378252e-02   2.5813765e-02   1.6389692e-01   4.5526922e-01   1.2646367e+00
   7.0065933e-02   2.2126084e-02   1.6389692e-01   4.5526922e-01   1.2646367e+00
   7.3753614e-02   1.8438403e-02   1.6389692e-01   4.5526922e-01   1.2646367e+00
   7.7441295e-02   1.4750723e-02   1.6389692e-01   4.5526922e-01   1.2646367e+00
   8.1128975e-02   1.1063042e-02   1.6389692e-01   4.5526922e-01   1.2646367e+00
   8.4816656e-02   7.3753614e-03   1.6389692e-01   4.5526922e-01   1.2646367e+00
   8.8504337e-02   3.6876807e-03   1.6389692e-01   4.5526922e-01   1.2646367e+00
   9.2192017e-02   0.0000000e+00   1.6389692e-01   4.5526922e-01   1.2646367e+00
   0.0000000e+00   1.8740420e+00   1.6296018e-01   1.7713063e-01   1.9253329e-01
   7.4961681e-02   1.7990803e+00   1.6296018e-01   1.7713063e-01   1.9253329e-01
   1.4992336e-01   1.7241187e+00   1.6296018e-01   1.7713063e-01   1.9253329e-01
   2.2488504e-01   1.6491570e+00   1.6296018e-01   1.7713063e-01   1.9253329e-01
   2.9984672e-01   1.5741953e+00   1.6296018e-01   1.7713063e-01   1.9253329e-01
   3.7480841e-01   1.4992336e+00   1.6296018e-01   1.7713063e-01   1.9253329e-01
   4.4977009e-01   1.4242719e+00   1.6296018e-01   1.7713063e-01   1.9253329e-01
   5.2473177e-01   1.3493103e+00   1.6296018e-01   1.7713063e-01   1.9253329e-01
   5.9969345e-01   1.2743486e+00   1.6296018e-01   1.7713063e-01   1.9253329e-01
   6.7465513e-01   1.1993869e+00   1.6296018e-01   1.7713063e-01   1.9253329e-01
   7.4961681e-01   1.1244252e+00   1.6296018e-01   1.7713063e-01   1.9253329e-01
   8.2457849e-01   1.0494635e+00   1.6296018e-01   1.7713063e-01   1.9253329e-01
   8.9954017e-01   9.7450186e-01   1.6296018e-01   1.7713063e-01   1.9253329e-01
   9.7450186e-01   8.9954017e-01   1.6296018e-01   1.7713063e-01   1.9253329e-01
   1.0494635e+00   8.2457849e-01   1.6296018e-01   1.7713063e-01   1.9253329e-01
   1.1244252e+00   7.4961681e-01   1.6296018e-01   1.7713063e-01   1.9253329e-01
   1.1993869e+00   6.7465513e-01   1.6296018e-01   1.7713063e-01   1.9253329e-01
   1.2743486e+00   5.9969345e-01   1.6296018e-01   1.7713063e-01   1.9253329e-01
   1.3493103e+00   5.2473177e-01   1.6296018e-01   1.7713063e-01   1.9253329e-01
   1.4242719e+00   4.4977009e-01   1.6296018e-01   1.7713063e-01   1.9253329e-01
   1.4992336e+00   3.7480841e-01   1.6296018e-01   1.7713063e-01   1.9253329e-01
   1.5741953e+00   2.9984672e-01   1.6296018e-01   1.7713063e-01   1.9253329e-01
   1.6491570e+00   2.2488504e-01   1.6296018e-01   1.7713063e-01   1.9253329e-01
   1.7241187e+00   1.4992336e-01   1.6296018e-01   1.7713063e-01   1.9253329e-01
   1.7990803e+00   7.4961681e-02   1.6296018e-01   1.7713063e-01   1.9253329e-01
   1.8740420e+00   0.0000000e+00   1.6296018e-01   1.7713063e-01   1.9253329e-01

