0.000000000 0.000000000 2.972092417
0.000000000 0.000000000 2.972092417
0.000000000 0.000000000 2.972092417
0.000000000 0.000000000 2.972092417
0.000000000 0.000000000 2.972092417
0.000000000 0.000000000 2.972092417
0.000000000 0.000000000 2.972092417
0.000000000 0.000000000 2.972092417
0.000000000 0.000000000 2.972092417
0.000000000 0.000000000 2.972092417
0.000000000 0.000000000 2.972092417
0.000000000 0.000000000 2.972092417
0.000000000 0.000000000 2.972092417
0.000000000 0.000000000 2.972092417
0.000000000 0.000000000 2.972092417
0.000000000 0.000000000 2.972092417
0.000000000 0.000000000 2.972092417
0.000000000 0.000000000 2.972092417
0.000000000 0.000000000 2.972092417
0.000000000 0.000000000 2.972092417
0.000000000 0.000000000 2.972092417
0.000000000 0.000000000 2.972092417
0.000000000 0.000000000 2.972092417
0.000000000 0.000000000 2.972092417
0.000000000 0.000000000 2.972092417
0.000000000 0.000000000 2.972092417
0.000000000 0.115624925 2.774998188
0.004624997 0.110999928 2.774998188
0.009249994 0.106374931 2.774998188
0.013874991 0.101749934 2.774998188
0.018499988 0.097124937 2.774998188
0.023124985 0.092499940 2.774998188
0.027749982 0.087874943 2.774998188
0.032374979 0.083249946 2.774998188
0.036999976 0.078624949 2.774998188
0.041624973 0.073999952 2.774998188
0.046249970 0.069374955 2.774998188
0.050874967 0.064749958 2.774998188
0.055499964 0.060124961 2.774998188
0.060124961 0.055499964 2.774998188
0.064749958 0.050874967 2.774998188
0.069374955 0.046249970 2.774998188
0.073999952 0.041624973 2.774998188
0.078624949 0.036999976 2.774998188
0.083249946 0.032374979 2.774998188
0.087874943 0.027749982 2.774998188
0.092499940 0.023124985 2.774998188
0.097124937 0.018499988 2.774998188
0.101749934 0.013874991 2.774998188
0.106374931 0.009249994 2.774998188
0.110999928 0.004624997 2.774998188
0.115624925 0.000000000 2.774998188
0.000000000 0.222508724 2.558850327
0.008900349 0.213608375 2.558850327
0.017800698 0.204708026 2.558850327
0.026701047 0.195807677 2.558850327
0.035601396 0.186907328 2.558850327
0.044501745 0.178006979 2.558850327
0.053402094 0.169106630 2.558850327
0.062302443 0.160206281 2.558850327
0.071202792 0.151305932 2.558850327
0.080103141 0.142405583 2.558850327
0.089003490 0.133505234 2.558850327
0.097903839 0.124604885 2.558850327
0.106804188 0.115704537 2.558850327
0.115704537 0.106804188 2.558850327
0.124604885 0.097903839 2.558850327
0.133505234 0.089003490 2.558850327
0.142405583 0.080103141 2.558850327
0.151305932 0.071202792 2.558850327
0.160206281 0.062302443 2.558850327
0.169106630 0.053402094 2.558850327
0.178006979 0.044501745 2.558850327
0.186907328 0.035601396 2.558850327
0.195807677 0.026701047 2.558850327
0.204708026 0.017800698 2.558850327
0.213608375 0.008900349 2.558850327
0.222508724 0.000000000 2.558850327
0.000000000 0.317755507 2.330207053
0.012710220 0.305045287 2.330207053
0.025420441 0.292335067 2.330207053
0.038130661 0.279624846 2.330207053
0.050840881 0.266914626 2.330207053
0.063551101 0.254204406 2.330207053
0.076261322 0.241494186 2.330207053
0.088971542 0.228783965 2.330207053
0.101681762 0.216073745 2.330207053
0.114391983 0.203363525 2.330207053
0.127102203 0.190653304 2.330207053
0.139812423 0.177943084 2.330207053
0.152522643 0.165232864 2.330207053
0.165232864 0.152522643 2.330207053
0.177943084 0.139812423 2.330207053
0.190653304 0.127102203 2.330207053
0.203363525 0.114391983 2.330207053
0.216073745 0.101681762 2.330207053
0.228783965 0.088971542 2.330207053
0.241494186 0.076261322 2.330207053
0.254204406 0.063551101 2.330207053
0.266914626 0.050840881 2.330207053
0.279624846 0.038130661 2.330207053
0.292335067 0.025420441 2.330207053
0.305045287 0.012710220 2.330207053
0.317755507 0.000000000 2.330207053
0.000000000 0.399670927 2.098272366
0.015986837 0.383684090 2.098272366
0.031973674 0.367697253 2.098272366
0.047960511 0.351710416 2.098272366
0.063947348 0.335723579 2.098272366
0.079934185 0.319736741 2.098272366
0.095921022 0.303749904 2.098272366
0.111907860 0.287763067 2.098272366
0.127894697 0.271776230 2.098272366
0.143881534 0.255789393 2.098272366
0.159868371 0.239802556 2.098272366
0.175855208 0.223815719 2.098272366
0.191842045 0.207828882 2.098272366
0.207828882 0.191842045 2.098272366
0.223815719 0.175855208 2.098272366
0.239802556 0.159868371 2.098272366
0.255789393 0.143881534 2.098272366
0.271776230 0.127894697 2.098272366
0.287763067 0.111907860 2.098272366
0.303749904 0.095921022 2.098272366
0.319736741 0.079934185 2.098272366
0.335723579 0.063947348 2.098272366
0.351710416 0.047960511 2.098272366
0.367697253 0.031973674 2.098272366
0.383684090 0.015986837 2.098272366
0.399670927 0.000000000 2.098272366
0.000000000 0.468528648 1.874114590
0.018741146 0.449787502 1.874114590
0.037482292 0.431046356 1.874114590
0.056223438 0.412305210 1.874114590
0.074964584 0.393564064 1.874114590
0.093705730 0.374822918 1.874114590
0.112446875 0.356081772 1.874114590
0.131188021 0.337340626 1.874114590
0.149929167 0.318599480 1.874114590
0.168670313 0.299858334 1.874114590
0.187411459 0.281117189 1.874114590
0.206152605 0.262376043 1.874114590
0.224893751 0.243634897 1.874114590
0.243634897 0.224893751 1.874114590
0.262376043 0.206152605 1.874114590
0.281117189 0.187411459 1.874114590
0.299858334 0.168670313 1.874114590
0.318599480 0.149929167 1.874114590
0.337340626 0.131188021 1.874114590
0.356081772 0.112446875 1.874114590
0.374822918 0.093705730 1.874114590
0.393564064 0.074964584 1.874114590
0.412305210 0.056223438 1.874114590
0.431046356 0.037482292 1.874114590
0.449787502 0.018741146 1.874114590
0.468528648 0.000000000 1.874114590
0.000000000 0.527241347 1.669597598
0.021089654 0.506151693 1.669597598
0.042179308 0.485062039 1.669597598
0.063268962 0.463972385 1.669597598
0.084358615 0.442882731 1.669597598
0.105448269 0.421793077 1.669597598
0.126537923 0.400703423 1.669597598
0.147627577 0.379613770 1.669597598
0.168717231 0.358524116 1.669597598
0.189806885 0.337434462 1.669597598
0.210896539 0.316344808 1.669597598
0.231986193 0.295255154 1.669597598
0.253075846 0.274165500 1.669597598
0.274165500 0.253075846 1.669597598
0.295255154 0.231986193 1.669597598
0.316344808 0.210896539 1.669597598
0.337434462 0.189806885 1.669597598
0.358524116 0.168717231 1.669597598
0.379613770 0.147627577 1.669597598
0.400703423 0.126537923 1.669597598
0.421793077 0.105448269 1.669597598
0.442882731 0.084358615 1.669597598
0.463972385 0.063268962 1.669597598
0.485062039 0.042179308 1.669597598
0.506151693 0.021089654 1.669597598
0.527241347 0.000000000 1.669597598
0.000000000 0.581672022 1.495728058
0.023266881 0.558405142 1.495728058
0.046533762 0.535138261 1.495728058
0.069800643 0.511871380 1.495728058
0.093067524 0.488604499 1.495728058
0.116334404 0.465337618 1.495728058
0.139601285 0.442070737 1.495728058
0.162868166 0.418803856 1.495728058
0.186135047 0.395536975 1.495728058
0.209401928 0.372270094 1.495728058
0.232668809 0.349003213 1.495728058
0.255935690 0.325736333 1.495728058
0.279202571 0.302469452 1.495728058
0.302469452 0.279202571 1.495728058
0.325736333 0.255935690 1.495728058
0.349003213 0.232668809 1.495728058
0.372270094 0.209401928 1.495728058
0.395536975 0.186135047 1.495728058
0.418803856 0.162868166 1.495728058
0.442070737 0.139601285 1.495728058
0.465337618 0.116334404 1.495728058
0.488604499 0.093067524 1.495728058
0.511871380 0.069800643 1.495728058
0.535138261 0.046533762 1.495728058
0.558405142 0.023266881 1.495728058
0.581672022 0.000000000 1.495728058
0.000000000 0.640094425 1.360200653
0.025603777 0.614490648 1.360200653
0.051207554 0.588886871 1.360200653
0.076811331 0.563283094 1.360200653
0.102415108 0.537679317 1.360200653
0.128018885 0.512075540 1.360200653
0.153622662 0.486471763 1.360200653
0.179226439 0.460867986 1.360200653
0.204830216 0.435264209 1.360200653
0.230433993 0.409660432 1.360200653
0.256037770 0.384056655 1.360200653
0.281641547 0.358452878 1.360200653
0.307245324 0.332849101 1.360200653
0.332849101 0.307245324 1.360200653
0.358452878 0.281641547 1.360200653
0.384056655 0.256037770 1.360200653
0.409660432 0.230433993 1.360200653
0.435264209 0.204830216 1.360200653
0.460867986 0.179226439 1.360200653
0.486471763 0.153622662 1.360200653
0.512075540 0.128018885 1.360200653
0.537679317 0.102415108 1.360200653
0.563283094 0.076811331 1.360200653
0.588886871 0.051207554 1.360200653
0.614490648 0.025603777 1.360200653
0.640094425 0.000000000 1.360200653
0.000000000 0.711358159 1.264636726
0.028454326 0.682903832 1.264636726
0.056908653 0.654449506 1.264636726
0.085362979 0.625995180 1.264636726
0.113817305 0.597540853 1.264636726
0.142271632 0.569086527 1.264636726
0.170725958 0.540632201 1.264636726
0.199180284 0.512177874 1.264636726
0.227634611 0.483723548 1.264636726
0.256088937 0.455269221 1.264636726
0.284543263 0.426814895 1.264636726
0.312997590 0.398360569 1.264636726
0.341451916 0.369906242 1.264636726
0.369906242 0.341451916 1.264636726
0.398360569 0.312997590 1.264636726
0.426814895 0.284543263 1.264636726
0.455269221 0.256088937 1.264636726
0.483723548 0.227634611 1.264636726
0.512177874 0.199180284 1.264636726
0.540632201 0.170725958 1.264636726
0.569086527 0.142271632 1.264636726
0.597540853 0.113817305 1.264636726
0.625995180 0.085362979 1.264636726
0.654449506 0.056908653 1.264636726
0.682903832 0.028454326 1.264636726
0.711358159 0.000000000 1.264636726
0.000000000 0.802128237 1.203192355
0.032085129 0.770043107 1.203192355
0.064170259 0.737957978 1.203192355
0.096255388 0.705872848 1.203192355
0.128340518 0.673787719 1.203192355
0.160425647 0.641702589 1.203192355
0.192510777 0.609617460 1.203192355
0.224595906 0.577532330 1.203192355
0.256681036 0.545447201 1.203192355
0.288766165 0.513362071 1.203192355
0.320851295 0.481276942 1.203192355
0.352936424 0.449191812 1.203192355
0.385021554 0.417106683 1.203192355
0.417106683 0.385021554 1.203192355
0.449191812 0.352936424 1.203192355
0.481276942 0.320851295 1.203192355
0.513362071 0.288766165 1.203192355
0.545447201 0.256681036 1.203192355
0.577532330 0.224595906 1.203192355
0.609617460 0.192510777 1.203192355
0.641702589 0.160425647 1.203192355
0.673787719 0.128340518 1.203192355
0.705872848 0.096255388 1.203192355
0.737957978 0.064170259 1.203192355
0.770043107 0.032085129 1.203192355
0.802128237 0.000000000 1.203192355
0.000000000 0.914688386 1.164148855
0.036587535 0.878100850 1.164148855
0.073175071 0.841513315 1.164148855
0.109762606 0.804925780 1.164148855
0.146350142 0.768338244 1.164148855
0.182937677 0.731750709 1.164148855
0.219525213 0.695163173 1.164148855
0.256112748 0.658575638 1.164148855
0.292700283 0.621988102 1.164148855
0.329287819 0.585400567 1.164148855
0.365875354 0.548813032 1.164148855
0.402462890 0.512225496 1.164148855
0.439050425 0.475637961 1.164148855
0.475637961 0.439050425 1.164148855
0.512225496 0.402462890 1.164148855
0.548813032 0.365875354 1.164148855
0.585400567 0.329287819 1.164148855
0.621988102 0.292700283 1.164148855
0.658575638 0.256112748 1.164148855
0.695163173 0.219525213 1.164148855
0.731750709 0.182937677 1.164148855
0.768338244 0.146350142 1.164148855
0.804925780 0.109762606 1.164148855
0.841513315 0.073175071 1.164148855
0.878100850 0.036587535 1.164148855
0.914688386 0.000000000 1.164148855
0.000000000 1.046593551 1.133809680
0.041863742 1.004729809 1.133809680
0.083727484 0.962866067 1.133809680
0.125591226 0.921002325 1.133809680
0.167454968 0.879138583 1.133809680
0.209318710 0.837274840 1.133809680
0.251182452 0.795411098 1.133809680
0.293046194 0.753547356 1.133809680
0.334909936 0.711683614 1.133809680
0.376773678 0.669819872 1.133809680
0.418637420 0.627956130 1.133809680
0.460501162 0.586092388 1.133809680
0.502364904 0.544228646 1.133809680
0.544228646 0.502364904 1.133809680
0.586092388 0.460501162 1.133809680
0.627956130 0.418637420 1.133809680
0.669819872 0.376773678 1.133809680
0.711683614 0.334909936 1.133809680
0.753547356 0.293046194 1.133809680
0.795411098 0.251182452 1.133809680
0.837274840 0.209318710 1.133809680
0.879138583 0.167454968 1.133809680
0.921002325 0.125591226 1.133809680
0.962866067 0.083727484 1.133809680
1.004729809 0.041863742 1.133809680
1.046593551 0.000000000 1.133809680
0.000000000 1.191905537 1.100220496
0.047676221 1.144229316 1.100220496
0.095352443 1.096553094 1.100220496
0.143028664 1.048876873 1.100220496
0.190704886 1.001200651 1.100220496
0.238381107 0.953524430 1.100220496
0.286057329 0.905848208 1.100220496
0.333733550 0.858171987 1.100220496
0.381409772 0.810495765 1.100220496
0.429085993 0.762819544 1.100220496
0.476762215 0.715143322 1.100220496
0.524438436 0.667467101 1.100220496
0.572114658 0.619790879 1.100220496
0.619790879 0.572114658 1.100220496
0.667467101 0.524438436 1.100220496
0.715143322 0.476762215 1.100220496
0.762819544 0.429085993 1.100220496
0.810495765 0.381409772 1.100220496
0.858171987 0.333733550 1.100220496
0.905848208 0.286057329 1.100220496
0.953524430 0.238381107 1.100220496
1.001200651 0.190704886 1.100220496
1.048876873 0.143028664 1.100220496
1.096553094 0.095352443 1.100220496
1.144229316 0.047676221 1.100220496
1.191905537 0.000000000 1.100220496
0.000000000 1.342883705 1.055122911
0.053715348 1.289168356 1.055122911
0.107430696 1.235453008 1.055122911
0.161146045 1.181737660 1.055122911
0.214861393 1.128022312 1.055122911
0.268576741 1.074306964 1.055122911
0.322292089 1.020591615 1.055122911
0.376007437 0.966876267 1.055122911
0.429722785 0.913160919 1.055122911
0.483438134 0.859445571 1.055122911
0.537153482 0.805730223 1.055122911
0.590868830 0.752014875 1.055122911
0.644584178 0.698299526 1.055122911
0.698299526 0.644584178 1.055122911
0.752014875 0.590868830 1.055122911
0.805730223 0.537153482 1.055122911
0.859445571 0.483438134 1.055122911
0.913160919 0.429722785 1.055122911
0.966876267 0.376007437 1.055122911
1.020591615 0.322292089 1.055122911
1.074306964 0.268576741 1.055122911
1.128022312 0.214861393 1.055122911
1.181737660 0.161146045 1.055122911
1.235453008 0.107430696 1.055122911
1.289168356 0.053715348 1.055122911
1.342883705 0.000000000 1.055122911
0.000000000 1.491418170 0.994278780
0.059656727 1.431761443 0.994278780
0.119313454 1.372104716 0.994278780
0.178970180 1.312447989 0.994278780
0.238626907 1.252791263 0.994278780
0.298283634 1.193134536 0.994278780
0.357940361 1.133477809 0.994278780
0.417597088 1.073821082 0.994278780
0.477253814 1.014164355 0.994278780
0.536910541 0.954507629 0.994278780
0.596567268 0.894850902 0.994278780
0.656223995 0.835194175 0.994278780
0.715880722 0.775537448 0.994278780
0.775537448 0.715880722 0.994278780
0.835194175 0.656223995 0.994278780
0.894850902 0.596567268 0.994278780
0.954507629 0.536910541 0.994278780
1.014164355 0.477253814 0.994278780
1.073821082 0.417597088 0.994278780
1.133477809 0.357940361 0.994278780
1.193134536 0.298283634 0.994278780
1.252791263 0.238626907 0.994278780
1.312447989 0.178970180 0.994278780
1.372104716 0.119313454 0.994278780
1.431761443 0.059656727 0.994278780
1.491418170 0.000000000 0.994278780
0.000000000 1.630109552 0.916936623
0.065204382 1.564905170 0.916936623
0.130408764 1.499700788 0.916936623
0.195613146 1.434496405 0.916936623
0.260817528 1.369292023 0.916936623
0.326021910 1.304087641 0.916936623
0.391226292 1.238883259 0.916936623
0.456430674 1.173678877 0.916936623
0.521635057 1.108474495 0.916936623
0.586839439 1.043270113 0.916936623
0.652043821 0.978065731 0.916936623
0.717248203 0.912861349 0.916936623
0.782452585 0.847656967 0.916936623
0.847656967 0.782452585 0.916936623
0.912861349 0.717248203 0.916936623
0.978065731 0.652043821 0.916936623
1.043270113 0.586839439 0.916936623
1.108474495 0.521635057 0.916936623
1.173678877 0.456430674 0.916936623
1.238883259 0.391226292 0.916936623
1.304087641 0.326021910 0.916936623
1.369292023 0.260817528 0.916936623
1.434496405 0.195613146 0.916936623
1.499700788 0.130408764 0.916936623
1.564905170 0.065204382 0.916936623
1.630109552 0.000000000 0.916936623
0.000000000 1.753137012 0.825005653
0.070125480 1.683011532 0.825005653
0.140250961 1.612886051 0.825005653
0.210376441 1.542760571 0.825005653
0.280501922 1.472635090 0.825005653
0.350627402 1.402509610 0.825005653
0.420752883 1.332384129 0.825005653
0.490878363 1.262258649 0.825005653
0.561003844 1.192133168 0.825005653
0.631129324 1.122007688 0.825005653
0.701254805 1.051882207 0.825005653
0.771380285 0.981756727 0.825005653
0.841505766 0.911631246 0.825005653
0.911631246 0.841505766 0.825005653
0.981756727 0.771380285 0.825005653
1.051882207 0.701254805 0.825005653
1.122007688 0.631129324 0.825005653
1.192133168 0.561003844 0.825005653
1.262258649 0.490878363 0.825005653
1.332384129 0.420752883 0.825005653
1.402509610 0.350627402 0.825005653
1.472635090 0.280501922 0.825005653
1.542760571 0.210376441 0.825005653
1.612886051 0.140250961 0.825005653
1.683011532 0.070125480 0.825005653
1.753137012 0.000000000 0.825005653
0.000000000 1.857043020 0.722183397
0.074281721 1.782761299 0.722183397
0.148563442 1.708479578 0.722183397
0.222845162 1.634197857 0.722183397
0.297126883 1.559916137 0.722183397
0.371408604 1.485634416 0.722183397
0.445690325 1.411352695 0.722183397
0.519972046 1.337070974 0.722183397
0.594253766 1.262789253 0.722183397
0.668535487 1.188507533 0.722183397
0.742817208 1.114225812 0.722183397
0.817098929 1.039944091 0.722183397
0.891380649 0.965662370 0.722183397
0.965662370 0.891380649 0.722183397
1.039944091 0.817098929 0.722183397
1.114225812 0.742817208 0.722183397
1.188507533 0.668535487 0.722183397
1.262789253 0.594253766 0.722183397
1.337070974 0.519972046 0.722183397
1.411352695 0.445690325 0.722183397
1.485634416 0.371408604 0.722183397
1.559916137 0.297126883 0.722183397
1.634197857 0.222845162 0.722183397
1.708479578 0.148563442 0.722183397
1.782761299 0.074281721 0.722183397
1.857043020 0.000000000 0.722183397
0.000000000 1.941483727 0.613100124
0.077659349 1.863824378 0.613100124
0.155318698 1.786165029 0.613100124
0.232978047 1.708505680 0.613100124
0.310637396 1.630846331 0.613100124
0.388296745 1.553186982 0.613100124
0.465956094 1.475527632 0.613100124
0.543615444 1.397868283 0.613100124
0.621274793 1.320208934 0.613100124
0.698934142 1.242549585 0.613100124
0.776593491 1.164890236 0.613100124
0.854252840 1.087230887 0.613100124
0.931912189 1.009571538 0.613100124
1.009571538 0.931912189 0.613100124
1.087230887 0.854252840 0.613100124
1.164890236 0.776593491 0.613100124
1.242549585 0.698934142 0.613100124
1.320208934 0.621274793 0.613100124
1.397868283 0.543615444 0.613100124
1.475527632 0.465956094 0.613100124
1.553186982 0.388296745 0.613100124
1.630846331 0.310637396 0.613100124
1.708505680 0.232978047 0.613100124
1.786165029 0.155318698 0.613100124
1.863824378 0.077659349 0.613100124
1.941483727 0.000000000 0.613100124
0.000000000 2.009899127 0.502474782
0.080395965 1.929503162 0.502474782
0.160791930 1.849107197 0.502474782
0.241187895 1.768711232 0.502474782
0.321583860 1.688315267 0.502474782
0.401979825 1.607919302 0.502474782
0.482375791 1.527523337 0.502474782
0.562771756 1.447127372 0.502474782
0.643167721 1.366731407 0.502474782
0.723563686 1.286335441 0.502474782
0.803959651 1.205939476 0.502474782
0.884355616 1.125543511 0.502474782
0.964751581 1.045147546 0.502474782
1.045147546 0.964751581 0.502474782
1.125543511 0.884355616 0.502474782
1.205939476 0.803959651 0.502474782
1.286335441 0.723563686 0.502474782
1.366731407 0.643167721 0.502474782
1.447127372 0.562771756 0.502474782
1.527523337 0.482375791 0.502474782
1.607919302 0.401979825 0.502474782
1.688315267 0.321583860 0.502474782
1.768711232 0.241187895 0.502474782
1.849107197 0.160791930 0.502474782
1.929503162 0.080395965 0.502474782
2.009899127 0.000000000 0.502474782
0.000000000 2.069927602 0.394271924
0.082797104 1.987130498 0.394271924
0.165594208 1.904333394 0.394271924
0.248391312 1.821536290 0.394271924
0.331188416 1.738739186 0.394271924
0.413985520 1.655942082 0.394271924
0.496782625 1.573144978 0.394271924
0.579579729 1.490347874 0.394271924
0.662376833 1.407550770 0.394271924
0.745173937 1.324753666 0.394271924
0.827971041 1.241956561 0.394271924
0.910768145 1.159159457 0.394271924
0.993565249 1.076362353 0.394271924
1.076362353 0.993565249 0.394271924
1.159159457 0.910768145 0.394271924
1.241956561 0.827971041 0.394271924
1.324753666 0.745173937 0.394271924
1.407550770 0.662376833 0.394271924
1.490347874 0.579579729 0.394271924
1.573144978 0.496782625 0.394271924
1.655942082 0.413985520 0.394271924
1.738739186 0.331188416 0.394271924
1.821536290 0.248391312 0.394271924
1.904333394 0.165594208 0.394271924
1.987130498 0.082797104 0.394271924
2.069927602 0.000000000 0.394271924
0.000000000 2.133214075 0.290892828
0.085328563 2.047885512 0.290892828
0.170657126 1.962556949 0.290892828
0.255985689 1.877228386 0.290892828
0.341314252 1.791899823 0.290892828
0.426642815 1.706571260 0.290892828
0.511971378 1.621242697 0.290892828
0.597299941 1.535914134 0.290892828
0.682628504 1.450585571 0.290892828
0.767957067 1.365257008 0.290892828
0.853285630 1.279928445 0.290892828
0.938614193 1.194599882 0.290892828
1.023942756 1.109271319 0.290892828
1.109271319 1.023942756 0.290892828
1.194599882 0.938614193 0.290892828
1.279928445 0.853285630 0.290892828
1.365257008 0.767957067 0.290892828
1.450585571 0.682628504 0.290892828
1.535914134 0.597299941 0.290892828
1.621242697 0.511971378 0.290892828
1.706571260 0.426642815 0.290892828
1.791899823 0.341314252 0.290892828
1.877228386 0.255985689 0.290892828
1.962556949 0.170657126 0.290892828
2.047885512 0.085328563 0.290892828
2.133214075 0.000000000 0.290892828
0.000000000 2.214132834 0.192533290
0.088565313 2.125567520 0.192533290
0.177130627 2.037002207 0.192533290
0.265695940 1.948436894 0.192533290
0.354261253 1.859871580 0.192533290
0.442826567 1.771306267 0.192533290
0.531391880 1.682740954 0.192533290
0.619957193 1.594175640 0.192533290
0.708522507 1.505610327 0.192533290
0.797087820 1.417045014 0.192533290
0.885653133 1.328479700 0.192533290
0.974218447 1.239914387 0.192533290
1.062783760 1.151349073 0.192533290
1.151349073 1.062783760 0.192533290
1.239914387 0.974218447 0.192533290
1.328479700 0.885653133 0.192533290
1.417045014 0.797087820 0.192533290
1.505610327 0.708522507 0.192533290
1.594175640 0.619957193 0.192533290
1.682740954 0.531391880 0.192533290
1.771306267 0.442826567 0.192533290
1.859871580 0.354261253 0.192533290
1.948436894 0.265695940 0.192533290
2.037002207 0.177130627 0.192533290
2.125567520 0.088565313 0.192533290
2.214132834 0.000000000 0.192533290
0.000000000 2.327143368 0.096964307
0.093085735 2.234057633 0.096964307
0.186171469 2.140971898 0.096964307
0.279257204 2.047886164 0.096964307
0.372342939 1.954800429 0.096964307
0.465428674 1.861714694 0.096964307
0.558514408 1.768628960 0.096964307
0.651600143 1.675543225 0.096964307
0.744685878 1.582457490 0.096964307
0.837771612 1.489371755 0.096964307
0.930857347 1.396286021 0.096964307
1.023943082 1.303200286 0.096964307
1.117028817 1.210114551 0.096964307
1.210114551 1.117028817 0.096964307
1.303200286 1.023943082 0.096964307
1.396286021 0.930857347 0.096964307
1.489371755 0.837771612 0.096964307
1.582457490 0.744685878 0.096964307
1.675543225 0.651600143 0.096964307
1.768628960 0.558514408 0.096964307
1.861714694 0.465428674 0.096964307
1.954800429 0.372342939 0.096964307
2.047886164 0.279257204 0.096964307
2.140971898 0.186171469 0.096964307
2.234057633 0.093085735 0.096964307
2.327143368 0.000000000 0.096964307
0.000000000 2.483277404 0.000000000
0.099331096 2.383946308 0.000000000
0.198662192 2.284615212 0.000000000
0.297993289 2.185284116 0.000000000
0.397324385 2.085953020 0.000000000
0.496655481 1.986621923 0.000000000
0.595986577 1.887290827 0.000000000
0.695317673 1.787959731 0.000000000
0.794648769 1.688628635 0.000000000
0.893979866 1.589297539 0.000000000
0.993310962 1.489966443 0.000000000
1.092642058 1.390635346 0.000000000
1.191973154 1.291304250 0.000000000
1.291304250 1.191973154 0.000000000
1.390635346 1.092642058 0.000000000
1.489966443 0.993310962 0.000000000
1.589297539 0.893979866 0.000000000
1.688628635 0.794648769 0.000000000
1.787959731 0.695317673 0.000000000
1.887290827 0.595986577 0.000000000
1.986621923 0.496655481 0.000000000
2.085953020 0.397324385 0.000000000
2.185284116 0.297993289 0.000000000
2.284615212 0.198662192 0.000000000
2.383946308 0.099331096 0.000000000
2.483277404 0.000000000 0.000000000
