0.000000000 0.000000000 1.535949516
0.000000000 0.000000000 1.535949516
0.000000000 0.000000000 1.535949516
0.000000000 0.000000000 1.535949516
0.000000000 0.000000000 1.535949516
0.000000000 0.000000000 1.535949516
0.000000000 0.000000000 1.535949516
0.000000000 0.000000000 1.535949516
0.000000000 0.000000000 1.535949516
0.000000000 0.000000000 1.535949516
0.000000000 0.000000000 1.535949516
0.000000000 0.000000000 1.535949516
0.000000000 0.000000000 1.535949516
0.000000000 0.000000000 1.535949516
0.000000000 0.000000000 1.535949516
0.000000000 0.000000000 1.535949516
0.000000000 0.000000000 1.535949516
0.000000000 0.000000000 1.535949516
0.000000000 0.000000000 1.535949516
0.000000000 0.000000000 1.535949516
0.000000000 0.000000000 1.535949516
0.000000000 0.000000000 1.535949516
0.000000000 0.000000000 1.535949516
0.000000000 0.000000000 1.535949516
0.000000000 0.000000000 1.535949516
0.000000000 0.000000000 1.535949516
0.000000000 0.059343151 1.424235615
0.002373726 0.056969425 1.424235615
0.004747452 0.054595699 1.424235615
0.007121178 0.052221973 1.424235615
0.009494904 0.049848247 1.424235615
0.011868630 0.047474520 1.424235615
0.014242356 0.045100794 1.424235615
0.016616082 0.042727068 1.424235615
0.018989808 0.040353342 1.424235615
0.021363534 0.037979616 1.424235615
0.023737260 0.035605890 1.424235615
0.026110986 0.033232164 1.424235615
0.028484712 0.030858438 1.424235615
0.030858438 0.028484712 1.424235615
0.033232164 0.026110986 1.424235615
0.035605890 0.023737260 1.424235615
0.037979616 0.021363534 1.424235615
0.040353342 0.018989808 1.424235615
0.042727068 0.016616082 1.424235615
0.045100794 0.014242356 1.424235615
0.047474520 0.011868630 1.424235615
0.049848247 0.009494904 1.424235615
0.052221973 0.007121178 1.424235615
0.054595699 0.004747452 1.424235615
0.056969425 0.002373726 1.424235615
0.059343151 0.000000000 1.424235615
0.000000000 0.108941974 1.252832702
0.004357679 0.104584295 1.252832702
0.008715358 0.100226616 1.252832702
0.013073037 0.095868937 1.252832702
0.017430716 0.091511258 1.252832702
0.021788395 0.087153579 1.252832702
0.026146074 0.082795900 1.252832702
0.030503753 0.078438221 1.252832702
0.034861432 0.074080542 1.252832702
0.039219111 0.069722863 1.252832702
0.043576790 0.065365184 1.252832702
0.047934469 0.061007505 1.252832702
0.052292148 0.056649827 1.252832702
0.056649827 0.052292148 1.252832702
0.061007505 0.047934469 1.252832702
0.065365184 0.043576790 1.252832702
0.069722863 0.039219111 1.252832702
0.074080542 0.034861432 1.252832702
0.078438221 0.030503753 1.252832702
0.082795900 0.026146074 1.252832702
0.087153579 0.021788395 1.252832702
0.091511258 0.017430716 1.252832702
0.095868937 0.013073037 1.252832702
0.100226616 0.008715358 1.252832702
0.104584295 0.004357679 1.252832702
0.108941974 0.000000000 1.252832702
0.000000000 0.148548265 1.089353944
0.005941931 0.142606335 1.089353944
0.011883861 0.136664404 1.089353944
0.017825792 0.130722473 1.089353944
0.023767722 0.124780543 1.089353944
0.029709653 0.118838612 1.089353944
0.035651584 0.112896682 1.089353944
0.041593514 0.106954751 1.089353944
0.047535445 0.101012820 1.089353944
0.053477375 0.095070890 1.089353944
0.059419306 0.089128959 1.089353944
0.065361237 0.083187028 1.089353944
0.071303167 0.077245098 1.089353944
0.077245098 0.071303167 1.089353944
0.083187028 0.065361237 1.089353944
0.089128959 0.059419306 1.089353944
0.095070890 0.053477375 1.089353944
0.101012820 0.047535445 1.089353944
0.106954751 0.041593514 1.089353944
0.112896682 0.035651584 1.089353944
0.118838612 0.029709653 1.089353944
0.124780543 0.023767722 1.089353944
0.130722473 0.017825792 1.089353944
0.136664404 0.011883861 1.089353944
0.142606335 0.005941931 1.089353944
0.148548265 0.000000000 1.089353944
0.000000000 0.184287098 0.967507264
0.007371484 0.176915614 0.967507264
0.014742968 0.169544130 0.967507264
0.022114452 0.162172646 0.967507264
0.029485936 0.154801162 0.967507264
0.036857420 0.147429678 0.967507264
0.044228904 0.140058194 0.967507264
0.051600387 0.132686711 0.967507264
0.058971871 0.125315227 0.967507264
0.066343355 0.117943743 0.967507264
0.073714839 0.110572259 0.967507264
0.081086323 0.103200775 0.967507264
0.088457807 0.095829291 0.967507264
0.095829291 0.088457807 0.967507264
0.103200775 0.081086323 0.967507264
0.110572259 0.073714839 0.967507264
0.117943743 0.066343355 0.967507264
0.125315227 0.058971871 0.967507264
0.132686711 0.051600387 0.967507264
0.140058194 0.044228904 0.967507264
0.147429678 0.036857420 0.967507264
0.154801162 0.029485936 0.967507264
0.162172646 0.022114452 0.967507264
0.169544130 0.014742968 0.967507264
0.176915614 0.007371484 0.967507264
0.184287098 0.000000000 0.967507264
0.000000000 0.221146810 0.884587240
0.008845872 0.212300938 0.884587240
0.017691745 0.203455065 0.884587240
0.026537617 0.194609193 0.884587240
0.035383490 0.185763320 0.884587240
0.044229362 0.176917448 0.884587240
0.053075234 0.168071576 0.884587240
0.061921107 0.159225703 0.884587240
0.070766979 0.150379831 0.884587240
0.079612852 0.141533958 0.884587240
0.088458724 0.132688086 0.884587240
0.097304596 0.123842214 0.884587240
0.106150469 0.114996341 0.884587240
0.114996341 0.106150469 0.884587240
0.123842214 0.097304596 0.884587240
0.132688086 0.088458724 0.884587240
0.141533958 0.079612852 0.884587240
0.150379831 0.070766979 0.884587240
0.159225703 0.061921107 0.884587240
0.168071576 0.053075234 0.884587240
0.176917448 0.044229362 0.884587240
0.185763320 0.035383490 0.884587240
0.194609193 0.026537617 0.884587240
0.203455065 0.017691745 0.884587240
0.212300938 0.008845872 0.884587240
0.221146810 0.000000000 0.884587240
0.000000000 0.261302128 0.827456740
0.010452085 0.250850043 0.827456740
0.020904170 0.240397958 0.827456740
0.031356255 0.229945873 0.827456740
0.041808341 0.219493788 0.827456740
0.052260426 0.209041703 0.827456740
0.062712511 0.198589618 0.827456740
0.073164596 0.188137532 0.827456740
0.083616681 0.177685447 0.827456740
0.094068766 0.167233362 0.827456740
0.104520851 0.156781277 0.827456740
0.114972937 0.146329192 0.827456740
0.125425022 0.135877107 0.827456740
0.135877107 0.125425022 0.827456740
0.146329192 0.114972937 0.827456740
0.156781277 0.104520851 0.827456740
0.167233362 0.094068766 0.827456740
0.177685447 0.083616681 0.827456740
0.188137532 0.073164596 0.827456740
0.198589618 0.062712511 0.827456740
0.209041703 0.052260426 0.827456740
0.219493788 0.041808341 0.827456740
0.229945873 0.031356255 0.827456740
0.240397958 0.020904170 0.827456740
0.250850043 0.010452085 0.827456740
0.261302128 0.000000000 0.827456740
0.000000000 0.306382054 0.787839567
0.012255282 0.294126772 0.787839567
0.024510564 0.281871489 0.787839567
0.036765846 0.269616207 0.787839567
0.049021129 0.257360925 0.787839567
0.061276411 0.245105643 0.787839567
0.073531693 0.232850361 0.787839567
0.085786975 0.220595079 0.787839567
0.098042257 0.208339797 0.787839567
0.110297539 0.196084514 0.787839567
0.122552821 0.183829232 0.787839567
0.134808104 0.171573950 0.787839567
0.147063386 0.159318668 0.787839567
0.159318668 0.147063386 0.787839567
0.171573950 0.134808104 0.787839567
0.183829232 0.122552821 0.787839567
0.196084514 0.110297539 0.787839567
0.208339797 0.098042257 0.787839567
0.220595079 0.085786975 0.787839567
0.232850361 0.073531693 0.787839567
0.245105643 0.061276411 0.787839567
0.257360925 0.049021129 0.787839567
0.269616207 0.036765846 0.787839567
0.281871489 0.024510564 0.787839567
0.294126772 0.012255282 0.787839567
0.306382054 0.000000000 0.787839567
0.000000000 0.359815240 0.764607386
0.014392610 0.345422631 0.764607386
0.028785219 0.331030021 0.764607386
0.043177829 0.316637412 0.764607386
0.057570438 0.302244802 0.764607386
0.071963048 0.287852192 0.764607386
0.086355658 0.273459583 0.764607386
0.100748267 0.259066973 0.764607386
0.115140877 0.244674364 0.764607386
0.129533487 0.230281754 0.764607386
0.143926096 0.215889144 0.764607386
0.158318706 0.201496535 0.764607386
0.172711315 0.187103925 0.764607386
0.187103925 0.172711315 0.764607386
0.201496535 0.158318706 0.764607386
0.215889144 0.143926096 0.764607386
0.230281754 0.129533487 0.764607386
0.244674364 0.115140877 0.764607386
0.259066973 0.100748267 0.764607386
0.273459583 0.086355658 0.764607386
0.287852192 0.071963048 0.764607386
0.302244802 0.057570438 0.764607386
0.316637412 0.043177829 0.764607386
0.331030021 0.028785219 0.764607386
0.345422631 0.014392610 0.764607386
0.359815240 0.000000000 0.764607386
0.000000000 0.428167564 0.761186781
0.017126703 0.411040862 0.761186781
0.034253405 0.393914159 0.761186781
0.051380108 0.376787457 0.761186781
0.068506810 0.359660754 0.761186781
0.085633513 0.342534051 0.761186781
0.102760215 0.325407349 0.761186781
0.119886918 0.308280646 0.761186781
0.137013621 0.291153944 0.761186781
0.154140323 0.274027241 0.761186781
0.171267026 0.256900539 0.761186781
0.188393728 0.239773836 0.761186781
0.205520431 0.222647133 0.761186781
0.222647133 0.205520431 0.761186781
0.239773836 0.188393728 0.761186781
0.256900539 0.171267026 0.761186781
0.274027241 0.154140323 0.761186781
0.291153944 0.137013621 0.761186781
0.308280646 0.119886918 0.761186781
0.325407349 0.102760215 0.761186781
0.342534051 0.085633513 0.761186781
0.359660754 0.068506810 0.761186781
0.376787457 0.051380108 0.761186781
0.393914159 0.034253405 0.761186781
0.411040862 0.017126703 0.761186781
0.428167564 0.000000000 0.761186781
0.000000000 0.518620132 0.777930198
0.020744805 0.497875327 0.777930198
0.041489611 0.477130522 0.777930198
0.062234416 0.456385716 0.777930198
0.082979221 0.435640911 0.777930198
0.103724026 0.414896106 0.777930198
0.124468832 0.394151300 0.777930198
0.145213637 0.373406495 0.777930198
0.165958442 0.352661690 0.777930198
0.186703248 0.331916885 0.777930198
0.207448053 0.311172079 0.777930198
0.228192858 0.290427274 0.777930198
0.248937663 0.269682469 0.777930198
0.269682469 0.248937663 0.777930198
0.290427274 0.228192858 0.777930198
0.311172079 0.207448053 0.777930198
0.331916885 0.186703248 0.777930198
0.352661690 0.165958442 0.777930198
0.373406495 0.145213637 0.777930198
0.394151300 0.124468832 0.777930198
0.414896106 0.103724026 0.777930198
0.435640911 0.082979221 0.777930198
0.456385716 0.062234416 0.777930198
0.477130522 0.041489611 0.777930198
0.497875327 0.020744805 0.777930198
0.518620132 0.000000000 0.777930198
0.000000000 0.627901855 0.799147816
0.025116074 0.602785781 0.799147816
0.050232148 0.577669707 0.799147816
0.075348223 0.552553633 0.799147816
0.100464297 0.527437559 0.799147816
0.125580371 0.502321484 0.799147816
0.150696445 0.477205410 0.799147816
0.175812520 0.452089336 0.799147816
0.200928594 0.426973262 0.799147816
0.226044668 0.401857187 0.799147816
0.251160742 0.376741113 0.799147816
0.276276816 0.351625039 0.799147816
0.301392891 0.326508965 0.799147816
0.326508965 0.301392891 0.799147816
0.351625039 0.276276816 0.799147816
0.376741113 0.251160742 0.799147816
0.401857187 0.226044668 0.799147816
0.426973262 0.200928594 0.799147816
0.452089336 0.175812520 0.799147816
0.477205410 0.150696445 0.799147816
0.502321484 0.125580371 0.799147816
0.527437559 0.100464297 0.799147816
0.552553633 0.075348223 0.799147816
0.577669707 0.050232148 0.799147816
0.602785781 0.025116074 0.799147816
0.627901855 0.000000000 0.799147816
0.000000000 0.730657883 0.791546040
0.029226315 0.701431568 0.791546040
0.058452631 0.672205252 0.791546040
0.087678946 0.642978937 0.791546040
0.116905261 0.613752622 0.791546040
0.146131577 0.584526306 0.791546040
0.175357892 0.555299991 0.791546040
0.204584207 0.526073676 0.791546040
0.233810523 0.496847360 0.791546040
0.263036838 0.467621045 0.791546040
0.292263153 0.438394730 0.791546040
0.321489468 0.409168414 0.791546040
0.350715784 0.379942099 0.791546040
0.379942099 0.350715784 0.791546040
0.409168414 0.321489468 0.791546040
0.438394730 0.292263153 0.791546040
0.467621045 0.263036838 0.791546040
0.496847360 0.233810523 0.791546040
0.526073676 0.204584207 0.791546040
0.555299991 0.175357892 0.791546040
0.584526306 0.146131577 0.791546040
0.613752622 0.116905261 0.791546040
0.642978937 0.087678946 0.791546040
0.672205252 0.058452631 0.791546040
0.701431568 0.029226315 0.791546040
0.730657883 0.000000000 0.791546040
0.000000000 0.791546040 0.730657883
0.031661842 0.759884198 0.730657883
0.063323683 0.728222357 0.730657883
0.094985525 0.696560515 0.730657883
0.126647366 0.664898673 0.730657883
0.158309208 0.633236832 0.730657883
0.189971050 0.601574990 0.730657883
0.221632891 0.569913149 0.730657883
0.253294733 0.538251307 0.730657883
0.284956574 0.506589465 0.730657883
0.316618416 0.474927624 0.730657883
0.348280257 0.443265782 0.730657883
0.379942099 0.411603941 0.730657883
0.411603941 0.379942099 0.730657883
0.443265782 0.348280257 0.730657883
0.474927624 0.316618416 0.730657883
0.506589465 0.284956574 0.730657883
0.538251307 0.253294733 0.730657883
0.569913149 0.221632891 0.730657883
0.601574990 0.189971050 0.730657883
0.633236832 0.158309208 0.730657883
0.664898673 0.126647366 0.730657883
0.696560515 0.094985525 0.730657883
0.728222357 0.063323683 0.730657883
0.759884198 0.031661842 0.730657883
0.791546040 0.000000000 0.730657883
0.000000000 0.799147816 0.627901855
0.031965913 0.767181903 0.627901855
0.063931825 0.735215991 0.627901855
0.095897738 0.703250078 0.627901855
0.127863651 0.671284165 0.627901855
0.159829563 0.639318253 0.627901855
0.191795476 0.607352340 0.627901855
0.223761388 0.575386428 0.627901855
0.255727301 0.543420515 0.627901855
0.287693214 0.511454602 0.627901855
0.319659126 0.479488690 0.627901855
0.351625039 0.447522777 0.627901855
0.383590952 0.415556864 0.627901855
0.415556864 0.383590952 0.627901855
0.447522777 0.351625039 0.627901855
0.479488690 0.319659126 0.627901855
0.511454602 0.287693214 0.627901855
0.543420515 0.255727301 0.627901855
0.575386428 0.223761388 0.627901855
0.607352340 0.191795476 0.627901855
0.639318253 0.159829563 0.627901855
0.671284165 0.127863651 0.627901855
0.703250078 0.095897738 0.627901855
0.735215991 0.063931825 0.627901855
0.767181903 0.031965913 0.627901855
0.799147816 0.000000000 0.627901855
0.000000000 0.777930198 0.518620132
0.031117208 0.746812990 0.518620132
0.062234416 0.715695782 0.518620132
0.093351624 0.684578574 0.518620132
0.124468832 0.653461366 0.518620132
0.155586040 0.622344159 0.518620132
0.186703248 0.591226951 0.518620132
0.217820455 0.560109743 0.518620132
0.248937663 0.528992535 0.518620132
0.280054871 0.497875327 0.518620132
0.311172079 0.466758119 0.518620132
0.342289287 0.435640911 0.518620132
0.373406495 0.404523703 0.518620132
0.404523703 0.373406495 0.518620132
0.435640911 0.342289287 0.518620132
0.466758119 0.311172079 0.518620132
0.497875327 0.280054871 0.518620132
0.528992535 0.248937663 0.518620132
0.560109743 0.217820455 0.518620132
0.591226951 0.186703248 0.518620132
0.622344159 0.155586040 0.518620132
0.653461366 0.124468832 0.518620132
0.684578574 0.093351624 0.518620132
0.715695782 0.062234416 0.518620132
0.746812990 0.031117208 0.518620132
0.777930198 0.000000000 0.518620132
0.000000000 0.761186781 0.428167564
0.030447471 0.730739310 0.428167564
0.060894942 0.700291839 0.428167564
0.091342414 0.669844367 0.428167564
0.121789885 0.639396896 0.428167564
0.152237356 0.608949425 0.428167564
0.182684827 0.578501954 0.428167564
0.213132299 0.548054482 0.428167564
0.243579770 0.517607011 0.428167564
0.274027241 0.487159540 0.428167564
0.304474712 0.456712069 0.428167564
0.334922184 0.426264597 0.428167564
0.365369655 0.395817126 0.428167564
0.395817126 0.365369655 0.428167564
0.426264597 0.334922184 0.428167564
0.456712069 0.304474712 0.428167564
0.487159540 0.274027241 0.428167564
0.517607011 0.243579770 0.428167564
0.548054482 0.213132299 0.428167564
0.578501954 0.182684827 0.428167564
0.608949425 0.152237356 0.428167564
0.639396896 0.121789885 0.428167564
0.669844367 0.091342414 0.428167564
0.700291839 0.060894942 0.428167564
0.730739310 0.030447471 0.428167564
0.761186781 0.000000000 0.428167564
0.000000000 0.764607386 0.359815240
0.030584295 0.734023091 0.359815240
0.061168591 0.703438795 0.359815240
0.091752886 0.672854500 0.359815240
0.122337182 0.642270204 0.359815240
0.152921477 0.611685909 0.359815240
0.183505773 0.581101613 0.359815240
0.214090068 0.550517318 0.359815240
0.244674364 0.519933022 0.359815240
0.275258659 0.489348727 0.359815240
0.305842954 0.458764432 0.359815240
0.336427250 0.428180136 0.359815240
0.367011545 0.397595841 0.359815240
0.397595841 0.367011545 0.359815240
0.428180136 0.336427250 0.359815240
0.458764432 0.305842954 0.359815240
0.489348727 0.275258659 0.359815240
0.519933022 0.244674364 0.359815240
0.550517318 0.214090068 0.359815240
0.581101613 0.183505773 0.359815240
0.611685909 0.152921477 0.359815240
0.642270204 0.122337182 0.359815240
0.672854500 0.091752886 0.359815240
0.703438795 0.061168591 0.359815240
0.734023091 0.030584295 0.359815240
0.764607386 0.000000000 0.359815240
0.000000000 0.787839567 0.306382054
0.031513583 0.756325984 0.306382054
0.063027165 0.724812401 0.306382054
0.094540748 0.693298819 0.306382054
0.126054331 0.661785236 0.306382054
0.157567913 0.630271653 0.306382054
0.189081496 0.598758071 0.306382054
0.220595079 0.567244488 0.306382054
0.252108661 0.535730905 0.306382054
0.283622244 0.504217323 0.306382054
0.315135827 0.472703740 0.306382054
0.346649409 0.441190157 0.306382054
0.378162992 0.409676575 0.306382054
0.409676575 0.378162992 0.306382054
0.441190157 0.346649409 0.306382054
0.472703740 0.315135827 0.306382054
0.504217323 0.283622244 0.306382054
0.535730905 0.252108661 0.306382054
0.567244488 0.220595079 0.306382054
0.598758071 0.189081496 0.306382054
0.630271653 0.157567913 0.306382054
0.661785236 0.126054331 0.306382054
0.693298819 0.094540748 0.306382054
0.724812401 0.063027165 0.306382054
0.756325984 0.031513583 0.306382054
0.787839567 0.000000000 0.306382054
0.000000000 0.827456740 0.261302128
0.033098270 0.794358470 0.261302128
0.066196539 0.761260201 0.261302128
0.099294809 0.728161931 0.261302128
0.132393078 0.695063662 0.261302128
0.165491348 0.661965392 0.261302128
0.198589618 0.628867122 0.261302128
0.231687887 0.595768853 0.261302128
0.264786157 0.562670583 0.261302128
0.297884426 0.529572314 0.261302128
0.330982696 0.496474044 0.261302128
0.364080966 0.463375774 0.261302128
0.397179235 0.430277505 0.261302128
0.430277505 0.397179235 0.261302128
0.463375774 0.364080966 0.261302128
0.496474044 0.330982696 0.261302128
0.529572314 0.297884426 0.261302128
0.562670583 0.264786157 0.261302128
0.595768853 0.231687887 0.261302128
0.628867122 0.198589618 0.261302128
0.661965392 0.165491348 0.261302128
0.695063662 0.132393078 0.261302128
0.728161931 0.099294809 0.261302128
0.761260201 0.066196539 0.261302128
0.794358470 0.033098270 0.261302128
0.827456740 0.000000000 0.261302128
0.000000000 0.884587240 0.221146810
0.035383490 0.849203750 0.221146810
0.070766979 0.813820261 0.221146810
0.106150469 0.778436771 0.221146810
0.141533958 0.743053282 0.221146810
0.176917448 0.707669792 0.221146810
0.212300938 0.672286302 0.221146810
0.247684427 0.636902813 0.221146810
0.283067917 0.601519323 0.221146810
0.318451406 0.566135834 0.221146810
0.353834896 0.530752344 0.221146810
0.389218386 0.495368854 0.221146810
0.424601875 0.459985365 0.221146810
0.459985365 0.424601875 0.221146810
0.495368854 0.389218386 0.221146810
0.530752344 0.353834896 0.221146810
0.566135834 0.318451406 0.221146810
0.601519323 0.283067917 0.221146810
0.636902813 0.247684427 0.221146810
0.672286302 0.212300938 0.221146810
0.707669792 0.176917448 0.221146810
0.743053282 0.141533958 0.221146810
0.778436771 0.106150469 0.221146810
0.813820261 0.070766979 0.221146810
0.849203750 0.035383490 0.221146810
0.884587240 0.000000000 0.221146810
0.000000000 0.967507264 0.184287098
0.038700291 0.928806974 0.184287098
0.077400581 0.890106683 0.184287098
0.116100872 0.851406393 0.184287098
0.154801162 0.812706102 0.184287098
0.193501453 0.774005812 0.184287098
0.232201743 0.735305521 0.184287098
0.270902034 0.696605230 0.184287098
0.309602325 0.657904940 0.184287098
0.348302615 0.619204649 0.184287098
0.387002906 0.580504359 0.184287098
0.425703196 0.541804068 0.184287098
0.464403487 0.503103777 0.184287098
0.503103777 0.464403487 0.184287098
0.541804068 0.425703196 0.184287098
0.580504359 0.387002906 0.184287098
0.619204649 0.348302615 0.184287098
0.657904940 0.309602325 0.184287098
0.696605230 0.270902034 0.184287098
0.735305521 0.232201743 0.184287098
0.774005812 0.193501453 0.184287098
0.812706102 0.154801162 0.184287098
0.851406393 0.116100872 0.184287098
0.890106683 0.077400581 0.184287098
0.928806974 0.038700291 0.184287098
0.967507264 0.000000000 0.184287098
0.000000000 1.089353944 0.148548265
0.043574158 1.045779787 0.148548265
0.087148316 1.002205629 0.148548265
0.130722473 0.958631471 0.148548265
0.174296631 0.915057313 0.148548265
0.217870789 0.871483155 0.148548265
0.261444947 0.827908998 0.148548265
0.305019104 0.784334840 0.148548265
0.348593262 0.740760682 0.148548265
0.392167420 0.697186524 0.148548265
0.435741578 0.653612367 0.148548265
0.479315735 0.610038209 0.148548265
0.522889893 0.566464051 0.148548265
0.566464051 0.522889893 0.148548265
0.610038209 0.479315735 0.148548265
0.653612367 0.435741578 0.148548265
0.697186524 0.392167420 0.148548265
0.740760682 0.348593262 0.148548265
0.784334840 0.305019104 0.148548265
0.827908998 0.261444947 0.148548265
0.871483155 0.217870789 0.148548265
0.915057313 0.174296631 0.148548265
0.958631471 0.130722473 0.148548265
1.002205629 0.087148316 0.148548265
1.045779787 0.043574158 0.148548265
1.089353944 0.000000000 0.148548265
0.000000000 1.252832702 0.108941974
0.050113308 1.202719394 0.108941974
0.100226616 1.152606086 0.108941974
0.150339924 1.102492778 0.108941974
0.200453232 1.052379470 0.108941974
0.250566540 1.002266161 0.108941974
0.300679848 0.952152853 0.108941974
0.350793157 0.902039545 0.108941974
0.400906465 0.851926237 0.108941974
0.451019773 0.801812929 0.108941974
0.501133081 0.751699621 0.108941974
0.551246389 0.701586313 0.108941974
0.601359697 0.651473005 0.108941974
0.651473005 0.601359697 0.108941974
0.701586313 0.551246389 0.108941974
0.751699621 0.501133081 0.108941974
0.801812929 0.451019773 0.108941974
0.851926237 0.400906465 0.108941974
0.902039545 0.350793157 0.108941974
0.952152853 0.300679848 0.108941974
1.002266161 0.250566540 0.108941974
1.052379470 0.200453232 0.108941974
1.102492778 0.150339924 0.108941974
1.152606086 0.100226616 0.108941974
1.202719394 0.050113308 0.108941974
1.252832702 0.000000000 0.108941974
0.000000000 1.424235615 0.059343151
0.056969425 1.367266190 0.059343151
0.113938849 1.310296765 0.059343151
0.170908274 1.253327341 0.059343151
0.227877698 1.196357916 0.059343151
0.284847123 1.139388492 0.059343151
0.341816548 1.082419067 0.059343151
0.398785972 1.025449643 0.059343151
0.455755397 0.968480218 0.059343151
0.512724821 0.911510793 0.059343151
0.569694246 0.854541369 0.059343151
0.626663670 0.797571944 0.059343151
0.683633095 0.740602520 0.059343151
0.740602520 0.683633095 0.059343151
0.797571944 0.626663670 0.059343151
0.854541369 0.569694246 0.059343151
0.911510793 0.512724821 0.059343151
0.968480218 0.455755397 0.059343151
1.025449643 0.398785972 0.059343151
1.082419067 0.341816548 0.059343151
1.139388492 0.284847123 0.059343151
1.196357916 0.227877698 0.059343151
1.253327341 0.170908274 0.059343151
1.310296765 0.113938849 0.059343151
1.367266190 0.056969425 0.059343151
1.424235615 0.000000000 0.059343151
0.000000000 1.535949516 0.000000000
0.061437981 1.474511535 0.000000000
0.122875961 1.413073554 0.000000000
0.184313942 1.351635574 0.000000000
0.245751922 1.290197593 0.000000000
0.307189903 1.228759612 0.000000000
0.368627884 1.167321632 0.000000000
0.430065864 1.105883651 0.000000000
0.491503845 1.044445671 0.000000000
0.552941826 0.983007690 0.000000000
0.614379806 0.921569709 0.000000000
0.675817787 0.860131729 0.000000000
0.737255767 0.798693748 0.000000000
0.798693748 0.737255767 0.000000000
0.860131729 0.675817787 0.000000000
0.921569709 0.614379806 0.000000000
0.983007690 0.552941826 0.000000000
1.044445671 0.491503845 0.000000000
1.105883651 0.430065864 0.000000000
1.167321632 0.368627884 0.000000000
1.228759612 0.307189903 0.000000000
1.290197593 0.245751922 0.000000000
1.351635574 0.184313942 0.000000000
1.413073554 0.122875961 0.000000000
1.474511535 0.061437981 0.000000000
1.535949516 0.000000000 0.000000000
