0.00000 0.00000 9.50000
0.00000 0.00000 9.27658
0.00000 0.00000 9.00831
0.00000 0.00000 8.70097
0.00000 0.00000 8.36383
0.00000 0.00000 8.00902
0.00000 0.00000 7.65079
0.00000 0.00000 7.30462
0.00000 0.00000 6.98622
0.00000 0.00000 6.71058
0.00000 0.00000 6.49098
0.00000 0.00000 6.33822
0.00000 0.00000 6.25989
0.00000 0.00000 6.25989
0.00000 0.00000 6.33822
0.00000 0.00000 6.49098
0.00000 0.00000 6.71058
0.00000 0.00000 6.98622
0.00000 0.00000 7.30462
0.00000 0.00000 7.65079
0.00000 0.00000 8.00902
0.00000 0.00000 8.36383
0.00000 0.00000 8.70097
0.00000 0.00000 9.00831
0.00000 0.00000 9.27658
0.00000 0.00000 9.50000
0.00000 0.58248 9.25828
0.03569 0.56733 9.03530
0.06913 0.54726 8.76755
0.09974 0.52288 8.46082
0.12712 0.49508 8.12435
0.15107 0.46494 7.77024
0.17168 0.43362 7.41272
0.18932 0.40232 7.06723
0.20457 0.37211 6.74946
0.21826 0.34392 6.47436
0.23132 0.31838 6.25520
0.24474 0.29584 6.10274
0.25947 0.27630 6.02456
0.27630 0.25947 6.02456
0.29584 0.24474 6.10274
0.31838 0.23132 6.25520
0.34392 0.21826 6.47436
0.37211 0.20457 6.74946
0.40232 0.18932 7.06723
0.43362 0.17168 7.41272
0.46494 0.15107 7.77024
0.49508 0.12712 8.12435
0.52288 0.09974 8.46082
0.54726 0.06913 8.76755
0.56733 0.03569 9.03530
0.58248 0.00000 9.25828
0.00000 1.12904 8.93727
0.06913 1.09887 8.71562
0.13378 1.05900 8.44946
0.19280 1.01067 8.14454
0.24537 0.95564 7.81006
0.29115 0.89606 7.45805
0.33031 0.83426 7.10265
0.36357 0.77262 6.75920
0.39214 0.71330 6.44332
0.41764 0.65810 6.16984
0.44196 0.60831 5.95198
0.46708 0.56460 5.80043
0.49489 0.52701 5.72271
0.52701 0.49489 5.72271
0.56460 0.46708 5.80043
0.60831 0.44196 5.95198
0.65810 0.41764 6.16984
0.71330 0.39214 6.44332
0.77262 0.36357 6.75920
0.83426 0.33031 7.10265
0.89606 0.29115 7.45805
0.95564 0.24537 7.81006
1.01067 0.19280 8.14454
1.05900 0.13378 8.44946
1.09887 0.06913 8.71562
1.12904 0.00000 8.93727
0.00000 1.63040 8.54685
0.09974 1.58540 8.32739
0.19280 1.52614 8.06387
0.27745 1.45445 7.76197
0.35252 1.37297 7.43080
0.41749 1.28489 7.08228
0.47263 1.19373 6.73040
0.51904 1.10301 6.39036
0.55853 1.01596 6.07760
0.59354 0.93527 5.80683
0.62691 0.86287 5.59113
0.66161 0.79975 5.44108
0.70047 0.74593 5.36413
0.74593 0.70047 5.36413
0.79975 0.66161 5.44108
0.86287 0.62691 5.59113
0.93527 0.59354 5.80683
1.01596 0.55853 6.07760
1.10301 0.51904 6.39036
1.19373 0.47263 6.73040
1.28489 0.41749 7.08228
1.37297 0.35252 7.43080
1.45445 0.27745 7.76197
1.52614 0.19280 8.06387
1.58540 0.09974 8.32739
1.63040 0.00000 8.54685
0.00000 2.08000 8.10106
0.12712 2.02044 7.88466
0.24537 1.94228 7.62482
0.35252 1.84797 7.32713
0.44701 1.74097 7.00058
0.52817 1.62555 6.65692
0.59641 1.50635 6.30995
0.65316 1.38803 5.97465
0.70088 1.27489 5.66626
0.74282 1.17049 5.39927
0.78275 1.07736 5.18658
0.82463 0.99681 5.03862
0.87226 0.92886 4.96274
0.92886 0.87226 4.96274
0.99681 0.82463 5.03862
1.07736 0.78275 5.18658
1.17049 0.74282 5.39927
1.27489 0.70088 5.66626
1.38803 0.65316 5.97465
1.50635 0.59641 6.30995
1.62555 0.52817 6.65692
1.74097 0.44701 7.00058
1.84797 0.35252 7.32713
1.94228 0.24537 7.62482
2.02044 0.12712 7.88466
2.08000 0.00000 8.10106
0.00000 2.47492 7.61703
0.15107 2.40114 7.40455
0.29115 2.30466 7.14940
0.41749 2.18854 6.85710
0.52817 2.05710 6.53646
0.62242 1.91560 6.19902
0.70072 1.76982 5.85833
0.76492 1.62553 5.52910
0.81808 1.48808 5.22628
0.86426 1.36185 4.96413
0.90818 1.25000 4.75528
0.95478 1.15414 4.61000
1.00880 1.07426 4.53550
1.07426 1.00880 4.53550
1.15414 0.95478 4.61000
1.25000 0.90818 4.75528
1.36185 0.86426 4.96413
1.48808 0.81808 5.22628
1.62553 0.76492 5.52910
1.76982 0.70072 5.85833
1.91560 0.62242 6.19902
2.05710 0.52817 6.53646
2.18854 0.41749 6.85710
2.30466 0.29115 7.14940
2.40114 0.15107 7.40455
2.47492 0.00000 7.61703
0.00000 2.81644 7.11353
0.17168 2.72880 6.90580
0.33031 2.61466 6.65636
0.47263 2.47762 6.37060
0.59641 2.32285 6.05714
0.70072 2.15659 5.72724
0.78621 1.98573 5.39417
0.85508 1.81714 5.07231
0.91103 1.65715 4.77627
0.95891 1.51100 4.51998
1.00438 1.38241 4.31581
1.05335 1.27329 4.17378
1.11148 1.18361 4.10094
1.18361 1.11148 4.10094
1.27329 1.05335 4.17378
1.38241 1.00438 4.31581
1.51100 0.95891 4.51998
1.65715 0.91103 4.77627
1.81714 0.85508 5.07231
1.98573 0.78621 5.39417
2.15659 0.70072 5.72724
2.32285 0.59641 6.05714
2.47762 0.47263 6.37060
2.61466 0.33031 6.65636
2.72880 0.17168 6.90580
2.81644 0.00000 7.11353
0.00000 3.11016 6.60942
0.18932 3.00908 6.40726
0.36357 2.87793 6.16452
0.51904 2.72088 5.88643
0.65316 2.54388 5.58138
0.76492 2.35417 5.26033
0.85508 2.15969 4.93620
0.92624 1.96837 4.62298
0.98270 1.78753 4.33488
1.03011 1.62320 4.08547
1.07505 1.47967 3.88678
1.12438 1.35914 3.74856
1.18466 1.26154 3.67767
1.26154 1.18466 3.67767
1.35914 1.12438 3.74856
1.47967 1.07505 3.88678
1.62320 1.03011 4.08547
1.78753 0.98270 4.33488
1.96837 0.92624 4.62298
2.15969 0.85508 4.93620
2.35417 0.76492 5.26033
2.54388 0.65316 5.58138
2.72088 0.51904 5.88643
2.87793 0.36357 6.16452
3.00908 0.18932 6.40726
3.11016 0.00000 6.60942
0.00000 3.36564 6.12207
0.20457 3.25158 5.92629
0.39214 3.10409 5.69120
0.55853 2.92790 5.42188
0.70088 2.72974 5.12644
0.81808 2.51778 4.81551
0.91103 2.30099 4.50160
0.98270 2.08834 4.19824
1.03799 1.88810 3.91923
1.08335 1.70708 3.67768
1.12622 1.55010 3.48525
1.17442 1.41962 3.35139
1.23540 1.31557 3.28274
1.31557 1.23540 3.28274
1.41962 1.17442 3.35139
1.55010 1.12622 3.48525
1.70708 1.08335 3.67768
1.88810 1.03799 3.91923
2.08834 0.98270 4.19824
2.30099 0.91103 4.50160
2.51778 0.81808 4.81551
2.72974 0.70088 5.12644
2.92790 0.55853 5.42188
3.10409 0.39214 5.69120
3.25158 0.20457 5.92629
3.36564 0.00000 6.12207
0.00000 3.59571 5.66593
0.21826 3.46913 5.47729
0.41764 3.30597 5.25078
0.59354 3.11146 4.99128
0.74282 2.89307 4.70662
0.86426 2.65991 4.40705
0.95891 2.42193 4.10459
1.03011 2.18910 3.81230
1.08335 1.97060 3.54347
1.12580 1.77398 3.31074
1.16581 1.60460 3.12533
1.21209 1.46516 2.99635
1.27296 1.35557 2.93021
1.35557 1.27296 2.93021
1.46516 1.21209 2.99635
1.60460 1.16581 3.12533
1.77398 1.12580 3.31074
1.97060 1.08335 3.54347
2.18910 1.03011 3.81230
2.42193 0.95891 4.10459
2.65991 0.86426 4.40705
2.89307 0.74282 4.70662
3.11146 0.59354 4.99128
3.30597 0.41764 5.25078
3.46913 0.21826 5.47729
3.59571 0.00000 5.66593
0.00000 3.81530 5.25132
0.23132 3.67671 5.07057
0.44196 3.49849 4.85353
0.62691 3.28638 4.60489
0.78275 3.04859 4.33213
0.90818 2.79508 4.04508
1.00438 2.53677 3.75527
1.07505 2.28459 3.47521
1.12622 2.04858 3.21763
1.16581 1.83702 2.99462
1.20299 1.65577 2.81697
1.24735 1.50779 2.69338
1.30804 1.39292 2.63001
1.39292 1.30804 2.63001
1.50779 1.24735 2.69338
1.65577 1.20299 2.81697
1.83702 1.16581 2.99462
2.04858 1.12622 3.21763
2.28459 1.07505 3.47521
2.53677 1.00438 3.75527
2.79508 0.90818 4.04508
3.04859 0.78275 4.33213
3.28638 0.62691 4.60489
3.49849 0.44196 4.85353
3.67671 0.23132 5.07057
3.81530 0.00000 5.25132
0.00000 4.04014 4.88369
0.24474 3.89003 4.71154
0.46708 3.69733 4.50483
0.66161 3.46827 4.26802
0.82463 3.21174 4.00825
0.95478 2.93852 3.73486
1.05335 2.66047 3.45884
1.12438 2.38942 3.19211
1.17442 2.13625 2.94678
1.21209 1.90995 2.73440
1.24735 1.71683 2.56520
1.29062 1.56009 2.44749
1.35185 1.43957 2.38713
1.43957 1.35185 2.38713
1.56009 1.29062 2.44749
1.71683 1.24735 2.56520
1.90995 1.21209 2.73440
2.13625 1.17442 2.94678
2.38942 1.12438 3.19211
2.66047 1.05335 3.45884
2.93852 0.95478 3.73486
3.21174 0.82463 4.00825
3.46827 0.66161 4.26802
3.69733 0.46708 4.50483
3.89003 0.24474 4.71154
4.04014 0.00000 4.88369
0.00000 4.28519 4.56326
0.25947 4.12409 4.40040
0.49489 3.91746 4.20483
0.70047 3.67200 3.98079
0.87226 3.39723 3.73503
1.00880 3.10476 3.47638
1.11148 2.80729 3.21524
1.18466 2.51754 2.96290
1.23540 2.24719 2.73079
1.27296 2.00586 2.52986
1.30804 1.80036 2.36978
1.35185 1.63411 2.25842
1.41508 1.50691 2.20132
1.50691 1.41508 2.20132
1.63411 1.35185 2.25842
1.80036 1.30804 2.36978
2.00586 1.27296 2.52986
2.24719 1.23540 2.73079
2.51754 1.18466 2.96290
2.80729 1.11148 3.21524
3.10476 1.00880 3.47638
3.39723 0.87226 3.73503
3.67200 0.70047 3.98079
3.91746 0.49489 4.20483
4.12409 0.25947 4.40040
4.28519 0.00000 4.56326
0.00000 4.56326 4.28519
0.27630 4.39171 4.13225
0.52701 4.17167 3.94860
0.74593 3.91028 3.73821
0.92886 3.61768 3.50742
1.07426 3.30623 3.26454
1.18361 2.98946 3.01932
1.26154 2.68091 2.78234
1.31557 2.39301 2.56439
1.35557 2.13603 2.37569
1.39292 1.91719 2.22537
1.43957 1.74015 2.12080
1.50691 1.60469 2.06718
1.60469 1.50691 2.06718
1.74015 1.43957 2.12080
1.91719 1.39292 2.22537
2.13603 1.35557 2.37569
2.39301 1.31557 2.56439
2.68091 1.26154 2.78234
2.98946 1.18361 3.01932
3.30623 1.07426 3.26454
3.61768 0.92886 3.50742
3.91028 0.74593 3.73821
4.17167 0.52701 3.94860
4.39171 0.27630 4.13225
4.56326 0.00000 4.28519
0.00000 4.88369 4.04014
0.29584 4.70224 3.89772
0.56460 4.46931 3.72672
0.79975 4.19242 3.53081
0.99681 3.88232 3.31591
1.15414 3.55207 3.08975
1.27329 3.21595 2.86141
1.35914 2.88831 2.64075
1.41962 2.58229 2.43779
1.46516 2.30873 2.26209
1.50779 2.07529 2.12212
1.56009 1.88583 2.02474
1.63411 1.74015 1.97481
1.74015 1.63411 1.97481
1.88583 1.56009 2.02474
2.07529 1.50779 2.12212
2.30873 1.46516 2.26209
2.58229 1.41962 2.43779
2.88831 1.35914 2.64075
3.21595 1.27329 2.86141
3.55207 1.15414 3.08975
3.88232 0.99681 3.31591
4.19242 0.79975 3.53081
4.46931 0.56460 3.72672
4.70224 0.29584 3.89772
4.88369 0.00000 4.04014
0.00000 5.25132 3.81530
0.31838 5.06056 3.68398
0.60831 4.81526 3.52629
0.86287 4.52332 3.34565
1.07736 4.19603 3.14748
1.25000 3.84710 2.93893
1.38241 3.49157 2.72837
1.47967 3.14447 2.52489
1.55010 2.81963 2.33774
1.60460 2.52844 2.17572
1.65577 2.27898 2.04665
1.71683 2.07529 1.95686
1.80036 1.91719 1.91081
1.91719 1.80036 1.91081
2.07529 1.71683 1.95686
2.27898 1.65577 2.04665
2.52844 1.60460 2.17572
2.81963 1.55010 2.33774
3.14447 1.47967 2.52489
3.49157 1.38241 2.72837
3.84710 1.25000 2.93893
4.19603 1.07736 3.14748
4.52332 0.86287 3.34565
4.81526 0.60831 3.52629
5.06056 0.31838 3.68398
5.25132 0.00000 3.81530
0.00000 5.66593 3.59571
0.34392 5.46648 3.47599
0.65810 5.20937 3.33224
0.93527 4.90287 3.16756
1.17049 4.55876 2.98691
1.36185 4.19135 2.79680
1.51100 3.81635 2.60485
1.62320 3.44948 2.41936
1.70708 3.10517 2.24876
1.77398 2.79535 2.10106
1.83702 2.52844 1.98339
1.90995 2.30873 1.90154
2.00586 2.13603 1.85957
2.13603 2.00586 1.85957
2.30873 1.90995 1.90154
2.52844 1.83702 1.98339
2.79535 1.77398 2.10106
3.10517 1.70708 2.24876
3.44948 1.62320 2.41936
3.81635 1.51100 2.60485
4.19135 1.36185 2.79680
4.55876 1.17049 2.98691
4.90287 0.93527 3.16756
5.20937 0.65810 3.33224
5.46648 0.34392 3.47599
5.66593 0.00000 3.59571
0.00000 6.12207 3.36564
0.37211 5.91460 3.25801
0.71330 5.64632 3.12876
1.01596 5.32584 2.98070
1.27489 4.96538 2.81828
1.48808 4.57983 2.64735
1.65715 4.18548 2.47477
1.78753 3.79869 2.30800
1.88810 3.43445 2.15462
1.97060 3.10517 2.02182
2.04858 2.81963 1.91603
2.13625 2.58229 1.84244
2.24719 2.39301 1.80470
2.39301 2.24719 1.80470
2.58229 2.13625 1.84244
2.81963 2.04858 1.91603
3.10517 1.97060 2.02182
3.43445 1.88810 2.15462
3.79869 1.78753 2.30800
4.18548 1.65715 2.47477
4.57983 1.48808 2.64735
4.96538 1.27489 2.81828
5.32584 1.01596 2.98070
5.64632 0.71330 3.12876
5.91460 0.37211 3.25801
6.12207 0.00000 3.36564
0.00000 6.60942 3.11016
0.40232 6.39462 3.01503
0.77262 6.11591 2.90080
1.10301 5.78217 2.76994
1.38803 5.40603 2.62640
1.62553 5.00288 2.47533
1.81714 4.58956 2.32280
1.96837 4.18299 2.17541
2.08834 3.79869 2.03984
2.18910 3.44948 1.92248
2.28459 3.14447 1.82898
2.38942 2.88831 1.76394
2.51754 2.68091 1.73058
2.68091 2.51754 1.73058
2.88831 2.38942 1.76394
3.14447 2.28459 1.82898
3.44948 2.18910 1.92248
3.79869 2.08834 2.03984
4.18299 1.96837 2.17541
4.58956 1.81714 2.32280
5.00288 1.62553 2.47533
5.40603 1.38803 2.62640
5.78217 1.10301 2.76994
6.11591 0.77262 2.90080
6.39462 0.40232 3.01503
6.60942 0.00000 3.11016
0.00000 7.11353 2.81644
0.43362 6.89217 2.73420
0.83426 6.60387 2.63544
1.19373 6.25776 2.52230
1.50635 5.86684 2.39819
1.76982 5.44693 2.26758
1.98573 5.01538 2.13570
2.15969 4.58956 2.00827
2.30099 4.18548 1.89106
2.42193 3.81635 1.78959
2.53677 3.49157 1.70875
2.66047 3.21595 1.65252
2.80729 2.98946 1.62368
2.98946 2.80729 1.62368
3.21595 2.66047 1.65252
3.49157 2.53677 1.70875
3.81635 2.42193 1.78959
4.18548 2.30099 1.89106
4.58956 2.15969 2.00827
5.01538 1.98573 2.13570
5.44693 1.76982 2.26758
5.86684 1.50635 2.39819
6.25776 1.19373 2.52230
6.60387 0.83426 2.63544
6.89217 0.43362 2.73420
7.11353 0.00000 2.81644
0.00000 7.61703 2.47492
0.46494 7.38993 2.40588
0.89606 7.09302 2.32298
1.28489 6.73565 2.22801
1.62555 6.33111 2.12383
1.91560 5.89562 2.01418
2.15659 5.44693 1.90349
2.35417 5.00288 1.79651
2.51778 4.57983 1.69812
2.65991 4.19135 1.61294
2.79508 3.84710 1.54508
2.93852 3.55207 1.49788
3.10476 3.30623 1.47367
3.30623 3.10476 1.47367
3.55207 2.93852 1.49788
3.84710 2.79508 1.54508
4.19135 2.65991 1.61294
4.57983 2.51778 1.69812
5.00288 2.35417 1.79651
5.44693 2.15659 1.90349
5.89562 1.91560 2.01418
6.33111 1.62555 2.12383
6.73565 1.28489 2.22801
7.09302 0.89606 2.32298
7.38993 0.46494 2.40588
7.61703 0.00000 2.47492
0.00000 8.10106 2.08000
0.49508 7.86911 2.02444
0.95564 7.56469 1.95772
1.37297 7.19735 1.88129
1.74097 6.78065 1.79744
2.05710 6.33111 1.70921
2.32285 5.86684 1.62012
2.54388 5.40603 1.53403
2.72974 4.96538 1.45485
2.89307 4.55876 1.38630
3.04859 4.19603 1.33169
3.21174 3.88232 1.29370
3.39723 3.61768 1.27422
3.61768 3.39723 1.27422
3.88232 3.21174 1.29370
4.19603 3.04859 1.33169
4.55876 2.89307 1.38630
4.96538 2.72974 1.45485
5.40603 2.54388 1.53403
5.86684 2.32285 1.62012
6.33111 2.05710 1.70921
6.78065 1.74097 1.79744
7.19735 1.37297 1.88129
7.56469 0.95564 1.95772
7.86911 0.49508 2.02444
8.10106 0.00000 2.08000
0.00000 8.54685 1.63040
0.52288 8.31096 1.58853
1.01067 8.00028 1.53826
1.45445 7.62449 1.48068
1.84797 7.19735 1.41750
2.18854 6.73565 1.35102
2.47762 6.25776 1.28389
2.72088 5.78217 1.21903
2.92790 5.32584 1.15936
3.11146 4.90287 1.10771
3.28638 4.52332 1.06657
3.46827 4.19242 1.03794
3.67200 3.91028 1.02326
3.91028 3.67200 1.02326
4.19242 3.46827 1.03794
4.52332 3.28638 1.06657
4.90287 3.11146 1.10771
5.32584 2.92790 1.15936
5.78217 2.72088 1.21903
6.25776 2.47762 1.28389
6.73565 2.18854 1.35102
7.19735 1.84797 1.41750
7.62449 1.45445 1.48068
8.00028 1.01067 1.53826
8.31096 0.52288 1.58853
8.54685 0.00000 1.63040
0.00000 8.93727 1.12904
0.54726 8.69842 1.10104
1.05900 8.38283 1.06741
1.52614 8.00028 1.02890
1.94228 7.56469 0.98664
2.30466 7.09302 0.94217
2.61466 6.60387 0.89727
2.87793 6.11591 0.85389
3.10409 5.64632 0.81398
3.30597 5.20937 0.77943
3.49849 4.81526 0.75191
3.69733 4.46931 0.73276
3.91746 4.17167 0.72295
4.17167 3.91746 0.72295
4.46931 3.69733 0.73276
4.81526 3.49849 0.75191
5.20937 3.30597 0.77943
5.64632 3.10409 0.81398
6.11591 2.87793 0.85389
6.60387 2.61466 0.89727
7.09302 2.30466 0.94217
7.56469 1.94228 0.98664
8.00028 1.52614 1.02890
8.38283 1.05900 1.06741
8.69842 0.54726 1.10104
8.93727 0.00000 1.12904
0.00000 9.25828 0.58248
0.56733 9.01747 0.56845
1.09887 8.69842 0.55161
1.58540 8.31096 0.53231
2.02044 7.86911 0.51114
2.40114 7.38993 0.48886
2.72880 6.89217 0.46637
3.00908 6.39462 0.44463
3.25158 5.91460 0.42464
3.46913 5.46648 0.40733
3.67671 5.06056 0.39354
3.89003 4.70224 0.38395
4.12409 4.39171 0.37903
4.39171 4.12409 0.37903
4.70224 3.89003 0.38395
5.06056 3.67671 0.39354
5.46648 3.46913 0.40733
5.91460 3.25158 0.42464
6.39462 3.00908 0.44463
6.89217 2.72880 0.46637
7.38993 2.40114 0.48886
7.86911 2.02044 0.51114
8.31096 1.58540 0.53231
8.69842 1.09887 0.55161
9.01747 0.56733 0.56845
9.25828 0.00000 0.58248
0.00000 9.50000 0.00000
0.58248 9.25828 0.00000
1.12904 8.93727 0.00000
1.63040 8.54685 0.00000
2.08000 8.10106 0.00000
2.47492 7.61703 0.00000
2.81644 7.11353 0.00000
3.11016 6.60942 0.00000
3.36564 6.12207 0.00000
3.59571 5.66593 0.00000
3.81530 5.25132 0.00000
4.04014 4.88369 0.00000
4.28519 4.56326 0.00000
4.56326 4.28519 0.00000
4.88369 4.04014 0.00000
5.25132 3.81530 0.00000
5.66593 3.59571 0.00000
6.12207 3.36564 0.00000
6.60942 3.11016 0.00000
7.11353 2.81644 0.00000
7.61703 2.47492 0.00000
8.10106 2.08000 0.00000
8.54685 1.63040 0.00000
8.93727 1.12904 0.00000
9.25828 0.58248 0.00000
9.50000 0.00000 0.00000
