0.635988767 0.000000000 0.000000000
0.671257072 0.042231915 0.000000000
0.696917779 0.088041190 0.000000000
0.712203999 0.135860179 0.000000000
0.717457251 0.184211712 0.000000000
0.713505673 0.231832046 0.000000000
0.701205873 0.277627045 0.000000000
0.681208976 0.320552612 0.000000000
0.653903953 0.359486740 0.000000000
0.619490111 0.393140379 0.000000000
0.578166607 0.420062628 0.000000000
0.530440617 0.438818641 0.000000000
0.477503123 0.448405279 0.000000000
0.421497716 0.448849478 0.000000000
0.365417849 0.441714300 0.000000000
0.312501899 0.430121964 0.000000000
0.265362480 0.418144359 0.000000000
0.225331455 0.409876395 0.000000000
0.192316905 0.408694227 0.000000000
0.165070624 0.416920805 0.000000000
0.141580850 0.435741052 0.000000000
0.119416452 0.465096375 0.000000000
0.096041197 0.503465585 0.000000000
0.069194548 0.547731251 0.000000000
0.037339455 0.593493649 0.000000000
0.000000000 0.635988767 0.000000000
0.671257072 0.000000000 0.042231915
0.707829593 0.044532863 0.044620912
0.734348595 0.092769802 0.046568504
0.750046058 0.143078938 0.048039815
0.755295565 0.193926940 0.049060495
0.750966689 0.244003869 0.049678246
0.737952525 0.292176074 0.049934622
0.716929735 0.337361525 0.049849743
0.688301119 0.378396742 0.049416759
0.652270715 0.413943583 0.048603622
0.609039175 0.442492862 0.047363031
0.559122041 0.462545979 0.045653955
0.503739988 0.473043335 0.043475991
0.445102497 0.473986017 0.040908033
0.386310869 0.466969623 0.038129440
0.330739481 0.455223843 0.035401304
0.281131649 0.442992595 0.033009369
0.238907168 0.434570526 0.031200105
0.203997314 0.433516360 0.030143371
0.175112744 0.442284304 0.029927805
0.150151821 0.462119787 0.030570331
0.126566320 0.492943270 0.032019307
0.101699517 0.533127536 0.034146368
0.073192220 0.579376082 0.036740967
0.039452124 0.627073560 0.039530128
0.000000000 0.671257072 0.042231915
0.696917779 0.000000000 0.088041190
0.734348595 0.046201298 0.092953224
0.761415007 0.096189085 0.096953593
0.777352983 0.148288012 0.099973322
0.782560535 0.200927395 0.102067009
0.777936342 0.252766840 0.103333727
0.764398348 0.302646716 0.103859336
0.742640309 0.349460003 0.103685327
0.713074094 0.392015800 0.102797581
0.675906482 0.428943297 0.101129956
0.631338201 0.458694053 0.098584533
0.579888634 0.479725598 0.095075550
0.522795609 0.490937755 0.090599845
0.462309669 0.492309794 0.085316690
0.401602518 0.485454052 0.079592543
0.344140812 0.473669191 0.073964249
0.292759997 0.461315939 0.069022656
0.248944938 0.452829161 0.065280372
0.212647336 0.451898593 0.063092796
0.182551915 0.461073506 0.062646378
0.156495077 0.481642321 0.063976824
0.131846441 0.513507983 0.066975296
0.105865029 0.554963915 0.071372449
0.076124041 0.602583835 0.076729073
0.040995259 0.651600976 0.082479100
0.000000000 0.696917779 0.088041190
0.712203999 0.000000000 0.135860179
0.750046058 0.047188898 0.143361829
0.777352983 0.098202519 0.149466601
0.793368754 0.151343184 0.154072227
0.798507389 0.205021851 0.157264174
0.793683903 0.257883533 0.159194853
0.779829226 0.308756233 0.159995852
0.757645659 0.356520985 0.159730679
0.727549349 0.399973639 0.158377728
0.689747874 0.437727311 0.155835713
0.644440785 0.468213637 0.151954354
0.592147094 0.489866679 0.146601114
0.534109736 0.501562427 0.139768541
0.472595959 0.503263580 0.131696562
0.410810503 0.496584593 0.122942179
0.352267836 0.484855081 0.114325229
0.299855346 0.472496420 0.106751784
0.255098142 0.464021798 0.101011317
0.217964126 0.463197346 0.097653600
0.187126953 0.472628733 0.096968201
0.160389767 0.493628944 0.099010685
0.135076421 0.526087927 0.103611794
0.108399320 0.568249134 0.110353992
0.077895845 0.616609101 0.118559353
0.041921074 0.666316396 0.127357962
0.000000000 0.712203999 0.135860179
0.717457251 0.000000000 0.184211712
0.755295565 0.047519169 0.194310367
0.782560535 0.098860386 0.202524360
0.798507389 0.152323431 0.208718835
0.803558017 0.206318632 0.213010756
0.798631733 0.259491180 0.215606300
0.784661354 0.310669408 0.216683038
0.762349755 0.358734565 0.216326587
0.732112889 0.402482466 0.214507826
0.694157335 0.440525640 0.211090153
0.648680356 0.471293865 0.205870591
0.596196811 0.493216896 0.198669296
0.537943762 0.505162817 0.189473836
0.476182779 0.507083155 0.178604155
0.414117033 0.500581502 0.166807626
0.355267264 0.488983439 0.155187850
0.302534785 0.476718540 0.144967984
0.257460998 0.468319816 0.137216906
0.220025359 0.467577688 0.132681207
0.188904038 0.477117137 0.131755171
0.161893898 0.498258186 0.134514570
0.136307466 0.530882530 0.140728718
0.109346086 0.573212259 0.149829791
0.078541132 0.621717080 0.160898548
0.042248706 0.671523952 0.172758946
0.000000000 0.717457251 0.184211712
0.713505673 0.000000000 0.231832046
0.750966689 0.047246819 0.244486306
0.777936342 0.098276214 0.254775823
0.793683903 0.151403302 0.262533727
0.798631733 0.205053777 0.267908003
0.793692578 0.257886351 0.271157756
0.779791124 0.308741147 0.272505811
0.757623624 0.356510616 0.272059547
0.727601800 0.400002474 0.269782442
0.689929602 0.437842640 0.265503142
0.644800996 0.468475346 0.258966802
0.592723295 0.490343354 0.249947000
0.534917833 0.502321281 0.238426365
0.473620405 0.504354504 0.224803519
0.412001497 0.498024258 0.210013121
0.353550654 0.486620728 0.195437995
0.301148701 0.474534421 0.182613384
0.256331455 0.466265186 0.172883245
0.219085480 0.465580345 0.167187999
0.188101589 0.475090381 0.166025087
0.161194751 0.496106430 0.169490191
0.135697385 0.528506422 0.177292103
0.108831998 0.570517314 0.188714973
0.078150870 0.618627835 0.202601945
0.042027024 0.668000420 0.217475632
0.000000000 0.713505673 0.231832046
0.701205873 0.000000000 0.277627045
0.737952525 0.046428038 0.292753757
0.764398348 0.096565968 0.305052143
0.779829226 0.148760381 0.314323771
0.784661354 0.201466793 0.320746241
0.779791124 0.253369495 0.324629653
0.766126065 0.303330767 0.326240523
0.744349306 0.350264196 0.325707258
0.714864687 0.393000187 0.322986186
0.677872043 0.430190680 0.317872381
0.633561103 0.460309085 0.310060960
0.582428534 0.481826787 0.299280735
0.525671011 0.493637937 0.285510060
0.465480389 0.495686268 0.269224312
0.404966394 0.489520279 0.251539855
0.347553607 0.478366500 0.234109663
0.296071336 0.466533774 0.218770199
0.252030082 0.458441018 0.207130270
0.215419471 0.457789678 0.200316464
0.184955868 0.467145199 0.198925087
0.158494349 0.487795449 0.203070877
0.133415400 0.519618675 0.212404671
0.106991755 0.560870422 0.226068606
0.076820871 0.608099810 0.242677330
0.041307016 0.656556210 0.260462957
0.000000000 0.701205873 0.277627045
0.681208976 0.000000000 0.320552612
0.716929735 0.045105396 0.338028547
0.742640309 0.093817289 0.352237501
0.757645659 0.144528639 0.362949824
0.762349755 0.195738148 0.370370433
0.757623624 0.246166838 0.374857445
0.744349306 0.294708739 0.376718708
0.723190808 0.340307763 0.376102551
0.694540708 0.381826985 0.372958527
0.658593331 0.417956037 0.367049920
0.615533285 0.447211109 0.358024590
0.565843682 0.468106604 0.345569434
0.510688227 0.479568166 0.329659782
0.452198003 0.481541964 0.310845267
0.393396015 0.475534093 0.290415980
0.337610728 0.464681303 0.270281619
0.287591364 0.453171476 0.252563375
0.244804975 0.445298597 0.239119042
0.209240574 0.444658854 0.231249246
0.179650174 0.453744545 0.229642262
0.153949235 0.473807025 0.234430508
0.129592275 0.504728587 0.245210999
0.103929050 0.544815159 0.260993465
0.074624572 0.590714313 0.280178346
0.040127589 0.637809760 0.300723901
0.000000000 0.681208976 0.320552612
0.653903953 0.000000000 0.359486740
0.688301119 0.043304236 0.379144898
0.713074094 0.090082207 0.395131530
0.727549349 0.138787461 0.407186023
0.732112889 0.187974641 0.415537336
0.727601800 0.236412156 0.420587491
0.714864687 0.283034952 0.422682433
0.694540708 0.326826049 0.421988914
0.667007941 0.366690719 0.418450215
0.632453879 0.401367436 0.411800264
0.591057135 0.429428145 0.401643491
0.543284466 0.449443997 0.387628851
0.490258629 0.460383496 0.369730537
0.434033807 0.462199059 0.348569298
0.377521471 0.456345066 0.325598327
0.323924245 0.445843475 0.302965854
0.275884067 0.434723728 0.283055179
0.234807343 0.427112971 0.267951105
0.200679055 0.426464701 0.259111344
0.172296530 0.435171361 0.257306443
0.147654944 0.454435192 0.262684558
0.124307572 0.484146029 0.274794713
0.099706702 0.522680838 0.292527692
0.071606246 0.566821805 0.314089615
0.038512088 0.612132107 0.337187837
0.000000000 0.653903953 0.359486740
0.619490111 0.000000000 0.393140379
0.652270715 0.041037395 0.414762021
0.675906482 0.085386846 0.432352525
0.689747874 0.131576444 0.445620475
0.694157335 0.178229311 0.454814473
0.689929602 0.224171717 0.460374996
0.677872043 0.268388528 0.462681823
0.658593331 0.309910498 0.461918149
0.632453879 0.347694462 0.458021656
0.599633028 0.380538691 0.450700112
0.560302546 0.407083628 0.439519578
0.514910055 0.425970643 0.424096355
0.464529480 0.436222218 0.404406117
0.411122200 0.437800676 0.381136783
0.357463715 0.432099405 0.355890860
0.306601605 0.422000906 0.331031264
0.261043882 0.411339339 0.309173574
0.222119551 0.404033963 0.292600474
0.189806340 0.403359005 0.282904239
0.162956444 0.411580995 0.280924766
0.139663722 0.429840738 0.286823362
0.117604413 0.458038947 0.300108825
0.094358332 0.494643698 0.319570916
0.067789241 0.536607096 0.343247830
0.036472639 0.579716001 0.368626361
0.000000000 0.619490111 0.393140379
0.578166607 0.000000000 0.420062628
0.609039175 0.038317497 0.443367746
0.631338201 0.079756563 0.462339740
0.644440785 0.122933654 0.476656535
0.648680356 0.166552807 0.486580693
0.644800996 0.209508544 0.492584129
0.633561103 0.250844586 0.495074991
0.615533285 0.289647978 0.494250374
0.591057135 0.324936410 0.490043218
0.560302546 0.355578808 0.482139245
0.523433574 0.380296752 0.470072637
0.480875901 0.397815143 0.453433859
0.433646712 0.407221368 0.432203481
0.383598679 0.408491103 0.407131593
0.333346992 0.402947294 0.379952387
0.285755224 0.393308324 0.353212882
0.243171216 0.383176523 0.329722649
0.206830240 0.376222810 0.311924898
0.176699840 0.375506275 0.301517597
0.151696673 0.383142060 0.299393462
0.130032029 0.400197436 0.305723637
0.109528950 0.426587096 0.319986635
0.087919411 0.460889695 0.340894137
0.063197763 0.500261809 0.366350260
0.034021583 0.540757573 0.393660173
0.000000000 0.578166607 0.420062628
0.530440617 0.000000000 0.438818641
0.559122041 0.035176977 0.463460512
0.579888634 0.073256971 0.483538443
0.592147094 0.112958099 0.498700027
0.596196811 0.153077323 0.509214816
0.592723295 0.192587473 0.515577514
0.582428534 0.230599770 0.518217867
0.565843682 0.266265825 0.517343732
0.543284466 0.298673163 0.512884368
0.514910055 0.326771858 0.504508533
0.480875901 0.349376793 0.491726559
0.441582920 0.365309162 0.474111464
0.397983696 0.373731567 0.451652834
0.351806560 0.374635935 0.425156567
0.305482692 0.369265141 0.396466504
0.261663753 0.360149259 0.368275797
0.222512482 0.350623567 0.343540740
0.189155279 0.344072174 0.324819226
0.161547220 0.343305317 0.313879715
0.138678904 0.350262928 0.311647690
0.118896995 0.365927325 0.318300127
0.100193975 0.390229767 0.333297286
0.080477412 0.421877370 0.355300664
0.057892147 0.458263529 0.382121705
0.031190017 0.495751122 0.410931876
0.000000000 0.530440617 0.438818641
0.477503123 0.000000000 0.448405279
0.503739988 0.031692634 0.473978624
0.522795609 0.066044444 0.494839713
0.534109736 0.101886881 0.510606675
0.537943762 0.138120483 0.521548214
0.534917833 0.173805340 0.528171852
0.525671011 0.208127877 0.530921081
0.510688227 0.240311638 0.530010862
0.490258629 0.269521962 0.525368010
0.464529480 0.294799372 0.516650231
0.433646712 0.315062779 0.503353293
0.397983696 0.329240746 0.485042366
0.358421009 0.336579731 0.461720461
0.316548274 0.337089674 0.434241285
0.274591322 0.331923889 0.404532021
0.234965379 0.323402100 0.375387400
0.199626842 0.314561570 0.349855746
0.169581027 0.308466743 0.330557280
0.144769504 0.307650856 0.319291275
0.124265564 0.313858988 0.316993613
0.106566799 0.327978884 0.323842660
0.089854440 0.349959936 0.339293793
0.072231706 0.378651865 0.361989600
0.052011273 0.411711618 0.389695811
0.028050268 0.445846247 0.419505292
0.000000000 0.477503123 0.448405279
0.421497716 0.000000000 0.448849478
0.445102497 0.028003475 0.474923169
0.462309669 0.058403293 0.496222658
0.472595959 0.090152501 0.512338504
0.476182779 0.122262957 0.523530839
0.473620405 0.153888598 0.530309709
0.465480389 0.184296724 0.533124117
0.452198003 0.212788228 0.532192271
0.434033807 0.238612104 0.527439845
0.411122200 0.260906082 0.518519716
0.383598679 0.278700754 0.504922771
0.351806560 0.291039697 0.486216088
0.316548274 0.297258615 0.462420002
0.279263431 0.297385349 0.434426421
0.241956537 0.292475212 0.404216890
0.206789023 0.284620673 0.374640130
0.175497035 0.276539078 0.348779424
0.148957957 0.270953519 0.329263941
0.127100702 0.270102740 0.317884178
0.109088113 0.275525122 0.315564502
0.093579374 0.288007698 0.322480360
0.078957195 0.307517973 0.338095265
0.063533782 0.333055751 0.361063784
0.045801686 0.362557674 0.389153299
0.024731653 0.393098362 0.419434897
0.000000000 0.421497716 0.448849478
0.365417849 0.000000000 0.441714300
0.386310869 0.024304620 0.467892903
0.401602518 0.050734196 0.489312426
0.410810503 0.078366295 0.505539080
0.414117033 0.106327182 0.516818299
0.412001497 0.133867401 0.523653694
0.404966394 0.160337538 0.526492427
0.393396015 0.185118113 0.525552471
0.377521471 0.207544185 0.520759543
0.357463715 0.226853372 0.511767279
0.333346992 0.242190766 0.498070247
0.305482692 0.252717261 0.479245678
0.274591322 0.257858415 0.455333573
0.241956537 0.257657542 0.427253594
0.209354424 0.253066027 0.397013653
0.178686589 0.245940991 0.367472612
0.151466054 0.238672310 0.341698118
0.128442966 0.233636888 0.322282700
0.109536539 0.232776995 0.310975506
0.094002675 0.237423655 0.308671926
0.080665272 0.248262179 0.315541104
0.068111373 0.265276283 0.331064956
0.054865345 0.287614209 0.353935017
0.039603397 0.313493164 0.381960007
0.021413671 0.340360547 0.412238684
0.000000000 0.365417849 0.441714300
0.312501899 0.000000000 0.430121964
0.330739481 0.020808364 0.456123899
0.344140812 0.043475095 0.477433900
0.352267836 0.067198684 0.493598060
0.355267264 0.091217130 0.504844042
0.353550654 0.114875571 0.511663313
0.347553607 0.137606207 0.514496234
0.337610728 0.158867550 0.513558145
0.323924245 0.178078861 0.508775621
0.306601605 0.194575295 0.499806880
0.285755224 0.207613323 0.486155825
0.261663753 0.216467082 0.467414755
0.234965379 0.220647178 0.443643372
0.206789023 0.220207943 0.415779528
0.178686589 0.215994982 0.385835793
0.152307657 0.209633506 0.356649822
0.128952022 0.203195873 0.331239934
0.109251389 0.198727539 0.312133866
0.093119831 0.197889713 0.301020867
0.079905295 0.201817738 0.298758132
0.068590549 0.211100005 0.305506797
0.057958378 0.225732979 0.320772448
0.046736658 0.245002142 0.343297257
0.033779119 0.267389258 0.370954829
0.018289203 0.290698558 0.400903331
0.000000000 0.312501899 0.430121964
0.265362480 0.000000000 0.418144359
0.281131649 0.017687304 0.443868468
0.292759997 0.036984188 0.464982465
0.299855346 0.057200466 0.481016546
0.302534785 0.077677730 0.492181322
0.301148701 0.097849144 0.498955018
0.296071336 0.117222934 0.501769814
0.287591364 0.135330224 0.500837674
0.275884067 0.151668549 0.496086288
0.261043882 0.165663485 0.487179597
0.243171216 0.176674230 0.473632230
0.222512482 0.184078334 0.455051967
0.199626842 0.187462083 0.431515923
0.175497035 0.186885361 0.403973774
0.151466054 0.183091007 0.374432582
0.128952022 0.177487232 0.345697468
0.109062488 0.171854981 0.320728607
0.092325835 0.167940071 0.301984696
0.078656032 0.167152577 0.291094652
0.067487475 0.170453905 0.288878435
0.057947895 0.178345283 0.295489483
0.048997260 0.190831730 0.310456243
0.039547939 0.207317556 0.332570940
0.028616037 0.226519256 0.359774160
0.015512461 0.246563503 0.389290087
0.000000000 0.265362480 0.418144359
0.225331455 0.000000000 0.409876395
0.238907168 0.015030765 0.435429747
0.248944938 0.031449059 0.456428234
0.255098142 0.048662573 0.472389108
0.257460998 0.066104749 0.483510177
0.256331455 0.083287139 0.490260230
0.252030082 0.099785769 0.493065834
0.244804975 0.115196477 0.492136697
0.234807343 0.129086429 0.487401250
0.222119551 0.140961353 0.478527301
0.206830240 0.150270966 0.465036968
0.189155279 0.156482855 0.446549333
0.169581027 0.159247184 0.423155032
0.148957957 0.158624113 0.395814278
0.128442966 0.155260875 0.366532938
0.109251389 0.150371637 0.338095483
0.092325835 0.145482237 0.313422308
0.078109429 0.142080524 0.294923591
0.066520438 0.141363127 0.284185329
0.057070820 0.144144438 0.282000850
0.049014469 0.150851024 0.288518074
0.041464212 0.161492444 0.303281822
0.033491835 0.175570346 0.325120044
0.024255119 0.191999036 0.352020739
0.013160652 0.209182567 0.381253994
0.000000000 0.225331455 0.409876395
0.192316905 0.000000000 0.408694227
0.203997314 0.012834423 0.434373497
0.212647336 0.026863606 0.455490269
0.217964126 0.041578881 0.471549789
0.220025359 0.056492910 0.482743978
0.219085480 0.071185188 0.489540145
0.215419471 0.085290602 0.492365299
0.209240574 0.098461140 0.491429663
0.200679055 0.110324244 0.486661474
0.189806340 0.120454766 0.477727898
0.176699840 0.128379949 0.464151282
0.161547220 0.133643483 0.445554077
0.144769504 0.135947613 0.422035797
0.127100702 0.135348500 0.394571444
0.109536539 0.132406931 0.365183925
0.093119831 0.128168452 0.336670089
0.078656032 0.123942075 0.311952628
0.066520438 0.121000228 0.293434455
0.056638868 0.120363721 0.282690407
0.048590877 0.122726547 0.280505253
0.041736982 0.128453222 0.287024996
0.035318018 0.137554597 0.301800000
0.028539479 0.149609190 0.323668777
0.020679191 0.163692649 0.350629403
0.011226519 0.178440408 0.379954924
0.000000000 0.192316905 0.408694227
0.165070624 0.000000000 0.416920805
0.175112744 0.011017160 0.443158777
0.182551915 0.023061670 0.464738104
0.187126953 0.035696375 0.481151245
0.188904038 0.048502313 0.492592847
0.188101589 0.061117911 0.499539589
0.184955868 0.073229209 0.502427418
0.179650174 0.084536955 0.501471020
0.172296530 0.094720819 0.496597106
0.162956444 0.103415304 0.487465809
0.151696673 0.110214084 0.473589631
0.138678904 0.114725167 0.454583917
0.124265564 0.116693132 0.430552120
0.109088113 0.116167041 0.402492567
0.094002675 0.113629715 0.372473674
0.079905295 0.109980204 0.343352844
0.067487475 0.106343245 0.318113813
0.057070820 0.103811437 0.299207761
0.048590877 0.103260871 0.288239821
0.041686081 0.105287022 0.286009236
0.035807074 0.110202842 0.292664634
0.030301903 0.118018119 0.307748220
0.024488225 0.128371770 0.330076646
0.017745590 0.140470810 0.357608618
0.009634977 0.153143581 0.387561298
0.000000000 0.165070624 0.416920805
0.141580850 0.000000000 0.435741052
0.150151821 0.009446752 0.463033478
0.156495077 0.019769926 0.485470400
0.160389767 0.030595984 0.502530135
0.161893898 0.041567288 0.514419624
0.161194751 0.052375349 0.521637171
0.158494349 0.062752352 0.524637326
0.153949235 0.072443011 0.523643744
0.147654944 0.081173993 0.518580084
0.139663722 0.088633293 0.509092173
0.130032029 0.094473799 0.494671236
0.118896995 0.098360149 0.474913739
0.106566799 0.100072886 0.449921809
0.093579374 0.099651912 0.420727362
0.080665272 0.097507563 0.389477307
0.068590549 0.094406792 0.359144780
0.057947895 0.091311272 0.332841293
0.049014469 0.089156988 0.313128954
0.041736982 0.088695602 0.301689690
0.035807074 0.090438346 0.299362924
0.030754767 0.094653441 0.306304969
0.026021762 0.101348071 0.322034598
0.021023833 0.110210792 0.345310336
0.015230323 0.120560423 0.373995899
0.008266554 0.131393110 0.405185953
0.000000000 0.141580850 0.435741052
0.119416452 0.000000000 0.465096375
0.126566320 0.007962878 0.493917904
0.131846441 0.016656079 0.517589330
0.135076421 0.025767205 0.535574423
0.136307466 0.034997809 0.548102168
0.135697385 0.044090753 0.555704537
0.133415400 0.052822894 0.558864074
0.129592275 0.060981496 0.557817746
0.124307572 0.068338666 0.552484695
0.117604413 0.074634030 0.542489397
0.109528950 0.079577440 0.527290649
0.100193975 0.082887664 0.506454329
0.089854440 0.084378935 0.480075443
0.078957195 0.084080873 0.449228359
0.068111373 0.082332506 0.416169280
0.057958378 0.079772864 0.384039883
0.048997260 0.077207328 0.356144432
0.041464212 0.075423122 0.335217878
0.035318018 0.075054608 0.323065493
0.030301903 0.076533870 0.320592904
0.026021762 0.080086748 0.327969246
0.022008392 0.085717027 0.344674357
0.017770989 0.093158787 0.369372115
0.012864830 0.101835618 0.399775900
0.006977423 0.110902963 0.432792539
0.000000000 0.119416452 0.465096375
0.096041197 0.000000000 0.503465585
0.101699517 0.006398391 0.534181621
0.105865029 0.013373863 0.559374752
0.108399320 0.020678276 0.578495887
0.109346086 0.028075303 0.591804898
0.108831998 0.035361660 0.599877404
0.106991755 0.042361033 0.603231455
0.103929050 0.048905299 0.602120767
0.099706702 0.054814223 0.596458808
0.094358332 0.059881618 0.585843110
0.087919411 0.063877191 0.569690993
0.080477412 0.066576706 0.547527734
0.072231706 0.067830087 0.519435063
0.063533782 0.067656607 0.486534453
0.054865345 0.066320809 0.451213342
0.046736658 0.064327491 0.416822541
0.039547939 0.062317580 0.386911512
0.033491835 0.060921421 0.364440077
0.028539479 0.060649481 0.351377329
0.024488225 0.061850196 0.348718306
0.021023833 0.064704705 0.356649616
0.017770989 0.069213432 0.374598210
0.014337318 0.075158854 0.401101112
0.010368536 0.082075413 0.433674030
0.005617436 0.089286584 0.468982093
0.000000000 0.096041197 0.503465585
0.069194548 0.000000000 0.547731251
0.073192220 0.004604864 0.580521609
0.076124041 0.009616703 0.607373154
0.077895845 0.014859427 0.627727888
0.078541132 0.020165935 0.641883015
0.078150870 0.025392757 0.650463799
0.076820871 0.030415534 0.654027951
0.074624572 0.035115658 0.652847759
0.071606246 0.039365867 0.646830406
0.067789241 0.043020360 0.635543466
0.063197763 0.045915863 0.618357602
0.057892147 0.047892549 0.594751009
0.052011273 0.048841836 0.564786470
0.045801686 0.048773841 0.529631447
0.039603397 0.047872283 0.491812622
0.033779119 0.046492968 0.454909776
0.028616037 0.045091659 0.422747161
0.024255119 0.044119897 0.398541924
0.020679191 0.043945517 0.384454228
0.017745590 0.044820245 0.381585008
0.015230323 0.046874115 0.390141725
0.012864830 0.050105206 0.409488378
0.010368536 0.054353769 0.438012792
0.007489172 0.059282901 0.473002245
0.004052194 0.064407777 0.510848098
0.000000000 0.069194548 0.547731251
0.037339455 0.000000000 0.593493649
0.039452124 0.002482117 0.628313393
0.040995259 0.005178906 0.656779882
0.041921074 0.007996873 0.678331512
0.042248706 0.010847624 0.693305416
0.042027024 0.013655408 0.702377207
0.041307016 0.016354604 0.706144133
0.040127589 0.018882610 0.704896873
0.038512088 0.021172199 0.698536392
0.036472639 0.023146241 0.686600530
0.034021583 0.024718127 0.668413120
0.031190017 0.025802626 0.643403766
0.028050268 0.026340955 0.611612394
0.024731653 0.026336535 0.574245890
0.021413671 0.025884681 0.533962562
0.018289203 0.025172928 0.494565927
0.015512461 0.024443727 0.460155231
0.013160652 0.023939136 0.434210631
0.011226519 0.023857567 0.419091327
0.009634977 0.024335175 0.416010234
0.008266554 0.025441836 0.425197035
0.006977423 0.027175268 0.445948824
0.005617436 0.029447629 0.476496731
0.004052194 0.032076418 0.513892250
0.002189533 0.034801633 0.554249801
0.000000000 0.037339455 0.593493649
0.000000000 0.000000000 0.635988767
0.000000000 0.000000000 0.672584264
0.000000000 0.000000000 0.702456861
0.000000000 0.000000000 0.725046567
0.000000000 0.000000000 0.740728602
0.000000000 0.000000000 0.750224262
0.000000000 0.000000000 0.754166064
0.000000000 0.000000000 0.752860974
0.000000000 0.000000000 0.746204460
0.000000000 0.000000000 0.733707950
0.000000000 0.000000000 0.714653229
0.000000000 0.000000000 0.688425049
0.000000000 0.000000000 0.655039332
0.000000000 0.000000000 0.615732230
0.000000000 0.000000000 0.573272821
0.000000000 0.000000000 0.531659987
0.000000000 0.000000000 0.495239286
0.000000000 0.000000000 0.467731680
0.000000000 0.000000000 0.451682149
0.000000000 0.000000000 0.448409710
0.000000000 0.000000000 0.458165256
0.000000000 0.000000000 0.480182181
0.000000000 0.000000000 0.512544151
0.000000000 0.000000000 0.552084603
0.000000000 0.000000000 0.594667089
0.000000000 0.000000000 0.635988767
