0.000000000 0.000000000 2.567399375
0.000000000 0.000000000 2.586936066
0.000000000 0.000000000 2.637757430
0.000000000 0.000000000 2.704640517
0.000000000 0.000000000 2.776492398
0.000000000 0.000000000 2.845967033
0.000000000 0.000000000 2.903182115
0.000000000 0.000000000 2.936017817
0.000000000 0.000000000 2.932633864
0.000000000 0.000000000 2.875045195
0.000000000 0.000000000 2.732380277
0.000000000 0.000000000 2.497823229
0.000000000 0.000000000 2.287367878
0.000000000 0.000000000 2.287367878
0.000000000 0.000000000 2.497823229
0.000000000 0.000000000 2.732380277
0.000000000 0.000000000 2.875045195
0.000000000 0.000000000 2.932633864
0.000000000 0.000000000 2.936017817
0.000000000 0.000000000 2.903182115
0.000000000 0.000000000 2.845967033
0.000000000 0.000000000 2.776492398
0.000000000 0.000000000 2.704640517
0.000000000 0.000000000 2.637757430
0.000000000 0.000000000 2.586936066
0.000000000 0.000000000 2.567399375
0.000000000 0.005104727 2.424501007
0.000010150 0.004820898 2.443099206
0.000041364 0.004588292 2.491484513
0.000095292 0.004371770 2.555173046
0.000173545 0.004150192 2.623607150
0.000277181 0.003913236 2.689790632
0.000405756 0.003651019 2.744305091
0.000556186 0.003355715 2.775594819
0.000722017 0.003025085 2.772370059
0.000890696 0.002655822 2.717495178
0.001038084 0.002240584 2.581591599
0.001139469 0.001800296 2.358276419
0.001231492 0.001433331 2.158050969
0.001433331 0.001231492 2.158050969
0.001800296 0.001139469 2.358276419
0.002240584 0.001038084 2.581591599
0.002655822 0.000890696 2.717495178
0.003025085 0.000722017 2.772370059
0.003355715 0.000556186 2.775594819
0.003651019 0.000405756 2.744305091
0.003913236 0.000277181 2.689790632
0.004150192 0.000173545 2.623607150
0.004371770 0.000095292 2.555173046
0.004588292 0.000041364 2.491484513
0.004820898 0.000010150 2.443099206
0.005104727 0.000000000 2.424501007
0.000000000 0.020799505 2.307158762
0.000041364 0.019646100 2.325220506
0.000168636 0.018705689 2.372223298
0.000388690 0.017832178 2.434120490
0.000708261 0.016937537 2.500664964
0.001131793 0.015978630 2.565054779
0.001657475 0.014914061 2.618116217
0.002272492 0.013710956 2.648581728
0.002949986 0.012359757 2.645441587
0.003637678 0.010846600 2.592018169
0.004235171 0.009141128 2.459805293
0.004640201 0.007331253 2.242867565
0.005005840 0.005826288 2.048716672
0.005826288 0.005005840 2.048716672
0.007331253 0.004640201 2.242867565
0.009141128 0.004235171 2.459805293
0.010846600 0.003637678 2.592018169
0.012359757 0.002949986 2.645441587
0.013710956 0.002272492 2.648581728
0.014914061 0.001657475 2.618116217
0.015978630 0.001131793 2.565054779
0.016937537 0.000708261 2.500664964
0.017832178 0.000388690 2.434120490
0.018705689 0.000168636 2.372223298
0.019646100 0.000041364 2.325220506
0.020799505 0.000000000 2.307158762
0.000000000 0.047906619 2.197841421
0.000095292 0.045259140 2.215493339
0.000388690 0.043114966 2.261446151
0.000896493 0.041128941 2.321996440
0.001634704 0.039092711 2.387137216
0.002613952 0.036903716 2.450211415
0.003830074 0.034463236 2.502219478
0.005252817 0.031692580 2.532092523
0.006818620 0.028568436 2.529013037
0.008403730 0.025057713 2.476636093
0.009770838 0.021089224 2.347134064
0.010679783 0.016873449 2.135038149
0.011494432 0.013378347 1.945668160
0.013378347 0.011494432 1.945668160
0.016873449 0.010679783 2.135038149
0.021089224 0.009770838 2.347134064
0.025057713 0.008403730 2.476636093
0.028568436 0.006818620 2.529013037
0.031692580 0.005252817 2.532092523
0.034463236 0.003830074 2.502219478
0.036903716 0.002613952 2.450211415
0.039092711 0.001634704 2.387137216
0.041128941 0.000896493 2.321996440
0.043114966 0.000388690 2.261446151
0.045259140 0.000095292 2.215493339
0.047906619 0.000000000 2.197841421
0.000000000 0.087228614 2.086006817
0.000173545 0.082425443 2.103203846
0.000708261 0.078562988 2.147989324
0.001634704 0.074996305 2.207038016
0.002982964 0.071335346 2.270608654
0.004773150 0.067387221 2.332206122
0.006997694 0.062965678 2.383028033
0.009600103 0.057921693 2.412232387
0.012461382 0.052210301 2.409221412
0.015349785 0.045769024 2.358024615
0.017821628 0.038465924 2.231564231
0.019430953 0.030699799 2.024851688
0.020862013 0.024281257 1.840744006
0.024281257 0.020862013 1.840744006
0.030699799 0.019430953 2.024851688
0.038465924 0.017821628 2.231564231
0.045769024 0.015349785 2.358024615
0.052210301 0.012461382 2.409221412
0.057921693 0.009600103 2.412232387
0.062965678 0.006997694 2.383028033
0.067387221 0.004773150 2.332206122
0.071335346 0.002982964 2.270608654
0.074996305 0.001634704 2.207038016
0.078562988 0.000708261 2.147989324
0.082425443 0.000173545 2.103203846
0.087228614 0.000000000 2.086006817
0.000000000 0.139291541 1.966514854
0.000277181 0.131647724 1.983120801
0.001131793 0.125542717 2.026382308
0.002613952 0.119921882 2.083454982
0.004773150 0.114146292 2.144939578
0.007642641 0.107898627 2.204555524
0.011210369 0.100871583 2.253771296
0.015383987 0.092818432 2.282064227
0.019968529 0.083663504 2.279146834
0.024584217 0.073303674 2.229554859
0.028505069 0.061524897 2.107171369
0.031006098 0.048987870 1.907488725
0.033212937 0.038656474 1.730056193
0.038656474 0.033212937 1.730056193
0.048987870 0.031006098 1.907488725
0.061524897 0.028505069 2.107171369
0.073303674 0.024584217 2.229554859
0.083663504 0.019968529 2.279146834
0.092818432 0.015383987 2.282064227
0.100871583 0.011210369 2.253771296
0.107898627 0.007642641 2.204555524
0.114146292 0.004773150 2.144939578
0.119921882 0.002613952 2.083454982
0.125542717 0.001131793 2.026382308
0.131647724 0.000277181 1.983120801
0.139291541 0.000000000 1.966514854
0.000000000 0.203871650 1.834449498
0.000405756 0.192714747 1.850236306
0.001657475 0.183853321 1.891375572
0.003830074 0.175714645 1.945674005
0.006997694 0.167344603 2.004201565
0.011210369 0.158267740 2.060980855
0.016450492 0.148022523 2.107876893
0.022580366 0.136237386 2.134845119
0.029308768 0.122796942 2.132064026
0.036068333 0.107546287 2.084799411
0.041775838 0.090168318 1.968245936
0.045355226 0.071658675 1.778355693
0.048493168 0.056441105 1.609940828
0.056441105 0.048493168 1.609940828
0.071658675 0.045355226 1.778355693
0.090168318 0.041775838 1.968245936
0.107546287 0.036068333 2.084799411
0.122796942 0.029308768 2.132064026
0.136237386 0.022580366 2.134845119
0.148022523 0.016450492 2.107876893
0.158267740 0.011210369 2.060980855
0.167344603 0.006997694 2.004201565
0.175714645 0.003830074 1.945674005
0.183853321 0.001657475 1.891375572
0.192714747 0.000405756 1.850236306
0.203871650 0.000000000 1.834449498
0.000000000 0.279429470 1.685922231
0.000556186 0.264161540 1.700584615
0.002272492 0.252073330 1.738799889
0.005252817 0.240986709 1.789252436
0.009600103 0.229579266 1.843651199
0.015383987 0.217190779 1.896441051
0.022580366 0.203179503 1.940053664
0.030998546 0.187028010 1.965138362
0.040234809 0.168574519 1.962551352
0.049502566 0.147603638 1.918590657
0.057301126 0.123677859 1.810230024
0.062144169 0.098184249 1.633834589
0.066373948 0.077252511 1.477554189
0.077252511 0.066373948 1.477554189
0.098184249 0.062144169 1.633834589
0.123677859 0.057301126 1.810230024
0.147603638 0.049502566 1.918590657
0.168574519 0.040234809 1.962551352
0.187028010 0.030998546 1.965138362
0.203179503 0.022580366 1.940053664
0.217190779 0.015383987 1.896441051
0.229579266 0.009600103 1.843651199
0.240986709 0.005252817 1.789252436
0.252073330 0.002272492 1.738799889
0.264161540 0.000556186 1.700584615
0.279429470 0.000000000 1.685922231
0.000000000 0.362747219 1.519826725
0.000722017 0.342923657 1.533030371
0.002949986 0.327223453 1.567443094
0.006818620 0.312822019 1.612874203
0.012461382 0.298004595 1.661857232
0.019968529 0.281915239 1.709390048
0.029308768 0.263722078 1.748658463
0.040234809 0.242754492 1.771244075
0.052223164 0.218802946 1.768914813
0.064253898 0.191588232 1.729333479
0.074380991 0.160542774 1.631763528
0.080676465 0.127464222 1.472920203
0.086176903 0.100301132 1.332175075
0.100301132 0.086176903 1.332175075
0.127464222 0.080676465 1.472920203
0.160542774 0.074380991 1.631763528
0.191588232 0.064253898 1.729333479
0.218802946 0.052223164 1.768914813
0.242754492 0.040234809 1.771244075
0.263722078 0.029308768 1.748658463
0.281915239 0.019968529 1.709390048
0.298004595 0.012461382 1.661857232
0.312822019 0.006818620 1.612874203
0.327223453 0.002949986 1.567443094
0.342923657 0.000722017 1.533030371
0.362747219 0.000000000 1.519826725
0.000000000 0.447564250 1.334518943
0.000890696 0.423038112 1.345898087
0.003637678 0.403504845 1.375547153
0.008403730 0.385543078 1.414671030
0.015349785 0.367078584 1.456830973
0.024584217 0.347079430 1.497720807
0.036068333 0.324545049 1.531485403
0.049502566 0.298670988 1.550899090
0.064253898 0.269208930 1.548897162
0.079089156 0.235823073 1.514870754
0.091652506 0.197821343 1.430931926
0.099597659 0.157358630 1.294079190
0.106585267 0.124054387 1.172592106
0.124054387 0.106585267 1.172592106
0.157358630 0.099597659 1.294079190
0.197821343 0.091652506 1.430931926
0.235823073 0.079089156 1.514870754
0.269208930 0.064253898 1.548897162
0.298670988 0.049502566 1.550899090
0.324545049 0.036068333 1.531485403
0.347079430 0.024584217 1.497720807
0.367078584 0.015349785 1.456830973
0.385543078 0.008403730 1.414671030
0.403504845 0.003637678 1.375547153
0.423038112 0.000890696 1.345898087
0.447564250 0.000000000 1.334518943
0.000000000 0.521838198 1.126327447
0.001038084 0.493040123 1.135466672
0.004235171 0.469781008 1.159262084
0.009770838 0.448262718 1.190623959
0.017821628 0.426190844 1.224372827
0.028505069 0.402433921 1.257060025
0.041775838 0.375901525 1.284018876
0.057301126 0.345723171 1.299506447
0.074380991 0.311639103 1.297909811
0.091652506 0.273283680 1.270756771
0.106503737 0.229876008 1.203646407
0.116298377 0.183744814 1.093817395
0.125050386 0.145545905 0.995850796
0.145545905 0.125050386 0.995850796
0.183744814 0.116298377 1.093817395
0.229876008 0.106503737 1.203646407
0.273283680 0.091652506 1.270756771
0.311639103 0.074380991 1.297909811
0.345723171 0.057301126 1.299506447
0.375901525 0.041775838 1.284018876
0.402433921 0.028505069 1.257060025
0.426190844 0.017821628 1.224372827
0.448262718 0.009770838 1.190623959
0.469781008 0.004235171 1.159262084
0.493040123 0.001038084 1.135466672
0.521838198 0.000000000 1.126327447
0.000000000 0.573217353 0.905650781
0.001139469 0.541193208 0.912340808
0.004640201 0.514708404 0.929736906
0.010679783 0.489962981 0.952616064
0.019430953 0.464676648 0.977176580
0.031006098 0.437743402 1.000906891
0.045355226 0.408109081 1.020437041
0.062144169 0.374943402 1.031640305
0.080676465 0.338015681 1.030485898
0.099597659 0.296974037 1.010834026
0.116298377 0.251016607 0.962100336
0.128083413 0.202364500 0.881813410
0.138881039 0.161643374 0.809589428
0.161643374 0.138881039 0.809589428
0.202364500 0.128083413 0.881813410
0.251016607 0.116298377 0.962100336
0.296974037 0.099597659 1.010834026
0.338015681 0.080676465 1.030485898
0.374943402 0.062144169 1.031640305
0.408109081 0.045355226 1.020437041
0.437743402 0.031006098 1.000906891
0.464676648 0.019430953 0.977176580
0.489962981 0.010679783 0.952616064
0.514708404 0.004640201 0.929736906
0.541193208 0.001139469 0.912340808
0.573217353 0.000000000 0.905650781
0.000000000 0.619948456 0.721556817
0.001231492 0.584899516 0.726372746
0.005005840 0.555266492 0.738879798
0.011494432 0.527337112 0.755294781
0.020862013 0.498899375 0.772873963
0.033212937 0.468899505 0.789818604
0.048493168 0.436344472 0.803735128
0.066373948 0.400463540 0.811706611
0.086176903 0.361061239 0.810885600
0.106585267 0.317809248 0.796895576
0.125050386 0.269906808 0.762088250
0.138881039 0.219424134 0.704369073
0.151831310 0.176716170 0.652013708
0.176716170 0.151831310 0.652013708
0.219424134 0.138881039 0.704369073
0.269906808 0.125050386 0.762088250
0.317809248 0.106585267 0.796895576
0.361061239 0.086176903 0.810885600
0.400463540 0.066373948 0.811706611
0.436344472 0.048493168 0.803735128
0.468899505 0.033212937 0.789818604
0.498899375 0.020862013 0.772873963
0.527337112 0.011494432 0.755294781
0.555266492 0.005005840 0.738879798
0.584899516 0.001231492 0.726372746
0.619948456 0.000000000 0.721556817
0.000000000 0.721556817 0.619948456
0.001433331 0.680763424 0.624086214
0.005826288 0.646273603 0.634832045
0.013378347 0.613766652 0.648935499
0.024281257 0.580668024 0.664039211
0.038656474 0.545751233 0.678597738
0.056441105 0.507860494 0.690554562
0.077252511 0.466098745 0.697403514
0.100301132 0.420238483 0.696698116
0.124054387 0.369897573 0.684678143
0.145545905 0.314144016 0.654772324
0.161643374 0.255387328 0.605181059
0.176716170 0.205679611 0.560198285
0.205679611 0.176716170 0.560198285
0.255387328 0.161643374 0.605181059
0.314144016 0.145545905 0.654772324
0.369897573 0.124054387 0.684678143
0.420238483 0.100301132 0.696698116
0.466098745 0.077252511 0.697403514
0.507860494 0.056441105 0.690554562
0.545751233 0.038656474 0.678597738
0.580668024 0.024281257 0.664039211
0.613766652 0.013378347 0.648935499
0.646273603 0.005826288 0.634832045
0.680763424 0.001433331 0.624086214
0.721556817 0.000000000 0.619948456
0.000000000 0.905650781 0.573217353
0.001800296 0.855054455 0.577451700
0.007331253 0.813209973 0.588462285
0.016873449 0.774113614 0.602943287
0.030699799 0.734162646 0.618488477
0.048987870 0.691609652 0.633508203
0.071658675 0.644789112 0.645869503
0.098184249 0.592389227 0.652960432
0.127464222 0.534045531 0.652229768
0.157358630 0.469202070 0.639791426
0.183744814 0.396591947 0.608946207
0.202364500 0.319724388 0.558129866
0.219424134 0.255387328 0.512416838
0.255387328 0.219424134 0.512416838
0.319724388 0.202364500 0.558129866
0.396591947 0.183744814 0.608946207
0.469202070 0.157358630 0.639791426
0.534045531 0.127464222 0.652229768
0.592389227 0.098184249 0.652960432
0.644789112 0.071658675 0.645869503
0.691609652 0.048987870 0.633508203
0.734162646 0.030699799 0.618488477
0.774113614 0.016873449 0.602943287
0.813209973 0.007331253 0.588462285
0.855054455 0.001800296 0.577451700
0.905650781 0.000000000 0.573217353
0.000000000 1.126327447 0.521838198
0.002240584 1.064170129 0.526072488
0.009141128 1.013968018 0.537097128
0.021089224 0.967523276 0.551627382
0.038465924 0.919883686 0.567263553
0.061524897 0.868607114 0.582407842
0.090168318 0.811340002 0.594898134
0.123677859 0.746203513 0.602073673
0.160542774 0.672636991 0.601333936
0.197821343 0.589851243 0.588753675
0.229876008 0.496160800 0.557660806
0.251016607 0.396591947 0.506775983
0.269906808 0.314144016 0.461387127
0.314144016 0.269906808 0.461387127
0.396591947 0.251016607 0.506775983
0.496160800 0.229876008 0.557660806
0.589851243 0.197821343 0.588753675
0.672636991 0.160542774 0.601333936
0.746203513 0.123677859 0.602073673
0.811340002 0.090168318 0.594898134
0.868607114 0.061524897 0.582407842
0.919883686 0.038465924 0.567263553
0.967523276 0.021089224 0.551627382
1.013968018 0.009141128 0.537097128
1.064170129 0.002240584 0.526072488
1.126327447 0.000000000 0.521838198
0.000000000 1.334518943 0.447564250
0.002655822 1.261388447 0.451380530
0.010846600 1.203145381 0.461324085
0.025057713 1.149588113 0.474445254
0.045769024 1.094531843 0.488584643
0.073303674 1.034899625 0.502298070
0.107546287 0.967708024 0.513621870
0.147603638 0.890558374 0.520132735
0.191588232 0.802710263 0.519461338
0.235823073 0.703162413 0.508049733
0.273283680 0.589851243 0.479898751
0.296974037 0.469202070 0.434001769
0.317809248 0.369897573 0.393258042
0.369897573 0.317809248 0.393258042
0.469202070 0.296974037 0.434001769
0.589851243 0.273283680 0.479898751
0.703162413 0.235823073 0.508049733
0.802710263 0.191588232 0.519461338
0.890558374 0.147603638 0.520132735
0.967708024 0.107546287 0.513621870
1.034899625 0.073303674 0.502298070
1.094531843 0.045769024 0.488584643
1.149588113 0.025057713 0.474445254
1.203145381 0.010846600 0.461324085
1.261388447 0.002655822 0.451380530
1.334518943 0.000000000 0.447564250
0.000000000 1.519826725 0.362747219
0.003025085 1.436770597 0.365898621
0.012359757 1.370990383 0.374112136
0.028568436 1.310651714 0.384955483
0.052210301 1.248570145 0.396646591
0.083663504 1.181159473 0.407991566
0.122796942 1.104934348 0.417364022
0.168574519 1.017085028 0.422754681
0.218802946 0.916733603 0.422198740
0.269208930 0.802710263 0.412751598
0.311639103 0.672636991 0.389463925
0.338015681 0.534045531 0.351551725
0.361061239 0.420238483 0.317959143
0.420238483 0.361061239 0.317959143
0.534045531 0.338015681 0.351551725
0.672636991 0.311639103 0.389463925
0.802710263 0.269208930 0.412751598
0.916733603 0.218802946 0.422198740
1.017085028 0.168574519 0.422754681
1.104934348 0.122796942 0.417364022
1.181159473 0.083663504 0.407991566
1.248570145 0.052210301 0.396646591
1.310651714 0.028568436 0.384955483
1.370990383 0.012359757 0.374112136
1.436770597 0.003025085 0.365898621
1.519826725 0.000000000 0.362747219
0.000000000 1.685922231 0.279429470
0.003355715 1.593804023 0.281859654
0.013710956 1.520870476 0.288193561
0.031692580 1.453979962 0.296555707
0.057921693 1.385153790 0.305571910
0.092818432 1.310408537 0.314321448
0.136237386 1.225872277 0.321549925
0.187028010 1.128423142 0.325707533
0.242754492 1.017085028 0.325278755
0.298670988 0.890558374 0.317992586
0.345723171 0.746203513 0.300032591
0.374943402 0.592389227 0.270796318
0.400463540 0.466098745 0.244893967
0.466098745 0.400463540 0.244893967
0.592389227 0.374943402 0.270796318
0.746203513 0.345723171 0.300032591
0.890558374 0.298670988 0.317992586
1.017085028 0.242754492 0.325278755
1.128423142 0.187028010 0.325707533
1.225872277 0.136237386 0.321549925
1.310408537 0.092818432 0.314321448
1.385153790 0.057921693 0.305571910
1.453979962 0.031692580 0.296555707
1.520870476 0.013710956 0.288193561
1.593804023 0.003355715 0.281859654
1.685922231 0.000000000 0.279429470
0.000000000 1.834449498 0.203871650
0.003651019 1.734059007 0.205626118
0.014914061 1.654323356 0.210198133
0.034463236 1.581091052 0.216232592
0.062965678 1.505776904 0.222737056
0.100871583 1.424102746 0.229047226
0.148022523 1.331915655 0.234259020
0.203179503 1.225872277 0.237256135
0.263722078 1.104934348 0.236947058
0.324545049 0.967708024 0.231694302
0.375901525 0.811340002 0.218741125
0.408109081 0.644789112 0.197637662
0.436344472 0.507860494 0.178920866
0.507860494 0.436344472 0.178920866
0.644789112 0.408109081 0.197637662
0.811340002 0.375901525 0.218741125
0.967708024 0.324545049 0.231694302
1.104934348 0.263722078 0.236947058
1.225872277 0.203179503 0.237256135
1.331915655 0.148022523 0.234259020
1.424102746 0.100871583 0.229047226
1.505776904 0.062965678 0.222737056
1.581091052 0.034463236 0.216232592
1.654323356 0.014914061 0.210198133
1.734059007 0.003651019 0.205626118
1.834449498 0.000000000 0.203871650
0.000000000 1.966514854 0.139291541
0.003913236 1.858599616 0.140467768
0.015978630 1.772409261 0.143532053
0.036903716 1.693054448 0.147574606
0.067387221 1.611514796 0.151929663
0.107898627 1.523310402 0.156152360
0.158267740 1.424102746 0.159638396
0.217190779 1.310408537 0.161642432
0.281915239 1.181159473 0.161435788
0.347079430 1.034899625 0.157923105
0.402433921 0.868607114 0.149254478
0.437743402 0.691609652 0.135110622
0.468899505 0.545751233 0.122542778
0.545751233 0.468899505 0.122542778
0.691609652 0.437743402 0.135110622
0.868607114 0.402433921 0.149254478
1.034899625 0.347079430 0.157923105
1.181159473 0.281915239 0.161435788
1.310408537 0.217190779 0.161642432
1.424102746 0.158267740 0.159638396
1.523310402 0.107898627 0.156152360
1.611514796 0.067387221 0.151929663
1.693054448 0.036903716 0.147574606
1.772409261 0.015978630 0.143532053
1.858599616 0.003913236 0.140467768
1.966514854 0.000000000 0.139291541
0.000000000 2.086006817 0.087228614
0.004150192 1.971142584 0.087947727
0.016937537 1.878774876 0.089820479
0.039092711 1.793480331 0.092289664
0.071335346 1.705931244 0.094947938
0.114146292 1.611514796 0.097523703
0.167344603 1.505776904 0.099648875
0.229579266 1.385153790 0.100870087
0.298004595 1.248570145 0.100744180
0.367078584 1.094531843 0.098603331
0.426190844 0.919883686 0.093315254
0.464676648 0.734162646 0.084671347
0.498899375 0.580668024 0.076972687
0.580668024 0.498899375 0.076972687
0.734162646 0.464676648 0.084671347
0.919883686 0.426190844 0.093315254
1.094531843 0.367078584 0.098603331
1.248570145 0.298004595 0.100744180
1.385153790 0.229579266 0.100870087
1.505776904 0.167344603 0.099648875
1.611514796 0.114146292 0.097523703
1.705931244 0.071335346 0.094947938
1.793480331 0.039092711 0.092289664
1.878774876 0.016937537 0.089820479
1.971142584 0.004150192 0.087947727
2.086006817 0.000000000 0.087228614
0.000000000 2.197841421 0.047906619
0.004371770 2.076381362 0.048291380
0.017832178 1.978011793 0.049293019
0.041128941 1.886897695 0.050612842
0.074996305 1.793480331 0.052032723
0.119921882 1.693054448 0.053407559
0.175714645 1.581091052 0.054541185
0.240986709 1.453979962 0.055192332
0.312822019 1.310651714 0.055125208
0.385543078 1.149588113 0.053983541
0.448262718 0.967523276 0.051160769
0.489962981 0.774113614 0.046537689
0.527337112 0.613766652 0.042409968
0.613766652 0.527337112 0.042409968
0.774113614 0.489962981 0.046537689
0.967523276 0.448262718 0.051160769
1.149588113 0.385543078 0.053983541
1.310651714 0.312822019 0.055125208
1.453979962 0.240986709 0.055192332
1.581091052 0.175714645 0.054541185
1.693054448 0.119921882 0.053407559
1.793480331 0.074996305 0.052032723
1.886897695 0.041128941 0.050612842
1.978011793 0.017832178 0.049293019
2.076381362 0.004371770 0.048291380
2.197841421 0.000000000 0.047906619
0.000000000 2.307158762 0.020799505
0.004588292 2.179218703 0.020962335
0.018705689 2.074904881 0.021386075
0.043114966 1.978011793 0.021944091
0.078562988 1.878774876 0.022544003
0.125542717 1.772409261 0.023124490
0.183853321 1.654323356 0.023602850
0.252073330 1.520870476 0.023877503
0.327223453 1.370990383 0.023849194
0.403504845 1.203145381 0.023367571
0.469781008 1.013968018 0.022175645
0.514708404 0.813209973 0.020219907
0.555266492 0.646273603 0.018469597
0.646273603 0.555266492 0.018469597
0.813209973 0.514708404 0.020219907
1.013968018 0.469781008 0.022175645
1.203145381 0.403504845 0.023367571
1.370990383 0.327223453 0.023849194
1.520870476 0.252073330 0.023877503
1.654323356 0.183853321 0.023602850
1.772409261 0.125542717 0.023124490
1.878774876 0.078562988 0.022544003
1.978011793 0.043114966 0.021944091
2.074904881 0.018705689 0.021386075
2.179218703 0.004588292 0.020962335
2.307158762 0.000000000 0.020799505
0.000000000 2.424501007 0.005104727
0.004820898 2.289695738 0.005143885
0.019646100 2.179218703 0.005245760
0.045259140 2.076381362 0.005379854
0.082425443 1.971142584 0.005523940
0.131647724 1.858599616 0.005663288
0.192714747 1.734059007 0.005778067
0.264161540 1.593804023 0.005843947
0.342923657 1.436770597 0.005837157
0.423038112 1.261388447 0.005721619
0.493040123 1.064170129 0.005435478
0.541193208 0.855054455 0.004965293
0.584899516 0.680763424 0.004543723
0.680763424 0.584899516 0.004543723
0.855054455 0.541193208 0.004965293
1.064170129 0.493040123 0.005435478
1.261388447 0.423038112 0.005721619
1.436770597 0.342923657 0.005837157
1.593804023 0.264161540 0.005843947
1.734059007 0.192714747 0.005778067
1.858599616 0.131647724 0.005663288
1.971142584 0.082425443 0.005523940
2.076381362 0.045259140 0.005379854
2.179218703 0.019646100 0.005245760
2.289695738 0.004820898 0.005143885
2.424501007 0.000000000 0.005104727
0.000000000 2.567399375 0.000000000
0.005104727 2.424501007 0.000000000
0.020799505 2.307158762 0.000000000
0.047906619 2.197841421 0.000000000
0.087228614 2.086006817 0.000000000
0.139291541 1.966514854 0.000000000
0.203871650 1.834449498 0.000000000
0.279429470 1.685922231 0.000000000
0.362747219 1.519826725 0.000000000
0.447564250 1.334518943 0.000000000
0.521838198 1.126327447 0.000000000
0.573217353 0.905650781 0.000000000
0.619948456 0.721556817 0.000000000
0.721556817 0.619948456 0.000000000
0.905650781 0.573217353 0.000000000
1.126327447 0.521838198 0.000000000
1.334518943 0.447564250 0.000000000
1.519826725 0.362747219 0.000000000
1.685922231 0.279429470 0.000000000
1.834449498 0.203871650 0.000000000
1.966514854 0.139291541 0.000000000
2.086006817 0.087228614 0.000000000
2.197841421 0.047906619 0.000000000
2.307158762 0.020799505 0.000000000
2.424501007 0.005104727 0.000000000
2.567399375 0.000000000 0.000000000
