1.118033989 0.000000000
1.114537003 0.008753733
1.111071735 0.017454110
1.107639236 0.026102965
1.104240227 0.034702147
1.100875118 0.043253501
1.097544031 0.051758863
1.094246824 0.060220046
1.090983113 0.068638840
1.087752288 0.077016993
1.084553544 0.085356215
1.081385892 0.093658168
1.078248185 0.101924462
1.075139136 0.110156652
1.072057335 0.118356232
1.069001266 0.126524638
1.065969329 0.134663243
1.062959848 0.142773357
1.059971091 0.150856226
1.057001283 0.158913034
1.054048616 0.166944900
1.051111265 0.174952885
1.048187395 0.182937986
1.045275174 0.190901143
1.042372779 0.198843242
1.039478408 0.206765111
1.036590286 0.214667528
1.033706668 0.222551223
1.030825851 0.230416877
1.027946176 0.238265130
1.025066031 0.246096581
1.022183860 0.253911790
1.019298161 0.261711286
1.016407493 0.269495564
1.013510477 0.277265091
1.010605797 0.285020313
1.007692205 0.292761649
1.004768518 0.300489504
1.001833623 0.308204266
0.998886473 0.315906310
0.995926095 0.323596004
0.992951581 0.331273709
0.989962097 0.338939783
0.986956875 0.346594585
0.983935219 0.354238476
0.980896500 0.361871824
0.977840160 0.369495006
0.974765705 0.377108411
0.971672711 0.384712442
0.968560820 0.392307521
0.965429737 0.399894090
0.962279232 0.407472615
0.959109140 0.415043587
0.955919354 0.422607526
0.952709832 0.430164983
0.949480587 0.437716546
0.946231694 0.445262837
0.942963280 0.452804518
0.939675531 0.460342293
0.936368683 0.467876910
0.933043024 0.475409166
0.929698893 0.482939905
0.926336675 0.490470022
0.922956799 0.498000467
0.919559739 0.505532245
0.916146008 0.513066417
0.912716157 0.520604105
0.909270771 0.528146490
0.905810466 0.535694817
0.902335887 0.543250390
0.898847703 0.550814581
0.895346601 0.558388822
0.891833286 0.565974613
0.888308474 0.573573516
0.884772885 0.581187155
0.881227244 0.588817219
0.877672265 0.596465456
0.874108656 0.604133670
0.870537105 0.611823725
0.866958274 0.619537532
0.863372795 0.627277053
0.859781259 0.635044291
0.856184207 0.642841286
0.852582125 0.650670108
0.848975433 0.658532849
0.845364474 0.666431615
0.841749505 0.674368517
0.838130689 0.682345659
0.834508082 0.690365125
0.830881623 0.698428971
0.827251124 0.706539207
0.823616257 0.714697782
0.819976546 0.722906568
0.816331353 0.731167347
0.812679870 0.739481784
0.809021105 0.747851417
0.805353876 0.756277629
0.801676799 0.764761631
0.797988277 0.773304439
0.794286497 0.781906849
0.790569415 0.790569415
0.786834758 0.799292428
0.783080011 0.808075885
0.779302419 0.816919473
0.775498980 0.825822536
0.771666447 0.834784060
0.767801327 0.843802641
0.763899883 0.852876469
0.759958141 0.862003306
0.755971894 0.871180459
0.751936711 0.880404772
0.747847949 0.889672599
0.743700765 0.898979796
0.739490131 0.908321707
0.735210852 0.917693153
0.730857585 0.927088426
0.726424861 0.936501287
0.721907109 0.945924963
0.717298684 0.955352150
0.712593891 0.964775026
0.707787016 0.974185252
0.702872357 0.983573995
0.697844258 0.992931944
0.692697140 1.002249330
0.687425535 1.011515958
0.682024124 1.020721235
0.676487769 1.029854204
0.670811548 1.038903585
0.664990791 1.047857816
0.659021117 1.056705100
0.652898460 1.065433453
0.646619108 1.074030755
0.640179730 1.082484806
0.633577405 1.090783384
0.626809650 1.098914300
0.619874443 1.106865462
0.612770242 1.114624933
0.605496010 1.122180995
0.598051224 1.129522208
0.590435891 1.136637475
0.582650554 1.143516099
0.574696302 1.150147843
0.566574766 1.156522989
0.558288122 1.162632391
0.549839081 1.168467526
0.541230884 1.174020545
0.532467286 1.179284318
0.523552541 1.184252472
0.514491382 1.188919434
0.505288996 1.193280454
0.495951004 1.197331641
0.486483425 1.201069977
0.476892649 1.204493339
0.467185402 1.207600506
0.457368709 1.210391167
0.447449860 1.212865917
0.437436368 1.215026254
0.427335931 1.216874565
0.417156389 1.218414108
0.406905687 1.219648992
0.396591830 1.220584146
0.386222844 1.221225289
0.375806737 1.221578889
0.365351456 1.221652126
0.354864855 1.221452842
0.344354652 1.220989496
0.333828399 1.220271108
0.323293448 1.219307207
0.312756919 1.218107775
0.302225674 1.216683186
0.291706291 1.215044148
0.281205042 1.213201643
0.270727870 1.211166866
0.260280376 1.208951164
0.249867802 1.206565980
0.239495024 1.204022790
0.229166536 1.201333051
0.218886453 1.198508142
0.208658504 1.195559318
0.198486032 1.192497652
0.188371999 1.189333996
0.178318990 1.186078936
0.168329220 1.182742748
0.158404543 1.179335368
0.148546466 1.175866356
0.138756159 1.172344867
0.129034473 1.168779631
0.119381952 1.165178925
0.109798856 1.161550564
0.100285171 1.157901884
0.090840637 1.154239732
0.081464758 1.150570463
0.072156828 1.146899938
0.062915948 1.143233522
0.053741044 1.139576094
0.044630892 1.135932047
0.035584128 1.132305303
0.026599274 1.128699324
0.017674752 1.125117124
0.008808903 1.121561289
0.000000000 1.118033989
