0.000000000 0.000000000 0.843515612
0.000000000 0.000000000 0.860739965
0.000000000 0.000000000 0.904943979
0.000000000 0.000000000 0.961837822
0.000000000 0.000000000 1.021411608
0.000000000 0.000000000 1.077566107
0.000000000 0.000000000 1.122791651
0.000000000 0.000000000 1.148345719
0.000000000 0.000000000 1.145725434
0.000000000 0.000000000 1.100663359
0.000000000 0.000000000 0.985022870
0.000000000 0.000000000 0.781091603
0.000000000 0.000000000 0.581103829
0.000000000 0.000000000 0.581103829
0.000000000 0.000000000 0.781091603
0.000000000 0.000000000 0.985022870
0.000000000 0.000000000 1.100663359
0.000000000 0.000000000 1.145725434
0.000000000 0.000000000 1.148345719
0.000000000 0.000000000 1.122791651
0.000000000 0.000000000 1.077566107
0.000000000 0.000000000 1.021411608
0.000000000 0.000000000 0.961837822
0.000000000 0.000000000 0.904943979
0.000000000 0.000000000 0.860739965
0.000000000 0.000000000 0.843515612
0.000000000 0.001698474 0.806693656
0.000003420 0.001624330 0.823166115
0.000014368 0.001593786 0.865440492
0.000034305 0.001573817 0.919850751
0.000064614 0.001545204 0.976823964
0.000106195 0.001499260 1.030527153
0.000158762 0.001428553 1.073778468
0.000220065 0.001327753 1.098217025
0.000285360 0.001195591 1.095711124
0.000345009 0.001028727 1.052616142
0.000378797 0.000817590 0.942023703
0.000360932 0.000570252 0.746994639
0.000317131 0.000369108 0.555736925
0.000369108 0.000317131 0.555736925
0.000570252 0.000360932 0.746994639
0.000817590 0.000378797 0.942023703
0.001028727 0.000345009 1.052616142
0.001195591 0.000285360 1.095711124
0.001327753 0.000220065 1.098217025
0.001428553 0.000158762 1.073778468
0.001499260 0.000106195 1.030527153
0.001545204 0.000064614 0.976823964
0.001573817 0.000034305 0.919850751
0.001593786 0.000014368 0.865440492
0.001624330 0.000003420 0.823166115
0.001698474 0.000000000 0.806693656
0.000000000 0.007135754 0.791524424
0.000014368 0.006824257 0.807687132
0.000060365 0.006695932 0.849166573
0.000144123 0.006612038 0.902553690
0.000271463 0.006491824 0.958455567
0.000446155 0.006298803 1.011148910
0.000667004 0.006001743 1.053586919
0.000924555 0.005578253 1.077565929
0.001198874 0.005023004 1.075107148
0.001449479 0.004321965 1.032822534
0.001591431 0.003434919 0.924309697
0.001516374 0.002395785 0.732948000
0.001332355 0.001550726 0.545286735
0.001550726 0.001332355 0.545286735
0.002395785 0.001516374 0.732948000
0.003434919 0.001591431 0.924309697
0.004321965 0.001449479 1.032822534
0.005023004 0.001198874 1.075107148
0.005578253 0.000924555 1.077565929
0.006001743 0.000667004 1.053586919
0.006298803 0.000446155 1.011148910
0.006491824 0.000271463 0.958455567
0.006612038 0.000144123 0.902553690
0.006695932 0.000060365 0.849166573
0.006824257 0.000014368 0.807687132
0.007135754 0.000000000 0.791524424
0.000000000 0.017036792 0.781607387
0.000034305 0.016293086 0.797567592
0.000144123 0.015986707 0.838527336
0.000344098 0.015786409 0.891245564
0.000648124 0.015499394 0.946447044
0.001065206 0.015038551 0.998480191
0.001592489 0.014329313 1.040386492
0.002207399 0.013318221 1.064065068
0.002862342 0.011992549 1.061637094
0.003460668 0.010318802 1.019882264
0.003799581 0.008200957 0.912728989
0.003620381 0.005719996 0.723764869
0.003181032 0.003702397 0.538454818
0.003702397 0.003181032 0.538454818
0.005719996 0.003620381 0.723764869
0.008200957 0.003799581 0.912728989
0.010318802 0.003460668 1.019882264
0.011992549 0.002862342 1.061637094
0.013318221 0.002207399 1.064065068
0.014329313 0.001592489 1.040386492
0.015038551 0.001065206 0.998480191
0.015499394 0.000648124 0.946447044
0.015786409 0.000344098 0.891245564
0.015986707 0.000144123 0.838527336
0.016293086 0.000034305 0.797567592
0.017036792 0.000000000 0.781607387
0.000000000 0.032089524 0.767396870
0.000064614 0.030688721 0.783066900
0.000271463 0.030111644 0.823281949
0.000648124 0.029734374 0.875041700
0.001220769 0.029193769 0.929239554
0.002006360 0.028325751 0.980326678
0.002999521 0.026989871 1.021471075
0.004157730 0.025085436 1.044719147
0.005391343 0.022588476 1.042335316
0.006518315 0.019435903 1.001339638
0.007156673 0.015446852 0.896134532
0.006819142 0.010773856 0.710605996
0.005991609 0.006973622 0.528665093
0.006973622 0.005991609 0.528665093
0.010773856 0.006819142 0.710605996
0.015446852 0.007156673 0.896134532
0.019435903 0.006518315 1.001339638
0.022588476 0.005391343 1.042335316
0.025085436 0.004157730 1.044719147
0.026989871 0.002999521 1.021471075
0.028325751 0.002006360 0.980326678
0.029193769 0.001220769 0.929239554
0.029734374 0.000648124 0.875041700
0.030111644 0.000271463 0.823281949
0.030688721 0.000064614 0.783066900
0.032089524 0.000000000 0.767396870
0.000000000 0.052739839 0.744579867
0.000106195 0.050437589 0.759783980
0.000446155 0.049489150 0.798803316
0.001065206 0.048869099 0.849024094
0.002006360 0.047980603 0.901610484
0.003297498 0.046553996 0.951178635
0.004929779 0.044358447 0.991099687
0.006833321 0.041228467 1.013656524
0.008860791 0.037124658 1.011343571
0.010712995 0.031943335 0.971566817
0.011762150 0.025387242 0.869489773
0.011207410 0.017707070 0.689477555
0.009847341 0.011461301 0.512946300
0.011461301 0.009847341 0.512946300
0.017707070 0.011207410 0.689477555
0.025387242 0.011762150 0.869489773
0.031943335 0.010712995 0.971566817
0.037124658 0.008860791 1.011343571
0.041228467 0.006833321 1.013656524
0.044358447 0.004929779 0.991099687
0.046553996 0.003297498 0.951178635
0.047980603 0.002006360 0.901610484
0.048869099 0.001065206 0.849024094
0.049489150 0.000446155 0.798803316
0.050437589 0.000106195 0.759783980
0.052739839 0.000000000 0.744579867
0.000000000 0.078846375 0.709464477
0.000158762 0.075404497 0.723951543
0.000667004 0.073986576 0.761130674
0.001592489 0.073059596 0.808982973
0.002999521 0.071731288 0.859089318
0.004929779 0.069598503 0.906319769
0.007370048 0.066316144 0.944358089
0.010215856 0.061636804 0.965851116
0.013246935 0.055501586 0.963647245
0.016015992 0.047755477 0.925746416
0.017584485 0.037954078 0.828483463
0.016755146 0.026472176 0.656960864
0.014721834 0.017134714 0.488755061
0.017134714 0.014721834 0.488755061
0.026472176 0.016755146 0.656960864
0.037954078 0.017584485 0.828483463
0.047755477 0.016015992 0.925746416
0.055501586 0.013246935 0.963647245
0.061636804 0.010215856 0.965851116
0.066316144 0.007370048 0.944358089
0.069598503 0.004929779 0.906319769
0.071731288 0.002999521 0.859089318
0.073059596 0.001592489 0.808982973
0.073986576 0.000667004 0.761130674
0.075404497 0.000158762 0.723951543
0.078846375 0.000000000 0.709464477
0.000000000 0.109291447 0.659403892
0.000220065 0.104520551 0.672868736
0.000924555 0.102555126 0.707424467
0.002207399 0.101270209 0.751900255
0.004157730 0.099429001 0.798471042
0.006833321 0.096472679 0.842368861
0.010215856 0.091922898 0.877723156
0.014160521 0.085436718 0.897699611
0.018361994 0.076932498 0.895651248
0.022200271 0.066195372 0.860424743
0.024374409 0.052609344 0.770024769
0.023224836 0.036693918 0.610604991
0.020406398 0.023750967 0.454267972
0.023750967 0.020406398 0.454267972
0.036693918 0.023224836 0.610604991
0.052609344 0.024374409 0.770024769
0.066195372 0.022200271 0.860424743
0.076932498 0.018361994 0.895651248
0.085436718 0.014160521 0.897699611
0.091922898 0.010215856 0.877723156
0.096472679 0.006833321 0.842368861
0.099429001 0.004157730 0.798471042
0.101270209 0.002207399 0.751900255
0.102555126 0.000924555 0.707424467
0.104520551 0.000220065 0.672868736
0.109291447 0.000000000 0.659403892
0.000000000 0.141718583 0.593767997
0.000285360 0.135532147 0.605892573
0.001198874 0.132983572 0.637008688
0.002862342 0.131317417 0.677057436
0.005391343 0.128929916 0.718992649
0.008860791 0.125096444 0.758520956
0.013246935 0.119196727 0.790356148
0.018361994 0.110786076 0.808344182
0.023810059 0.099758627 0.806499709
0.028787165 0.085835759 0.774779588
0.031606377 0.068218712 0.693377868
0.030115722 0.047581125 0.549826452
0.026461044 0.030797958 0.409050943
0.030797958 0.026461044 0.409050943
0.047581125 0.030115722 0.549826452
0.068218712 0.031606377 0.693377868
0.085835759 0.028787165 0.774779588
0.099758627 0.023810059 0.806499709
0.110786076 0.018361994 0.808344182
0.119196727 0.013246935 0.790356148
0.125096444 0.008860791 0.758520956
0.128929916 0.005391343 0.718992649
0.131317417 0.002862342 0.677057436
0.132983572 0.001198874 0.637008688
0.135532147 0.000285360 0.605892573
0.141718583 0.000000000 0.593767997
0.000000000 0.171342548 0.510898439
0.000345009 0.163862938 0.521330843
0.001449479 0.160781626 0.548104220
0.003460668 0.158767188 0.582563542
0.006518315 0.155880619 0.618646044
0.010712995 0.151245822 0.652657561
0.016015992 0.144112865 0.680049656
0.022200271 0.133944105 0.695527181
0.028787165 0.120611546 0.693940133
0.034804654 0.103778329 0.666647048
0.038213176 0.082478725 0.596606204
0.036410924 0.057527186 0.473089620
0.031992295 0.037235771 0.351961523
0.037235771 0.031992295 0.351961523
0.057527186 0.036410924 0.473089620
0.082478725 0.038213176 0.596606204
0.103778329 0.034804654 0.666647048
0.120611546 0.028787165 0.693940133
0.133944105 0.022200271 0.695527181
0.144112865 0.016015992 0.680049656
0.151245822 0.010712995 0.652657561
0.155880619 0.006518315 0.618646044
0.158767188 0.003460668 0.582563542
0.160781626 0.001449479 0.548104220
0.163862938 0.000345009 0.521330843
0.171342548 0.000000000 0.510898439
0.000000000 0.188122628 0.406040954
0.000378797 0.179910518 0.414332197
0.001591431 0.176527444 0.435610570
0.003799581 0.174315726 0.462997414
0.007156673 0.171146466 0.491674295
0.011762150 0.166057770 0.518705242
0.017584485 0.158226262 0.540475347
0.024374409 0.147061645 0.552776243
0.031606377 0.132423389 0.551514923
0.038213176 0.113941646 0.529823508
0.041955505 0.090556109 0.474157941
0.039976752 0.063160993 0.375992068
0.035125395 0.040882380 0.279724465
0.040882380 0.035125395 0.279724465
0.063160993 0.039976752 0.375992068
0.090556109 0.041955505 0.474157941
0.113941646 0.038213176 0.529823508
0.132423389 0.031606377 0.551514923
0.147061645 0.024374409 0.552776243
0.158226262 0.017584485 0.540475347
0.166057770 0.011762150 0.518705242
0.171146466 0.007156673 0.491674295
0.174315726 0.003799581 0.462997414
0.176527444 0.001591431 0.435610570
0.179910518 0.000378797 0.414332197
0.188122628 0.000000000 0.406040954
0.000000000 0.179250179 0.283205077
0.000360932 0.171425377 0.288988046
0.001516374 0.168201860 0.303829266
0.003620381 0.166094453 0.322931017
0.006819142 0.163074666 0.342932542
0.011207410 0.158225968 0.361786063
0.016755146 0.150763818 0.376970256
0.023224836 0.140125759 0.385549874
0.030115722 0.126177890 0.384670130
0.036410924 0.108567803 0.369540821
0.039976752 0.086285200 0.330715251
0.038091324 0.060182123 0.262246607
0.033468772 0.038954239 0.195101966
0.038954239 0.033468772 0.195101966
0.060182123 0.038091324 0.262246607
0.086285200 0.039976752 0.330715251
0.108567803 0.036410924 0.369540821
0.126177890 0.030115722 0.384670130
0.140125759 0.023224836 0.385549874
0.150763818 0.016755146 0.376970256
0.158225968 0.011207410 0.361786063
0.163074666 0.006819142 0.342932542
0.166094453 0.003620381 0.322931017
0.168201860 0.001516374 0.303829266
0.171425377 0.000360932 0.288988046
0.179250179 0.000000000 0.283205077
0.000000000 0.157497368 0.183310885
0.000317131 0.150622142 0.187054042
0.001332355 0.147789812 0.196660357
0.003181032 0.145938148 0.209024397
0.005991609 0.143284826 0.221970836
0.009847341 0.139024540 0.234174203
0.014721834 0.132467955 0.244002515
0.020406398 0.123120872 0.249555867
0.026461044 0.110865639 0.248986432
0.031992295 0.095392615 0.239193645
0.035125395 0.075814106 0.214062919
0.033468772 0.052878754 0.169745042
0.029407187 0.034226968 0.126284156
0.034226968 0.029407187 0.126284156
0.052878754 0.033468772 0.169745042
0.075814106 0.035125395 0.214062919
0.095392615 0.031992295 0.239193645
0.110865639 0.026461044 0.248986432
0.123120872 0.020406398 0.249555867
0.132467955 0.014721834 0.244002515
0.139024540 0.009847341 0.234174203
0.143284826 0.005991609 0.221970836
0.145938148 0.003181032 0.209024397
0.147789812 0.001332355 0.196660357
0.150622142 0.000317131 0.187054042
0.157497368 0.000000000 0.183310885
0.000000000 0.183310885 0.157497368
0.000369108 0.175308821 0.160713421
0.001550726 0.172012278 0.168966992
0.003702397 0.169857131 0.179589949
0.006973622 0.166768934 0.190713293
0.011461301 0.161810395 0.201198204
0.017134714 0.154179198 0.209642510
0.023750967 0.143300147 0.214413849
0.030797958 0.129036304 0.213924601
0.037235771 0.111027281 0.205510817
0.040882380 0.088239892 0.183918955
0.038954239 0.061545480 0.145841844
0.034226968 0.039836702 0.108501043
0.039836702 0.034226968 0.108501043
0.061545480 0.038954239 0.145841844
0.088239892 0.040882380 0.183918955
0.111027281 0.037235771 0.205510817
0.129036304 0.030797958 0.213924601
0.143300147 0.023750967 0.214413849
0.154179198 0.017134714 0.209642510
0.161810395 0.011461301 0.201198204
0.166768934 0.006973622 0.190713293
0.169857131 0.003702397 0.179589949
0.172012278 0.001550726 0.168966992
0.175308821 0.000369108 0.160713421
0.183310885 0.000000000 0.157497368
0.000000000 0.283205077 0.179250179
0.000570252 0.270842336 0.182910418
0.002395785 0.265749362 0.192303934
0.005719996 0.262419779 0.204394085
0.010773856 0.257648687 0.217053734
0.017707070 0.249988021 0.228986772
0.026472176 0.238198249 0.238597367
0.036693918 0.221390722 0.244027701
0.047581125 0.199353881 0.243470881
0.057527186 0.171530947 0.233895024
0.063160993 0.136325704 0.209320993
0.060182123 0.095084329 0.165984847
0.052878754 0.061545480 0.123486707
0.061545480 0.052878754 0.123486707
0.095084329 0.060182123 0.165984847
0.136325704 0.063160993 0.209320993
0.171530947 0.057527186 0.233895024
0.199353881 0.047581125 0.243470881
0.221390722 0.036693918 0.244027701
0.238198249 0.026472176 0.238597367
0.249988021 0.017707070 0.228986772
0.257648687 0.010773856 0.217053734
0.262419779 0.005719996 0.204394085
0.265749362 0.002395785 0.192303934
0.270842336 0.000570252 0.182910418
0.283205077 0.000000000 0.179250179
0.000000000 0.406040954 0.188122628
0.000817590 0.388316063 0.191964040
0.003434919 0.381014089 0.201822512
0.008200957 0.376240350 0.214511097
0.015446852 0.369399870 0.227797368
0.025387242 0.358416507 0.240321063
0.037954078 0.341513102 0.250407359
0.052609344 0.317415566 0.256106481
0.068218712 0.285820583 0.255522099
0.082478725 0.245929876 0.245472261
0.090556109 0.195454896 0.219681875
0.086285200 0.136325704 0.174200694
0.075814106 0.088239892 0.129599000
0.088239892 0.075814106 0.129599000
0.136325704 0.086285200 0.174200694
0.195454896 0.090556109 0.219681875
0.245929876 0.082478725 0.245472261
0.285820583 0.068218712 0.255522099
0.317415566 0.052609344 0.256106481
0.341513102 0.037954078 0.250407359
0.358416507 0.025387242 0.240321063
0.369399870 0.015446852 0.227797368
0.376240350 0.008200957 0.214511097
0.381014089 0.003434919 0.201822512
0.388316063 0.000817590 0.191964040
0.406040954 0.000000000 0.188122628
0.000000000 0.510898439 0.171342548
0.001028727 0.488596208 0.174841316
0.004321965 0.479408546 0.183820436
0.010318802 0.473402019 0.195377230
0.019435903 0.464795029 0.207478398
0.031943335 0.450975283 0.218885010
0.047755477 0.429706681 0.228071633
0.066195372 0.399386111 0.233262407
0.085835759 0.359631924 0.232730151
0.103778329 0.309439697 0.223576733
0.113941646 0.245929876 0.200086787
0.108567803 0.171530947 0.158662417
0.095392615 0.111027281 0.118039085
0.111027281 0.095392615 0.118039085
0.171530947 0.108567803 0.158662417
0.245929876 0.113941646 0.200086787
0.309439697 0.103778329 0.223576733
0.359631924 0.085835759 0.232730151
0.399386111 0.066195372 0.233262407
0.429706681 0.047755477 0.228071633
0.450975283 0.031943335 0.218885010
0.464795029 0.019435903 0.207478398
0.473402019 0.010318802 0.195377230
0.479408546 0.004321965 0.183820436
0.488596208 0.001028727 0.174841316
0.510898439 0.000000000 0.171342548
0.000000000 0.593767997 0.141718583
0.001195591 0.567848264 0.144612437
0.005023004 0.557170330 0.152039128
0.011992549 0.550189523 0.161597831
0.022588476 0.540186448 0.171606789
0.037124658 0.524125090 0.181041274
0.055501586 0.499406644 0.188639593
0.076932498 0.464167969 0.192932917
0.099758627 0.417965511 0.192492685
0.120611546 0.359631924 0.184921831
0.132423389 0.285820583 0.165493137
0.126177890 0.199353881 0.131230760
0.110865639 0.129036304 0.097630927
0.129036304 0.110865639 0.097630927
0.199353881 0.126177890 0.131230760
0.285820583 0.132423389 0.165493137
0.359631924 0.120611546 0.184921831
0.417965511 0.099758627 0.192492685
0.464167969 0.076932498 0.192932917
0.499406644 0.055501586 0.188639593
0.524125090 0.037124658 0.181041274
0.540186448 0.022588476 0.171606789
0.550189523 0.011992549 0.161597831
0.557170330 0.005023004 0.152039128
0.567848264 0.001195591 0.144612437
0.593767997 0.000000000 0.141718583
0.000000000 0.659403892 0.109291447
0.001327753 0.630618958 0.111523148
0.005578253 0.618760671 0.117250511
0.013318221 0.611008197 0.124622053
0.025085436 0.599899369 0.132340826
0.041228467 0.582062567 0.139616573
0.061636804 0.554611712 0.145476293
0.085436718 0.515477707 0.148787246
0.110786076 0.464167969 0.148447745
0.133944105 0.399386111 0.142609205
0.147061645 0.317415566 0.127626061
0.140125759 0.221390722 0.101203380
0.123120872 0.143300147 0.075291645
0.143300147 0.123120872 0.075291645
0.221390722 0.140125759 0.101203380
0.317415566 0.147061645 0.127626061
0.399386111 0.133944105 0.142609205
0.464167969 0.110786076 0.148447745
0.515477707 0.085436718 0.148787246
0.554611712 0.061636804 0.145476293
0.582062567 0.041228467 0.139616573
0.599899369 0.025085436 0.132340826
0.611008197 0.013318221 0.124622053
0.618760671 0.005578253 0.117250511
0.630618958 0.001327753 0.111523148
0.659403892 0.000000000 0.109291447
0.000000000 0.709464477 0.078846375
0.001428553 0.678494250 0.080456396
0.006001743 0.665735706 0.084588301
0.014329313 0.657394680 0.089906369
0.026989871 0.645442493 0.095474941
0.044358447 0.626251558 0.100723900
0.066316144 0.596716690 0.104951290
0.091922898 0.554611712 0.107339919
0.119196727 0.499406644 0.107094992
0.144112865 0.429706681 0.102882881
0.158226262 0.341513102 0.092073557
0.150763818 0.238198249 0.073011383
0.132467955 0.154179198 0.054317822
0.154179198 0.132467955 0.054317822
0.238198249 0.150763818 0.073011383
0.341513102 0.158226262 0.092073557
0.429706681 0.144112865 0.102882881
0.499406644 0.119196727 0.107094992
0.554611712 0.091922898 0.107339919
0.596716690 0.066316144 0.104951290
0.626251558 0.044358447 0.100723900
0.645442493 0.026989871 0.095474941
0.657394680 0.014329313 0.089906369
0.665735706 0.006001743 0.084588301
0.678494250 0.001428553 0.080456396
0.709464477 0.000000000 0.078846375
0.000000000 0.744579867 0.052739839
0.001499260 0.712076749 0.053816772
0.006298803 0.698686713 0.056580577
0.015038551 0.689932843 0.060137799
0.028325751 0.677389075 0.063862581
0.046553996 0.657248272 0.067373576
0.069598503 0.626251558 0.070201251
0.096472679 0.582062567 0.071798989
0.125096444 0.524125090 0.071635159
0.151245822 0.450975283 0.068817705
0.166057770 0.358416507 0.061587417
0.158225968 0.249988021 0.048836850
0.139024540 0.161810395 0.036332846
0.161810395 0.139024540 0.036332846
0.249988021 0.158225968 0.048836850
0.358416507 0.166057770 0.061587417
0.450975283 0.151245822 0.068817705
0.524125090 0.125096444 0.071635159
0.582062567 0.096472679 0.071798989
0.626251558 0.069598503 0.070201251
0.657248272 0.046553996 0.067373576
0.677389075 0.028325751 0.063862581
0.689932843 0.015038551 0.060137799
0.698686713 0.006298803 0.056580577
0.712076749 0.001499260 0.053816772
0.744579867 0.000000000 0.052739839
0.000000000 0.767396870 0.032089524
0.001545204 0.733897723 0.032744783
0.006491824 0.720097360 0.034426418
0.015499394 0.711075236 0.036590808
0.029193769 0.698147074 0.038857149
0.047980603 0.677389075 0.040993412
0.071731288 0.645442493 0.042713910
0.099429001 0.599899369 0.043686053
0.128929916 0.540186448 0.043586370
0.155880619 0.464795029 0.041872092
0.171146466 0.369399870 0.037472827
0.163074666 0.257648687 0.029714753
0.143284826 0.166768934 0.022106698
0.166768934 0.143284826 0.022106698
0.257648687 0.163074666 0.029714753
0.369399870 0.171146466 0.037472827
0.464795029 0.155880619 0.041872092
0.540186448 0.128929916 0.043586370
0.599899369 0.099429001 0.043686053
0.645442493 0.071731288 0.042713910
0.677389075 0.047980603 0.040993412
0.698147074 0.029193769 0.038857149
0.711075236 0.015499394 0.036590808
0.720097360 0.006491824 0.034426418
0.733897723 0.001545204 0.032744783
0.767396870 0.000000000 0.032089524
0.000000000 0.781607387 0.017036792
0.001573817 0.747487908 0.017384679
0.006612038 0.733431993 0.018277483
0.015786409 0.724242799 0.019426589
0.029734374 0.711075236 0.020629822
0.048869099 0.689932843 0.021763995
0.073059596 0.657394680 0.022677432
0.101270209 0.611008197 0.023193557
0.131317417 0.550189523 0.023140634
0.158767188 0.473402019 0.022230499
0.174315726 0.376240350 0.019894866
0.166094453 0.262419779 0.015775992
0.145938148 0.169857131 0.011736766
0.169857131 0.145938148 0.011736766
0.262419779 0.166094453 0.015775992
0.376240350 0.174315726 0.019894866
0.473402019 0.158767188 0.022230499
0.550189523 0.131317417 0.023140634
0.611008197 0.101270209 0.023193557
0.657394680 0.073059596 0.022677432
0.689932843 0.048869099 0.021763995
0.711075236 0.029734374 0.020629822
0.724242799 0.015786409 0.019426589
0.733431993 0.006612038 0.018277483
0.747487908 0.001573817 0.017384679
0.781607387 0.000000000 0.017036792
0.000000000 0.791524424 0.007135754
0.001593786 0.756972037 0.007281464
0.006695932 0.742737781 0.007655409
0.015986707 0.733431993 0.008136705
0.030111644 0.720097360 0.008640672
0.049489150 0.698686713 0.009115713
0.073986576 0.665735706 0.009498300
0.102555126 0.618760671 0.009714476
0.132983572 0.557170330 0.009692309
0.160781626 0.479408546 0.009311105
0.176527444 0.381014089 0.008332840
0.168201860 0.265749362 0.006607675
0.147789812 0.172012278 0.004915871
0.172012278 0.147789812 0.004915871
0.265749362 0.168201860 0.006607675
0.381014089 0.176527444 0.008332840
0.479408546 0.160781626 0.009311105
0.557170330 0.132983572 0.009692309
0.618760671 0.102555126 0.009714476
0.665735706 0.073986576 0.009498300
0.698686713 0.049489150 0.009115713
0.720097360 0.030111644 0.008640672
0.733431993 0.015986707 0.008136705
0.742737781 0.006695932 0.007655409
0.756972037 0.001593786 0.007281464
0.791524424 0.000000000 0.007135754
0.000000000 0.806693656 0.001698474
0.001624330 0.771479087 0.001733156
0.006824257 0.756972037 0.001822164
0.016293086 0.747487908 0.001936723
0.030688721 0.733897723 0.002056679
0.050437589 0.712076749 0.002169750
0.075404497 0.678494250 0.002260814
0.104520551 0.630618958 0.002312269
0.135532147 0.567848264 0.002306993
0.163862938 0.488596208 0.002216257
0.179910518 0.388316063 0.001983408
0.171425377 0.270842336 0.001572779
0.150622142 0.175308821 0.001170090
0.175308821 0.150622142 0.001170090
0.270842336 0.171425377 0.001572779
0.388316063 0.179910518 0.001983408
0.488596208 0.163862938 0.002216257
0.567848264 0.135532147 0.002306993
0.630618958 0.104520551 0.002312269
0.678494250 0.075404497 0.002260814
0.712076749 0.050437589 0.002169750
0.733897723 0.030688721 0.002056679
0.747487908 0.016293086 0.001936723
0.756972037 0.006824257 0.001822164
0.771479087 0.001624330 0.001733156
0.806693656 0.000000000 0.001698474
0.000000000 0.843515612 0.000000000
0.001698474 0.806693656 0.000000000
0.007135754 0.791524424 0.000000000
0.017036792 0.781607387 0.000000000
0.032089524 0.767396870 0.000000000
0.052739839 0.744579867 0.000000000
0.078846375 0.709464477 0.000000000
0.109291447 0.659403892 0.000000000
0.141718583 0.593767997 0.000000000
0.171342548 0.510898439 0.000000000
0.188122628 0.406040954 0.000000000
0.179250179 0.283205077 0.000000000
0.157497368 0.183310885 0.000000000
0.183310885 0.157497368 0.000000000
0.283205077 0.179250179 0.000000000
0.406040954 0.188122628 0.000000000
0.510898439 0.171342548 0.000000000
0.593767997 0.141718583 0.000000000
0.659403892 0.109291447 0.000000000
0.709464477 0.078846375 0.000000000
0.744579867 0.052739839 0.000000000
0.767396870 0.032089524 0.000000000
0.781607387 0.017036792 0.000000000
0.791524424 0.007135754 0.000000000
0.806693656 0.001698474 0.000000000
0.843515612 0.000000000 0.000000000
