   2.0618440e-02   4.1272651e-02   5.5704842e-06   4.6294096e-02   1.5810661e-06
   2.3442087e-02   2.3419879e-02   4.4211985e-06   6.1161428e-02   1.0621854e-08
   7.4230464e-05   1.9606392e-01   0.0000000e+00   5.8481974e-02   6.1892815e-07
   9.4657263e-02   3.7963662e-02   2.5942380e-05   1.4126983e-02   2.4963731e-08
   2.3817436e-02   3.5769556e-02   7.2573650e-03   1.3354544e-02   2.1237676e-07
   1.9881179e-02   5.9659866e-02   0.0000000e+00   3.7108829e-02   2.2791063e-07
   3.7296065e-02   3.7333424e-02   7.5306990e-03   9.2868218e-03   2.6206979e-06
   6.4517209e-02   1.2886186e-02   7.9691278e-03   4.8716123e-03   3.5100732e-03
   1.6853652e-03   1.7052860e-03   1.1184076e-03   1.3590760e-02   1.9208473e-02
   1.4006235e-06   2.3788519e-01   4.3012702e-05   4.4353706e-02   2.5228562e-08
   1.2297026e-02   3.6958663e-02   7.4304935e-03   1.8367518e-02   4.8268533e-07
   1.7476471e-03   4.5057436e-02   3.6264628e-02   5.2753325e-03   3.7356455e-03
   5.1783478e-02   1.2826677e-02   7.9508303e-03   1.4552780e-02   2.9180646e-06
   2.3101189e-03   4.3471762e-02   1.7109367e-02   2.1032335e-02   1.1883610e-04
   1.4925908e-03   5.8998831e-02   1.7315128e-02   1.1019214e-02   3.5471349e-03
   1.2349658e-06   3.8086148e-01   6.8803736e-05   1.7749653e-02   1.3137131e-06
   5.4010261e-02   7.1831201e-02   2.5345706e-05   1.3413711e-02   2.2371914e-06
   9.3378050e-03   8.8275132e-03   1.6681184e-02   3.2857050e-03   7.4458660e-03
   5.5310650e-04   5.2079298e-04   9.8522637e-02   8.4285200e-03   6.3259317e-03
   1.1481854e-02   1.2463041e-03   1.9160878e-02   7.7705272e-03   7.9193239e-03
   9.7181692e-05   1.2853283e-01   1.8716615e-05   9.5805942e-02   1.6532467e-06
   3.8214374e-02   9.5498696e-02   1.9224567e-06   1.4243077e-02   1.7956733e-07
   3.4998971e-02   2.8017420e-01   4.5190703e-07   2.2931960e-07   1.5650674e-07
   2.8906162e-02   1.7510787e-04   1.2267922e-01   1.0706585e-02   7.8872314e-07
   3.3530619e-02   2.3302934e-02   2.0721246e-02   4.6402348e-03   4.0398666e-06
   1.9187842e-01   1.4225955e-04   5.8399923e-02   1.4307983e-06   1.9532597e-06
   3.4506347e-02   3.4557612e-02   7.0482261e-03   4.0586316e-03   3.1610621e-03
   2.4857390e-02   1.7421447e-01   3.7060432e-05   9.2852636e-03   6.9105479e-07
   2.5488413e-02   5.0149415e-02   1.5157450e-02   4.4539314e-03   2.5088201e-07
   2.8049409e-01   3.5058047e-02   3.9584901e-08   8.9956153e-08   1.7071233e-07
   5.9139024e-02   5.9140633e-02   0.0000000e+00   0.0000000e+00   1.5776079e-02
   1.5509646e-02   4.6058593e-02   1.1822606e-05   2.3036802e-02   4.2616484e-03
   5.8964804e-02   4.3870333e-02   8.5969733e-03   1.9514529e-05   3.8993131e-03
   1.9040148e-02   1.0074379e-02   1.1218065e-02   3.5461424e-03   7.0592712e-03
   9.8565776e-02   2.6944115e-03   3.5735738e-02   1.1408959e-04   5.1309211e-03
   2.0328387e-02   1.0250036e-01   2.1649087e-07   2.2922316e-02   1.8089050e-06
   4.6792324e-02   2.3383601e-02   7.0860695e-03   4.3602144e-03   3.2122860e-03
   3.6470560e-02   1.0665901e-02   1.5306440e-02   3.1500708e-04   9.3321927e-03
   6.4620709e-01   6.5765342e-07   3.4502825e-07   2.4313176e-07   1.9589120e-07
   2.4220234e-02   1.3251112e-03   1.4799436e-02   1.7845453e-02   3.2279434e-03
   6.4033266e-02   1.5671709e-02   3.9308302e-02   5.6437550e-07   4.1367893e-05
   5.2546707e-02   5.2546930e-02   9.2552026e-07   1.9593815e-02   3.0068681e-08
   1.9656595e-02   9.8017064e-03   5.6403987e-03   1.4794318e-02   2.6332737e-03
   1.1758100e-03   1.0793075e-03   2.4167999e-02   5.1307762e-02   9.3499246e-05
   1.2791852e-01   2.1254937e-02   1.6618840e-04   1.5847402e-02   7.7627618e-06
   4.2326648e-02   2.8669264e-02   3.5639256e-08   1.0532147e-02   7.5816996e-03
   1.9800223e-02   7.8832290e-02   2.8771684e-06   2.9411061e-02   6.8686803e-07
   2.1673272e-02   3.2226953e-02   6.2241589e-03   3.4737788e-03   6.5677231e-03
   1.8903234e-02   8.8029762e-03   5.6938529e-03   6.8738292e-03   7.2731491e-03
   4.5292051e-02   1.6434710e-03   3.5576218e-02   5.4981128e-03   3.8560026e-03
   1.4917542e-01   1.5693332e-03   1.8763092e-03   9.4448923e-03   1.2979200e-02
   2.0284169e-02   3.0788594e-02   1.2133161e-02   3.7971570e-03   2.9062577e-03
   5.0991050e-02   2.5396919e-02   7.7614672e-03   9.4701983e-03   5.1680463e-06
   1.0649622e-02   3.7028999e-02   1.5084570e-02   1.9748110e-04   9.8777712e-03
   4.2345519e-04   1.5234789e-02   9.4146198e-03   5.3399518e-03   2.3068576e-02
   1.1578754e-05   4.5535373e-02   6.9625937e-02   1.6660787e-02   5.1860280e-07
   4.5405971e-02   1.1234889e-02   6.6773588e-03   8.4751264e-03   3.1297322e-03
   1.8375416e-02   1.8374482e-02   7.7771297e-02   4.7230850e-06   6.3375221e-07
   2.2093912e-02   8.4274850e-02   4.1120276e-05   2.9178977e-04   2.1816798e-02
   1.4630094e-03   1.3535168e-03   9.4651025e-04   4.3033404e-02   8.6551253e-03
   5.2697670e-02   3.5122402e-02   2.9854175e-05   2.6187987e-02   1.7051981e-06
   1.4466677e-02   5.7233793e-02   8.9114534e-03   3.6552784e-05   1.1269531e-02
   1.7809359e-03   2.2661706e-02   6.3920214e-03   1.7350134e-02   5.9536653e-03
   2.2049104e-03   3.9387288e-02   1.0036579e-03   4.3543631e-02   5.9391906e-03
   2.2181992e-03   1.6706558e-02   6.1884012e-02   2.6390565e-04   8.9394773e-03
   3.3117750e-02   2.1325226e-02   1.3275105e-02   8.5295041e-03   1.3673590e-05
   2.7992379e-03   5.3426473e-02   6.9876076e-04   2.6821736e-02   9.3497224e-03
   1.1689971e-03   1.0719800e-03   1.0467842e-01   1.8230928e-02   4.1592958e-05
   2.3713157e-02   2.9946333e-07   2.9012676e-02   5.3889964e-02   1.4106063e-06
   2.1969705e-02   1.5313438e-01   1.3661262e-02   3.8269866e-06   0.0000000e+00
   7.8667820e-02   7.8717930e-02   7.6611017e-06   7.3356435e-03   3.9002137e-07
   6.0093211e-02   1.8626106e-03   9.2405366e-03   5.4463568e-03   1.2178029e-02
   4.6660223e-02   1.5266135e-02   1.7067930e-05   2.3199021e-02   4.1869298e-03
   1.2592752e-02   4.7547166e-02   1.4591351e-02   8.9598017e-03   7.2151970e-06
   5.2080466e-02   2.6406688e-02   1.6384205e-02   1.5612848e-05   3.3380698e-03
   4.6827121e-02   3.4716171e-05   1.4252256e-02   5.1353272e-02   8.5776716e-06
   1.8059877e-03   5.7078246e-02   8.7652341e-03   1.0608171e-02   7.2703777e-03
   1.1765786e-02   4.3060423e-04   7.2811309e-03   1.3935492e-02   1.3199539e-02
   6.3085324e-07   6.2798404e-07   3.9340508e-01   2.2569087e-07   1.5113155e-07
   1.9527141e-02   1.7223273e-02   5.7652351e-03   7.4408979e-03   5.0226106e-03
   1.0224390e-03   1.6899051e-01   8.5544132e-05   2.5552986e-06   5.5338884e-02
   0.0000000e+00   2.0464712e-01   1.8016926e-02   1.0765612e-02   4.1087535e-06
   2.8770655e-04   1.5982681e-02   2.7368725e-02   2.2223468e-02   3.9145296e-03
   1.6397495e-02   9.7346701e-02   9.9240550e-03   6.0495374e-03   5.1768085e-06
   1.4742836e-02   1.5777887e-03   3.4992995e-02   2.1283103e-02   3.3495743e-05
   2.9649411e-02   2.9613963e-02   6.6443658e-08   2.2045830e-02   3.7740817e-03
   2.2884864e-02   2.2942097e-03   2.8128789e-02   4.5729281e-03   6.1850633e-03
   1.0227463e-01   6.0712945e-02   4.7547417e-04   1.8029538e-08   5.4145774e-03
   2.6526228e-01   6.4375145e-05   3.4056113e-07   1.4600522e-04   3.4622197e-02
   7.8498124e-02   6.7217454e-05   5.6370867e-05   1.9462555e-02   2.7535563e-02
   3.2735568e-02   1.7821711e-02   7.0618121e-03   4.0069882e-03   5.8410842e-03
   1.8227392e-02   7.7632713e-04   7.0974036e-04   2.8431502e-02   1.9879459e-02
   1.7308716e-01   2.4673092e-02   9.6625871e-05   9.1920424e-03   3.1883616e-08
   1.0372997e-02   1.0933632e-02   3.2129505e-02   3.7630645e-03   2.8877873e-03
   1.2844078e-01   2.1157148e-03   2.6577988e-02   6.0399902e-04   5.2771250e-03
   1.0551603e-02   2.0879347e-02   2.5519510e-02   3.5799190e-03   2.5227181e-03
   2.7871552e-03   3.2672462e-02   6.6206618e-03   8.5745975e-03   9.1060765e-03
   5.9508915e-02   1.9919523e-02   0.0000000e+00   3.6985272e-02   1.1175901e-06
   1.0294486e-02   1.9353800e-02   6.1129205e-03   3.6823406e-03   1.0564880e-02
   1.4390535e-02   2.5775470e-02   4.1306053e-02   8.6140058e-07   3.1774715e-03
   6.1987612e-02   4.6496646e-02   1.8842450e-02   0.0000000e+00   2.1841739e-07
   3.0402083e-02   8.5880967e-03   1.1728230e-02   4.4529210e-03   5.2493815e-03
   1.1574772e-02   1.1725329e-02   3.0837544e-02   1.0305341e-07   1.0119227e-02
   2.5985537e-02   0.0000000e+00   9.7557938e-02   1.9900962e-02   1.2589358e-07
   1.6021067e-01   8.0108553e-02   4.6735728e-07   0.0000000e+00   9.1227373e-08
   1.3193676e-06   1.3170294e-01   1.0011497e-01   3.1227370e-09   1.7225121e-06
   1.2143653e-02   1.2090123e-02   7.6325710e-03   2.7444156e-02   4.5177469e-06
   0.0000000e+00   2.5235968e-01   0.0000000e+00   1.3761887e-02   9.8157848e-03
   1.7919157e-02   9.0758101e-03   1.0728295e-02   1.0002833e-02   2.4908463e-03
   2.0025588e-07   2.9668064e-01   1.3191968e-06   3.1610610e-02   1.3960228e-07
   4.0463190e-02   1.2513024e-03   1.6532569e-02   5.0782315e-03   1.0865381e-02
   6.7947663e-02   1.9675540e-05   1.3555154e-02   4.2267883e-02   9.0694007e-07
   7.6208021e-02   3.1489969e-04   2.3153262e-02   2.1256510e-02   1.3735659e-04
   3.2909913e-01   0.0000000e+00   2.4964977e-02   5.7031636e-05   0.0000000e+00
   1.2695552e-01   4.2185584e-02   5.0172227e-05   7.8777200e-03   1.2305977e-06
   7.1110243e-02   1.4149042e-02   8.7753142e-03   1.0613516e-02   3.9259771e-07
   3.6327846e-02   1.3550763e-02   2.1945937e-02   2.0884803e-06   6.5742052e-03
   2.6268736e-02   1.2800009e-03   6.3154411e-06   9.7766290e-03   4.8644428e-02
   4.7567858e-02   1.5365102e-03   1.9286868e-02   2.3764840e-02   1.8944116e-05
   9.6910078e-03   6.7444689e-03   9.9905023e-03   9.7185396e-03   4.3513123e-03
   7.5666946e-02   1.5113152e-02   1.8215710e-02   8.1661228e-09   3.7202076e-03
   9.5225578e-03   7.8544886e-03   2.3420884e-02   7.2637368e-03   2.5061541e-03
   4.9284010e-02   4.7052147e-04   1.0538379e-02   5.4140150e-03   1.7545029e-02
   6.8328928e-02   9.3080420e-05   1.0431423e-02   1.2559105e-02   9.2445264e-03
   4.5040909e-02   1.3317902e-01   1.4228426e-04   1.3636269e-05   5.8451643e-03
   2.0406581e-04   2.1544608e-01   4.0752508e-05   8.4091166e-05   4.5471392e-02
   1.9113996e-01   0.0000000e+00   1.3035441e-06   2.3814228e-02   8.6987335e-03
   2.4044216e-02   3.7953137e-02   2.2992204e-02   0.0000000e+00   3.3037191e-03
   2.4020683e-02   1.2010737e-02   7.3245075e-03   2.2398235e-02   0.0000000e+00
   1.3642193e-02   3.0077310e-02   2.1674722e-06   2.1380165e-02   7.7052142e-03
   1.0306162e-01   1.2887446e-01   4.6080864e-07   1.1158480e-07   9.0016679e-08
   6.4749820e-05   1.5055592e-01   0.0000000e+00   3.4140039e-02   7.8299940e-03
   1.3023255e-02   5.2239134e-02   7.8639237e-03   1.4674680e-02   1.9391507e-08
   2.3558933e-02   2.3691848e-02   2.9000249e-02   1.1188815e-04   3.3229516e-03
   6.0616992e-07   6.4625612e-01   3.9898360e-07   2.3942063e-07   1.5343446e-07
   9.1197338e-03   8.6319252e-03   4.7989012e-03   6.6157031e-03   9.6502131e-03
   1.7759147e-01   2.5447933e-02   2.2186669e-05   5.9967663e-04   6.5162196e-03
   1.5732472e-05   6.8083796e-02   1.3547491e-02   4.2243988e-02   1.7423990e-06
   1.1360314e-02   1.5687578e-03   2.6892041e-02   1.2037031e-02   3.1692390e-03
   4.1263183e-02   5.5108914e-02   8.3867922e-03   5.1471873e-03   4.2744052e-07
   1.4596789e-03   4.0280214e-02   5.9044426e-02   1.7041922e-05   9.7763998e-03
   1.2989226e-01   0.0000000e+00   9.9295137e-02   4.4007536e-05   1.1760063e-07
   8.6834690e-03   8.2089353e-03   1.5512269e-02   6.4432796e-03   4.6359488e-03
   1.1303074e-01   2.2902281e-02   0.0000000e+00   6.0287319e-05   1.8114866e-02
   5.7399924e-02   1.4764888e-02   7.9322195e-03   2.4977029e-04   1.1022506e-02
   4.1085312e-04   3.0828368e-02   9.2785447e-03   6.0059006e-03   2.0060449e-02
   2.0698726e-03   1.0116704e-02   1.8381647e-02   3.9828720e-03   1.0652309e-02
   3.1057637e-02   6.1433647e-02   2.7980435e-05   1.1297698e-02   3.9896033e-03
   1.0164647e-02   2.1248508e-02   1.3437362e-02   1.6097411e-02   3.4320417e-06
   1.3780091e-02   1.8694312e-03   2.4475999e-02   2.4982654e-02   8.5832681e-05
   4.2285351e-02   2.8085678e-02   2.5007365e-04   1.5717780e-02   3.6285345e-03
   3.3645203e-02   1.1321260e-02   2.0824268e-02   8.4704535e-03   5.1865052e-08
   2.3610496e-02   1.0478698e-03   1.3555032e-02   2.3495132e-05   4.3832504e-02
   4.1619013e-02   2.5775521e-03   1.1920209e-09   3.8507029e-02   1.1308138e-02
   2.5492674e-03   3.1641786e-02   8.5740329e-03   1.2159758e-02   5.5168740e-03
   9.9678608e-03   1.7801013e-02   1.6016304e-02   6.9083913e-03   2.4780859e-03
   3.1178998e-02   1.0052209e-02   1.8919733e-02   3.9057639e-03   2.7899259e-03
   4.3078138e-02   1.3827624e-02   9.8657590e-04   4.9812902e-03   1.5016475e-02
   2.0949273e-02   1.2400337e-01   3.5493482e-08   6.7339977e-03   5.0222680e-03
   1.2529501e-02   1.3361761e-02   3.9527359e-02   2.8891619e-06   6.7903564e-03
   2.0943255e-03   3.3654484e-02   6.7299566e-04   1.8404519e-02   1.7384963e-02
   3.0907782e-03   9.7684057e-02   1.5195121e-03   1.4201326e-02   1.0065208e-02
   7.1877919e-02   5.4054640e-02   2.5364180e-05   1.3391824e-02   2.2379343e-06
   8.6269885e-02   1.6858239e-02   5.4781668e-05   1.2556976e-02   4.6540554e-03
   7.9959452e-04   8.5864472e-04   6.6475168e-03   1.5643690e-02   1.1246721e-02
   1.0192086e-01   2.0361096e-02   7.5648299e-06   2.2797479e-02   5.5275820e-07
   3.7522928e-02   1.7153853e-03   1.0702223e-02   5.5279284e-04   2.9799391e-02
   2.8874075e-02   7.1635145e-02   8.7427551e-03   5.4311410e-03   0.0000000e+00
   3.6585989e-02   1.2388798e-02   2.9752373e-02   4.7360578e-03   0.0000000e+00
   2.3038247e-04   6.7220205e-02   5.3197099e-02   9.9729017e-06   1.2679555e-02
   2.1289979e-02   2.1287550e-02   1.9434727e-02   7.9394461e-03   9.9425057e-07
   9.4472930e-02   4.0484960e-04   1.1159129e-02   1.4077760e-02   4.8839663e-03
   1.1052342e-03   3.2353457e-02   4.9156163e-02   5.8196969e-03   3.9256632e-03
   1.7996077e-02   2.3782870e-03   1.1741596e-02   7.4045916e-03   7.6641634e-03
   1.3521977e-03   1.2440911e-03   9.2691856e-04   6.0273761e-03   3.3309909e-02
   6.9313168e-05   4.4469608e-05   4.1576021e-02   4.2008420e-02   5.4883376e-03
   1.0634560e-02   2.4274025e-02   1.4915265e-02   0.0000000e+00   1.3966541e-02
   1.9740912e-01   2.2176125e-04   1.7302779e-02   1.0606537e-02   7.3905651e-06
   1.0762007e-02   4.2576168e-02   1.3785330e-02   4.2087659e-03   3.0886769e-03
   2.5619889e-02   5.1294925e-02   7.7239859e-03   9.5094654e-03   1.3924161e-06
   5.9725869e-02   3.0289295e-02   1.8664507e-04   1.1166532e-02   3.8356083e-03
   2.2508650e-02   2.2686024e-02   7.1105924e-03   1.6811951e-02   3.0696563e-05
   9.0531238e-04   3.3492226e-02   4.0979513e-02   1.8988986e-02   2.9186753e-05
   2.1672326e-02   3.2597626e-02   1.3370583e-02   8.5654379e-03   6.8976216e-06
   9.0902110e-03   2.7937978e-02   5.9516559e-03   8.1227286e-03   5.3939803e-03
   4.8623120e-02   6.4753366e-02   7.3357668e-05   6.1118130e-03   4.2637013e-03
   2.3603498e-02   3.4745157e-02   2.1255241e-02   4.3537559e-03   7.1136117e-11
   3.1329187e-02   6.3123649e-02   2.2763833e-05   6.1412299e-03   7.9755264e-03
   5.4594987e-04   5.3700569e-04   7.0633925e-03   1.2948507e-02   1.5242993e-02
   4.5222941e-02   0.0000000e+00   2.2492230e-01   1.3898712e-05   1.8855683e-04
   7.6665988e-02   8.1198003e-06   1.6320551e-01   9.8374575e-07   6.3220968e-07
   5.0603074e-04   1.2289695e-02   7.7737762e-03   1.8223670e-02   9.6428669e-03
   2.4723060e-03   1.1905012e-01   6.5815224e-04   8.5331439e-03   1.8462979e-02
   8.7076479e-03   8.1039626e-03   1.0388669e-02   5.9483084e-03   6.7146925e-03
   9.2047447e-02   3.3821244e-05   5.6108560e-02   8.7478341e-03   3.5489656e-05
   3.1246023e-02   1.5902837e-02   7.5526240e-05   2.8633776e-02   4.0220301e-03
   9.1357021e-03   2.9298432e-02   1.1611439e-02   7.2524247e-03   2.8677858e-03
   4.7750619e-06   3.3188766e-01   2.5492881e-02   2.5399141e-12   7.4691352e-10
   5.9475075e-02   2.2554422e-04   4.8249037e-02   1.5067740e-02   6.5043349e-05
   1.3297980e-02   1.3282682e-02   4.8641521e-02   4.8877457e-03   9.9692246e-07
   6.0782783e-02   1.7152947e-02   0.0000000e+00   1.1628966e-02   7.7700811e-03
   6.7949911e-02   9.3080711e-04   3.0166417e-02   6.1845734e-03   4.2881094e-03
   1.5406011e-01   3.9654100e-05   7.4230149e-02   2.0558244e-04   7.2190496e-06
   9.9555363e-04   2.4180639e-02   6.9352708e-03   1.3610439e-02   9.7109815e-03
   0.0000000e+00   0.0000000e+00   2.0349827e-01   1.5547515e-02   0.0000000e+00
   9.6936243e-03   1.8418561e-02   6.5976250e-03   9.3074665e-03   4.5502887e-03
   1.3425719e-02   5.1945732e-02   1.6070508e-02   1.3269968e-05   7.1996356e-03
   4.1845658e-02   4.2035486e-02   0.0000000e+00   2.8493030e-05   2.7695673e-02
   1.2747398e-02   4.1889366e-02   2.6074606e-04   1.6171546e-02   7.3946302e-03
   6.1975516e-02   1.4415333e-03   9.2822319e-03   1.7089641e-02   3.9194373e-03
   2.5613269e-02   1.7951209e-01   3.8187389e-05   3.0958223e-04   6.8951331e-03
   4.7643598e-05   5.1716892e-02   9.4347361e-02   9.6308438e-03   2.6541040e-07
   1.6034559e-02   4.8810088e-02   4.9320451e-02   0.0000000e+00   0.0000000e+00
   8.0312249e-02   1.6052386e-01   0.0000000e+00   0.0000000e+00   0.0000000e+00
   3.6697653e-02   1.2101381e-02   7.4856184e-03   1.8326970e-02   2.7226005e-06
   2.1135745e-03   1.0134004e-02   3.4532867e-02   8.6881725e-03   3.0907938e-03
   2.3801888e-01   2.0412352e-04   4.1446941e-02   7.6662170e-06   2.1453116e-06
   8.5782196e-04   8.2714028e-04   1.3312716e-02   2.2161549e-02   6.4474468e-03
   1.0506249e-01   2.6697150e-04   2.5182319e-02   1.5400289e-02   8.5943978e-05
   3.6633251e-02   3.5935777e-02   1.4613038e-02   4.6293885e-03   0.0000000e+00
   6.8014243e-02   2.3238512e-02   0.0000000e+00   5.3934230e-07   2.9968188e-02
   2.3320765e-04   4.2349501e-02   2.0781497e-01   1.2396826e-05   1.2670271e-04
   1.4298935e-01   5.1266224e-04   1.4667814e-02   1.7693338e-02   1.5212620e-05
   5.1618726e-02   3.2027357e-03   6.6562188e-04   2.5735717e-02   9.2061557e-03
   2.0755751e-03   1.3053868e-02   1.4279839e-03   1.3920336e-02   1.6022949e-02
   6.7863198e-02   3.2999268e-04   6.8917221e-02   8.4311268e-03   1.4788057e-05
   4.1789579e-02   8.8423962e-07   3.7676500e-02   3.0860887e-02   7.0374566e-07
   1.3452639e-03   2.0039591e-02   1.2883755e-02   9.9454605e-05   4.0115724e-02
   1.5369023e-03   1.2081028e-02   2.7096443e-02   1.2735692e-02   2.8803607e-03
   2.0613909e-02   1.0664084e-02   1.2933429e-02   1.5941076e-02   2.2930343e-05
   1.3860632e-03   9.2643573e-04   6.0975034e-02   2.9650119e-02   8.2942087e-05
   1.2235897e-02   3.6963766e-02   3.0020960e-02   4.5788083e-03   2.5041813e-06
   1.5862647e-02   7.7879041e-02   9.7257504e-03   0.0000000e+00   8.2261483e-03
   1.0226757e-03   1.5353797e-01   1.5762146e-02   7.0089911e-05   1.3194780e-02
   2.1221044e-03   1.7784761e-02   5.0221817e-02   1.8463558e-05   1.2882106e-02
   2.3841131e-02   2.3968912e-02   1.4284182e-02   5.4130231e-08   9.4103794e-03
   2.0721371e-02   1.0586064e-02   2.4793066e-02   3.4862840e-03   2.7495764e-03
   1.7932260e-02   1.9177630e-02   1.0789936e-02   3.6764282e-03   5.3736148e-03
   6.6729605e-04   7.4801067e-04   6.6091578e-02   6.7257507e-03   9.8646627e-03
   1.5287627e-01   2.1792087e-02   1.3608544e-02   1.2228537e-05   2.9827459e-08
   1.0659339e-02   4.8077777e-02   6.3989212e-03   4.9477234e-03   6.3630262e-03
   2.7587935e-02   4.1612009e-03   4.4735120e-02   5.6747983e-05   7.7112039e-03
   2.3508803e-02   1.1912470e-02   3.1254121e-02   6.5459208e-08   6.5408736e-03
   1.4053975e-02   2.5939152e-02   1.0145715e-04   1.5480448e-02   1.0327638e-02
   7.3627716e-04   2.0828416e-01   1.7653902e-02   1.3174484e-05   7.8766194e-03
   2.6493947e-03   2.6659903e-03   3.9434289e-02   3.8226716e-04   2.0516709e-02
   5.4094639e-02   1.2178488e-02   1.5635803e-02   8.9740510e-05   7.3259235e-03
   5.5297023e-02   1.8348573e-03   8.2184594e-04   2.0569034e-02   1.4270501e-02
   2.4687011e-03   1.2379550e-02   2.4330652e-02   2.4333706e-02   9.8958366e-07
   6.5474498e-04   2.6087524e-03   4.7899494e-02   3.6838885e-02   2.9991569e-06
   4.4892440e-02   5.9606705e-02   1.8603626e-02   4.8139210e-05   1.2571965e-05
   1.2544249e-02   5.7584455e-04   7.4671963e-03   9.0312324e-03   1.6029362e-02
   9.8809892e-02   5.9211295e-02   8.2766657e-05   7.3692049e-03   0.0000000e+00
   3.4441003e-02   8.6896270e-02   3.7036697e-05   6.2492820e-03   4.4549408e-03
   6.0796286e-04   1.8236583e-03   1.0618047e-03   3.3224906e-02   1.2092694e-02
   1.1372012e-03   1.0421495e-02   5.8195190e-03   8.1664806e-03   1.4298266e-02
   4.9186982e-02   4.8256092e-06   8.7839620e-03   1.9035347e-02   8.8628186e-03
   3.9381567e-03   6.4658964e-02   2.1682162e-05   4.0240197e-02   5.7557023e-03
   5.0739454e-04   4.6528499e-04   4.5699336e-02   5.5917129e-02   3.6364344e-05
   1.4821650e-03   1.7520112e-02   7.8881900e-04   3.1504517e-02   1.3163644e-02
   2.6645611e-02   9.0900834e-04   2.4517394e-02   4.9162236e-03   1.0784103e-02
   1.1613399e-02   1.7266564e-02   1.7653118e-02   3.0783959e-03   5.0586536e-03
   1.5151784e-01   3.3040698e-06   3.0663786e-02   9.4671555e-03   3.0461787e-07
   9.6146744e-02   5.9298545e-07   4.3336591e-02   0.0000000e+00   1.2504275e-02
   1.0766996e-03   1.2337132e-02   3.0549666e-02   4.7474901e-03   9.7083717e-03
   1.2487224e-02   1.2031282e-02   2.2456940e-02   2.3127898e-09   1.2776917e-02
   1.6130336e-01   3.5328972e-05   2.9829881e-05   7.5177447e-02   1.3166555e-07
   6.1302396e-02   3.1746162e-06   3.6820643e-02   2.2660815e-02   4.1603656e-06
   9.9212405e-04   2.8259462e-02   3.4554622e-02   1.0367204e-02   3.3902578e-03
   6.1750765e-05   1.2908580e-04   3.2563597e-02   8.9455832e-08   1.1018877e-01
   1.0861507e-01   1.9752557e-02   2.0740447e-02   2.4954652e-05   3.1785168e-05
   6.1381292e-04   6.4828782e-02   6.6198112e-02   8.2565601e-03   3.3801738e-06
   0.0000000e+00   1.2376034e-01   3.0697057e-02   2.5245654e-05   1.2566407e-02
   1.5294496e-03   1.7628540e-02   3.1543628e-02   2.8350188e-05   2.2729202e-02
   6.9324875e-04   6.2081618e-04   9.3168862e-03   4.0508476e-02   4.3723384e-03
   1.1231995e-03   1.3176641e-03   1.9178021e-02   7.9024427e-03   1.0789862e-02
   6.5597051e-02   4.9172531e-02   9.2618033e-06   6.1721029e-03   4.3632770e-03
   9.5770745e-04   3.3518531e-02   2.0397452e-02   3.0649621e-02   6.3091082e-05
   1.0111194e-02   3.0428193e-03   6.3959475e-03   2.4547487e-02   2.7324859e-03
   1.5646162e-03   9.1379709e-02   1.2442780e-02   1.3628935e-06   2.3865046e-02
   1.3375115e-02   1.3707685e-02   8.4639436e-03   1.1989356e-04   2.1641131e-02
   1.3757630e-02   1.9272464e-03   4.9513083e-02   5.5693186e-03   3.5271925e-03
   0.0000000e+00   0.0000000e+00   0.0000000e+00   2.4097469e-01   1.4563569e-08
   7.7467213e-02   3.0521423e-04   8.8268496e-04   4.8341241e-02   7.4373840e-03
   1.2787364e-02   4.0426538e-02   1.5628935e-03   4.9610216e-03   1.3947653e-02
   1.5585095e-02   1.5232566e-02   0.0000000e+00   2.8667798e-02   8.0235025e-03
   6.6289601e-04   2.8079911e-02   1.7192430e-02   5.0772331e-03   1.4533122e-02
   1.2979448e-01   7.4273287e-05   1.5838548e-02   1.6624766e-05   2.0920488e-02
   1.0699650e-04   6.2955289e-02   5.0921384e-02   1.5558867e-02   1.3478338e-11
   1.1502061e-02   1.1859358e-03   1.3681172e-02   4.2108699e-03   1.5254100e-02
   5.5006245e-04   5.4634843e-02   7.9264718e-05   1.6311162e-01   0.0000000e+00
   3.9941707e-03   3.7484303e-02   1.7854118e-04   7.1130165e-03   3.0001047e-02
   5.0501263e-02   1.2506079e-02   2.3038017e-02   4.9803374e-03   2.6892099e-06
   1.3067000e-03   6.2806923e-02   1.0200517e-02   5.6047545e-03   1.2607029e-02
   3.6406838e-02   3.6371593e-02   4.0808903e-05   3.3934103e-02   1.3250190e-08
   1.5880337e-03   1.0735158e-03   1.5547350e-01   3.0308183e-04   8.5632174e-03
   1.9284795e-02   9.2213384e-03   5.5513912e-03   1.0558931e-02   4.6331110e-03
   1.5096706e-03   3.0406122e-02   2.7766469e-02   8.9823695e-04   1.6040028e-02
   1.1776318e-01   5.0293766e-06   1.4302435e-02   2.6424282e-02   7.0925544e-08
   3.0700583e-02   7.6189906e-02   9.2982847e-03   2.6333639e-08   4.1767874e-03
   4.9766438e-02   2.2737031e-04   9.0743899e-02   9.1364307e-03   0.0000000e+00
   4.1711951e-02   2.0625118e-02   8.5684329e-08   4.6556850e-02   1.4886697e-06
   1.6863449e-03   9.3679872e-02   5.6055487e-04   3.5075082e-02   6.1782637e-03
   1.3734126e-02   2.9405699e-02   7.6290793e-03   0.0000000e+00   1.8884966e-02
   2.6628462e-03   1.9112655e-02   1.1112120e-02   7.3064605e-03   7.5384365e-03
   1.8103180e-03   1.1833755e-01   1.1667505e-02   7.3696087e-03   5.1295077e-03
   1.3382771e-01   4.4729808e-02   2.1077994e-04   5.9056468e-06   5.7129484e-03
   1.6115706e-04   6.7611915e-04   1.0455342e-02   3.5938657e-02   8.4488600e-03
   2.4043971e-02   2.4441200e-02   3.6288404e-04   1.5688063e-04   4.5124463e-02
   1.2339168e-03   1.2387809e-03   8.3777774e-04   1.0733444e-02   2.6203979e-02
   1.3604286e-02   5.0619483e-02   2.3540474e-02   4.2975858e-03   7.5592515e-06
   4.3137972e-02   1.8953864e-02   1.0450544e-03   1.3311901e-05   3.3297358e-02
   2.5110624e-02   3.7711695e-02   8.5202368e-03   9.3465822e-05   1.0126372e-02
   7.0294814e-04   5.1421536e-04   5.0913169e-02   6.4077050e-03   1.2974537e-02
   0.0000000e+00   7.3992413e-02   1.5819734e-01   2.6884910e-04   4.8348225e-07
   1.4506079e-03   2.6401595e-02   6.7075272e-04   6.5614578e-02   5.9507104e-03
   8.7503771e-02   3.5189762e-03   4.9925117e-05   3.2710153e-02   5.9026134e-03
   2.0233636e-02   8.7427912e-04   1.8071856e-03   3.9069105e-02   9.0226154e-03
   0.0000000e+00   1.6109962e-01   7.8677630e-02   1.0439989e-05   0.0000000e+00
   8.6941115e-04   1.4941784e-01   3.0854742e-02   9.1471183e-05   5.8743076e-03
   7.9876640e-02   4.1253676e-02   0.0000000e+00   9.2856265e-06   1.6033916e-02
   5.8128508e-02   2.0305179e-01   0.0000000e+00   5.9306592e-09   1.3854021e-06
   1.1360981e-02   2.2283229e-02   2.6799914e-02   8.0642305e-03   8.8611713e-06
   1.6952049e-02   6.1007449e-02   3.7589366e-02   3.6209506e-05   2.6785131e-05
   2.9863858e-02   2.9740207e-02   4.5184550e-02   1.0064727e-06   1.2059908e-05
   1.3739015e-02   3.6519665e-02   2.2381790e-02   2.1135872e-06   6.3189976e-03
   1.3273437e-02   5.3866111e-04   7.4453423e-03   1.7883592e-02   9.7352449e-03
   7.6738606e-03   7.9802694e-03   5.2497233e-03   1.0027903e-02   6.7732891e-03
   6.1006192e-04   9.8407562e-02   1.2369721e-03   8.5132780e-03   2.6328888e-02
   4.9191301e-02   2.3892772e-02   1.5032624e-02   4.8009275e-03   8.4784739e-06
   1.0857657e-01   1.6218757e-03   1.2690118e-03   1.6263059e-02   1.1554339e-02
   0.0000000e+00   1.9397034e-01   5.8598095e-02   3.9296937e-05   2.5542409e-05
   2.9529949e-05   1.4871055e-01   3.0141518e-02   9.3140776e-03   2.2745388e-05
   5.5550184e-04   2.7398472e-02   1.6969681e-02   2.2076803e-02   3.4495869e-03
   1.4571963e-02   1.4947659e-02   2.3343165e-04   6.0675922e-03   2.4073624e-02
   5.5525136e-02   1.4492460e-02   1.2219955e-03   1.5691855e-02   3.5344962e-03
   5.4814213e-02   4.1237636e-02   8.3382323e-03   5.0797678e-03   7.4957118e-06
   7.0865041e-04   1.1080305e-02   1.3736240e-02   1.1913281e-02   8.8304879e-03
   9.7742123e-03   2.9178685e-02   1.1664702e-02   3.8270820e-03   5.6152903e-03
   1.7399242e-03   1.9319893e-02   1.2974687e-04   1.4864112e-02   3.1673123e-02
   3.4772985e-03   3.1667867e-02   9.1895218e-03   4.8778517e-04   2.4903280e-02
   4.5058850e-02   4.5157028e-02   2.8807570e-04   4.8184195e-03   8.3422461e-03
   1.4677930e-03   1.3720154e-02   3.9034914e-02   4.8403381e-03   6.5828481e-03
   1.7070171e-02   6.1652086e-02   6.2134634e-06   1.1131225e-02   7.9454741e-03
   1.0449669e-01   4.0600234e-02   7.3058421e-05   0.0000000e+00   1.1273716e-02
   2.7251701e-02   2.6945743e-02   2.7418529e-08   1.5406674e-02   7.3716093e-03
   5.0464745e-04   5.7747222e-04   5.0519109e-02   1.0871570e-02   8.9026855e-03
   1.2454167e-02   1.0666545e-03   7.7075917e-03   4.5967404e-03   1.9490142e-02
   1.5223112e-01   1.2722293e-03   1.5439730e-02   4.8008674e-06   1.3545166e-02
   2.5187476e-03   9.0218351e-03   1.6445378e-02   1.0064603e-02   4.6816285e-03
   7.8114682e-03   1.5722178e-02   1.1149255e-02   6.8056435e-03   4.7360823e-03
   4.3962682e-02   9.6304692e-04   2.5654418e-04   1.6181323e-02   2.9019765e-02
   8.8335211e-02   1.7495165e-02   9.0903133e-06   6.3920151e-03   9.7305134e-03
   3.8521284e-02   3.8148057e-02   1.5440094e-02   1.6914867e-05   3.4323123e-03
   2.1944315e-02   1.3221955e-01   1.0208332e-06   1.6441649e-02   1.4497227e-06
   3.8332410e-02   1.2705100e-02   3.0952514e-02   1.1659675e-04   3.4440399e-03
   1.3520694e-03   1.2008558e-03   1.3824398e-02   4.2239067e-03   1.8077607e-02
   3.0797075e-02   1.5251489e-03   1.8348672e-02   2.8215914e-02   5.4446740e-05
   1.5130871e-01   2.4036714e-05   0.0000000e+00   1.1315087e-02   2.4292817e-02
   9.2732803e-02   7.6825075e-04   2.1955220e-02   6.7948158e-03   4.9121961e-03
   1.9044534e-02   1.1732353e-02   1.6276003e-02   3.5261710e-03   4.6491416e-03
   3.0978009e-02   7.7753439e-02   1.8896491e-02   6.5230400e-05   6.5391380e-05
   9.0627975e-04   1.1543533e-02   3.0859132e-02   9.0533390e-03   6.0890763e-03
   1.1854724e-02   4.1220954e-04   1.4565178e-02   9.4785269e-03   1.3074343e-02
   4.3386902e-02   1.1663437e-04   4.0597214e-02   6.7471655e-05   2.4236223e-02
   0.0000000e+00   2.5353837e-02   9.6754473e-02   2.0118597e-02   7.3906537e-06
   3.8113688e-02   1.3983472e-03   1.4179917e-02   8.9732931e-03   7.1830560e-03
   1.6408843e-03   2.5131429e-03   6.2662821e-02   7.8978779e-07   2.1598591e-02
   4.7358769e-02   2.9082145e-05   5.8478283e-02   1.7726548e-07   1.8735789e-02
   3.7468062e-04   7.3847304e-02   1.5050926e-02   1.2270703e-07   3.2164858e-02
   2.9789465e-01   5.2966879e-09   0.0000000e+00   3.1670116e-02   9.6670795e-10
   7.5204628e-02   3.2592570e-02   8.8669886e-03   4.0798375e-07   4.1594312e-03
   2.1417755e-02   1.0785008e-02   1.9500474e-02   1.1783567e-02   0.0000000e+00
   9.7848971e-04   1.8860889e-03   2.8785804e-02   1.7768138e-02   3.9306918e-03
   1.0541616e-03   1.7851710e-02   5.9429978e-04   2.7286769e-02   1.9280987e-02
   2.2381602e-02   1.1865554e-03   1.3661060e-02   1.2149072e-02   6.3647816e-03
   4.3187313e-02   2.2168827e-04   2.9161649e-03   4.9283658e-02   6.1520447e-03
   2.7694680e-02   5.7124149e-02   2.7032687e-02   7.3061870e-05   5.6115051e-05
   1.5586587e-03   1.3907306e-03   2.0990208e-02   4.2896745e-03   1.4691763e-02
   6.5061127e-05   9.1347416e-02   5.6052290e-02   8.6111178e-03   3.7217311e-05
   7.1885020e-02   1.6134564e-02   9.2424599e-03   3.1571873e-04   7.4307576e-03
   4.3044002e-02   1.2926596e-01   0.0000000e+00   8.0283267e-03   0.0000000e+00
   4.7112210e-02   3.4247278e-03   0.0000000e+00   3.1464465e-04   9.5857830e-02
   8.4025495e-03   9.1894018e-03   2.3408399e-02   3.8425029e-03   5.1971349e-03
   1.1685869e-02   5.0825064e-04   7.4080252e-03   2.5285642e-02   7.3047231e-03
   7.3446107e-04   4.7053109e-02   2.7248398e-02   5.3217472e-03   8.3320465e-03
   5.3442971e-06   5.3297070e-02   1.0216606e-02   6.9723426e-03   1.8213126e-02
   1.9615667e-02   1.9600711e-02   6.0883407e-03   4.0318366e-03   7.9197617e-03
   1.3519797e-02   1.4057844e-02   2.5159974e-05   1.5868233e-02   1.4525162e-02
   1.2083554e-02   2.3941428e-02   7.2168416e-03   2.2419879e-02   8.7610819e-07
   1.7259176e-02   6.2334713e-02   6.2822603e-06   1.7655004e-02   4.1620939e-03
   0.0000000e+00   6.1257834e-02   3.7155207e-02   2.2680825e-02   5.6689851e-06
   8.8843484e-02   5.3514824e-02   1.0800237e-02   5.7927396e-07   6.5386798e-07
   1.8548211e-01   2.0888515e-03   1.5629676e-02   4.7052117e-04   6.6459596e-03
   1.0361013e-03   1.1418399e-01   4.0792535e-02   1.2873018e-06   6.4087196e-03
   7.1147454e-02   3.5671390e-02   1.5751406e-06   1.9901412e-02   2.4282120e-05
   1.0096969e-02   3.0755856e-02   6.6255746e-03   1.1222268e-02   2.7031943e-03
   1.9766300e-03   1.6195054e-03   7.8316686e-02   1.8828190e-04   1.7094359e-02
   3.0721081e-02   1.0437384e-02   6.3485725e-03   1.1406109e-02   2.7045409e-03
   8.9919147e-03   1.3564460e-03   1.8328689e-02   1.1124309e-02   5.5679299e-03
   8.0466537e-02   3.2822038e-02   1.9145903e-02   0.0000000e+00   2.1894843e-05
   1.4179578e-02   4.3272462e-02   1.1860722e-05   1.0781722e-02   1.1628528e-02
   3.0550376e-02   1.0314334e-04   1.9086013e-02   5.8611007e-03   1.7126867e-02
   7.8259028e-02   2.4112017e-03   4.6384792e-02   1.0895065e-04   4.9274030e-03
   1.8531030e-03   1.4870721e-02   1.7129675e-02   3.1002299e-02   1.0717163e-04
   1.5468279e-03   1.6353933e-02   1.5066552e-03   3.5490116e-02   8.2118896e-03
   8.1573175e-02   2.4292363e-04   3.6437617e-02   1.5466275e-02   4.4396395e-11
   1.4452909e-02   1.4492647e-02   5.3551653e-02   0.0000000e+00   3.5395494e-03
   2.1825586e-02   3.2559836e-03   6.8898700e-03   1.9778490e-02   2.9326767e-03
   1.7563007e-03   2.3305403e-02   2.0572275e-02   1.2548424e-02   3.0822634e-03
   1.5988458e-02   3.1176396e-02   0.0000000e+00   5.8529032e-03   2.0564442e-02
   1.0015134e-01   6.7964781e-05   1.0677049e-02   8.0717306e-03   1.0793746e-02
   2.3617577e-02   2.3670184e-02   2.1085825e-02   9.3263470e-06   6.0966534e-03
   7.9270080e-04   1.2088830e-03   1.9911888e-02   1.2363561e-02   8.5263734e-03
   2.8212706e-02   4.1210118e-02   3.9984345e-04   5.7206885e-03   1.0965412e-02
   8.7393364e-04   8.7074550e-04   7.2252265e-03   4.9436345e-03   2.2659566e-02
   9.8006702e-02   1.6371923e-02   9.9600841e-03   6.1457633e-03   1.4590613e-08
   1.2262802e-03   5.7329764e-02   3.4721153e-02   2.2562878e-07   1.5165931e-02
   1.4291686e-03   1.3332906e-02   7.3610613e-03   2.7507666e-02   3.4010370e-03
   4.7058788e-04   2.8103084e-02   7.8110895e-03   1.0245846e-02   1.4646561e-02
   9.4839946e-02   1.6782395e-03   2.2108540e-09   2.5127821e-02   1.2505524e-02
   6.5594588e-02   2.0026236e-04   1.9847942e-02   7.2005877e-03   8.9657053e-03
   1.2397292e-03   8.6018347e-02   1.0554762e-02   1.2777226e-02   4.6068083e-03
   1.0277237e-02   1.0275496e-02   1.8911886e-02   1.5898514e-02   4.8693958e-05
   6.3304368e-04   1.4257469e-01   1.4127519e-02   1.7652890e-02   2.5201949e-05
   1.1422024e-02   1.1300067e-02   3.4912935e-02   8.7547274e-03   2.1805199e-05
   1.1988328e-01   0.0000000e+00   4.3821843e-02   8.9607032e-03   0.0000000e+00
   9.3577813e-03   9.6685978e-03   6.0989075e-03   1.7700878e-02   2.5900826e-03
   9.8183403e-05   1.8895812e-01   4.1445291e-07   2.3281480e-02   8.4760091e-03
   1.2833663e-03   1.2629555e-03   1.5763439e-02   2.8686500e-02   3.1854232e-03
   1.2405222e-02   6.5856001e-02   7.5872297e-03   4.8300577e-03   3.9146170e-03
   3.7814935e-02   1.1318811e-01   1.1578598e-02   0.0000000e+00   2.6048011e-06
   5.5888237e-02   2.7717466e-02   8.7828081e-03   9.9238027e-06   7.1975692e-03
   1.2549771e-03   8.7502731e-02   5.1628338e-02   3.8035957e-06   6.0646930e-03
   0.0000000e+00   0.0000000e+00   0.0000000e+00   1.2513563e-01   1.1098563e-02
   8.1858310e-02   3.3099410e-02   3.1167463e-04   6.2451109e-03   4.3686251e-03
   4.7096567e-07   1.2270154e-01   4.3998337e-02   8.5138742e-03   0.0000000e+00
   1.1458445e-02   1.6064274e-03   2.8542566e-02   4.0536073e-03   9.1601270e-03
   6.8348542e-02   1.4295244e-02   1.6836508e-02   5.1635641e-03   3.0669568e-07
   8.8320065e-04   2.0990135e-03   1.1697885e-01   8.4165748e-05   1.4480794e-02
   3.9745867e-02   4.2534849e-02   8.3950460e-03   0.0000000e+00   7.2219383e-03
   8.3099003e-02   8.2999236e-02   4.2201336e-05   2.4432903e-05   5.4084358e-03
   2.2332888e-02   1.1521113e-02   2.6111192e-02   8.2300358e-03   7.1983189e-06
   4.8842955e-02   1.2264834e-02   1.4816727e-02   9.0637688e-03   1.1417682e-07
   1.0906613e-03   2.6315519e-03   2.2264667e-02   6.9758425e-04   3.2814260e-02
   4.2817015e-02   5.7897105e-02   9.2740939e-03   0.0000000e+00   3.9718270e-03
   5.5448578e-05   2.3995908e-01   4.1477712e-02   6.6552413e-06   4.5522460e-05
   1.8634220e-02   1.9597894e-02   1.8001845e-02   3.6246619e-03   2.6921672e-03
   4.0905604e-04   2.0124626e-02   6.1664378e-02   2.2725882e-02   5.7047877e-06
   2.0683320e-04   4.3155606e-02   1.3894978e-02   5.0166983e-02   1.8012674e-06
   9.0371771e-02   1.1245221e-06   0.0000000e+00   1.1440272e-02   3.9092058e-02
   8.4164196e-03   1.7670618e-02   6.2713223e-03   6.7262903e-03   7.1170392e-03
   2.5198382e-02   1.2992160e-02   4.7197773e-04   1.4088735e-02   9.8688639e-03
   3.5732330e-02   5.3555605e-02   8.1181889e-08   2.6612920e-02   2.7899292e-08
   3.1526512e-02   1.9935783e-02   1.2594893e-02   3.8662767e-03   2.6463254e-03
   4.5153269e-02   1.0942155e-02   1.4005172e-02   3.8193968e-03   3.1510989e-03
   8.4949694e-04   2.3566809e-02   1.0672982e-01   3.7170214e-04   6.7311540e-03
   2.0282473e-02   1.0506839e-02   5.6222039e-03   3.8355894e-03   1.0697367e-02
   8.0391700e-02   6.0692917e-02   3.3022044e-08   0.0000000e+00   1.0726156e-02
   1.3125773e-01   2.7629861e-05   7.4959837e-06   9.7783112e-02   3.0787403e-10
   1.4482786e-03   8.6499688e-02   1.1138142e-02   6.0120704e-03   9.4520662e-03
   4.2051905e-02   1.5155317e-02   1.1416598e-04   1.5344181e-02   7.4520141e-03
   1.2773546e-04   1.0101128e-01   1.2290198e-01   3.0874930e-09   1.7706398e-06
   4.7252648e-04   6.4262725e-04   7.2599888e-03   9.0979252e-03   1.8982511e-02
   9.3363368e-02   4.5952784e-05   2.7869425e-02   4.3766451e-06   1.8597674e-02
   3.8126395e-01   2.8913330e-05   1.5566312e-05   1.8235780e-02   4.8983126e-07
   4.6999585e-02   1.5296449e-02   4.8799812e-02   5.1881173e-05   4.5946506e-06
   5.4024310e-02   2.6859922e-02   1.0690724e-03   6.1057787e-03   7.1686632e-03
   3.1410952e-02   2.0775213e-02   6.4203001e-03   7.7272505e-03   2.7493690e-03
   9.5270729e-03   9.3301681e-04   1.2945418e-02   1.1290244e-02   8.2829731e-03
   2.4130706e-02   3.6335748e-02   1.4612781e-02   0.0000000e+00   6.8374729e-03
   1.0403936e-02   2.0905146e-02   1.9286219e-02   1.1912740e-02   8.5458751e-06
   2.9485637e-04   1.4728175e-03   2.5196588e-02   1.9769773e-02   7.4749679e-03
   3.2846213e-02   5.6064519e-04   2.2797565e-06   9.5057652e-02   9.7816139e-03
   3.1416397e-02   1.4955702e-06   2.9950819e-02   1.8297436e-02   4.7002453e-03
   2.5740304e-03   1.8444622e-02   1.0798609e-02   1.1299856e-02   5.0709674e-03
   2.1121905e-03   5.9248133e-02   2.6960545e-02   5.3014865e-03   3.9494118e-03
   1.8284619e-03   7.6491245e-02   3.5383404e-02   2.4542353e-06   9.9705228e-03
   2.7887621e-02   4.2273077e-02   3.4180859e-02   1.5824052e-05   1.2195307e-04
   5.2606648e-04   1.0483978e-01   0.0000000e+00   2.9556708e-02   1.3134097e-02
   1.0292617e-02   1.4842829e-03   1.1958978e-02   1.4342406e-02   5.3199049e-03
   1.5459975e-02   3.4345114e-04   2.7278450e-02   2.2059118e-02   3.6757862e-03
   6.0063399e-02   1.0009483e-01   1.2865362e-05   7.4567066e-03   8.5489187e-08
   1.2389686e-02   1.2375669e-02   7.4007944e-04   1.8079839e-02   9.4068649e-03
   1.1175228e-01   3.6936277e-02   1.1204171e-02   4.3509535e-05   1.1054095e-05
   1.4762754e-01   0.0000000e+00   3.1356213e-04   1.5300854e-05   7.7804966e-02
   1.0116572e-02   3.0999689e-02   1.8785751e-02   3.8925031e-03   2.8293196e-03
   6.2818146e-04   2.4071223e-02   1.0410059e-01   9.0050807e-03   1.5446361e-04
   9.8929782e-04   1.1616503e-03   1.1833381e-02   1.1213252e-02   1.0515939e-02
   2.8702365e-02   3.4489513e-04   9.2597461e-03   2.1572871e-02   7.2973909e-03
   5.9928629e-02   3.0142872e-02   2.6732695e-02   1.0655529e-07   1.7745520e-05
   6.9518010e-02   0.0000000e+00   2.8464524e-02   3.5926174e-05   2.4448474e-02
   1.9033311e-03   2.3442720e-03   3.6277344e-02   1.3761246e-02   2.8901126e-03
   1.4299992e-02   7.1221086e-02   8.6693232e-03   1.0666956e-02   5.9184151e-08
   5.8152059e-02   7.7090250e-02   3.8543724e-04   0.0000000e+00   9.8307797e-03
   1.9229004e-02   2.2868873e-03   2.3920939e-05   2.1023742e-02   2.4345696e-02
   2.0343814e-01   5.8115674e-02   1.6898916e-07   9.8350450e-08   4.9031385e-09
   8.0974388e-04   5.4289697e-04   1.4282502e-02   1.7393986e-02   9.0536885e-03
   6.7052120e-05   8.2202615e-02   3.9167555e-02   1.5401835e-02   3.7717465e-06
   4.1823182e-02   2.8187694e-02   3.4137744e-02   1.8264263e-05   1.2061177e-04
   1.0299174e-02   1.1613685e-02   2.6232967e-02   1.2111960e-02   8.4554269e-06
   2.0860176e-02   3.1439946e-02   6.3752256e-03   7.7228709e-03   2.7676997e-03
   5.4136839e-02   1.4097223e-02   2.4239892e-02   2.3015369e-05   3.4825498e-03
   2.9071111e-02   9.9831913e-03   1.1902896e-02   7.2135288e-03   2.5655615e-03
   4.3932963e-02   4.3879940e-02   2.6661103e-02   0.0000000e+00   3.3615716e-08
   1.6606626e-03   5.9584436e-02   9.4755919e-03   1.6060257e-02   3.9397963e-03
   3.5757277e-02   2.3700554e-02   7.1655764e-03   1.3485265e-02   6.2950664e-07
   3.2871030e-03   1.4924233e-02   3.2830637e-02   1.6511136e-04   1.4204792e-02
   1.5887852e-02   3.3268207e-02   6.2558461e-02   3.1617347e-07   0.0000000e+00
   7.8973516e-02   1.9758237e-02   0.0000000e+00   2.9474103e-02   3.7518527e-06
   1.8776475e-02   8.4689225e-02   2.7565208e-04   6.3355233e-03   8.3107387e-03
   2.3693720e-02   4.6926024e-02   7.0017192e-03   4.3907147e-03   3.1807881e-03
   9.0160642e-03   8.9565236e-03   1.1481782e-02   3.2716371e-03   9.5707702e-03
   4.3523100e-04   7.5916384e-02   2.4220595e-02   2.0941330e-02   2.2361183e-05
   3.3763177e-02   1.1263722e-02   1.3657349e-02   1.2549890e-02   0.0000000e+00
   9.1808928e-04   1.0330392e-03   1.2270548e-02   8.0601533e-03   1.3764547e-02
   3.9754127e-02   1.2890657e-03   2.4403343e-02   1.0226091e-02   3.6662716e-03
   9.5918265e-03   1.8672965e-02   1.1186794e-02   3.4592354e-03   7.4043466e-03
   3.2816634e-02   1.4255332e-02   6.0803543e-02   4.7363076e-05   6.1403112e-05
   2.2383436e-03   5.9804007e-02   6.1907660e-02   3.4755569e-06   4.8464152e-03
   8.4103648e-02   1.5956107e-02   3.1003944e-02   1.1095957e-05   3.1965408e-05
   5.3540669e-02   8.9225414e-02   1.0864708e-02   0.0000000e+00   3.6937496e-08
   1.5078105e-01   0.0000000e+00   1.5091925e-08   3.3085773e-02   8.7691243e-03
   1.5349816e-02   1.3727533e-02   7.8149355e-04   3.1321669e-02   4.1881389e-03
   2.3255026e-02   2.3360519e-02   2.7920482e-02   4.2348221e-03   3.6549616e-06
   1.6286411e-02   2.3380924e-03   3.8827915e-02   0.0000000e+00   1.6340893e-02
   3.5703971e-04   1.1188147e-01   1.3518417e-02   2.5007841e-02   7.4356710e-06
   1.4608361e-03   1.8244536e-03   2.6412284e-02   1.2094114e-02   5.4689215e-03
   4.3815525e-02   1.4568630e-02   6.4500319e-03   4.0697664e-03   6.1977357e-03
   1.1681109e-01   1.9516924e-02   2.0303209e-04   6.6169738e-03   5.2665315e-03
   1.9805109e-02   4.6777826e-04   5.9876977e-02   2.2639065e-02   1.8354832e-06
   2.3925395e-02   4.8865688e-02   1.1273230e-06   0.0000000e+00   3.7970367e-02
   6.0681744e-02   4.0098748e-02   2.3856550e-05   3.2513594e-08   2.1170566e-02
   1.3651102e-03   4.2182124e-02   1.2191908e-04   1.5887170e-02   2.8251745e-02
   8.8889280e-02   6.1807724e-05   1.3605384e-02   3.3039845e-02   1.1217598e-05
   4.3628334e-02   1.4355188e-02   8.3019099e-07   1.0761629e-02   1.1699554e-02
   9.1818422e-03   1.7845462e-02   1.0921348e-02   9.9175667e-03   2.4501520e-03
   3.5445339e-02   2.3440545e-03   1.2925647e-03   6.5513618e-03   2.8128310e-02
   2.8110894e-04   1.2938340e-02   1.5326337e-02   9.8068539e-03   1.4043947e-02
   8.3637445e-02   1.1200878e-03   3.1702700e-05   1.0894454e-01   2.5731314e-05
   2.6337002e-02   5.1699231e-02   9.0464105e-03   1.6426863e-04   6.9877271e-03
   2.2160154e-03   1.0135545e-02   1.2493085e-02   1.9218706e-02   2.6090606e-03
   2.8794560e-02   4.4496426e-04   1.2173302e-01   1.4784252e-04   7.2514600e-03
   3.3297032e-02   2.2838661e-02   1.2617383e-02   7.2655382e-04   6.1327748e-03
   1.7044508e-02   1.6591321e-03   3.0851199e-02   2.7882294e-05   2.2354077e-02
   1.8659140e-03   7.6490917e-03   1.6610036e-02   7.3918880e-03   7.4559068e-03
   1.0785311e-03   1.1826723e-02   1.3936057e-02   4.4787094e-03   1.5166810e-02
   1.5985317e-02   1.4407647e-03   1.0266488e-03   2.9409856e-02   1.2526624e-02
   8.4645457e-04   4.4373742e-02   1.7382530e-02   5.2655690e-03   1.1576413e-02
   1.2394961e-02   4.5813456e-02   6.3049344e-03   8.4819058e-03   3.0268634e-03
   1.1048306e-03   1.1184123e-03   1.4220995e-02   7.0046430e-02   1.5509509e-07
   4.4372070e-02   6.8783693e-05   6.7832823e-02   1.6572196e-02   6.0457285e-08
   1.2490495e-02   1.7286970e-03   3.8462688e-02   4.6609291e-03   6.2590446e-03
   3.8894967e-03   4.3217927e-02   4.2804183e-08   5.6680373e-04   8.6757787e-02
   1.9508125e-01   7.2228657e-05   7.2631350e-06   5.8237168e-02   3.7831969e-07
   7.2016869e-02   9.8104278e-05   5.9326016e-02   0.0000000e+00   1.1486209e-02
   1.2365475e-02   2.4821121e-02   3.7656229e-02   4.6062246e-03   1.6963914e-06
   4.4932783e-02   4.3787780e-02   5.0528894e-05   1.1035853e-02   3.9327766e-03
   2.9120748e-02   3.0406943e-02   1.5991546e-07   5.7193373e-03   1.5528136e-02
   1.4879143e-03   2.2408831e-01   7.6478092e-04   7.1488841e-05   2.9475059e-02
   2.0338717e-03   2.4174615e-02   2.9021183e-02   4.6886749e-03   6.3416155e-03
   5.2380641e-02   9.2443753e-04   1.8325499e-05   1.5604745e-01   1.6452813e-06
   8.2264980e-04   1.0345108e-02   6.7389511e-03   1.2219333e-02   1.1452710e-02
   2.3595588e-01   5.7262926e-05   1.8968667e-05   4.3989553e-02   0.0000000e+00
   2.9019360e-02   9.7456102e-06   9.1357324e-03   1.2074847e-02   1.6225800e-02
   1.1315681e-03   1.0883176e-02   1.2841679e-02   1.5803912e-02   5.3850934e-03
   2.2286628e-02   5.3693979e-04   1.3571915e-02   5.6714620e-02   1.1074874e-06
   4.1798232e-02   1.6145248e-03   7.6518480e-02   6.7420527e-05   5.7304768e-03
   1.3836762e-02   7.1996373e-02   1.7514328e-02   4.7770595e-03   9.5390962e-08
   7.1182436e-04   2.1108154e-02   1.2760501e-02   5.4850201e-02   3.3183462e-07
   9.7675154e-07   9.0347398e-02   1.3935734e-02   3.3598393e-02   5.7453521e-06
   8.7708417e-04   4.1007568e-02   2.4833944e-02   4.5626409e-10   2.6880905e-02
   1.6150390e-03   1.0079459e-03   1.0677476e-03   2.4605050e-02   1.3784635e-02
   6.9927895e-02   6.9832423e-02   1.0647368e-02   7.5777841e-10   2.2897043e-06
   4.0685455e-02   1.3072006e-02   8.0835544e-03   1.7520703e-04   1.4312814e-02
   1.1072742e-04   1.9427083e-02   7.5027200e-02   8.4857704e-03   6.1942306e-03
   1.3755440e-02   5.4940926e-02   2.4677890e-02   0.0000000e+00   3.6775136e-03
   3.7171658e-02   2.4953124e-02   2.2680609e-02   0.0000000e+00   3.3230537e-03
   1.6131794e-02   8.3195894e-02   3.0448124e-02   6.9132471e-05   9.4828247e-06
   3.9822892e-02   5.7965622e-02   1.9078455e-06   2.8875478e-04   1.9796265e-02
   1.5511071e-03   8.0046355e-04   2.8832994e-02   8.7520226e-03   9.2045315e-03
   1.5993447e-03   3.8733783e-02   1.5498864e-02   9.0994511e-03   6.0558933e-03
   9.6993719e-03   9.2582973e-03   6.3532474e-03   3.6971882e-03   1.2182560e-02
   2.8527311e-03   3.0973921e-02   3.7410979e-02   7.7071360e-06   1.2098894e-02
   2.6859262e-02   2.6339888e-02   1.4700384e-05   1.0530130e-02   1.0710552e-02
   2.1036301e-02   2.1011048e-02   1.2861988e-02   1.1795412e-02   2.1403338e-06
   1.9340440e-02   1.9642430e-02   5.9043942e-03   1.1055897e-02   2.5574044e-03
   1.9916492e-03   2.6437133e-02   7.1459455e-03   2.3304963e-02   3.2407847e-03
   3.1525461e-02   1.5037316e-02   0.0000000e+00   6.1609692e-03   2.0367209e-02
   2.1621000e-02   6.5173181e-02   1.7721218e-04   1.0689570e-07   2.9584505e-02
   2.3851314e-02   1.1926185e-02   1.3187525e-02   2.2829931e-04   1.2555715e-02
   1.7682988e-02   6.5959864e-03   1.1249227e-02   7.0345908e-03   4.7737991e-03
   7.0912743e-02   2.9390380e-02   8.6554150e-03   5.2847623e-03   5.6961577e-06
   2.5022232e-02   1.2370144e-02   3.7849184e-02   4.6161758e-03   0.0000000e+00
   1.5369974e-02   3.0727878e-02   1.1695315e-04   2.8626979e-02   4.0663517e-03
   2.4990285e-01   7.7829799e-05   5.6466387e-06   1.3572110e-02   9.3705993e-03
   2.3667094e-02   1.4232705e-01   1.8298614e-04   0.0000000e+00   1.2693383e-02
   3.1351755e-02   5.0475492e-05   9.5867703e-03   1.6265731e-02   1.1541994e-02
   1.5191004e-04   1.0684415e-01   2.5550945e-02   1.6159630e-02   2.7967717e-05
   2.8362054e-02   4.2694149e-02   3.5641593e-08   1.0545522e-02   7.5839955e-03
   1.0233880e-01   0.0000000e+00   1.2458224e-01   9.3479480e-05   0.0000000e+00
   2.7917452e-02   4.1619109e-02   2.4720784e-04   1.6022935e-02   3.6125540e-03
   1.1198998e-02   3.3490710e-02   1.3558082e-02   1.2393477e-02   7.4438813e-06
   1.4164784e-02   2.0925409e-02   3.2199870e-02   0.0000000e+00   6.0381739e-03
   1.7592044e-03   1.9785011e-02   3.6463114e-04   8.3186387e-03   3.8490381e-02
   1.3413487e-02   4.0314691e-02   9.6379443e-03   0.0000000e+00   1.3948267e-02
   1.5602207e-03   4.4997440e-04   3.6865839e-02   5.1482772e-03   1.5607652e-02
   2.3358271e-02   1.0745555e-02   2.0735712e-02   2.0338618e-04   9.2120762e-03
   2.6771375e-02   5.2733902e-02   1.6150822e-02   0.0000000e+00   3.5145751e-03
   6.3700240e-04   8.6808262e-02   1.4454958e-04   1.1324799e-01   7.2796196e-06
   1.8052274e-02   8.6142795e-02   1.1458785e-05   1.2764821e-02   4.3506724e-03
   2.5105077e-03   3.3362197e-02   2.1570120e-02   9.0606089e-03   3.0588811e-03
   8.6145137e-02   1.7524197e-03   4.3488851e-04   1.5676019e-02   1.6826870e-02
   3.3588921e-02   7.2247958e-02   7.7194698e-04   3.7932141e-04   1.4000674e-02
   6.7845574e-03   3.6057563e-03   1.7127503e-02   3.7111284e-03   9.9255226e-03
   1.1536830e-02   2.3696909e-02   2.1824353e-02   4.3643007e-05   9.1730170e-03
   8.7695324e-03   8.7832558e-03   5.6793814e-03   1.2695529e-02   4.7309366e-03
   2.9096148e-01   8.3552842e-04   7.6129870e-04   3.0173621e-04   1.9755032e-02
   1.0616186e-06   3.3408505e-02   3.0157559e-02   6.6262821e-03   1.2934722e-02
   1.8607148e-02   9.8513028e-03   1.6485676e-02   6.7486612e-03   2.4121896e-03
   1.5479460e-03   4.3420757e-02   8.6949379e-03   2.1034994e-02   3.3363050e-03
   1.4102920e-03   1.4951016e-02   3.6045859e-02   2.2374737e-02   1.4330316e-05
   1.4389952e-01   2.3728459e-02   2.0159227e-04   8.5647021e-08   1.2359096e-02
   1.0048271e-02   3.3780732e-03   1.0984388e-02   1.7430769e-02   2.5541295e-03
   1.1502548e-02   3.3504520e-02   2.0344312e-02   8.4206503e-03   5.0629998e-06
   2.6457847e-03   1.9895990e-02   2.0495627e-02   4.6815988e-06   2.3480668e-02
   3.6189624e-02   7.2412321e-02   0.0000000e+00   2.0243632e-02   1.3008292e-09
   1.7658706e-03   4.7692316e-02   4.6926429e-06   4.1517315e-02   1.1982136e-02
   1.3081035e-03   6.2336835e-02   8.7224684e-04   2.1988578e-02   1.4471445e-02
   1.3356608e-05   3.3292908e-02   3.0361593e-02   1.2113070e-02   7.3046557e-03
   1.3122202e-02   4.0060778e-02   3.2644191e-02   1.7312177e-05   3.1680359e-03
   6.9657084e-04   1.7798344e-01   4.6109083e-04   1.0445224e-02   1.5369750e-02
   2.4975268e-08   3.9028906e-08   7.6595697e-08   1.0586795e-07   1.5357471e-01
   2.7869379e-02   1.4984919e-02   1.0625372e-05   2.1528421e-02   7.4140833e-03
   1.5149708e-02   7.4262723e-02   1.8187404e-02   7.0215656e-06   3.6763984e-03
   2.9266482e-02   1.5892621e-02   8.5493599e-03   9.3816300e-07   1.6114315e-02
   2.4859024e-02   3.5435846e-03   3.8434514e-02   4.2202892e-03   2.9900728e-03
   0.0000000e+00   9.1991935e-02   0.0000000e+00   1.0949331e-02   3.9863311e-02
   6.6327311e-02   3.2645829e-05   4.4213292e-02   3.5023532e-08   1.7761227e-02
   4.7431821e-08   7.0236430e-02   2.8753673e-02   1.0753232e-05   2.4480596e-02
   1.6486443e-02   6.5200427e-02   1.5499661e-04   5.7667798e-03   1.2728832e-02
   9.4408884e-03   9.0371141e-03   1.0956838e-02   1.3863540e-02   1.9736981e-03
   1.3362482e-02   5.8711769e-03   3.2371758e-04   1.1244213e-02   2.1243116e-02
   2.8341446e-02   1.4264252e-02   8.1777766e-07   1.0585899e-02   1.4675513e-02
   1.9326296e-01   1.0687701e-04   2.0364622e-03   2.5940453e-05   3.9391410e-02
   4.0322344e-02   6.8918015e-04   2.8013883e-02   0.0000000e+00   2.6711204e-02
   2.5186555e-03   3.0389457e-03   1.6992574e-03   1.6877245e-02   1.2133561e-02
   2.4183763e-03   7.9786493e-02   5.2890540e-04   1.4345462e-02   1.6146031e-02
   1.2397257e-05   4.1170243e-02   3.7536193e-02   3.0710009e-02   6.5052856e-07
   1.7302527e-04   4.0231741e-01   0.0000000e+00   6.2678945e-04   1.1941184e-02
   5.1397965e-02   1.5434487e-04   7.6029201e-06   4.1694944e-02   2.1210555e-02
   2.0117637e-03   7.9520593e-02   2.3337907e-02   6.3405431e-05   1.3430011e-02
   1.7356800e-03   2.8831295e-01   5.4099843e-05   1.7044975e-04   2.1373503e-02
   2.6935937e-03   5.5702835e-02   1.7009554e-02   4.4925440e-03   7.0160180e-03
   3.1026106e-02   1.9361514e-03   1.2308795e-03   1.7116028e-02   1.5742644e-02
   4.0516528e-01   1.4369083e-04   1.2977240e-05   1.0399209e-04   1.3351735e-02
   1.4557988e-03   8.9780442e-02   2.0190075e-02   6.0386101e-03   4.5576953e-03
   3.2072064e-04   2.3990118e-04   8.2601867e-03   2.6666168e-02   1.1739884e-02
   2.2019187e-02   3.7860321e-04   9.5929243e-02   1.0827129e-04   1.3599240e-02
   1.6247460e-01   1.9640397e-03   0.0000000e+00   1.1341749e-04   5.0267362e-02
   3.2186638e-02   1.9019914e-04   1.0401717e-02   6.3788801e-03   2.0346068e-02
   1.0626506e-01   9.8640490e-04   2.5071405e-02   2.7855804e-04   1.1509287e-02
   1.1000471e-02   1.5946579e-03   2.5746521e-02   7.8599705e-03   5.6064861e-03
   1.7938295e-05   1.4011595e-01   1.5004645e-02   3.2019477e-05   2.0531816e-02
   1.2829801e-02   1.2849716e-02   1.5380749e-02   2.3504389e-07   1.6418241e-02
   1.7586038e-02   1.0874175e-01   9.9974326e-03   1.7146031e-06   4.7531326e-03
   2.6687154e-04   5.4737920e-02   9.7585904e-02   0.0000000e+00   6.8889776e-03
   3.8764971e-02   1.0329206e-01   1.5939654e-04   7.9000783e-08   1.1565593e-02
   4.2271945e-02   8.6212075e-04   7.9935617e-03   1.0575857e-02   1.1213337e-02
   3.6934148e-03   1.6616811e-02   2.2559754e-03   1.6868767e-02   8.5374708e-03
   5.9927190e-02   1.1748984e-03   1.8290798e-02   1.0934669e-02   3.8780222e-03
   7.6940755e-02   4.1540176e-05   7.7987391e-02   3.4114186e-05   6.9891834e-03
   1.0847735e-01   1.8102387e-02   9.7773840e-03   2.0017629e-05   4.5247004e-03
   6.1893523e-02   8.6437281e-03   1.7065041e-04   1.4316940e-05   5.4120963e-02
   8.7274455e-02   2.4104393e-02   4.4043056e-05   3.1468775e-04   1.9592234e-02
   3.9301508e-02   2.5985854e-02   2.0226715e-03   4.8959030e-03   8.7088423e-03
   7.4320064e-02   4.5079368e-03   1.9170618e-03   6.0852420e-03   1.7108340e-02
   1.2849938e-01   1.0265147e-01   5.5943969e-06   9.8008279e-08   1.1854313e-08
   3.1973265e-02   0.0000000e+00   2.9366884e-02   1.2780350e-02   7.5440165e-03
   2.8484317e-02   9.7186875e-04   3.4210144e-02   1.0530485e-02   3.3929723e-03
   6.3654042e-02   2.1160247e-02   2.2295593e-04   6.1176757e-03   1.0029190e-02
   5.9939377e-04   1.1620429e-03   6.4700614e-02   1.3011303e-02   4.7039256e-03
   1.8797770e-02   1.8791004e-02   1.1447842e-02   6.9130040e-03   2.2871213e-03
   3.6621011e-02   1.9856956e-03   1.4401356e-02   1.3661521e-02   3.1971433e-03
   1.0592048e-02   1.0590426e-02   1.3261106e-02   2.0727414e-02   1.3286362e-05
   1.2883034e-02   1.6858850e-03   3.7993412e-02   9.4098915e-03   2.7622451e-03
   1.0319659e-01   3.3671476e-05   1.6026848e-02   2.1987048e-06   2.6636390e-02
   3.3622075e-02   9.9272384e-03   5.8357480e-03   4.2656476e-03   8.9264096e-03
   6.4955801e-02   1.1015805e-01   0.0000000e+00   0.0000000e+00   5.5134336e-03
   9.0600904e-03   8.4335029e-03   1.6092697e-02   9.9977686e-03   2.3629062e-03
   1.7320476e-03   6.6268790e-02   4.5954937e-06   1.5414156e-02   2.3460289e-02
   1.5076671e-02   1.4664252e-02   0.0000000e+00   1.1600129e-02   1.7891688e-02
   5.1419865e-02   7.2689824e-04   9.3663673e-03   2.5633192e-02   4.2105393e-03
   4.1364304e-02   4.3218309e-05   5.0770655e-02   2.2649098e-02   2.1688649e-05
   1.6552882e-02   2.5621978e-03   5.1083530e-02   6.7746802e-06   1.1729686e-02
   1.3959821e-03   3.7724262e-02   1.7250325e-02   1.4110186e-02   3.2364377e-03
   1.5898351e-02   2.4127146e-03   1.7448676e-02   3.8317028e-04   2.3402348e-02
   2.2944389e-02   1.1516197e-01   3.4963187e-05   7.5454093e-06   1.7671290e-02
   2.7139204e-02   1.4194503e-02   4.1021149e-02   4.4541485e-08   3.1089590e-03
   1.1206269e-02   2.9961323e-02   6.6215794e-03   4.3763617e-03   7.7015913e-03
   7.1027378e-02   0.0000000e+00   1.4667736e-02   7.4417249e-04   3.0984848e-02
   5.3362625e-05   1.6256199e-01   8.0684826e-11   7.5772058e-02   5.3275296e-07
   4.0487581e-02   1.4881396e-03   2.4757333e-02   5.8500978e-03   6.4143282e-03
   2.9609064e-02   9.3725650e-03   5.8792112e-03   7.7311950e-03   5.5762795e-03
   9.5665822e-03   1.9191369e-02   6.1970677e-03   1.4689903e-02   2.4187373e-03
   1.5628383e-03   1.0077474e-02   8.0320013e-03   1.8560874e-02   5.1047362e-03
   8.7739978e-04   1.5968859e-03   7.6978838e-02   2.3772130e-02   8.8755494e-05
   1.4589890e-02   2.7624045e-02   0.0000000e+00   1.0645907e-02   1.4686835e-02
   2.4150887e-03   2.4302166e-03   3.5946816e-02   1.5029958e-04   2.5802443e-02
   3.9252195e-02   2.6605401e-02   8.3927946e-03   4.1255901e-06   1.0357633e-02
   1.8137951e-02   1.0986710e-01   2.2414956e-02   1.8401548e-06   4.3144796e-05
   1.1849527e-01   1.6231992e-03   1.2737230e-02   7.0838495e-03   5.0396647e-03
   1.9036163e-03   1.3678858e-01   7.3257227e-05   3.4203836e-07   6.2048459e-02
   7.1274124e-03   6.6486083e-02   3.2459740e-06   1.5206834e-04   5.9059004e-02
   2.6299546e-02   2.3203451e-02   9.5640113e-03   2.1659218e-05   1.2450437e-02
