0.000000000 1.298857661
0.000040073 1.289085370
0.000160450 1.280154254
0.000361597 1.272034346
0.000644285 1.264689463
0.001009568 1.258077862
0.001458764 1.252153010
0.001993430 1.246864443
0.002615335 1.242158675
0.003326424 1.237980144
0.004128790 1.234272148
0.005024642 1.230977752
0.006016269 1.228040638
0.007106017 1.225405884
0.008296261 1.223020635
0.009589379 1.220834672
0.010987738 1.218800870
0.012493674 1.216875526
0.014109485 1.215018572
0.015837417 1.213193670
0.017679661 1.211368208
0.019638351 1.209513186
0.021715559 1.207603027
0.023913295 1.205615314
0.026233501 1.203530472
0.028678058 1.201331411
0.031248769 1.199003140
0.033947360 1.196532377
0.036775471 1.193907161
0.039734635 1.191116479
0.042826272 1.188149931
0.046051659 1.184997420
0.049411918 1.181648911
0.052907980 1.178094221
0.056540566 1.174322887
0.060310157 1.170324080
0.064216962 1.166086583
0.068260892 1.161598825
0.072441538 1.156848962
0.076758141 1.151825001
0.081209575 1.146514956
0.085794328 1.140907030
0.090510493 1.134989802
0.095355757 1.128752420
0.100327394 1.122184780
0.105422270 1.115277686
0.110636835 1.108022976
0.115967134 1.100413619
0.121408801 1.092443765
0.126957063 1.084108750
0.132606737 1.075405061
0.138352220 1.066330249
0.144187473 1.056882811
0.150105999 1.047062022
0.156100809 1.036867743
0.162164373 1.026300200
0.168288566 1.015359746
0.174464594 1.004046603
0.180682903 0.992360605
0.186933077 0.980300935
0.193203718 0.967865873
0.199482305 0.955052549
0.205755042 0.941856727
0.212006681 0.928272601
0.218220344 0.914292635
0.224377313 0.899907439
0.230456829 0.885105700
0.236435876 0.869874176
0.242288970 0.854197767
0.247987966 0.838059681
0.253501889 0.821441712
0.258796803 0.804324656
0.263835759 0.786688880
0.268578824 0.768515072
0.272983235 0.749785199
0.277003721 0.730483688
0.280593012 0.710598843
0.283702605 0.690124516
0.286283810 0.669062010
0.288289124 0.647422194
0.289673971 0.625227792
0.290398812 0.602515751
0.290431639 0.579339595
0.289750817 0.555771626
0.288348198 0.531904787
0.286232415 0.507854016
0.283432190 0.483756851
0.279999454 0.459773090
0.276012044 0.436083314
0.271575698 0.412886104
0.266825063 0.390393887
0.261923448 0.368827411
0.257061096 0.348408963
0.252451809 0.329354586
0.248327900 0.311865643
0.244933543 0.296120199
0.242516749 0.282264778
0.241320347 0.270407041
0.241572463 0.260609962
0.243477081 0.252887955
0.247205307 0.247205307
0.252887955 0.243477081
0.260609962 0.241572463
0.270407041 0.241320347
0.282264778 0.242516749
0.296120199 0.244933543
0.311865643 0.248327900
0.329354586 0.252451809
0.348408963 0.257061096
0.368827411 0.261923448
0.390393887 0.266825063
0.412886104 0.271575698
0.436083314 0.276012044
0.459773090 0.279999454
0.483756851 0.283432190
0.507854016 0.286232415
0.531904787 0.288348198
0.555771626 0.289750817
0.579339595 0.290431639
0.602515751 0.290398812
0.625227792 0.289673971
0.647422194 0.288289124
0.669062010 0.286283810
0.690124516 0.283702605
0.710598843 0.280593012
0.730483688 0.277003721
0.749785199 0.272983235
0.768515072 0.268578824
0.786688880 0.263835759
0.804324656 0.258796803
0.821441712 0.253501889
0.838059681 0.247987966
0.854197767 0.242288970
0.869874176 0.236435876
0.885105700 0.230456829
0.899907439 0.224377313
0.914292635 0.218220344
0.928272601 0.212006681
0.941856727 0.205755042
0.955052549 0.199482305
0.967865873 0.193203718
0.980300935 0.186933077
0.992360605 0.180682903
1.004046603 0.174464594
1.015359746 0.168288566
1.026300200 0.162164373
1.036867743 0.156100809
1.047062022 0.150105999
1.056882811 0.144187473
1.066330249 0.138352220
1.075405061 0.132606737
1.084108750 0.126957063
1.092443765 0.121408801
1.100413619 0.115967134
1.108022976 0.110636835
1.115277686 0.105422270
1.122184780 0.100327394
1.128752420 0.095355757
1.134989802 0.090510493
1.140907030 0.085794328
1.146514956 0.081209575
1.151825001 0.076758141
1.156848962 0.072441538
1.161598825 0.068260892
1.166086583 0.064216962
1.170324080 0.060310157
1.174322887 0.056540566
1.178094221 0.052907980
1.181648911 0.049411918
1.184997420 0.046051659
1.188149931 0.042826272
1.191116479 0.039734635
1.193907161 0.036775471
1.196532377 0.033947360
1.199003140 0.031248769
1.201331411 0.028678058
1.203530472 0.026233501
1.205615314 0.023913295
1.207603027 0.021715559
1.209513186 0.019638351
1.211368208 0.017679661
1.213193670 0.015837417
1.215018572 0.014109485
1.216875526 0.012493674
1.218800870 0.010987738
1.220834672 0.009589379
1.223020635 0.008296261
1.225405884 0.007106017
1.228040638 0.006016269
1.230977752 0.005024642
1.234272148 0.004128790
1.237980144 0.003326424
1.242158675 0.002615335
1.246864443 0.001993430
1.252153010 0.001458764
1.258077862 0.001009568
1.264689463 0.000644285
1.272034346 0.000361597
1.280154254 0.000160450
1.289085370 0.000040073
1.298857661 0.000000000
