0.000000000 2.251291799
0.011229684 2.234707078
0.022403962 2.217992216
0.033520011 2.201147410
0.044574959 2.184172984
0.055565882 2.167069390
0.066489810 2.149837204
0.077343730 2.132477127
0.088124583 2.114989984
0.098829270 2.097376719
0.109454653 2.079638401
0.119997558 2.061776217
0.130454775 2.043791475
0.140823063 2.025685601
0.151099151 2.007460145
0.161279738 1.989116771
0.171361502 1.970657267
0.181341094 1.952083540
0.191215149 1.933397618
0.200980284 1.914601649
0.210633101 1.895697906
0.220170193 1.876688784
0.229588144 1.857576805
0.238883538 1.838364618
0.248052954 1.819054997
0.257092979 1.799650853
0.266000206 1.780155225
0.274771242 1.760571292
0.283402711 1.740902368
0.291891260 1.721151913
0.300233564 1.701323529
0.308426331 1.681420967
0.316466311 1.661448134
0.324350299 1.641409091
0.332075145 1.621308061
0.339637759 1.601149433
0.347035120 1.580937769
0.354264287 1.560677804
0.361322404 1.540374457
0.368206712 1.520032835
0.374914559 1.499658236
0.381443412 1.479256160
0.387790868 1.458832312
0.393954664 1.438392610
0.399932695 1.417943191
0.405723025 1.397490418
0.411323902 1.377040890
0.416733776 1.356601442
0.421951314 1.336179160
0.426975416 1.315781383
0.431805237 1.295415711
0.436440206 1.275090014
0.440880045 1.254812435
0.445124790 1.234591398
0.449174816 1.214435613
0.453030859 1.194354084
0.456694042 1.174356108
0.460165896 1.154451284
0.463448392 1.134649510
0.466543961 1.114960991
0.469455528 1.095396233
0.472186537 1.075966044
0.474740978 1.056681531
0.477123416 1.037554094
0.479339020 1.018595418
0.481393593 0.999817462
0.483293594 0.981232448
0.485046169 0.962852844
0.486659176 0.944691341
0.488141205 0.926760838
0.489501602 0.909074404
0.490750489 0.891645255
0.491898778 0.874486716
0.492958180 0.857612177
0.493941221 0.841035053
0.494861237 0.824768728
0.495732375 0.808826507
0.496569586 0.793221546
0.497388607 0.777966795
0.498205942 0.763074924
0.499038832 0.748558248
0.499905214 0.734428648
0.500823680 0.720697491
0.501813419 0.707375542
0.502894151 0.694472875
0.504086061 0.681998789
0.505409713 0.669961712
0.506885959 0.658369119
0.508535846 0.647227440
0.510380506 0.636541979
0.512441048 0.626316836
0.514738441 0.616554835
0.517293391 0.607257459
0.520126220 0.598424790
0.523256740 0.590055473
0.526704131 0.582146671
0.530486816 0.574694051
0.534622348 0.567691771
0.539127291 0.561132487
0.544017126 0.555007371
0.549306144 0.549306144
0.555007371 0.544017126
0.561132487 0.539127291
0.567691771 0.534622348
0.574694051 0.530486816
0.582146671 0.526704131
0.590055473 0.523256740
0.598424790 0.520126220
0.607257459 0.517293391
0.616554835 0.514738441
0.626316836 0.512441048
0.636541979 0.510380506
0.647227440 0.508535846
0.658369119 0.506885959
0.669961712 0.505409713
0.681998789 0.504086061
0.694472875 0.502894151
0.707375542 0.501813419
0.720697491 0.500823680
0.734428648 0.499905214
0.748558248 0.499038832
0.763074924 0.498205942
0.777966795 0.497388607
0.793221546 0.496569586
0.808826507 0.495732375
0.824768728 0.494861237
0.841035053 0.493941221
0.857612177 0.492958180
0.874486716 0.491898778
0.891645255 0.490750489
0.909074404 0.489501602
0.926760838 0.488141205
0.944691341 0.486659176
0.962852844 0.485046169
0.981232448 0.483293594
0.999817462 0.481393593
1.018595418 0.479339020
1.037554094 0.477123416
1.056681531 0.474740978
1.075966044 0.472186537
1.095396233 0.469455528
1.114960991 0.466543961
1.134649510 0.463448392
1.154451284 0.460165896
1.174356108 0.456694042
1.194354084 0.453030859
1.214435613 0.449174816
1.234591398 0.445124790
1.254812435 0.440880045
1.275090014 0.436440206
1.295415711 0.431805237
1.315781383 0.426975416
1.336179160 0.421951314
1.356601442 0.416733776
1.377040890 0.411323902
1.397490418 0.405723025
1.417943191 0.399932695
1.438392610 0.393954664
1.458832312 0.387790868
1.479256160 0.381443412
1.499658236 0.374914559
1.520032835 0.368206712
1.540374457 0.361322404
1.560677804 0.354264287
1.580937769 0.347035120
1.601149433 0.339637759
1.621308061 0.332075145
1.641409091 0.324350299
1.661448134 0.316466311
1.681420967 0.308426331
1.701323529 0.300233564
1.721151913 0.291891260
1.740902368 0.283402711
1.760571292 0.274771242
1.780155225 0.266000206
1.799650853 0.257092979
1.819054997 0.248052954
1.838364618 0.238883538
1.857576805 0.229588144
1.876688784 0.220170193
1.895697906 0.210633101
1.914601649 0.200980284
1.933397618 0.191215149
1.952083540 0.181341094
1.970657267 0.171361502
1.989116771 0.161279738
2.007460145 0.151099151
2.025685601 0.140823063
2.043791475 0.130454775
2.061776217 0.119997558
2.079638401 0.109454653
2.097376719 0.098829270
2.114989984 0.088124583
2.132477127 0.077343730
2.149837204 0.066489810
2.167069390 0.055565882
2.184172984 0.044574959
2.201147410 0.033520011
2.217992216 0.022403962
2.234707078 0.011229684
2.251291799 0.000000000
