0.883883476 0.000000000 0.000000000
0.862497881 0.054263767 0.000000000
0.842722749 0.106460641 0.000000000
0.824068038 0.157199386 0.000000000
0.805825951 0.206900938 0.000000000
0.787348710 0.255825104 0.000000000
0.768174727 0.304141890 0.000000000
0.748061837 0.352011180 0.000000000
0.726975805 0.399658331 0.000000000
0.705056119 0.447442219 0.000000000
0.682556126 0.495906053 0.000000000
0.659736566 0.545781553 0.000000000
0.636688143 0.597889963 0.000000000
0.613085775 0.652870039 0.000000000
0.587947079 0.710705932 0.000000000
0.559554767 0.770161065 0.000000000
0.525721381 0.828404341 0.000000000
0.484437412 0.881188381 0.000000000
0.434685961 0.923754688 0.000000000
0.377016743 0.952235594 0.000000000
0.313533371 0.964956494 0.000000000
0.247256054 0.962998751 0.000000000
0.181172054 0.949737167 0.000000000
0.117436293 0.929603977 0.000000000
0.057044981 0.906704013 0.000000000
0.000000000 0.883883476 0.000000000
0.862497881 0.000000000 0.054263767
0.841629711 0.052950853 0.053055546
0.822333039 0.103884822 0.052148012
0.804129680 0.153395940 0.051503826
0.786328960 0.201894962 0.051076280
0.768298777 0.249635405 0.050824805
0.749588709 0.296783165 0.050722001
0.729962451 0.343494256 0.050755937
0.709386597 0.389988582 0.050930596
0.687997259 0.436616337 0.051265767
0.666041653 0.483907587 0.051795932
0.643774214 0.532576347 0.052566054
0.621283448 0.583423992 0.053620746
0.598252141 0.637073823 0.054983556
0.573721676 0.693510374 0.056627157
0.546016317 0.751526988 0.058443853
0.513001531 0.808361065 0.060234615
0.472716430 0.859867994 0.061734447
0.424168717 0.901404407 0.062676683
0.367894808 0.929196217 0.062875403
0.305947419 0.941609334 0.062289714
0.241273684 0.939698958 0.061038483
0.176788589 0.926758239 0.059358081
0.114594917 0.907112172 0.057524256
0.055664776 0.884766274 0.055774835
0.000000000 0.862497881 0.054263767
0.842722749 0.000000000 0.106460641
0.822333039 0.051736810 0.104090220
0.803478796 0.101502977 0.102309720
0.785692799 0.149878917 0.101045883
0.768300210 0.197265966 0.100207078
0.750683418 0.243911828 0.099713706
0.732402330 0.289978596 0.099512014
0.713226058 0.335618707 0.099578593
0.693121961 0.381047023 0.099921259
0.672223032 0.426605709 0.100578834
0.650770820 0.472812677 0.101618969
0.629013923 0.520365572 0.103129880
0.607038819 0.570047395 0.105199091
0.584535568 0.622467157 0.107872803
0.560567532 0.677609744 0.111097400
0.533497394 0.734296168 0.114661594
0.501239563 0.789827168 0.118174908
0.461878108 0.840153159 0.121117445
0.414443485 0.880737236 0.122966027
0.359459809 0.907891842 0.123355897
0.298932734 0.920020355 0.122206827
0.235741823 0.918153780 0.119752026
0.172735225 0.905509762 0.116455228
0.111967514 0.886314135 0.112857428
0.054388508 0.864480578 0.109425220
0.000000000 0.842722749 0.106460641
0.824068038 0.000000000 0.157199386
0.804129680 0.050591551 0.153699231
0.785692799 0.099256083 0.151070150
0.768300516 0.146561162 0.149203974
0.751292934 0.192899239 0.147965397
0.734066112 0.238512538 0.147236886
0.716189698 0.283559561 0.146939069
0.697437916 0.328189372 0.147037379
0.677778849 0.372612075 0.147543358
0.657342544 0.417162263 0.148514330
0.636365202 0.462346383 0.150050191
0.615089921 0.508846636 0.152281196
0.593601264 0.557428690 0.155336585
0.571596150 0.608688076 0.159284578
0.548158676 0.662610014 0.164046006
0.521687769 0.718041613 0.169308883
0.490144005 0.772343367 0.174496629
0.451653864 0.821555329 0.178841568
0.405269265 0.861241028 0.181571177
0.351502722 0.887794533 0.182146857
0.292315488 0.899654566 0.180450146
0.230523386 0.897829310 0.176825396
0.168911517 0.885465183 0.171957355
0.109488974 0.866694475 0.166644858
0.053184551 0.845344230 0.161576871
0.000000000 0.824068038 0.157199386
0.805825951 0.000000000 0.206900938
0.786328960 0.049471625 0.202294143
0.768300210 0.097058888 0.198833830
0.751292934 0.143316792 0.196377627
0.734661842 0.188629101 0.194747450
0.717816364 0.233232675 0.193788606
0.700335673 0.277282509 0.193396629
0.681998993 0.320924366 0.193526021
0.662775111 0.364363701 0.194191975
0.642791197 0.407927698 0.195469939
0.622278223 0.452111593 0.197491391
0.601473905 0.497582488 0.200427769
0.580460934 0.545089099 0.204449178
0.558942938 0.595213774 0.209645404
0.536024291 0.647942063 0.215912247
0.510139361 0.702146594 0.222839081
0.479293869 0.755246289 0.229667032
0.441655771 0.803368865 0.235385705
0.396297970 0.842176056 0.238978331
0.343721637 0.868141756 0.239736023
0.285844609 0.879739247 0.237502865
0.225420375 0.877954396 0.232732082
0.165172386 0.865863970 0.226324918
0.107065258 0.847508782 0.219332775
0.052007224 0.826631160 0.212662449
0.000000000 0.805825951 0.206900938
0.787348710 0.000000000 0.255825104
0.768298777 0.048337262 0.250128978
0.750683418 0.094833370 0.245850432
0.734066112 0.140030600 0.242813432
0.717816364 0.184303917 0.240797780
0.701357145 0.227884750 0.239612207
0.684277279 0.270924541 0.239127542
0.666361051 0.313565709 0.239287530
0.647577964 0.356008999 0.240110957
0.628052272 0.398574092 0.241691110
0.608009652 0.441744870 0.244190558
0.587682368 0.486173136 0.247821278
0.567151216 0.532590442 0.252793596
0.546126619 0.581565780 0.259218531
0.523733486 0.633085032 0.266967243
0.498442086 0.686046676 0.275532009
0.468303868 0.737928818 0.283974508
0.431528795 0.784947964 0.291045430
0.387211029 0.822865323 0.295487574
0.335840248 0.848235641 0.296424432
0.279290316 0.859567207 0.293663217
0.220251584 0.857823282 0.287764326
0.161385055 0.846010083 0.279842112
0.104610298 0.828075772 0.271196595
0.050814721 0.807676865 0.262948991
0.000000000 0.787348710 0.255825104
0.768174727 0.000000000 0.304141890
0.749588709 0.047160124 0.297369957
0.732402330 0.092523931 0.292283338
0.716189698 0.136620492 0.288672749
0.700335673 0.179815639 0.286276408
0.684277279 0.222335166 0.284866920
0.667613353 0.264326825 0.284290719
0.650133431 0.305929571 0.284480923
0.631807761 0.347339256 0.285459868
0.612757571 0.388867779 0.287338459
0.593203040 0.430987237 0.290309969
0.573370778 0.474333560 0.294626410
0.553339613 0.519620483 0.300537832
0.532827019 0.567403145 0.308176222
0.510979217 0.617667769 0.317388406
0.486303729 0.669339660 0.327570769
0.456899455 0.719958338 0.337607774
0.421019950 0.765832445 0.346014155
0.377781436 0.802826418 0.351295272
0.327661667 0.827578903 0.352409070
0.272488872 0.838634516 0.349126354
0.214887886 0.836933060 0.342113360
0.157454910 0.825407544 0.332694907
0.102062766 0.807909979 0.322416540
0.049577251 0.788007838 0.312611241
0.000000000 0.768174727 0.304141890
0.748061837 0.000000000 0.352011180
0.729962451 0.045925345 0.344173404
0.713226058 0.090101405 0.338286195
0.697437916 0.133043398 0.334107331
0.681998993 0.175107579 0.331333827
0.666361051 0.216513830 0.329702498
0.650133431 0.257406035 0.329035607
0.633111181 0.297919508 0.329255748
0.615265327 0.338244976 0.330388770
0.596713922 0.378686170 0.332563035
0.577671382 0.419702826 0.336002235
0.558358382 0.461914225 0.340998047
0.538851686 0.506015415 0.347839875
0.518876168 0.552546997 0.356680481
0.497600400 0.601495558 0.367342583
0.473570983 0.651814539 0.379127561
0.444936592 0.701107883 0.390744303
0.409996510 0.745780882 0.400473776
0.367890097 0.781806253 0.406586095
0.319082599 0.805910651 0.407875196
0.265354377 0.816676798 0.404075808
0.209261541 0.815019891 0.395959030
0.153332315 0.803796144 0.385058194
0.099390487 0.786756713 0.373162102
0.048279185 0.767375663 0.361813534
0.000000000 0.748061837 0.352011180
0.726975805 0.000000000 0.399658331
0.709386597 0.044630822 0.390759657
0.693121961 0.087561667 0.384075573
0.677778849 0.129293230 0.379331072
0.662775111 0.170171725 0.376182155
0.647577964 0.210410835 0.374330013
0.631807761 0.250150389 0.373572855
0.615265327 0.289521886 0.373822793
0.597922503 0.328710678 0.375109177
0.579894017 0.368011934 0.377577744
0.561388240 0.407872431 0.381482464
0.542619626 0.448893994 0.387154493
0.523662776 0.491752079 0.394922410
0.504250319 0.536972050 0.404959653
0.483574263 0.584540870 0.417064945
0.460222176 0.633441483 0.430445101
0.432394919 0.681345368 0.443634250
0.398439712 0.724759145 0.454680674
0.357520176 0.759769049 0.461620337
0.310088442 0.783194003 0.463083927
0.257874687 0.793656679 0.458770266
0.203362970 0.792046475 0.449554826
0.149010252 0.781139098 0.437178486
0.096588912 0.764579967 0.423672176
0.046918313 0.745745222 0.410787501
0.000000000 0.726975805 0.399658331
0.705056119 0.000000000 0.447442219
0.687997259 0.043285119 0.437479603
0.672223032 0.084921518 0.429996358
0.657342544 0.125394797 0.424684595
0.642791197 0.165040728 0.421159188
0.628052272 0.204066554 0.419085601
0.612757571 0.242607885 0.418237915
0.596713922 0.280792258 0.418517736
0.579894017 0.318799434 0.419957924
0.562409123 0.356915683 0.422721637
0.544461330 0.395574311 0.427093212
0.526258625 0.435358997 0.433443399
0.507873360 0.476924830 0.442140063
0.489046225 0.520781334 0.453377377
0.468993591 0.566915865 0.466930000
0.446345613 0.614342032 0.481909913
0.419357400 0.660801526 0.496675980
0.386426006 0.702906296 0.509043135
0.346740272 0.736860585 0.516812517
0.300738693 0.759579232 0.518451097
0.250099281 0.769726439 0.513621687
0.197231195 0.768164787 0.503304432
0.144517313 0.757586287 0.489448353
0.093676575 0.741526445 0.474327203
0.045503637 0.723259603 0.459902013
0.000000000 0.705056119 0.447442219
0.682556126 0.000000000 0.495906053
0.666041653 0.041903789 0.484864356
0.650770820 0.082211473 0.476570578
0.636365202 0.121393155 0.470683481
0.622278223 0.159773892 0.466776227
0.608009652 0.197554312 0.464478043
0.593203040 0.234865699 0.463538542
0.577671382 0.271831518 0.463848671
0.561388240 0.308625796 0.465444850
0.544461330 0.345525667 0.468507909
0.527086293 0.382950608 0.473352983
0.509464479 0.421465671 0.480390978
0.491665931 0.461705041 0.490029605
0.473439613 0.504161981 0.502484067
0.454026906 0.548824251 0.517504615
0.432101679 0.594736938 0.534107048
0.405974722 0.639713800 0.550472473
0.374094247 0.680474908 0.564179153
0.335674977 0.713345637 0.572790060
0.291141416 0.735339279 0.574606119
0.242118026 0.745162664 0.569253621
0.190937085 0.743650848 0.557818872
0.139905427 0.733409933 0.542462000
0.090687136 0.717862598 0.525703032
0.044051510 0.700178694 0.509715405
0.000000000 0.682556126 0.495906053
0.659736566 0.000000000 0.545781553
0.643774214 0.040502840 0.533629343
0.629013923 0.079462938 0.524501422
0.615089921 0.117334678 0.518022234
0.601473905 0.154432251 0.513722009
0.587682368 0.190949577 0.511192687
0.573370778 0.227013551 0.510158696
0.558358382 0.262743511 0.510500016
0.542619626 0.298307664 0.512256730
0.526258625 0.333973879 0.515627855
0.509464479 0.370147610 0.520960219
0.492431807 0.407375019 0.528706058
0.475228308 0.446269086 0.539314084
0.457611342 0.487306585 0.553021147
0.438847651 0.530475683 0.569552379
0.417655438 0.574853394 0.587824594
0.392401972 0.618326567 0.605835963
0.361587340 0.657724929 0.620921185
0.324452522 0.689496707 0.630398131
0.281407830 0.710755047 0.632396839
0.234023415 0.720250012 0.626506016
0.184553581 0.718788739 0.613921223
0.135228039 0.708890204 0.597019841
0.087655238 0.693862655 0.578575349
0.042578757 0.676769968 0.560979774
0.000000000 0.659736566 0.545781553
0.636688143 0.000000000 0.597889963
0.621283448 0.039087841 0.584577522
0.607038819 0.076686837 0.574578115
0.593601264 0.113235497 0.567480327
0.580460934 0.149037037 0.562769539
0.567151216 0.184278601 0.559998730
0.553339613 0.219082651 0.558866019
0.538851686 0.253564356 0.559239927
0.523662776 0.287886047 0.561164362
0.507873360 0.322306235 0.564857345
0.491665931 0.357216208 0.570698816
0.475228308 0.393143047 0.579184187
0.458625828 0.430678319 0.590805013
0.441624325 0.470282140 0.605820756
0.423516158 0.511943092 0.623930305
0.403064312 0.554770432 0.643947056
0.378693095 0.596724835 0.663678059
0.348954997 0.634746784 0.680203540
0.313117514 0.665408589 0.690585295
0.271576623 0.685924252 0.692774830
0.225847620 0.695087503 0.686321581
0.178106054 0.693677281 0.672535257
0.130503739 0.684124559 0.654020219
0.084592932 0.669622010 0.633814741
0.041091234 0.653126469 0.614539232
0.000000000 0.636688143 0.597889963
0.613085775 0.000000000 0.652870039
0.598252141 0.037638834 0.638333428
0.584535568 0.073844015 0.627414507
0.571596150 0.109037797 0.619664029
0.558942938 0.143512155 0.614520052
0.546126619 0.177447295 0.611494449
0.532827019 0.210961141 0.610257576
0.518876168 0.244164591 0.610665868
0.504250319 0.277213959 0.612767268
0.489046225 0.310358172 0.616799846
0.473439613 0.343974014 0.623178480
0.457611342 0.378569026 0.632444139
0.441624325 0.414712845 0.645133580
0.425253077 0.452848531 0.661530123
0.407816189 0.492965089 0.681304969
0.388122504 0.534204797 0.703162398
0.364654741 0.574603928 0.724707801
0.336019050 0.611216383 0.742752913
0.301510082 0.640741539 0.754089342
0.261509133 0.660496675 0.756480219
0.217475329 0.669320240 0.749433551
0.171503568 0.667962295 0.734379480
0.125665896 0.658763698 0.714161856
0.081457027 0.644798766 0.692098347
0.039567961 0.628914724 0.671050322
0.000000000 0.613085775 0.652870039
0.587947079 0.000000000 0.710705932
0.573721676 0.036095508 0.694881564
0.560567532 0.070816148 0.682995367
0.548158676 0.104566860 0.674558296
0.536024291 0.137627646 0.668958628
0.523733486 0.170171325 0.665664995
0.510979217 0.202310984 0.664318552
0.497600400 0.234152975 0.664763013
0.483574263 0.265847201 0.667050570
0.468993591 0.297632383 0.671440383
0.454026906 0.329869856 0.678384082
0.438847651 0.363046350 0.688470559
0.423516158 0.397708144 0.702284121
0.407816189 0.434280132 0.720133188
0.391094275 0.472751768 0.741659831
0.372208102 0.512300502 0.765453546
0.349702601 0.551043124 0.788907595
0.322241075 0.586154339 0.808551272
0.289147097 0.614468858 0.820891963
0.250786329 0.633413964 0.823494641
0.208558067 0.641875731 0.815823728
0.164471312 0.640573467 0.799436060
0.120513148 0.631752044 0.777427416
0.078117000 0.618359724 0.753409363
0.037945534 0.603126985 0.730496754
0.000000000 0.587947079 0.710705932
0.559554767 0.000000000 0.770161065
0.546016317 0.034352435 0.753012886
0.533497394 0.067396394 0.740132332
0.521687769 0.099517264 0.730989446
0.510139361 0.130981526 0.724921330
0.498442086 0.161953651 0.721352164
0.486303729 0.192541267 0.719893082
0.473570983 0.222845589 0.720374725
0.460222176 0.253009282 0.722853651
0.446345613 0.283259540 0.727610699
0.432101679 0.313940246 0.735135284
0.417655438 0.345514627 0.746065560
0.403064312 0.378502583 0.761034715
0.388122504 0.413308487 0.780376971
0.372208102 0.449922306 0.803704457
0.354233952 0.487561207 0.829488670
0.332815255 0.524432926 0.854904802
0.306679863 0.557848599 0.876191799
0.275184012 0.584795794 0.889564868
0.238675709 0.602826029 0.892385277
0.198486675 0.610879172 0.884072643
0.156528895 0.609639795 0.866314041
0.114693497 0.601244365 0.842464231
0.074344684 0.588498768 0.816436913
0.036113121 0.574001626 0.791607517
0.000000000 0.559554767 0.770161065
0.525721381 0.000000000 0.828404341
0.513001531 0.032275321 0.809959335
0.501239563 0.063321282 0.796104692
0.490144005 0.093499969 0.786270377
0.479293869 0.123061749 0.779743360
0.468303868 0.152161151 0.775904277
0.456899455 0.180899291 0.774334852
0.444936592 0.209371268 0.774852919
0.432394919 0.237711118 0.777519313
0.419357400 0.266132299 0.782636113
0.405974722 0.294957901 0.790729743
0.392401972 0.324623143 0.802486619
0.378693095 0.355616487 0.818587813
0.364654741 0.388317858 0.839392823
0.349702601 0.422717828 0.864484446
0.332815255 0.458080900 0.892218585
0.312691636 0.492723176 0.919556806
0.288136516 0.524118376 0.942453628
0.258545057 0.549436213 0.956838033
0.224244222 0.566376253 0.959871735
0.186485211 0.573942464 0.950930459
0.147064401 0.572778026 0.931828867
0.107758573 0.564890224 0.906175420
0.069849445 0.552915287 0.878179791
0.033929547 0.539294713 0.851472677
0.000000000 0.525721381 0.828404341
0.484437412 0.000000000 0.881188381
0.472716430 0.029740797 0.861568102
0.461878108 0.058348774 0.846830672
0.451653864 0.086157582 0.836369737
0.441655771 0.113397928 0.829426834
0.431528795 0.140212205 0.825343132
0.421019950 0.166693590 0.823673708
0.409996510 0.192929713 0.824224785
0.398439712 0.219044085 0.827061075
0.386426006 0.245233401 0.832503906
0.374094247 0.271795380 0.841113244
0.361587340 0.299131062 0.853619241
0.348954997 0.327690554 0.870746367
0.336019050 0.357823945 0.892877025
0.322241075 0.389522546 0.919567428
0.306679863 0.422108618 0.949068724
0.288136516 0.454030498 0.978148874
0.265509666 0.482960289 1.002504630
0.238241971 0.506289961 1.017805576
0.206634721 0.521899729 1.021032579
0.171840858 0.528871779 1.011521585
0.135515694 0.527798783 0.991202883
0.099296483 0.520530395 0.963914856
0.064364291 0.509495829 0.934135410
0.031265120 0.496944854 0.905726579
0.000000000 0.484437412 0.881188381
0.434685961 0.000000000 0.923754688
0.424168717 0.026686434 0.903186640
0.414443485 0.052356388 0.887737310
0.405269265 0.077309247 0.876771054
0.396297970 0.101752024 0.869492770
0.387211029 0.125812490 0.865211803
0.377781436 0.149574252 0.863461736
0.367890097 0.173115939 0.864039433
0.357520176 0.196548380 0.867012732
0.346740272 0.220048068 0.872718481
0.335674977 0.243882146 0.881743698
0.324452522 0.268410469 0.894853805
0.313117514 0.294036918 0.912808266
0.301510082 0.321075626 0.936007959
0.289147097 0.349518799 0.963987657
0.275184012 0.378758299 0.994914029
0.258545057 0.407401820 1.025398913
0.238241971 0.433360537 1.050931187
0.213774654 0.454294265 1.066971255
0.185413450 0.468300919 1.070354140
0.154192898 0.474556943 1.060383712
0.121598308 0.473594143 1.039083503
0.089098790 0.467072215 1.010477313
0.057754115 0.457170893 0.979259353
0.028054210 0.445908896 0.949478218
0.000000000 0.434685961 0.923754688
0.377016743 0.000000000 0.952235594
0.367894808 0.023145979 0.931033399
0.359459809 0.045410334 0.915107740
0.351502722 0.067052730 0.903803375
0.343721637 0.088252716 0.896300690
0.335840248 0.109121111 0.891887733
0.327661667 0.129730431 0.890083709
0.319082599 0.150148874 0.890679217
0.310088442 0.170472564 0.893744188
0.300738693 0.190854578 0.899625856
0.291141416 0.211526621 0.908929335
0.281407830 0.232800803 0.922443648
0.271576623 0.255027424 0.940951676
0.261509133 0.278478942 0.964866653
0.250786329 0.303148597 0.993709013
0.238675709 0.328508931 1.025588897
0.224244222 0.353352353 1.057013681
0.206634721 0.375867161 1.083333158
0.185413450 0.394023639 1.099867768
0.160814890 0.406172048 1.103354952
0.133736328 0.411598094 1.093077120
0.105466020 0.410763027 1.071120190
0.077278170 0.405106355 1.041632023
0.050091952 0.396518628 1.009451561
0.024332294 0.386750746 0.978752223
0.000000000 0.377016743 0.952235594
0.313533371 0.000000000 0.964956494
0.305947419 0.019248580 0.943471059
0.298932734 0.037763987 0.927332650
0.292315488 0.055762162 0.915877270
0.285844609 0.073392421 0.908274356
0.279290316 0.090746925 0.903802447
0.272488872 0.107885977 0.901974323
0.265354377 0.124866292 0.902577786
0.257874687 0.141767809 0.905683703
0.250099281 0.158717830 0.911643943
0.242118026 0.175909043 0.921071707
0.234023415 0.193601006 0.934766558
0.225847620 0.212085032 0.953521834
0.217475329 0.231587703 0.977756291
0.208558067 0.252103396 1.006983956
0.198486675 0.273193471 1.039289723
0.186485211 0.293853672 1.071134310
0.171840858 0.312577360 1.097805388
0.154192898 0.327676588 1.114560884
0.133736328 0.337779406 1.118094653
0.111217346 0.342291796 1.107679520
0.087707290 0.341597340 1.085429267
0.064265807 0.336893158 1.055547168
0.041657297 0.329751462 1.022936808
0.020235139 0.321628329 0.991827358
0.000000000 0.313533371 0.964956494
0.247256054 0.000000000 0.962998751
0.241273684 0.015179654 0.941556906
0.235741823 0.029781118 0.925451239
0.230523386 0.043974688 0.914019101
0.225420375 0.057878115 0.906431612
0.220251584 0.071564078 0.901968776
0.214887886 0.085080133 0.900144360
0.209261541 0.098471007 0.900746600
0.203362970 0.111799739 0.903846214
0.197231195 0.125166722 0.909794362
0.190937085 0.138723912 0.919202999
0.184553581 0.152676000 0.932870065
0.178106054 0.167252717 0.951587290
0.171503568 0.182632750 0.975772580
0.164471312 0.198811664 1.004940945
0.156528895 0.215443541 1.037181169
0.147064401 0.231736416 1.068961149
0.135515694 0.246502133 1.095578116
0.121598308 0.258409559 1.112299617
0.105466020 0.266376759 1.115826217
0.087707290 0.269935282 1.105432214
0.069166986 0.269387626 1.083227104
0.050680761 0.265677853 1.053405631
0.032851428 0.260045829 1.020861432
0.015957666 0.253639832 0.989815098
0.000000000 0.247256054 0.962998751
0.181172054 0.000000000 0.949737167
0.176788589 0.011122595 0.928590601
0.172735225 0.021821534 0.912706727
0.168911517 0.032221595 0.901432022
0.165172386 0.042409061 0.893949022
0.161385055 0.052437183 0.889547644
0.157454910 0.062340809 0.887748353
0.153332315 0.072152711 0.888342298
0.149010252 0.081919079 0.891399228
0.144517313 0.091713476 0.897265463
0.139905427 0.101647243 0.906544533
0.135228039 0.111870363 0.920023388
0.130503739 0.122551168 0.938482855
0.125665896 0.133820587 0.962335086
0.120513148 0.145675371 0.991101770
0.114693497 0.157862055 1.022898010
0.107758573 0.169800341 1.054240343
0.099296483 0.180619633 1.080490764
0.089098790 0.189344567 1.096981991
0.077278170 0.195182378 1.100460026
0.064265807 0.197789816 1.090209160
0.050680761 0.197388532 1.068309839
0.037135340 0.194670268 1.038899042
0.024071243 0.190543512 1.006803014
0.011692668 0.185849643 0.976184223
0.000000000 0.181172054 0.949737167
0.117436293 0.000000000 0.929603977
0.114594917 0.007209701 0.908905690
0.111967514 0.014144786 0.893358534
0.109488974 0.020886139 0.882322838
0.107065258 0.027489686 0.874998468
0.104610298 0.033989946 0.870690393
0.102062766 0.040409508 0.868929245
0.099390487 0.046769613 0.869510599
0.096588912 0.053100204 0.872502726
0.093676575 0.059448962 0.878244605
0.090687136 0.065888061 0.887326970
0.087655238 0.072514719 0.900520091
0.084592932 0.079438051 0.918588242
0.081457027 0.086742924 0.941934836
0.078117000 0.094427232 0.970091704
0.074344684 0.102326678 1.001213905
0.069849445 0.110065113 1.031891821
0.064364291 0.117078212 1.057585768
0.057754115 0.122733741 1.073727402
0.050091952 0.126517828 1.077131708
0.041657297 0.128207978 1.067098147
0.032851428 0.127947864 1.045663063
0.024071243 0.126185877 1.016875736
0.015603055 0.123510901 0.985460102
0.007579224 0.120468320 0.955490390
0.000000000 0.117436293 0.929603977
0.057044981 0.000000000 0.906704013
0.055664776 0.003502131 0.886515610
0.054388508 0.006870866 0.871351444
0.053184551 0.010145496 0.860587603
0.052007224 0.013353186 0.853443662
0.050814721 0.016510704 0.849241713
0.049577251 0.019629022 0.847523948
0.048279185 0.022718460 0.848090982
0.046918313 0.025793561 0.851009400
0.045503637 0.028877486 0.856609833
0.044051510 0.032005295 0.865468462
0.042578757 0.035224211 0.878336582
0.041091234 0.038587238 0.895959640
0.039567961 0.042135598 0.918731112
0.037945534 0.045868271 0.946194361
0.036113121 0.049705447 0.976549894
0.033929547 0.053464412 1.006472088
0.031265120 0.056871042 1.031533087
0.028054210 0.059618231 1.047277086
0.024332294 0.061456361 1.050597530
0.020235139 0.062277355 1.040811136
0.015957666 0.062151004 1.019904087
0.011692668 0.061295115 0.991825910
0.007579224 0.059995738 0.961184172
0.003681628 0.058517797 0.931952737
0.000000000 0.057044981 0.906704013
0.000000000 0.000000000 0.883883476
0.000000000 0.000000000 0.864203189
0.000000000 0.000000000 0.849420685
0.000000000 0.000000000 0.838927755
0.000000000 0.000000000 0.831963618
0.000000000 0.000000000 0.827867426
0.000000000 0.000000000 0.826192896
0.000000000 0.000000000 0.826745658
0.000000000 0.000000000 0.829590623
0.000000000 0.000000000 0.835050101
0.000000000 0.000000000 0.843685770
0.000000000 0.000000000 0.856230016
0.000000000 0.000000000 0.873409525
0.000000000 0.000000000 0.895607870
0.000000000 0.000000000 0.922379905
0.000000000 0.000000000 0.951971430
0.000000000 0.000000000 0.981140521
0.000000000 0.000000000 1.005570768
0.000000000 0.000000000 1.020918512
0.000000000 0.000000000 1.024155384
0.000000000 0.000000000 1.014615302
0.000000000 0.000000000 0.994234455
0.000000000 0.000000000 0.966862969
0.000000000 0.000000000 0.936992442
0.000000000 0.000000000 0.908496724
0.000000000 0.000000000 0.883883476
