0.0000000 0.0000000 2.4277479 5.4586431 3.2557080
0.0000000 0.0000000 0.0000000 6.2755858 2.0203112
0.0000000 0.0000000 3.4240698 6.5656965 0.7170487
0.0000000 0.0000000 3.4282870 6.5612273 0.7095434
0.0000000 0.0000000 5.5732167 4.7876289 1.5405680
0.0000000 0.0000000 8.9600594 2.3211015 1.4861279
0.0000000 0.0000000 0.0000000 8.1850556 1.5035851
0.0000000 0.0000000 3.8640541 2.8305266 4.0833991
0.0000000 0.0000000 6.2232464 5.0066680 0.0000000
0.0000000 0.0000000 0.0000000 6.5973268 2.1418390
0.0000000 0.0000000 6.0602880 3.1077113 3.5131699
0.0000000 0.0000000 0.0000000 0.7667119 3.9819086
0.0000000 0.0000000 0.0000000 0.7521089 3.8858571
0.0000000 0.0000000 0.0000000 0.7555421 3.8777772
0.0000000 0.0000000 1.5837835 8.0961126 0.0000001
0.0000000 0.0000000 7.7719844 0.0000000 4.0090592
0.0000000 0.0000000 9.4986315 1.0162814 1.2953579
0.0000000 0.0000000 0.0000000 1.5338635 3.4763987
0.0000000 0.0000000 1.6304615 7.4213496 0.6909812
0.0000000 0.0000000 0.0000000 1.4188804 3.1992671
0.0000000 0.0000000 0.0000000 1.4330548 3.1814099
0.0000000 0.0000000 0.0000000 1.4333619 3.2128656
0.0000000 0.0000000 0.0000000 1.4306141 3.2489762
0.0000000 0.5285394 9.1754592 2.3822722 0.0000001
0.0000000 0.0000000 0.0000000 1.0430534 5.5347329
0.0000000 0.0000000 1.0353391 1.3569042 2.6139374
0.0000000 0.0000000 1.0471267 1.3594646 2.6126696
0.0000000 0.0000000 1.0414887 1.3630219 2.6284860
0.0000000 0.0000000 0.0000000 1.0953291 5.6442164
0.0000000 0.0000000 0.0000000 0.0000000 2.9170119
0.0000000 0.0000000 0.0000000 0.0000000 2.9145858
0.0000000 0.0000000 0.0000000 0.0000000 2.9165318
0.0000000 0.0000000 0.0000000 0.0000000 2.9161091
0.0000000 0.0000000 0.0000000 0.0000000 2.9170118
0.0000000 0.0000000 1.0700169 1.3679804 2.6112450
0.0000000 0.0000000 0.0000000 1.8059600 2.3456651
0.0000000 0.0000000 8.7659845 2.2501293 1.4139876
0.0000000 0.0000000 0.0000000 1.8777930 2.3504262
0.0000000 0.0000000 1.1812499 6.0677299 0.5320476
0.0000000 0.0000000 1.1504916 5.9097337 0.5181938
0.0000000 0.0000000 1.1683351 6.0210062 0.0000000
0.0000000 0.0000000 1.1724470 6.0225122 0.0000000
0.0000000 0.0000000 1.2214379 6.0997792 0.0000000
0.0000000 0.0000000 0.0000000 1.9402045 2.4960268
0.0000000 0.0000000 1.2824615 5.8066736 0.5349624
0.0000000 0.0000000 1.2855326 5.8015002 0.5319984
0.0000000 0.0000000 1.2882255 5.7995087 0.5294545
0.0000000 0.0000000 3.7591503 4.8473240 0.0000000
0.0000000 0.0000000 1.3977812 5.4331541 1.1656991
0.0000000 0.0000000 1.6078894 5.1784082 1.9985143
0.0000000 0.0000000 1.4030481 5.4108774 1.1621877
0.0000000 0.0000000 1.4052146 5.4077178 1.1589027
0.0000000 0.0000000 1.4157102 5.4098940 1.1418555
0.0000000 0.0000000 8.8143066 1.1413758 2.1886650
0.0000000 0.0000000 1.4784337 4.7646354 1.8407337
0.0000000 0.0000000 1.4877188 4.7905438 1.8310620
0.0000000 0.0000000 1.5139498 5.3186625 1.1688339
0.0000000 0.0000000 0.0000000 4.4148706 2.2614943
0.0000000 0.0000000 0.0000000 2.7570858 2.2191783
0.0000000 0.0000000 0.0000000 5.6120397 1.8095258
0.0000000 0.0000000 1.6806415 0.0000000 5.5958605
0.0000000 0.0000000 1.6833318 0.0000000 5.5934590
0.0000000 0.0000000 9.3479471 1.7175839 0.0000000
0.0000000 0.0000000 1.7026869 0.0000000 5.6046046
0.0000000 1.0268446 1.4556751 5.1789918 1.2373053
0.0000000 0.0000000 1.7113150 0.0000000 5.5761404
0.0000000 0.0000000 0.0000000 2.8506857 2.2084851
0.0000000 0.0000000 1.7072493 0.0000000 5.5879356
0.0000000 0.0000000 0.0000000 5.8074678 4.7001199
0.0000000 0.0000000 0.0000000 2.9049945 2.3389213
0.0000000 0.0000000 2.9499363 4.7483233 1.2245152
0.0000000 1.1210788 1.4832719 5.4202167 0.0000000
0.0000000 1.1334166 1.4995958 5.3971068 0.0000000
0.0000000 0.0000000 0.0000000 2.2730946 2.9922040
0.0000000 0.0000000 3.3323601 0.0000000 4.7432162
0.0000000 0.0000000 1.6692770 5.4059373 2.0807206
0.0000000 1.2138657 1.4280826 5.8065222 0.0000002
0.0000000 0.0000000 0.0000000 3.5558174 1.8313583
0.0000000 0.0000000 0.0000000 3.5112300 1.8076742
0.0000000 0.0000000 2.7185148 3.5159627 1.6950847
0.0000000 0.0000000 2.1737896 4.8772150 0.6030332
0.0000000 0.0000000 2.2120563 5.0335511 0.0000011
0.0000000 0.0000000 0.0000000 3.5559072 1.8326552
0.0000000 0.0000000 2.2486518 5.0559562 0.0000000
0.0000000 0.0000000 2.1997701 4.9637227 0.0000000
0.0000000 1.3331553 1.6623841 5.1204306 0.5348533
0.0000000 0.0000000 2.2207129 4.9824944 0.0000000
0.0000000 0.0000000 2.0544005 2.6207426 2.2879831
0.0000000 0.0000000 2.3336450 4.5520786 0.4974484
0.0000000 0.0000000 2.3436731 4.5334974 0.4866542
0.0000000 0.0000000 2.3605446 3.0799351 1.4840285
0.0000000 0.0000000 0.0000000 4.1355521 1.3303082
0.0000000 0.0000000 2.2724344 5.1223164 0.0000000
0.0000000 0.0000000 2.4023716 3.9194191 1.0200129
0.0000000 0.0000000 2.4178895 3.8940923 1.0035579
0.0000000 0.0000000 2.4198343 3.8913029 0.9974789
0.0000000 0.0000000 2.3732521 3.1320470 1.5088717
0.0000000 0.0000000 2.4305663 3.9007013 1.0025918
0.0000000 0.0000000 2.4107248 3.1294337 1.5094678
0.0000000 0.0000000 0.0000000 4.2435883 0.8866516
0.0000000 0.0000000 0.0000000 4.2909713 0.7913781
0.0000000 0.0000000 0.0000000 4.2945822 0.7950076
0.0000000 0.0000000 0.0000000 4.3187364 0.7933154
0.0000000 0.0000000 2.6273984 2.5655157 2.2809888
0.0000000 1.6033933 2.1394210 3.5402702 0.4514126
0.0000000 0.0000000 2.6830685 0.0000000 3.8794899
0.0000000 1.6066546 2.1102108 4.0223126 0.0000000
0.0000000 0.0000000 2.6720438 0.0000000 3.8841412
0.0000000 0.0000000 2.6758281 0.0000000 3.8786004
0.0000000 0.0000000 2.7539569 2.6557321 2.2722946
0.0000000 0.0000000 2.6812114 0.0000000 3.8775294
0.0000000 0.0000000 0.0000000 4.4659523 0.3596396
0.0000000 0.0000000 0.0000000 4.4668287 0.3578631
0.0000000 0.0000000 2.7386355 3.6567358 0.0000000
0.0000000 0.0000000 0.0000000 4.5392578 0.0000004
0.0000000 0.0000000 0.0000000 4.5270178 0.0000000
0.0000000 0.0000000 0.0000000 4.5272088 0.0000027
0.0000000 0.0000000 0.0000000 4.5283597 0.0000000
0.0000000 0.0000000 2.7821136 3.6677917 0.0000000
0.0000000 0.0000000 0.0000000 4.5331777 0.0000000
0.0000000 1.6474091 2.1135641 4.0708033 0.0000000
0.0000000 1.6499681 2.1138220 4.0733835 0.0000000
0.0000000 1.6592025 2.1999065 3.5440513 0.4566231
0.0000000 0.0000000 2.7830365 2.7226932 2.1348646
0.0000000 0.0000000 2.7528031 3.6387091 0.0000000
0.0000000 1.6777894 2.2168472 3.5535639 0.4506120
0.0000000 0.0000000 0.0000000 2.8029011 3.5748850
0.0000000 0.0000000 0.0000000 4.5403771 0.3680638
0.0000000 1.7263592 2.1750714 3.6233704 0.4655553
0.0000000 0.0000000 0.0000000 5.9579138 0.4806540
0.0000000 0.0000000 8.9993557 1.6436739 0.0000011
0.0000000 1.8123224 9.3565333 0.0000000 0.0000000
0.0000000 1.8154996 9.3543138 0.0000002 0.0000001
0.0000000 1.8212141 9.3503150 0.0000000 0.0000000
0.0000000 0.0000000 7.1596943 3.6616649 0.0075364
0.0000000 1.8454083 2.4481016 3.3713220 1.0638092
0.0000000 1.8465660 8.6873964 1.8086281 0.0057267
0.0000000 1.8547089 9.3266869 0.0000000 0.0000009
0.0000000 0.0000000 2.8138531 3.5895555 1.1048194
0.0000000 1.8870228 0.0000000 6.0633844 4.0349940
0.0000000 0.0000000 3.2401034 1.9523761 2.9068992
0.0000000 0.0000000 3.2516768 3.5722925 0.4176842
0.0000000 1.9713670 2.6049029 3.3708982 1.0715071
0.0000000 1.9722308 9.0287049 0.8311107 0.0000001
0.0000000 1.9991319 9.0088260 0.8280091 0.0000000
0.0000000 2.0040908 9.0037976 0.8313580 0.0000000
0.0000000 2.0074348 9.0927443 0.0000000 0.5366579
0.0000000 2.0084740 9.0016482 0.8275739 0.0000000
0.0000000 2.0129500 9.0875404 0.0000000 0.5400079
0.0000000 2.0149521 1.7145811 3.7066457 1.9617394
0.0000000 2.0157390 9.0859810 0.0000000 0.5378707
0.0000000 0.0000000 3.0500094 3.8908137 0.0000000
0.0000000 2.0174232 9.0848234 0.0000000 0.5373441
0.0000000 2.0225562 2.6373407 3.3821458 1.0961621
0.0000000 2.0362669 9.1928056 0.0000000 0.0000000
0.0000000 2.1019524 8.9263370 0.8286445 0.0000010
0.0000000 2.1188949 9.0065702 0.0000000 0.5298175
0.0000000 0.0000000 3.5769703 3.5798672 0.3730319
0.0000000 2.1749112 8.4035652 1.8088475 0.0000000
0.0000000 2.1795191 8.4031972 1.8023282 0.0000000
0.0000000 2.1807629 8.4051458 1.7971733 0.0000049
0.0000000 2.1985638 8.3798895 1.8111384 0.0000000
0.0000000 2.2001740 2.9189076 0.0000000 3.6028954
0.0000000 2.2060556 2.9265140 0.0000000 3.6015378
0.0000000 0.0000000 0.0000000 6.8458341 3.5297792
0.0000000 2.2185652 8.6477345 0.9263321 0.5813082
0.0000000 0.0000000 3.8914531 0.0000000 3.7131979
0.0000000 2.2227606 2.9210548 0.0000000 3.6189948
0.0000000 2.2292637 2.9242014 0.0000000 3.6215932
0.0000000 2.2295333 2.8838691 2.9489756 1.8453823
0.0000000 0.0000000 4.0453224 3.4777363 1.1200986
0.0000000 2.2318540 3.2230799 3.7139947 0.0228109
0.0000000 2.2325393 0.0000000 2.2167026 4.0950084
0.0000000 2.2349852 8.6303507 0.9194888 0.5981397
0.0000000 2.2370880 8.6288332 0.9224787 0.5933382
0.0000000 2.2391551 8.6674649 0.0000000 1.1894457
0.0000000 2.2421434 8.6634804 0.0000056 1.1924045
0.0000000 2.2434596 8.6200518 0.9326863 0.5904352
0.0000000 2.2454699 8.6193730 0.9249545 0.5963048
0.0000000 2.2507563 8.6587609 0.0000000 1.1855650
0.0000000 0.0000000 3.6941478 3.3684701 1.0348957
0.0000000 2.2528234 8.6514748 0.0000000 1.1978240
0.0000000 2.2739833 8.6336129 0.0000114 1.1948700
0.0000000 0.0000000 3.9165421 3.3670248 1.0850172
0.0000000 0.0000000 0.0000000 5.0637866 0.9321186
0.0000000 2.2907443 7.4073124 2.8615351 0.0000001
0.0000000 2.2968553 7.3963104 2.8643014 0.0000000
0.0000000 2.3000455 7.3953612 2.8614832 0.0000000
0.0000000 0.0000000 2.3160164 7.2759816 2.8870951
0.0000000 0.0000000 3.8559096 3.2825788 1.0674815
0.0000000 2.3174189 7.3857160 2.8500131 0.0000000
0.0000000 2.3224165 7.4075129 2.8247627 0.0000012
0.0000000 2.3515381 0.0000000 2.1370883 4.2218635
0.0000000 2.3778131 6.5675476 3.1837778 0.6610398
0.0000000 2.3798013 0.0000000 2.1387438 4.2369085
0.0000000 0.0000000 3.9201382 3.3157044 1.0759118
0.0000000 2.4267727 7.8158654 2.0100238 0.6507898
0.0000000 2.4282904 7.8100905 2.0159916 0.6495035
0.0000000 2.4317877 7.8114684 2.0098462 0.6475545
0.0000000 2.4319060 7.8254656 1.9939622 0.6421434
0.0000000 2.4395086 8.0165642 0.0000000 1.9881547
0.0000000 2.4524255 7.7914433 2.0063252 0.6439907
0.0000000 2.4604267 7.9935791 0.0000003 1.9877536
0.0000000 2.4641462 7.9837534 0.0000055 1.9955944
0.0000000 2.4735990 7.9806494 0.0000000 1.9851716
0.0000000 2.4743907 0.0000000 3.2800027 3.5043830
0.0000000 0.0000000 4.5522102 2.9306231 1.8838617
0.0000000 2.4767105 8.0471631 1.0055437 1.3253594
0.0000000 2.4788443 7.9730367 0.0000057 1.9875137
0.0000000 2.4795955 1.6205697 0.0000000 6.1642938
0.0000000 2.4827195 8.0199458 1.0506964 1.3241992
0.0000000 2.4843491 8.0214507 1.0357826 1.3310911
0.0000000 2.4880344 8.0185530 1.0318467 1.3323137
0.0000000 2.4884375 0.0000000 3.3005208 3.4958218
0.0000000 2.4932614 6.4648998 3.1156228 0.6611643
0.0000000 0.0000000 4.1825407 0.0000000 3.5035969
0.0000000 2.5012824 6.4486284 3.1124418 0.6700766
0.0000000 2.5021516 6.4490882 3.1130193 0.6651808
0.0000000 2.5132810 8.0065993 1.0119855 1.3198191
0.0000000 0.0000000 4.1892226 0.0000000 3.4764642
0.0000000 0.0000000 4.1824790 2.7358737 1.8440818
0.0000000 0.0000000 4.1920215 0.0000000 3.4792821
0.0000000 2.5392753 0.0000000 3.3022102 3.5297614
0.0000000 0.0000000 4.2682402 2.7663754 1.7657209
0.0000000 0.0000000 4.2860327 2.7674621 1.7715262
0.0000000 2.5631238 3.4075531 3.0604505 1.2626621
0.0000000 0.0000000 4.2704189 3.4579946 0.0000000
0.0000000 0.0000000 4.2830780 3.4485368 0.0000000
0.0000000 0.0000000 4.2857596 3.4512052 0.0000000
0.0000000 0.0000000 4.2816092 2.7694750 1.7575821
0.0000000 2.6053479 6.9441709 0.0000386 2.8660891
0.0000000 2.6095794 6.3345906 3.0512879 0.6667128
0.0000000 2.6201112 0.0000000 8.6853891 0.0000000
0.0000000 2.6266384 6.9051525 0.0000000 2.8686047
0.0000000 2.6361276 6.8572142 2.2702944 1.3977976
0.0000000 2.6501749 4.9373825 3.1308850 1.3680854
0.0000000 2.6538344 6.8801300 2.2104257 1.4155707
0.0000000 2.6615945 6.8825385 0.0000000 2.8414849
0.0000000 2.6632496 6.8609905 2.2085821 1.4218740
0.0000000 2.6636681 3.6147144 3.3051634 0.5368699
0.0000000 2.6684009 6.8634832 0.0000023 2.8467774
0.0000000 2.6779484 6.8453843 2.2012066 1.4203103
0.0000000 2.6795902 6.8489455 0.0000000 2.8431591
0.0000000 2.6833394 0.0000000 8.6221100 0.0000000
0.0000000 2.7133214 5.1655806 0.0000000 3.4991975
0.0000000 2.7143789 6.8112884 2.1804338 1.4132612
0.0000000 2.7191806 7.0183865 1.1257175 2.1776082
0.0000000 2.7275875 6.9997558 1.1229233 2.1840392
0.0000000 0.0000000 4.5060488 1.9760546 2.4946315
0.0000000 2.7310110 7.0064292 1.1354275 2.1643421
0.0000000 2.7394132 5.2218272 0.0000000 3.4617988
0.0000000 2.7409375 6.9919915 1.1271357 2.1679450
0.0000000 2.7517474 6.9812790 1.1148837 2.1690864
0.0000000 2.7598558 4.7423637 3.0754394 1.2500201
0.0000000 2.7805167 5.2882594 2.2874980 2.1904607
0.0000000 0.0000000 8.7707185 0.7006253 0.0000000
0.0000000 2.7993181 3.7242760 2.1737727 2.1968908
0.0000000 2.8238595 5.2854225 2.2615879 2.1484816
0.0000000 2.8344535 0.0000000 8.2414075 0.7614768
0.0000000 2.8348427 0.0000000 8.2416052 0.7598107
0.0000000 2.8457351 3.7376426 3.3018000 0.0000000
0.0000000 2.8538489 5.1212490 2.1978109 2.2049061
0.0000000 2.8580069 5.3370261 1.1407892 2.9109785
0.0000000 2.8583077 5.3160536 1.1391408 2.9162697
0.0000000 2.8804053 0.0000000 8.2066680 0.7130320
0.0000000 0.0000000 4.8567675 2.1154206 2.1710536
0.0000000 0.0000000 4.8154478 3.1109935 0.5124745
0.0000000 0.0000000 4.8509382 3.1255800 0.5009991
0.0000000 2.8998664 5.4341165 1.1495781 2.8270990
0.0000000 0.0000000 4.8155102 3.1066290 0.5008282
0.0000000 2.9101321 3.8013515 1.8030181 2.4815388
0.0000000 0.0000000 6.1419000 3.1632413 0.0000000
0.0000000 2.9786246 0.0000000 5.0200025 3.2085606
0.0000000 2.9904210 0.0000000 4.9644505 3.1993392
0.0000000 2.9909269 0.0000000 4.9569559 3.1993751
0.0000000 2.9953839 0.0000000 8.2759344 0.0178830
0.0000000 2.9987140 0.0000000 5.0042567 3.1850605
0.0000000 0.0000000 8.1317541 0.8719106 1.1222722
0.0000000 3.0153252 0.0000000 7.5441224 1.6277408
0.0000000 0.0000000 4.9942961 2.4790317 1.5845055
0.0000000 3.0191672 4.6569471 2.1823858 1.9939692
0.0000000 3.0279566 0.0000000 7.5360650 1.6132096
0.0000000 3.0320989 0.0000000 7.5296245 1.6136934
0.0000000 3.0387852 0.0000000 7.5195260 1.6140051
0.0000000 3.0391357 0.0000000 7.5236115 1.6076121
0.0000000 3.0646498 0.0000000 8.0096053 0.6357262
0.0000000 3.0693854 5.5337282 2.0825938 1.8166050
0.0000000 0.0000000 5.0182095 1.6269891 2.5046595
0.0000000 3.1114660 0.0000000 6.4722710 2.5019425
0.0000000 3.1253799 4.1042712 2.6960974 1.0589160
0.0000000 3.1369055 0.0000000 6.4449227 2.4805431
0.0000000 3.1519658 0.0000000 6.4696746 2.4405109
0.0000000 0.0000000 5.3346306 2.5773266 1.1066740
0.0000000 0.0000000 5.2789798 2.5487301 1.1013398
0.0000000 0.0000000 5.2836826 2.5599165 1.1007125
0.0000000 3.2560872 1.6766779 0.0000000 5.0109828
0.0000000 0.0000000 5.4263548 0.0000000 2.8164378
0.0000000 0.0000000 5.4374453 0.0000000 2.8165205
0.0000000 0.0000000 5.4432719 2.8043120 0.0000000
0.0000000 0.0000000 5.4387554 0.0000000 2.8191984
0.0000000 0.0000000 0.0000000 5.7677705 1.8584097
0.0000000 0.0000000 5.4653412 2.8219002 0.0000000
0.0000000 0.0000000 5.3928429 2.5866517 1.1140201
0.0000000 0.0000000 5.7998605 0.9290657 2.3862155
0.0000000 0.0000000 5.5731094 1.7930888 1.7340219
0.0000000 0.0000000 5.5642130 1.7980084 1.7350758
0.0000000 0.0000000 6.3728805 2.4487851 0.5370422
0.0000000 0.0000000 5.5380639 0.0000000 2.7636418
0.0000000 0.0000000 5.6455637 0.9107508 2.3436254
0.0000000 0.0000000 5.5957666 1.7980524 1.7124512
0.0000000 0.0000000 5.6387863 0.9065651 2.3390609
0.0000000 0.0000000 5.5710786 1.8512580 1.7230312
0.0000000 0.0000000 5.6256908 0.9069987 2.3326288
0.0000000 0.0000000 5.6586227 0.9097240 2.3291619
0.0000000 0.0000000 6.2666821 2.4263236 0.5197918
0.0000000 3.3964860 7.5439100 0.6114138 0.0000000
0.0000000 3.4192261 7.7095037 0.0000000 0.0000000
0.0000000 3.4200990 7.7081633 0.0000000 0.0000024
0.0000000 3.4202809 7.7072681 0.0000000 0.0025923
0.0000000 0.0000000 7.0535687 0.9076498 1.7561345
0.0000000 0.0000000 6.9208125 2.2321020 0.0000000
0.0000000 3.4467123 0.0000000 1.4046813 5.5451100
0.0000000 3.4493093 7.6628459 0.0000000 0.0000000
0.0000000 3.4497343 7.6621795 0.0000000 0.0000003
0.0000000 0.0000000 5.5803109 2.8745657 0.0000000
0.0000000 3.5217156 4.2368527 2.9463247 0.4996459
0.0000000 3.5223098 0.0000000 0.1214795 7.4662698
0.0000000 0.0000000 5.8712539 2.2630978 0.4892819
0.0000000 3.5443286 0.0000000 0.0000000 7.5084791
0.0000000 3.5650354 4.4906154 2.6280500 0.4295849
0.0000000 0.0000000 5.9080790 2.2940230 0.4874230
0.0000000 3.5982314 6.4738158 1.5830385 0.0000000
0.0000000 0.0000000 7.4383929 0.0000000 1.5301294
0.0000000 0.0000000 6.6014747 2.1209928 0.0000000
0.0000000 3.6187437 4.7840793 2.2845074 0.0000000
0.0000000 3.6329429 7.0573304 0.7436341 0.0000000
0.0000000 3.6406360 7.0345666 0.7565554 0.0000004
0.0000000 3.6424989 7.0279991 0.7614806 0.0000000
0.0000000 3.6462426 7.0243397 0.7543637 0.0000000
0.0000000 3.6673255 4.7845061 2.3069725 0.0000000
0.0000000 3.6686092 4.7921100 2.2938607 0.0000000
0.0000000 3.6730958 7.1035155 0.0000000 0.4909313
0.0000000 3.6752481 7.0982270 0.0000001 0.4930751
0.0000000 3.6756479 7.1000054 0.0000002 0.4873989
0.0000000 3.6777615 7.0995809 0.0000003 0.4789579
0.0000000 3.6787160 7.0932762 0.0000000 0.4886450
0.0000000 3.6794552 4.7878375 2.3065970 0.0000000
0.0000000 0.0000000 6.2384746 1.6030516 1.0332741
0.0000000 0.0000000 6.1618839 1.5857430 1.0177168
0.0000000 0.0000000 6.1739682 0.0000000 2.0521584
0.0000000 3.7209425 1.2070919 0.0000000 5.2729025
0.0000000 0.0000000 6.4338861 0.8369444 1.5970926
0.0000000 0.0000000 5.6330286 2.7548446 1.1758028
0.0000000 0.0000000 6.1846200 0.0000008 2.0513104
0.0000000 0.0000000 6.1927681 0.0000000 2.0551461
0.0000000 0.0000000 6.2162275 2.0000052 0.0000000
0.0000000 3.7472067 6.0484845 1.5629790 0.0000000
0.0000000 3.7519646 6.0422175 1.5554929 0.0000025
0.0000000 0.0000000 6.2234194 2.0029727 0.0000002
0.0000000 0.0000000 6.3249965 0.8097357 1.5598011
0.0000000 0.0000000 6.2642542 0.8065642 1.5643809
0.0000000 0.0000000 6.2199910 0.0000000 2.0429760
0.0000000 3.7841595 0.0000000 6.9211569 0.3763972
0.0000000 0.0000000 0.0000000 6.6186455 0.5337838
0.0000000 3.8144672 5.0635479 1.6147487 0.5154413
0.0000000 3.8165803 5.0655225 1.6083014 0.5205391
0.0000000 3.8418487 5.0494049 1.6664393 0.5093273
0.0000000 3.8478420 4.0380208 3.4150391 0.0007111
0.0000000 3.8530258 6.3013579 0.0000018 1.0484117
0.0000000 3.8547790 6.2282538 0.8126766 0.5164786
0.0000000 3.8593124 6.5963221 0.1952827 0.5210412
0.0000000 3.8628881 6.5218971 0.7269165 0.0325817
0.0000000 3.8634884 6.2150320 0.7964518 0.5149571
0.0000000 3.8710995 6.2613028 0.0000000 1.0309582
0.0000000 3.8722595 5.0656727 1.6384748 0.5158939
0.0000000 3.8740061 6.2460669 0.0000000 1.0370438
0.0000000 3.8744330 6.2453913 0.0000000 1.0363276
0.0000000 3.8745993 6.1802479 0.7933453 0.5161633
0.0000000 0.0000000 6.5373585 1.3919563 0.4469577
0.0000000 0.0000000 6.5079199 1.3987796 0.4533722
0.0000000 3.8998448 5.1715487 0.0000021 1.5975015
0.0000000 0.0000000 7.0177222 1.2941857 0.0000000
0.0000000 0.0000000 6.4854312 1.3891124 0.4491665
0.0000000 0.0000000 6.8660731 0.7479633 0.9515797
0.0000000 0.0000000 6.9976875 1.2870878 0.0000022
0.0000000 3.9164537 5.1715059 0.0000000 1.6057349
0.0000000 3.9203555 5.2069047 0.8320715 1.0553925
0.0000000 3.9227583 5.1752746 0.0000062 1.5992143
0.0000000 3.9228597 5.0756213 1.6325722 0.5262982
0.0000000 3.9235283 5.2001278 0.8364753 1.0709986
0.0000000 0.0000000 6.5030911 1.3931831 0.4489165
0.0000000 0.0000000 6.5056609 1.3885062 0.4480736
0.0000000 3.9528527 5.2083124 0.8208533 1.0748634
0.0000000 0.0000000 6.5977132 0.0000000 1.3681697
0.0000000 3.9737472 5.2035673 0.8558877 1.0724631
0.0000000 0.0000000 6.6584647 0.7128937 0.9159405
0.0000000 0.0000000 6.6004071 0.0000000 1.3712873
0.0000000 0.0000000 6.6030068 0.0000000 1.3683450
0.0000000 0.0000000 6.6717709 1.2277285 0.0000000
0.0000000 0.0000000 7.0755044 0.6516270 0.4182385
0.0000000 4.0331289 0.0000000 5.3028744 1.3019808
0.0000000 4.0426889 5.2146629 0.8482833 1.0800582
0.0000000 0.0000000 6.7269643 0.8722240 0.3994375
0.0000000 0.0000000 6.8059281 0.6374492 0.4011957
0.0000000 0.0000000 6.8079496 0.6287394 0.4025964
0.0000000 0.0000000 6.8642206 0.0000000 0.8039905
0.0000000 0.0000000 6.8369456 0.0000000 0.8161043
0.0000000 0.0000000 6.8373197 0.0000000 0.8102974
0.0000000 0.0000000 6.8351243 0.0000000 0.8098498
0.0000000 0.0000000 6.8321872 0.0000000 0.8102657
0.0000000 0.0000000 6.8348560 0.6289056 0.4050856
0.0000000 0.0000000 6.9423690 0.0000000 0.6289086
0.0000000 4.1494406 0.0000000 6.0293916 0.0000009
0.0000000 4.1504176 0.0000000 6.0253253 0.0000000
0.0000000 0.0000000 6.9299936 0.5578779 0.0000001
0.0000000 0.0000000 6.9195429 0.5566995 0.0000000
0.0000000 4.1568737 0.0000000 5.9980752 0.0000000
0.0000000 4.1768640 0.0000000 5.5189672 0.5774732
0.0000000 0.0000000 7.0054586 0.0000000 0.3617548
0.0000000 4.1905664 1.4104705 5.2253558 0.0000000
0.0000000 0.0000000 6.9644806 0.0000000 0.3613939
0.0000000 0.0000000 6.9670233 0.0000000 0.3614248
0.0000000 0.0000000 7.0840564 0.0000000 0.0000029
0.0000000 4.2223118 4.0478971 3.4852577 0.0000001
0.0000000 4.2252132 0.0000000 5.5166886 0.6184026
0.0000000 0.0000000 7.0322450 0.0000000 0.0000022
0.0000000 4.2309402 5.6172915 0.0000000 0.0000000
0.0000000 0.0000000 7.0324432 0.0000000 0.0000000
0.0000000 0.0000000 7.0327652 0.0000018 0.0000021
0.0000000 0.0000000 7.0355460 0.0000055 0.0000008
0.0000000 0.0000000 6.9959730 0.0000002 0.3619707
0.0000000 4.2385591 0.0000000 5.5201481 0.6098467
0.0000000 0.0000000 6.9984943 0.0000000 0.3694593
0.0000000 4.3254551 5.6284354 0.0000000 0.0000000
0.0000000 4.3696201 5.6330184 0.0000001 0.0000000
0.0000000 4.4045345 0.0000000 5.5413568 0.5917701
0.0000000 4.4148499 5.6373029 0.0000000 0.0000000
0.0000000 0.0000000 7.1614357 0.5764369 0.0000000
0.0000000 4.7508171 1.6442805 0.0000000 5.1804482
0.0000000 0.0000000 5.1218943 5.0277814 0.6539359
0.0000000 4.8361092 4.1234649 0.0000000 3.4450621
0.0000000 4.8572648 4.6927780 0.0000000 2.6962020
0.0000000 4.9003861 4.7291493 2.0448884 1.3075866
0.0000000 4.9461576 4.7485487 2.0166914 1.2902051
0.0000000 0.0000000 4.9645430 1.5125643 5.1838701
0.0000000 0.0000000 0.0000000 5.7154137 4.5941638
0.0000000 5.0035137 4.8375789 1.0394070 2.0052783
0.0000000 5.0487822 4.8417289 1.0338062 1.9953904
0.0000000 5.0697917 0.0000000 5.3324322 1.3810167
0.0000000 5.1161072 5.5753279 0.0000000 0.4860209
0.0000000 5.1224039 0.0000000 5.3275730 1.3863133
0.0000000 5.1304068 5.5266271 0.7080017 0.0000003
0.0000000 5.1712220 5.5252207 0.7034844 0.0000000
0.0000000 5.1882123 5.5819475 0.0000000 0.4300404
0.0000000 5.1882859 5.5759464 0.0000000 0.4613563
0.0000000 0.0000000 7.5342325 0.6924643 0.4539432
0.0000000 5.3039523 4.8165951 1.0396961 1.9949564
0.0000000 5.3514900 3.8407680 2.7245732 2.1170248
0.0000000 5.3983848 0.1806050 0.0000000 5.5973584
0.0000000 5.4458371 5.5206158 0.6149155 0.0000000
0.0000000 5.4641252 0.0000000 5.3012175 1.3683567
0.0000000 5.5645182 4.7229520 1.0843695 2.0713426
0.0000000 5.7924636 0.0000000 4.8098795 2.3202996
0.0000000 5.8088682 0.0000000 4.8053524 2.3219843
0.0000000 5.8445470 0.0000000 0.0000000 5.5676438
0.0000000 5.8783922 5.1262490 1.6293052 0.0179609
0.0000000 5.9346725 3.8199477 0.0000000 3.5898101
0.0000000 5.9374757 5.1088351 1.6452447 0.0000000
0.0000000 6.0218848 1.9630386 0.0000000 4.9000070
0.0000000 6.0342401 0.0000000 4.7698341 2.2876639
0.0000000 6.0965271 5.2486944 0.8458966 0.5401709
0.0000000 6.0996876 5.2746329 0.0000000 1.0858390
0.0000000 6.1031964 5.2468443 0.8421865 0.5453207
0.0000000 6.1046948 5.2721493 0.0000000 1.0897026
0.0000000 6.1091650 5.2455667 0.8415710 0.5449335
0.0000000 6.1176623 3.7557310 0.0000000 3.5947837
0.0000000 6.1229731 5.2427624 0.8413526 0.5417824
0.0000000 6.1309349 5.2647576 0.0000002 1.0918402
0.0000000 6.1344391 5.2642426 0.0000000 1.0906005
0.0000000 6.1506691 0.0000000 5.3397877 0.8174246
0.0000000 0.0000000 6.2904953 5.3753495 0.4894227
0.0000000 6.2981307 3.7024785 2.4044610 2.2740510
0.0000000 6.3707870 0.0000000 1.3307315 5.0779219
0.0000000 6.3845084 0.0000000 3.9062771 3.3283915
0.0000000 6.3891069 0.0000000 1.3498433 5.0650291
0.0000000 6.3923749 3.9481250 2.1489632 2.1101666
0.0000000 6.4460480 0.0000000 3.8825736 3.3265191
0.0000000 6.4486637 3.6140499 2.4596635 2.2482140
0.0000000 6.4701218 0.0000000 5.4136743 0.0000000
0.0000000 6.5011447 0.0000000 5.4040273 0.0000011
0.0000000 6.5923675 4.2810039 2.7553788 0.0004248
0.0000000 6.6034964 4.2872666 2.7401356 0.0000000
0.0000000 6.6386825 5.3589076 0.0000001 0.0000000
0.0000000 6.6432519 5.3573423 0.0000000 0.0000000
0.0000000 6.6516445 5.3544561 0.0000000 0.0000000
0.0000000 6.6536108 5.3537764 0.0000074 0.0000029
0.0000000 6.6720245 0.0000000 2.8441142 4.1572112
0.0000000 6.7088331 0.0000000 2.5845753 4.3201904
0.0000000 0.0000000 6.7451813 1.6286325 4.8248286
0.0000000 6.8037641 1.6768739 4.3876931 1.3783810
0.0000000 0.0000000 6.8147230 1.5848765 4.7690011
0.0000000 6.8188246 3.4337589 0.0000000 3.5991957
0.0000000 6.8701540 4.5180608 1.9468884 0.6273286
0.0000000 6.9431687 2.9357777 3.9356056 0.1256770
0.0000000 6.9549968 3.5235230 3.4348913 0.0061105
0.0000000 6.9613845 4.4868527 1.9243874 0.6265458
0.0000000 6.9694990 4.4875696 1.9195878 0.6190047
0.0000000 6.9748347 4.4824116 1.9194353 0.6283062
0.0000000 6.9766871 4.4790297 1.9240093 0.6285019
0.0000000 7.0666407 4.5911309 0.0000000 1.8920093
0.0000000 7.0760199 4.5862307 0.0000000 1.8925164
0.0000000 0.0000000 8.1682558 2.1001285 1.3556937
0.0000000 7.1035505 4.5723149 0.0000000 1.8928404
0.0000000 7.1035702 1.5277221 4.7140063 0.0000000
0.0000000 7.1047266 4.5726007 0.0000022 1.8911345
0.0000000 7.1152285 4.5798316 0.0000000 1.8666620
0.0000000 7.1171474 4.5966420 0.9862509 1.2734178
0.0000000 7.1283095 4.5929296 0.9847668 1.2697656
0.0000000 7.1512110 4.5803076 0.9840725 1.2725387
0.0000000 7.1534477 4.5789728 0.9845094 1.2726104
0.0000000 7.1988040 4.6436378 1.6475941 0.0000000
0.0000000 7.2101862 0.0000000 4.9963951 0.6489123
0.0000000 7.2259929 0.0000000 4.9906509 0.6417467
0.0000000 7.2292459 0.0000000 4.9879301 0.6461302
0.0000000 7.2553797 0.0000000 4.9764086 0.6414719
0.0000000 7.2961486 1.4822759 4.6378701 0.0000000
0.0000000 7.4046162 4.7631270 0.7797557 0.4909105
0.0000000 7.4182729 1.5600739 4.5372266 0.0004030
0.0000000 7.4210128 2.6875980 3.8518750 0.1001366
0.0000000 0.0000000 8.3594014 0.0000044 2.7719769
0.0000000 7.4431951 4.8279387 0.8245356 0.0000000
0.0000000 7.4685581 4.8259276 0.7850738 0.0000104
0.0000000 7.4757735 4.8239959 0.7782343 0.0000026
0.0000000 0.0000000 7.4784517 4.8121089 0.7746522
0.0000000 7.4834202 4.8190925 0.7806198 0.0000000
0.0000000 7.5230887 3.2553462 3.1209374 0.6679771
0.0000000 7.5269401 3.2487024 3.1246005 0.6679993
0.0000000 7.5359290 3.2356705 3.1295963 0.6705957
0.0000000 7.5386556 4.8634769 0.0000000 0.5030118
0.0000000 7.5405652 4.8619472 0.0000000 0.5049277
0.0000000 7.5454436 1.6051576 4.2828247 0.6812201
0.0000000 7.5461182 4.8599234 0.0000000 0.5005801
0.0000000 7.5462209 3.2326974 3.1238209 0.6719818
0.0000000 7.5520667 4.8559740 0.0000000 0.5031645
0.0000000 7.5732380 4.8463690 0.0001054 0.4938212
0.0000000 7.6191305 1.6379937 4.2207493 0.6795343
0.0000000 7.6457417 1.6443237 4.1999534 0.6809514
0.0000000 7.6510800 1.7889428 3.2500508 2.3283029
0.0000000 7.7138767 2.5138762 3.7183081 0.3518052
0.0000000 7.7222507 1.6214716 3.3509617 2.2577530
0.0000000 7.8506531 0.0000000 4.3695925 1.3955481
0.0000000 7.8525989 0.0000000 4.3647293 1.4035531
0.0000000 7.8612408 0.0000000 4.3575261 1.4065059
0.0000000 7.8689968 3.3793665 2.2497086 1.4040359
0.0000000 7.8751676 0.0000000 4.3499999 1.4019682
0.0000000 7.9057105 3.4191818 0.0000000 2.8219396
0.0000000 7.9069118 3.3974945 2.1788575 1.4070289
0.0000000 7.9097921 3.3932846 2.1840195 1.4033238
0.0000000 7.9154875 3.3814371 2.1835623 1.4164672
0.0000000 7.9161638 3.3910604 2.1796296 1.4031890
0.0000000 7.9201922 3.4112448 0.0000035 2.8169561
0.0000000 7.9240052 3.4006913 0.0000000 2.8252659
0.0000000 7.9265926 3.4036417 0.0000000 2.8193949
0.0000000 7.9403284 3.4271249 2.5569950 0.6422524
0.0000000 8.0150564 3.4658437 1.1321058 2.1449259
0.0000000 8.0196069 1.8022767 3.1958422 1.9633151
0.0000000 8.0387433 3.4517026 1.1138763 2.1477601
0.0000000 8.0393484 3.4543278 1.1115673 2.1448786
0.0000000 8.0419794 3.4680701 1.1032823 2.1278316
0.0000000 8.0608279 3.4495323 1.0918523 2.1380214
0.0000000 8.1638112 1.7774376 3.3978390 1.4586139
0.0000000 8.1724418 1.7655821 3.3928064 1.4667911
0.0000000 8.1838360 1.7572220 3.3917825 1.4592510
0.0000000 8.1875272 3.9538577 1.7292733 0.0000000
0.0000000 8.1891617 1.7286811 3.4058317 1.4568909
0.0000000 8.3255774 1.8537752 0.0000000 3.7476810
0.0000000 8.3329448 0.0000000 0.0000003 4.4505640
0.0000000 8.3450568 0.0000000 3.4943004 2.2366871
0.0000000 8.3657044 4.0600807 0.8672324 0.5610581
0.0000000 8.3733831 1.8286589 0.0000000 3.7206111
0.0000000 8.3736918 4.0878888 0.0000000 1.1331552
0.0000000 8.3793577 0.0000000 3.4658891 2.2310243
0.0000000 8.3795087 4.0472056 0.8715870 0.5600234
0.0000000 8.3847360 4.0438366 0.8690379 0.5596718
0.0000000 8.3880332 4.0420380 0.8670848 0.5587774
0.0000000 8.3896053 1.7961200 0.0000000 3.7253832
0.0000000 8.3955992 4.0794179 0.0000000 1.1094262
0.0000000 8.4145183 4.0583691 0.0000000 1.1217959
0.0000000 8.4179015 4.0596173 0.0000000 1.1118957
0.0000000 8.4310622 0.0000000 4.3744997 0.0000007
0.0000000 8.4363455 0.0000113 4.3703129 0.0000042
0.0000000 8.4364610 0.0000097 4.3702225 0.0000000
0.0000000 8.4380960 4.3689278 0.0000000 0.0000000
0.0000000 8.4435232 0.0000000 4.3646166 0.0000035
0.0000000 8.4535890 4.3565971 0.0000000 0.0000000
0.0000000 8.4562804 4.3544469 0.0000000 0.0000001
0.0000000 8.4578176 4.3532178 0.0000000 0.0000000
0.0000000 8.4595084 4.0253572 1.1088590 0.0000000
0.0000000 8.4788431 4.3363275 0.0000000 0.0000005
0.0000000 8.5710866 1.7956934 2.3314021 2.2732430
0.0000000 8.5880000 1.7968110 2.3304383 2.2502242
0.0000000 8.5929088 0.0000000 1.1842259 3.8587426
0.0000000 8.6102674 0.0000000 1.1866182 3.8417864
0.0000000 8.6153492 0.0000000 1.1906733 3.8352763
0.0000000 8.6334936 0.0000000 2.3865962 3.0746606
0.0000000 8.6386348 0.0000000 2.3845292 3.0706889
0.0000000 8.6389473 2.7833296 2.7073430 0.0000000
0.0000000 8.6473459 1.9064762 2.1772973 2.2255160
0.0000000 8.6480933 2.7870950 2.6923908 0.0000000
0.0000000 8.6483940 2.7866264 2.6924982 0.0000000
0.0000000 8.6520269 2.7860344 2.6886528 0.0000000
0.0000000 8.6594275 2.7840078 2.6815109 0.0004456
0.0000000 8.7208410 1.4070729 3.6296592 0.0000000
0.0000000 8.7237171 1.4091023 3.6257641 0.0000000
0.0000000 8.7310513 1.4583804 3.5925438 0.0000018
0.0000000 8.7318815 1.4058218 3.6193804 0.0000000
0.0000000 8.7389737 1.8403596 1.1602554 2.9139594
0.0000000 8.7468734 1.3808800 3.6173671 0.0000001
0.0000000 8.7627173 1.8234072 1.1681207 2.8936602
0.0000000 8.9549183 2.9245107 1.8553271 0.6036262
0.0000000 8.9557027 2.9234557 1.8554094 0.6036530
0.0000000 8.9624696 2.8985214 1.8749220 0.6085279
0.0000000 8.9711852 2.8912645 1.8706822 0.6070012
0.0000000 8.9775156 0.0000000 3.7284084 0.5989050
0.0000000 8.9806036 2.8901044 1.8606422 0.5988862
0.0000000 8.9830673 0.0000135 3.7220700 0.6006507
0.0000000 9.0865075 3.5469598 0.7780549 0.0000000
0.0000000 9.1043046 2.9534808 0.0000000 1.8296065
0.0000000 9.1093982 2.9841402 0.9489834 1.2178452
0.0000000 9.1129338 2.9447592 0.0000116 1.8263513
0.0000000 9.1139944 3.5249889 0.7562123 0.0000000
0.0000000 9.1149700 2.9422731 0.0000149 1.8261673
0.0000000 9.1180303 2.9378198 0.0000000 1.8268816
0.0000000 9.1184542 3.5217050 0.7518489 0.0000000
0.0000000 9.1193830 3.5175497 0.7598719 0.0000016
0.0000000 9.1208942 2.9359194 0.0000000 1.8244031
0.0000000 9.1313661 2.9615161 0.9348386 1.2202994
0.0000000 9.1433048 2.9395465 0.9449296 1.2229841
0.0000000 9.1466866 2.9403636 0.9485136 1.2106602
0.0000000 9.1651355 3.5628031 0.0000012 0.4906112
0.0000000 9.1758403 1.5310032 2.8531232 0.6107887
0.0000000 9.1759787 3.5515484 0.0000048 0.4879352
0.0000000 9.1782501 3.5497205 0.0000000 0.4857345
0.0000000 9.1869770 1.4891370 2.8647590 0.6126031
0.0000000 9.1897240 1.4838683 2.8646581 0.6122265
0.0000000 9.1990708 1.4791359 2.8570946 0.6078867
0.0000000 9.1995732 1.4691148 2.8611401 0.6119652
0.0000000 9.2022598 3.6541343 0.0000000 0.0000000
0.0000000 0.0000000 9.6630462 0.0000000 1.9830966
0.0000000 9.3892173 0.0000000 2.9487112 1.2574251
0.0000000 9.4085832 0.0000063 2.9233174 1.2556536
0.0000000 9.4112267 0.0000110 2.9211483 1.2531333
0.0000000 0.0000000 9.7376823 1.0256903 1.3286432
0.0000000 9.4711764 1.6081582 1.9650548 1.2659495
0.0000000 9.4814450 1.5482989 1.9914119 1.2744041
0.0000000 9.5046211 1.5290668 1.9706452 1.2674082
0.0000000 9.5050956 1.5281729 1.9706100 1.2673025
0.0000000 0.0000000 9.5318988 3.0693513 0.0000000
0.0000000 9.5356793 1.5437062 0.0000001 2.5456981
0.0000000 9.5378942 1.5359203 0.0000122 2.5478372
0.0000000 9.5386775 1.5359145 0.0000056 2.5466348
0.0000000 9.5451306 1.5237315 0.0000000 2.5453378
0.0000000 9.5559323 2.4865486 1.5889654 0.0000000
0.0000000 9.5590588 2.4804257 1.5904982 0.0000022
0.0000000 9.5706443 2.4660954 1.5849362 0.0000032
0.0000000 9.5788131 0.0000014 0.0000000 3.2018511
0.0000000 9.5795973 0.0000000 0.0000000 3.2008205
0.0000000 9.5799978 0.0000000 0.0000023 3.2002931
0.0000000 9.5824885 0.0000000 0.0000000 3.1970157
0.0000000 9.5949047 0.0000000 3.1806123 0.0000020
0.0000000 9.5950890 0.0000008 3.1803683 0.0000000
0.0000000 9.5953869 0.0000000 3.1799736 0.0000000
0.0000000 9.6204281 1.5506317 0.9966592 1.9286676
0.0000000 9.6215937 1.5467242 0.9998180 1.9276688
0.0000000 9.6269687 1.5599393 0.9926566 1.9108718
0.0000000 9.6320337 3.1309332 0.0000000 0.0000000
0.0000000 9.6374360 1.5418142 0.9638829 1.9261096
0.0000000 9.6484148 3.1087092 0.0000000 0.0000000
0.0000000 9.6501940 3.1062839 0.0000001 0.0000000
0.0000000 9.6507216 3.1055640 0.0000001 0.0000013
0.0000000 9.6519394 0.0000000 2.0345436 1.9261727
0.0000000 9.6637635 0.0000000 2.0021527 1.9367000
0.0000000 9.6646034 0.0000150 2.0023328 1.9349078
0.0000000 9.6674648 0.0000000 1.9992968 1.9325267
0.0000000 9.6990026 1.2640693 2.4785190 0.0000000
0.0000000 9.7220031 0.0000002 1.0081357 2.5969228
0.0000000 9.7252981 0.0000000 1.0045139 2.5937618
0.0000000 9.7333592 2.5068646 0.8079657 0.5176389
0.0000000 9.7338407 2.5052638 0.8060475 0.5215301
0.0000000 9.7340661 2.5059172 0.8078505 0.5170700
0.0000000 9.7342617 2.5048716 0.8041959 0.5230452
0.0000000 9.7410200 1.2524241 2.4171100 0.0000000
0.0000000 9.7508096 2.5389173 0.0000000 1.0394236
0.0000000 9.7596798 2.5219783 0.0000000 1.0437270
0.0000000 9.7626270 2.5182567 0.0000000 1.0419558
0.0000000 9.7633642 2.3492700 0.8979856 0.6416538
0.0000000 9.7652767 2.5133033 0.0000018 1.0429200
0.0000000 9.7665332 2.5120132 0.0000000 1.0416133
0.0000000 0.0000000 9.9366256 0.0000000 2.0580282
0.0000000 9.8694623 2.1169409 0.0000000 1.3618370
0.0000000 9.9443745 0.0000026 2.4784041 0.5321621
0.0000000 9.9486555 0.0000121 2.4719924 0.5301618
0.0000000 9.9494594 0.0000000 2.4698165 0.5319581
0.0000000 10.0026800 1.2851661 1.6659279 0.5331521
0.0000000 10.0041540 1.2917005 1.6585935 0.5304400
0.0000000 10.0058940 1.2874233 1.6562931 0.5339911
0.0000000 10.0156610 1.2653492 1.6588786 0.5242722
0.0000000 10.0195440 1.2664423 1.6433775 0.5342204
0.0000000 10.0671160 2.1800760 0.6897615 0.0000000
0.0000000 10.0753750 2.1614661 0.6949809 0.0000000
0.0000000 10.0762950 2.1559363 0.7018789 0.0000000
0.0000000 10.0764420 2.1573438 0.6987860 0.0000001
0.0000000 10.1266240 1.3101992 0.0000000 1.6218000
0.0000000 10.1302580 2.1795304 0.0000004 0.4502677
0.0000000 10.1316040 1.3076573 0.0000000 1.6124752
0.0000000 10.1319910 2.1736551 0.0000000 0.4557117
0.0000000 10.1330110 2.1737798 0.0000000 0.4512377
0.0000000 10.1341280 2.1725256 0.0000003 0.4493076
0.0000000 10.1359300 1.2970181 0.0000000 1.6117640
0.0000000 10.1366340 1.3076148 0.8419635 1.0822879
0.0000000 10.1376070 1.3068667 0.8433897 1.0790140
0.0000000 10.1408680 1.2956110 0.8417117 1.0833360
0.0000000 10.1479520 0.6964166 0.7919481 1.6123912
0.0000000 10.1691970 0.0000000 1.7125228 1.0846607
0.0000000 10.1764750 0.0000093 1.6928593 1.0886217
0.0000000 10.1767770 0.0000124 1.6905104 1.0907364
0.0000000 10.1802430 0.0000121 1.6859433 1.0864341
0.0000000 10.2200780 0.0000000 0.0000001 2.1838785
0.0000000 10.2469290 0.0000000 2.1311130 0.0000015
0.0000000 10.2481890 0.0000000 2.1286106 0.0000000
0.0000000 10.2503260 0.0000014 2.1243590 0.0000000
0.0000000 10.2506320 0.0000094 2.1237473 0.0000000
0.0000000 10.2697700 0.0000000 0.8580031 1.6463541
0.0000000 10.2701440 0.0000152 0.8500217 1.6511012
0.0000000 10.2706700 0.0000001 0.8573917 1.6446709
0.0000000 10.2720770 0.0000118 0.8510192 1.6458580
0.0000000 10.2734490 1.1361917 1.4170701 0.0000000
0.0000000 10.2757960 1.1061682 1.4373060 0.0000000
0.0000000 10.2822430 1.1019207 1.4244856 0.0000000
0.0000000 10.2836100 1.1029912 1.4200434 0.0000000
0.0000000 10.3426520 1.9333678 0.0000000 0.0000000
0.0000000 10.3516500 1.3942686 0.0000000 0.9241833
0.0000000 10.3547300 1.9072483 0.0000001 0.0000011
0.0000000 10.3561120 1.9042424 0.0000000 0.0000000
0.0000000 10.4118650 1.1364135 0.7241759 0.4532953
0.0000000 10.4145100 1.1251746 0.7201414 0.4628226
0.0000000 10.4182320 1.1125616 0.7200456 0.4649784
0.0000000 10.4441740 1.1310510 0.0000000 0.9284325
0.0000000 10.4448100 0.0000000 1.4730818 0.4681732
0.0000000 10.4451620 1.1270727 0.0000000 0.9295512
0.0000000 10.4474960 1.1207148 0.0000000 0.9288330
0.0000000 10.4490090 1.1186884 0.0000082 0.9260623
0.0000000 10.4539770 1.1136416 0.0000000 0.9151731
0.0000000 10.4551920 0.0000000 1.4474410 0.4658769
0.0000000 10.4558590 0.0000000 1.4459180 0.4655125
0.0000000 10.4562540 0.0000000 1.4451214 0.4651211
0.0000000 10.4574520 0.0000061 1.4425123 0.4642407
0.0000000 10.5585910 0.0015299 0.7759416 0.9067652
0.0000000 10.5597490 0.0000000 0.7365878 0.9397248
0.0000000 10.5606070 0.0000030 0.0000089 1.4107311
0.0000000 10.5608790 0.0000000 0.7348120 0.9375573
0.0000000 10.5609560 0.0000000 0.0000067 1.4097919
0.0000000 10.5616480 0.0000000 0.7296594 0.9396165
0.0000000 10.5617660 0.0000000 0.0000000 1.4076094
0.0000000 10.5625200 0.0000014 0.7282746 0.9379493
0.0000000 10.5633030 0.0000009 0.7258830 0.9374796
0.0000000 10.5700140 1.0020962 0.6252273 0.0000000
0.0000000 10.5730150 0.9882140 0.6302403 0.0000002
0.0000000 10.5774440 0.9768308 0.6264974 0.0000000
0.0000000 10.5790520 0.9710485 0.6270947 0.0000000
0.0000000 10.6157350 0.0000000 1.2567251 0.0000022
0.0000000 10.6158090 0.0000121 1.2565053 0.0000000
0.0000000 10.6264620 0.9876653 0.0000000 0.4048025
0.0000000 10.6287900 0.9795947 0.0000001 0.4053668
0.0000000 10.6296660 0.9769063 0.0000000 0.4050932
0.0000000 10.6961640 0.3861265 0.5544970 0.2879615
0.0000000 10.7224400 0.0000000 0.6383578 0.4081638
0.0000000 10.7229590 0.0000012 0.6355335 0.4090217
0.0000000 10.7231570 0.0000000 0.6346258 0.4091496
0.0000000 10.7233920 0.0000040 0.6337930 0.4090258
0.0000000 10.7234100 0.0000000 0.6342676 0.4083956
0.0000000 10.7384990 0.8649626 0.0000048 0.0000002
0.0000000 10.7385750 0.8646903 0.0000043 0.0000031
0.0000000 10.7387140 0.8641999 0.0000045 0.0000001
0.0000000 10.7388470 0.8637298 0.0000000 0.0000000
0.0000000 10.7507170 0.0000000 0.0000043 0.8211500
0.0000000 10.7508840 0.0000000 0.0000044 0.8205442
0.0000000 10.7509960 0.0000103 0.0000001 0.8201338
0.0000000 10.7510830 0.0000001 0.0000000 0.8198249
0.0000000 10.8168670 0.0000000 0.5624731 0.0000000
0.0000000 10.8172290 0.0000045 0.5609351 0.0000004
0.0000000 10.8173530 0.0000012 0.5604144 0.0000005
0.0000000 10.8173980 0.0000000 0.5602218 0.0000036
0.0000000 10.8611110 0.0000125 0.0000000 0.3625617
0.0000000 10.8611300 0.0000000 0.0000000 0.3624806
0.0000000 10.8612260 0.0000000 0.0000000 0.3620160
0.0000000 10.8612490 0.0000000 0.0000070 0.3618983
0.0000000 10.8612900 0.0000060 0.0000009 0.3617010
0.0000000 10.9265150 0.0000066 0.0000002 0.0000029
0.0000000 10.9265160 0.0000000 0.0000043 0.0000031
0.0000000 10.9265160 0.0000046 0.0000000 0.0000031
0.0000000 8.6106676 0.0000000 1.1949439 3.8376428
0.0000000 0.0077331 0.0063570 7.9489516 0.0000000
0.0000000 8.3385300 0.0000000 0.0000000 4.4463165
0.0000000 9.5826658 0.0000011 0.0000000 3.1967820
0.0000000 10.2211770 0.0000000 0.0000000 2.1817404
0.0000000 9.9501118 0.0010299 2.4690029 0.5305807
0.0000000 7.6360311 1.6350366 4.2115789 0.6787673
0.0000000 9.6861541 2.1131472 1.0841302 1.0820703
0.0000000 9.4068445 0.0000000 2.9270251 1.2533647
0.0000000 7.5555804 3.2347298 3.1147500 0.6706713
0.0000000 6.6315434 4.2707135 2.7465507 0.0000000
0.0000000 9.6589274 0.0000000 2.0079193 1.9400665
0.0000000 8.3849638 1.7941874 0.0000000 3.7306366
0.0000000 9.1874049 3.5377930 0.0000001 0.4907161
0.0000000 7.5237051 0.0000000 0.0000001 4.9718049
0.0000000 2.3250830 3.0169505 2.8926182 1.8648211
0.0000000 10.2177970 0.0000015 0.0000000 2.1883108
0.0000000 10.3557190 1.9050976 0.0000001 0.0000000
0.0000000 10.4199630 1.1081334 0.7210323 0.4627042
0.0000000 4.2852131 5.6239140 0.0000000 0.0000000
0.0000001 10.3544790 1.9077950 0.0000002 0.0000000
0.0000001 9.5303840 1.5596316 0.0000000 2.5424357
0.0000001 9.5279587 1.5331498 1.9664218 1.2115791
0.0000001 5.9374943 5.1094188 1.6438437 0.0000000
0.0000001 5.9092619 3.8766248 2.9372519 1.5415149
0.0000001 6.5603653 4.3037651 2.7422600 0.0000000
0.0000001 9.1845344 3.5413126 0.0000000 0.4898436
0.0000001 3.6455221 4.7833867 2.2987176 0.0000000
0.0000001 9.7232731 0.0000000 1.0083180 2.5948179
0.0000002 8.3775634 1.7968966 0.0000000 3.7356077
0.0000002 7.6269349 1.6386392 4.2164474 0.6761785
0.0000002 10.2687450 0.0000012 0.8513319 1.6534661
0.0000002 6.5143343 0.0000000 5.3998670 0.0000000
0.0000002 10.1794990 0.0000000 1.6879452 1.0860607
0.0000002 10.2206330 0.0000118 0.0000069 2.1827927
0.0000003 6.6525983 5.3541271 0.0000000 0.0000000
0.0000003 8.3348648 0.0000000 0.0000000 4.4491049
0.0000003 8.3704516 0.0000000 3.4698928 2.2371853
0.0000003 8.3347952 0.0000009 0.0000000 4.4491576
0.0000004 8.1977892 3.9582908 1.7058906 0.0000001
0.0000004 7.1034255 4.5708241 0.0000000 1.8958567
0.0000004 7.2830276 0.0000000 0.3780302 5.0144287
0.0000004 10.5608630 0.0000000 0.0000003 1.4100457
0.0000004 0.0000006 5.6951113 1.8261382 1.7693908
0.0000004 8.1980668 3.9606260 1.7011866 0.0000000
0.0000005 8.6187709 0.0000000 1.1869387 3.8338181
0.0000005 9.1505251 2.9305376 0.9458960 1.2214386
0.0000006 9.5908169 0.0000000 3.1860244 0.0000000
0.0000006 9.5642938 0.0000000 3.2208662 0.0000000
0.0000006 6.4083600 0.0000000 5.4315562 0.0055323
0.0000007 2.8866039 4.6566305 3.3356659 0.0189107
0.0000008 9.7219775 2.5190791 0.8178327 0.5201126
0.0000008 4.0927300 0.0000000 5.9744315 0.4508598
0.0000008 4.1519918 0.0000000 6.0187404 0.0000001
0.0000009 10.2208400 0.0000000 0.0000000 2.1823952
0.0000010 3.8591775 6.2255731 0.8009814 0.5143229
0.0000012 10.6313100 0.9802996 0.0000000 0.3928235
0.0000014 2.9759115 0.0000000 4.9843377 3.2155886
0.0000014 9.7393959 1.2534987 2.4191009 0.0000036
0.0000014 6.5135724 0.0000000 5.4001078 0.0000003
0.0000016 10.9265150 0.0000026 0.0000033 0.0000038
0.0000017 2.6293796 0.0000000 0.0000000 8.6762272
0.0000017 8.4359016 0.0000000 4.3706671 0.0000002
0.0000018 8.9870173 0.0000015 3.7186453 0.5986631
0.0000022 10.2505870 0.0000056 2.1238368 0.0000000
0.0000023 3.9493559 5.1821659 0.0000000 1.5942930
0.0000025 9.5708964 2.4643844 1.5866724 0.0000000
0.0000030 2.8976896 4.8025637 0.0000000 3.3231445
0.0000034 10.6287600 0.9798844 0.0000000 0.4050957
0.0000035 8.3330160 0.0000009 0.0000000 4.4505083
0.0000037 8.0597144 0.0000000 0.7923350 4.4384097
0.0000039 3.9719336 5.1841372 0.0000000 1.5996645
0.0000041 6.4760388 0.0000000 4.1274352 3.0228194
0.0000046 8.9834536 0.0000000 3.7224623 0.5983035
0.0000049 7.8785570 0.0000000 4.3476155 1.4020841
0.0000051 9.7242815 0.0000000 1.0073210 2.5937849
0.0000054 10.9265140 0.0000000 0.0000026 0.0000021
0.0000058 6.6338924 4.2700801 2.7460182 0.0000000
0.0000060 9.4091013 0.0000000 2.9230667 1.2548567
0.0000079 9.5529923 1.1415544 1.9471152 1.5588408
0.0000084 10.1270710 1.3092175 0.0000000 1.6216226
0.0000085 7.2147071 0.0000000 4.9945123 0.6477911
0.0000088 8.1971286 1.7412669 3.3906417 1.4571161
0.0000088 8.1933896 3.9565041 1.7157317 0.0000000
0.0000090 10.5609910 0.0000000 0.0000000 1.4096930
0.0000092 10.7510260 0.0000049 0.0000000 0.8200195
0.0000092 10.6153710 0.0000000 1.2577725 0.0000000
0.0000093 7.1218587 4.5913610 0.9969383 1.2713829
0.0000099 8.6120623 0.0000000 1.1928602 3.8373030
0.0000102 10.0704150 2.1694705 0.6977122 0.0000000
0.0000105 9.7382549 1.2486897 2.4241615 0.0000000
0.0000106 10.6155630 0.0000147 1.2572080 0.0000000
0.0000111 10.5789780 0.9740400 0.6237749 0.0000035
0.0000118 10.1337500 2.1719904 0.0000000 0.4520014
0.0000125 10.6132240 0.0000000 1.2639780 0.0000000
0.0000127 10.8176060 0.0000000 0.5593245 0.0000000
0.0000128 10.4179180 1.1175043 0.7163957 0.4635336
0.0000146 4.9210929 4.7459953 1.9995738 1.3224133
0.0000147 3.8804328 6.2283066 0.0000002 1.0338721
0.0000163 4.1521018 0.0000000 6.0182495 0.0000044
0.0000173 8.6333114 0.0000000 2.3912851 3.0709994
0.0000177 3.5289000 0.0000000 0.0000000 7.5342926
0.0000181 3.7358866 6.0988711 1.5552192 0.0000000
0.0000195 3.7546861 6.0565089 1.5385972 0.0000000
0.0000197 8.3697902 0.0000000 3.4700769 2.2377831
0.0000204 5.9551194 5.1037386 1.6475925 0.0000025
0.0000244 8.4128240 4.0596104 0.0000032 1.1222285
0.0000256 6.5186399 3.8230190 0.0000000 3.3573915
0.0000305 7.5022242 4.8089449 0.7797526 0.0000000
0.0000323 8.3770878 0.0000000 3.4679324 2.2311739
0.0000328 10.4458470 1.1239320 0.0000000 0.9307024
0.0000333 8.6362249 0.0000000 2.3998089 3.0607446
0.0000375 8.7399496 1.8392123 1.1617175 2.9128083
0.0000408 7.9192123 3.4136550 0.0000003 2.8151349
0.0000420 10.7416620 0.8536770 0.0000000 0.0000000
0.0000430 0.0000573 6.9203827 0.5558216 0.0000000
0.0000443 9.7206613 0.0000000 1.0317913 2.5856170
0.0000486 6.1098775 5.2688362 0.0000000 1.0959601
0.0000529 8.6502309 0.0000000 2.3711704 3.0687902
0.0000600 8.1914220 3.9673738 1.6986934 0.0000000
0.0000707 6.1008513 5.2489622 0.8364017 0.5455430
0.0000738 10.1319970 1.3236899 0.8379031 1.0815788
0.0000795 0.0001075 4.8636419 3.1282859 0.4957229
0.0000800 9.6269175 1.5573721 0.9724577 1.9268685
0.0000860 2.1186220 2.6863462 3.4238455 1.1052842
0.0000900 1.6060487 2.1082462 4.0323550 0.0000010
0.0000989 8.9761601 2.8940305 1.8649262 0.5952176
0.0001079 9.0825511 3.5587617 0.7587422 0.0000000
0.0001402 9.6395293 3.1207140 0.0000000 0.0000000
0.0002065 2.3686302 3.0315819 2.9183177 1.8610054
0.0002553 8.3674143 4.0584120 0.8689961 0.5593520
0.0002686 9.9422265 0.0000000 2.4796457 0.5371891
0.0003561 6.0448426 4.0565659 1.1904467 2.8539941
0.0004445 2.2331380 2.9624855 2.8712247 1.8536636
0.0006324 0.0008240 5.9012787 2.3066607 0.4893646
0.0007853 10.1340790 1.3086258 0.8490123 1.0815706
0.0010668 5.8872734 0.0000000 4.7863141 2.3232577
0.0018100 4.2425343 0.0000000 5.5206432 0.6065414
0.0019813 1.5873629 2.1006697 4.0377256 0.0000000
0.0021633 2.4914350 0.0000000 3.2918304 3.5045323
0.0021727 5.8978820 5.1116491 1.6579424 0.0000002
0.0022061 6.3743555 0.0000000 3.9024594 3.3360422
0.0027602 4.8998618 4.7537116 2.0114163 1.2855952
0.0029545 3.7521138 6.0385389 1.5539495 0.0000000
0.0032765 8.9804722 0.0000051 3.7256968 0.5933810
0.0034932 5.2951467 4.8211442 1.0311310 1.9908587
0.0039606 2.9344521 0.0000000 2.3327966 4.4359652
0.0040065 5.7316026 3.8097310 3.0783685 1.5344288
0.0046485 10.2732920 1.0995779 1.4409547 0.0102789
0.0049531 0.0064842 2.3842912 3.1011078 1.4893382
0.0058934 2.2603140 2.9922705 2.8673693 1.8476079
0.0077884 3.3103456 0.0000000 1.3161704 6.0754025
0.0080552 6.3396645 3.9926397 0.9675998 2.9118789
0.0086486 2.2081888 2.8965333 0.0000000 3.6217010
0.0106258 5.2505635 4.7328466 0.0066828 2.5870874
0.0109148 0.0143474 4.9022523 1.8685094 2.3223271
0.0111829 0.0144314 4.1214571 3.4860167 0.3700015
0.0138687 2.8520706 5.3282555 1.1352276 2.9106043
0.0145664 7.8743510 0.0000000 2.4180049 3.7425262
0.0156406 0.0502031 5.4908396 0.0000000 4.4070537
0.0158517 9.7799072 0.0729525 2.8937522 0.0000000
0.0161661 10.1194390 1.3173839 0.0000000 1.6189568
0.0178166 9.7307614 1.2593530 2.4177060 0.0023701
0.0180662 4.1391686 0.0000000 0.0000000 6.0398666
0.0181951 1.4654345 1.9340726 2.6146780 2.1610293
0.0191182 3.9851247 4.5112238 2.6915786 0.5553945
0.0204437 9.5608635 2.4653198 1.5898325 0.0000000
0.0227912 0.0000000 7.0380395 1.4838891 4.7547222
0.0229266 6.3594286 0.0000000 1.3295563 5.0732996
0.0230066 3.1698799 0.0000000 6.3899356 2.4378006
0.0234986 3.8518900 6.2125607 0.8033729 0.5091949
0.0242094 7.1418307 4.5743258 0.9870384 1.2727343
0.0242541 6.0903278 3.9567368 2.0178791 2.3751201
0.0255424 2.6553597 0.0000000 8.6018908 0.0696781
0.0256992 0.0394629 2.8800102 2.7984249 2.3312841
0.0271149 2.9330154 4.7207724 0.0000000 3.2624430
0.0282987 5.1886557 0.0000000 4.0531173 3.4856280
0.0283203 3.5387023 4.6744017 0.0000000 2.4150566
0.0286059 4.4214383 5.5707674 0.0000000 0.3908771
0.0297351 0.0395349 4.2304427 3.4481795 0.0000000
0.0297842 2.3988258 3.1659574 1.9542671 2.6995564
0.0307064 3.7210225 4.5236641 2.5720467 0.5672209
0.0327536 3.0802551 0.0000000 1.3255414 6.3607078
0.0351112 1.6021583 0.0000000 2.1132936 3.8989328
0.0364380 0.0784142 0.1855726 6.2865202 0.0000000
0.0364503 2.9337190 4.5239712 0.0000000 3.2520032
0.0375435 5.1959560 5.4722294 0.8550128 0.0000000
0.0377298 2.9109654 0.0000000 8.1050023 0.7550751
0.0381469 5.8948089 0.0000000 0.0000000 5.5443936
0.0422048 3.7684526 1.5651693 0.0000000 5.0690123
0.0431190 9.2800414 2.3173988 0.0000000 2.2571865
0.0435752 1.5932675 1.7434380 3.6132722 1.7935467
0.0488145 2.5898488 3.7884000 3.4051106 0.5452849
0.0507019 1.5952767 2.1249627 3.5031778 0.4433040
0.0508030 0.0685744 4.3975874 0.0000000 3.4107895
0.0544272 0.0723357 3.3799579 3.5366823 0.3800385
0.0574888 6.1319989 3.6630627 3.0561936 1.5593158
0.0582003 1.8861854 1.7572601 3.7100213 1.8069121
0.0615042 1.4995733 1.7437558 3.4918430 1.7316523
0.0620117 8.7698424 1.9205770 1.1805118 2.7717206
0.0654249 0.0868895 1.4887316 2.0670544 2.2633958
0.0672179 5.6130109 3.7875899 3.5353915 0.5694790
0.0673275 4.1000955 0.0090583 0.0000000 6.0983097
0.0696390 2.5759087 0.0000000 3.2817255 3.5320421
0.0778335 2.8272180 5.2730286 1.1008550 2.9101735
0.0827956 3.5028485 4.6258324 1.9187297 1.1827781
0.0836590 5.1311580 4.7263507 0.0000000 2.5671347
0.0844656 2.5658098 4.1207600 3.4404116 0.6477144
0.0855596 3.9732571 4.0757305 2.9061897 1.2962957
0.0936336 8.8882222 1.2266120 2.1945991 2.3304761
0.0943514 2.5115143 3.9435544 3.4769885 0.5892150
0.0957251 7.5339738 1.5752389 4.4247977 0.0000000
0.0959340 2.5536412 4.0900289 3.5858198 0.0000000
0.1008686 0.1349384 5.0308807 0.8092837 2.8007765
0.1082843 3.2905551 0.0000000 6.2019567 2.2569443
0.1110773 7.0924881 1.4829931 4.1656823 1.6486114
0.1115232 4.2353215 4.6609456 0.0000000 2.6169598
0.1135402 4.8929006 5.4925872 0.7049015 0.0000000
0.1142216 4.6907975 4.4085124 2.8674412 0.5903008
0.1161749 0.1502365 4.5011937 1.7927487 2.5927211
0.1164949 5.9664839 0.0000000 4.7755748 2.2239889
0.1225730 3.6540778 0.0000000 1.2165324 5.2413031
0.1232958 1.2504897 1.4684469 2.5521652 2.1117747
0.1259717 2.8751638 3.8475633 3.1557083 0.0012376
0.1275358 5.2679984 5.5299879 0.0311072 0.4036200
0.1294711 8.2969592 4.0017788 0.6497990 0.9467441
0.1383034 7.8335587 0.0000000 2.4058494 3.7237123
0.1386827 2.1255232 2.8090495 3.5441381 0.0000000
0.1527171 7.3996721 1.5231845 4.5018656 0.0000000
0.1623037 8.6997792 1.7989158 1.1440511 2.9068466
0.1714116 1.0692380 1.3853719 2.4011929 2.0311675
0.1730246 3.7858626 3.9760340 3.3665549 0.0000000
0.1781950 10.7634600 0.0000000 0.5028990 0.0518250
0.1794096 0.2383176 0.3955085 0.6586600 2.3919202
0.1872602 0.2483859 0.4126592 0.6824743 2.3611995
0.1991181 0.2640047 0.9866781 1.2178451 2.2316163
0.2174992 1.4669123 1.7221320 4.2683608 1.0938908
0.2255166 7.1762069 4.3553952 1.8788307 0.4339085
0.2386499 6.3811020 0.0000000 0.0000000 5.6619657
0.2423531 10.3713090 0.0127456 1.6655109 0.0068410
0.2431936 0.7605425 0.9165352 1.5834358 2.2131182
0.2443194 5.7677538 0.0000000 4.3170924 2.9222649
0.2540085 2.9105731 4.7421405 3.0884552 0.0000000
0.2636178 0.3484546 1.1017164 4.9456709 0.0000000
0.2653161 8.6882117 1.5137191 2.3765205 2.1051768
0.2662482 8.7187364 1.5190373 2.3261855 2.1090970
0.2705497 4.3423042 3.8841074 3.2184019 1.0383665
0.2711212 0.6635607 0.8996909 1.4006958 2.0987428
0.2717651 0.0000000 4.0307003 1.2075703 5.1619732
0.2948204 1.1059263 1.4706475 4.1890575 1.0923725
0.3434422 0.4753318 0.7574703 1.6491319 1.8133813
0.3448897 9.6542040 0.0000000 0.5687201 2.7010704
0.3530302 1.9948642 2.6776992 3.1782365 0.8769443
0.3547674 0.4721615 0.7791820 0.6748030 2.8662003
0.3693760 0.4894283 0.8238138 1.3794152 1.5948630
0.3716055 0.4934024 0.8189594 0.6689880 2.8635644
0.3738409 0.4683339 0.7851986 1.5863914 1.7700979
0.3775510 0.4995815 0.8302472 0.6630124 2.8837760
0.3907059 0.5158843 1.1401601 0.0000000 4.2910261
0.3932224 0.5214182 0.8729852 1.5010498 1.5782369
0.4327430 0.5744781 6.7397376 0.0000018 0.0000020
0.4436075 0.5880017 0.9816910 1.6254286 1.4739858
0.4501001 0.6040077 1.0463896 2.3955008 1.5104370
0.4543295 4.8976322 0.0000000 5.1936186 1.2576875
0.4570858 0.5341709 0.9317270 2.7349058 1.6716342
0.4778926 0.6447154 1.1442501 2.3190603 1.4373297
0.4827110 2.2633269 3.8399438 3.3122947 0.5359206
0.4855703 0.6458189 1.0876052 3.6589843 0.0000000
0.4948734 9.1464714 3.3342951 0.0002979 0.4340116
0.4968863 0.6608694 1.0911931 3.4927674 0.3933340
0.5125955 0.6955280 1.1277796 3.5078066 0.3810171
0.5187012 0.7479921 1.2101897 3.1870584 0.8130695
0.5199217 0.6963124 1.1102313 3.5162732 0.4409008
0.5314649 0.6887213 1.1125186 3.7036370 0.0002563
0.5332945 0.7105020 1.1751759 0.6935758 2.3553552
0.5366345 0.7106968 1.1780963 3.0379246 0.7991613
0.5395464 2.4642412 4.0713448 2.8368269 1.1729933
0.5433428 0.7253376 1.1844072 0.6919946 2.3711931
0.5458967 0.7271568 1.2038977 0.6746136 2.3192478
0.5539481 0.7407228 1.2151022 0.6128249 2.5339937
0.5646603 0.7491653 1.2464821 2.1020349 1.0678313
0.5721993 0.7601806 1.2066577 0.6808353 2.3908578
0.5727304 0.7591540 1.2780764 2.9033262 0.6991641
0.5975086 1.6905852 1.8710493 3.5352422 0.0313809
0.6250363 4.7330831 0.0000000 1.1609912 5.0980713
0.6311487 0.8205172 1.1029166 2.0312449 1.4941943
0.6433343 0.8843955 1.1875249 3.7482606 0.3645479
0.6588759 0.9258568 1.1726109 4.0296240 0.0000000
0.6636721 0.8712097 1.4487687 0.0000000 2.7967786
0.6675332 0.8705322 1.6044055 1.4420806 2.0116907
0.6723118 0.8851546 1.8282547 0.4621575 2.6196291
0.6727224 0.8638961 0.0000000 1.6130647 2.8314204
0.6736740 2.1658482 3.7635695 3.2287641 0.0003149
0.6775446 0.8996894 1.4933053 2.4868757 0.0000000
0.6776463 0.8809659 1.1841700 2.1808897 1.3559423
0.6796622 0.9021354 1.4963531 2.4855999 0.0000000
0.6825208 0.9059584 1.5032218 2.4862227 0.0000000
0.6872942 0.9019243 1.5051287 2.4967783 0.0000000
0.6942892 0.9211510 1.4990866 2.5083135 0.0000000
0.7695121 0.7120910 1.3701982 0.8005437 2.7431484
0.7747800 2.8742715 1.4775959 4.4925793 0.0000000
0.7794043 3.6493092 5.0433854 0.5085202 0.6545228
0.8343443 1.1082633 1.4387691 0.0000000 3.1110261
0.8664530 0.0000000 1.1396759 1.7432331 2.6119861
0.8849766 1.1666543 0.8222905 4.0901520 1.5051281
0.9194762 1.2183287 2.0198166 2.4004152 0.3868330
0.9218722 1.2271640 2.0240203 2.4013413 0.3982674
0.9295517 1.1992703 2.0186797 2.4292829 0.4111826
0.9355920 10.0998750 1.5252083 0.1374909 0.0239836
0.9499002 1.2725394 2.1914340 0.7224556 2.2905723
0.9534120 1.3471823 2.1954717 0.7377351 2.2977793
0.9543409 1.2175154 2.0447182 2.4453097 0.3980225
0.9650252 1.2311461 2.0676098 2.4398387 0.3999408
1.0350799 1.3325099 2.2385653 0.6995790 2.2518811
1.0414219 1.4314872 2.3031367 0.6338666 2.2843099
1.0554480 1.3977922 2.3276327 2.0946566 0.8980782
1.0590001 1.3622725 2.1678084 0.6342529 2.3699649
1.0729130 1.4074866 2.3528546 2.1131865 0.8718457
1.0757298 1.4225315 2.3676508 2.0821362 0.8857377
1.0825937 1.4880800 2.3941895 1.1792999 1.9618151
1.0844124 1.4181850 6.0315749 0.0000037 0.0000000
1.0888253 1.4586513 2.4313350 0.0095835 2.3529029
1.0899519 1.4020881 2.2838318 0.0000000 2.4791255
1.1109645 1.4426067 1.2701428 2.9647896 0.8353928
1.1135407 1.5857173 5.9581284 0.0000000 0.4282307
1.1142275 1.4815187 0.0000000 1.8620135 2.8081626
1.1168427 2.0648318 3.1536376 2.4297389 0.0143354
1.1190508 1.4870932 2.6450632 2.3614060 0.0000084
1.1255943 6.3261650 3.9309111 2.4323856 0.3416391
1.1278986 1.5408941 4.3512384 2.1716477 0.0000000
1.1477630 1.3437445 5.9836046 0.0000000 1.2088013
1.1658618 1.5447845 2.4534801 2.1164263 0.8359591
1.1848482 1.5647623 2.5998132 1.5126786 1.4621826
1.1856564 1.5678971 2.6095962 2.2347281 0.0000000
1.1886351 1.4952059 6.0389956 0.0000000 0.0403476
1.1896332 1.5808074 2.5740104 0.6196375 2.0924873
1.1939076 1.5855501 2.5692783 1.5297718 1.4961006
1.1983653 1.5534032 2.6229417 2.2786583 0.0000000
1.2157498 1.4233401 6.3380382 0.0000000 0.0133892
1.2341771 1.6312302 1.0824519 3.9919754 0.2092218
1.2362738 1.5545876 2.6484418 2.3108432 0.0000000
1.2688296 1.7882127 5.5488796 0.5936498 0.0000000
1.2803515 2.3454670 3.3912931 2.2279660 0.0000000
1.2813028 0.0387148 1.7066560 2.8135644 2.0723891
1.2833918 0.0000000 1.5873367 2.6996790 2.3029623
1.2881781 1.7027360 5.3835772 0.6525776 0.0000000
1.2883651 1.7636655 4.0914282 1.9369117 0.0000000
1.2911613 1.7157348 1.0305558 3.2096980 0.8799349
1.2937972 1.5398776 2.7767429 2.4141289 0.0000000
1.2979775 1.7138924 4.9599440 1.2679015 0.0000000
1.3007885 1.6213013 5.7953594 0.0000001 0.3773537
1.3027329 1.7705677 2.1065634 1.8141288 1.9697432
1.3028747 6.6493108 4.2288646 1.6237925 0.0000000
1.3065391 1.6851077 5.3707539 0.0000000 0.8717834
1.3129485 1.7442182 2.9618547 1.9078138 0.4141024
1.3133579 1.7442826 4.8927419 1.2516640 0.0000000
1.3142996 1.7951459 2.5773547 2.1830175 0.8613994
1.3163593 1.6984520 5.4757154 0.6226038 0.0000000
1.3196849 1.7549266 2.6165889 1.5835550 1.5273575
1.3255983 1.5028567 6.3211044 0.0000000 0.0000000
1.3271507 1.7795477 4.5960731 1.3535184 0.4127327
1.3318912 1.5831267 5.3838174 1.4516650 0.0000000
1.3378574 0.0000000 1.7779158 4.8156245 1.2566670
1.3426731 1.7750595 0.0000000 2.7391094 2.2340303
1.3428939 1.7791189 4.4610505 1.4072860 0.4274858
1.3466247 3.3171684 4.5270141 0.0000000 0.9528958
1.3470178 1.7788481 1.1195406 3.1331801 0.9741822
1.3505200 1.7946125 1.0779337 3.3906016 0.4211896
1.3530506 5.8090820 4.8458728 0.0000001 0.5017915
1.3552563 1.6673257 5.6591061 0.6299043 0.0021887
1.3567141 1.7509542 5.2142220 0.6712739 0.4366209
1.3598225 1.8663774 3.0595391 1.8284204 0.3690181
1.3623792 1.8080830 5.0858604 0.0000000 0.8152424
1.3666675 1.7435476 2.9971589 1.9333535 0.4716646
1.3682185 1.7945694 2.6003740 0.8679583 2.1232079
1.3722159 0.0336874 1.5873729 2.8737635 2.3685721
1.3737064 6.9476009 4.2737184 0.0000000 1.1024020
1.3751412 1.8074424 5.1020196 0.5686703 0.4346320
1.3761453 10.3323840 0.0000025 0.0000032 0.0000003
1.3766759 10.3320850 0.0000000 0.0000000 0.0000000
1.3768463 0.0000000 4.7049521 4.9987543 0.0000021
1.3781714 10.3312410 0.0000000 0.0000000 0.0000005
1.3783824 1.8186084 5.0649031 0.0000000 0.8419022
1.3787958 10.3308880 0.0000000 0.0000000 0.0000047
1.3789401 10.3308070 0.0000000 0.0000000 0.0000003
1.3791303 0.0000000 1.8137348 1.9571047 2.9537320
1.3846250 6.4950340 4.1483887 1.7958408 0.0000000
1.3870177 1.8391251 1.0361199 3.3800145 0.4219641
1.3881943 1.8003116 5.3899693 0.3623154 0.0000016
1.3888387 1.7905185 0.0000000 2.8906951 2.1238047
1.3895887 1.8457971 2.3962498 0.0000000 2.6097894
1.3920677 6.3307353 4.1629487 1.8733851 0.0000000
1.3929917 1.8487103 5.2001390 0.0000000 0.4407117
1.3966841 1.8848852 0.9732395 3.7160102 0.3447363
1.4046127 1.8183961 1.0199182 3.9465839 0.0000000
1.4081077 1.8342469 1.0080030 3.9165121 0.0000000
1.4107055 1.7798416 4.9484778 1.2758580 0.0000000
1.4141115 1.7908350 4.1886006 1.8026581 0.0000000
1.4174066 1.8644353 3.9067757 1.6963119 0.0112285
1.4185979 1.8696191 3.2032022 0.0000000 1.8054256
1.4211924 1.8858985 3.2132109 1.3850414 0.8689710
1.4213471 1.8611242 1.0453686 3.1953247 1.0275753
1.4257810 1.8829488 3.1284549 0.0000000 1.7843642
1.4276560 1.8911336 3.1535805 0.0000001 1.7530926
1.4284594 1.8916440 1.2834917 0.0000000 3.3478452
1.4381832 1.8273671 5.1503412 0.6015896 0.4158093
1.4389753 5.3868078 4.8160755 0.6681247 0.0000000
1.4425624 0.0000000 1.9120088 4.9989903 0.5893034
1.4426304 1.8300904 5.1637263 0.0000067 0.8292825
1.4433636 1.8741951 3.2081770 1.4095062 0.9168788
1.4450462 1.9154832 4.0928109 1.3200135 0.4421535
1.4453587 2.7104980 5.2820300 0.0000077 0.0000000
1.4475907 2.7092439 5.2742219 0.0000000 0.0000000
1.4485620 1.9000943 4.4712406 0.6878542 0.9354130
1.4486225 2.7223915 5.2597798 0.0007955 0.0000000
1.4486517 2.7224464 5.2598859 0.0000000 0.0000000
1.4497500 1.7726819 3.0339245 1.9298474 0.4799285
1.4514109 2.7203915 5.2505668 0.0000025 0.0000000
1.4531200 2.7150229 5.2479699 0.0000000 0.0000000
1.4545706 1.9347383 3.2126407 0.7034428 1.3793368
1.4585929 1.8729673 1.0076924 3.8524761 0.0000000
1.4595976 1.9399648 0.0000000 4.9637216 0.5387824
1.4604041 1.4313090 6.7732283 0.0000000 0.0000000
1.4657408 1.8280704 1.0880547 3.4490313 0.4443392
1.4659948 1.7967871 1.0715947 4.0403366 0.0000000
1.4667197 1.9224191 0.0000000 1.7308399 3.1485929
1.4679898 1.9578580 4.2842327 0.7335549 0.8829951
1.4683461 1.9907312 3.1894415 0.0000000 1.7828850
1.4769999 1.9145062 4.3345297 1.2517226 0.3775072
1.4772666 1.9581277 0.3428794 2.8155408 2.1222413
1.4783975 1.9425942 3.2452930 0.7284393 1.3461194
1.4821425 9.6584614 0.8866039 0.0000000 1.3708326
1.4832124 3.4642148 4.6886510 0.0000000 0.0000000
1.4861481 1.9570865 4.2128581 0.0000001 1.3310934
1.4869024 2.8331066 4.5782715 0.5826608 0.0000005
1.4883184 1.8423393 1.0794800 3.4588747 0.4410662
1.4895088 1.9592406 4.2873023 0.0000008 1.2785330
1.4900688 1.8289488 1.3942805 0.0000000 3.4039411
1.4931916 1.9412307 3.3224531 0.7139051 1.3714614
1.4956475 1.7893985 5.3482708 0.6754328 0.4341943
1.4970256 5.6454416 4.7307418 0.7194344 0.0000000
1.4990157 2.8135731 4.5404285 0.5828242 0.0000000
1.4991225 2.8076747 4.5539118 0.5809448 0.0000013
1.4998256 2.8188241 4.5206626 0.5856308 0.0000000
1.5004692 2.7186914 4.0445169 1.1812822 0.0000000
1.5010089 2.8140221 4.5255140 0.5835424 0.0000000
1.5010730 2.7446718 4.1446123 0.7177868 0.4043498
1.5017945 1.9744897 4.2403609 0.6648327 0.9198420
1.5052410 1.9348529 0.0000000 2.2409718 2.8461464
1.5070109 2.7656629 4.1888721 0.0000000 0.8378019
1.5071575 1.7612651 5.4412413 0.6961468 0.4694328
1.5087725 5.4046035 4.8106998 0.0000000 0.4980624
1.5098626 1.6655504 6.0286554 0.0000000 0.4213805
1.5105512 10.0238640 0.9422153 0.0000000 0.0000000
1.5108867 2.9090135 0.0000000 4.7512535 0.0000031
1.5151856 2.8382536 4.5981337 0.0000002 0.3802125
1.5173698 2.8426307 4.5762682 0.0000000 0.3796590
1.5176144 2.8427728 4.5749976 0.0000033 0.3790496
1.5176719 2.8363989 4.5867307 0.0000000 0.3797643
1.5210425 2.0292510 3.3475672 1.0754350 0.8297943
1.5224113 2.8370140 4.5603940 0.0000000 0.3745074
1.5231604 2.0208006 0.0000000 3.2985576 1.5677634
1.5259210 10.0216860 0.9197824 0.0000000 0.0000001
1.5263161 10.0209260 0.9213743 0.0000003 0.0000036
1.5271183 10.0190320 0.9256895 0.0000000 0.0000002
1.5346908 1.9946519 3.2384445 1.3156072 0.8946055
1.5348738 10.1106150 0.0000000 0.5994166 0.0000001
1.5362189 10.0151930 0.9201456 0.0000000 0.0000000
1.5371713 2.0459052 0.0000000 4.7130080 0.5231988
1.5383451 10.1078270 0.0000000 0.6019153 0.0000000
1.5389949 10.1086370 0.0000029 0.5973866 0.0000000
1.5390385 10.1084370 0.0000000 0.5980398 0.0000000
1.5413821 10.1037800 0.0000000 0.6100842 0.0000000
1.5427071 2.8939821 4.0178629 1.4195559 0.0000010
1.5463241 10.1564560 0.0000076 0.0000000 0.3868049
1.5468970 10.1557020 0.0000000 0.0000000 0.3885678
1.5478730 10.1553250 0.0000000 0.0000000 0.3876275
1.5483211 10.1550510 0.0000000 0.0000000 0.3876315
1.5506465 10.1541830 0.0000003 0.0000000 0.3852494
1.5521450 4.3916242 4.8604149 0.0000000 0.0135567
1.5521474 6.7207522 4.1872647 0.0000000 1.2688010
1.5553521 2.8739569 4.0397034 1.3186364 0.0000000
1.5561589 2.0584548 0.0000000 4.1616177 1.0663628
1.5617253 5.8095783 4.7286349 0.0000000 0.4354901
1.5675439 2.1353806 0.8550762 2.9088184 1.8846904
1.5745215 8.8885974 0.0000000 2.8116698 0.3999105
1.5752497 2.9276583 0.0081297 4.3886726 0.0000000
1.5789190 2.0960300 0.0000000 3.3326181 1.5440843
1.5840606 1.9631471 4.4559080 0.6846825 0.9235821
1.5857452 2.1043944 0.0000000 3.9713594 1.0328768
1.5859505 3.2086645 4.4729470 0.0065642 0.3055067
1.5886457 2.9625802 4.2167211 0.6467210 0.4146603
1.5904764 2.9659942 4.2215804 0.0000000 0.8711941
1.5920702 2.1151444 3.5169390 0.6498099 0.8206482
1.5968122 2.1069281 2.4249920 0.0000000 2.7012914
1.5992833 2.7824853 4.1331262 0.5453015 0.4193836
1.6025428 2.1142736 0.0000000 4.5284854 0.4864456
1.6029699 8.0779218 0.0000000 3.7101210 0.0000000
1.6056928 7.0295486 4.3623717 0.0658718 0.0000000
1.6100096 2.1479437 3.5433694 1.1383382 0.0000000
1.6100129 2.1322353 3.5506425 0.0000000 1.1122579
1.6130447 1.8969466 3.0478342 1.5188266 1.4104953
1.6189620 10.0369380 0.0000000 0.6773421 0.0000000
1.6210291 2.0399115 0.0000000 0.8800952 3.6502955
1.6212450 1.9685478 4.3755089 0.0000000 1.3762757
1.6213168 2.1475511 0.0000000 3.8166197 0.9713835
1.6220147 7.0128068 4.3700139 0.0000000 0.0000000
1.6261888 3.0878553 4.1210607 1.2612043 0.0000000
1.6282546 0.0118287 2.1649359 3.5827567 1.0244669
1.6321465 1.5657709 6.5031377 0.0000000 0.4239415
1.6326594 2.1345153 0.0000000 0.9069421 3.6015359
1.6382363 1.9529288 0.0000000 5.4222172 0.0000000
1.6393560 2.4108406 0.0016843 2.9664367 2.4144724
1.6505007 3.0437893 4.2275229 0.0003180 0.8325401
1.6609514 0.0000000 1.8802014 1.1218043 3.8566404
1.6631814 7.7145314 1.4007549 3.2425911 0.6585247
1.6659558 9.4025362 0.0000000 0.4509248 1.9150288
1.6674547 3.0696430 0.0000000 4.3949246 0.0000000
1.6733919 2.3532950 3.8049220 0.5098354 0.3496552
1.6769992 9.4379727 2.0245822 0.0000000 0.0000000
1.6781713 9.4366401 2.0254495 0.0000000 0.0000000
1.6792299 6.2703687 4.3844426 0.9580438 0.0000000
1.6799290 9.4360035 2.0243426 0.0000002 0.0000000
1.6809327 9.4255404 2.0414876 0.0000000 0.0000018
1.6811970 0.0003228 2.2544833 4.3426059 0.0032889
1.6851116 9.4433698 2.0033733 0.0001039 0.0037933
1.6888711 0.0000000 4.2504311 4.3593311 1.4606079
1.6935302 6.6658216 4.4444314 0.1376634 0.0151298
1.6936960 2.0912459 0.0000000 4.9992609 0.0000000
1.7026455 2.0841973 0.0000000 3.3830741 1.7231762
1.7050162 0.0000000 2.2501800 4.2815822 0.0000000
1.7074368 9.7063721 1.0432197 0.6691248 0.0000000
1.7123919 0.0000000 2.2622657 3.8211454 0.4813993
1.7129018 0.0000000 2.2501065 4.2958410 0.0000000
1.7142479 9.6903110 1.0712401 0.6730298 0.0000000
1.7144061 2.3018855 3.8103576 0.0000000 0.3841563
1.7182536 2.2937894 2.7935685 1.6305599 1.5105732
1.7183316 0.0000000 2.2739104 3.7740832 0.4812256
1.7204031 0.0057057 2.2565268 4.2638701 0.0000000
1.7237068 9.6965416 1.0391297 0.6695791 0.0000000
1.7243326 9.7547448 1.0559923 0.0000000 0.4340935
1.7250504 6.4377506 4.2879625 0.0000000 0.9755790
1.7253086 9.6951293 1.0376533 0.6724121 0.0000000
1.7277190 9.7279486 0.0000000 1.3591985 0.0000002
1.7291881 1.8553838 3.6029865 1.5899141 0.9962625
1.7301458 9.7303759 0.0000000 1.3493594 0.0000000
1.7303154 9.7326451 0.0000094 1.3436051 0.0000000
1.7310975 9.7305196 0.0000000 1.3474359 0.0000000
1.7329927 0.0003327 2.2571001 4.2891511 0.0000000
1.7333668 9.7306074 0.0000006 1.3434559 0.0000000
1.7341231 2.1933954 2.7392221 0.8761297 2.2314645
1.7346183 9.7579880 1.0312453 0.0000000 0.4286087
1.7350449 9.6892874 1.0453277 0.6600536 0.0000001
1.7353540 9.7479782 1.0541681 0.0000062 0.4336436
1.7372162 9.7499082 1.0458566 0.0000066 0.4328193
1.7376410 2.0293450 0.0000000 3.5360208 1.5750387
1.7392512 9.7613293 1.2577683 0.0000067 0.0000000
1.7422596 9.7450567 1.0481075 0.0000070 0.4351054
1.7484545 9.8357569 0.0087712 1.0386669 0.0000000
1.7493200 0.0000000 2.3227507 3.7780255 0.4735738
1.7498372 2.4383889 0.0000000 0.0000000 3.9465321
1.7502372 9.8575978 0.0000128 0.6837203 0.4378122
1.7514504 9.8574237 0.0000000 0.6812898 0.4380718
1.7520962 9.8563091 0.0000000 0.6832390 0.4385138
1.7528234 2.3083226 2.7026311 0.8468181 2.2118295
1.7529117 9.8884228 0.0000000 0.0000000 0.8789102
1.7531405 9.8879637 0.0000000 0.0000000 0.8798518
1.7531864 9.8877923 0.0000007 0.0000025 0.8802839
1.7537307 9.8564728 0.0000000 0.6789883 0.4383868
1.7540590 9.8554570 0.0000000 0.6812592 0.4389201
1.7559238 9.8861411 0.0000092 0.0000000 0.8796817
1.7567637 9.8861542 0.0000000 0.0000003 0.8778967
1.7572097 1.7968142 5.3395253 1.3947805 0.0000000
1.7737105 0.0002044 2.3005479 3.8145399 0.4797765
1.7781866 0.0000000 2.3447393 3.7922512 0.4791602
1.7825777 6.7145649 4.3862999 0.0000000 0.0000000
1.7870266 8.4000501 3.2649907 0.0000000 0.0000000
1.7882634 2.3529350 0.0065284 0.0000000 3.8766780
1.7896856 8.3982327 3.2643073 0.0000000 0.0000001
1.7897117 8.4157435 3.2470441 0.0000107 0.0000000
1.7924262 8.3893106 3.2704932 0.0000003 0.0000016
1.7946958 8.4113661 3.2467282 0.0000000 0.0000000
1.7956158 1.9237719 3.3687634 1.9449495 0.4213940
1.7989652 2.3271428 0.0000000 0.0000000 3.9039601
1.8097316 3.3870102 4.4243936 0.0362085 0.0000000
1.8153032 6.5930514 0.0000000 4.4101115 0.0000001
1.8168338 3.3051655 4.2365067 0.5939001 0.3107314
1.8219609 6.8328720 0.0000029 4.3066386 0.0000000
1.8250540 1.9383672 3.6898598 0.7617290 1.5202854
1.8285218 1.8528111 5.0032538 0.0000000 1.5620451
1.8378384 1.8575729 4.7572398 1.5561735 0.4555574
1.8415513 0.0000012 0.0000000 2.3055350 4.1474743
1.8473428 2.4388910 0.0000000 0.0453140 3.8742276
1.8531855 0.0000000 10.0371170 0.0000000 0.0000029
1.8625216 1.7309166 4.5778783 2.1783411 0.0000000
1.8710576 8.9192642 2.2975769 0.7414203 0.0000000
1.8803254 2.6423816 3.5786476 0.0000000 1.4078153
1.8817675 2.6444081 3.5813922 0.0000000 1.4022594
1.8916113 1.9377225 3.6399799 0.8128165 1.5065542
1.8989582 8.8989430 2.2908829 0.7450970 0.0000000
1.8993395 8.9023109 2.2893745 0.7377310 0.0000007
1.8998723 8.8974575 2.2958789 0.7375161 0.0000001
1.9001368 8.8975479 2.2954285 0.7375021 0.0000000
1.9086746 8.9668558 2.3092264 0.0000448 0.4767174
1.9096296 8.9639656 2.3063715 0.0188826 0.4774285
1.9102107 8.9516748 2.3294637 0.0000000 0.4767622
1.9112938 0.0000000 2.2792632 4.4096888 0.0000000
1.9132219 2.5492769 0.0021748 3.8869738 0.0000000
1.9138566 8.9627386 2.3079452 0.0000000 0.4788324
1.9163868 0.0075820 2.4246330 3.8715263 0.4903566
1.9251007 2.4624158 1.3839827 0.0000000 3.5053884
1.9255271 8.9708138 2.2824849 0.0000000 0.4767807
1.9351726 9.0915500 0.0000000 2.2664034 0.0000000
1.9357313 9.1503321 1.1898222 1.5096842 0.0000000
1.9371194 2.5233547 1.1046353 3.5978647 0.0031049
1.9371281 9.0934330 0.0000001 2.2610757 0.0000000
1.9406737 9.0908497 0.0000000 2.2605389 0.0000000
1.9407595 2.5626512 0.0000000 0.8293211 3.6778728
1.9407975 9.0908327 0.0000000 2.2604086 0.0000000
1.9480547 9.1428017 1.1725036 1.5196339 0.0000000
1.9481381 5.2385045 4.4268588 0.8452738 0.0000230
1.9513139 9.1515605 1.1473669 1.5181943 0.0000000
1.9665032 9.3126096 1.1960873 0.7655270 0.4962890
1.9681470 2.7570505 3.1880729 2.0637544 0.0000000
1.9698625 9.1266789 1.1754443 1.5136594 0.0000000
1.9736592 1.8557295 1.1536923 4.3051389 0.0000000
1.9808855 9.1236323 1.1483177 1.5247726 0.0000000
1.9821406 1.8678641 3.7127464 1.5805189 1.0131716
1.9834848 9.2973633 1.1954462 0.7721390 0.4957375
1.9857413 9.3294318 1.2026584 0.0004759 0.9957328
1.9868552 9.3278508 1.2049487 0.0000000 0.9952837
1.9871598 9.2951067 1.2000575 0.7642245 0.4959907
1.9886573 9.3288664 1.1990101 0.0000000 0.9953907
1.9899067 7.4696139 3.6184817 0.7708519 0.0000000
1.9907145 9.3262122 1.2030866 0.0000000 0.9935940
1.9910821 7.4633610 3.6203739 0.7743698 0.0000009
1.9914885 9.3345613 0.0000000 1.5473805 0.4979481
1.9925734 9.3327796 0.0000064 1.5491803 0.4981113
1.9926570 9.3338676 0.0000000 1.5466674 0.4983411
1.9930893 1.8682250 0.0000000 6.0775227 0.0037094
1.9949059 9.3256598 0.0000004 1.5594896 0.4989937
1.9956218 7.1360819 3.0320961 1.9581614 0.6209419
1.9960924 9.2833650 1.1968106 0.7779733 0.5006334
1.9961363 7.4725413 3.6097053 0.7740175 0.0000000
1.9963739 7.4693765 3.6120779 0.7728387 0.0000016
1.9968553 1.5461562 6.7658105 0.7017651 0.0000000
1.9986557 7.4685554 3.6078361 0.7802680 0.0000000
