   5.2891866e-01   5.2669133e-01   7.6651710e-01   1.0152834e+00   1.8881768e+00
   5.2203319e-01   5.1807364e-01   7.4946523e-01   1.0087540e+00   1.9963675e+00
   5.0341801e-01   5.0501868e-01   7.2693879e-01   1.0209250e+00   2.2167573e+00
   4.7268506e-01   4.7932816e-01   7.0490246e-01   1.0842973e+00   2.2761072e+00
   4.7168031e-01   4.6723421e-01   6.8534676e-01   1.1635121e+00   2.0563112e+00
   4.7467645e-01   4.7067332e-01   7.2383610e-01   1.1807007e+00   1.8745625e+00
   4.9982578e-01   5.0365463e-01   7.3290757e-01   1.2437242e+00   1.7235282e+00
   5.2256799e-01   5.2204959e-01   7.7756515e-01   1.2500041e+00   1.6340713e+00
   5.4443642e-01   5.4529541e-01   7.9616998e-01   1.2286369e+00   1.5906100e+00
   5.4515782e-01   5.5212832e-01   8.0056323e-01   1.2108301e+00   1.5880933e+00
   5.2625645e-01   5.2376147e-01   7.7070923e-01   1.0094863e+00   1.9191346e+00
   5.1425916e-01   5.1404813e-01   7.6203806e-01   9.9856897e-01   2.1061167e+00
   4.8680914e-01   4.8497741e-01   7.7495932e-01   1.0350754e+00   2.5306886e+00
   4.5397468e-01   4.6035483e-01   7.4413764e-01   1.1075314e+00   2.3169861e+00
   4.5325864e-01   4.5901432e-01   7.4341681e-01   1.1938574e+00   1.9607128e+00
   4.8174487e-01   4.8563970e-01   7.6986340e-01   1.2561158e+00   1.7459991e+00
   5.2509490e-01   5.1990962e-01   8.0014251e-01   1.3079724e+00   1.6229079e+00
   5.3885746e-01   5.3921095e-01   8.0280593e-01   1.2587225e+00   1.5918063e+00
   5.4457327e-01   5.5153630e-01   8.0156715e-01   1.2109850e+00   1.5882965e+00
   5.2989384e-01   5.2766240e-01   7.8861171e-01   1.0068209e+00   1.8965356e+00
   5.1558657e-01   5.2390184e-01   8.0721377e-01   9.9290415e-01   2.0258441e+00
   5.0775939e-01   5.0178420e-01   8.5316468e-01   1.0009058e+00   2.2299934e+00
   4.6714869e-01   4.6241968e-01   8.2104662e-01   1.1122154e+00   2.0040376e+00
   4.7821086e-01   4.8696834e-01   8.7896098e-01   1.2245576e+00   1.7709633e+00
   5.3145651e-01   5.2580106e-01   8.5644759e-01   1.2604536e+00   1.6005641e+00
   5.4064534e-01   5.3489211e-01   8.3136475e-01   1.2492660e+00   1.5863576e+00
   5.4939310e-01   5.4906749e-01   8.2921915e-01   1.2262880e+00   1.5737196e+00
   5.3954859e-01   5.3918994e-01   8.1385452e-01   1.0116306e+00   1.8325200e+00
   5.3158322e-01   5.3286084e-01   8.5133018e-01   1.0038757e+00   1.9000763e+00
   5.2020044e-01   5.1388109e-01   8.7390269e-01   1.0252350e+00   1.9185447e+00
   5.1904711e-01   5.1882604e-01   9.1695743e-01   1.0871332e+00   1.7951723e+00
   5.4047843e-01   5.3411458e-01   9.1623567e-01   1.1775340e+00   1.6334951e+00
   5.4862962e-01   5.4394826e-01   8.8412342e-01   1.2424786e+00   1.5746595e+00
   5.5324884e-01   5.4818662e-01   8.5093243e-01   1.2085306e+00   1.5744222e+00
   5.4040716e-01   5.3822670e-01   8.3708773e-01   1.0134753e+00   1.8289966e+00
   5.4544391e-01   5.4172569e-01   8.6008814e-01   1.0356897e+00   1.7661029e+00
   5.4404505e-01   5.4395589e-01   8.9588573e-01   1.0567782e+00   1.7447337e+00
   5.4806971e-01   5.5440672e-01   9.2741669e-01   1.1173441e+00   1.6629245e+00
   5.6701155e-01   5.6480313e-01   8.9302963e-01   1.1587519e+00   1.5840574e+00
   5.6204992e-01   5.5982925e-01   8.8162114e-01   1.1685732e+00   1.5816104e+00
   5.5612712e-01   5.5575907e-01   8.3886277e-01   1.0415085e+00   1.7218139e+00
   5.5431840e-01   5.5423517e-01   8.6744792e-01   1.0464600e+00   1.7228617e+00
   5.5814571e-01   5.5059159e-01   8.8121525e-01   1.0817527e+00   1.6718792e+00
   5.6585362e-01   5.6761459e-01   8.8380159e-01   1.1086581e+00   1.6215994e+00
   5.6638165e-01   5.7023467e-01   8.9439130e-01   1.1521866e+00   1.5859134e+00
   5.5923515e-01   5.5692784e-01   8.3465603e-01   1.0589011e+00   1.6876439e+00
   5.5853088e-01   5.5836982e-01   8.5236714e-01   1.0719763e+00   1.6689321e+00
   5.6427621e-01   5.6405891e-01   8.5731830e-01   1.0846336e+00   1.6454358e+00
   5.7198213e-01   5.6910372e-01   8.5952915e-01   1.0962249e+00   1.6251192e+00
   5.5999955e-01   5.5760488e-01   8.3274544e-01   1.0731733e+00   1.6656293e+00
   5.5772352e-01   5.5536428e-01   8.2950100e-01   1.0806371e+00   1.6588101e+00
   5.6132237e-01   5.5894766e-01   8.3499399e-01   1.0878162e+00   1.6453275e+00
   5.6103364e-01   5.5862912e-01   8.1888931e-01   1.0768145e+00   1.6615220e+00
   5.6057372e-01   5.6060773e-01   8.2211318e-01   1.0793293e+00   1.6567162e+00
   5.6103364e-01   5.5862912e-01   8.1888931e-01   1.0768145e+00   1.6615220e+00
   5.2412303e-01   5.3438885e-01   7.6121561e-01   1.0081954e+00   1.9273725e+00
   5.1984477e-01   5.2460747e-01   7.5107727e-01   9.9476762e-01   2.1200595e+00
   4.9703493e-01   5.1559399e-01   7.1794161e-01   1.0318214e+00   2.4539213e+00
   4.8306266e-01   4.8985161e-01   6.7172574e-01   1.1078263e+00   2.2782676e+00
   4.7217679e-01   4.7862077e-01   6.7987702e-01   1.2052994e+00   1.9726506e+00
   4.9715269e-01   5.1588766e-01   7.2510925e-01   1.2454994e+00   1.7266460e+00
   5.2546050e-01   5.5379624e-01   7.5787795e-01   1.2764377e+00   1.6296577e+00
   5.4892406e-01   5.4584893e-01   7.7947931e-01   1.2320113e+00   1.5973098e+00
   5.6009791e-01   5.6725700e-01   7.9814358e-01   1.2252940e+00   1.5708967e+00
   5.2633738e-01   5.3618623e-01   7.7270229e-01   9.9612568e-01   1.9657636e+00
   5.1466140e-01   5.3259998e-01   7.7935908e-01   9.8186642e-01   2.2598162e+00
   4.6909674e-01   5.2393050e-01   7.9640005e-01   1.0430543e+00   2.7310364e+00
   4.3155298e-01   4.9350524e-01   7.4526696e-01   1.1430057e+00   2.1851553e+00
   4.6080099e-01   4.7905882e-01   7.4549480e-01   1.2459386e+00   1.8380269e+00
   5.1438002e-01   5.3243189e-01   7.9904070e-01   1.3358141e+00   1.6281265e+00
   5.4737871e-01   5.5089827e-01   8.2119965e-01   1.2842613e+00   1.5694542e+00
   5.5705050e-01   5.6417307e-01   8.1661482e-01   1.2361431e+00   1.5627221e+00
   5.3616924e-01   5.4370928e-01   8.0286049e-01   9.8402040e-01   1.9645648e+00
   5.3041164e-01   5.3332441e-01   8.4486216e-01   9.7128913e-01   2.1614227e+00
   4.7752572e-01   5.2133477e-01   9.1963490e-01   1.0422074e+00   2.2182717e+00
   4.7529531e-01   5.2757619e-01   9.1665216e-01   1.1462825e+00   1.8223708e+00
   5.0457234e-01   5.4452763e-01   9.1603230e-01   1.2903920e+00   1.6339822e+00
   5.4205929e-01   5.7124923e-01   8.7721181e-01   1.3159600e+00   1.5544673e+00
   5.6588313e-01   5.8108881e-01   8.6644215e-01   1.2809716e+00   1.5327832e+00
   5.5736761e-01   5.5878224e-01   8.4208012e-01   9.9306697e-01   1.8528462e+00
   5.2956668e-01   5.4760327e-01   8.7754844e-01   9.9752496e-01   1.9339896e+00
   5.4925201e-01   5.8655951e-01   1.0080876e+00   1.0573213e+00   1.8324707e+00
   5.5365717e-01   5.9634822e-01   1.0584553e+00   1.1963643e+00   1.6718976e+00
   5.4482776e-01   5.7477891e-01   9.3881947e-01   1.2146320e+00   1.5869088e+00
   5.6551541e-01   5.7929855e-01   8.8547225e-01   1.2213701e+00   1.5460194e+00
   5.5664661e-01   5.5451205e-01   8.5217630e-01   1.0262628e+00   1.7584378e+00
   5.6748370e-01   5.7208058e-01   8.9974027e-01   1.0296590e+00   1.7487391e+00
   5.6012040e-01   5.8326056e-01   9.3326204e-01   1.0894199e+00   1.6675147e+00
   5.7177708e-01   5.8423039e-01   9.4679808e-01   1.1386770e+00   1.6087336e+00
   5.7117683e-01   5.8349593e-01   9.1179070e-01   1.1746587e+00   1.5668934e+00
   5.6143152e-01   5.6128023e-01   8.4540806e-01   1.0418140e+00   1.7137644e+00
   5.7192010e-01   5.7567603e-01   8.8003879e-01   1.0598139e+00   1.6743873e+00
   5.7101134e-01   5.7768277e-01   8.9876798e-01   1.0884488e+00   1.6407669e+00
   5.8352225e-01   5.8233328e-01   8.9056430e-01   1.1195289e+00   1.5951160e+00
   5.6447332e-01   5.6205520e-01   8.3939493e-01   1.0672251e+00   1.6684598e+00
   5.6818305e-01   5.6802994e-01   8.5603676e-01   1.0821698e+00   1.6437279e+00
   5.6854205e-01   5.7555152e-01   8.5755943e-01   1.0957870e+00   1.6242452e+00
   5.6068075e-01   5.6046124e-01   8.2208426e-01   1.0786548e+00   1.6576034e+00
   5.6727674e-01   5.6499173e-01   8.3172862e-01   1.0832165e+00   1.6446992e+00
   5.6124668e-01   5.6128073e-01   8.2098254e-01   1.0795581e+00   1.6559486e+00
   5.3237514e-01   5.4383901e-01   7.6058713e-01   1.0016915e+00   1.9322889e+00
   5.2197897e-01   5.4170459e-01   7.5184532e-01   9.9150996e-01   2.0892374e+00
   5.0492088e-01   5.5861939e-01   7.1692512e-01   1.0230520e+00   2.1772470e+00
   4.8670777e-01   5.3481595e-01   7.1531033e-01   1.0737671e+00   1.9365959e+00
   4.8856430e-01   5.3673439e-01   7.2714171e-01   1.1734016e+00   1.7560665e+00
   5.2756155e-01   5.5601059e-01   7.6072982e-01   1.2651741e+00   1.6239082e+00
   5.4331644e-01   5.6351438e-01   7.8527485e-01   1.2240425e+00   1.5913601e+00
   5.6009791e-01   5.6725700e-01   7.9814358e-01   1.2252940e+00   1.5708967e+00
   5.3193312e-01   5.5155531e-01   7.8714647e-01   9.8819297e-01   1.9576347e+00
   5.2909150e-01   5.7222309e-01   7.9401304e-01   9.6898766e-01   2.1734540e+00
   4.9649144e-01   5.9396126e-01   7.7016661e-01   1.0166274e+00   2.1551203e+00
   4.7747765e-01   5.8660712e-01   7.9234604e-01   1.1058955e+00   1.8470840e+00
   5.1620538e-01   5.9295844e-01   8.0154916e-01   1.2411610e+00   1.6197868e+00
   5.4467736e-01   5.7020835e-01   8.1552563e-01   1.2751325e+00   1.5662684e+00
   5.7291630e-01   5.9436764e-01   8.3633527e-01   1.2726851e+00   1.5334263e+00
   5.5204838e-01   5.6973462e-01   8.2996074e-01   9.8108313e-01   1.9060107e+00
   5.5127373e-01   5.7645284e-01   8.6320841e-01   9.7252968e-01   1.9589708e+00
   5.2891675e-01   6.0884975e-01   9.1864139e-01   1.0306284e+00   1.8448220e+00
   5.2172895e-01   6.1532274e-01   9.4692737e-01   1.1845829e+00   1.6491997e+00
   5.7530834e-01   6.0628874e-01   9.0182725e-01   1.2312676e+00   1.5310017e+00
   5.7052266e-01   6.0128980e-01   8.7808286e-01   1.2535124e+00   1.5287196e+00
   5.4872843e-01   5.7158235e-01   8.5248185e-01   1.0026210e+00   1.8246273e+00
   5.7056249e-01   5.9586907e-01   8.9542639e-01   1.0045995e+00   1.7977913e+00
   5.6756351e-01   6.2306608e-01   9.4055618e-01   1.0766313e+00   1.6780525e+00
   5.9711002e-01   6.3878824e-01   9.8495387e-01   1.1859095e+00   1.5583868e+00
   5.7506047e-01   6.0084975e-01   9.2117785e-01   1.2143363e+00   1.5414525e+00
   5.5823813e-01   5.6860778e-01   8.4330578e-01   1.0378158e+00   1.7198355e+00
   5.8461610e-01   5.9139984e-01   9.1857656e-01   1.0557282e+00   1.6824131e+00
   5.8337600e-01   5.9643228e-01   9.2367725e-01   1.0990484e+00   1.6224762e+00
   5.9863454e-01   6.1142232e-01   9.1841318e-01   1.1430193e+00   1.5658952e+00
   5.6861654e-01   5.7636179e-01   8.5626577e-01   1.0577180e+00   1.6741266e+00
   5.7962428e-01   5.8677039e-01   8.7427530e-01   1.0821402e+00   1.6320607e+00
   5.7874617e-01   5.8577665e-01   8.8023276e-01   1.1111935e+00   1.6017985e+00
   5.6322887e-01   5.6956781e-01   8.3489446e-01   1.0718931e+00   1.6590200e+00
   5.6822505e-01   5.7053763e-01   8.4325539e-01   1.0841882e+00   1.6394500e+00
   5.6124668e-01   5.6128073e-01   8.2098254e-01   1.0795581e+00   1.6559486e+00
   5.4091548e-01   5.5757361e-01   7.7368609e-01   1.0038982e+00   1.8734492e+00
   5.3694296e-01   5.7299697e-01   7.5965836e-01   9.9656365e-01   1.9551999e+00
   5.2068395e-01   5.7250736e-01   7.5376955e-01   1.0283471e+00   1.8762768e+00
   5.2317066e-01   5.8035011e-01   7.2961478e-01   1.0990017e+00   1.7689182e+00
   5.3607078e-01   5.7245904e-01   7.4149205e-01   1.1770086e+00   1.6564848e+00
   5.5987508e-01   6.0554067e-01   8.0664076e-01   1.2045785e+00   1.5727289e+00
   5.7407858e-01   5.9545942e-01   8.2060300e-01   1.2335777e+00   1.5455443e+00
   5.4478244e-01   5.7261290e-01   7.9807699e-01   9.9443832e-01   1.8763312e+00
   5.4432913e-01   5.8524924e-01   7.9195747e-01   9.9617586e-01   1.8843966e+00
   5.4417598e-01   6.2925477e-01   7.9743819e-01   1.0300155e+00   1.8306149e+00
   5.6061493e-01   6.1642533e-01   8.1158488e-01   1.1072230e+00   1.6374610e+00
   5.5339179e-01   6.0795355e-01   8.2471674e-01   1.1836836e+00   1.5795819e+00
   5.7355246e-01   6.0629793e-01   8.2834699e-01   1.2228371e+00   1.5457762e+00
   5.6923468e-01   5.8747152e-01   8.3008021e-01   9.9585510e-01   1.8163463e+00
   5.7553067e-01   6.3227537e-01   8.8695433e-01   1.0113921e+00   1.7813315e+00
   5.8160337e-01   6.3442086e-01   8.8882371e-01   1.0518445e+00   1.6849324e+00
   5.8308716e-01   6.3958105e-01   8.9590227e-01   1.1735041e+00   1.5557198e+00
   5.8578176e-01   6.3814671e-01   8.8573189e-01   1.2077476e+00   1.5356408e+00
   5.5537762e-01   5.8313739e-01   8.2565579e-01   1.0271423e+00   1.7451485e+00
   5.7934318e-01   6.1856739e-01   8.8352742e-01   1.0432182e+00   1.6943591e+00
   5.8836011e-01   6.2447547e-01   9.1983233e-01   1.1143684e+00   1.5981155e+00
   5.9724239e-01   6.2900708e-01   8.9820718e-01   1.1551320e+00   1.5545329e+00
   5.7466314e-01   5.8707906e-01   8.5353308e-01   1.0486897e+00   1.6819091e+00
   5.7303979e-01   5.9645947e-01   8.6340160e-01   1.0802897e+00   1.6360315e+00
   5.7613273e-01   6.0136494e-01   8.8172141e-01   1.1077693e+00   1.6044003e+00
   5.6615513e-01   5.7278503e-01   8.3642804e-01   1.0676994e+00   1.6617394e+00
   5.6973396e-01   5.7640131e-01   8.4008798e-01   1.0810634e+00   1.6404598e+00
   5.6417599e-01   5.7075994e-01   8.3148653e-01   1.0824730e+00   1.6447201e+00
   5.5376242e-01   5.7992571e-01   7.9124352e-01   1.0145930e+00   1.7986027e+00
   5.4951670e-01   5.7716404e-01   7.7067067e-01   1.0313352e+00   1.7811773e+00
   5.5325113e-01   5.8369540e-01   7.6918637e-01   1.0470532e+00   1.7467857e+00
   5.6258155e-01   6.0714307e-01   7.8752801e-01   1.1177198e+00   1.6362219e+00
   5.6702655e-01   6.1133733e-01   7.9129956e-01   1.1511059e+00   1.6058502e+00
   5.7281376e-01   6.0005201e-01   8.1624498e-01   1.1681423e+00   1.5722796e+00
   5.5565533e-01   5.8361151e-01   8.0313613e-01   1.0172665e+00   1.7800050e+00
   5.6527880e-01   6.0373554e-01   8.1913948e-01   1.0335024e+00   1.7298713e+00
   5.7871198e-01   6.2393858e-01   8.2227802e-01   1.0649928e+00   1.6721342e+00
   5.7880949e-01   6.2428860e-01   8.3163639e-01   1.1203570e+00   1.6028031e+00
   5.7224776e-01   6.1478138e-01   8.2829955e-01   1.1615084e+00   1.5748458e+00
   5.6763285e-01   5.9490252e-01   8.2577542e-01   1.0315103e+00   1.7247857e+00
   5.8343828e-01   6.2307360e-01   8.5678477e-01   1.0539573e+00   1.6731045e+00
   5.9153007e-01   6.3137678e-01   8.6756169e-01   1.0966802e+00   1.6112198e+00
   5.8914082e-01   6.2895260e-01   8.4813767e-01   1.1397564e+00   1.5760987e+00
   5.7371538e-01   5.9313087e-01   8.4462313e-01   1.0589226e+00   1.6658493e+00
   5.7625269e-01   5.9980368e-01   8.5766230e-01   1.0794640e+00   1.6347810e+00
   5.8260860e-01   6.1039606e-01   8.6348184e-01   1.1168965e+00   1.5910916e+00
   5.6985289e-01   5.8816757e-01   8.4084635e-01   1.0650433e+00   1.6598152e+00
   5.7303759e-01   5.8991426e-01   8.4359040e-01   1.0828401e+00   1.6336230e+00
   5.6417599e-01   5.7075994e-01   8.3148653e-01   1.0824730e+00   1.6447201e+00
   5.5436418e-01   5.6738688e-01   7.9421118e-01   1.0319529e+00   1.7498003e+00
   5.5957368e-01   5.8692421e-01   7.9243805e-01   1.0484396e+00   1.7153202e+00
   5.6722380e-01   5.9843695e-01   7.8861261e-01   1.0734972e+00   1.6769777e+00
   5.6969471e-01   6.0051877e-01   8.0654728e-01   1.1023600e+00   1.6285503e+00
   5.6632634e-01   5.9575791e-01   8.0673611e-01   1.1339210e+00   1.6018637e+00
   5.6119512e-01   5.8770958e-01   8.0383071e-01   1.0420586e+00   1.7179870e+00
   5.6827274e-01   5.9622831e-01   8.1371284e-01   1.0602940e+00   1.6774850e+00
   5.7699314e-01   6.0266751e-01   8.2287397e-01   1.0865984e+00   1.6336001e+00
   5.7933946e-01   6.0847500e-01   8.2849265e-01   1.1204642e+00   1.5973271e+00
   5.6847444e-01   5.8276074e-01   8.1694936e-01   1.0606969e+00   1.6733179e+00
   5.7650995e-01   6.0246728e-01   8.3440565e-01   1.0810734e+00   1.6364967e+00
   5.8153454e-01   6.0929311e-01   8.4026184e-01   1.1033817e+00   1.6083147e+00
   5.6536175e-01   5.8355067e-01   8.3294035e-01   1.0704672e+00   1.6567437e+00
   5.7871027e-01   5.9524013e-01   8.3381219e-01   1.0883273e+00   1.6258218e+00
   5.6535904e-01   5.7142671e-01   8.2421481e-01   1.0806801e+00   1.6474042e+00
   5.6485285e-01   5.7529162e-01   7.9977846e-01   1.0537102e+00   1.6955588e+00
   5.6684340e-01   5.8162320e-01   8.0002688e-01   1.0699834e+00   1.6691841e+00
   5.6592351e-01   5.8941069e-01   7.9659133e-01   1.0848995e+00   1.6535833e+00
   5.7121613e-01   5.9679437e-01   8.0710790e-01   1.1069295e+00   1.6216232e+00
   5.6717050e-01   5.8116796e-01   8.0947909e-01   1.0639917e+00   1.6724446e+00
   5.7137648e-01   5.8583795e-01   8.1222846e-01   1.0802890e+00   1.6467151e+00
   5.7655815e-01   5.9105402e-01   8.2452529e-01   1.0957399e+00   1.6214685e+00
   5.6810777e-01   5.7919089e-01   8.1067311e-01   1.0748613e+00   1.6563397e+00
   5.7132017e-01   5.8253960e-01   8.1530964e-01   1.0811430e+00   1.6444544e+00
   5.7132248e-01   5.7745415e-01   8.1501169e-01   1.0801164e+00   1.6465447e+00
   5.5935351e-01   5.7346891e-01   7.9863269e-01   1.0748053e+00   1.6681736e+00
   5.6550415e-01   5.7674648e-01   8.0188496e-01   1.0820172e+00   1.6532167e+00
   5.6507125e-01   5.7937313e-01   8.0326539e-01   1.0895045e+00   1.6437037e+00
   5.6702942e-01   5.7602965e-01   8.0578931e-01   1.0783316e+00   1.6550919e+00
   5.6726159e-01   5.8212696e-01   8.0914300e-01   1.0839978e+00   1.6458725e+00
   5.6711054e-01   5.7399071e-01   8.0450237e-01   1.0800971e+00   1.6538170e+00
   5.6322517e-01   5.7024890e-01   7.9904541e-01   1.0753608e+00   1.6654242e+00
   5.6393442e-01   5.7095392e-01   8.0004235e-01   1.0842823e+00   1.6531439e+00
   5.6393442e-01   5.7095392e-01   8.0004235e-01   1.0842823e+00   1.6531439e+00
   5.6376747e-01   5.7078488e-01   7.9978296e-01   1.0845551e+00   1.6530751e+00
   5.3532877e-01   5.2559411e-01   7.6595945e-01   1.0071221e+00   1.9189075e+00
   5.2484897e-01   5.1889711e-01   7.5225604e-01   9.9540265e-01   2.1069696e+00
   5.2304107e-01   4.9449886e-01   7.2376313e-01   1.0295105e+00   2.4886851e+00
   5.0414945e-01   4.5184974e-01   6.9653652e-01   1.1191391e+00   2.3138962e+00
   4.8507199e-01   4.6770985e-01   7.0090641e-01   1.1619026e+00   1.9350493e+00
   5.2556697e-01   5.0213837e-01   7.1440025e-01   1.2457447e+00   1.7301010e+00
   5.4749315e-01   5.2377480e-01   7.6864249e-01   1.2644803e+00   1.6230176e+00
   5.5134607e-01   5.4547673e-01   7.7808946e-01   1.2320593e+00   1.5973719e+00
   5.6596641e-01   5.6130124e-01   7.9807254e-01   1.2252147e+00   1.5707792e+00
   5.3169567e-01   5.2899156e-01   7.7450032e-01   9.9658448e-01   1.9607188e+00
   5.3109533e-01   5.1689243e-01   7.7985686e-01   9.8079860e-01   2.2738080e+00
   5.2176295e-01   4.7313023e-01   7.9763411e-01   1.0430209e+00   2.8102423e+00
   5.0794558e-01   4.4830582e-01   7.7301084e-01   1.0783697e+00   2.1478458e+00
   5.0151775e-01   4.4434840e-01   7.5148639e-01   1.2730644e+00   1.8682079e+00
   5.3991234e-01   5.0835473e-01   8.0299433e-01   1.3100354e+00   1.6267731e+00
   5.5619350e-01   5.3805507e-01   8.1829574e-01   1.2797199e+00   1.5755466e+00
   5.6368012e-01   5.5768177e-01   8.1673953e-01   1.2376288e+00   1.5622374e+00
   5.4196858e-01   5.3769087e-01   8.0288019e-01   9.8393055e-01   1.9643854e+00
   5.4232553e-01   5.2257734e-01   8.4593115e-01   9.7251808e-01   2.1605759e+00
   5.3423861e-01   5.0352795e-01   9.3281990e-01   1.0112510e+00   2.1880646e+00
   5.2176207e-01   4.7330692e-01   9.1068864e-01   1.1343061e+00   1.8493484e+00
   5.4693382e-01   5.0309195e-01   9.1667777e-01   1.2914671e+00   1.6354757e+00
   5.7243868e-01   5.5721078e-01   8.9301597e-01   1.3234472e+00   1.5394890e+00
   5.8133135e-01   5.6968292e-01   8.6958455e-01   1.2748059e+00   1.5306000e+00
   5.5736761e-01   5.5878224e-01   8.4208012e-01   9.9306697e-01   1.8528462e+00
   5.5708214e-01   5.4733907e-01   8.7938673e-01   9.9607416e-01   1.8802604e+00
   5.9138081e-01   5.4337036e-01   9.8872141e-01   1.0464929e+00   1.8423687e+00
   5.7190997e-01   5.4463535e-01   9.7600311e-01   1.1564773e+00   1.6543781e+00
   5.8005665e-01   5.7357922e-01   9.3364553e-01   1.2415249e+00   1.5437561e+00
   5.7778401e-01   5.6685208e-01   8.8531089e-01   1.2211475e+00   1.5457377e+00
   5.5600324e-01   5.5393755e-01   8.5205878e-01   1.0255043e+00   1.7614281e+00
   5.7316152e-01   5.5628736e-01   8.9660615e-01   1.0312444e+00   1.7554897e+00
   5.7784967e-01   5.6101681e-01   9.3806989e-01   1.0907477e+00   1.6710231e+00
   5.9422883e-01   5.7413643e-01   9.5372552e-01   1.1634949e+00   1.5857629e+00
   5.7777061e-01   5.7652611e-01   9.1144241e-01   1.1742100e+00   1.5662949e+00
   5.6345269e-01   5.5961171e-01   8.4624174e-01   1.0419136e+00   1.7135936e+00
   5.6599084e-01   5.6307762e-01   8.7228695e-01   1.0587695e+00   1.6856959e+00
   5.7473960e-01   5.7178081e-01   8.9700625e-01   1.0889631e+00   1.6404499e+00
   5.8352225e-01   5.8233328e-01   8.9056430e-01   1.1195289e+00   1.5951160e+00
   5.6447332e-01   5.6205520e-01   8.3939493e-01   1.0672251e+00   1.6684598e+00
   5.6896796e-01   5.6621145e-01   8.5524518e-01   1.0815918e+00   1.6450107e+00
   5.7200311e-01   5.6908335e-01   8.5952968e-01   1.0962256e+00   1.6251202e+00
   5.6131264e-01   5.5872185e-01   8.2303222e-01   1.0787878e+00   1.6579226e+00
   5.6727674e-01   5.6499173e-01   8.3172862e-01   1.0832165e+00   1.6446992e+00
   5.6133548e-01   5.5892967e-01   8.1837319e-01   1.0767438e+00   1.6614130e+00
   5.3767322e-01   5.3525359e-01   7.6258461e-01   9.9438982e-01   1.9736424e+00
   5.4290922e-01   5.3766252e-01   7.5195502e-01   9.7927905e-01   2.3296771e+00
   5.6369888e-01   5.3330382e-01   6.8692629e-01   1.0452503e+00   2.6162591e+00
   5.1482719e-01   5.1954392e-01   6.6094081e-01   1.0905349e+00   2.1436400e+00
   5.1784373e-01   5.1275570e-01   6.8049678e-01   1.2174689e+00   1.8044274e+00
   5.4092873e-01   5.4017365e-01   7.4805744e-01   1.3313326e+00   1.6393361e+00
   5.7183959e-01   5.6038135e-01   7.8864657e-01   1.2906777e+00   1.5697891e+00
   5.6837569e-01   5.6760124e-01   8.0423176e-01   1.2427015e+00   1.5604904e+00
   5.4399738e-01   5.4292932e-01   7.8100990e-01   9.7666089e-01   2.0397659e+00
   6.8598969e-01   6.8153252e-01   9.7177695e-01   9.4625473e-01   3.6546043e+00
   5.6196171e-01   5.6361082e-01   8.2748771e-01   9.5198172e-01   2.5667994e+00
   4.7892278e-01   4.7543887e-01   7.8054079e-01   1.0915139e+00   1.9184210e+00
   5.8158025e-01   5.6828707e-01   8.4874214e-01   1.8095680e+00   1.7277918e+00
   5.7606048e-01   5.7524711e-01   8.2609728e-01   1.3634377e+00   1.5439106e+00
   5.7564138e-01   5.7654961e-01   8.2538995e-01   1.2860414e+00   1.5396911e+00
   5.6004854e-01   5.5562813e-01   8.2966411e-01   9.6819714e-01   1.9877538e+00
   6.4974677e-01   6.3778712e-01   1.0689731e+00   9.3717898e-01   2.5510747e+00
   6.4207678e-01   6.5606122e-01   1.4321236e+00   1.1211255e+00   2.4193776e+00
   5.7517244e-01   5.8783981e-01   1.1386183e+00   1.2815981e+00   1.6733991e+00
   6.1565327e-01   6.1176663e-01   9.6951155e-01   1.4219603e+00   1.4934839e+00
   5.8891939e-01   5.8810947e-01   8.9792389e-01   1.3087849e+00   1.5128050e+00
   5.7535985e-01   5.7321138e-01   8.7838900e-01   9.8408591e-01   1.8678065e+00
   5.9997820e-01   6.0061747e-01   1.0311949e+00   1.0124944e+00   1.8977250e+00
   6.7710995e-01   6.7855100e-01   1.3216897e+00   1.1991698e+00   1.8016048e+00
   6.5061985e-01   6.4931021e-01   1.1878913e+00   1.3089008e+00   1.5859818e+00
   6.0406808e-01   6.0165675e-01   9.6217386e-01   1.2434848e+00   1.5243514e+00
   5.7758785e-01   5.7732899e-01   8.7132723e-01   1.0223966e+00   1.7394884e+00
   5.9014263e-01   5.9057238e-01   9.2918682e-01   1.0553233e+00   1.6864356e+00
   6.2006807e-01   6.1939995e-01   9.7881133e-01   1.1249429e+00   1.5954117e+00
   5.9868496e-01   6.0285575e-01   9.3932542e-01   1.1704000e+00   1.5548681e+00
   5.7367375e-01   5.6976309e-01   8.5617286e-01   1.0583059e+00   1.6735699e+00
   5.8590960e-01   5.8523832e-01   8.7952392e-01   1.0757650e+00   1.6388636e+00
   5.8335176e-01   5.8085277e-01   8.8039803e-01   1.1115978e+00   1.6012566e+00
   5.6861223e-01   5.6831503e-01   8.3523983e-01   1.0740770e+00   1.6536205e+00
   5.7055197e-01   5.7010677e-01   8.4872426e-01   1.0821587e+00   1.6409284e+00
   5.6124668e-01   5.6128073e-01   8.2098254e-01   1.0795581e+00   1.6559486e+00
   5.4679137e-01   5.5445113e-01   7.6676605e-01   9.8687776e-01   1.9677667e+00
   5.5075662e-01   5.8326474e-01   7.5549607e-01   9.7335301e-01   2.1950010e+00
   5.7482869e-01   6.2779932e-01   7.2259019e-01   1.0061630e+00   2.1594386e+00
   5.6688537e-01   6.1239762e-01   7.0955962e-01   1.0850284e+00   1.8248773e+00
   5.7279133e-01   6.1801828e-01   7.3137224e-01   1.2898949e+00   1.6376088e+00
   5.8205607e-01   6.0136256e-01   7.8600941e-01   1.2930744e+00   1.5581682e+00
   5.6963466e-01   5.7673832e-01   8.0383505e-01   1.2354688e+00   1.5584335e+00
   5.5455927e-01   5.7091866e-01   8.0318555e-01   9.6623481e-01   2.0205427e+00
   6.1562621e-01   6.8142960e-01   8.6408731e-01   9.3898172e-01   2.3019792e+00
   6.1093448e-01   8.2613871e-01   8.7184098e-01   1.0583233e+00   2.1494140e+00
   5.7670009e-01   7.0770797e-01   8.4653599e-01   1.1746542e+00   1.6429455e+00
   6.4779902e-01   6.9403560e-01   8.9519747e-01   1.4402683e+00   1.4871151e+00
   5.9182448e-01   6.1386624e-01   8.4596945e-01   1.2717100e+00   1.5192815e+00
   5.7882887e-01   5.9602821e-01   8.6184519e-01   9.6080424e-01   1.9632403e+00
   6.1877183e-01   6.8494045e-01   9.6726316e-01   9.7209388e-01   1.9476529e+00
   7.1922577e-01   8.2258465e-01   1.1625578e+00   1.0876832e+00   1.7802071e+00
   6.7530231e-01   7.7064435e-01   1.1056026e+00   1.3477738e+00   1.5021819e+00
   6.2717305e-01   6.5974085e-01   9.4542633e-01   1.2978134e+00   1.4858225e+00
   5.9162248e-01   6.0924048e-01   8.8097883e-01   1.0045782e+00   1.7693305e+00
   6.3798056e-01   6.6631989e-01   1.0248949e+00   1.0418811e+00   1.7379213e+00
   6.8611335e-01   7.2558774e-01   1.0963731e+00   1.1433681e+00   1.6140657e+00
   6.3661551e-01   6.6218239e-01   9.9083670e-01   1.1961760e+00   1.5302378e+00
   5.8510441e-01   5.9305648e-01   8.8169150e-01   1.0372468e+00   1.6992829e+00
   6.0948345e-01   6.1080627e-01   9.2469246e-01   1.0819884e+00   1.6263058e+00
   6.0123868e-01   6.0865630e-01   9.1715118e-01   1.1111877e+00   1.5934728e+00
   5.8068745e-01   5.8041694e-01   8.6033977e-01   1.0683052e+00   1.6505282e+00
   5.7912086e-01   5.8041959e-01   8.7127622e-01   1.0862208e+00   1.6291563e+00
   5.6861223e-01   5.6831503e-01   8.3523983e-01   1.0740770e+00   1.6536205e+00
   5.5104720e-01   5.6720390e-01   7.7135151e-01   1.0009350e+00   1.8730379e+00
   5.5644818e-01   5.9827934e-01   7.7079792e-01   9.9448056e-01   1.9200957e+00
   5.7120585e-01   6.2777568e-01   7.5900720e-01   1.0237940e+00   1.8589116e+00
   5.8753635e-01   6.3345295e-01   7.6487225e-01   1.1308665e+00   1.6521820e+00
   5.9753020e-01   6.3164462e-01   8.0446983e-01   1.2227740e+00   1.5540453e+00
   5.8258886e-01   6.0480460e-01   8.0374345e-01   1.2088887e+00   1.5581099e+00
   5.6912009e-01   5.8505611e-01   7.9264474e-01   9.9604311e-01   1.8439077e+00
   5.8314888e-01   6.4017718e-01   8.3487328e-01   9.9603905e-01   1.8385009e+00
   6.3621844e-01   7.0064381e-01   8.7054804e-01   1.0567031e+00   1.6981135e+00
   6.1451549e-01   6.7618426e-01   8.4077716e-01   1.1829265e+00   1.5646816e+00
   6.1056200e-01   6.4059354e-01   8.5291038e-01   1.2158164e+00   1.5268770e+00
   5.9806985e-01   6.2632651e-01   8.5664842e-01   1.0063301e+00   1.7657168e+00
   6.3166472e-01   6.7457625e-01   9.2760576e-01   1.0300908e+00   1.7174183e+00
   6.3184013e-01   7.0050688e-01   9.6997389e-01   1.1240090e+00   1.5990184e+00
   6.3404378e-01   6.7697148e-01   9.1837116e-01   1.1939594e+00   1.5256991e+00
   5.9803721e-01   6.1668325e-01   8.8201020e-01   1.0389899e+00   1.6870698e+00
   6.1813428e-01   6.3379616e-01   9.1214978e-01   1.0806684e+00   1.6195319e+00
   6.2757716e-01   6.4699210e-01   9.2215317e-01   1.1324817e+00   1.5636984e+00
   5.8410735e-01   5.9094357e-01   8.6149254e-01   1.0626170e+00   1.6539994e+00
   5.8921744e-01   5.9610172e-01   8.6928983e-01   1.0846677e+00   1.6216304e+00
   5.7429970e-01   5.8094101e-01   8.3898621e-01   1.0771789e+00   1.6418730e+00
   5.6315740e-01   5.9149103e-01   7.9244223e-01   1.0182808e+00   1.7812837e+00
   5.7999036e-01   6.0915948e-01   7.9306176e-01   1.0295372e+00   1.7497065e+00
   5.8217609e-01   6.1146658e-01   7.9385237e-01   1.0780094e+00   1.6636366e+00
   5.8194602e-01   6.1554181e-01   8.0513015e-01   1.1372826e+00   1.5972646e+00
   5.8378994e-01   6.1250465e-01   8.1551178e-01   1.1625050e+00   1.5724293e+00
   5.7240103e-01   5.9903730e-01   8.2007360e-01   1.0301148e+00   1.7273625e+00
   5.9603397e-01   6.2602168e-01   8.3520685e-01   1.0512831e+00   1.6771961e+00
   6.0875051e-01   6.4389372e-01   8.4221452e-01   1.1006450e+00   1.6112354e+00
   6.0431745e-01   6.3256158e-01   8.5210948e-01   1.1612142e+00   1.5539757e+00
   5.8381608e-01   5.9775196e-01   8.3784683e-01   1.0473470e+00   1.6802308e+00
   5.9339295e-01   6.2249126e-01   8.6228082e-01   1.0679727e+00   1.6435672e+00
   6.0403654e-01   6.3374711e-01   8.6143982e-01   1.1211477e+00   1.5819235e+00
   5.8307046e-01   5.9168438e-01   8.4346124e-01   1.0625738e+00   1.6553943e+00
   5.8371111e-01   6.1175601e-01   8.6493946e-01   1.0865868e+00   1.6222390e+00
   5.7562094e-01   5.8227753e-01   8.3768240e-01   1.0775276e+00   1.6406837e+00
   5.6441465e-01   5.9108121e-01   7.9890883e-01   1.0417435e+00   1.7202492e+00
   5.7315236e-01   6.0174463e-01   8.0526583e-01   1.0558190e+00   1.6881309e+00
   5.7859330e-01   6.0457058e-01   8.1119998e-01   1.0921144e+00   1.6326784e+00
   5.8580984e-01   6.1152169e-01   8.1609597e-01   1.1186207e+00   1.6022067e+00
   5.7671953e-01   5.9158738e-01   8.1388373e-01   1.0572167e+00   1.6758965e+00
   5.8577478e-01   6.1215006e-01   8.2209984e-01   1.0819062e+00   1.6377589e+00
   5.8524712e-01   6.1317803e-01   8.2843183e-01   1.0993688e+00   1.6155184e+00
   5.7614611e-01   5.8786886e-01   8.2548301e-01   1.0627824e+00   1.6627809e+00
   5.8275817e-01   5.9908691e-01   8.3359422e-01   1.0854047e+00   1.6275566e+00
   5.7726661e-01   5.9124749e-01   8.2941323e-01   1.0775152e+00   1.6407612e+00
   5.7158857e-01   5.8329360e-01   8.0578856e-01   1.0644363e+00   1.6713127e+00
   5.7247346e-01   5.8412947e-01   8.0602188e-01   1.0754476e+00   1.6554910e+00
   5.7659208e-01   5.9298399e-01   8.1241348e-01   1.1004757e+00   1.6217353e+00
   5.7145556e-01   5.8302816e-01   8.0965502e-01   1.0755307e+00   1.6539992e+00
   5.7297954e-01   5.8735071e-01   8.1377680e-01   1.0811089e+00   1.6441988e+00
   5.7132248e-01   5.7745415e-01   8.1501169e-01   1.0801164e+00   1.6465447e+00
   5.6702942e-01   5.7602965e-01   8.0578931e-01   1.0783316e+00   1.6550919e+00
   5.6552661e-01   5.7672132e-01   8.0188273e-01   1.0820142e+00   1.6532121e+00
   5.6711054e-01   5.7399071e-01   8.0450237e-01   1.0800971e+00   1.6538170e+00
   5.6393442e-01   5.7095392e-01   8.0004235e-01   1.0842823e+00   1.6531439e+00
   5.4049331e-01   5.3083086e-01   7.5927974e-01   1.0029339e+00   1.9354463e+00
   5.4200422e-01   5.2304036e-01   7.4926037e-01   9.9053304e-01   2.1133965e+00
   5.5686131e-01   5.0630696e-01   7.2114080e-01   1.0178222e+00   2.1747384e+00
   5.4971553e-01   4.9062586e-01   7.0911997e-01   1.0634893e+00   2.0025785e+00
   5.3247297e-01   5.0950770e-01   7.2255758e-01   1.1289850e+00   1.7510132e+00
   5.5533370e-01   5.3185500e-01   7.5389962e-01   1.2440701e+00   1.6275212e+00
   5.6921135e-01   5.5024072e-01   7.8176492e-01   1.2639724e+00   1.5825895e+00
   5.7343017e-01   5.5469281e-01   7.9878140e-01   1.2262732e+00   1.5721521e+00
   5.4854880e-01   5.3125492e-01   7.7816358e-01   9.8900319e-01   1.9717685e+00
   5.6942191e-01   5.3107029e-01   7.9299952e-01   9.6792693e-01   2.1710747e+00
   5.7652724e-01   5.0425253e-01   7.8081258e-01   1.0011416e+00   2.0709038e+00
   5.8274838e-01   4.8654708e-01   7.8233430e-01   1.0861559e+00   1.8389596e+00
   5.8079164e-01   5.1853997e-01   8.0447014e-01   1.2431333e+00   1.6083977e+00
   5.8812015e-01   5.5859070e-01   8.3050837e-01   1.2885561e+00   1.5450094e+00
   5.8437936e-01   5.6283404e-01   8.2106510e-01   1.2473785e+00   1.5502221e+00
   5.6758014e-01   5.5098201e-01   8.2714513e-01   9.8336125e-01   1.8983319e+00
   5.9204733e-01   5.4772307e-01   8.7460954e-01   9.7192876e-01   1.9815772e+00
   5.9624808e-01   5.4091992e-01   9.0826466e-01   1.0190950e+00   1.8246759e+00
   6.2995001e-01   5.2418430e-01   9.3339796e-01   1.1813239e+00   1.6467873e+00
   5.9866486e-01   5.5445759e-01   8.8692960e-01   1.2291184e+00   1.5499757e+00
   6.0532059e-01   5.8279767e-01   8.7569437e-01   1.2395107e+00   1.5237016e+00
   5.7057461e-01   5.5381521e-01   8.6283150e-01   1.0014945e+00   1.8240515e+00
   6.1019549e-01   5.6088794e-01   9.1779211e-01   1.0185621e+00   1.7904666e+00
   6.3178710e-01   5.7730410e-01   9.7629735e-01   1.0913477e+00   1.6685289e+00
   6.1787062e-01   5.8801902e-01   9.4300840e-01   1.1712983e+00   1.5587082e+00
   6.2900742e-01   5.9901102e-01   9.3021058e-01   1.2322350e+00   1.5167233e+00
   5.6345269e-01   5.5961171e-01   8.4624174e-01   1.0419136e+00   1.7135936e+00
   5.8275602e-01   5.6651976e-01   8.8141005e-01   1.0599608e+00   1.6759523e+00
   6.0756971e-01   5.7866585e-01   9.2840120e-01   1.1063038e+00   1.6178920e+00
   6.0857414e-01   5.8872748e-01   9.0605341e-01   1.1503664e+00   1.5633262e+00
   5.7697625e-01   5.6805170e-01   8.5630929e-01   1.0577718e+00   1.6742117e+00
   5.8498540e-01   5.7698859e-01   8.7690710e-01   1.0803337e+00   1.6369132e+00
   5.7798978e-01   5.7499326e-01   8.7133099e-01   1.0998953e+00   1.6167811e+00
   5.7125133e-01   5.6885792e-01   8.3748836e-01   1.0725212e+00   1.6540502e+00
   5.7137137e-01   5.6826443e-01   8.4390333e-01   1.0850213e+00   1.6380469e+00
   5.6217466e-01   5.5960760e-01   8.2043971e-01   1.0788532e+00   1.6574193e+00
   5.5104749e-01   5.4143226e-01   7.6467798e-01   9.8972356e-01   1.9678621e+00
   5.7918644e-01   5.5378823e-01   7.5467837e-01   9.7229952e-01   2.1926253e+00
   5.9827549e-01   5.6147932e-01   7.1443477e-01   1.0137026e+00   2.0569168e+00
   6.0621597e-01   5.7668987e-01   7.0572373e-01   1.0842369e+00   1.8238324e+00
   5.9724708e-01   5.7213524e-01   7.1878222e-01   1.2560076e+00   1.6536261e+00
   6.0159589e-01   5.8411648e-01   7.8866145e-01   1.2718023e+00   1.5561290e+00
   5.8772732e-01   5.7595073e-01   8.0924536e-01   1.2352648e+00   1.5506614e+00
   5.7123999e-01   5.5680951e-01   8.0500155e-01   9.6841947e-01   1.9928714e+00
   6.6462786e-01   6.1284045e-01   8.4976576e-01   9.3702840e-01   2.3358239e+00
   8.3072295e-01   6.2624072e-01   8.8197891e-01   1.0547712e+00   2.0879590e+00
   7.1847011e-01   6.1025871e-01   8.2459691e-01   1.2023656e+00   1.6139776e+00
   6.5235963e-01   6.1883731e-01   8.8424522e-01   1.3552905e+00   1.4912658e+00
   6.2313862e-01   6.0145787e-01   8.5883006e-01   1.2747942e+00   1.5104708e+00
   5.9433456e-01   5.7919426e-01   8.6122205e-01   9.5867307e-01   1.9775422e+00
   6.8199619e-01   6.2979876e-01   9.9313259e-01   9.6890145e-01   1.9641577e+00
   9.7810905e-01   6.8456353e-01   1.2693194e+00   1.2064857e+00   1.9167090e+00
   7.4959985e-01   6.8092732e-01   1.0741075e+00   1.2829612e+00   1.5074445e+00
   6.5699025e-01   6.2931222e-01   9.4476937e-01   1.2969934e+00   1.4849263e+00
   5.8967566e-01   5.8741445e-01   8.8180380e-01   9.9663508e-01   1.8006713e+00
   6.5657313e-01   6.2755315e-01   1.0108263e+00   1.0411482e+00   1.7343079e+00
   6.7744474e-01   6.4731400e-01   1.0336511e+00   1.1383046e+00   1.5926623e+00
   6.5755391e-01   6.2812007e-01   9.7316079e-01   1.1925068e+00   1.5306435e+00
   5.8423441e-01   5.8025177e-01   8.7050222e-01   1.0477885e+00   1.6828437e+00
   6.2046206e-01   6.0733988e-01   9.2409354e-01   1.0781563e+00   1.6302235e+00
   6.1331616e-01   6.0055059e-01   9.1357450e-01   1.1105613e+00   1.5925851e+00
   5.8068745e-01   5.8041694e-01   8.6033977e-01   1.0683052e+00   1.6505282e+00
   5.9173785e-01   5.8872983e-01   8.7469013e-01   1.0861244e+00   1.6215487e+00
   5.6785416e-01   5.6547498e-01   8.3250790e-01   1.0825452e+00   1.6449073e+00
   5.6183922e-01   5.5947381e-01   7.7415670e-01   9.9140482e-01   1.9033673e+00
   6.0846069e-01   5.9308995e-01   7.6644443e-01   9.7679246e-01   2.0113160e+00
   6.5418860e-01   6.4208167e-01   7.4958178e-01   1.0382064e+00   1.8674296e+00
   6.5336584e-01   6.3788419e-01   7.5530143e-01   1.1268358e+00   1.6839686e+00
   6.1493401e-01   6.1557757e-01   8.0027290e-01   1.2255749e+00   1.5498958e+00
   6.1872446e-01   6.0497482e-01   8.2534276e-01   1.2445988e+00   1.5293690e+00
   6.0326261e-01   6.0148750e-01   8.2349731e-01   9.6308505e-01   1.9516769e+00
   7.0469881e-01   7.0362965e-01   8.9390994e-01   9.7081556e-01   1.9499066e+00
   7.8173721e-01   7.7887815e-01   9.0243251e-01   1.0877476e+00   1.7406195e+00
   8.2528397e-01   8.2486265e-01   9.4770653e-01   1.3382594e+00   1.5358491e+00
   6.5843618e-01   6.6701332e-01   8.7347708e-01   1.2742793e+00   1.4987395e+00
   6.0109233e-01   5.9878734e-01   8.6477370e-01   9.9335323e-01   1.7980856e+00
   6.9915101e-01   7.0845307e-01   9.8890518e-01   1.0184231e+00   1.7650843e+00
   7.9446947e-01   7.9326596e-01   1.1432759e+00   1.2045484e+00   1.5776706e+00
   7.1762956e-01   7.1618503e-01   1.0061506e+00   1.2447425e+00   1.4984581e+00
   6.1380988e-01   6.1100629e-01   9.0391790e-01   1.0254076e+00   1.7139803e+00
   6.6111346e-01   6.6040112e-01   9.7188476e-01   1.0719160e+00   1.6423094e+00
   6.8151778e-01   6.7812490e-01   9.7893730e-01   1.1467802e+00   1.5566532e+00
   5.9100753e-01   5.8946604e-01   8.6453025e-01   1.0626723e+00   1.6519093e+00
   6.0364005e-01   6.0500650e-01   8.9180177e-01   1.0906760e+00   1.6101163e+00
   5.7488999e-01   5.7465739e-01   8.4290114e-01   1.0792811e+00   1.6406289e+00
   5.7558459e-01   5.8404652e-01   7.8959115e-01   9.9746990e-01   1.8379704e+00
   6.0764541e-01   6.2557083e-01   7.8759791e-01   1.0035112e+00   1.8348998e+00
   6.3878437e-01   6.5658215e-01   7.9294525e-01   1.0800664e+00   1.6855001e+00
   6.3673578e-01   6.5748707e-01   8.0441873e-01   1.1741555e+00   1.5804025e+00
   6.2381270e-01   6.3745671e-01   8.2029730e-01   1.1920622e+00   1.5504245e+00
   6.1585465e-01   6.2454356e-01   8.4509785e-01   1.0078284e+00   1.7589572e+00
   6.4370877e-01   6.6323355e-01   8.5297534e-01   1.0417902e+00   1.6980708e+00
   6.8576619e-01   7.1892242e-01   8.9407535e-01   1.1421579e+00   1.5827866e+00
   6.3956306e-01   6.5209862e-01   8.6295542e-01   1.1637444e+00   1.5468750e+00
   6.2028810e-01   6.3580680e-01   8.6802074e-01   1.0228482e+00   1.7175831e+00
   6.5290249e-01   6.6397070e-01   9.1497757e-01   1.0675356e+00   1.6382080e+00
   6.5023232e-01   6.5956663e-01   9.1150840e-01   1.1488526e+00   1.5480846e+00
   6.0072641e-01   6.0745942e-01   8.6684389e-01   1.0542172e+00   1.6586805e+00
   6.1045568e-01   6.2310967e-01   8.7825405e-01   1.0937571e+00   1.6027830e+00
   5.8425295e-01   5.9054251e-01   8.5629034e-01   1.0781843e+00   1.6326193e+00
   5.8514949e-01   5.9524666e-01   7.9695198e-01   1.0367477e+00   1.7215588e+00
   5.9573738e-01   6.1220630e-01   8.1126028e-01   1.0510885e+00   1.6855067e+00
   6.0132630e-01   6.1648685e-01   8.0803192e-01   1.0926028e+00   1.6301790e+00
   6.0511441e-01   6.2025779e-01   8.1132474e-01   1.1225922e+00   1.5986194e+00
   5.9426466e-01   6.1139603e-01   8.2740775e-01   1.0410461e+00   1.6935896e+00
   6.0904385e-01   6.2602817e-01   8.3070215e-01   1.0760426e+00   1.6381713e+00
   6.2335558e-01   6.3376480e-01   8.4871412e-01   1.1040449e+00   1.5978930e+00
   5.9631920e-01   6.0660911e-01   8.4416371e-01   1.0610503e+00   1.6525691e+00
   6.1528279e-01   6.2712135e-01   8.6711906e-01   1.0922348e+00   1.6051297e+00
   5.8797845e-01   5.9461151e-01   8.3704327e-01   1.0766293e+00   1.6354022e+00
   5.7669608e-01   5.9118900e-01   8.0139072e-01   1.0636305e+00   1.6734413e+00
   5.8675298e-01   6.0306321e-01   8.0366640e-01   1.0795404e+00   1.6485946e+00
   5.8374995e-01   5.9797992e-01   8.1662788e-01   1.0964410e+00   1.6213817e+00
   5.8044213e-01   5.9052215e-01   8.1974959e-01   1.0685037e+00   1.6548158e+00
   5.8743887e-01   6.0417770e-01   8.2772367e-01   1.0857908e+00   1.6277640e+00
   5.8465800e-01   5.9089622e-01   8.2905968e-01   1.0745804e+00   1.6417047e+00
   5.7443176e-01   5.8071500e-01   8.0521368e-01   1.0744899e+00   1.6566193e+00
   5.7394866e-01   5.8305872e-01   8.0738341e-01   1.0860085e+00   1.6411094e+00
   5.7300974e-01   5.7963266e-01   8.1178333e-01   1.0780804e+00   1.6493730e+00
   5.6700386e-01   5.7388274e-01   8.0424191e-01   1.0803123e+00   1.6537503e+00
   5.5736679e-01   5.4108704e-01   7.7365727e-01   1.0038608e+00   1.8733982e+00
   5.5952928e-01   5.4218909e-01   7.6439923e-01   9.9886866e-01   1.9105032e+00
   5.9113881e-01   5.3932219e-01   7.5986957e-01   1.0263721e+00   1.8438463e+00
   6.0481828e-01   5.5657733e-01   7.4841792e-01   1.0929424e+00   1.7158077e+00
   5.9758254e-01   5.2732273e-01   7.8326322e-01   1.1829515e+00   1.6346582e+00
   5.8733620e-01   5.5716242e-01   7.9652338e-01   1.2266400e+00   1.5711509e+00
   5.9520571e-01   5.6560615e-01   8.0844172e-01   1.2032514e+00   1.5652416e+00
   5.6697481e-01   5.4695262e-01   7.8955315e-01   1.0008511e+00   1.8539823e+00
   6.0229545e-01   5.4415729e-01   7.9949057e-01   1.0059432e+00   1.8575920e+00
   6.0138773e-01   5.4370664e-01   8.1776447e-01   1.0179770e+00   1.8031159e+00
   6.2698420e-01   5.5182678e-01   8.1709312e-01   1.1310589e+00   1.6319841e+00
   6.2643576e-01   5.7209688e-01   8.5307354e-01   1.2134125e+00   1.5466039e+00
   6.0621532e-01   5.7263807e-01   8.4011042e-01   1.2271877e+00   1.5407831e+00
   5.6858337e-01   5.5057454e-01   8.2037427e-01   1.0126535e+00   1.7903844e+00
   6.2791617e-01   5.7165489e-01   8.7577250e-01   1.0028016e+00   1.8079379e+00
   6.3538064e-01   5.7838416e-01   8.8613732e-01   1.0715541e+00   1.6571469e+00
   6.4318511e-01   5.9446669e-01   9.1261015e-01   1.1639531e+00   1.5546819e+00
   6.1609738e-01   5.9066489e-01   8.7429059e-01   1.2033053e+00   1.5313832e+00
   5.8203850e-01   5.6483624e-01   8.4953335e-01   1.0281494e+00   1.7304226e+00
   6.1094274e-01   5.6902389e-01   8.8507521e-01   1.0565092e+00   1.6801363e+00
   6.3610995e-01   5.9165657e-01   9.2095165e-01   1.1002817e+00   1.6135004e+00
   6.2770414e-01   5.9692334e-01   8.8993611e-01   1.1524228e+00   1.5561715e+00
   5.9078634e-01   5.7194959e-01   8.6315716e-01   1.0471571e+00   1.6868223e+00
   5.9354149e-01   5.7331496e-01   8.7457864e-01   1.0804426e+00   1.6369959e+00
   6.0868839e-01   5.8598498e-01   8.9011706e-01   1.1075512e+00   1.5989900e+00
   5.7401751e-01   5.6601782e-01   8.3791542e-01   1.0660717e+00   1.6636199e+00
   5.8261307e-01   5.7415586e-01   8.5628895e-01   1.0858998e+00   1.6299000e+00
   5.6785416e-01   5.6547498e-01   8.3250790e-01   1.0825452e+00   1.6449073e+00
   5.7151678e-01   5.5046250e-01   7.7084237e-01   9.9716235e-01   1.8921872e+00
   6.1212439e-01   5.8231052e-01   7.8089959e-01   9.9834267e-01   1.8625464e+00
   6.2244625e-01   5.8452238e-01   7.4263471e-01   1.0401988e+00   1.8287879e+00
   6.3686018e-01   5.8668032e-01   7.7704293e-01   1.1020739e+00   1.6694133e+00
   6.3429814e-01   5.9916543e-01   8.0243573e-01   1.2289554e+00   1.5541984e+00
   6.0770141e-01   5.9420231e-01   8.1154420e-01   1.2220692e+00   1.5453253e+00
   5.9284528e-01   5.7179097e-01   8.1238721e-01   9.8691788e-01   1.8589460e+00
   6.2302614e-01   5.7546374e-01   8.3562973e-01   9.9436768e-01   1.8328091e+00
   7.1055967e-01   6.2047156e-01   8.6238226e-01   1.0587851e+00   1.7256925e+00
   6.8777559e-01   6.3341354e-01   8.6927086e-01   1.1839326e+00   1.5491644e+00
   6.3253558e-01   6.0632491e-01   8.5915740e-01   1.2084779e+00   1.5272947e+00
   6.1290458e-01   5.8732183e-01   8.5158173e-01   1.0042286e+00   1.7741279e+00
   6.6545887e-01   6.1289617e-01   8.9977422e-01   1.0376020e+00   1.7050364e+00
   7.2315734e-01   6.6066021e-01   9.9156497e-01   1.1268351e+00   1.5975808e+00
   6.7988129e-01   6.3610189e-01   9.3781083e-01   1.1994142e+00   1.5223704e+00
   6.0532031e-01   5.8880887e-01   8.5891716e-01   1.0327890e+00   1.7021520e+00
   6.3630714e-01   6.1744173e-01   9.1817845e-01   1.0744828e+00   1.6295942e+00
   6.4782457e-01   6.2693128e-01   9.2218244e-01   1.1326298e+00   1.5638728e+00
   5.8993060e-01   5.8770911e-01   8.6336907e-01   1.0626698e+00   1.6527850e+00
   5.9196504e-01   5.8895587e-01   8.7551948e-01   1.0868622e+00   1.6206079e+00
   5.7588320e-01   5.7351523e-01   8.4175442e-01   1.0791100e+00   1.6410430e+00
   5.8079797e-01   5.7869103e-01   7.8947468e-01   9.9732276e-01   1.8375502e+00
   6.1911729e-01   6.1859464e-01   7.8739212e-01   1.0066771e+00   1.8223382e+00
   6.5038839e-01   6.2961041e-01   7.9018222e-01   1.0709540e+00   1.6966333e+00
   6.6607400e-01   6.3834775e-01   8.0702317e-01   1.1779078e+00   1.5803321e+00
   6.2822681e-01   6.1424073e-01   8.2148394e-01   1.1944431e+00   1.5474268e+00
   6.2519718e-01   5.9927378e-01   8.3592769e-01   1.0052649e+00   1.7759585e+00
   6.6097658e-01   6.4573968e-01   8.5279062e-01   1.0414506e+00   1.6976275e+00
   7.1652150e-01   6.8808616e-01   8.9355785e-01   1.1415157e+00   1.5822864e+00
   6.7857504e-01   6.4578379e-01   8.8961085e-01   1.2000745e+00   1.5246651e+00
   6.2255881e-01   6.1436812e-01   8.6859231e-01   1.0215615e+00   1.7180112e+00
   6.5943632e-01   6.3978757e-01   9.1256636e-01   1.0745989e+00   1.6276364e+00
   6.8914471e-01   6.6058166e-01   9.3918667e-01   1.1447413e+00   1.5571068e+00
   6.0840122e-01   5.9912015e-01   8.6632324e-01   1.0623745e+00   1.6465926e+00
   6.3364398e-01   6.2390212e-01   9.0222221e-01   1.0927462e+00   1.6018978e+00
   5.8866211e-01   5.8604814e-01   8.5651102e-01   1.0780150e+00   1.6325866e+00
   5.8514949e-01   5.9524666e-01   7.9695198e-01   1.0367477e+00   1.7215588e+00
   6.1819455e-01   6.1958218e-01   8.0835985e-01   1.0521189e+00   1.6881694e+00
   6.2756908e-01   6.3156799e-01   8.0184839e-01   1.0938193e+00   1.6401309e+00
   6.2392618e-01   6.2076994e-01   8.1783479e-01   1.1335575e+00   1.5854651e+00
   6.1468995e-01   6.0711958e-01   8.3179696e-01   1.0400777e+00   1.6913222e+00
   6.2692732e-01   6.2743874e-01   8.4235030e-01   1.0676011e+00   1.6441566e+00
   6.4835751e-01   6.4690360e-01   8.6350831e-01   1.1330858e+00   1.5691589e+00
   6.0218864e-01   6.0042269e-01   8.4531605e-01   1.0622530e+00   1.6496823e+00
   6.2146636e-01   6.2284745e-01   8.6594544e-01   1.0894475e+00   1.6076208e+00
   5.9101873e-01   5.9695169e-01   8.4549826e-01   1.0775320e+00   1.6312673e+00
   5.8638528e-01   5.9296547e-01   8.0837250e-01   1.0501072e+00   1.6873877e+00
   5.9648993e-01   6.0319733e-01   8.1070019e-01   1.0748753e+00   1.6478310e+00
   6.0538883e-01   6.1512702e-01   8.2443545e-01   1.1063389e+00   1.6044783e+00
   5.9887118e-01   6.0522502e-01   8.3242571e-01   1.0606730e+00   1.6563272e+00
   5.9961396e-01   5.9801510e-01   8.3063175e-01   1.0847757e+00   1.6250027e+00
   5.8710933e-01   5.9338439e-01   8.3254331e-01   1.0790957e+00   1.6339075e+00
   5.8093412e-01   5.8746819e-01   8.0737204e-01   1.0704591e+00   1.6582238e+00
   5.8822533e-01   5.9944537e-01   8.1490161e-01   1.0867874e+00   1.6317355e+00
   5.8133990e-01   5.8748950e-01   8.1566993e-01   1.0773586e+00   1.6446830e+00
   5.7219651e-01   5.7846517e-01   8.0971226e-01   1.0749746e+00   1.6548365e+00
   5.7062615e-01   5.5682324e-01   7.8334523e-01   1.0233276e+00   1.7775610e+00
   5.8794988e-01   5.4212127e-01   7.8209243e-01   1.0242803e+00   1.8049748e+00
   5.9648277e-01   5.5759686e-01   7.8019628e-01   1.0550422e+00   1.7220737e+00
   6.1353698e-01   5.6519482e-01   7.9536897e-01   1.0911443e+00   1.6596576e+00
   6.1802769e-01   5.6863503e-01   8.0103062e-01   1.1410287e+00   1.6079528e+00
   5.8345527e-01   5.5878763e-01   7.9207638e-01   1.1556420e+00   1.5996956e+00
   5.7343646e-01   5.5406648e-01   7.9589717e-01   1.0164837e+00   1.7873800e+00
   6.0658038e-01   5.6618035e-01   8.2539394e-01   1.0316362e+00   1.7316875e+00
   6.1741954e-01   5.6723217e-01   8.2025969e-01   1.0726811e+00   1.6681722e+00
   6.3702213e-01   5.8486240e-01   8.4518349e-01   1.1248291e+00   1.5962393e+00
   6.1060891e-01   5.8540299e-01   8.2967473e-01   1.1669078e+00   1.5619549e+00
   5.9703423e-01   5.6643874e-01   8.3225027e-01   1.0314555e+00   1.7247312e+00
   6.1997901e-01   5.7610473e-01   8.4634883e-01   1.0552183e+00   1.6779527e+00
   6.2306926e-01   5.8110672e-01   8.5817964e-01   1.0939332e+00   1.6197004e+00
   6.1961398e-01   5.8821755e-01   8.4539176e-01   1.1301494e+00   1.5816827e+00
   5.9123139e-01   5.7515433e-01   8.3974830e-01   1.0519902e+00   1.6766177e+00
   6.0204329e-01   5.7804783e-01   8.6518290e-01   1.0774947e+00   1.6362304e+00
   6.0575251e-01   5.8137237e-01   8.5971305e-01   1.1043796e+00   1.6035637e+00
   5.8632952e-01   5.7228262e-01   8.3848329e-01   1.0785026e+00   1.6404216e+00
   5.8632397e-01   5.7838847e-01   8.5077382e-01   1.0858229e+00   1.6269747e+00
   5.7343025e-01   5.6926295e-01   8.2522712e-01   1.0788509e+00   1.6468359e+00
   5.8374301e-01   5.6402489e-01   7.8305052e-01   1.0175950e+00   1.7893340e+00
   6.1341122e-01   5.7072048e-01   8.0485178e-01   1.0363039e+00   1.7347097e+00
   6.3110320e-01   5.8545106e-01   7.9991001e-01   1.0749856e+00   1.6745845e+00
   6.2561340e-01   5.8640464e-01   8.1459090e-01   1.1338946e+00   1.5959484e+00
   6.2331114e-01   5.9742526e-01   8.2265052e-01   1.1761379e+00   1.5583024e+00
   5.9870868e-01   5.7777135e-01   8.2589120e-01   1.0262293e+00   1.7290543e+00
   6.3365821e-01   5.8799162e-01   8.3436826e-01   1.0453005e+00   1.6987612e+00
   6.4805613e-01   6.0527326e-01   8.5189443e-01   1.1027947e+00   1.6088783e+00
   6.5063883e-01   6.1936875e-01   8.6751898e-01   1.1627031e+00   1.5488646e+00
   5.9946274e-01   5.8427360e-01   8.3227027e-01   1.0455081e+00   1.6849875e+00
   6.3133680e-01   6.0509602e-01   8.6580080e-01   1.0704543e+00   1.6368069e+00
   6.3432705e-01   6.0796199e-01   8.6958076e-01   1.1172327e+00   1.5824994e+00
   5.9832602e-01   5.8561025e-01   8.4043460e-01   1.0608716e+00   1.6571190e+00
   6.1370164e-01   5.9818507e-01   8.5756567e-01   1.0844038e+00   1.6185847e+00
   5.8580268e-01   5.7187119e-01   8.3780336e-01   1.0790756e+00   1.6401010e+00
   6.0990560e-01   5.8821808e-01   8.1246407e-01   1.0283251e+00   1.7304532e+00
   6.2054242e-01   6.0080605e-01   8.0712575e-01   1.0527040e+00   1.6885395e+00
   6.2095798e-01   6.0121487e-01   8.2383642e-01   1.0919262e+00   1.6222725e+00
   6.2867435e-01   6.0854674e-01   8.3075121e-01   1.1343959e+00   1.5791306e+00
   6.1132973e-01   5.9991024e-01   8.2800515e-01   1.0405966e+00   1.6925787e+00
   6.2721283e-01   6.0971801e-01   8.4071898e-01   1.0695812e+00   1.6424709e+00
   6.3866479e-01   6.2124996e-01   8.5609176e-01   1.1169996e+00   1.5838872e+00
   6.0982040e-01   5.9509341e-01   8.4354655e-01   1.0632153e+00   1.6502518e+00
   6.1336154e-01   6.0047225e-01   8.5685427e-01   1.0848112e+00   1.6174455e+00
   5.9152642e-01   5.8250277e-01   8.4230289e-01   1.0788935e+00   1.6336676e+00
   5.9724676e-01   5.9462798e-01   8.1083673e-01   1.0543546e+00   1.6776158e+00
   6.0979736e-01   5.9344559e-01   8.1366778e-01   1.0734006e+00   1.6497936e+00
   6.1852803e-01   6.0417693e-01   8.2512722e-01   1.1075552e+00   1.6037527e+00
   6.0431819e-01   5.9264421e-01   8.2042965e-01   1.0661283e+00   1.6550230e+00
   6.0303335e-01   5.9482467e-01   8.3077776e-01   1.0848011e+00   1.6254047e+00
   5.9059428e-01   5.8907251e-01   8.3213292e-01   1.0789207e+00   1.6340969e+00
   5.8985831e-01   5.8245689e-01   8.0323761e-01   1.0718267e+00   1.6584626e+00
   5.9799826e-01   5.8960367e-01   8.1483842e-01   1.0855446e+00   1.6327766e+00
   5.8133990e-01   5.8748950e-01   8.1566993e-01   1.0773586e+00   1.6446830e+00
   5.7501148e-01   5.8131112e-01   8.0579757e-01   1.0752126e+00   1.6550765e+00
   5.7187664e-01   5.5476961e-01   7.9310771e-01   1.0426052e+00   1.7274350e+00
   5.8472328e-01   5.6302923e-01   7.9382984e-01   1.0455355e+00   1.7160208e+00
   5.9030787e-01   5.6951096e-01   7.9193903e-01   1.0728756e+00   1.6705329e+00
   5.8806490e-01   5.6301558e-01   7.9819996e-01   1.1033084e+00   1.6339180e+00
   6.0289481e-01   5.7740530e-01   8.1846675e-01   1.1313166e+00   1.5926037e+00
   5.8305525e-01   5.6271532e-01   8.0442459e-01   1.0419732e+00   1.7154298e+00
   5.9322842e-01   5.7082498e-01   8.1181710e-01   1.0625537e+00   1.6723514e+00
   5.9882029e-01   5.7401176e-01   8.2126605e-01   1.0830546e+00   1.6394135e+00
   6.0861444e-01   5.7936409e-01   8.2449427e-01   1.1119679e+00   1.6065668e+00
   5.8631588e-01   5.6702092e-01   8.1889954e-01   1.0610398e+00   1.6730617e+00
   5.9709722e-01   5.7685031e-01   8.2633538e-01   1.0700430e+00   1.6522908e+00
   6.0784740e-01   5.8277059e-01   8.4021199e-01   1.0916706e+00   1.6197714e+00
   5.8274866e-01   5.6888979e-01   8.3343556e-01   1.0733662e+00   1.6503858e+00
   5.8952854e-01   5.7540500e-01   8.3209713e-01   1.0787151e+00   1.6394953e+00
   5.7343025e-01   5.6926295e-01   8.2522712e-01   1.0788509e+00   1.6468359e+00
   5.8724434e-01   5.6577702e-01   7.9746975e-01   1.0423283e+00   1.7178779e+00
   6.0099276e-01   5.7978784e-01   8.0625238e-01   1.0612537e+00   1.6745882e+00
   6.0739121e-01   5.8741357e-01   8.0664101e-01   1.0833485e+00   1.6427638e+00
   6.1087344e-01   5.8838095e-01   8.0725947e-01   1.1219520e+00   1.6034182e+00
   6.0074014e-01   5.7983432e-01   8.1646056e-01   1.0562162e+00   1.6762653e+00
   6.0781906e-01   5.8245049e-01   8.2359793e-01   1.0766353e+00   1.6440001e+00
   6.0647607e-01   5.8189009e-01   8.2574014e-01   1.0989482e+00   1.6169190e+00
   5.9532868e-01   5.7815882e-01   8.2607502e-01   1.0696422e+00   1.6520048e+00
   5.9667942e-01   5.8402412e-01   8.3565745e-01   1.0868075e+00   1.6246925e+00
   5.8221819e-01   5.7397804e-01   8.2289467e-01   1.0757979e+00   1.6471974e+00
   5.9156684e-01   5.7763743e-01   8.0800941e-01   1.0604835e+00   1.6736274e+00
   5.9532094e-01   5.8382077e-01   8.0821488e-01   1.0766133e+00   1.6489186e+00
   6.0225970e-01   5.8500650e-01   8.0729326e-01   1.0958163e+00   1.6274780e+00
   5.9337450e-01   5.8321588e-01   8.1596653e-01   1.0650950e+00   1.6604466e+00
   6.0304573e-01   5.9481325e-01   8.3077852e-01   1.0848021e+00   1.6254062e+00
   5.8544734e-01   5.7729154e-01   8.1823916e-01   1.0757759e+00   1.6471606e+00
   5.9039500e-01   5.8279922e-01   8.1134857e-01   1.0672354e+00   1.6598805e+00
   5.9788087e-01   5.8942365e-01   8.1463467e-01   1.0857386e+00   1.6326922e+00
   5.8543972e-01   5.7728402e-01   8.1822850e-01   1.0757856e+00   1.6471560e+00
   5.8008014e-01   5.7619266e-01   8.0943011e-01   1.0818083e+00   1.6446456e+00
   5.7417433e-01   5.6158830e-01   7.9482651e-01   1.0587271e+00   1.6925333e+00
   5.8276956e-01   5.6516424e-01   7.9762159e-01   1.0717504e+00   1.6693073e+00
   5.8573317e-01   5.6594220e-01   8.0635736e-01   1.0881878e+00   1.6432553e+00
   6.0055223e-01   5.7640804e-01   8.1437507e-01   1.1073794e+00   1.6151889e+00
   5.8385950e-01   5.6481385e-01   8.0835720e-01   1.0640814e+00   1.6744501e+00
   5.8386459e-01   5.6481877e-01   8.1244005e-01   1.0764550e+00   1.6553420e+00
   5.8801993e-01   5.7018962e-01   8.1545916e-01   1.0884227e+00   1.6362933e+00
   5.8114271e-01   5.6684997e-01   8.1200656e-01   1.0761244e+00   1.6546650e+00
   5.8005696e-01   5.6971764e-01   8.1607248e-01   1.0801555e+00   1.6464134e+00
   5.7826472e-01   5.6759118e-01   8.1329351e-01   1.0810179e+00   1.6477649e+00
   5.8451053e-01   5.7033114e-01   8.0224033e-01   1.0677368e+00   1.6692493e+00
   5.8649647e-01   5.7190784e-01   8.0348119e-01   1.0766506e+00   1.6556994e+00
   5.8714857e-01   5.7326740e-01   8.0444519e-01   1.0885537e+00   1.6400092e+00
   5.8381538e-01   5.6945150e-01   8.0841998e-01   1.0762296e+00   1.6547059e+00
   5.8506231e-01   5.6937470e-01   8.1449124e-01   1.0858811e+00   1.6400320e+00
   5.8011695e-01   5.6977656e-01   8.1623894e-01   1.0799374e+00   1.6465833e+00
   5.7931375e-01   5.6870058e-01   8.0349163e-01   1.0735838e+00   1.6613140e+00
   5.8602199e-01   5.7785819e-01   8.0710356e-01   1.0812972e+00   1.6453092e+00
   5.8141658e-01   5.7331693e-01   8.1294103e-01   1.0809367e+00   1.6449254e+00
   5.7954630e-01   5.7165133e-01   8.0588815e-01   1.0770756e+00   1.6540964e+00
   5.7762969e-01   5.6688632e-01   8.0092942e-01   1.0706505e+00   1.6677834e+00
   5.7892716e-01   5.6524036e-01   8.0306243e-01   1.0816658e+00   1.6530120e+00
   5.8232153e-01   5.6853403e-01   8.0672500e-01   1.0872993e+00   1.6424707e+00
   5.7282284e-01   5.6261199e-01   8.0122236e-01   1.0785027e+00   1.6600138e+00
   5.7664483e-01   5.6636632e-01   8.0813325e-01   1.0865851e+00   1.6441775e+00
   5.7569475e-01   5.6208437e-01   8.0801977e-01   1.0819557e+00   1.6523269e+00
   5.7278840e-01   5.6259612e-01   8.0115472e-01   1.0784333e+00   1.6601525e+00
   5.8161039e-01   5.6786015e-01   8.0575396e-01   1.0847126e+00   1.6463797e+00
   5.7450721e-01   5.6435978e-01   8.0364367e-01   1.0817620e+00   1.6534713e+00
   5.7450721e-01   5.6435978e-01   8.0364367e-01   1.0817620e+00   1.6534713e+00
   5.7254259e-01   5.6235468e-01   8.0084291e-01   1.0782566e+00   1.6607176e+00
   5.7450721e-01   5.6435978e-01   8.0364367e-01   1.0817620e+00   1.6534713e+00
   5.7304684e-01   5.6284996e-01   8.0154824e-01   1.0789414e+00   1.6591164e+00
   5.7304684e-01   5.6284996e-01   8.0154824e-01   1.0789414e+00   1.6591164e+00
   5.7254259e-01   5.6235468e-01   8.0084291e-01   1.0782566e+00   1.6607176e+00
