0.000000000 0.000000000 3.809436417
0.000000000 0.000000000 3.761259184
0.000000000 0.000000000 3.700163387
0.000000000 0.000000000 3.625252570
0.000000000 0.000000000 3.536059064
0.000000000 0.000000000 3.432717413
0.000000000 0.000000000 3.316275091
0.000000000 0.000000000 3.189194769
0.000000000 0.000000000 3.056079056
0.000000000 0.000000000 2.924530111
0.000000000 0.000000000 2.805741698
0.000000000 0.000000000 2.713907903
0.000000000 0.000000000 2.663325485
0.000000000 0.000000000 2.663325485
0.000000000 0.000000000 2.713907903
0.000000000 0.000000000 2.805741698
0.000000000 0.000000000 2.924530111
0.000000000 0.000000000 3.056079056
0.000000000 0.000000000 3.189194769
0.000000000 0.000000000 3.316275091
0.000000000 0.000000000 3.432717413
0.000000000 0.000000000 3.536059064
0.000000000 0.000000000 3.625252570
0.000000000 0.000000000 3.700163387
0.000000000 0.000000000 3.761259184
0.000000000 0.000000000 3.809436417
0.000000000 0.150450367 3.610808817
0.005940931 0.142582347 3.564558674
0.011686356 0.134393090 3.505906709
0.017169962 0.125913052 3.433992324
0.022322444 0.117192830 3.348366558
0.027076321 0.108305286 3.249158574
0.031373739 0.099350175 3.137373945
0.035179396 0.090461305 3.015376835
0.038501143 0.081814930 2.887585751
0.041419481 0.073634634 2.761298764
0.044121031 0.066181547 2.647261887
0.046916860 0.059712367 2.559101444
0.050210846 0.054395084 2.510542323
0.054395084 0.050210846 2.510542323
0.059712367 0.046916860 2.559101444
0.066181547 0.044121031 2.647261887
0.073634634 0.041419481 2.761298764
0.081814930 0.038501143 2.887585751
0.090461305 0.035179396 3.015376835
0.099350175 0.031373739 3.137373945
0.108305286 0.027076321 3.249158574
0.117192830 0.022322444 3.348366558
0.125913052 0.017169962 3.433992324
0.134393090 0.011686356 3.505906709
0.142582347 0.005940931 3.564558674
0.150450367 0.000000000 3.610808817
0.000000000 0.296013071 3.404150316
0.011686356 0.280472537 3.359827262
0.022981698 0.264289530 3.303619129
0.033753404 0.247524960 3.234701177
0.043862861 0.230280021 3.152643151
0.053175110 0.212700441 3.057568833
0.061574440 0.194985725 2.950441897
0.068990247 0.177403492 2.833528000
0.075438234 0.160306248 2.711061544
0.081079404 0.144141163 2.590036515
0.086286997 0.129430496 2.480751175
0.091683148 0.116687642 2.396264084
0.098075614 0.106248582 2.349728259
0.106248582 0.098075614 2.349728259
0.116687642 0.091683148 2.396264084
0.129430496 0.086286997 2.480751175
0.144141163 0.081079404 2.590036515
0.160306248 0.075438234 2.711061544
0.177403492 0.068990247 2.833528000
0.194985725 0.061574440 2.950441897
0.212700441 0.053175110 3.057568833
0.230280021 0.043862861 3.152643151
0.247524960 0.033753404 3.234701177
0.264289530 0.022981698 3.303619129
0.280472537 0.011686356 3.359827262
0.296013071 0.000000000 3.404150316
0.000000000 0.435030308 3.190222261
0.017169962 0.412079079 3.147826297
0.033753404 0.388164141 3.094061995
0.049551390 0.363376857 3.028140476
0.064356004 0.337869022 2.949650190
0.077964806 0.311859222 2.858709538
0.090204228 0.285646721 2.756240295
0.100968367 0.259632944 2.644409611
0.110280776 0.234346649 2.527267784
0.118382959 0.210458593 2.411504713
0.125834777 0.188752165 2.306970909
0.133569430 0.169997457 2.226157170
0.142798558 0.154698438 2.181644642
0.154698438 0.142798558 2.181644642
0.169997457 0.133569430 2.226157170
0.188752165 0.125834777 2.306970909
0.210458593 0.118382959 2.411504713
0.234346649 0.110280776 2.527267784
0.259632944 0.100968367 2.644409611
0.285646721 0.090204228 2.756240295
0.311859222 0.077964806 2.858709538
0.337869022 0.064356004 2.949650190
0.363376857 0.049551390 3.028140476
0.388164141 0.033753404 3.094061995
0.412079079 0.017169962 3.147826297
0.435030308 0.000000000 3.190222261
0.000000000 0.565769450 2.970289613
0.022322444 0.535738649 2.929820738
0.043862861 0.504422904 2.878500268
0.064356004 0.471944030 2.815575182
0.083524652 0.438504422 2.740652637
0.101098882 0.404395528 2.653845650
0.116847273 0.370016365 2.556034100
0.130628620 0.335902166 2.449286629
0.142474327 0.302757945 2.337469430
0.152706399 0.271478042 2.226968317
0.162071318 0.243106977 2.127186050
0.171813351 0.218671537 2.050045662
0.183548017 0.198843685 2.007556431
0.198843685 0.183548017 2.007556431
0.218671537 0.171813351 2.050045662
0.243106977 0.162071318 2.127186050
0.271478042 0.152706399 2.226968317
0.302757945 0.142474327 2.337469430
0.335902166 0.130628620 2.449286629
0.370016365 0.116847273 2.556034100
0.404395528 0.101098882 2.653845650
0.438504422 0.083524652 2.740652637
0.471944030 0.064356004 2.815575182
0.504422904 0.043862861 2.878500268
0.535738649 0.022322444 2.929820738
0.565769450 0.000000000 2.970289613
0.000000000 0.686543483 2.746173930
0.027076321 0.649831715 2.707632145
0.053175110 0.611513767 2.658755507
0.077964806 0.571741908 2.598826853
0.101098882 0.530769130 2.527472048
0.122239936 0.488959746 2.444798728
0.141098692 0.446812525 2.351644870
0.157498643 0.404996510 2.249980612
0.171479043 0.364392967 2.143488042
0.183442400 0.326119822 2.038248886
0.194321816 0.291482723 1.943218156
0.205672623 0.261765157 1.869751120
0.219514222 0.237807074 1.829285185
0.237807074 0.219514222 1.829285185
0.261765157 0.205672623 1.869751120
0.291482723 0.194321816 1.943218156
0.326119822 0.183442400 2.038248886
0.364392967 0.171479043 2.143488042
0.404996510 0.157498643 2.249980612
0.446812525 0.141098692 2.351644870
0.488959746 0.122239936 2.444798728
0.530769130 0.101098882 2.527472048
0.571741908 0.077964806 2.598826853
0.611513767 0.053175110 2.658755507
0.649831715 0.027076321 2.707632145
0.686543483 0.000000000 2.746173930
0.000000000 0.795906022 2.520369069
0.031373739 0.752969747 2.483754373
0.061574440 0.708106055 2.437321567
0.090204228 0.661497671 2.380389346
0.116847273 0.613448184 2.312602281
0.141098692 0.564394769 2.234062627
0.162611353 0.514935951 2.145566462
0.181173447 0.465874579 2.048985417
0.196832082 0.418268174 1.947817475
0.210070263 0.373458246 1.847840278
0.222007716 0.333011574 1.757561083
0.234510839 0.298468340 1.687767399
0.250002911 0.270836487 1.649324762
0.270836487 0.250002911 1.649324762
0.298468340 0.234510839 1.687767399
0.333011574 0.222007716 1.757561083
0.373458246 0.210070263 1.847840278
0.418268174 0.196832082 1.947817475
0.465874579 0.181173447 2.048985417
0.514935951 0.162611353 2.145566462
0.564394769 0.141098692 2.234062627
0.613448184 0.116847273 2.312602281
0.661497671 0.090204228 2.380389346
0.708106055 0.061574440 2.437321567
0.752969747 0.031373739 2.483754373
0.795906022 0.000000000 2.520369069
0.000000000 0.892974535 2.296220233
0.035179396 0.844305514 2.261532626
0.068990247 0.793387840 2.217543652
0.100968367 0.740434691 2.163607864
0.130628620 0.685800256 2.099388539
0.157498643 0.629994571 2.024982551
0.181173447 0.573715917 1.941144079
0.201405925 0.517900949 1.849646247
0.218251032 0.463783442 1.753802934
0.232272277 0.412928493 1.659087694
0.244776006 0.367164008 1.573560036
0.257939683 0.328286869 1.507439704
0.274590468 0.297473007 1.471020363
0.297473007 0.274590468 1.471020363
0.328286869 0.257939683 1.507439704
0.367164008 0.244776006 1.573560036
0.412928493 0.232272277 1.659087694
0.463783442 0.218251032 1.753802934
0.517900949 0.201405925 1.849646247
0.573715917 0.181173447 1.941144079
0.629994571 0.157498643 2.024982551
0.685800256 0.130628620 2.099388539
0.740434691 0.100968367 2.163607864
0.793387840 0.068990247 2.217543652
0.844305514 0.035179396 2.261532626
0.892974535 0.000000000 2.296220233
0.000000000 0.977945298 2.078133758
0.038501143 0.924027440 2.045373240
0.075438234 0.867539694 2.003828098
0.110280776 0.808725691 1.952888742
0.142474327 0.747990218 1.892237158
0.171479043 0.685916173 1.821964836
0.196832082 0.623301592 1.742784057
0.218251032 0.561216939 1.656369437
0.235798702 0.501072241 1.565850753
0.250119101 0.444656179 1.476397470
0.262705195 0.394057793 1.395621349
0.276045516 0.351330657 1.333174369
0.293371104 0.317818696 1.298778325
0.317818696 0.293371104 1.298778325
0.351330657 0.276045516 1.333174369
0.394057793 0.262705195 1.395621349
0.444656179 0.250119101 1.476397470
0.501072241 0.235798702 1.565850753
0.561216939 0.218251032 1.656369437
0.623301592 0.196832082 1.742784057
0.685916173 0.171479043 1.821964836
0.747990218 0.142474327 1.892237158
0.808725691 0.110280776 1.952888742
0.867539694 0.075438234 2.003828098
0.924027440 0.038501143 2.045373240
0.977945298 0.000000000 2.078133758
0.000000000 1.052830840 1.871699271
0.041419481 0.994067555 1.840865843
0.081079404 0.932413145 1.801764532
0.118382959 0.868141697 1.753821609
0.152706399 0.801708594 1.696737765
0.183442400 0.733769599 1.630599109
0.210070263 0.665222500 1.556076023
0.232272277 0.597271570 1.474744617
0.250119101 0.531503089 1.389550560
0.264335245 0.469929325 1.305359236
0.276600297 0.414900445 1.229334651
0.289713853 0.368726722 1.170561023
0.307310834 0.332920071 1.138188275
0.332920071 0.307310834 1.138188275
0.368726722 0.289713853 1.170561023
0.414900445 0.276600297 1.229334651
0.469929325 0.264335245 1.305359236
0.531503089 0.250119101 1.389550560
0.597271570 0.232272277 1.474744617
0.665222500 0.210070263 1.556076023
0.733769599 0.183442400 1.630599109
0.801708594 0.152706399 1.696737765
0.868141697 0.118382959 1.753821609
0.932413145 0.081079404 1.801764532
0.994067555 0.041419481 1.840865843
1.052830840 0.000000000 1.871699271
0.000000000 1.122296679 1.683445019
0.044121031 1.058904755 1.654538680
0.086286997 0.992300470 1.617881201
0.125834777 0.922788364 1.572934711
0.162071318 0.850874420 1.519418607
0.194321816 0.777287262 1.457413617
0.222007716 0.703024433 1.387548224
0.244776006 0.629424014 1.311300030
0.262705195 0.558248540 1.231430602
0.276600297 0.491733861 1.152501236
0.288327517 0.432491275 1.081228188
0.300997521 0.383087753 1.026127911
0.318649107 0.345203200 0.995778460
0.345203200 0.318649107 0.995778460
0.383087753 0.300997521 1.026127911
0.432491275 0.288327517 1.081228188
0.491733861 0.276600297 1.152501236
0.558248540 0.262705195 1.231430602
0.629424014 0.244776006 1.311300030
0.703024433 0.222007716 1.387548224
0.777287262 0.194321816 1.457413617
0.850874420 0.162071318 1.519418607
0.922788364 0.125834777 1.572934711
0.992300470 0.086286997 1.617881201
1.058904755 0.044121031 1.654538680
1.122296679 0.000000000 1.683445019
0.000000000 1.194119478 1.519788426
0.046916860 1.126004636 1.492809176
0.091683148 1.054356197 1.458595529
0.133569430 0.979509155 1.416645472
0.171813351 0.902020091 1.366697108
0.205672623 0.822690493 1.308825784
0.234510839 0.742617656 1.243618084
0.257939683 0.663273470 1.172453103
0.276045516 0.586596722 1.097908304
0.289713853 0.515046850 1.024240895
0.300997521 0.451496281 0.957719384
0.313318250 0.398768682 0.906292459
0.331118721 0.358711947 0.877966304
0.358711947 0.331118721 0.877966304
0.398768682 0.313318250 0.906292459
0.451496281 0.300997521 0.957719384
0.515046850 0.289713853 1.024240895
0.586596722 0.276045516 1.097908304
0.663273470 0.257939683 1.172453103
0.742617656 0.234510839 1.243618084
0.822690493 0.205672623 1.308825784
0.902020091 0.171813351 1.366697108
0.979509155 0.133569430 1.416645472
1.054356197 0.091683148 1.458595529
1.126004636 0.046916860 1.492809176
1.194119478 0.000000000 1.519788426
0.000000000 1.278396233 1.384929252
0.050210846 1.205060315 1.359877092
0.098075614 1.127869564 1.328107277
0.142798558 1.047189428 1.289153652
0.183548017 0.963627087 1.242773029
0.219514222 0.878056889 1.189035371
0.250002911 0.791675886 1.128485363
0.274590468 0.706089774 1.062403595
0.293371104 0.623413596 0.993183425
0.307310834 0.546330372 0.924777974
0.318649107 0.477973661 0.863007999
0.331118721 0.421423826 0.815254426
0.349566233 0.378696753 0.788951568
0.378696753 0.349566233 0.788951568
0.421423826 0.331118721 0.815254426
0.477973661 0.318649107 0.863007999
0.546330372 0.307310834 0.924777974
0.623413596 0.293371104 0.993183425
0.706089774 0.274590468 1.062403595
0.791675886 0.250002911 1.128485363
0.878056889 0.219514222 1.189035371
0.963627087 0.183548017 1.242773029
1.047189428 0.142798558 1.289153652
1.127869564 0.098075614 1.328107277
1.205060315 0.050210846 1.359877092
1.278396233 0.000000000 1.384929252
0.000000000 1.384929252 1.278396233
0.054395084 1.305482008 1.255271162
0.106248582 1.221858695 1.225945179
0.154698438 1.134455214 1.189987986
0.198843685 1.043929344 1.147175103
0.237807074 0.951228296 1.097571111
0.270836487 0.857648876 1.041678797
0.297473007 0.764930589 0.980680242
0.317818696 0.675364729 0.916784700
0.332920071 0.591857903 0.853641207
0.345203200 0.517804799 0.796622768
0.358711947 0.456542478 0.752542547
0.378696753 0.410254815 0.728262986
0.410254815 0.378696753 0.728262986
0.456542478 0.358711947 0.752542547
0.517804799 0.345203200 0.796622768
0.591857903 0.332920071 0.853641207
0.675364729 0.317818696 0.916784700
0.764930589 0.297473007 0.980680242
0.857648876 0.270836487 1.041678797
0.951228296 0.237807074 1.097571111
1.043929344 0.198843685 1.147175103
1.134455214 0.154698438 1.189987986
1.221858695 0.106248582 1.225945179
1.305482008 0.054395084 1.255271162
1.384929252 0.000000000 1.278396233
0.000000000 1.519788426 1.194119478
0.059712367 1.433096809 1.172921495
0.116687642 1.341907887 1.146039344
0.169997457 1.246648015 1.113078585
0.218671537 1.148025571 1.073833442
0.261765157 1.047060627 1.028363116
0.298468340 0.945149744 0.977128494
0.328286869 0.844166234 0.921213152
0.351330657 0.746577647 0.862642239
0.368726722 0.655514173 0.804760703
0.383087753 0.574631630 0.752493801
0.398768682 0.507523777 0.712086932
0.421423826 0.456542478 0.689830668
0.456542478 0.421423826 0.689830668
0.507523777 0.398768682 0.712086932
0.574631630 0.383087753 0.752493801
0.655514173 0.368726722 0.804760703
0.746577647 0.351330657 0.862642239
0.844166234 0.328286869 0.921213152
0.945149744 0.298468340 0.977128494
1.047060627 0.261765157 1.028363116
1.148025571 0.218671537 1.073833442
1.246648015 0.169997457 1.113078585
1.341907887 0.116687642 1.146039344
1.433096809 0.059712367 1.172921495
1.519788426 0.000000000 1.194119478
0.000000000 1.683445019 1.122296679
0.066181547 1.588357132 1.103025786
0.129430496 1.488450705 1.078587467
0.188752165 1.384182545 1.048623140
0.243106977 1.276311630 1.012945738
0.291482723 1.165930893 0.971609078
0.333011574 1.054536650 0.925032149
0.367164008 0.944136022 0.874200020
0.394057793 0.837372810 0.820953735
0.414900445 0.737600791 0.768334157
0.432491275 0.648736913 0.720818792
0.451496281 0.574631630 0.684085274
0.477973661 0.517804799 0.663852307
0.517804799 0.477973661 0.663852307
0.574631630 0.451496281 0.684085274
0.648736913 0.432491275 0.720818792
0.737600791 0.414900445 0.768334157
0.837372810 0.394057793 0.820953735
0.944136022 0.367164008 0.874200020
1.054536650 0.333011574 0.925032149
1.165930893 0.291482723 0.971609078
1.276311630 0.243106977 1.012945738
1.384182545 0.188752165 1.048623140
1.488450705 0.129430496 1.078587467
1.588357132 0.066181547 1.103025786
1.683445019 0.000000000 1.122296679
0.000000000 1.871699271 1.052830840
0.073634634 1.767231209 1.035487037
0.144141163 1.657623370 1.013492549
0.210458593 1.543363016 0.986524655
0.271478042 1.425259723 0.954414993
0.326119822 1.304479287 0.917211999
0.373458246 1.182617778 0.875292763
0.412928493 1.061816124 0.829543847
0.444656179 0.944894381 0.781622190
0.469929325 0.835429911 0.734264570
0.491733861 0.737600791 0.691500741
0.515046850 0.655514173 0.658440575
0.546330372 0.591857903 0.640230905
0.591857903 0.546330372 0.640230905
0.655514173 0.515046850 0.658440575
0.737600791 0.491733861 0.691500741
0.835429911 0.469929325 0.734264570
0.944894381 0.444656179 0.781622190
1.061816124 0.412928493 0.829543847
1.182617778 0.373458246 0.875292763
1.304479287 0.326119822 0.917211999
1.425259723 0.271478042 0.954414993
1.543363016 0.210458593 0.986524655
1.657623370 0.144141163 1.013492549
1.767231209 0.073634634 1.035487037
1.871699271 0.000000000 1.052830840
0.000000000 2.078133758 0.977945298
0.081814930 1.963558310 0.962528584
0.160306248 1.843521850 0.942977928
0.234346649 1.718542093 0.919006467
0.302757945 1.589479213 0.890464545
0.364392967 1.457571868 0.857395217
0.418268174 1.324515883 0.820133674
0.463783442 1.192585995 0.779467971
0.501072241 1.064778512 0.736870942
0.531503089 0.944894381 0.694775280
0.558248540 0.837372810 0.656762988
0.586596722 0.746577647 0.627376174
0.623413596 0.675364729 0.611189800
0.675364729 0.623413596 0.611189800
0.746577647 0.586596722 0.627376174
0.837372810 0.558248540 0.656762988
0.944894381 0.531503089 0.694775280
1.064778512 0.501072241 0.736870942
1.192585995 0.463783442 0.779467971
1.324515883 0.418268174 0.820133674
1.457571868 0.364392967 0.857395217
1.589479213 0.302757945 0.890464545
1.718542093 0.234346649 0.919006467
1.843521850 0.160306248 0.942977928
1.963558310 0.081814930 0.962528584
2.078133758 0.000000000 0.977945298
0.000000000 2.296220233 0.892974535
0.090461305 2.171071321 0.879484910
0.177403492 2.040140160 0.862378087
0.259632944 1.903974920 0.841403058
0.335902166 1.763486373 0.816428876
0.404996510 1.619986041 0.787493214
0.465874579 1.475269500 0.754889364
0.517900949 1.331745298 0.719306874
0.561216939 1.192585995 0.682034474
0.597271570 1.061816124 0.645200770
0.629424014 0.944136022 0.611940014
0.663273470 0.844166234 0.586226552
0.706089774 0.764930589 0.572063474
0.764930589 0.706089774 0.572063474
0.844166234 0.663273470 0.586226552
0.944136022 0.629424014 0.611940014
1.061816124 0.597271570 0.645200770
1.192585995 0.561216939 0.682034474
1.331745298 0.517900949 0.719306874
1.475269500 0.465874579 0.754889364
1.619986041 0.404996510 0.787493214
1.763486373 0.335902166 0.816428876
1.903974920 0.259632944 0.841403058
2.040140160 0.177403492 0.862378087
2.171071321 0.090461305 0.879484910
2.296220233 0.000000000 0.892974535
0.000000000 2.520369069 0.795906022
0.099350175 2.384404198 0.784343486
0.194985725 2.242335842 0.769680495
0.285646721 2.094742624 0.751701899
0.370016365 1.942585916 0.730295457
0.446812525 1.787250101 0.705493461
0.514935951 1.630630511 0.677547304
0.573715917 1.475269500 0.647048026
0.623301592 1.324515883 0.615100255
0.665222500 1.182617778 0.583528509
0.703024433 1.054536650 0.555019289
0.742617656 0.945149744 0.532979179
0.791675886 0.857648876 0.520839398
0.857648876 0.791675886 0.520839398
0.945149744 0.742617656 0.532979179
1.054536650 0.703024433 0.555019289
1.182617778 0.665222500 0.583528509
1.324515883 0.623301592 0.615100255
1.475269500 0.573715917 0.647048026
1.630630511 0.514935951 0.677547304
1.787250101 0.446812525 0.705493461
1.942585916 0.370016365 0.730295457
2.094742624 0.285646721 0.751701899
2.242335842 0.194985725 0.769680495
2.384404198 0.099350175 0.784343486
2.520369069 0.000000000 0.795906022
0.000000000 2.746173930 0.686543483
0.108305286 2.599326859 0.676908036
0.212700441 2.446055066 0.664688877
0.311859222 2.286967630 0.649706713
0.404395528 2.123076520 0.631868012
0.488959746 1.955838982 0.611199682
0.564394769 1.787250101 0.587911218
0.629994571 1.619986041 0.562495153
0.685916173 1.457571868 0.535872010
0.733769599 1.304479287 0.509562222
0.777287262 1.165930893 0.485804539
0.822690493 1.047060627 0.467437780
0.878056889 0.951228296 0.457321296
0.951228296 0.878056889 0.457321296
1.047060627 0.822690493 0.467437780
1.165930893 0.777287262 0.485804539
1.304479287 0.733769599 0.509562222
1.457571868 0.685916173 0.535872010
1.619986041 0.629994571 0.562495153
1.787250101 0.564394769 0.587911218
1.955838982 0.488959746 0.611199682
2.123076520 0.404395528 0.631868012
2.286967630 0.311859222 0.649706713
2.446055066 0.212700441 0.664688877
2.599326859 0.108305286 0.676908036
2.746173930 0.000000000 0.686543483
0.000000000 2.970289613 0.565769450
0.117192830 2.812627909 0.558061093
0.230280021 2.648220247 0.548285765
0.337869022 2.477706160 0.536300035
0.438504422 2.302148215 0.522029074
0.530769130 2.123076520 0.505494410
0.613448184 1.942585916 0.486863638
0.685800256 1.763486373 0.466530786
0.747990218 1.589479213 0.445232272
0.801708594 1.425259723 0.424184441
0.850874420 1.276311630 0.405178295
0.902020091 1.148025571 0.390484888
0.963627087 1.043929344 0.382391701
1.043929344 0.963627087 0.382391701
1.148025571 0.902020091 0.390484888
1.276311630 0.850874420 0.405178295
1.425259723 0.801708594 0.424184441
1.589479213 0.747990218 0.445232272
1.763486373 0.685800256 0.466530786
1.942585916 0.613448184 0.486863638
2.123076520 0.530769130 0.505494410
2.302148215 0.438504422 0.522029074
2.477706160 0.337869022 0.536300035
2.648220247 0.230280021 0.548285765
2.812627909 0.117192830 0.558061093
2.970289613 0.000000000 0.565769450
0.000000000 3.190222261 0.435030308
0.125913052 3.021913245 0.429249040
0.247524960 2.846537035 0.421917545
0.363376857 2.664763619 0.412928247
0.471944030 2.477706160 0.402225026
0.571741908 2.286967630 0.389824028
0.661497671 2.094742624 0.375850949
0.740434691 1.903974920 0.360601311
0.808725691 1.718542093 0.344627425
0.868141697 1.543363016 0.328841552
0.922788364 1.384182545 0.314586942
0.979509155 1.246648015 0.303566887
1.047189428 1.134455214 0.297496997
1.134455214 1.047189428 0.297496997
1.246648015 0.979509155 0.303566887
1.384182545 0.922788364 0.314586942
1.543363016 0.868141697 0.328841552
1.718542093 0.808725691 0.344627425
1.903974920 0.740434691 0.360601311
2.094742624 0.661497671 0.375850949
2.286967630 0.571741908 0.389824028
2.477706160 0.471944030 0.402225026
2.664763619 0.363376857 0.412928247
2.846537035 0.247524960 0.421917545
3.021913245 0.125913052 0.429249040
3.190222261 0.000000000 0.435030308
0.000000000 3.404150316 0.296013071
0.134393090 3.225434172 0.292158892
0.264289530 3.039329598 0.287271229
0.388164141 2.846537035 0.281278363
0.504422904 2.648220247 0.274142883
0.611513767 2.446055066 0.265875551
0.708106055 2.242335842 0.256560165
0.793387840 2.040140160 0.246393739
0.867539694 1.843521850 0.235744482
0.932413145 1.657623370 0.225220567
0.992300470 1.488450705 0.215717493
1.054356197 1.341907887 0.208370790
1.127869564 1.221858695 0.204324196
1.221858695 1.127869564 0.204324196
1.341907887 1.054356197 0.208370790
1.488450705 0.992300470 0.215717493
1.657623370 0.932413145 0.225220567
1.843521850 0.867539694 0.235744482
2.040140160 0.793387840 0.246393739
2.242335842 0.708106055 0.256560165
2.446055066 0.611513767 0.265875551
2.648220247 0.504422904 0.274142883
2.846537035 0.388164141 0.281278363
3.039329598 0.264289530 0.287271229
3.225434172 0.134393090 0.292158892
3.404150316 0.000000000 0.296013071
0.000000000 3.610808817 0.150450367
0.142582347 3.421976327 0.148523278
0.280472537 3.225434172 0.146079446
0.412079079 3.021913245 0.143083013
0.535738649 2.812627909 0.139515273
0.649831715 2.599326859 0.135381607
0.752969747 2.384404198 0.130723914
0.844305514 2.171071321 0.125640701
0.924027440 1.963558310 0.120316073
0.994067555 1.767231209 0.115054115
1.058904755 1.588357132 0.110302579
1.126004636 1.433096809 0.106629227
1.205060315 1.305482008 0.104605930
1.305482008 1.205060315 0.104605930
1.433096809 1.126004636 0.106629227
1.588357132 1.058904755 0.110302579
1.767231209 0.994067555 0.115054115
1.963558310 0.924027440 0.120316073
2.171071321 0.844305514 0.125640701
2.384404198 0.752969747 0.130723914
2.599326859 0.649831715 0.135381607
2.812627909 0.535738649 0.139515273
3.021913245 0.412079079 0.143083013
3.225434172 0.280472537 0.146079446
3.421976327 0.142582347 0.148523278
3.610808817 0.000000000 0.150450367
0.000000000 3.809436417 0.000000000
0.150450367 3.610808817 0.000000000
0.296013071 3.404150316 0.000000000
0.435030308 3.190222261 0.000000000
0.565769450 2.970289613 0.000000000
0.686543483 2.746173930 0.000000000
0.795906022 2.520369069 0.000000000
0.892974535 2.296220233 0.000000000
0.977945298 2.078133758 0.000000000
1.052830840 1.871699271 0.000000000
1.122296679 1.683445019 0.000000000
1.194119478 1.519788426 0.000000000
1.278396233 1.384929252 0.000000000
1.384929252 1.278396233 0.000000000
1.519788426 1.194119478 0.000000000
1.683445019 1.122296679 0.000000000
1.871699271 1.052830840 0.000000000
2.078133758 0.977945298 0.000000000
2.296220233 0.892974535 0.000000000
2.520369069 0.795906022 0.000000000
2.746173930 0.686543483 0.000000000
2.970289613 0.565769450 0.000000000
3.190222261 0.435030308 0.000000000
3.404150316 0.296013071 0.000000000
3.610808817 0.150450367 0.000000000
3.809436417 0.000000000 0.000000000
