20.714675855 0.000000000 0.000000000
20.133731498 1.266707018 0.000000000
18.531694991 2.341097510 0.000000000
16.267562838 3.103203577 0.000000000
13.770803437 3.535741370 0.000000000
11.398823177 3.703702164 0.000000000
9.364670658 3.707735407 0.000000000
7.740807989 3.642547747 0.000000000
6.504854860 3.576074221 0.000000000
5.590284392 3.547702354 0.000000000
4.922427634 3.576353017 0.000000000
4.436938555 3.670554793 0.000000000
4.085801009 3.836822534 0.000000000
3.836822534 4.085801009 0.000000000
3.670554793 4.436938555 0.000000000
3.576353017 4.922427634 0.000000000
3.547702354 5.590284392 0.000000000
3.576074221 6.504854860 0.000000000
3.642547747 7.740807989 0.000000000
3.707735407 9.364670658 0.000000000
3.703702164 11.398823177 0.000000000
3.535741370 13.770803437 0.000000000
3.103203577 16.267562838 0.000000000
2.341097510 18.531694991 0.000000000
1.266707018 20.133731498 0.000000000
0.000000000 20.714675855 0.000000000
20.133731498 0.000000000 1.266707018
19.569079762 1.231182142 1.233616402
18.011972467 2.275441286 1.142224032
15.811338039 3.016174042 1.012702823
13.384600409 3.436581286 0.869401529
11.079142482 3.599831610 0.732911820
9.102037894 3.603751739 0.615902525
7.523716554 3.540392272 0.523140994
6.322425806 3.475783000 0.453920214
5.433504523 3.448206823 0.404874834
4.784377849 3.476053977 0.372065782
4.312504341 3.567613858 0.352128634
3.971214469 3.729218610 0.342741275
3.729218610 3.971214469 0.342741275
3.567613858 4.312504341 0.352128634
3.476053977 4.784377849 0.372065782
3.448206823 5.433504523 0.404874834
3.475783000 6.322425806 0.453920214
3.540392272 7.523716554 0.523140994
3.603751739 9.102037894 0.615902525
3.599831610 11.079142482 0.732911820
3.436581286 13.384600409 0.869401529
3.016174042 15.811338039 1.012702823
2.275441286 18.011972467 1.142224032
1.231182142 19.569079762 1.233616402
0.000000000 20.133731498 1.266707018
18.531694991 0.000000000 2.341097510
18.011972467 1.133217254 2.279940228
16.578763850 2.094384933 2.111031043
14.553233411 2.776177748 1.871653052
12.319590751 3.163133283 1.606807040
10.197577595 3.313393814 1.354550037
8.377790777 3.317002020 1.138296265
6.925056112 3.258684052 0.966856630
5.819351800 3.199215725 0.838924446
5.001161784 3.173833779 0.748279952
4.403685975 3.199465141 0.687643048
3.969359336 3.283739622 0.650795690
3.655225823 3.432485520 0.633446199
3.432485520 3.655225823 0.633446199
3.283739622 3.969359336 0.650795690
3.199465141 4.403685975 0.687643048
3.173833779 5.001161784 0.748279952
3.199215725 5.819351800 0.838924446
3.258684052 6.925056112 0.966856630
3.317002020 8.377790777 1.138296265
3.313393814 10.197577595 1.354550037
3.163133283 12.319590751 1.606807040
2.776177748 14.553233411 1.871653052
2.094384933 16.578763850 2.111031043
1.133217254 18.011972467 2.279940228
0.000000000 18.531694991 2.341097510
16.267562838 0.000000000 3.103203577
15.811338039 0.994765072 3.022137540
14.553233411 1.838500931 2.798242728
12.775174593 2.436994889 2.480939142
10.814429915 2.776673664 2.129876835
8.951676271 2.908575935 1.795501683
7.354224099 2.911743304 1.508850028
6.078979042 2.860550403 1.281601018
5.108365486 2.808347691 1.112022600
4.390138821 2.786066814 0.991870272
3.865660337 2.808566634 0.911494014
3.484398079 2.882544779 0.862651601
3.208644206 3.013117468 0.839654266
3.013117468 3.208644206 0.839654266
2.882544779 3.484398079 0.862651601
2.808566634 3.865660337 0.911494014
2.786066814 4.390138821 0.991870272
2.808347691 5.108365486 1.112022600
2.860550403 6.078979042 1.281601018
2.911743304 7.354224099 1.508850028
2.908575935 8.951676271 1.795501683
2.776673664 10.814429915 2.129876835
2.436994889 12.775174593 2.480939142
1.838500931 14.553233411 2.798242728
0.994765072 15.811338039 3.022137540
0.000000000 16.267562838 3.103203577
13.770803437 0.000000000 3.535741370
13.384600409 0.842087681 3.443376002
12.319590751 1.556326242 3.188273774
10.814429915 2.062962837 2.826743055
9.154622000 2.350507425 2.426748182
7.577765372 2.462165223 2.045766391
6.225491520 2.464846461 1.719160001
5.145972160 2.421510691 1.460236052
4.324329200 2.377320095 1.267021069
3.716336575 2.358458907 1.130121395
3.272355496 2.377505435 1.038541950
2.949609694 2.440129351 0.982891672
2.716178760 2.550661633 0.956688870
2.550661633 2.716178760 0.956688870
2.440129351 2.949609694 0.982891672
2.377505435 3.272355496 1.038541950
2.358458907 3.716336575 1.130121395
2.377320095 4.324329200 1.267021069
2.421510691 5.145972160 1.460236052
2.464846461 6.225491520 1.719160001
2.462165223 7.577765372 2.045766391
2.350507425 9.154622000 2.426748182
2.062962837 10.814429915 2.826743055
1.556326242 12.319590751 3.188273774
0.842087681 13.384600409 3.443376002
0.000000000 13.770803437 3.535741370
11.398823177 0.000000000 3.703702164
11.079142482 0.697040563 3.606949100
10.197577595 1.288253639 3.339728572
8.951676271 1.707623576 2.961023807
7.577765372 1.945639457 2.542027698
6.272517646 2.038064528 2.142947862
5.153168975 2.040283931 1.800826460
4.259593640 2.004412619 1.529602666
3.579476255 1.967833724 1.327209257
3.076208565 1.952221319 1.183806342
2.708701917 1.967987139 1.087876534
2.441548127 2.019824270 1.029582662
2.248324983 2.111317693 1.002135130
2.111317693 2.248324983 1.002135130
2.019824270 2.441548127 1.029582662
1.967987139 2.708701917 1.087876534
1.952221319 3.076208565 1.183806342
1.967833724 3.579476255 1.327209257
2.004412619 4.259593640 1.529602666
2.040283931 5.153168975 1.800826460
2.038064528 6.272517646 2.142947862
1.945639457 7.577765372 2.542027698
1.707623576 8.951676271 2.961023807
1.288253639 10.197577595 3.339728572
0.697040563 11.079142482 3.606949100
0.000000000 11.398823177 3.703702164
9.364670658 0.000000000 3.707735407
9.102037894 0.572651685 3.610876980
8.377790777 1.058361102 3.343365456
7.354224099 1.402893276 2.964248291
6.225491520 1.598434544 2.544795904
5.153168975 1.674366098 2.145281480
4.233571268 1.676189442 1.802787517
3.499457001 1.646719468 1.531268366
2.940708504 1.616668181 1.328654555
2.527250370 1.603841854 1.185095478
2.225326332 1.616794219 1.089061206
2.005846898 1.659380866 1.030703853
1.847104975 1.734547026 1.003226431
1.734547026 1.847104975 1.003226431
1.659380866 2.005846898 1.030703853
1.616794219 2.225326332 1.089061206
1.603841854 2.527250370 1.185095478
1.616668181 2.940708504 1.328654555
1.646719468 3.499457001 1.531268366
1.676189442 4.233571268 1.802787517
1.674366098 5.153168975 2.145281480
1.598434544 6.225491520 2.544795904
1.402893276 7.354224099 2.964248291
1.058361102 8.377790777 3.343365456
0.572651685 9.102037894 3.610876980
0.000000000 9.364670658 3.707735407
7.740807989 0.000000000 3.642547747
7.523716554 0.473352123 3.547392240
6.925056112 0.874838034 3.284583977
6.078979042 1.159627271 2.912132272
5.145972160 1.321261082 2.500054500
4.259593640 1.384025871 2.107564151
3.499457001 1.385533042 1.771091755
2.892640403 1.361173252 1.504346326
2.430780613 1.336332950 1.305294776
2.089017390 1.325730748 1.164259687
1.839447908 1.336437133 1.069913844
1.658026882 1.371639125 1.012582503
1.526811296 1.433771242 0.985588176
1.433771242 1.526811296 0.985588176
1.371639125 1.658026882 1.012582503
1.336437133 1.839447908 1.069913844
1.325730748 2.089017390 1.164259687
1.336332950 2.430780613 1.305294776
1.361173252 2.892640403 1.504346326
1.385533042 3.499457001 1.771091755
1.384025871 4.259593640 2.107564151
1.321261082 5.145972160 2.500054500
1.159627271 6.078979042 2.912132272
0.874838034 6.925056112 3.284583977
0.473352123 7.523716554 3.547392240
0.000000000 7.740807989 3.642547747
6.504854860 0.000000000 3.576074221
6.322425806 0.397773316 3.482655225
5.819351800 0.735155096 3.224642998
5.108365486 0.974472833 2.858988233
4.324329200 1.110299026 2.454430544
3.579476255 1.163042337 2.069102824
2.940708504 1.164308862 1.738770775
2.430780613 1.143838532 1.476893233
2.042664681 1.122964411 1.281474211
1.755469835 1.114055033 1.143012897
1.545748413 1.123051959 1.050388789
1.393294374 1.152633348 0.994103698
1.283029613 1.204845004 0.967601996
1.204845004 1.283029613 0.967601996
1.152633348 1.393294374 0.994103698
1.123051959 1.545748413 1.050388789
1.114055033 1.755469835 1.143012897
1.122964411 2.042664681 1.281474211
1.143838532 2.430780613 1.476893233
1.164308862 2.940708504 1.738770775
1.163042337 3.579476255 2.069102824
1.110299026 4.324329200 2.454430544
0.974472833 5.108365486 2.858988233
0.735155096 5.819351800 3.224642998
0.397773316 6.322425806 3.482655225
0.000000000 6.504854860 3.576074221
5.590284392 0.000000000 3.547702354
5.433504523 0.341847129 3.455024525
5.001161784 0.631793660 3.199059317
4.390138821 0.837463769 2.836305584
3.716336575 0.954193053 2.434957577
3.076208565 0.999520753 2.052686970
2.527250370 1.000609207 1.724975710
2.089017390 0.983016966 1.465175853
1.755469835 0.965077708 1.271307247
1.508654048 0.957420972 1.133944458
1.328419067 0.965152947 1.042055212
1.197399782 0.990575248 0.986216675
1.102638041 1.035446042 0.959925233
1.035446042 1.102638041 0.959925233
0.990575248 1.197399782 0.986216675
0.965152947 1.328419067 1.042055212
0.957420972 1.508654048 1.133944458
0.965077708 1.755469835 1.271307247
0.983016966 2.089017390 1.465175853
1.000609207 2.527250370 1.724975710
0.999520753 3.076208565 2.052686970
0.954193053 3.716336575 2.434957577
0.837463769 4.390138821 2.836305584
0.631793660 5.001161784 3.199059317
0.341847129 5.433504523 3.455024525
0.000000000 5.590284392 3.547702354
4.922427634 0.000000000 3.576353017
4.784377849 0.301007540 3.482926738
4.403685975 0.556314912 3.224894396
3.865660337 0.737414148 2.859211124
3.272355496 0.840198087 2.454621895
2.708701917 0.880110604 2.069264134
2.225326332 0.881069023 1.738906332
1.839447908 0.865578482 1.477008373
1.545748413 0.849782381 1.281574117
1.328419067 0.843040375 1.143102008
1.169716291 0.849848631 1.050470679
1.054349540 0.872233796 0.994181200
0.970908738 0.911743993 0.967677432
0.911743993 0.970908738 0.967677432
0.872233796 1.054349540 0.994181200
0.849848631 1.169716291 1.050470679
0.843040375 1.328419067 1.143102008
0.849782381 1.545748413 1.281574117
0.865578482 1.839447908 1.477008373
0.881069023 2.225326332 1.738906332
0.880110604 2.708701917 2.069264134
0.840198087 3.272355496 2.454621895
0.737414148 3.865660337 2.859211124
0.556314912 4.403685975 3.224894396
0.301007540 4.784377849 3.482926738
0.000000000 4.922427634 3.576353017
4.436938555 0.000000000 3.670554793
4.312504341 0.271319776 3.574667648
3.969359336 0.501446698 3.309838689
3.484398079 0.664684482 2.934523254
2.949609694 0.757331049 2.519277073
2.441548127 0.793307076 2.123768920
2.005846898 0.794170968 1.784709434
1.658026882 0.780208228 1.515913037
1.393294374 0.765970064 1.315331007
1.197399782 0.759893009 1.173211519
1.054349540 0.766029780 1.078140264
0.950361178 0.786207141 1.020368109
0.875149974 0.821820527 0.993166227
0.821820527 0.875149974 0.993166227
0.786207141 0.950361178 1.020368109
0.766029780 1.054349540 1.078140264
0.759893009 1.197399782 1.173211519
0.765970064 1.393294374 1.315331007
0.780208228 1.658026882 1.515913037
0.794170968 2.005846898 1.784709434
0.793307076 2.441548127 2.123768920
0.757331049 2.949609694 2.519277073
0.664684482 3.484398079 2.934523254
0.501446698 3.969359336 3.309838689
0.271319776 4.312504341 3.574667648
0.000000000 4.436938555 3.670554793
4.085801009 0.000000000 3.836822534
3.971214469 0.249847637 3.736591921
3.655225823 0.461762406 3.459766815
3.208644206 0.612081618 3.067450449
2.716178760 0.697396173 2.633394566
2.248324983 0.730525071 2.219970797
1.847104975 0.731320595 1.865552692
1.526811296 0.718462860 1.584580432
1.283029613 0.705351499 1.374912495
1.102638041 0.699755379 1.226355319
0.970908738 0.705406489 1.126977553
0.875149974 0.723987022 1.066588452
0.805890954 0.756781979 1.038154387
0.756781979 0.805890954 1.038154387
0.723987022 0.875149974 1.066588452
0.705406489 0.970908738 1.126977553
0.699755379 1.102638041 1.226355319
0.705351499 1.283029613 1.374912495
0.718462860 1.526811296 1.584580432
0.731320595 1.847104975 1.865552692
0.730525071 2.248324983 2.219970797
0.697396173 2.716178760 2.633394566
0.612081618 3.208644206 3.067450449
0.461762406 3.655225823 3.459766815
0.249847637 3.971214469 3.736591921
0.000000000 4.085801009 3.836822534
3.836822534 0.000000000 4.085801009
3.729218610 0.234622548 3.979066247
3.432485520 0.433623762 3.684277451
3.013117468 0.574782898 3.266502954
2.550661633 0.654898597 2.804280385
2.111317693 0.686008703 2.364028788
1.734547026 0.686755750 1.986611839
1.433771242 0.674681534 1.687406772
1.204845004 0.662369146 1.464133097
1.035446042 0.657114040 1.305935772
0.911743993 0.662420785 1.200109200
0.821820527 0.679869067 1.135801340
0.756781979 0.710665581 1.105522136
0.710665581 0.756781979 1.105522136
0.679869067 0.821820527 1.135801340
0.662420785 0.911743993 1.200109200
0.657114040 1.035446042 1.305935772
0.662369146 1.204845004 1.464133097
0.674681534 1.433771242 1.687406772
0.686755750 1.734547026 1.986611839
0.686008703 2.111317693 2.364028788
0.654898597 2.550661633 2.804280385
0.574782898 3.013117468 3.266502954
0.433623762 3.432485520 3.684277451
0.234622548 3.729218610 3.979066247
0.000000000 3.836822534 4.085801009
3.670554793 0.000000000 4.436938555
3.567613858 0.224455239 4.321030908
3.283739622 0.414832785 4.000907688
2.882544779 0.549874825 3.547229261
2.440129351 0.626518731 3.045282855
2.019824270 0.656280688 2.567195624
1.659380866 0.656995362 2.157343112
1.371639125 0.645444379 1.832424083
1.152633348 0.633665545 1.589962060
0.990575248 0.628638168 1.418169109
0.872233796 0.633714947 1.303247703
0.786207141 0.650407111 1.233413165
0.723987022 0.679869067 1.200531738
0.679869067 0.723987022 1.200531738
0.650407111 0.786207141 1.233413165
0.633714947 0.872233796 1.303247703
0.628638168 0.990575248 1.418169109
0.633665545 1.152633348 1.589962060
0.645444379 1.371639125 1.832424083
0.656995362 1.659380866 2.157343112
0.656280688 2.019824270 2.567195624
0.626518731 2.440129351 3.045282855
0.549874825 2.882544779 3.547229261
0.414832785 3.283739622 4.000907688
0.224455239 3.567613858 4.321030908
0.000000000 3.670554793 4.436938555
3.576353017 0.000000000 4.922427634
3.476053977 0.218694779 4.793837392
3.199465141 0.404186443 4.438686342
2.808566634 0.535762739 3.935366497
2.377505435 0.610439642 3.378497198
1.967987139 0.639437783 2.848097743
1.616794219 0.640134116 2.393399237
1.336437133 0.628879579 2.032927621
1.123051959 0.617403039 1.763935444
0.965152947 0.612504685 1.573344937
0.849848631 0.617451173 1.445848850
0.766029780 0.633714947 1.368373029
0.705406489 0.662420785 1.331893722
0.662420785 0.705406489 1.331893722
0.633714947 0.766029780 1.368373029
0.617451173 0.849848631 1.445848850
0.612504685 0.965152947 1.573344937
0.617403039 1.123051959 1.763935444
0.628879579 1.336437133 2.032927621
0.640134116 1.616794219 2.393399237
0.639437783 1.967987139 2.848097743
0.610439642 2.377505435 3.378497198
0.535762739 2.808566634 3.935366497
0.404186443 3.199465141 4.438686342
0.218694779 3.476053977 4.793837392
0.000000000 3.576353017 4.922427634
3.547702354 0.000000000 5.590284392
3.448206823 0.216942785 5.444247502
3.173833779 0.400948449 5.040910872
2.786066814 0.531470669 4.469302454
2.358458907 0.605549325 3.836879190
1.952221319 0.634315158 3.234517100
1.603841854 0.635005912 2.718126784
1.325730748 0.623841537 2.308747715
1.114055033 0.612456937 2.003259675
0.957420972 0.607597825 1.786810554
0.843040375 0.612504685 1.642016269
0.759893009 0.628638168 1.554028815
0.699755379 0.657114040 1.512600131
0.657114040 0.699755379 1.512600131
0.628638168 0.759893009 1.554028815
0.612504685 0.843040375 1.642016269
0.607597825 0.957420972 1.786810554
0.612456937 1.114055033 2.003259675
0.623841537 1.325730748 2.308747715
0.635005912 1.603841854 2.718126784
0.634315158 1.952221319 3.234517100
0.605549325 2.358458907 3.836879190
0.531470669 2.786066814 4.469302454
0.400948449 3.173833779 5.040910872
0.216942785 3.448206823 5.444247502
0.000000000 3.547702354 5.590284392
3.576074221 0.000000000 6.504854860
3.475783000 0.218677731 6.334926336
3.199215725 0.404154934 5.865603839
2.808347691 0.535720973 5.200480290
2.377320095 0.610392055 4.464592586
1.967833724 0.639387936 3.763684065
1.616668181 0.640084214 3.162812298
1.336332950 0.628830554 2.686458817
1.122964411 0.617354909 2.330992937
0.965077708 0.612456937 2.079132742
0.849782381 0.617403039 1.910650114
0.765970064 0.633665545 1.808267914
0.705351499 0.662369146 1.760061497
0.662369146 0.705351499 1.760061497
0.633665545 0.765970064 1.808267914
0.617403039 0.849782381 1.910650114
0.612456937 0.965077708 2.079132742
0.617354909 1.122964411 2.330992937
0.628830554 1.336332950 2.686458817
0.640084214 1.616668181 3.162812298
0.639387936 1.967833724 3.763684065
0.610392055 2.377320095 4.464592586
0.535720973 2.808347691 5.200480290
0.404154934 3.199215725 5.865603839
0.218677731 3.475783000 6.334926336
0.000000000 3.576074221 6.504854860
3.642547747 0.000000000 7.740807989
3.540392272 0.222742602 7.538592243
3.258684052 0.411667531 6.980096256
2.860550403 0.545679173 6.188596093
2.421510691 0.621738272 5.312886252
2.004412619 0.651273139 4.478801803
1.646719468 0.651982360 3.763761564
1.361173252 0.640519513 3.196898673
1.143838532 0.628830554 2.773892598
0.983016966 0.623841537 2.474177777
0.865578482 0.628879579 2.273682655
0.780208228 0.645444379 2.151847353
0.718462860 0.674681534 2.094481489
0.674681534 0.718462860 2.094481489
0.645444379 0.780208228 2.151847353
0.628879579 0.865578482 2.273682655
0.623841537 0.983016966 2.474177777
0.628830554 1.143838532 2.773892598
0.640519513 1.361173252 3.196898673
0.651982360 1.646719468 3.763761564
0.651273139 2.004412619 4.478801803
0.621738272 2.421510691 5.312886252
0.545679173 2.860550403 6.188596093
0.411667531 3.258684052 6.980096256
0.222742602 3.540392272 7.538592243
0.000000000 3.642547747 7.740807989
3.707735407 0.000000000 9.364670658
3.603751739 0.226728842 9.120034198
3.317002020 0.419034804 8.444377213
2.911743304 0.555444741 7.486836558
2.464846461 0.632865006 6.427420763
2.040283931 0.662928435 5.418362512
1.676189442 0.663650348 4.553321505
1.385533042 0.651982360 3.867542412
1.164308862 0.640084214 3.355798342
1.000609207 0.635005912 2.993209502
0.881069023 0.640134116 2.750654618
0.794170968 0.656995362 2.603260770
0.731320595 0.686755750 2.533860725
0.686755750 0.731320595 2.533860725
0.656995362 0.794170968 2.603260770
0.640134116 0.881069023 2.750654618
0.635005912 1.000609207 2.993209502
0.640084214 1.164308862 3.355798342
0.651982360 1.385533042 3.867542412
0.663650348 1.676189442 4.553321505
0.662928435 2.040283931 5.418362512
0.632865006 2.464846461 6.427420763
0.555444741 2.911743304 7.486836558
0.419034804 3.317002020 8.444377213
0.226728842 3.603751739 9.120034198
0.000000000 3.707735407 9.364670658
3.703702164 0.000000000 11.398823177
3.599831610 0.226482208 11.101047864
3.313393814 0.418578981 10.278627644
2.908575935 0.554840533 9.113094224
2.462165223 0.632176581 7.823556796
2.038064528 0.662207307 6.595315356
1.674366098 0.662928435 5.542373950
1.384025871 0.651273139 4.707632943
1.163042337 0.639387936 4.084730080
0.999520753 0.634315158 3.643381289
0.880110604 0.639437783 3.348139701
0.793307076 0.656280688 3.168729610
0.730525071 0.686008703 3.084254793
0.686008703 0.730525071 3.084254793
0.656280688 0.793307076 3.168729610
0.639437783 0.880110604 3.348139701
0.634315158 0.999520753 3.643381289
0.639387936 1.163042337 4.084730080
0.651273139 1.384025871 4.707632943
0.662928435 1.674366098 5.542373950
0.662207307 2.038064528 6.595315356
0.632176581 2.462165223 7.823556796
0.554840533 2.908575935 9.113094224
0.418578981 3.313393814 10.278627644
0.226482208 3.599831610 11.101047864
0.000000000 3.703702164 11.398823177
3.535741370 0.000000000 13.770803437
3.436581286 0.216211368 13.411064081
3.163133283 0.399596662 12.417506499
2.776673664 0.529678830 11.009437318
2.350507425 0.603507732 9.451560142
1.945639457 0.632176581 7.967734033
1.598434544 0.632865006 6.695686130
1.321261082 0.621738272 5.687243929
1.110299026 0.610392055 4.934721255
0.954193053 0.605549325 4.401532228
0.840198087 0.610439642 4.044853840
0.757331049 0.626518731 3.828110317
0.697396173 0.654898597 3.726057142
0.654898597 0.697396173 3.726057142
0.626518731 0.757331049 3.828110317
0.610439642 0.840198087 4.044853840
0.605549325 0.954193053 4.401532228
0.610392055 1.110299026 4.934721255
0.621738272 1.321261082 5.687243929
0.632865006 1.598434544 6.695686130
0.632176581 1.945639457 7.967734033
0.603507732 2.350507425 9.451560142
0.529678830 2.776673664 11.009437318
0.399596662 3.163133283 12.417506499
0.216211368 3.436581286 13.411064081
0.000000000 3.535741370 13.770803437
3.103203577 0.000000000 16.267562838
3.016174042 0.189761586 15.842599791
2.776177748 0.350712809 14.668902085
2.436994889 0.464881638 13.005538434
2.062962837 0.529678830 11.165205373
1.707623576 0.554840533 9.412349443
1.402893276 0.555444741 7.909668841
1.159627271 0.545679173 6.718387812
0.974472833 0.535720973 5.829426618
0.837463769 0.531470669 5.199566055
0.737414148 0.535762739 4.778218955
0.664684482 0.549874825 4.522178057
0.612081618 0.574782898 4.401621805
0.574782898 0.612081618 4.401621805
0.549874825 0.664684482 4.522178057
0.535762739 0.737414148 4.778218955
0.531470669 0.837463769 5.199566055
0.535720973 0.974472833 5.829426618
0.545679173 1.159627271 6.718387812
0.555444741 1.402893276 7.909668841
0.554840533 1.707623576 9.412349443
0.529678830 2.062962837 11.165205373
0.464881638 2.436994889 13.005538434
0.350712809 2.776177748 14.668902085
0.189761586 3.016174042 15.842599791
0.000000000 3.103203577 16.267562838
2.341097510 0.000000000 18.531694991
2.275441286 0.143158631 18.047585254
2.094384933 0.264582347 16.710531381
1.838500931 0.350712809 14.815659473
1.556326242 0.399596662 12.719187413
1.288253639 0.418578981 10.722367619
1.058361102 0.419034804 9.010542753
0.874838034 0.411667531 7.653458297
0.735155096 0.404154934 6.640770786
0.631793660 0.400948449 5.923245736
0.556314912 0.404186443 5.443255216
0.501446698 0.414832785 5.151578345
0.461762406 0.433623762 5.014242980
0.433623762 0.461762406 5.014242980
0.414832785 0.501446698 5.151578345
0.404186443 0.556314912 5.443255216
0.400948449 0.631793660 5.923245736
0.404154934 0.735155096 6.640770786
0.411667531 0.874838034 7.653458297
0.419034804 1.058361102 9.010542753
0.418578981 1.288253639 10.722367619
0.399596662 1.556326242 12.719187413
0.350712809 1.838500931 14.815659473
0.264582347 2.094384933 16.710531381
0.143158631 2.275441286 18.047585254
0.000000000 2.341097510 18.531694991
1.266707018 0.000000000 20.133731498
1.231182142 0.077459415 19.607771220
1.133217254 0.143158631 18.155131098
0.994765072 0.189761586 16.096450430
0.842087681 0.216211368 13.818741587
0.697040563 0.226482208 11.649299796
0.572651685 0.226728842 9.789490305
0.473352123 0.222742602 8.315087986
0.397773316 0.218677731 7.214855199
0.341847129 0.216942785 6.435301213
0.301007540 0.218694779 5.913816251
0.271319776 0.224455239 5.596924363
0.249847637 0.234622548 5.447716568
0.234622548 0.249847637 5.447716568
0.224455239 0.271319776 5.596924363
0.218694779 0.301007540 5.913816251
0.216942785 0.341847129 6.435301213
0.218677731 0.397773316 7.214855199
0.222742602 0.473352123 8.315087986
0.226728842 0.572651685 9.789490305
0.226482208 0.697040563 11.649299796
0.216211368 0.842087681 13.818741587
0.189761586 0.994765072 16.096450430
0.143158631 1.133217254 18.155131098
0.077459415 1.231182142 19.607771220
0.000000000 1.266707018 20.133731498
0.000000000 0.000000000 20.714675855
0.000000000 0.000000000 20.173539370
0.000000000 0.000000000 18.678984361
0.000000000 0.000000000 16.560901942
0.000000000 0.000000000 14.217471447
0.000000000 0.000000000 11.985431972
0.000000000 0.000000000 10.071959014
0.000000000 0.000000000 8.555013876
0.000000000 0.000000000 7.423034662
0.000000000 0.000000000 6.620987205
0.000000000 0.000000000 6.084455170
0.000000000 0.000000000 5.758419595
0.000000000 0.000000000 5.604906515
0.000000000 0.000000000 5.604906515
0.000000000 0.000000000 5.758419595
0.000000000 0.000000000 6.084455170
0.000000000 0.000000000 6.620987205
0.000000000 0.000000000 7.423034662
0.000000000 0.000000000 8.555013876
0.000000000 0.000000000 10.071959014
0.000000000 0.000000000 11.985431972
0.000000000 0.000000000 14.217471447
0.000000000 0.000000000 16.560901942
0.000000000 0.000000000 18.678984361
0.000000000 0.000000000 20.173539370
0.000000000 0.000000000 20.714675855
