2.197368227 0.000000000
2.194600890 0.017236710
2.191630948 0.034428890
2.188458966 0.051573894
2.185085541 0.068669080
2.181511305 0.085711813
2.177736921 0.102699466
2.173763089 0.119629421
2.169590538 0.136499067
2.165220032 0.153305801
2.160652368 0.170047029
2.155888375 0.186720169
2.150928916 0.203322645
2.145774885 0.219851895
2.140427207 0.236305364
2.134886844 0.252680509
2.129154784 0.268974800
2.123232051 0.285185718
2.117119700 0.301310753
2.110818817 0.317347412
2.104330518 0.333293211
2.097655953 0.349145682
2.090796301 0.364902369
2.083752772 0.380560829
2.076526608 0.396118636
2.069119079 0.411573374
2.061531489 0.426922648
2.053765167 0.442164072
2.045821477 0.457295279
2.037701809 0.472313919
2.029407583 0.487217654
2.020940250 0.502004167
2.012301288 0.516671155
2.003492204 0.531216332
1.994514535 0.545637433
1.985369844 0.559932206
1.976059723 0.574098420
1.966585793 0.588133862
1.956949701 0.602036338
1.947153121 0.615803671
1.937197755 0.629433706
1.927085331 0.642924305
1.916817604 0.656273352
1.906396355 0.669478749
1.895823391 0.682538419
1.885100543 0.695450307
1.874229671 0.708212376
1.863212656 0.720822614
1.852051407 0.733279026
1.840747855 0.745579641
1.829303957 0.757722509
1.817721692 0.769705702
1.806003065 0.781527314
1.794150103 0.793185463
1.782164855 0.804678287
1.770049395 0.816003948
1.757805816 0.827160630
1.745436237 0.838146543
1.732942795 0.848959915
1.720327651 0.859599003
1.707592986 0.870062084
1.694741001 0.880347459
1.681773919 0.890453454
1.668693983 0.900378418
1.655503453 0.910120725
1.642204612 0.919678772
1.628799760 0.929050981
1.615291216 0.938235797
1.601681317 0.947231691
1.587972420 0.956037157
1.574166897 0.964650715
1.560267138 0.973070908
1.546275552 0.981296305
1.532194562 0.989325497
1.518026610 0.997157103
1.503774150 1.004789763
1.489439655 1.012222144
1.475025612 1.019452937
1.460534524 1.026480856
1.445968906 1.033304640
1.431331289 1.039923053
1.416624218 1.046334883
1.401850250 1.052538941
1.387011957 1.058534061
1.372111921 1.064319104
1.357152740 1.069892952
1.342137020 1.075254510
1.327067381 1.080402708
1.311946456 1.085336497
1.296776884 1.090054852
1.281561319 1.094556770
1.266302423 1.098841268
1.251002869 1.102907389
1.235665339 1.106754192
1.220292524 1.110380762
1.204887125 1.113786202
1.189451849 1.116969634
1.173989414 1.119930202
1.158502544 1.122667068
1.142993970 1.125179412
1.127466433 1.127466433
1.111922678 1.129527348
1.096365458 1.131361388
1.080797531 1.132967802
1.065221661 1.134345855
1.049640619 1.135494825
1.034057180 1.136414002
1.018474123 1.137102694
1.002894235 1.137560214
0.987320302 1.137785891
0.971755120 1.137779061
0.956201484 1.137539068
0.940662196 1.137065266
0.925140057 1.136357012
0.909637876 1.135413669
0.894158461 1.134234601
0.878704625 1.132819176
0.863279180 1.131166760
0.850358108 1.132570663
0.847833663 1.147875044
0.845072741 1.163142843
0.842076730 1.178371529
0.838847015 1.193558573
0.835384981 1.208701450
0.831692014 1.223797635
0.827769503 1.238844609
0.823618842 1.253839856
0.819241427 1.268780865
0.814638664 1.283665131
0.809811963 1.298490155
0.804762747 1.313253446
0.799492443 1.327952518
0.794002493 1.342584894
0.788294347 1.357148106
0.782369469 1.371639694
0.776229334 1.386057209
0.769875431 1.400398210
0.763309263 1.414660268
0.756532347 1.428840964
0.749546217 1.442937891
0.742352418 1.456948655
0.734952516 1.470870873
0.727348091 1.484702175
0.719540738 1.498440206
0.711532073 1.512082624
0.703323726 1.525627100
0.694917348 1.539071321
0.686314604 1.552412990
0.677517179 1.565649825
0.668526779 1.578779559
0.659345125 1.591799942
0.649973957 1.604708743
0.640415037 1.617503745
0.630670143 1.630182751
0.620741072 1.642743581
0.610629644 1.655184075
0.600337693 1.667502090
0.589867076 1.679695503
0.579219669 1.691762212
0.568397365 1.703700133
0.557402079 1.715507203
0.546235745 1.727181381
0.534900314 1.738720645
0.523397759 1.750122997
0.511730071 1.761386459
0.499899261 1.772509076
0.487907356 1.783488915
0.475756406 1.794324067
0.463448477 1.805012645
0.450985656 1.815552785
0.438370045 1.825942649
0.425603769 1.836180422
0.412688968 1.846264313
0.399627802 1.856192557
0.386422446 1.865963412
0.373075096 1.875575164
0.359587964 1.885026123
0.345963281 1.894314626
0.332203292 1.903439036
0.318310261 1.912397741
0.304286470 1.921189158
0.290134214 1.929811730
0.275855807 1.938263929
0.261453579 1.946544251
0.246929874 1.954651224
0.232287053 1.962583402
0.217527491 1.970339366
0.202653579 1.977917730
0.187667723 1.985317132
0.172572341 1.992536242
0.157369868 1.999573759
0.142062751 2.006428411
0.126653451 2.013098956
0.111144443 2.019584181
0.095538213 2.025882905
0.079837261 2.031993977
0.064044099 2.037916274
0.048161251 2.043648707
0.032191252 2.049190217
0.016136649 2.054539775
0.000000000 2.059696386
