6.436563657 0.000000000
6.433683267 0.050531069
6.425053677 0.100932809
6.410709542 0.151076744
6.390708317 0.200836100
6.365129809 0.250086631
6.334075562 0.298707421
6.297668068 0.346581644
6.256049834 0.393597294
6.209382297 0.439647846
6.157844617 0.484632882
6.101632344 0.528458632
6.040955994 0.571038468
5.976039533 0.612293314
5.907118796 0.652151986
5.834439853 0.690551463
5.758257349 0.727437072
5.678832815 0.762762605
5.596432989 0.796490363
5.511328154 0.828591119
5.423790502 0.859044023
5.334092547 0.887836434
5.242505601 0.914963697
5.149298319 0.940428858
5.054735323 0.964242332
4.959075922 0.986421532
4.862572931 1.006990444
4.765471589 1.025979189
4.668008593 1.043423543
4.570411241 1.059364444
4.472896689 1.073847487
4.375671323 1.086922405
4.278930240 1.098642555
4.182856849 1.109064397
4.087622564 1.118246993
3.993386618 1.126251506
3.900295956 1.133140724
3.808485234 1.138978599
3.718076900 1.143829808
3.629181344 1.147759347
3.541897132 1.150832140
3.456311298 1.153112685
3.372499693 1.154664728
3.290527380 1.155550968
3.210449078 1.155832789
3.132309630 1.155570031
3.056144515 1.154820780
2.981980359 1.153641196
2.909835483 1.152085369
2.839720446 1.150205197
2.771638598 1.148050297
2.705586630 1.145667934
2.641555123 1.143102977
2.579529080 1.140397877
2.519488457 1.137592658
2.461408665 1.134724937
2.405261068 1.131829946
2.351013454 1.128940580
2.298630481 1.126087453
2.248074109 1.123298961
2.199304002 1.120601360
2.152277911 1.118018853
2.106952024 1.115573672
2.063281299 1.113286181
2.021219771 1.111174972
1.980720833 1.109256965
1.941737495 1.107547513
1.904222616 1.106060508
1.868129124 1.104808484
1.833410202 1.103802720
1.800019463 1.103053346
1.767911104 1.102569439
1.737040039 1.102359129
1.707362017 1.102429690
1.678833726 1.102787635
1.651412880 1.103438809
1.625058291 1.104388474
1.599729933 1.105641397
1.575388992 1.107201928
1.551997902 1.109074079
1.529520377 1.111261601
1.507921433 1.113768052
1.487167401 1.116596870
1.467225933 1.119751433
1.448066000 1.123235127
1.429657890 1.127051404
1.411973198 1.131203839
1.394984807 1.135696186
1.378666876 1.140532429
1.362994813 1.145716837
1.347945255 1.151254008
1.333496040 1.157148919
1.319626176 1.163406972
1.306315815 1.170034037
1.293546220 1.177036497
1.281299731 1.184421288
1.269559730 1.192195941
1.258310612 1.200368624
1.247537743 1.208948178
1.237227428 1.217944159
1.227366876 1.227366876
1.217944159 1.237227428
1.208948178 1.247537743
1.200368624 1.258310612
1.192195941 1.269559730
1.184421288 1.281299731
1.177036497 1.293546220
1.170034037 1.306315815
1.163406972 1.319626176
1.157148919 1.333496040
1.151254008 1.347945255
1.145716837 1.362994813
1.140532429 1.378666876
1.135696186 1.394984807
1.131203839 1.411973198
1.127051404 1.429657890
1.123235127 1.448066000
1.119751433 1.467225933
1.116596870 1.487167401
1.113768052 1.507921433
1.111261601 1.529520377
1.109074079 1.551997902
1.107201928 1.575388992
1.105641397 1.599729933
1.104388474 1.625058291
1.103438809 1.651412880
1.102787635 1.678833726
1.102429690 1.707362017
1.102359129 1.737040039
1.102569439 1.767911104
1.103053346 1.800019463
1.103802720 1.833410202
1.104808484 1.868129124
1.106060508 1.904222616
1.107547513 1.941737495
1.109256965 1.980720833
1.111174972 2.021219771
1.113286181 2.063281299
1.115573672 2.106952024
1.118018853 2.152277911
1.120601360 2.199304002
1.123298961 2.248074109
1.126087453 2.298630481
1.128940580 2.351013454
1.131829946 2.405261068
1.134724937 2.461408665
1.137592658 2.519488457
1.140397877 2.579529080
1.143102977 2.641555123
1.145667934 2.705586630
1.148050297 2.771638598
1.150205197 2.839720446
1.152085369 2.909835483
1.153641196 2.981980359
1.154820780 3.056144515
1.155570031 3.132309630
1.155832789 3.210449078
1.155550968 3.290527380
1.154664728 3.372499693
1.153112685 3.456311298
1.150832140 3.541897132
1.147759347 3.629181344
1.143829808 3.718076900
1.138978599 3.808485234
1.133140724 3.900295956
1.126251506 3.993386618
1.118246993 4.087622564
1.109064397 4.182856849
1.098642555 4.278930240
1.086922405 4.375671323
1.073847487 4.472896689
1.059364444 4.570411241
1.043423543 4.668008593
1.025979189 4.765471589
1.006990444 4.862572931
0.986421532 4.959075922
0.964242332 5.054735323
0.940428858 5.149298319
0.914963697 5.242505601
0.887836434 5.334092547
0.859044023 5.423790502
0.828591119 5.511328154
0.796490363 5.596432989
0.762762605 5.678832815
0.727437072 5.758257349
0.690551463 5.834439853
0.652151986 5.907118796
0.612293314 5.976039533
0.571038468 6.040955994
0.528458632 6.101632344
0.484632882 6.157844617
0.439647846 6.209382297
0.393597294 6.256049834
0.346581644 6.297668068
0.298707421 6.334075562
0.250086631 6.365129809
0.200836100 6.390708317
0.151076744 6.410709542
0.100932809 6.425053677
0.050531069 6.433683267
0.000000000 6.436563657
