0.000000000 0.000000000 3.441608071
0.000000000 0.000000000 3.278574784
0.000000000 0.000000000 3.143163835
0.000000000 0.000000000 3.031513105
0.000000000 0.000000000 2.940085581
0.000000000 0.000000000 2.865770072
0.000000000 0.000000000 2.805910788
0.000000000 0.000000000 2.758296508
0.000000000 0.000000000 2.721129537
0.000000000 0.000000000 2.692987172
0.000000000 0.000000000 2.672783361
0.000000000 0.000000000 2.659734975
0.000000000 0.000000000 2.653335178
0.000000000 0.000000000 2.653335178
0.000000000 0.000000000 2.659734975
0.000000000 0.000000000 2.672783361
0.000000000 0.000000000 2.692987172
0.000000000 0.000000000 2.721129537
0.000000000 0.000000000 2.758296508
0.000000000 0.000000000 2.805910788
0.000000000 0.000000000 2.865770072
0.000000000 0.000000000 2.940085581
0.000000000 0.000000000 3.031513105
0.000000000 0.000000000 3.143163835
0.000000000 0.000000000 3.278574784
0.000000000 0.000000000 3.441608071
0.000000000 0.131142991 3.147431793
0.005006755 0.120162119 3.004052973
0.009615847 0.110582236 2.884753994
0.013931183 0.102162006 2.786236539
0.018036383 0.094691013 2.705457519
0.021997708 0.087990830 2.639724909
0.025867303 0.081913127 2.586730324
0.029686356 0.076336344 2.544544811
0.033487941 0.071161875 2.511595599
0.037299527 0.066310270 2.486635123
0.041145155 0.061717733 2.468709325
0.045047371 0.057333018 2.457129340
0.049028979 0.053114727 2.451448931
0.053114727 0.049028979 2.451448931
0.057333018 0.045047371 2.457129340
0.061717733 0.041145155 2.468709325
0.066310270 0.037299527 2.486635123
0.071161875 0.033487941 2.511595599
0.076336344 0.029686356 2.544544811
0.081913127 0.025867303 2.586730324
0.087990830 0.021997708 2.639724909
0.094691013 0.018036383 2.705457519
0.102162006 0.013931183 2.786236539
0.110582236 0.009615847 2.884753994
0.120162119 0.005006755 3.004052973
0.131142991 0.000000000 3.147431793
0.000000000 0.251453107 2.891710728
0.009615847 0.230780320 2.764555911
0.018494554 0.212687371 2.658592137
0.026827511 0.196735077 2.570969761
0.034769282 0.182538729 2.499042121
0.042442712 0.169770849 2.440455952
0.049944736 0.158158329 2.393185243
0.057352073 0.147476759 2.355531567
0.064726443 0.137543692 2.326106559
0.072119166 0.128211851 2.303806702
0.079575192 0.119362788 2.287786772
0.087136673 0.110901220 2.277435774
0.094846230 0.102750083 2.272357595
0.102750083 0.094846230 2.272357595
0.110901220 0.087136673 2.277435774
0.119362788 0.079575192 2.287786772
0.128211851 0.072119166 2.303806702
0.137543692 0.064726443 2.326106559
0.147476759 0.057352073 2.355531567
0.158158329 0.049944736 2.393185243
0.169770849 0.042442712 2.440455952
0.182538729 0.034769282 2.499042121
0.196735077 0.026827511 2.570969761
0.212687371 0.018494554 2.658592137
0.230780320 0.009615847 2.764555911
0.251453107 0.000000000 2.891710728
0.000000000 0.363781573 2.667731532
0.013931183 0.334348385 2.554050161
0.026827511 0.308516371 2.459188467
0.038956196 0.285678773 2.380656444
0.050533698 0.265301915 2.316127826
0.061732500 0.246929998 2.263524985
0.072689005 0.230181849 2.221052933
0.083511376 0.214743539 2.187202708
0.094286753 0.200359349 2.160738078
0.105087668 0.186822521 2.140674719
0.115977691 0.173966537 2.126257677
0.127016440 0.161657287 2.116940663
0.138264170 0.149786184 2.112369266
0.149786184 0.138264170 2.112369266
0.161657287 0.127016440 2.116940663
0.173966537 0.115977691 2.126257677
0.186822521 0.105087668 2.140674719
0.200359349 0.094286753 2.160738078
0.214743539 0.083511376 2.187202708
0.230181849 0.072689005 2.221052933
0.246929998 0.061732500 2.263524985
0.265301915 0.050533698 2.316127826
0.285678773 0.038956196 2.380656444
0.308516371 0.026827511 2.459188467
0.334348385 0.013931183 2.554050161
0.363781573 0.000000000 2.667731532
0.000000000 0.470413693 2.469671888
0.018036383 0.432873203 2.367275329
0.034769282 0.399846739 2.281734110
0.050533698 0.370580452 2.210849288
0.065601707 0.344408962 2.152556010
0.080190590 0.320762361 2.105002996
0.094472502 0.299162923 2.066585985
0.108584166 0.279216427 2.035953117
0.122635871 0.260601226 2.011994756
0.136719501 0.243056890 1.993826054
0.150915624 0.226373436 1.980767565
0.165299805 0.210381570 1.972327217
0.179948396 0.194944096 1.968185582
0.194944096 0.179948396 1.968185582
0.210381570 0.165299805 1.972327217
0.226373436 0.150915624 1.980767565
0.243056890 0.136719501 1.993826054
0.260601226 0.122635871 2.011994756
0.279216427 0.108584166 2.035953117
0.299162923 0.094472502 2.066585985
0.320762361 0.080190590 2.105002996
0.344408962 0.065601707 2.152556010
0.370580452 0.050533698 2.210849288
0.399846739 0.034769282 2.281734110
0.432873203 0.018036383 2.367275329
0.470413693 0.000000000 2.469671888
0.000000000 0.573154014 2.292616057
0.021997708 0.527944982 2.199770757
0.042442712 0.488091190 2.122135611
0.061732500 0.452704997 2.057749986
0.080190590 0.421000599 2.004764758
0.098075831 0.392303323 1.961516615
0.115593630 0.366046494 1.926560495
0.132907335 0.341761720 1.898676221
0.150148851 0.319066308 1.876860636
0.167428151 0.297650046 1.860312789
0.184841706 0.277262559 1.848417057
0.202479999 0.257701817 1.840727266
0.220434437 0.238803973 1.836953639
0.238803973 0.220434437 1.836953639
0.257701817 0.202479999 1.840727266
0.277262559 0.184841706 1.848417057
0.297650046 0.167428151 1.860312789
0.319066308 0.150148851 1.876860636
0.341761720 0.132907335 1.898676221
0.366046494 0.115593630 1.926560495
0.392303323 0.098075831 1.961516615
0.421000599 0.080190590 2.004764758
0.452704997 0.061732500 2.057749986
0.488091190 0.042442712 2.122135611
0.527944982 0.021997708 2.199770757
0.573154014 0.000000000 2.292616057
0.000000000 0.673418589 2.132492199
0.025867303 0.620815278 2.047828173
0.049944736 0.574364458 1.976979114
0.072689005 0.533052704 1.918182078
0.094472502 0.495980636 1.869768272
0.115593630 0.462374519 1.830232470
0.136289494 0.431583399 1.798264161
0.156748856 0.403068486 1.772754915
0.177124267 0.376389068 1.752792229
0.197543001 0.351187557 1.737646767
0.218116737 0.327175105 1.726757498
0.238950231 0.304118476 1.719717571
0.260149284 0.281828391 1.716262638
0.281828391 0.260149284 1.716262638
0.304118476 0.238950231 1.719717571
0.327175105 0.218116737 1.726757498
0.351187557 0.197543001 1.737646767
0.376389068 0.177124267 1.752792229
0.403068486 0.156748856 1.772754915
0.431583399 0.136289494 1.798264161
0.462374519 0.115593630 1.830232470
0.495980636 0.094472502 1.869768272
0.533052704 0.072689005 1.918182078
0.574364458 0.049944736 1.976979114
0.620815278 0.025867303 2.047828173
0.673418589 0.000000000 2.132492199
0.000000000 0.772323022 1.985973486
0.029686356 0.712472547 1.908408609
0.057352073 0.659548839 1.843459487
0.083511376 0.612416758 1.789529489
0.108584166 0.570066873 1.745102671
0.132907335 0.531629342 1.708808599
0.156748856 0.496371376 1.679452025
0.180322245 0.463685774 1.656020620
0.203800188 0.433075401 1.637680086
0.227326823 0.404136574 1.623763022
0.251028665 0.376542997 1.613755703
0.275024391 0.350031043 1.607285401
0.299433840 0.324386660 1.604109858
0.324386660 0.299433840 1.604109858
0.350031043 0.275024391 1.607285401
0.376542997 0.251028665 1.613755703
0.404136574 0.227326823 1.623763022
0.433075401 0.203800188 1.637680086
0.463685774 0.180322245 1.656020620
0.496371376 0.156748856 1.679452025
0.531629342 0.132907335 1.708808599
0.570066873 0.108584166 1.745102671
0.612416758 0.083511376 1.789529489
0.659548839 0.057352073 1.843459487
0.712472547 0.029686356 1.908408609
0.772323022 0.000000000 1.985973486
0.000000000 0.870761452 1.850368085
0.033487941 0.803710592 1.779046883
0.064726443 0.744354099 1.719296152
0.094286753 0.691436185 1.669661242
0.122635871 0.643838322 1.628757660
0.150148851 0.600595404 1.595331541
0.177124267 0.560893513 1.568287784
0.203800188 0.524057628 1.546697859
0.230369260 0.489534677 1.529795865
0.256992344 0.456875278 1.516968698
0.283810670 0.425716004 1.507744182
0.310956717 0.395763094 1.501779600
0.338564248 0.366777935 1.498852140
0.366777935 0.338564248 1.498852140
0.395763094 0.310956717 1.501779600
0.425716004 0.283810670 1.507744182
0.456875278 0.256992344 1.516968698
0.489534677 0.230369260 1.529795865
0.524057628 0.203800188 1.546697859
0.560893513 0.177124267 1.568287784
0.600595404 0.150148851 1.595331541
0.643838322 0.122635871 1.628757660
0.691436185 0.094286753 1.669661242
0.744354099 0.064726443 1.719296152
0.803710592 0.033487941 1.779046883
0.870761452 0.000000000 1.850368085
0.000000000 0.969475382 1.723511790
0.037299527 0.895188644 1.657756748
0.072119166 0.829370413 1.602648141
0.105087668 0.770642899 1.556854341
0.136719501 0.717777379 1.519105565
0.167428151 0.669712604 1.488250231
0.197543001 0.625552836 1.463281488
0.227326823 0.584554688 1.443344908
0.256992344 0.546108731 1.427735245
0.286717250 0.509719555 1.415887653
0.316657562 0.474986344 1.407366944
0.346959646 0.441585004 1.401857156
0.377771264 0.409252203 1.399152830
0.409252203 0.377771264 1.399152830
0.441585004 0.346959646 1.401857156
0.474986344 0.316657562 1.407366944
0.509719555 0.286717250 1.415887653
0.546108731 0.256992344 1.427735245
0.584554688 0.227326823 1.443344908
0.625552836 0.197543001 1.463281488
0.669712604 0.167428151 1.488250231
0.717777379 0.136719501 1.519105565
0.770642899 0.105087668 1.556854341
0.829370413 0.072119166 1.602648141
0.895188644 0.037299527 1.657756748
0.969475382 0.000000000 1.723511790
0.000000000 1.069113344 1.603670016
0.041145155 0.987483730 1.542943328
0.079575192 0.915114709 1.492034851
0.115977691 0.850503071 1.449721143
0.150915624 0.792307026 1.414833975
0.184841706 0.739366823 1.386312793
0.218116737 0.690702999 1.363229604
0.251028665 0.645502281 1.344796419
0.283810670 0.603097673 1.330362513
0.316657562 0.562946778 1.319406510
0.349740426 0.524610638 1.311526596
0.383219753 0.487734231 1.306430975
0.417257560 0.452029024 1.303929876
0.452029024 0.417257560 1.303929876
0.487734231 0.383219753 1.306430975
0.524610638 0.349740426 1.311526596
0.562946778 0.316657562 1.319406510
0.603097673 0.283810670 1.330362513
0.645502281 0.251028665 1.344796419
0.690702999 0.218116737 1.363229604
0.739366823 0.184841706 1.386312793
0.792307026 0.150915624 1.414833975
0.850503071 0.115977691 1.449721143
0.915114709 0.079575192 1.492034851
0.987483730 0.041145155 1.542943328
1.069113344 0.000000000 1.603670016
0.000000000 1.170283389 1.489451586
0.045047371 1.081136910 1.433325448
0.087136673 1.002071741 1.386265254
0.127016440 0.931453892 1.347144058
0.165299805 0.867823976 1.314884811
0.202479999 0.809919997 1.288509086
0.238950231 0.756675731 1.267160316
0.275024391 0.707205577 1.250110868
0.310956717 0.660783024 1.236759670
0.346959646 0.616817149 1.226625012
0.383219753 0.574829629 1.219335577
0.419912066 0.534433539 1.214621679
0.457213268 0.495314374 1.212307909
0.495314374 0.457213268 1.212307909
0.534433539 0.419912066 1.214621679
0.574829629 0.383219753 1.219335577
0.616817149 0.346959646 1.226625012
0.660783024 0.310956717 1.236759670
0.707205577 0.275024391 1.250110868
0.756675731 0.238950231 1.267160316
0.809919997 0.202479999 1.288509086
0.867823976 0.165299805 1.314884811
0.931453892 0.127016440 1.347144058
1.002071741 0.087136673 1.386265254
1.081136910 0.045047371 1.433325448
1.170283389 0.000000000 1.489451586
0.000000000 1.273600886 1.379734293
0.049028979 1.176695487 1.327868171
0.094846230 1.090731646 1.284376032
0.138264170 1.013937247 1.248218202
0.179948396 0.944729079 1.218400598
0.220434437 0.881737747 1.194019866
0.260149284 0.823806066 1.174284963
0.299433840 0.769972732 1.158523786
0.338564248 0.719449027 1.146181048
0.377771264 0.671593359 1.136811675
0.417257560 0.625886340 1.130072559
0.457213268 0.581907796 1.125714487
0.497830311 0.539316170 1.123575354
0.539316170 0.497830311 1.123575354
0.581907796 0.457213268 1.125714487
0.625886340 0.417257560 1.130072559
0.671593359 0.377771264 1.136811675
0.719449027 0.338564248 1.146181048
0.769972732 0.299433840 1.158523786
0.823806066 0.260149284 1.174284963
0.881737747 0.220434437 1.194019866
0.944729079 0.179948396 1.218400598
1.013937247 0.138264170 1.248218202
1.090731646 0.094846230 1.284376032
1.176695487 0.049028979 1.327868171
1.273600886 0.000000000 1.379734293
0.000000000 1.379734293 1.273600886
0.053114727 1.274753444 1.225724465
0.102750083 1.181625949 1.185577876
0.149786184 1.098432018 1.152201418
0.194944096 1.023456502 1.124677475
0.238803973 0.955215892 1.102172184
0.281828391 0.892456572 1.083955350
0.324386660 0.834137126 1.069406572
0.366777935 0.779403113 1.058013275
0.409252203 0.727559472 1.049364623
0.452029024 0.678043535 1.043143901
0.495314374 0.630400112 1.039121065
0.539316170 0.584259184 1.037146481
0.584259184 0.539316170 1.037146481
0.630400112 0.495314374 1.039121065
0.678043535 0.452029024 1.043143901
0.727559472 0.409252203 1.049364623
0.779403113 0.366777935 1.058013275
0.834137126 0.324386660 1.069406572
0.892456572 0.281828391 1.083955350
0.955215892 0.238803973 1.102172184
1.023456502 0.194944096 1.124677475
1.098432018 0.149786184 1.152201418
1.181625949 0.102750083 1.185577876
1.274753444 0.053114727 1.225724465
1.379734293 0.000000000 1.273600886
0.000000000 1.489451586 1.170283389
0.057333018 1.375992430 1.126184281
0.110901220 1.275364033 1.089208414
0.161657287 1.185486771 1.058470331
0.210381570 1.104503242 1.033123780
0.257701817 1.030807269 1.012399996
0.304118476 0.963041840 0.995625962
0.350031043 0.900079825 0.982229967
0.395763094 0.840996576 0.971739741
0.441585004 0.785040008 0.963776795
0.487734231 0.731601346 0.958049382
0.534433539 0.680188140 0.954345605
0.581907796 0.630400112 0.952527642
0.630400112 0.581907796 0.952527642
0.680188140 0.534433539 0.954345605
0.731601346 0.487734231 0.958049382
0.785040008 0.441585004 0.963776795
0.840996576 0.395763094 0.971739741
0.900079825 0.350031043 0.982229967
0.963041840 0.304118476 0.995625962
1.030807269 0.257701817 1.012399996
1.104503242 0.210381570 1.033123780
1.185486771 0.161657287 1.058470331
1.275364033 0.110901220 1.089208414
1.375992430 0.057333018 1.126184281
1.489451586 0.000000000 1.170283389
0.000000000 1.603670016 1.069113344
0.061717733 1.481225595 1.028628885
0.119362788 1.372672063 0.994689901
0.173966537 1.275754606 0.966480762
0.226373436 1.188460539 0.943222650
0.277262559 1.109050234 0.924208528
0.327175105 1.036054499 0.908819736
0.376542997 0.968253422 0.896530946
0.425716004 0.904646509 0.886908342
0.474986344 0.844420166 0.879604340
0.524610638 0.786915958 0.874351064
0.574829629 0.731601346 0.870953983
0.625886340 0.678043535 0.869286584
0.678043535 0.625886340 0.869286584
0.731601346 0.574829629 0.870953983
0.786915958 0.524610638 0.874351064
0.844420166 0.474986344 0.879604340
0.904646509 0.425716004 0.886908342
0.968253422 0.376542997 0.896530946
1.036054499 0.327175105 0.908819736
1.109050234 0.277262559 0.924208528
1.188460539 0.226373436 0.943222650
1.275754606 0.173966537 0.966480762
1.372672063 0.119362788 0.994689901
1.481225595 0.061717733 1.028628885
1.603670016 0.000000000 1.069113344
0.000000000 1.723511790 0.969475382
0.066310270 1.591446479 0.932488171
0.128211851 1.474436289 0.901489579
0.186822521 1.370031820 0.875730567
0.243056890 1.276048674 0.854496880
0.297650046 1.190600185 0.837140755
0.351187557 1.112093931 0.823095837
0.404136574 1.039208334 0.811881511
0.456875278 0.970859967 0.803101075
0.509719555 0.906168098 0.796436805
0.562946778 0.844420166 0.791643906
0.616817149 0.785040008 0.788544651
0.671593359 0.727559472 0.787023467
0.727559472 0.671593359 0.787023467
0.785040008 0.616817149 0.788544651
0.844420166 0.562946778 0.791643906
0.906168098 0.509719555 0.796436805
0.970859967 0.456875278 0.803101075
1.039208334 0.404136574 0.811881511
1.112093931 0.351187557 0.823095837
1.190600185 0.297650046 0.837140755
1.276048674 0.243056890 0.854496880
1.370031820 0.186822521 0.875730567
1.474436289 0.128211851 0.901489579
1.591446479 0.066310270 0.932488171
1.723511790 0.000000000 0.969475382
0.000000000 1.850368085 0.870761452
0.071161875 1.707885007 0.837198533
0.137543692 1.581752460 0.809080542
0.200359349 1.469301893 0.785722938
0.260601226 1.368156434 0.766474193
0.319066308 1.276265232 0.750744254
0.376389068 1.191898716 0.738017781
0.433075401 1.113622458 0.727857816
0.489534677 1.040261188 0.719903936
0.546108731 0.970859967 0.713867623
0.603097673 0.904646509 0.709526674
0.660783024 0.840996576 0.706719812
0.719449027 0.779403113 0.705342184
0.779403113 0.719449027 0.705342184
0.840996576 0.660783024 0.706719812
0.904646509 0.603097673 0.709526674
0.970859967 0.546108731 0.713867623
1.040261188 0.489534677 0.719903936
1.113622458 0.433075401 0.727857816
1.191898716 0.376389068 0.738017781
1.276265232 0.319066308 0.750744254
1.368156434 0.260601226 0.766474193
1.469301893 0.200359349 0.785722938
1.581752460 0.137543692 0.809080542
1.707885007 0.071161875 0.837198533
1.850368085 0.000000000 0.870761452
0.000000000 1.985973486 0.772323022
0.076336344 1.832072264 0.742158903
0.147476759 1.695982728 0.716900912
0.214743539 1.574785950 0.695928134
0.279216427 1.465886244 0.678651039
0.341761720 1.367046879 0.664536677
0.403068486 1.276383539 0.653120232
0.463685774 1.192334847 0.644008019
0.524057628 1.113622458 0.636875589
0.584554688 1.039208334 0.631463397
0.645502281 0.968253422 0.627571662
0.707205577 0.900079825 0.625055434
0.769972732 0.834137126 0.623820500
0.834137126 0.769972732 0.623820500
0.900079825 0.707205577 0.625055434
0.968253422 0.645502281 0.627571662
1.039208334 0.584554688 0.631463397
1.113622458 0.524057628 0.636875589
1.192334847 0.463685774 0.644008019
1.276383539 0.403068486 0.653120232
1.367046879 0.341761720 0.664536677
1.465886244 0.279216427 0.678651039
1.574785950 0.214743539 0.695928134
1.695982728 0.147476759 0.716900912
1.832072264 0.076336344 0.742158903
1.985973486 0.000000000 0.772323022
0.000000000 2.132492199 0.673418589
0.081913127 1.965915046 0.646682581
0.158158329 1.818820785 0.624309194
0.230181849 1.688000229 0.605741709
0.299162923 1.570605348 0.590453138
0.366046494 1.464185976 0.577968148
0.431583399 1.366680762 0.567872893
0.496371376 1.276383539 0.559817342
0.560893513 1.191898716 0.553513336
0.625552836 1.112093931 0.548730558
0.690702999 1.036054499 0.545291842
0.756675731 0.963041840 0.543068707
0.823806066 0.892456572 0.541977675
0.892456572 0.823806066 0.541977675
0.963041840 0.756675731 0.543068707
1.036054499 0.690702999 0.545291842
1.112093931 0.625552836 0.548730558
1.191898716 0.560893513 0.553513336
1.276383539 0.496371376 0.559817342
1.366680762 0.431583399 0.567872893
1.464185976 0.366046494 0.577968148
1.570605348 0.299162923 0.590453138
1.688000229 0.230181849 0.605741709
1.818820785 0.158158329 0.624309194
1.965915046 0.081913127 0.646682581
2.132492199 0.000000000 0.673418589
0.000000000 2.292616057 0.573154014
0.087990830 2.111779927 0.549942689
0.169770849 1.952364762 0.530533903
0.246929998 1.810819988 0.514437496
0.320762361 1.684002397 0.501191190
0.392303323 1.569213292 0.490379154
0.462374519 1.464185976 0.481640124
0.531629342 1.367046879 0.474669055
0.600595404 1.276265232 0.469215159
0.669712604 1.190600185 0.465078197
0.739366823 1.109050234 0.462104264
0.809919997 1.030807269 0.460181816
0.881737747 0.955215892 0.459238410
0.955215892 0.881737747 0.459238410
1.030807269 0.809919997 0.460181816
1.109050234 0.739366823 0.462104264
1.190600185 0.669712604 0.465078197
1.276265232 0.600595404 0.469215159
1.367046879 0.531629342 0.474669055
1.464185976 0.462374519 0.481640124
1.569213292 0.392303323 0.490379154
1.684002397 0.320762361 0.501191190
1.810819988 0.246929998 0.514437496
1.952364762 0.169770849 0.530533903
2.111779927 0.087990830 0.549942689
2.292616057 0.000000000 0.573154014
0.000000000 2.469671888 0.470413693
0.094691013 2.272584316 0.450909587
0.182538729 2.099195382 0.434616021
0.265301915 1.945547374 0.421114150
0.344408962 1.808147048 0.410010669
0.421000599 1.684002397 0.400952952
0.495980636 1.570605348 0.393635426
0.570066873 1.465886244 0.387800594
0.643838322 1.368156434 0.383237096
0.717777379 1.276048674 0.379776391
0.792307026 1.188460539 0.377289060
0.867823976 1.104503242 0.375681375
0.944729079 1.023456502 0.374892492
1.023456502 0.944729079 0.374892492
1.104503242 0.867823976 0.375681375
1.188460539 0.792307026 0.377289060
1.276048674 0.717777379 0.379776391
1.368156434 0.643838322 0.383237096
1.465886244 0.570066873 0.387800594
1.570605348 0.495980636 0.393635426
1.684002397 0.421000599 0.400952952
1.808147048 0.344408962 0.410010669
1.945547374 0.265301915 0.421114150
2.099195382 0.182538729 0.434616021
2.272584316 0.094691013 0.450909587
2.469671888 0.000000000 0.470413693
0.000000000 2.667731532 0.363781573
0.102162006 2.451888155 0.348279567
0.196735077 2.262453390 0.335343882
0.285678773 2.094977670 0.324634970
0.370580452 1.945547374 0.315835613
0.452704997 1.810819988 0.308662498
0.533052704 1.688000229 0.302870854
0.612416758 1.574785950 0.298254915
0.691436185 1.469301893 0.294646102
0.770642899 1.370031820 0.291910189
0.850503071 1.275754606 0.289944229
0.931453892 1.185486771 0.288673727
1.013937247 1.098432018 0.288050354
1.098432018 1.013937247 0.288050354
1.185486771 0.931453892 0.288673727
1.275754606 0.850503071 0.289944229
1.370031820 0.770642899 0.291910189
1.469301893 0.691436185 0.294646102
1.574785950 0.612416758 0.298254915
1.688000229 0.533052704 0.302870854
1.810819988 0.452704997 0.308662498
1.945547374 0.370580452 0.315835613
2.094977670 0.285678773 0.324634970
2.262453390 0.196735077 0.335343882
2.451888155 0.102162006 0.348279567
2.667731532 0.000000000 0.363781573
0.000000000 2.891710728 0.251453107
0.110582236 2.653973675 0.240396166
0.212687371 2.445904766 0.231181925
0.308516371 2.262453390 0.223562588
0.399846739 2.099195382 0.217308011
0.488091190 1.952364762 0.212213561
0.574364458 1.818820785 0.208103065
0.659548839 1.695982728 0.204828832
0.744354099 1.581752460 0.202270136
0.829370413 1.474436289 0.200331018
0.915114709 1.372672063 0.198937980
1.002071741 1.275364033 0.198037893
1.090731646 1.181625949 0.197596313
1.181625949 1.090731646 0.197596313
1.275364033 1.002071741 0.198037893
1.372672063 0.915114709 0.198937980
1.474436289 0.829370413 0.200331018
1.581752460 0.744354099 0.202270136
1.695982728 0.659548839 0.204828832
1.818820785 0.574364458 0.208103065
1.952364762 0.488091190 0.212213561
2.099195382 0.399846739 0.217308011
2.262453390 0.308516371 0.223562588
2.445904766 0.212687371 0.231181925
2.653973675 0.110582236 0.240396166
2.891710728 0.000000000 0.251453107
0.000000000 3.147431793 0.131142991
0.120162119 2.883890854 0.125168874
0.230780320 2.653973675 0.120198083
0.334348385 2.451888155 0.116093189
0.432873203 2.272584316 0.112727397
0.527944982 2.111779927 0.109988538
0.620815278 1.965915046 0.107780430
0.712472547 1.832072264 0.106022700
0.803710592 1.707885007 0.104649817
0.895188644 1.591446479 0.103609797
0.987483730 1.481225595 0.102862889
1.081136910 1.375992430 0.102380389
1.176695487 1.274753444 0.102143705
1.274753444 1.176695487 0.102143705
1.375992430 1.081136910 0.102380389
1.481225595 0.987483730 0.102862889
1.591446479 0.895188644 0.103609797
1.707885007 0.803710592 0.104649817
1.832072264 0.712472547 0.106022700
1.965915046 0.620815278 0.107780430
2.111779927 0.527944982 0.109988538
2.272584316 0.432873203 0.112727397
2.451888155 0.334348385 0.116093189
2.653973675 0.230780320 0.120198083
2.883890854 0.120162119 0.125168874
3.147431793 0.000000000 0.131142991
0.000000000 3.441608071 0.000000000
0.131142991 3.147431793 0.000000000
0.251453107 2.891710728 0.000000000
0.363781573 2.667731532 0.000000000
0.470413693 2.469671888 0.000000000
0.573154014 2.292616057 0.000000000
0.673418589 2.132492199 0.000000000
0.772323022 1.985973486 0.000000000
0.870761452 1.850368085 0.000000000
0.969475382 1.723511790 0.000000000
1.069113344 1.603670016 0.000000000
1.170283389 1.489451586 0.000000000
1.273600886 1.379734293 0.000000000
1.379734293 1.273600886 0.000000000
1.489451586 1.170283389 0.000000000
1.603670016 1.069113344 0.000000000
1.723511790 0.969475382 0.000000000
1.850368085 0.870761452 0.000000000
1.985973486 0.772323022 0.000000000
2.132492199 0.673418589 0.000000000
2.292616057 0.573154014 0.000000000
2.469671888 0.470413693 0.000000000
2.667731532 0.363781573 0.000000000
2.891710728 0.251453107 0.000000000
3.147431793 0.131142991 0.000000000
3.441608071 0.000000000 0.000000000
