0.510825624 0.000000000
0.514967036 0.004044625
0.519010143 0.008153263
0.522949887 0.012323997
0.526781575 0.016554778
0.530500885 0.020843437
0.534103866 0.025187699
0.537586940 0.029585199
0.540946900 0.034033494
0.544180899 0.038530074
0.547286450 0.043072378
0.550261411 0.047657803
0.553103976 0.052283719
0.555812660 0.056947477
0.558386287 0.061646420
0.560823972 0.066377891
0.563125107 0.071139245
0.565289340 0.075927851
0.567316561 0.080741103
0.569206882 0.085576426
0.570960620 0.090431278
0.572578277 0.095303156
0.574060524 0.100189600
0.575408184 0.105088194
0.576622210 0.109996569
0.577703677 0.114912406
0.578653756 0.119833432
0.579473710 0.124757426
0.580164868 0.129682212
0.580728620 0.134605667
0.581166401 0.139525708
0.581479678 0.144440303
0.581669940 0.149347457
0.581738690 0.154245219
0.581687429 0.159131673
0.581517656 0.164004941
0.581230853 0.168863173
0.580828480 0.173704549
0.580311973 0.178527274
0.579682729 0.183329574
0.578942112 0.188109695
0.578091440 0.192865895
0.577131986 0.197596444
0.576064972 0.202299619
0.574891570 0.206973701
0.573612896 0.211616969
0.572230010 0.216227702
0.570743918 0.220804169
0.569155565 0.225344630
0.567465841 0.229847329
0.565675578 0.234310496
0.563785550 0.238732340
0.561796476 0.243111044
0.559709020 0.247444769
0.557523795 0.251731646
0.555241362 0.255969774
0.552862235 0.260157220
0.550386881 0.264292016
0.547815727 0.268372155
0.545149160 0.272395595
0.542387535 0.276360252
0.539531174 0.280264004
0.536580377 0.284104685
0.533535421 0.287880093
0.530396572 0.291587983
0.527164084 0.295226072
0.523838211 0.298792040
0.520419212 0.302283532
0.516907359 0.305698160
0.513302941 0.309033506
0.509606278 0.312287129
0.505817725 0.315456566
0.501937684 0.318539341
0.497966611 0.321532968
0.493905028 0.324434963
0.489753529 0.327242846
0.485512795 0.329954155
0.481183603 0.332566454
0.476766835 0.335077344
0.472263491 0.337484474
0.467674696 0.339785556
0.463001718 0.341978375
0.458245969 0.344060806
0.453409024 0.346030827
0.448492624 0.347886539
0.443498691 0.349626177
0.438429332 0.351248128
0.433286848 0.352750953
0.428073744 0.354133399
0.422792731 0.355394419
0.417446730 0.356533190
0.412038881 0.357549127
0.406572536 0.358441906
0.401051266 0.359211476
0.395478858 0.359858073
0.389859308 0.360382238
0.384196819 0.360784828
0.378495793 0.361067029
0.372760819 0.361230364
0.366996665 0.361276702
0.361208263 0.361208263
0.355400692 0.361027622
0.349579163 0.360737713
0.343749002 0.360341822
0.337915623 0.359843590
0.332084512 0.359247001
0.326261200 0.358556377
0.320451242 0.357776366
0.314660189 0.356911925
0.308893565 0.355968311
0.303156840 0.354951054
0.297455403 0.353865945
0.291794539 0.352719007
0.286179405 0.351516476
0.280615000 0.350264776
0.275106151 0.348970489
0.269657484 0.347640333
0.264273407 0.346281134
0.258958092 0.344899796
0.253715458 0.343503278
0.248549156 0.342098565
0.243462557 0.340692642
0.238458741 0.339292468
0.233540488 0.337904958
0.228710276 0.336536951
0.223970270 0.335195197
0.219322326 0.333886332
0.214767989 0.332616865
0.210308493 0.331393157
0.205944764 0.330221410
0.201677428 0.329107651
0.197506816 0.328057727
0.193432969 0.327077288
0.189455649 0.326171787
0.185574348 0.325346467
0.181788297 0.324606361
0.178096476 0.323956288
0.174497629 0.323400848
0.170990270 0.322944423
0.167572698 0.322591175
0.164243006 0.322345049
0.160999095 0.322209768
0.157838684 0.322188839
0.154759317 0.322285551
0.151758382 0.322502979
0.148833114 0.322843981
0.145980605 0.323311202
0.143197819 0.323907073
0.140481595 0.324633812
0.137828658 0.325493421
0.135235629 0.326487689
0.132699026 0.327618184
0.130215281 0.328886258
0.127780739 0.330293037
0.125391667 0.331839419
0.123044264 0.333526072
0.120734662 0.335353425
0.118458936 0.337321661
0.116213109 0.339430716
0.113993160 0.341680264
0.111795027 0.344069713
0.109614617 0.346598199
0.107447812 0.349264571
0.105290476 0.352067389
0.103138462 0.355004914
0.100987622 0.358075096
0.098833813 0.361275573
0.096672908 0.364603657
0.094500804 0.368056333
0.092313434 0.371630252
0.090106775 0.375321729
0.087876859 0.379126737
0.085619787 0.383040910
0.083331739 0.387059543
0.081008985 0.391177594
0.078647900 0.395389693
0.076244973 0.399690147
0.073796824 0.404072950
0.071300213 0.408531798
0.068752052 0.413060102
0.066149421 0.417651009
0.063489577 0.422297419
0.060769962 0.426992008
0.057988220 0.431727256
0.055142202 0.436495472
0.052229974 0.441288824
0.049249829 0.446099368
0.046200287 0.450919082
0.043080104 0.455739899
0.039888277 0.460553742
0.036624040 0.465352555
0.033286872 0.470128341
0.029876489 0.474873196
0.026392848 0.479579340
0.022836139 0.484239153
0.019206780 0.488845201
0.015505414 0.493390271
0.011732895 0.497867396
0.007890286 0.502269880
0.003978841 0.506591319
0.000000000 0.510825624
