0.000000000 5.196152423
0.025759297 5.126100195
0.051086362 5.057549825
0.075996917 4.990464214
0.100506262 4.924806848
0.124629277 4.860541812
0.148380427 4.797633806
0.171773767 4.736048155
0.194822951 4.675750822
0.217541234 4.616708414
0.239941484 4.558888190
0.262036184 4.502258064
0.283837443 4.446786608
0.305357004 4.392443054
0.326606248 4.339197291
0.347596206 4.287019869
0.368337564 4.235881991
0.388840676 4.185755514
0.409115565 4.136612940
0.429171939 4.088427416
0.449019191 4.041172721
0.468666417 3.994823268
0.488122415 3.949354087
0.507395700 3.904740825
0.526494509 3.860959731
0.545426808 3.817987655
0.564200303 3.775802029
0.582822447 3.734380866
0.601300447 3.693702745
0.619641271 3.653746804
0.637851657 3.614492726
0.655938123 3.575920733
0.673906966 3.538011572
0.691764280 3.500746507
0.709515954 3.464107306
0.727167686 3.428076233
0.744724983 3.392636032
0.762193173 3.357769924
0.779577410 3.323461591
0.796882680 3.289695165
0.814113806 3.256455222
0.831275456 3.223726767
0.848372148 3.191495225
0.865408258 3.159746432
0.882388022 3.128466624
0.899315543 3.097642427
0.916194799 3.067260848
0.933029643 3.037309262
0.949823813 3.007775407
0.966580935 2.978647372
0.983304530 2.949913589
0.999998012 2.921562821
1.016664704 2.893584157
1.033307830 2.865967001
1.049930530 2.838701064
1.066535859 2.811776354
1.083126789 2.785183173
1.099706222 2.758912100
1.116276983 2.732953993
1.132841832 2.707299972
1.149403465 2.681941419
1.165964518 2.656869967
1.182527569 2.632077492
1.199095145 2.607556108
1.215669722 2.583298160
1.232253733 2.559296214
1.248849564 2.535543055
1.265459567 2.512031678
1.282086055 2.488755282
1.298731307 2.465707264
1.315397576 2.442881213
1.332087086 2.420270903
1.348802038 2.397870290
1.365544613 2.375673506
1.382316974 2.353674848
1.399121269 2.331868781
1.415959634 2.310249929
1.432834196 2.288813067
1.449747077 2.267553121
1.466700394 2.246465161
1.483696264 2.225544397
1.500736806 2.204786172
1.517824142 2.184185960
1.534960403 2.163739364
1.552147730 2.143442104
1.569388276 2.123290020
1.586684208 2.103279067
1.604037714 2.083405307
1.621450999 2.063664908
1.638926294 2.044054142
1.656465854 2.024569377
1.674071962 2.005207076
1.691746935 1.985963793
1.709493120 1.966836171
1.727312904 1.947820934
1.745208709 1.928914889
1.763183003 1.910114920
1.781238297 1.891417986
1.799377148 1.872821114
1.817602166 1.854321401
1.835916011 1.835916011
1.854321401 1.817602166
1.872821114 1.799377148
1.891417986 1.781238297
1.910114920 1.763183003
1.928914889 1.745208709
1.947820934 1.727312904
1.966836171 1.709493120
1.985963793 1.691746935
2.005207076 1.674071962
2.024569377 1.656465854
2.044054142 1.638926294
2.063664908 1.621450999
2.083405307 1.604037714
2.103279067 1.586684208
2.123290020 1.569388276
2.143442104 1.552147730
2.163739364 1.534960403
2.184185960 1.517824142
2.204786172 1.500736806
2.225544397 1.483696264
2.246465161 1.466700394
2.267553121 1.449747077
2.288813067 1.432834196
2.310249929 1.415959634
2.331868781 1.399121269
2.353674848 1.382316974
2.375673506 1.365544613
2.397870290 1.348802038
2.420270903 1.332087086
2.442881213 1.315397576
2.465707264 1.298731307
2.488755282 1.282086055
2.512031678 1.265459567
2.535543055 1.248849564
2.559296214 1.232253733
2.583298160 1.215669722
2.607556108 1.199095145
2.632077492 1.182527569
2.656869967 1.165964518
2.681941419 1.149403465
2.707299972 1.132841832
2.732953993 1.116276983
2.758912100 1.099706222
2.785183173 1.083126789
2.811776354 1.066535859
2.838701064 1.049930530
2.865967001 1.033307830
2.893584157 1.016664704
2.921562821 0.999998012
2.949913589 0.983304530
2.978647372 0.966580935
3.007775407 0.949823813
3.037309262 0.933029643
3.067260848 0.916194799
3.097642427 0.899315543
3.128466624 0.882388022
3.159746432 0.865408258
3.191495225 0.848372148
3.223726767 0.831275456
3.256455222 0.814113806
3.289695165 0.796882680
3.323461591 0.779577410
3.357769924 0.762193173
3.392636032 0.744724983
3.428076233 0.727167686
3.464107306 0.709515954
3.500746507 0.691764280
3.538011572 0.673906966
3.575920733 0.655938123
3.614492726 0.637851657
3.653746804 0.619641271
3.693702745 0.601300447
3.734380866 0.582822447
3.775802029 0.564200303
3.817987655 0.545426808
3.860959731 0.526494509
3.904740825 0.507395700
3.949354087 0.488122415
3.994823268 0.468666417
4.041172721 0.449019191
4.088427416 0.429171939
4.136612940 0.409115565
4.185755514 0.388840676
4.235881991 0.368337564
4.287019869 0.347596206
4.339197291 0.326606248
4.392443054 0.305357004
4.446786608 0.283837443
4.502258064 0.262036184
4.558888190 0.239941484
4.616708414 0.217541234
4.675750822 0.194822951
4.736048155 0.171773767
4.797633806 0.148380427
4.860541812 0.124629277
4.924806848 0.100506262
4.990464214 0.075996917
5.057549825 0.051086362
5.126100195 0.025759297
5.196152423 0.000000000
