   0.0000000e+00   0.0000000e+00   0.0000000e+00   0.0000000e+00   1.9811985e+00
   2.3242113e-02   2.3268879e-02   3.7740319e-02   2.0656720e-01   1.5701178e+00
   1.4833057e-03   1.7815725e-03   3.5761540e-03   4.5532273e-01   1.5894123e+00
   5.0010256e-03   5.0264275e-03   8.6760986e-03   6.5218138e-01   1.3007001e+00
   1.5540649e-03   1.5525201e-03   2.9906923e-03   8.7507673e-01   1.0934052e+00
   0.0000000e+00   0.0000000e+00   0.0000000e+00   1.1061030e+00   8.8449346e-01
   1.2592578e-04   1.3138276e-04   2.5710187e-04   1.3404557e+00   6.7021344e-01
   0.0000000e+00   0.0000000e+00   0.0000000e+00   1.6119154e+00   4.6147180e-01
   0.0000000e+00   0.0000000e+00   0.0000000e+00   1.9453410e+00   2.4323127e-01
   0.0000000e+00   0.0000000e+00   0.0000000e+00   2.3778823e+00   7.0130531e-06
   3.8960098e-02   3.8793607e-02   2.0735849e-01   6.0136738e-02   1.6187389e+00
   1.8510681e-02   1.8531401e-02   2.0649342e-01   2.1070960e-01   1.4321033e+00
   1.8214445e-02   1.8239758e-02   2.0572624e-01   4.0657273e-01   1.2080851e+00
   1.8161853e-02   1.8190392e-02   2.0950111e-01   6.1259672e-01   1.0094501e+00
   1.1547504e-02   1.1477023e-02   2.1573753e-01   8.5770584e-01   8.5782034e-01
   2.1137189e-02   2.1189450e-02   2.1235083e-01   1.0452791e+00   6.3145636e-01
   2.5949350e-02   2.5988957e-02   2.1682597e-01   1.2847921e+00   4.3116844e-01
   2.4935262e-02   2.4986198e-02   2.3399878e-01   1.5987554e+00   2.3740713e-01
   4.2175918e-02   4.2834581e-02   2.4043236e-01   1.8501739e+00   2.4295080e-02
   3.5012942e-02   3.6344518e-02   4.4798359e-01   4.7380098e-02   1.5296789e+00
   1.0820556e-02   1.0960524e-02   4.3611048e-01   2.2042805e-01   1.2982942e+00
   6.9852259e-03   7.4332364e-03   4.3024164e-01   4.2848702e-01   1.0676671e+00
   0.0000000e+00   0.0000000e+00   4.4335004e-01   6.6485435e-01   8.8681619e-01
   5.1164376e-03   5.1205771e-03   4.4588143e-01   8.8616060e-01   6.6623940e-01
   1.1166933e-02   1.1124723e-02   4.5255014e-01   1.1243901e+00   4.5492262e-01
   5.8081484e-03   5.8056313e-03   4.9324859e-01   1.4799120e+00   2.4810521e-01
   3.7887830e-02   3.7721604e-02   4.8111524e-01   1.6619245e+00   1.4260625e-02
   2.1354396e-02   2.1553942e-02   7.2685530e-01   2.5110089e-02   1.4476873e+00
   1.3557967e-04   1.3558939e-04   6.8558933e-01   2.2867771e-01   1.1424315e+00
   2.0175597e-03   2.0607475e-03   6.6102472e-01   4.4106942e-01   8.8057296e-01
   5.0933339e-04   5.0700093e-04   6.6968653e-01   6.6922100e-01   6.6950377e-01
   0.0000000e+00   0.0000000e+00   6.9323405e-01   9.2386368e-01   4.6238841e-01
   2.2386209e-03   2.2842778e-03   7.3156132e-01   1.2165405e+00   2.4393244e-01
   5.8626536e-03   5.8766336e-03   7.9451939e-01   1.5809179e+00   1.4628990e-03
   4.1036328e-04   3.9398375e-04   1.0577821e+00   1.0297473e-04   1.3223880e+00
   1.2657267e-03   1.2666121e-03   9.2875155e-01   2.3314390e-01   9.2636535e-01
   0.0000000e+00   0.0000000e+00   9.0801202e-01   4.5407095e-01   6.8105516e-01
   0.0000000e+00   0.0000000e+00   9.2458786e-01   6.9280662e-01   4.6222302e-01
   0.0000000e+00   0.0000000e+00   9.7176990e-01   9.7214681e-01   2.4311789e-01
   0.0000000e+00   0.0000000e+00   1.0594863e+00   1.3232838e+00   2.7773976e-08
   0.0000000e+00   0.0000000e+00   1.3233766e+00   4.0519169e-04   1.0583818e+00
   0.0000000e+00   0.0000000e+00   1.1987282e+00   2.4012525e-01   7.1933291e-01
   0.0000000e+00   0.0000000e+00   1.1843353e+00   4.7370758e-01   4.7375503e-01
   0.0000000e+00   0.0000000e+00   1.2265467e+00   7.3611047e-01   2.4547944e-01
   0.0000000e+00   0.0000000e+00   1.3237356e+00   1.0590460e+00   8.1245424e-06
   1.6105826e-08   1.6096298e-08   1.6161309e+00   0.0000000e+00   8.0808497e-01
   0.0000000e+00   0.0000000e+00   1.5068756e+00   2.5117180e-01   5.0238623e-01
   1.1983349e-06   1.1970506e-06   1.5195770e+00   5.0648440e-01   2.5337335e-01
   0.0000000e+00   0.0000000e+00   1.6161883e+00   8.0803963e-01   0.0000000e+00
   0.0000000e+00   0.0000000e+00   1.9593591e+00   4.9391807e-06   5.5993851e-01
   0.0000000e+00   0.0000000e+00   1.8873351e+00   2.6956618e-01   2.6955563e-01
   0.0000000e+00   0.0000000e+00   1.9589855e+00   5.6004105e-01   9.6759651e-05
   0.0000000e+00   0.0000000e+00   2.3957657e+00   2.1239319e-05   2.9945475e-01
   0.0000000e+00   0.0000000e+00   2.3957709e+00   2.9947819e-01   0.0000000e+00
   0.0000000e+00   0.0000000e+00   2.9965239e+00   0.0000000e+00   6.9164301e-06
   6.4582799e-02   1.9275158e-01   7.4937191e-02   8.3125063e-02   1.6028130e+00
   3.7606237e-02   2.1164370e-01   4.2938100e-02   2.2739619e-01   1.5036975e+00
   2.9877050e-02   2.2090834e-01   3.3781334e-02   4.4605322e-01   1.3171903e+00
   3.4566907e-02   2.1845533e-01   3.7484140e-02   6.5146917e-01   1.0830857e+00
   3.1440891e-02   2.2704764e-01   3.2201790e-02   9.0620737e-01   9.0688042e-01
   3.8704308e-02   2.2209345e-01   4.2360719e-02   1.1206803e+00   6.7371900e-01
   4.3551448e-02   2.3006239e-01   4.7629994e-02   1.3739775e+00   4.6944712e-01
   5.9891346e-02   2.2866819e-01   6.5625362e-02   1.5873601e+00   2.5190726e-01
   8.1789749e-02   2.2950233e-01   9.4016859e-02   1.7826094e+00   5.3788184e-02
   5.5837273e-02   2.2534513e-01   2.2542395e-01   5.1768778e-02   1.4696401e+00
   1.2097094e-02   2.1850615e-01   2.1918060e-01   2.1920019e-01   1.3019495e+00
   6.5337891e-03   2.1670258e-01   2.1541533e-01   4.3107868e-01   1.0751099e+00
   0.0000000e+00   2.2181978e-01   2.2160490e-01   6.6496388e-01   8.8664236e-01
   8.2137813e-03   2.2188306e-01   2.1983720e-01   8.8066532e-01   6.6063004e-01
   6.6050920e-03   2.3202806e-01   2.3140794e-01   1.1536572e+00   4.6221149e-01
   1.9382786e-02   2.3703664e-01   2.3848574e-01   1.4109832e+00   2.3917465e-01
   3.0970122e-02   2.5321362e-01   2.5417807e-01   1.7432828e+00   7.6058362e-03
   3.6403554e-02   2.3639087e-01   4.6756401e-01   2.4028206e-02   1.3920283e+00
   2.4154997e-04   2.3232913e-01   4.6429710e-01   2.3180284e-01   1.1607199e+00
   8.5329403e-04   2.2486173e-01   4.4823949e-01   4.4853840e-01   8.9735986e-01
   5.8062221e-03   2.2171761e-01   4.4425626e-01   6.6611562e-01   6.6646538e-01
   6.4935728e-03   2.3039323e-01   4.5726406e-01   9.1505041e-01   4.5835521e-01
   1.4370251e-02   2.3822482e-01   4.7231889e-01   1.1794446e+00   2.3820191e-01
   2.8243599e-02   2.4886784e-01   4.9286237e-01   1.4750606e+00   9.1602074e-03
   3.3383958e-02   2.4628591e-01   7.2264615e-01   1.4344739e-02   1.2056422e+00
   8.5613442e-03   2.3571331e-01   7.0075261e-01   2.3525216e-01   9.3551095e-01
   9.5842887e-03   2.2932638e-01   6.7914847e-01   4.5565406e-01   6.8109487e-01
   8.5069171e-03   2.3421480e-01   6.9629453e-01   6.9673780e-01   4.6449142e-01
   1.5858681e-02   2.3866206e-01   7.1386971e-01   9.5345656e-01   2.4040719e-01
   2.2369760e-02   2.5586406e-01   7.5979789e-01   1.2652066e+00   6.9740080e-03
   2.7568520e-02   2.6129453e-01   1.0097220e+00   1.0185397e-02   1.0099586e+00
   1.0799454e-02   2.4589006e-01   9.7560695e-01   2.4567701e-01   7.3256797e-01
   1.2383393e-02   2.4195864e-01   9.5746071e-01   4.7972710e-01   4.7985341e-01
   2.1938999e-02   2.4136020e-01   9.6356041e-01   7.2100761e-01   2.4362394e-01
   2.6181439e-02   2.5746031e-01   1.0232296e+00   1.0270550e+00   5.4849357e-03
   2.6741212e-02   2.6843629e-01   1.3236108e+00   5.9687772e-03   7.9656774e-01
   1.9041660e-02   2.5409225e-01   1.2643967e+00   2.5666627e-01   5.0855906e-01
   2.0189720e-02   2.5718219e-01   1.2717308e+00   5.0989414e-01   2.5752149e-01
   3.1589695e-02   2.6663229e-01   1.3040594e+00   7.8158010e-01   7.9979261e-03
   4.5279055e-02   2.6794888e-01   1.5710275e+00   1.8149685e-02   5.3217156e-01
   3.5265226e-02   2.6506545e-01   1.5672211e+00   2.6953976e-01   2.7106259e-01
   3.8462005e-02   2.7447543e-01   1.6153326e+00   5.4632191e-01   1.0008665e-02
   5.6514291e-02   2.7828169e-01   1.9242410e+00   2.3771717e-02   2.9326613e-01
   6.2084554e-02   2.8020729e-01   1.8879048e+00   2.9290944e-01   2.4083604e-02
   9.1274209e-02   2.8611008e-01   2.1881046e+00   5.0750718e-02   5.1090379e-02
   7.3400716e-02   4.4338250e-01   7.8332351e-02   8.0611919e-02   1.5463442e+00
   1.3045083e-02   5.2216002e-01   1.2164470e-02   2.6482014e-01   1.5575727e+00
   8.6915408e-03   5.1267215e-01   5.4955562e-03   5.1560515e-01   1.2834199e+00
   0.0000000e+00   5.3316418e-01   1.8931028e-05   7.9957098e-01   1.0661284e+00
   4.5815426e-03   5.3993120e-01   4.1973513e-03   1.0777691e+00   8.0781661e-01
   3.5560633e-03   5.7136490e-01   3.3618977e-03   1.4269476e+00   5.7123786e-01
   4.3947754e-02   5.2236083e-01   4.5416276e-02   1.5524815e+00   2.7191640e-01
   6.9831405e-02   5.1303991e-01   8.0437408e-02   1.7513348e+00   4.9036207e-02
   7.0121763e-04   5.4867839e-01   2.7462447e-01   4.6856957e-06   1.6453112e+00
   4.8250440e-04   4.6408544e-01   2.3234782e-01   2.3181880e-01   1.1607999e+00
   3.6746081e-04   4.4976157e-01   2.2510608e-01   4.4996340e-01   8.9957732e-01
   0.0000000e+00   4.5390429e-01   2.2725345e-01   6.8089927e-01   6.8098393e-01
   2.9856509e-04   4.6950781e-01   2.3491861e-01   9.3894360e-01   4.6917357e-01
   6.5478757e-04   4.9870058e-01   2.4969643e-01   1.2461775e+00   2.4957116e-01
   7.8609870e-06   5.4911004e-01   2.7546035e-01   1.6471167e+00   8.5640817e-05
   0.0000000e+00   5.2966540e-01   5.2971332e-01   1.8197682e-10   1.3233933e+00
   0.0000000e+00   4.6550684e-01   4.6568345e-01   2.3282643e-01   9.3115533e-01
   4.8091448e-06   4.5407117e-01   4.5414486e-01   4.5395891e-01   6.8099807e-01
   0.0000000e+00   4.6206054e-01   4.6222180e-01   6.9313628e-01   4.6217818e-01
   5.0005956e-06   4.8602294e-01   4.8609947e-01   9.7184888e-01   2.4306979e-01
   7.6480279e-06   5.2942062e-01   5.2951256e-01   1.3238193e+00   6.7516430e-06
   5.6725174e-04   5.3245186e-01   7.9865405e-01   8.1921106e-05   1.0646964e+00
   2.8450819e-05   4.8268234e-01   7.2348602e-01   2.4130299e-01   7.2369817e-01
   5.1789388e-06   4.7675709e-01   7.1456948e-01   4.7642065e-01   4.7652714e-01
   0.0000000e+00   4.9355530e-01   7.4060378e-01   7.4067906e-01   2.4699884e-01
   0.0000000e+00   5.3322315e-01   7.9979193e-01   1.0658722e+00   5.6696716e-05
   0.0000000e+00   5.4956408e-01   1.0987298e+00   3.3515546e-06   8.2415496e-01
   1.9120035e-07   5.1171654e-01   1.0227760e+00   2.5586154e-01   5.1144239e-01
   0.0000000e+00   5.1575737e-01   1.0319832e+00   5.1592013e-01   2.5805000e-01
   0.0000000e+00   5.4901653e-01   1.0991726e+00   8.2425063e-01   9.3759292e-05
   3.5800193e-04   5.7937990e-01   1.4481016e+00   5.9500205e-05   5.7933979e-01
   2.7740032e-03   5.5473699e-01   1.3837663e+00   2.7737696e-01   2.7738457e-01
   0.0000000e+00   5.7950965e-01   1.4498515e+00   5.7968892e-01   1.0234017e-04
   2.5279443e-03   6.2757538e-01   1.8811382e+00   5.7958157e-04   3.1413605e-01
   4.0100302e-04   6.3070112e-01   1.8914146e+00   3.1529037e-01   1.4521620e-04
   5.1240344e-02   6.3118208e-01   2.1764955e+00   2.0351725e-02   2.0938440e-02
   4.2486634e-02   8.3924869e-01   4.1917139e-02   4.2346334e-02   1.6742982e+00
   0.0000000e+00   8.3199886e-01   7.1530253e-07   2.7674737e-01   1.3864012e+00
   0.0000000e+00   7.9947125e-01   2.8406243e-04   5.3290557e-01   1.0655980e+00
   1.5310147e-04   8.0794291e-01   0.0000000e+00   8.0778626e-01   8.0791526e-01
   4.3982673e-05   8.4262195e-01   1.1433956e-04   1.1233465e+00   5.6187961e-01
   1.1809299e-03   9.0745814e-01   7.3034294e-05   1.5116901e+00   3.0323427e-01
   2.8704969e-02   9.4418310e-01   1.9266067e-02   1.8860282e+00   9.6209008e-03
   0.0000000e+00   8.3147273e-01   2.7713481e-01   0.0000000e+00   1.3861545e+00
   0.0000000e+00   7.2588037e-01   2.4207067e-01   2.4233424e-01   9.6817991e-01
   4.5150884e-08   7.0702938e-01   2.3574280e-01   4.7179613e-01   7.0713939e-01
   4.7182565e-05   7.2064039e-01   2.4030568e-01   7.2016004e-01   4.8039530e-01
   0.0000000e+00   7.5976548e-01   2.5323139e-01   1.0132157e+00   2.5328802e-01
   0.0000000e+00   8.3090138e-01   2.7772210e-01   1.3852136e+00   1.8650493e-04
   3.5601425e-07   7.9984744e-01   5.3311630e-01   9.8599461e-05   1.0657959e+00
   3.6616939e-04   7.2330890e-01   4.8233265e-01   2.4109143e-01   7.2348606e-01
   2.0588917e-04   7.1478799e-01   4.7656539e-01   4.7609704e-01   4.7635877e-01
   2.1166525e-05   7.4034480e-01   4.9419025e-01   7.4022972e-01   2.4697624e-01
   4.8876492e-04   7.9892659e-01   5.3266184e-01   1.0651979e+00   2.1995791e-04
   1.3266809e-04   8.0715648e-01   8.0756326e-01   0.0000000e+00   8.0877961e-01
   1.2103545e-03   7.5214919e-01   7.5102426e-01   2.5154691e-01   5.0112856e-01
   5.1010572e-05   7.5974609e-01   7.5964593e-01   5.0649191e-01   2.5335702e-01
   9.7276028e-05   8.0796995e-01   8.0783268e-01   8.0793722e-01   5.8881700e-05
   5.3955487e-05   8.4281766e-01   1.1236572e+00   2.9176164e-05   5.6180006e-01
   0.0000000e+00   8.1244792e-01   1.0828959e+00   2.6968753e-01   2.7056830e-01
   1.4205604e-04   8.4267345e-01   1.1234131e+00   5.6176777e-01   5.5544281e-05
   5.9568342e-05   9.0944313e-01   1.5154724e+00   7.0516300e-05   3.0302098e-01
   0.0000000e+00   9.0948292e-01   1.5154378e+00   3.0320721e-01   3.3999371e-05
   0.0000000e+00   1.0230581e+00   2.0475873e+00   8.8975762e-05   0.0000000e+00
   1.4698711e-03   1.3301490e+00   1.1160096e-03   7.2676952e-04   1.6621403e+00
   0.0000000e+00   1.1344623e+00   0.0000000e+00   2.8365075e-01   1.1344198e+00
   0.0000000e+00   1.0988640e+00   0.0000000e+00   5.4952383e-01   8.2411042e-01
   3.8251140e-05   1.1237303e+00   0.0000000e+00   8.4273462e-01   5.6192925e-01
   1.2325091e-05   1.1979127e+00   0.0000000e+00   1.1975818e+00   2.9960477e-01
   0.0000000e+00   1.3351401e+00   8.2564517e-05   1.6689293e+00   0.0000000e+00
   9.4515329e-06   1.1344754e+00   2.8357702e-01   4.2364464e-05   1.1343930e+00
   0.0000000e+00   1.0195311e+00   2.5500587e-01   2.5503577e-01   7.6443407e-01
   0.0000000e+00   1.0059069e+00   2.5160137e-01   5.0288120e-01   5.0305421e-01
   2.5801975e-04   1.0443986e+00   2.6140746e-01   7.8327516e-01   2.6128519e-01
   9.6134891e-04   1.1341445e+00   2.8329123e-01   1.1322098e+00   1.5412490e-04
   0.0000000e+00   1.0988213e+00   5.4929907e-01   1.6307181e-06   8.2436102e-01
   9.2345675e-11   1.0232336e+00   5.1143417e-01   2.5583997e-01   5.1145005e-01
   2.6404238e-09   1.0319299e+00   5.1578061e-01   5.1591067e-01   2.5806583e-01
   0.0000000e+00   1.0984265e+00   5.4969027e-01   8.2401441e-01   1.3626799e-04
   0.0000000e+00   1.1236823e+00   8.4284332e-01   3.7713538e-05   5.6190679e-01
   0.0000000e+00   1.0816753e+00   8.1133505e-01   2.7050848e-01   2.7098040e-01
   0.0000000e+00   1.1238502e+00   8.4291249e-01   5.6181325e-01   0.0000000e+00
   1.0711432e-05   1.1978490e+00   1.1977166e+00   4.3010096e-05   2.9951591e-01
   1.9046182e-05   1.1979518e+00   1.1975611e+00   2.9957535e-01   5.2544291e-06
   0.0000000e+00   1.3348024e+00   1.6694146e+00   8.8906510e-05   0.0000000e+00
   0.0000000e+00   1.6690554e+00   0.0000000e+00   4.9937963e-05   1.3351673e+00
   0.0000000e+00   1.4724003e+00   0.0000000e+00   2.9462837e-01   8.8340066e-01
   0.0000000e+00   1.4494533e+00   0.0000000e+00   5.7980267e-01   5.7980079e-01
   5.2172282e-05   1.5147654e+00   1.2787714e-04   9.0902243e-01   3.0357577e-01
   0.0000000e+00   1.6691270e+00   0.0000000e+00   1.3352459e+00   0.0000000e+00
   1.6415041e-05   1.4725194e+00   2.9453699e-01   0.0000000e+00   8.8341848e-01
   0.0000000e+00   1.3629848e+00   2.7296090e-01   2.7273017e-01   5.4520079e-01
   0.0000000e+00   1.3759421e+00   2.7537812e-01   5.5025279e-01   2.7521465e-01
   0.0000000e+00   1.4727631e+00   2.9432773e-01   8.8346346e-01   7.7833801e-05
   0.0000000e+00   1.4492772e+00   5.7989318e-01   2.2921600e-06   5.7981520e-01
   0.0000000e+00   1.3937832e+00   5.5773613e-01   2.7886180e-01   2.7875991e-01
   0.0000000e+00   1.4489835e+00   5.7980212e-01   5.7992433e-01   9.4950194e-05
   9.6926497e-05   1.5155639e+00   9.0848209e-01   3.7096786e-04   3.0319485e-01
   0.0000000e+00   1.5148037e+00   9.0978799e-01   3.0332299e-01   3.8318916e-05
   0.0000000e+00   1.6690780e+00   1.3352880e+00   1.2478562e-06   0.0000000e+00
   1.3165048e-05   2.0469879e+00   1.4605705e-06   6.0854652e-05   1.0234989e+00
   0.0000000e+00   1.8734725e+00   3.6058091e-06   3.1226402e-01   6.2454368e-01
   0.0000000e+00   1.8935153e+00   4.7127466e-07   6.3116905e-01   3.1560741e-01
   6.0604223e-07   2.0471243e+00   0.0000000e+00   1.0235626e+00   0.0000000e+00
   2.0924400e-08   1.8736628e+00   3.1214533e-01   2.8642878e-05   6.2454263e-01
   0.0000000e+00   1.7964926e+00   2.9931650e-01   2.9947936e-01   2.9938057e-01
   0.0000000e+00   1.8734403e+00   3.1218407e-01   6.2459929e-01   4.2550253e-05
   1.2074221e-05   1.8933263e+00   6.3115674e-01   1.2284263e-05   3.1567100e-01
   1.2920613e-05   1.8932820e+00   6.3114224e-01   3.1568147e-01   2.8527187e-05
   3.2599092e-06   2.0471678e+00   1.0235199e+00   6.0385341e-08   2.3704713e-06
   5.1294583e-06   2.5075979e+00   6.8731463e-06   1.3491493e-06   7.1648292e-01
   0.0000000e+00   2.3909375e+00   0.0000000e+00   3.4165233e-01   3.4153578e-01
   3.9602230e-06   2.5075512e+00   1.7352181e-06   7.1650907e-01   9.5655551e-06
   0.0000000e+00   2.3909709e+00   3.4149152e-01   0.0000000e+00   3.4167696e-01
   0.0000000e+00   2.3907048e+00   3.4166744e-01   3.4161781e-01   5.3994557e-06
   0.0000000e+00   2.5076391e+00   7.1644822e-01   1.3637231e-05   7.6516241e-06
   0.0000000e+00   3.1214327e+00   5.9547617e-05   0.0000000e+00   3.9029638e-01
   5.0597528e-06   3.1215877e+00   2.2361831e-06   3.9028082e-01   6.2895886e-06
   0.0000000e+00   3.1190362e+00   3.9090055e-01   4.4538636e-06   4.9349717e-04
   2.5055510e-01   1.2838841e+00   2.6291611e-01   2.7006641e-01   2.7834159e-01
   1.9437822e-01   6.5022168e-02   7.5012021e-02   8.3748472e-02   1.5999085e+00
   2.1471409e-01   3.9848141e-02   4.0066169e-02   2.2847987e-01   1.5051469e+00
   2.1824169e-01   3.2605231e-02   3.3947671e-02   4.4175705e-01   1.3083248e+00
   2.2219588e-01   3.1199929e-02   3.3099217e-02   6.6511551e-01   1.1060715e+00
   2.2428074e-01   4.0848749e-02   4.0292961e-02   8.6644879e-01   8.6323417e-01
   2.2106383e-01   4.2842102e-02   4.4864255e-02   1.0987010e+00   6.6509148e-01
   2.2925456e-01   4.4787606e-02   4.7453699e-02   1.3703969e+00   4.6845333e-01
   2.2947850e-01   5.9912695e-02   6.5104239e-02   1.5885422e+00   2.5238571e-01
   2.2661060e-01   7.4589578e-02   8.3731046e-02   1.8459072e+00   5.2223269e-02
   2.2174754e-01   4.5336254e-02   2.3185805e-01   4.3704848e-02   1.5315085e+00
   2.1664881e-01   1.0694963e-02   2.2126497e-01   2.2058759e-01   1.3079751e+00
   2.1713806e-01   6.1515509e-03   2.1585352e-01   4.3156163e-01   1.0763144e+00
   2.2137712e-01   2.5792721e-04   2.2170894e-01   6.6433026e-01   8.8565514e-01
   2.2200235e-01   1.0106378e-02   2.2094994e-01   8.7289879e-01   6.5433952e-01
   2.3168682e-01   6.6369119e-03   2.3163678e-01   1.1535370e+00   4.6215434e-01
   2.3774043e-01   1.9072772e-02   2.3810114e-01   1.4122884e+00   2.3970417e-01
   2.4692607e-01   3.9003353e-02   2.5040292e-01   1.6962486e+00   1.1829616e-02
   2.3726860e-01   3.6132392e-02   4.7019772e-01   2.4901101e-02   1.3873932e+00
   2.3201655e-01   0.0000000e+00   4.6422966e-01   2.3293681e-01   1.1613581e+00
   2.2459130e-01   8.9044086e-04   4.4777621e-01   4.4899824e-01   8.9723529e-01
   2.2459949e-01   3.4859534e-03   4.4620919e-01   6.7281165e-01   6.7172715e-01
   2.2893472e-01   8.1088651e-03   4.5638398e-01   9.0986726e-01   4.5455219e-01
   2.3892635e-01   1.3035294e-02   4.7527378e-01   1.1846906e+00   2.3924639e-01
   2.5294433e-01   2.4446402e-02   5.0165354e-01   1.4937490e+00   6.3952871e-03
   2.4193509e-01   3.9318672e-02   7.0780720e-01   1.8680003e-02   1.1770670e+00
   2.3084687e-01   1.5813545e-02   6.8467180e-01   2.3005216e-01   9.0997669e-01
   2.3045121e-01   8.5097402e-03   6.8278703e-01   4.5650600e-01   6.8373300e-01
   2.3495653e-01   8.0539931e-03   6.9711282e-01   6.9788885e-01   4.6510037e-01
   2.4403176e-01   1.4978836e-02   7.1451038e-01   9.5543114e-01   2.3906295e-01
   2.5236990e-01   2.8622527e-02   7.4388340e-01   1.2373457e+00   8.2472689e-03
   2.5184141e-01   3.3709540e-02   9.9814454e-01   1.0068611e-02   9.9124600e-01
   2.4572718e-01   1.0696022e-02   9.7544214e-01   2.4659300e-01   7.3226734e-01
   2.4255243e-01   1.1864248e-02   9.5882986e-01   4.8100139e-01   4.8042141e-01
   2.4632837e-01   1.6564750e-02   9.7873808e-01   7.3548091e-01   2.4728325e-01
   2.5721050e-01   2.8016289e-02   1.0168615e+00   1.0174040e+00   7.1347483e-03
   2.6675216e-01   2.8364806e-02   1.3159403e+00   6.1572064e-03   7.9308189e-01
   2.5515215e-01   1.8549476e-02   1.2663344e+00   2.5680025e-01   5.0930570e-01
   2.5684632e-01   1.9916946e-02   1.2696233e+00   5.1194769e-01   2.5827005e-01
   2.6440277e-01   3.5857515e-02   1.2834667e+00   7.7252938e-01   9.0282294e-03
   2.6677287e-01   4.7277631e-02   1.5622127e+00   1.8060488e-02   5.2991504e-01
   2.6317333e-01   3.8117575e-02   1.5551344e+00   2.6800578e-01   2.6817983e-01
   2.7309883e-01   3.9402664e-02   1.6099263e+00   5.4272213e-01   1.2284949e-02
   2.8113369e-01   5.7467514e-02   1.9159983e+00   2.3509789e-02   2.9319433e-01
   2.7124835e-01   6.6858360e-02   1.8667654e+00   2.9026727e-01   2.6762260e-02
   2.9807998e-01   1.0102332e-01   2.1303702e+00   4.6455555e-02   5.7054740e-02
   2.4937466e-01   2.4863005e-01   3.1351238e-02   3.2298240e-02   1.6950090e+00
   2.2576846e-01   2.2574938e-01   5.5159934e-03   2.2623657e-01   1.3411268e+00
   2.2124679e-01   2.2048340e-01   2.6352439e-03   4.3715472e-01   1.0943712e+00
   2.2163540e-01   2.2161663e-01   1.5611544e-04   6.6493909e-01   8.8618979e-01
   2.2604496e-01   2.2597364e-01   3.3114018e-03   9.0179577e-01   6.7471435e-01
   2.3724573e-01   2.3723613e-01   0.0000000e+00   1.1836539e+00   4.7341945e-01
   2.5242586e-01   2.5240734e-01   1.9029586e-03   1.5119783e+00   2.5251538e-01
   2.7347866e-01   2.7345716e-01   1.7572800e-02   1.8568858e+00   7.8548265e-03
   2.2619351e-01   2.2725118e-01   2.2727424e-01   5.4860526e-04   1.3602976e+00
   1.9949035e-01   1.9856499e-01   1.9908237e-01   1.9838882e-01   9.9473014e-01
   1.9423300e-01   1.9444440e-01   1.9389885e-01   3.8779386e-01   7.7575026e-01
   1.9507213e-01   1.9515997e-01   1.9526581e-01   5.8607299e-01   5.8595821e-01
   2.0013130e-01   2.0110806e-01   2.0067751e-01   8.0216832e-01   4.0125324e-01
   2.1069046e-01   2.1118525e-01   2.1045064e-01   1.0518916e+00   2.1072471e-01
   2.2682448e-01   2.2745611e-01   2.2728567e-01   1.3611220e+00   1.5881566e-04
   2.2041328e-01   2.2087779e-01   4.4097911e-01   7.0593953e-09   1.1021269e+00
   1.9923193e-01   1.9909795e-01   3.9848100e-01   1.9922742e-01   7.9678096e-01
   1.9517512e-01   1.9515989e-01   3.9085800e-01   3.9056124e-01   5.8584721e-01
   1.9819001e-01   1.9797524e-01   3.9622845e-01   5.9376857e-01   3.9614113e-01
   2.0610398e-01   2.0603237e-01   4.1219700e-01   8.2409220e-01   2.0615720e-01
   2.2060728e-01   2.2051894e-01   4.4102698e-01   1.1022479e+00   1.5518617e-06
   2.2135077e-01   2.2147458e-01   6.6532237e-01   3.2825569e-04   8.8624179e-01
   2.0498792e-01   2.0498341e-01   6.1446197e-01   2.0497387e-01   6.1462328e-01
   2.0248785e-01   2.0336892e-01   6.0829660e-01   4.0593071e-01   4.0576074e-01
   2.0858867e-01   2.0855070e-01   6.2593796e-01   6.2600158e-01   2.0875663e-01
   2.2220834e-01   2.2120474e-01   6.6508403e-01   8.8634877e-01   1.2165639e-04
   2.2714417e-01   2.2713952e-01   9.0782181e-01   0.0000000e+00   6.8098338e-01
   2.1455575e-01   2.1470711e-01   8.5802242e-01   2.1464499e-01   4.2904959e-01
   2.1646485e-01   2.1651443e-01   8.6330977e-01   4.3167633e-01   2.1603287e-01
   2.2697744e-01   2.2690728e-01   9.0871152e-01   6.8050161e-01   1.4314171e-04
   2.3689933e-01   2.3692151e-01   1.1842350e+00   3.6724102e-05   4.7359569e-01
   2.2930544e-01   2.2946358e-01   1.1487688e+00   2.2979945e-01   2.2977773e-01
   2.3691311e-01   2.3689795e-01   1.1842058e+00   4.7361409e-01   4.6000477e-05
   2.5309658e-01   2.5332029e-01   1.5198845e+00   0.0000000e+00   2.5326733e-01
   2.5315534e-01   2.5320448e-01   1.5197135e+00   2.5337860e-01   2.0141679e-05
   2.8019912e-01   2.8025441e-01   1.9575813e+00   6.6888460e-05   3.8502953e-04
   2.6806712e-01   5.2596727e-01   1.2425670e-02   1.3878328e-02   1.5723368e+00
   2.3243781e-01   4.6488381e-01   5.9951515e-07   2.3194975e-01   1.1619818e+00
   2.2491634e-01   4.5028450e-01   2.0731792e-04   4.5004862e-01   9.0017404e-01
   2.2727014e-01   4.5389016e-01   1.0753063e-05   6.8090744e-01   6.8093661e-01
   2.3473027e-01   4.6952374e-01   5.3544455e-04   9.3902150e-01   4.6892823e-01
   2.4973731e-01   4.9795411e-01   9.6470256e-04   1.2464761e+00   2.4948850e-01
   2.7522954e-01   5.4826533e-01   1.1183556e-03   1.6436694e+00   3.0638757e-05
   2.3256496e-01   4.6457170e-01   2.3235980e-01   4.3660803e-06   1.1613464e+00
   2.0795923e-01   4.1661928e-01   2.0828796e-01   2.0851475e-01   8.3306340e-01
   2.0365929e-01   4.0798252e-01   2.0398685e-01   4.0772468e-01   6.1162233e-01
   2.0694791e-01   4.1414759e-01   2.0709841e-01   6.2063225e-01   4.1389486e-01
   2.1599567e-01   4.3222243e-01   2.1619861e-01   8.6355629e-01   2.1610764e-01
   2.3268174e-01   4.6434687e-01   2.3231928e-01   1.1612388e+00   1.0204424e-04
   2.2536089e-01   4.5018447e-01   4.5026596e-01   0.0000000e+00   9.0008594e-01
   2.0773613e-01   4.1532548e-01   4.1540450e-01   2.0779665e-01   6.2307168e-01
   2.0581775e-01   4.1131820e-01   4.1129437e-01   4.1092823e-01   4.1127476e-01
   2.1215008e-01   4.2257780e-01   4.2338381e-01   6.3434975e-01   2.1164697e-01
   2.2525466e-01   4.5031771e-01   4.5014349e-01   9.0025643e-01   0.0000000e+00
   2.2695432e-01   4.5378576e-01   6.8117480e-01   1.1858533e-04   6.8096833e-01
   2.1439016e-01   4.2890393e-01   6.4437800e-01   2.1476878e-01   4.2870309e-01
   2.1595768e-01   4.3205503e-01   6.4793559e-01   4.3209981e-01   2.1607039e-01
   2.2681116e-01   4.5423444e-01   6.8114384e-01   6.8108398e-01   0.0000000e+00
   2.3502076e-01   4.6964322e-01   9.3930476e-01   4.8648448e-05   4.6965981e-01
   2.2804257e-01   4.5557684e-01   9.1120205e-01   2.2762521e-01   2.2790396e-01
   2.3505250e-01   4.6956457e-01   9.3914769e-01   4.6958949e-01   1.8955469e-04
   2.4982675e-01   4.9932486e-01   1.2483473e+00   5.1270834e-05   2.4979973e-01
   2.4997060e-01   4.9919171e-01   1.2483121e+00   2.4979888e-01   1.3138790e-05
   2.7547286e-01   5.4831210e-01   1.6460576e+00   6.7004684e-04   3.0125572e-04
   2.7731405e-01   8.2997131e-01   9.0905523e-04   6.0432267e-04   1.3821012e+00
   2.4201266e-01   7.2570967e-01   1.3092074e-07   2.4274440e-01   9.6773189e-01
   2.3512021e-01   7.0748749e-01   8.3816230e-05   4.7175950e-01   7.0748522e-01
   2.4016265e-01   7.2015115e-01   7.4877573e-04   7.1910108e-01   4.8017317e-01
   2.5376201e-01   7.5937190e-01   3.5319023e-04   1.0124797e+00   2.5273906e-01
   2.7730665e-01   8.3145176e-01   0.0000000e+00   1.3858658e+00   0.0000000e+00
   2.4203471e-01   7.2656565e-01   2.4200216e-01   0.0000000e+00   9.6832559e-01
   2.2136769e-01   6.6492974e-01   2.2135008e-01   2.2143998e-01   6.6496598e-01
   2.1914747e-01   6.5717194e-01   2.1932823e-01   4.3791372e-01   4.3803770e-01
   2.2654900e-01   6.7799910e-01   2.2574535e-01   6.7841467e-01   2.2618435e-01
   2.4290484e-01   7.2567958e-01   2.4248785e-01   9.6671653e-01   1.3159672e-04
   2.3565878e-01   7.0732476e-01   4.7139599e-01   1.1794423e-05   7.0745312e-01
   2.2186452e-01   6.6606593e-01   4.4449986e-01   2.2248000e-01   4.4427283e-01
   2.2334858e-01   6.7151001e-01   4.4735538e-01   4.4773289e-01   2.2387450e-01
   2.3545977e-01   7.0725396e-01   4.7176625e-01   7.0720199e-01   1.1809302e-04
   2.4023481e-01   7.2039238e-01   7.2054015e-01   3.8607079e-05   4.8037153e-01
   2.3256495e-01   6.9839583e-01   6.9828819e-01   2.3283733e-01   2.3287689e-01
   2.4049757e-01   7.2018905e-01   7.2053621e-01   4.8024771e-01   0.0000000e+00
   2.5446502e-01   7.5736830e-01   1.0116320e+00   7.9867223e-04   2.5315912e-01
   2.5390248e-01   7.5939793e-01   1.0123182e+00   2.5331551e-01   1.3418840e-05
   2.7612425e-01   8.3077462e-01   1.3878053e+00   0.0000000e+00   3.6782407e-04
   2.8360556e-01   1.1345249e+00   5.0921400e-05   0.0000000e+00   1.1343140e+00
   2.5481137e-01   1.0194179e+00   0.0000000e+00   2.5474585e-01   7.6513979e-01
   2.5099381e-01   1.0056233e+00   0.0000000e+00   5.0377799e-01   5.0305530e-01
   2.6080312e-01   1.0445142e+00   7.2639646e-04   7.8310687e-01   2.6124139e-01
   2.8396184e-01   1.1339145e+00   2.9555349e-06   1.1338356e+00   2.5073287e-04
   2.5479038e-01   1.0193181e+00   2.5515206e-01   5.0345962e-05   7.6456512e-01
   2.3864837e-01   9.5474444e-01   2.3892145e-01   2.3862331e-01   4.7747837e-01
   2.4054907e-01   9.6244857e-01   2.4055278e-01   4.8129894e-01   2.4062311e-01
   2.5445732e-01   1.0190994e+00   2.5581036e-01   7.6402006e-01   1.7179839e-04
   2.5165627e-01   1.0058075e+00   5.0288778e-01   2.0435275e-06   5.0303284e-01
   2.4320951e-01   9.7291807e-01   4.8660387e-01   2.4331133e-01   2.4336177e-01
   2.5151541e-01   1.0063077e+00   5.0295654e-01   5.0277130e-01   8.2494375e-05
   2.6216201e-01   1.0438638e+00   7.8294982e-01   1.6794584e-04   2.6123563e-01
   2.6086066e-01   1.0448422e+00   7.8361019e-01   2.6184042e-01   0.0000000e+00
   2.8353185e-01   1.1345462e+00   1.1344843e+00   3.2672829e-05   3.0045529e-06
   2.9426992e-01   1.4726461e+00   6.6853636e-05   2.5941375e-07   8.8361575e-01
   2.7188057e-01   1.3643502e+00   1.3814765e-04   2.7274388e-01   5.4550686e-01
   2.7514600e-01   1.3761215e+00   0.0000000e+00   5.5041987e-01   2.7522994e-01
   2.9446556e-01   1.4725652e+00   0.0000000e+00   8.8337096e-01   9.1094750e-05
   2.7295652e-01   1.3617171e+00   2.7292030e-01   2.7939943e-04   5.4515050e-01
   2.6294362e-01   1.3143570e+00   2.6280581e-01   2.6292114e-01   2.6299334e-01
   2.7286822e-01   1.3629555e+00   2.7258841e-01   5.4537806e-01   7.3833940e-05
   2.7496884e-01   1.3760625e+00   5.5038212e-01   1.3261312e-04   2.7528754e-01
   2.7614235e-01   1.3744003e+00   5.5006039e-01   2.7518502e-01   7.7558409e-05
   2.9420450e-01   1.4703196e+00   8.8378600e-01   3.8539300e-04   5.2415863e-04
   3.1217685e-01   1.8736035e+00   5.3710083e-08   1.2318422e-05   6.2456335e-01
   2.9951647e-01   1.7959338e+00   5.7629323e-06   2.9942328e-01   2.9946909e-01
   3.1313759e-01   1.8720214e+00   0.0000000e+00   6.2414617e-01   9.5187572e-05
   3.0000540e-01   1.7953144e+00   2.9926502e-01   2.4192438e-07   2.9942674e-01
   2.9879750e-01   1.7945657e+00   3.0075927e-01   2.9940694e-01   0.0000000e+00
   3.1288026e-01   1.8731209e+00   6.2399705e-01   4.4364944e-06   0.0000000e+00
   3.4471666e-01   2.3837040e+00   3.1875163e-04   0.0000000e+00   3.4137803e-01
   3.4370590e-01   2.3767147e+00   2.2487034e-03   3.4098557e-01   1.6690217e-03
   3.4119231e-01   2.3887609e+00   3.4238824e-01   3.7241128e-04   8.4032871e-05
   3.9062439e-01   3.0897170e+00   4.4423847e-03   6.8042515e-03   7.6608955e-04
   4.4335672e-01   7.3999582e-02   7.7764281e-02   7.9754111e-02   1.5490647e+00
   5.2953339e-01   8.1074499e-03   9.0224193e-03   2.6765216e-01   1.5870743e+00
   5.1391535e-01   7.5777846e-03   5.9783283e-03   5.1619469e-01   1.2846516e+00
   5.3236519e-01   6.2026043e-04   0.0000000e+00   7.9865381e-01   1.0647292e+00
   5.4188090e-01   3.2384435e-03   3.9966152e-03   1.0804276e+00   8.1106236e-01
   5.4457642e-01   1.4412731e-02   1.4625126e-02   1.3555580e+00   5.4766045e-01
   5.1532189e-01   4.5325219e-02   4.9336030e-02   1.5325246e+00   2.7203487e-01
   4.7971650e-01   9.1600761e-02   8.3386047e-02   1.6852541e+00   4.8248135e-02
   5.4849834e-01   0.0000000e+00   2.7491676e-01   6.7557863e-04   1.6459891e+00
   4.6494021e-01   0.0000000e+00   2.3253401e-01   2.3200456e-01   1.1617301e+00
   4.4977743e-01   6.3985149e-04   2.2465818e-01   4.4975399e-01   8.9928553e-01
   4.5397698e-01   0.0000000e+00   2.2665335e-01   6.8141650e-01   6.8121219e-01
   4.6931556e-01   4.8771184e-07   2.3560610e-01   9.3930287e-01   4.6930101e-01
   4.9905301e-01   6.9804371e-04   2.4930119e-01   1.2461758e+00   2.4963597e-01
   5.4983415e-01   0.0000000e+00   2.7509171e-01   1.6472839e+00   0.0000000e+00
   5.2974330e-01   4.6767650e-06   5.2929640e-01   1.7598403e-04   1.3231721e+00
   4.6562448e-01   0.0000000e+00   4.6580245e-01   2.3273398e-01   9.3110617e-01
   4.5389285e-01   0.0000000e+00   4.5418117e-01   4.5408297e-01   6.8099716e-01
   4.6248627e-01   1.3400171e-05   4.6239974e-01   6.9304008e-01   4.6179605e-01
   4.8567419e-01   1.8786354e-04   4.8593356e-01   9.7151133e-01   2.4303748e-01
   5.2939551e-01   2.9718531e-05   5.2955686e-01   1.3236360e+00   2.9749883e-05
   5.3314367e-01   0.0000000e+00   7.9947577e-01   1.0792156e-04   1.0660541e+00
   4.8251393e-01   9.8234517e-05   7.2325100e-01   2.4129847e-01   7.2371019e-01
   4.7691206e-01   1.0675120e-08   7.1479401e-01   4.7614867e-01   4.7655236e-01
   4.9325188e-01   4.5045371e-04   7.3950743e-01   7.4007505e-01   2.4676647e-01
   5.3259016e-01   0.0000000e+00   7.9883596e-01   1.0670588e+00   2.1295935e-04
   5.4932848e-01   1.0897454e-04   1.0984592e+00   9.3667656e-05   8.2388575e-01
   5.1085552e-01   4.9303776e-04   1.0218542e+00   2.5555784e-01   5.1110117e-01
   5.1594512e-01   5.7704874e-04   1.0298845e+00   5.1496782e-01   2.5778449e-01
   5.4898217e-01   0.0000000e+00   1.0991038e+00   8.2419903e-01   1.7321104e-04
   5.7981214e-01   0.0000000e+00   1.4495528e+00   2.7955571e-04   5.7929269e-01
   5.5456142e-01   2.3120392e-03   1.3864866e+00   2.7751259e-01   2.7771804e-01
   5.7854019e-01   0.0000000e+00   1.4500054e+00   5.8038868e-01   1.5189274e-04
   6.3003276e-01   7.8387414e-04   1.8896371e+00   2.0592045e-04   3.1514197e-01
   6.2523536e-01   3.5681857e-03   1.8748008e+00   3.1406680e-01   1.4120035e-03
   6.2765110e-01   5.2825185e-02   2.1679950e+00   2.0302418e-02   2.2542845e-02
   5.3233211e-01   2.6976874e-01   8.5699913e-03   1.0628519e-02   1.5923610e+00
   4.6453496e-01   2.3268370e-01   6.0950448e-04   2.3212261e-01   1.1596327e+00
   4.4940346e-01   2.2569661e-01   2.3987175e-04   4.4999097e-01   8.9977029e-01
   4.5408731e-01   2.2730709e-01   1.0337588e-04   6.8076176e-01   6.8062439e-01
   4.6994355e-01   2.3430370e-01   1.9518554e-04   9.3872229e-01   4.7021241e-01
   4.9916753e-01   2.4973085e-01   1.1584961e-04   1.2482456e+00   2.4982583e-01
   5.4949704e-01   2.7514889e-01   6.4246463e-05   1.6471740e+00   2.9889581e-05
   4.6466766e-01   2.3249171e-01   2.3236737e-01   0.0000000e+00   1.1613767e+00
   4.1636370e-01   2.0839589e-01   2.0814587e-01   2.0866210e-01   8.3272367e-01
   4.0773683e-01   2.0399419e-01   2.0378117e-01   4.0779597e-01   6.1160015e-01
   4.1377990e-01   2.0693334e-01   2.0688978e-01   6.2108679e-01   4.1394423e-01
   4.3215168e-01   2.1576652e-01   2.1602971e-01   8.6394733e-01   2.1622956e-01
   4.6466979e-01   2.3273187e-01   2.3250185e-01   1.1604579e+00   2.1312508e-04
   4.5009597e-01   2.2550757e-01   4.5027676e-01   5.1507006e-04   8.9880684e-01
   4.1509409e-01   2.0803655e-01   4.1529458e-01   2.0776854e-01   6.2302652e-01
   4.1114914e-01   2.0590529e-01   4.1137533e-01   4.1087886e-01   4.1126252e-01
   4.2364361e-01   2.1156119e-01   4.2316908e-01   6.3455392e-01   2.1165185e-01
   4.5042561e-01   2.2515072e-01   4.5014601e-01   9.0010374e-01   1.2209942e-04
   4.5375095e-01   2.2727959e-01   6.8080399e-01   8.5949241e-05   6.8097613e-01
   4.2940757e-01   2.1457612e-01   6.4425704e-01   2.1472797e-01   4.2838679e-01
   4.3184759e-01   2.1613190e-01   6.4790238e-01   4.3207767e-01   2.1605850e-01
   4.5358622e-01   2.2703763e-01   6.8071165e-01   6.8132084e-01   1.8074764e-04
   4.6960988e-01   2.3504015e-01   9.3928306e-01   2.3576084e-06   4.6974258e-01
   4.5578558e-01   2.2778208e-01   9.1111389e-01   2.2791058e-01   2.2780105e-01
   4.6980581e-01   2.3490877e-01   9.3933441e-01   4.6971639e-01   1.3543931e-05
   4.9925474e-01   2.4992895e-01   1.2483384e+00   0.0000000e+00   2.4980629e-01
   4.9907962e-01   2.4954455e-01   1.2490464e+00   2.4971954e-01   1.2973242e-04
   5.4909032e-01   2.7482241e-01   1.6482913e+00   7.3106298e-05   3.1945718e-05
   5.2879568e-01   5.2891583e-01   9.4876687e-04   5.7731061e-04   1.3203240e+00
   4.6556760e-01   4.6557722e-01   1.4989083e-05   2.3284090e-01   9.3113260e-01
   4.5454494e-01   4.5376039e-01   0.0000000e+00   4.5388134e-01   6.8102755e-01
   4.6255291e-01   4.6205168e-01   3.6285428e-05   6.9284635e-01   4.6210652e-01
   4.8594560e-01   4.8590563e-01   0.0000000e+00   9.7206275e-01   2.4311953e-01
   5.2966015e-01   5.2933815e-01   0.0000000e+00   1.3236374e+00   8.3903769e-05
   4.6562299e-01   4.6587759e-01   2.3259113e-01   1.7064255e-04   9.3087299e-01
   4.2791814e-01   4.2790872e-01   2.1382354e-01   2.1426881e-01   6.4187574e-01
   4.2357836e-01   4.2307594e-01   2.1184646e-01   4.2351103e-01   4.2345188e-01
   4.3640887e-01   4.3630205e-01   2.1838098e-01   6.5422090e-01   2.1827280e-01
   4.6560464e-01   4.6536663e-01   2.3310038e-01   9.3087648e-01   2.3691670e-05
   4.5410341e-01   4.5407584e-01   4.5399738e-01   2.1220176e-06   6.8100088e-01
   4.2945989e-01   4.2937717e-01   4.2863100e-01   2.1453897e-01   4.2919627e-01
   4.3201358e-01   4.3211225e-01   4.3189652e-01   4.3231473e-01   2.1585460e-01
   4.5405072e-01   4.5415868e-01   4.5400144e-01   6.8095917e-01   1.2390105e-05
   4.6225879e-01   4.6174014e-01   6.9334303e-01   9.8461366e-05   4.6206770e-01
   4.4857940e-01   4.4811462e-01   6.7304099e-01   2.2435426e-01   2.2435627e-01
   4.6211645e-01   4.6221975e-01   6.9322570e-01   4.6206272e-01   7.8555357e-06
   4.8601857e-01   4.8598994e-01   9.7191468e-01   1.0287657e-05   2.4310155e-01
   4.8610023e-01   4.8598556e-01   9.7184560e-01   2.4310696e-01   1.7033596e-06
   5.2959378e-01   5.2946990e-01   1.3236275e+00   0.0000000e+00   5.3226086e-05
   5.3298661e-01   7.9941525e-01   2.4567181e-05   1.8200184e-04   1.0660247e+00
   4.8239924e-01   7.2313633e-01   0.0000000e+00   2.4222032e-01   7.2302635e-01
   4.7640684e-01   7.1473785e-01   0.0000000e+00   4.7658247e-01   4.7655931e-01
   4.9444375e-01   7.4013444e-01   0.0000000e+00   7.4025598e-01   2.4694505e-01
   5.3307277e-01   7.9975237e-01   0.0000000e+00   1.0660861e+00   4.5820120e-05
   4.8259676e-01   7.2368193e-01   2.4111456e-01   0.0000000e+00   7.2401436e-01
   4.5380912e-01   6.8051173e-01   2.2691298e-01   2.2707032e-01   4.5392038e-01
   4.5729523e-01   6.8550657e-01   2.2844869e-01   4.5707021e-01   2.2895208e-01
   4.8245482e-01   7.2371205e-01   2.4140056e-01   7.2366716e-01   3.6640378e-05
   4.7663634e-01   7.1474239e-01   4.7646922e-01   2.6716264e-06   4.7648825e-01
   4.6217535e-01   6.9185243e-01   4.6165217e-01   2.3094398e-01   2.3159412e-01
   4.7696992e-01   7.1419871e-01   4.7640136e-01   4.7643542e-01   1.3011351e-04
   4.9378766e-01   7.4065510e-01   7.4067930e-01   0.0000000e+00   2.4682304e-01
   4.9311846e-01   7.4123454e-01   7.4050050e-01   2.4704922e-01   3.1210985e-05
   5.3275292e-01   7.9992890e-01   1.0662128e+00   6.8348402e-05   1.4884019e-05
   5.4982813e-01   1.0983289e+00   0.0000000e+00   2.5675089e-06   8.2416696e-01
   5.1147385e-01   1.0230991e+00   2.5231243e-06   2.5579378e-01   5.1153884e-01
   5.1570734e-01   1.0320194e+00   2.3334877e-05   5.1592665e-01   2.5803038e-01
   5.4960012e-01   1.0992337e+00   0.0000000e+00   8.2363819e-01   8.6088127e-05
   5.1138655e-01   1.0228570e+00   2.5592100e-01   2.3925971e-05   5.1155386e-01
   4.9439989e-01   9.8896399e-01   2.4714563e-01   2.4729840e-01   2.4731008e-01
   5.1131324e-01   1.0230528e+00   2.5565263e-01   5.1174033e-01   8.2008915e-05
   5.1598946e-01   1.0316309e+00   5.1590571e-01   0.0000000e+00   2.5806457e-01
   5.1583064e-01   1.0318272e+00   5.1592187e-01   2.5803956e-01   2.5334875e-05
   5.4941785e-01   1.0990930e+00   8.2405402e-01   3.7562428e-06   0.0000000e+00
   5.7936750e-01   1.4496282e+00   1.4157846e-04   3.1235918e-05   5.7981341e-01
   5.5796817e-01   1.3926765e+00   1.8045051e-04   2.7887319e-01   2.7883563e-01
   5.7859675e-01   1.4504453e+00   1.2656577e-04   5.7989620e-01   1.4930860e-04
   5.5671474e-01   1.3942379e+00   2.7922844e-01   1.1568676e-05   2.7890266e-01
   5.5752385e-01   1.3937595e+00   2.7886590e-01   2.7886871e-01   3.7228842e-05
   5.7997412e-01   1.4487332e+00   5.7989492e-01   3.1518534e-05   7.4883640e-05
   6.3075457e-01   1.8932271e+00   2.2553755e-04   7.7049529e-05   3.1567519e-01
   6.3137206e-01   1.8917421e+00   1.8220404e-04   3.1569266e-01   2.8034576e-04
   6.3099210e-01   1.8941509e+00   3.1544992e-01   8.2879454e-08   2.1485763e-06
   7.1651046e-01   2.5073531e+00   2.4100953e-06   4.4344532e-05   4.5529168e-05
   8.3257389e-01   4.4922865e-02   4.4021232e-02   4.0541663e-02   1.6696312e+00
   8.3057853e-01   3.7685477e-04   9.3563362e-05   2.7737841e-01   1.3846799e+00
   7.9949070e-01   0.0000000e+00   2.8406934e-04   5.3291854e-01   1.0655679e+00
   8.0774863e-01   0.0000000e+00   4.0380016e-04   8.0732642e-01   8.0763506e-01
   8.4314668e-01   8.6129142e-07   0.0000000e+00   1.1234871e+00   5.6186760e-01
   9.0778473e-01   9.9968611e-05   1.5313931e-03   1.5105658e+00   3.0264938e-01
   9.8662709e-01   1.1675366e-02   1.0106275e-02   1.9679331e+00   6.4844521e-03
   8.3147273e-01   0.0000000e+00   2.7713481e-01   0.0000000e+00   1.3861545e+00
   7.2611556e-01   9.4120614e-05   2.4196148e-01   2.4237594e-01   9.6784293e-01
   7.0734183e-01   8.1823271e-05   2.3565890e-01   4.7144399e-01   7.0720092e-01
   7.2043079e-01   0.0000000e+00   2.4000777e-01   7.2093043e-01   4.8036752e-01
   7.5954934e-01   6.4702699e-08   2.5316119e-01   1.0129278e+00   2.5362780e-01
   8.3152686e-01   2.4600832e-05   2.7723098e-01   1.3858394e+00   1.7658143e-06
   7.9956868e-01   0.0000000e+00   5.3325957e-01   9.1746029e-06   1.0661004e+00
   7.2385171e-01   0.0000000e+00   4.8242162e-01   2.4135166e-01   7.2373076e-01
   7.1461931e-01   4.0383253e-08   4.7673756e-01   4.7651943e-01   4.7644227e-01
   7.4103273e-01   0.0000000e+00   4.9367092e-01   7.4028231e-01   2.4697710e-01
   7.9966930e-01   7.9247681e-05   5.3319560e-01   1.0658331e+00   0.0000000e+00
   8.0823017e-01   2.9723197e-06   8.0790519e-01   2.0676780e-05   8.0803089e-01
   7.5296259e-01   4.1640541e-04   7.5329686e-01   2.5113603e-01   5.0174105e-01
   7.5971543e-01   8.9619217e-06   7.5972560e-01   5.0661907e-01   2.5332258e-01
   8.0772341e-01   0.0000000e+00   8.0782271e-01   8.0854810e-01   3.6417646e-08
   8.4290096e-01   4.5308645e-06   1.1235746e+00   2.8201816e-06   5.6197415e-01
   8.1155942e-01   7.2449915e-05   1.0818883e+00   2.7047931e-01   2.7061415e-01
   8.4298648e-01   0.0000000e+00   1.1236410e+00   5.6188147e-01   5.5198811e-06
   9.0955121e-01   0.0000000e+00   1.5155532e+00   0.0000000e+00   3.0314921e-01
   9.0976321e-01   0.0000000e+00   1.5149889e+00   3.0321731e-01   6.3154548e-05
   1.0233267e+00   0.0000000e+00   2.0472320e+00   8.6887895e-05   0.0000000e+00
   8.2120443e-01   2.7487404e-01   5.3373085e-03   5.0145569e-03   1.3648484e+00
   7.2524626e-01   2.4231361e-01   7.9314706e-04   2.4158857e-01   9.6735347e-01
   7.0720292e-01   2.3594266e-01   4.3086647e-07   4.7138004e-01   7.0721272e-01
   7.1990888e-01   2.4037849e-01   0.0000000e+00   7.2068806e-01   4.8041106e-01
   7.5931555e-01   2.5353643e-01   0.0000000e+00   1.0130290e+00   2.5330737e-01
   8.3118936e-01   2.7754726e-01   4.2354455e-06   1.3856302e+00   7.3735337e-06
   7.2506773e-01   2.4256654e-01   2.4289170e-01   1.0383603e-04   9.6690569e-01
   6.6421110e-01   2.2155234e-01   2.2150100e-01   2.2176690e-01   6.6448530e-01
   6.5738251e-01   2.1935605e-01   2.1906049e-01   4.3821372e-01   4.3776872e-01
   6.7840926e-01   2.2567765e-01   2.2613341e-01   6.7854929e-01   2.2629907e-01
   7.2674173e-01   2.4210271e-01   2.4183283e-01   9.6825639e-01   7.5267686e-05
   7.0739767e-01   2.3608398e-01   4.7108410e-01   1.9232303e-04   7.0686997e-01
   6.6626735e-01   2.2224364e-01   4.4424926e-01   2.2231789e-01   4.4419547e-01
   6.7113142e-01   2.2394383e-01   4.4749732e-01   4.4727559e-01   2.2378091e-01
   7.0710326e-01   2.3598881e-01   4.7139282e-01   7.0720094e-01   6.6227107e-08
   7.2066207e-01   2.3993625e-01   7.2080619e-01   4.4131274e-05   4.8035346e-01
   6.9735945e-01   2.3319911e-01   6.9846718e-01   2.3265378e-01   2.3280847e-01
   7.2029137e-01   2.4003197e-01   7.2076900e-01   4.8042882e-01   7.6068101e-05
   7.5960166e-01   2.5345428e-01   1.0129331e+00   5.8698246e-05   2.5324127e-01
   7.5956663e-01   2.5312974e-01   1.0128454e+00   2.5360709e-01   7.7875222e-05
   8.2970444e-01   2.7800468e-01   1.3853929e+00   3.4450836e-04   5.7247427e-06
   7.9977367e-01   5.3327085e-01   1.0101814e-06   2.0445981e-04   1.0654250e+00
   7.2321088e-01   4.8328293e-01   7.6024301e-04   2.4191203e-01   7.2116169e-01
   7.1488777e-01   4.7645125e-01   4.4713906e-05   4.7643829e-01   4.7649561e-01
   7.4080700e-01   4.9382870e-01   0.0000000e+00   7.4027556e-01   2.4699256e-01
   7.9997896e-01   5.3283441e-01   6.4744999e-05   1.0659883e+00   4.6805307e-05
   7.2372996e-01   4.8274262e-01   2.4114579e-01   0.0000000e+00   7.2382191e-01
   6.8069131e-01   4.5342321e-01   2.2689998e-01   2.2735669e-01   4.5377001e-01
   6.8599147e-01   4.5730056e-01   2.2864534e-01   4.5730016e-01   2.2836548e-01
   7.2368670e-01   4.8286203e-01   2.4112550e-01   7.2377603e-01   1.5298592e-06
   7.1483325e-01   4.7651560e-01   4.7644625e-01   1.5919542e-04   4.7631149e-01
   6.9255392e-01   4.6156548e-01   4.6168882e-01   2.3094994e-01   2.3160369e-01
   7.1461873e-01   4.7632552e-01   4.7663344e-01   4.7655761e-01   5.8798471e-05
   7.4066809e-01   4.9363321e-01   7.4062591e-01   3.1565741e-05   2.4691405e-01
   7.4055726e-01   4.9353592e-01   7.4077751e-01   2.4696630e-01   1.6742633e-06
   7.9882601e-01   5.3384453e-01   1.0658547e+00   0.0000000e+00   1.4225537e-04
   8.0806061e-01   8.0806020e-01   2.2171345e-05   9.2296418e-06   8.0803053e-01
   7.5395358e-01   7.5288703e-01   0.0000000e+00   2.5117686e-01   5.0240188e-01
   7.5967069e-01   7.5997993e-01   0.0000000e+00   5.0643029e-01   2.5338023e-01
   8.0823928e-01   8.0793472e-01   1.1857782e-04   8.0758301e-01   1.3979956e-04
   7.5333869e-01   7.5322367e-01   2.5121957e-01   1.0271074e-04   5.0236572e-01
   7.2885989e-01   7.2875712e-01   2.4301882e-01   2.4295904e-01   2.4301695e-01
   7.5345131e-01   7.5328644e-01   2.5104927e-01   5.0252577e-01   6.1963953e-05
   7.5961193e-01   7.5950523e-01   5.0679172e-01   1.1695794e-04   2.5323531e-01
   7.5976984e-01   7.5973375e-01   5.0653647e-01   2.5337391e-01   2.3342055e-07
   8.0815792e-01   8.0810940e-01   8.0797701e-01   0.0000000e+00   0.0000000e+00
   8.4262073e-01   1.1238542e+00   3.2369014e-05   3.2045907e-05   5.6191868e-01
   8.1232523e-01   1.0810779e+00   0.0000000e+00   2.7067612e-01   2.7055006e-01
   8.4280137e-01   1.1239404e+00   2.8484214e-04   5.6138822e-01   0.0000000e+00
   8.1123386e-01   1.0819058e+00   2.7062953e-01   0.0000000e+00   2.7080813e-01
   8.1175220e-01   1.0816141e+00   2.7078183e-01   2.7043491e-01   6.2510506e-05
   8.4251864e-01   1.1237055e+00   5.6203445e-01   3.0547779e-05   7.2577262e-05
   9.0960880e-01   1.5152127e+00   1.0084492e-06   3.8108909e-05   3.0323191e-01
   9.0955746e-01   1.5151271e+00   3.3034088e-05   3.0312989e-01   1.5126972e-04
   9.0838002e-01   1.5131532e+00   3.0441144e-01   3.5264929e-06   5.2957530e-04
   1.0234429e+00   2.0471618e+00   0.0000000e+00   3.0414822e-05   2.1185506e-05
   1.3347963e+00   4.2536786e-04   0.0000000e+00   0.0000000e+00   1.6680037e+00
   1.1343620e+00   2.7576852e-08   3.8077192e-05   2.8366210e-01   1.1343670e+00
   1.0989434e+00   2.5163023e-06   0.0000000e+00   5.4945066e-01   8.2412316e-01
   1.1236871e+00   0.0000000e+00   1.9140854e-05   8.4312361e-01   5.6172057e-01
   1.1976930e+00   3.3479086e-05   1.0920629e-04   1.1976382e+00   2.9944162e-01
   1.3350862e+00   1.2102485e-04   0.0000000e+00   1.6688421e+00   0.0000000e+00
   1.1316620e+00   0.0000000e+00   2.8501788e-01   6.1894701e-04   1.1326545e+00
   1.0192041e+00   0.0000000e+00   2.5487024e-01   2.5517620e-01   7.6459077e-01
   1.0055317e+00   2.9441412e-08   2.5176422e-01   5.0293546e-01   5.0300780e-01
   1.0448223e+00   4.0511210e-05   2.6151542e-01   7.8347611e-01   2.6123546e-01
   1.1352951e+00   1.2033540e-06   2.8338904e-01   1.1342200e+00   2.5084825e-06
   1.0988775e+00   1.1461464e-06   5.4947988e-01   0.0000000e+00   8.2414229e-01
   1.0229426e+00   9.1456283e-07   5.1146456e-01   2.5596374e-01   5.1143145e-01
   1.0319371e+00   0.0000000e+00   5.1584166e-01   5.1581716e-01   2.5809531e-01
   1.0990677e+00   3.1859998e-08   5.4940891e-01   8.2406133e-01   1.4993860e-05
   1.1238615e+00   3.5588159e-08   8.4260983e-01   1.2942035e-04   5.6181850e-01
   1.0819592e+00   0.0000000e+00   8.1169041e-01   2.7063614e-01   2.7052002e-01
   1.1236901e+00   0.0000000e+00   8.4279245e-01   5.6198467e-01   9.0384682e-06
   1.1978807e+00   0.0000000e+00   1.1978826e+00   0.0000000e+00   2.9948229e-01
   1.1970988e+00   2.6532709e-04   1.1974839e+00   2.9949671e-01   9.4838808e-05
   1.3216628e+00   7.1312602e-03   1.6499621e+00   8.5818937e-04   2.3111563e-03
   1.1330341e+00   2.8402677e-01   9.1258745e-08   8.5433534e-04   1.1326372e+00
   1.0189211e+00   2.5470005e-01   5.8470339e-07   2.5548890e-01   7.6452954e-01
   1.0060575e+00   2.5148883e-01   5.2726508e-05   5.0291802e-01   5.0297853e-01
   1.0442508e+00   2.6231256e-01   3.4668866e-05   7.8273306e-01   2.6121712e-01
   1.1349759e+00   2.8326609e-01   5.2708487e-05   1.1340801e+00   2.3690591e-04
   1.0198139e+00   2.5492321e-01   2.5479028e-01   3.1780412e-07   7.6472084e-01
   9.5477918e-01   2.3866647e-01   2.3863208e-01   2.3889909e-01   4.7744437e-01
   9.6248867e-01   2.4063453e-01   2.4050788e-01   4.8121852e-01   2.4064070e-01
   1.0194066e+00   2.5519152e-01   2.5472499e-01   7.6459061e-01   6.4025934e-05
   1.0062151e+00   2.5127725e-01   5.0310292e-01   2.7612136e-06   5.0305857e-01
   9.7308665e-01   2.4329310e-01   4.8649393e-01   2.4328165e-01   2.4333123e-01
   1.0060890e+00   2.5139783e-01   5.0294785e-01   5.0311885e-01   8.0606826e-06
   1.0436663e+00   2.6241541e-01   7.8270619e-01   1.8843545e-04   2.6121205e-01
   1.0439382e+00   2.6085459e-01   7.8444058e-01   2.6158157e-01   9.0010801e-05
   1.1362846e+00   2.8169584e-01   1.1357892e+00   0.0000000e+00   2.5282588e-04
   1.0986679e+00   5.4940595e-01   1.0609872e-07   1.6323181e-05   8.2432902e-01
   1.0230456e+00   5.1140073e-01   6.7265560e-06   2.5596212e-01   5.1142055e-01
   1.0314436e+00   5.1597948e-01   5.8242824e-06   5.1579388e-01   2.5823516e-01
   1.0985220e+00   5.4985784e-01   0.0000000e+00   8.2367130e-01   2.0239796e-04
   1.0231904e+00   5.1165975e-01   2.5553385e-01   2.3501764e-05   5.1161805e-01
   9.8880628e-01   4.9444695e-01   2.4710955e-01   2.4740151e-01   2.4727900e-01
   1.0233265e+00   5.1142893e-01   2.5593054e-01   5.1129598e-01   3.1971448e-06
   1.0318423e+00   5.1592286e-01   5.1592262e-01   0.0000000e+00   2.5800089e-01
   1.0314556e+00   5.1572767e-01   5.1616836e-01   2.5811167e-01   0.0000000e+00
   1.0988902e+00   5.4945782e-01   8.2412027e-01   2.2513562e-05   3.7849231e-07
   1.1236746e+00   8.4290447e-01   4.9662104e-05   0.0000000e+00   5.6184904e-01
   1.0820377e+00   8.1176469e-01   1.9809451e-05   2.7061052e-01   2.7044057e-01
   1.1229297e+00   8.4323619e-01   1.2245588e-04   5.6184706e-01   7.6011247e-05
   1.0812264e+00   8.1105657e-01   2.7101279e-01   8.1633231e-05   2.7076185e-01
   1.0818598e+00   8.1162562e-01   2.7060763e-01   2.7057360e-01   4.8746635e-05
   1.1235054e+00   8.4309334e-01   5.6167732e-01   3.9852949e-05   1.1173944e-04
   1.1979319e+00   1.1977634e+00   0.0000000e+00   1.4714747e-06   2.9951753e-01
   1.1978712e+00   1.1977037e+00   4.6947916e-05   2.9952667e-01   0.0000000e+00
   1.1977562e+00   1.1976951e+00   2.9965017e-01   1.4145642e-06   1.3286188e-07
   1.3342474e+00   1.6692671e+00   6.9962816e-05   2.4714829e-04   1.0896884e-04
   1.6690544e+00   0.0000000e+00   0.0000000e+00   0.0000000e+00   1.3353120e+00
   1.4713515e+00   8.3439874e-06   2.9792405e-05   2.9516809e-01   8.8322009e-01
   1.4494897e+00   0.0000000e+00   5.4565254e-05   5.7970976e-01   5.7976049e-01
   1.5149611e+00   2.3522056e-04   0.0000000e+00   9.0930108e-01   3.0321709e-01
   1.6680530e+00   4.3413496e-04   3.0812856e-04   1.3340856e+00   3.4033319e-07
   1.4725304e+00   1.5479483e-06   2.9432486e-01   1.4334153e-04   8.8345008e-01
   1.3632353e+00   0.0000000e+00   2.7258723e-01   2.7284867e-01   5.4535629e-01
   1.3757547e+00   7.7419255e-06   2.7531863e-01   5.5038154e-01   2.7523643e-01
   1.4726381e+00   8.5814733e-07   2.9440790e-01   8.8350674e-01   3.1596389e-05
   1.4494572e+00   2.9427186e-05   5.7972115e-01   7.3035433e-06   5.7980401e-01
   1.3943579e+00   3.0750647e-08   5.5767482e-01   2.7866031e-01   2.7875137e-01
   1.4493969e+00   4.3318102e-08   5.7970475e-01   5.7990184e-01   1.1548705e-05
   1.5152793e+00   0.0000000e+00   9.0964842e-01   1.3702787e-04   3.0305308e-01
   1.5151520e+00   0.0000000e+00   9.0948602e-01   3.0321169e-01   1.4429137e-04
   1.6691699e+00   4.9340763e-08   1.3351591e+00   1.0653189e-05   1.2654179e-05
   1.4719499e+00   2.9489178e-01   1.8665787e-05   9.1682520e-05   8.8308510e-01
   1.3632550e+00   2.7285889e-01   1.6706822e-04   2.7276620e-01   5.4487097e-01
   1.3756836e+00   2.7536077e-01   4.3032609e-06   5.5037081e-01   2.7523969e-01
   1.4726376e+00   2.9399467e-01   3.4972838e-07   8.8415339e-01   0.0000000e+00
   1.3623602e+00   2.7336454e-01   2.7239393e-01   2.0591800e-04   5.4512489e-01
   1.3142508e+00   2.6305140e-01   2.6297446e-01   2.6290350e-01   2.6279636e-01
   1.3637926e+00   2.7252656e-01   2.7286696e-01   5.4513143e-01   3.4363968e-06
   1.3749645e+00   2.7563543e-01   5.5028344e-01   1.4581014e-04   2.7517140e-01
   1.3756571e+00   2.7533840e-01   5.5044000e-01   2.7518682e-01   3.0900106e-05
   1.4720904e+00   2.9463107e-01   8.8340517e-01   3.3407626e-05   7.7832004e-05
   1.4494795e+00   5.7993583e-01   7.2773198e-05   0.0000000e+00   5.7955281e-01
   1.3936318e+00   5.5777876e-01   0.0000000e+00   2.7880116e-01   2.7885444e-01
   1.4485743e+00   5.7995524e-01   7.9675552e-05   5.7991237e-01   7.9668510e-05
   1.3931852e+00   5.5749232e-01   2.7884444e-01   1.2605920e-04   2.7904847e-01
   1.3946916e+00   5.5656175e-01   2.7886801e-01   2.7916961e-01   7.7411081e-06
   1.4493179e+00   5.7998816e-01   5.7966444e-01   2.3376269e-05   9.3928556e-06
   1.5157613e+00   9.0851271e-01   1.6695250e-04   1.3795183e-04   3.0331680e-01
   1.5157389e+00   9.0932955e-01   0.0000000e+00   3.0319236e-01   3.2913481e-06
   1.5144727e+00   9.1009168e-01   3.0274664e-01   1.8024902e-04   3.1084794e-04
   1.6676363e+00   1.3355581e+00   3.0691394e-04   1.9857990e-04   5.5626379e-06
   2.0471175e+00   0.0000000e+00   3.8227920e-06   0.0000000e+00   1.0235606e+00
   1.8737512e+00   4.9157132e-06   0.0000000e+00   3.1211887e-01   6.2456495e-01
   1.8935929e+00   1.0684223e-06   0.0000000e+00   6.3120884e-01   3.1554122e-01
   2.0471279e+00   0.0000000e+00   0.0000000e+00   1.0235446e+00   9.2104161e-06
   1.8730774e+00   0.0000000e+00   3.1227701e-01   1.7268231e-04   6.2446631e-01
   1.7962723e+00   1.0250883e-05   2.9947003e-01   2.9938747e-01   2.9940311e-01
   1.8723586e+00   0.0000000e+00   3.1234451e-01   6.2478467e-01   1.8019356e-04
   1.8934813e+00   0.0000000e+00   6.3116155e-01   0.0000000e+00   3.1562920e-01
   1.8932694e+00   0.0000000e+00   6.3090623e-01   3.1575279e-01   1.3590296e-04
   2.0470657e+00   4.4360000e-05   1.0234883e+00   0.0000000e+00   1.1821052e-05
   1.8737224e+00   3.1235930e-01   2.8165973e-04   0.0000000e+00   6.2384501e-01
   1.7959169e+00   2.9937956e-01   0.0000000e+00   2.9927678e-01   2.9975347e-01
   1.8724362e+00   3.1259511e-01   0.0000000e+00   6.2458672e-01   8.4035242e-05
   1.7952283e+00   3.0011354e-01   2.9924090e-01   0.0000000e+00   2.9938483e-01
   1.7956866e+00   2.9929265e-01   2.9925856e-01   2.9985243e-01   7.7380094e-05
   1.8735755e+00   3.1233803e-01   6.2440077e-01   0.0000000e+00   3.6275606e-06
   1.8927549e+00   6.3149093e-01   0.0000000e+00   2.0166920e-04   3.1545966e-01
   1.8915154e+00   6.3049741e-01   4.8539627e-05   3.1673857e-01   1.8555324e-04
   1.8936686e+00   6.3055539e-01   3.1573838e-01   2.1615695e-04   7.9152196e-08
   2.0470988e+00   1.0235443e+00   4.7023561e-06   5.4340756e-06   1.1284877e-05
   2.5075498e+00   1.4162047e-05   3.3787622e-06   7.7736687e-06   7.1649152e-01
   2.3907058e+00   7.1216825e-08   0.0000000e+00   3.4179610e-01   3.4149909e-01
   2.5074096e+00   1.4254510e-05   0.0000000e+00   7.1657576e-01   1.1849277e-05
   2.3906577e+00   0.0000000e+00   3.4166884e-01   1.3979334e-04   3.4146835e-01
   2.3898709e+00   0.0000000e+00   3.4135768e-01   3.4205687e-01   1.9416152e-04
   2.5078034e+00   2.6138899e-06   7.1634635e-01   9.1603064e-06   1.1689169e-05
   2.3851668e+00   3.4195267e-01   1.0207860e-03   8.8020807e-04   3.4141838e-01
   2.3901341e+00   3.4174073e-01   1.4700252e-04   3.4162203e-01   0.0000000e+00
   2.3905649e+00   3.4189359e-01   3.4145014e-01   1.3879156e-05   0.0000000e+00
   2.5047745e+00   7.1772110e-01   0.0000000e+00   5.0474272e-05   2.5773871e-04
   3.1216525e+00   0.0000000e+00   0.0000000e+00   0.0000000e+00   3.9026695e-01
   3.1216265e+00   0.0000000e+00   0.0000000e+00   3.9027900e-01   3.1815525e-07
   3.1213516e+00   1.7802353e-05   3.9028126e-01   7.3246837e-05   1.2912828e-05
   3.1194414e+00   3.9063824e-01   3.5454799e-04   1.9607510e-04   2.3068529e-06
   1.3051993e+00   2.5072095e-01   2.6158484e-01   2.6245173e-01   2.7897261e-01
