0.000000000 3.137094156
0.000096770 3.112921979
0.000387247 3.089665675
0.000871931 3.067294699
0.001551643 3.045772464
0.002427513 3.025056941
0.003500956 3.005101377
0.004773649 2.985855088
0.006247502 2.967264306
0.007924628 2.949273068
0.009807308 2.931824098
0.011897961 2.914859679
0.014199112 2.898322478
0.016713362 2.882156312
0.019443358 2.866306823
0.022391774 2.850722069
0.025561284 2.835353003
0.028954550 2.820153841
0.032574207 2.805082312
0.036422852 2.790099798
0.040503035 2.775171364
0.044817260 2.760265683
0.049367976 2.745354869
0.054157573 2.730414233
0.059188386 2.715421973
0.064462683 2.700358805
0.069982661 2.685207573
0.075750437 2.669952822
0.081768036 2.654580385
0.088037369 2.639076967
0.094560218 2.623429763
0.101338204 2.607626115
0.108372761 2.591653210
0.115665102 2.575497852
0.123216180 2.559146281
0.131026651 2.542584080
0.139096835 2.525796132
0.147426674 2.508766665
0.156015697 2.491479345
0.164862982 2.473917435
0.173967126 2.456063991
0.183326220 2.437902103
0.192937820 2.419415144
0.202798939 2.400587039
0.212906032 2.381402515
0.223254988 2.361847340
0.233841132 2.341908524
0.244659220 2.321574479
0.255703444 2.300835126
0.266967429 2.279681953
0.278444231 2.258108003
0.290126329 2.236107813
0.302005608 2.213677293
0.314073332 2.190813555
0.326320111 2.167514692
0.338735842 2.143779527
0.351309652 2.119607330
0.364029807 2.094997516
0.376883618 2.069949334
0.389857315 2.044461559
0.402935919 2.018532193
0.416103080 1.992158187
0.429340912 1.965335199
0.442629800 1.938057389
0.455948213 1.910317275
0.469272495 1.882105653
0.482576669 1.853411600
0.495832243 1.824222585
0.509008048 1.794524689
0.522070105 1.764302969
0.534981559 1.733541986
0.547702691 1.702226512
0.560191047 1.670342447
0.572401702 1.637877958
0.584287714 1.604824852
0.595800790 1.571180188
0.606892205 1.536948110
0.617514018 1.502141876
0.627620585 1.466786020
0.637170403 1.430918565
0.646128257 1.394593177
0.654467641 1.357881115
0.662173375 1.320872809
0.669244324 1.283678887
0.675696078 1.246430465
0.681563412 1.209278535
0.686902366 1.172392329
0.691791735 1.135956587
0.696333790 1.100167742
0.700654109 1.065229134
0.704900399 1.031345422
0.709240313 0.998716494
0.713858286 0.967531179
0.718951518 0.937961114
0.724725266 0.910155125
0.731387660 0.884234379
0.739144247 0.860288569
0.748192495 0.838373231
0.758716426 0.818508269
0.770881553 0.800677659
0.784830249 0.784830249
0.800677659 0.770881553
0.818508269 0.758716426
0.838373231 0.748192495
0.860288569 0.739144247
0.884234379 0.731387660
0.910155125 0.724725266
0.937961114 0.718951518
0.967531179 0.713858286
0.998716494 0.709240313
1.031345422 0.704900399
1.065229134 0.700654109
1.100167742 0.696333790
1.135956587 0.691791735
1.172392329 0.686902366
1.209278535 0.681563412
1.246430465 0.675696078
1.283678887 0.669244324
1.320872809 0.662173375
1.357881115 0.654467641
1.394593177 0.646128257
1.430918565 0.637170403
1.466786020 0.627620585
1.502141876 0.617514018
1.536948110 0.606892205
1.571180188 0.595800790
1.604824852 0.584287714
1.637877958 0.572401702
1.670342447 0.560191047
1.702226512 0.547702691
1.733541986 0.534981559
1.764302969 0.522070105
1.794524689 0.509008048
1.824222585 0.495832243
1.853411600 0.482576669
1.882105653 0.469272495
1.910317275 0.455948213
1.938057389 0.442629800
1.965335199 0.429340912
1.992158187 0.416103080
2.018532193 0.402935919
2.044461559 0.389857315
2.069949334 0.376883618
2.094997516 0.364029807
2.119607330 0.351309652
2.143779527 0.338735842
2.167514692 0.326320111
2.190813555 0.314073332
2.213677293 0.302005608
2.236107813 0.290126329
2.258108003 0.278444231
2.279681953 0.266967429
2.300835126 0.255703444
2.321574479 0.244659220
2.341908524 0.233841132
2.361847340 0.223254988
2.381402515 0.212906032
2.400587039 0.202798939
2.419415144 0.192937820
2.437902103 0.183326220
2.456063991 0.173967126
2.473917435 0.164862982
2.491479345 0.156015697
2.508766665 0.147426674
2.525796132 0.139096835
2.542584080 0.131026651
2.559146281 0.123216180
2.575497852 0.115665102
2.591653210 0.108372761
2.607626115 0.101338204
2.623429763 0.094560218
2.639076967 0.088037369
2.654580385 0.081768036
2.669952822 0.075750437
2.685207573 0.069982661
2.700358805 0.064462683
2.715421973 0.059188386
2.730414233 0.054157573
2.745354869 0.049367976
2.760265683 0.044817260
2.775171364 0.040503035
2.790099798 0.036422852
2.805082312 0.032574207
2.820153841 0.028954550
2.835353003 0.025561284
2.850722069 0.022391774
2.866306823 0.019443358
2.882156312 0.016713362
2.898322478 0.014199112
2.914859679 0.011897961
2.931824098 0.009807308
2.949273068 0.007924628
2.967264306 0.006247502
2.985855088 0.004773649
3.005101377 0.003500956
3.025056941 0.002427513
3.045772464 0.001551643
3.067294699 0.000871931
3.089665675 0.000387247
3.112921979 0.000096770
3.137094156 0.000000000
