0.000000000 1.795024459
0.000055349 1.780480915
0.000221226 1.765063224
0.000497126 1.748799521
0.000882211 1.731721737
0.001375323 1.713865342
0.001974996 1.695269051
0.002679472 1.675974500
0.003486722 1.656025913
0.004394469 1.635469734
0.005400211 1.614354262
0.006501250 1.592729270
0.007694718 1.570645618
0.008977609 1.548154882
0.010346809 1.525308972
0.011799123 1.502159776
0.013331311 1.478758808
0.014940112 1.455156883
0.016622273 1.431403806
0.018374581 1.407548088
0.020193883 1.383636693
0.022077111 1.359714803
0.024021305 1.335825618
0.026023629 1.312010189
0.028081392 1.288307266
0.030192056 1.264753195
0.032353254 1.241381822
0.034562796 1.218224446
0.036818675 1.195309776
0.039119074 1.172663933
0.041462367 1.150310454
0.043847118 1.128270337
0.046272081 1.106562086
0.048736199 1.085201785
0.051238591 1.064203181
0.053778556 1.043577775
0.056355558 1.023334934
0.058969220 1.003481998
0.061619316 0.984024403
0.064305759 0.964965803
0.067028594 0.946308193
0.069787984 0.928052041
0.072584199 0.910196413
0.075417612 0.892739095
0.078288678 0.875676718
0.081197934 0.859004881
0.084145982 0.842718259
0.087133481 0.826810719
0.090161141 0.811275423
0.093229709 0.796104929
0.096339967 0.781291281
0.099492717 0.766826103
0.102688782 0.752700677
0.105928994 0.738906018
0.109214189 0.725432943
0.112545203 0.712272139
0.115922870 0.699414216
0.119348011 0.686849760
0.122821436 0.674569382
0.126343940 0.662563758
0.129916299 0.650823666
0.133539270 0.639340018
0.137213589 0.628103888
0.140939966 0.617106537
0.144719092 0.606339435
0.148551631 0.595794272
0.152438224 0.585462977
0.156379490 0.575337730
0.160376022 0.565410965
0.164428395 0.555675381
0.168537158 0.546123945
0.172702844 0.536749890
0.176925966 0.527546724
0.181207022 0.518508219
0.185546493 0.509628417
0.189944848 0.500901623
0.194402547 0.492322399
0.198920038 0.483885564
0.203497766 0.475586183
0.208136171 0.467419562
0.212835691 0.459381244
0.217596768 0.451466999
0.222419846 0.443672817
0.227305376 0.435994899
0.232253819 0.428429653
0.237265652 0.420973683
0.242341362 0.413623782
0.247481461 0.406376922
0.252686480 0.399230251
0.257956976 0.392181081
0.263293535 0.385226881
0.268696777 0.378365272
0.274167358 0.371594016
0.279705973 0.364911012
0.285313361 0.358314287
0.290990309 0.351801992
0.296737659 0.345372391
0.302556304 0.339023858
0.308447204 0.332754871
0.314411379 0.326564005
0.320449923 0.320449923
0.326564005 0.314411379
0.332754871 0.308447204
0.339023858 0.302556304
0.345372391 0.296737659
0.351801992 0.290990309
0.358314287 0.285313361
0.364911012 0.279705973
0.371594016 0.274167358
0.378365272 0.268696777
0.385226881 0.263293535
0.392181081 0.257956976
0.399230251 0.252686480
0.406376922 0.247481461
0.413623782 0.242341362
0.420973683 0.237265652
0.428429653 0.232253819
0.435994899 0.227305376
0.443672817 0.222419846
0.451466999 0.217596768
0.459381244 0.212835691
0.467419562 0.208136171
0.475586183 0.203497766
0.483885564 0.198920038
0.492322399 0.194402547
0.500901623 0.189944848
0.509628417 0.185546493
0.518508219 0.181207022
0.527546724 0.176925966
0.536749890 0.172702844
0.546123945 0.168537158
0.555675381 0.164428395
0.565410965 0.160376022
0.575337730 0.156379490
0.585462977 0.152438224
0.595794272 0.148551631
0.606339435 0.144719092
0.617106537 0.140939966
0.628103888 0.137213589
0.639340018 0.133539270
0.650823666 0.129916299
0.662563758 0.126343940
0.674569382 0.122821436
0.686849760 0.119348011
0.699414216 0.115922870
0.712272139 0.112545203
0.725432943 0.109214189
0.738906018 0.105928994
0.752700677 0.102688782
0.766826103 0.099492717
0.781291281 0.096339967
0.796104929 0.093229709
0.811275423 0.090161141
0.826810719 0.087133481
0.842718259 0.084145982
0.859004881 0.081197934
0.875676718 0.078288678
0.892739095 0.075417612
0.910196413 0.072584199
0.928052041 0.069787984
0.946308193 0.067028594
0.964965803 0.064305759
0.984024403 0.061619316
1.003481998 0.058969220
1.023334934 0.056355558
1.043577775 0.053778556
1.064203181 0.051238591
1.085201785 0.048736199
1.106562086 0.046272081
1.128270337 0.043847118
1.150310454 0.041462367
1.172663933 0.039119074
1.195309776 0.036818675
1.218224446 0.034562796
1.241381822 0.032353254
1.264753195 0.030192056
1.288307266 0.028081392
1.312010189 0.026023629
1.335825618 0.024021305
1.359714803 0.022077111
1.383636693 0.020193883
1.407548088 0.018374581
1.431403806 0.016622273
1.455156883 0.014940112
1.478758808 0.013331311
1.502159776 0.011799123
1.525308972 0.010346809
1.548154882 0.008977609
1.570645618 0.007694718
1.592729270 0.006501250
1.614354262 0.005400211
1.635469734 0.004394469
1.656025913 0.003486722
1.675974500 0.002679472
1.695269051 0.001974996
1.713865342 0.001375323
1.731721737 0.000882211
1.748799521 0.000497126
1.765063224 0.000221226
1.780480915 0.000055349
1.795024459 0.000000000
