   5.8228459e-01   0.0000000e+00   0.0000000e+00   0.0000000e+00   0.0000000e+00
   1.1725567e-01   4.1038921e-01   0.0000000e+00   0.0000000e+00   0.0000000e+00
   1.8389146e-01   0.0000000e+00   0.0000000e+00   3.7095074e-01   0.0000000e+00
   1.8388893e-01   3.7095074e-01   0.0000000e+00   0.0000000e+00   0.0000000e+00
   6.2589973e-02   5.0071335e-01   0.0000000e+00   0.0000000e+00   0.0000000e+00
   5.8547409e-07   5.8228400e-01   0.0000000e+00   0.0000000e+00   0.0000000e+00
   5.1016456e-18   8.3316196e-02   4.6594077e-01   0.0000000e+00   0.0000000e+00
   5.8228446e-01   0.0000000e+00   0.0000000e+00   3.5010376e-01   0.0000000e+00
   8.3316196e-02   0.0000000e+00   4.6594077e-01   0.0000000e+00   0.0000000e+00
   1.1040470e-01   0.0000000e+00   0.0000000e+00   4.2044116e-01   0.0000000e+00
   2.4854760e-18   6.0011474e-18   1.5681345e-17   2.7719649e-01   0.0000000e+00
   9.1403839e-18   1.4927380e-01   0.0000000e+00   0.0000000e+00   3.7920949e-01
   6.5866005e-19   1.5843734e-18   4.1174271e-18   7.2847723e-02   1.7007225e-01
   1.5401319e-01   0.0000000e+00   3.7682600e-01   0.0000000e+00   0.0000000e+00
   2.5140208e-18   6.0671126e-18   1.0725305e-01   2.5563162e-01   0.0000000e+00
   9.4305878e-18   1.5401319e-01   3.7682600e-01   0.0000000e+00   0.0000000e+00
   1.3695178e-18   3.3070911e-18   5.8456782e-02   3.1839400e-01   0.0000000e+00
   1.4927534e-01   0.0000000e+00   0.0000000e+00   0.0000000e+00   3.7920863e-01
   3.6076988e-02   0.0000000e+00   8.0335825e-02   2.7106582e-01   0.0000000e+00
   6.3469882e-19   1.5320581e-18   4.0033300e-18   1.0459849e-17   1.8490046e-01
   1.8220340e-18   4.4122138e-18   7.7959115e-02   0.0000000e+00   2.8359127e-01
   2.2323042e-03   4.8790364e-02   1.0583374e-01   0.0000000e+00   2.4054739e-01
   3.6076988e-02   0.0000000e+00   8.0335825e-02   2.7106582e-01   0.0000000e+00
   2.0750762e-33   3.3888566e-17   0.0000000e+00   5.5344228e-01   3.7269900e-01
   1.5519962e-01   3.7629851e-01   0.0000000e+00   2.5281386e-01   0.0000000e+00
   2.9702961e-08   1.5291430e-01   3.7732368e-01   2.5286608e-01   0.0000000e+00
   3.4843709e-17   5.6904095e-01   0.0000000e+00   0.0000000e+00   3.6142694e-01
   9.5508503e-05   3.5905431e-02   8.0099818e-02   2.7018404e-01   0.0000000e+00
   2.6762266e-03   4.8145701e-02   1.0448728e-01   0.0000000e+00   2.3748704e-01
   6.7603383e-18   1.1040470e-01   0.0000000e+00   4.2044116e-01   0.0000000e+00
   1.5519962e-01   3.7629851e-01   0.0000000e+00   2.5281386e-01   0.0000000e+00
   1.5812307e-01   3.7503228e-01   0.0000000e+00   0.0000000e+00   2.5292779e-01
   1.5812307e-01   3.7503228e-01   0.0000000e+00   0.0000000e+00   2.5292779e-01
   3.1889137e-02   7.3424302e-02   2.8129554e-01   0.0000000e+00   2.7968697e-04
   3.6816932e-04   0.0000000e+00   4.7472349e-02   1.1410517e-01   2.5058282e-01
   3.7153271e-02   0.0000000e+00   8.1647055e-02   2.6968751e-01   0.0000000e+00
   4.5917971e-19   7.4989737e-03   0.0000000e+00   5.5124237e-01   3.6413023e-01
   4.1032467e-02   9.9024082e-02   0.0000000e+00   2.5565592e-01   0.0000000e+00
   1.2729457e-49   2.0788781e-33   3.3950656e-17   5.5445629e-01   3.7202683e-01
   1.5250673e-01   0.0000000e+00   3.7755776e-01   2.5285486e-01   0.0000000e+00
   1.0100361e-01   0.0000000e+00   4.3556063e-01   0.0000000e+00   0.0000000e+00
   3.7081916e-02   0.0000000e+00   8.1490248e-02   2.6987624e-01   0.0000000e+00
   9.4825136e-18   1.5486120e-01   3.7644363e-01   2.5281717e-01   0.0000000e+00
   1.5519829e-01   3.7630644e-01   0.0000000e+00   0.0000000e+00   0.0000000e+00
   9.6584995e-02   0.0000000e+00   0.0000000e+00   0.0000000e+00   4.4302106e-01
   3.5060758e-35   5.7258564e-19   3.3307769e-17   5.4403752e-01   3.6636565e-01
   3.6076988e-02   0.0000000e+00   8.0335825e-02   2.7106582e-01   0.0000000e+00
   1.5520999e-01   3.7629409e-01   0.0000000e+00   2.5281378e-01   0.0000000e+00
   1.1707652e-21   2.4959939e-18   4.0762679e-02   8.4403296e-02   2.6839773e-01
   1.2393799e-01   4.0162068e-01   0.0000000e+00   0.0000000e+00   0.0000000e+00
   1.5513394e-01   0.0000000e+00   3.7629184e-01   2.5283971e-01   0.0000000e+00
   9.4044648e-18   1.5358657e-01   3.7701106e-01   2.5284339e-01   0.0000000e+00
   3.4837086e-17   5.6893280e-01   0.0000000e+00   0.0000000e+00   3.6151235e-01
   2.3958278e-18   0.0000000e+00   3.9126837e-02   8.3148647e-02   2.6889298e-01
   5.7654493e-01   0.0000000e+00   0.0000000e+00   0.0000000e+00   3.5522894e-01
   7.5455989e-04   3.6082382e-02   7.7420892e-02   2.6645358e-01   0.0000000e+00
   1.5513394e-01   0.0000000e+00   3.7629184e-01   2.5283971e-01   0.0000000e+00
   2.0991426e-33   3.4339277e-17   5.5986102e-01   3.6892872e-01   0.0000000e+00
   9.8237112e-04   4.3193334e-02   1.1208939e-01   2.4668069e-01   0.0000000e+00
   3.4843182e-17   5.6903234e-01   0.0000000e+00   0.0000000e+00   3.6143374e-01
   1.1876116e-01   4.0831789e-01   0.0000000e+00   0.0000000e+00   0.0000000e+00
   9.5696382e-18   1.5628405e-01   3.7584912e-01   2.5281316e-01   0.0000000e+00
   2.8917095e-04   0.0000000e+00   5.7613539e-01   0.0000000e+00   3.5516740e-01
   4.4427179e-02   1.1448805e-01   2.5339229e-01   0.0000000e+00   0.0000000e+00
   1.1712503e-02   1.7701787e-01   0.0000000e+00   3.4334280e-01   0.0000000e+00
   5.9643096e-34   9.7404567e-18   1.5907373e-01   3.8560761e-01   2.4402710e-01
   1.5519962e-01   3.7629851e-01   0.0000000e+00   2.5281386e-01   0.0000000e+00
   2.0750762e-33   3.3888566e-17   0.0000000e+00   5.5344228e-01   3.7269900e-01
   5.0060376e-21   8.1754798e-05   1.6288577e-01   3.7371941e-01   2.5271058e-01
   5.6154207e-19   1.5074857e-18   2.6271694e-02   5.5830116e-02   1.8054805e-01
   5.6905356e-01   0.0000000e+00   0.0000000e+00   0.0000000e+00   3.6141697e-01
   4.6229594e-02   0.0000000e+00   1.1283492e-01   2.5290700e-01   0.0000000e+00
   1.5412888e-01   3.7676561e-01   0.0000000e+00   2.5282954e-01   0.0000000e+00
   1.5497197e-01   0.0000000e+00   0.0000000e+00   3.7738910e-01   2.5208740e-01
   3.8218018e-02   9.2700921e-02   0.0000000e+00   2.5908577e-01   0.0000000e+00
   1.6858438e-01   0.0000000e+00   0.0000000e+00   3.7228504e-01   0.0000000e+00
   1.7625927e-01   0.0000000e+00   0.0000000e+00   3.7125810e-01   0.0000000e+00
   2.2105294e-18   3.6100684e-02   8.0388592e-02   2.7099876e-01   0.0000000e+00
   5.7400820e-01   0.0000000e+00   0.0000000e+00   3.5738551e-01   0.0000000e+00
   3.7136290e-04   3.7227364e-02   8.0681672e-02   2.6688681e-01   0.0000000e+00
   1.6546245e-01   0.0000000e+00   0.0000000e+00   3.7294597e-01   0.0000000e+00
   9.3209410e-34   0.0000000e+00   1.5222252e-17   2.4859824e-01   3.8251156e-01
   2.7293822e-04   6.7271845e-04   2.5525644e-02   5.2901821e-02   1.7481160e-01
   3.5654640e-17   5.8228446e-01   0.0000000e+00   3.5010376e-01   0.0000000e+00
   2.7959373e-04   5.0843328e-02   1.1130415e-01   0.0000000e+00   2.5254623e-01
   4.5557477e-02   1.1144289e-01   2.5298102e-01   0.0000000e+00   0.0000000e+00
   8.1786539e-02   4.6858383e-01   0.0000000e+00   0.0000000e+00   0.0000000e+00
   1.7718924e-04   5.6662537e-01   0.0000000e+00   3.6306658e-01   0.0000000e+00
   6.8554096e-34   1.1195743e-17   1.8284020e-01   0.0000000e+00   3.7095619e-01
   2.2800646e-37   2.0809462e-33   3.3984430e-17   5.5500786e-01   3.7157852e-01
   1.6743227e-04   5.7440861e-01   0.0000000e+00   3.5681180e-01   0.0000000e+00
   5.7457096e-01   0.0000000e+00   0.0000000e+00   3.5691263e-01   0.0000000e+00
   1.1082149e-22   1.8098523e-06   5.7503880e-01   0.0000000e+00   3.5651455e-01
   1.5513285e-01   0.0000000e+00   3.7629230e-01   2.5283972e-01   0.0000000e+00
   9.8335837e-02   0.0000000e+00   0.0000000e+00   0.0000000e+00   4.4004577e-01
   4.6228322e-02   0.0000000e+00   1.1283549e-01   2.5290709e-01   0.0000000e+00
   3.5187474e-17   0.0000000e+00   5.7465506e-01   3.5684169e-01   0.0000000e+00
   7.4996673e-04   3.8696482e-02   1.1627328e-01   0.0000000e+00   2.5212922e-01
   3.9435594e-02   9.7020339e-02   2.5673899e-01   0.0000000e+00   0.0000000e+00
   1.5513151e-01   0.0000000e+00   3.7628593e-01   2.5284481e-01   0.0000000e+00
   3.5654648e-17   5.8228459e-01   0.0000000e+00   0.0000000e+00   0.0000000e+00
   7.2100917e-20   1.2098532e-03   1.5591156e-01   3.8749020e-01   2.4767843e-01
   4.5839737e-02   0.0000000e+00   1.1256117e-01   2.5294183e-01   0.0000000e+00
   1.6092795e-01   0.0000000e+00   3.7419958e-01   6.7938106e-06   0.0000000e+00
   1.5812307e-01   3.7503228e-01   0.0000000e+00   0.0000000e+00   2.5292779e-01
   6.5548945e-34   1.0704955e-17   1.7482518e-01   0.0000000e+00   3.7139066e-01
   8.6225617e-18   2.3640160e-17   4.1095244e-01   2.5357324e-01   0.0000000e+00
   4.5216460e-02   1.0658495e-01   0.0000000e+00   2.5351154e-01   0.0000000e+00
   9.6847902e-18   1.5816463e-01   0.0000000e+00   3.7491961e-01   2.5300304e-01
   1.5513389e-01   0.0000000e+00   3.7629170e-01   2.5283983e-01   0.0000000e+00
   5.8789585e-19   3.4644736e-17   0.0000000e+00   5.6587293e-01   3.5019068e-01
   8.6193442e-21   1.4076457e-04   4.7627947e-02   1.1479909e-01   2.5200296e-01
   8.4429092e-05   2.0905088e-04   1.1877923e-01   0.0000000e+00   2.5257654e-01
   3.4857396e-17   5.6926448e-01   0.0000000e+00   3.6125007e-01   0.0000000e+00
   4.3595063e-02   9.0239636e-02   9.4733956e-08   2.6338257e-01   0.0000000e+00
   2.3222941e-03   4.1918626e-02   1.0892009e-01   2.3663393e-01   0.0000000e+00
   1.5717415e-01   0.0000000e+00   0.0000000e+00   3.7550457e-01   0.0000000e+00
   3.4460675e-02   8.4992894e-02   2.6597646e-01   0.0000000e+00   0.0000000e+00
   2.0797066e-33   3.3964186e-17   0.0000000e+00   5.5467725e-01   3.7187930e-01
   3.5335332e-17   5.7706977e-01   0.0000000e+00   3.5477464e-01   0.0000000e+00
   3.6580852e-02   7.8032246e-02   2.7518704e-01   0.0000000e+00   0.0000000e+00
   3.2855360e-02   7.9431405e-02   2.7281685e-01   3.3790839e-04   0.0000000e+00
   8.4576206e-18   1.3812343e-01   0.0000000e+00   0.0000000e+00   3.8695236e-01
   2.0472640e-33   3.3434358e-17   0.0000000e+00   5.4602451e-01   3.7738049e-01
   5.6905356e-01   0.0000000e+00   0.0000000e+00   0.0000000e+00   3.6141697e-01
   5.3131089e-07   5.6116335e-01   0.0000000e+00   0.0000000e+00   3.6737429e-01
   2.3958278e-18   0.0000000e+00   3.9126837e-02   8.3148647e-02   2.6889298e-01
   4.6051562e-02   0.0000000e+00   1.1240039e-01   2.5292294e-01   0.0000000e+00
   9.8052287e-04   4.3112069e-02   1.1214117e-01   2.4671994e-01   0.0000000e+00
   5.8015276e-01   0.0000000e+00   0.0000000e+00   3.5204825e-01   0.0000000e+00
   6.2139532e-03   3.5682048e-02   8.9253260e-02   2.0106169e-01   0.0000000e+00
   1.5520221e-01   3.7630477e-01   0.0000000e+00   0.0000000e+00   0.0000000e+00
   1.5519962e-01   3.7629851e-01   0.0000000e+00   2.5281386e-01   0.0000000e+00
   4.7831054e-07   1.1884926e-06   4.0704967e-01   0.0000000e+00   2.5301994e-01
   5.7438028e-01   0.0000000e+00   0.0000000e+00   0.0000000e+00   3.5707321e-01
   1.4864424e-01   3.7956450e-01   0.0000000e+00   0.0000000e+00   0.0000000e+00
   3.6630841e-19   5.9822703e-03   0.0000000e+00   0.0000000e+00   5.7608356e-01
   2.9460954e-18   3.2022217e-17   5.2517108e-01   0.0000000e+00   0.0000000e+00
   7.5455989e-04   3.6082382e-02   7.7420892e-02   2.6645358e-01   0.0000000e+00
   3.1407972e-04   5.7430114e-01   0.0000000e+00   3.5669396e-01   0.0000000e+00
   3.9640505e-03   3.2609401e-02   6.9231153e-02   2.3182226e-01   0.0000000e+00
   6.8958894e-03   3.7479889e-02   8.7978110e-02   1.9867437e-01   0.0000000e+00
   2.7744970e-02   6.7270721e-02   0.0000000e+00   2.9216511e-01   0.0000000e+00
   1.6457394e-01   0.0000000e+00   0.0000000e+00   3.7316251e-01   0.0000000e+00
   8.3666124e-34   4.1177036e-38   1.3663715e-17   2.6739390e-01   4.1148279e-01
   1.1412009e-01   0.0000000e+00   0.0000000e+00   0.0000000e+00   4.1486864e-01
   2.1544269e-33   3.5184461e-17   5.7460586e-01   3.5688320e-01   0.0000000e+00
   7.8672977e-05   2.2203585e-04   1.2465696e-01   0.0000000e+00   2.5505970e-01
   1.5519962e-01   3.7629851e-01   0.0000000e+00   2.5281386e-01   0.0000000e+00
   3.8348138e-02   9.1299802e-02   2.5991565e-01   0.0000000e+00   0.0000000e+00
   9.0155198e-04   2.1909942e-03   4.0442672e-01   0.0000000e+00   0.0000000e+00
   7.6238337e-03   1.5156325e-01   0.0000000e+00   3.5285515e-01   0.0000000e+00
   1.2729457e-49   2.0788781e-33   3.3950656e-17   5.5445629e-01   3.7202683e-01
   3.6617966e-02   0.0000000e+00   7.9303138e-02   2.7299858e-01   0.0000000e+00
   5.2920012e-03   0.0000000e+00   1.8036692e-02   3.9097724e-02   2.2390430e-01
   5.8228459e-01   0.0000000e+00   0.0000000e+00   0.0000000e+00   0.0000000e+00
   2.8908801e-02   5.4930735e-01   0.0000000e+00   0.0000000e+00   0.0000000e+00
   1.6095037e-01   0.0000000e+00   0.0000000e+00   3.7418477e-01   0.0000000e+00
   5.8228459e-01   0.0000000e+00   0.0000000e+00   0.0000000e+00   0.0000000e+00
   5.7654493e-01   0.0000000e+00   0.0000000e+00   0.0000000e+00   3.5522894e-01
   6.5936307e-02   0.0000000e+00   4.9529935e-01   0.0000000e+00   0.0000000e+00
   4.1031842e-02   9.9024340e-02   0.0000000e+00   2.5565592e-01   0.0000000e+00
   3.3987734e-02   8.5230419e-02   2.6610386e-01   0.0000000e+00   0.0000000e+00
   3.0166484e-02   7.4486477e-02   2.8002415e-01   0.0000000e+00   0.0000000e+00
   3.5147546e-17   5.7400299e-01   0.0000000e+00   3.5738988e-01   0.0000000e+00
   1.8387149e-20   3.0028492e-04   5.6215388e-01   3.6625317e-01   0.0000000e+00
   8.6101766e-18   2.3649623e-17   4.1102839e-01   2.5362010e-01   0.0000000e+00
   1.3296898e-01   0.0000000e+00   3.9164132e-01   0.0000000e+00   0.0000000e+00
   3.6129596e-02   0.0000000e+00   8.0466697e-02   2.7089711e-01   0.0000000e+00
   8.7772686e-34   1.4334367e-17   0.0000000e+00   2.3409799e-01   3.7879425e-01
   5.8197977e-01   0.0000000e+00   0.0000000e+00   3.5038474e-01   0.0000000e+00
   6.0225030e-34   9.8354939e-18   1.6062580e-01   3.8497126e-01   2.4403119e-01
   1.2924507e-02   0.0000000e+00   0.0000000e+00   5.6849035e-01   0.0000000e+00
   3.5311847e-17   5.7668623e-01   0.0000000e+00   0.0000000e+00   3.5510691e-01
   1.6538645e-02   1.2585815e-01   3.2216720e-01   0.0000000e+00   0.0000000e+00
   8.9812550e-18   1.4667502e-01   0.0000000e+00   3.8220388e-01   1.1670111e-03
   9.6022820e-18   1.5681717e-01   0.0000000e+00   0.0000000e+00   3.7564361e-01
   4.3890953e-02   9.0852115e-02   9.5376939e-08   2.6293403e-01   0.0000000e+00
   1.5852545e-04   3.6831006e-02   7.8039974e-02   2.7349442e-01   0.0000000e+00
   3.7700032e-02   0.0000000e+00   1.1724258e-01   0.0000000e+00   2.5969432e-01
   3.6036176e-02   9.6731127e-02   2.5906214e-01   0.0000000e+00   1.5803414e-05
   1.5412888e-01   3.7676561e-01   0.0000000e+00   2.5282954e-01   0.0000000e+00
   2.4685664e-02   7.3935513e-02   2.9163113e-01   0.0000000e+00   0.0000000e+00
   1.2792526e-01   0.0000000e+00   0.0000000e+00   3.9693963e-01   0.0000000e+00
   8.9830266e-18   2.3312244e-17   4.0800505e-01   0.0000000e+00   0.0000000e+00
   1.5411962e-01   3.7676974e-01   0.0000000e+00   2.5282975e-01   0.0000000e+00
   5.6904095e-01   0.0000000e+00   0.0000000e+00   0.0000000e+00   3.6142694e-01
   4.6800989e-19   3.5052127e-17   0.0000000e+00   5.7249570e-01   3.4749762e-01
   1.4336728e-18   1.2425946e-17   0.0000000e+00   2.0427733e-01   3.2961695e-01
   3.8742653e-02   8.3223526e-02   2.6845539e-01   0.0000000e+00   0.0000000e+00
   1.4663117e-01   0.0000000e+00   0.0000000e+00   3.8247852e-01   2.5223378e-01
   5.4640394e-03   5.7663311e-01   0.0000000e+00   0.0000000e+00   0.0000000e+00
   1.3803371e-18   8.1386280e-18   1.9602495e-17   3.4736066e-01   1.8064681e-02
   3.5508577e-17   0.0000000e+00   0.0000000e+00   5.7989906e-01   3.5227640e-01
   1.6337653e-01   0.0000000e+00   0.0000000e+00   3.7347516e-01   0.0000000e+00
   3.5082921e-09   1.5570904e-01   3.7610682e-01   2.5279517e-01   0.0000000e+00
   8.8786462e-02   0.0000000e+00   4.5645983e-01   0.0000000e+00   0.0000000e+00
   9.4044648e-18   1.5358657e-01   3.7701106e-01   2.5284339e-01   0.0000000e+00
   8.4484282e-03   0.0000000e+00   1.6573164e-01   0.0000000e+00   3.4984457e-01
   1.0383305e-01   0.0000000e+00   0.0000000e+00   0.0000000e+00   4.3088318e-01
   2.0653242e-19   3.4674458e-17   5.6628692e-01   0.0000000e+00   3.5888917e-01
   4.7325718e-02   1.1474357e-01   2.5286892e-01   0.0000000e+00   0.0000000e+00
   1.7743640e-04   3.8397629e-02   8.0924950e-02   2.6982075e-01   0.0000000e+00
   1.5812307e-01   3.7503228e-01   0.0000000e+00   0.0000000e+00   2.5292779e-01
   6.0296737e-34   9.8472045e-18   2.2950161e-17   4.0784873e-01   2.5250365e-01
   2.3958278e-18   0.0000000e+00   3.9126837e-02   8.3148647e-02   2.6889298e-01
   3.8218018e-02   9.2700921e-02   0.0000000e+00   2.5908577e-01   0.0000000e+00
   3.4130883e-04   1.2831151e-01   0.0000000e+00   3.9494369e-01   0.0000000e+00
   5.7074303e-50   9.3209410e-34   1.5222252e-17   2.4859824e-01   3.8251156e-01
   3.9451893e-02   9.7060438e-02   2.5671914e-01   0.0000000e+00   0.0000000e+00
   1.5082248e-03   4.9290838e-02   1.0795438e-01   0.0000000e+00   2.4494567e-01
   2.2677218e-04   5.5434101e-04   4.0643577e-01   2.5243433e-01   0.0000000e+00
   4.7510426e-02   1.1429239e-01   0.0000000e+00   2.5286704e-01   0.0000000e+00
   1.5119532e-01   3.7800379e-01   0.0000000e+00   0.0000000e+00   2.5306573e-01
   7.4382419e-02   4.8125009e-01   0.0000000e+00   0.0000000e+00   0.0000000e+00
   1.6199063e-01   3.7386776e-01   0.0000000e+00   0.0000000e+00   0.0000000e+00
   9.4449963e-03   1.0669532e-01   3.6674577e-01   0.0000000e+00   0.0000000e+00
   5.7739300e-01   0.0000000e+00   0.0000000e+00   3.5449345e-01   0.0000000e+00
   9.8596628e-18   1.6102051e-01   0.0000000e+00   3.7567078e-01   1.3288915e-03
   3.2570265e-18   5.3657156e-02   1.1182873e-01   0.0000000e+00   2.5555960e-01
   8.4577477e-03   2.0481171e-02   4.7640396e-02   0.0000000e+00   1.9113015e-01
   3.1325342e-18   5.1158167e-02   1.1203201e-01   0.0000000e+00   2.5416709e-01
   5.3288483e-19   3.4685626e-17   5.6652611e-01   3.5186490e-01   7.2491445e-04
   7.8983320e-02   0.0000000e+00   0.0000000e+00   4.7340813e-01   0.0000000e+00
   3.7940340e-02   7.8534638e-02   8.2445999e-08   2.7570795e-01   0.0000000e+00
   1.5812307e-01   3.7503228e-01   0.0000000e+00   0.0000000e+00   2.5292779e-01
   1.9044533e-04   3.7891419e-02   8.1280743e-02   2.6860308e-01   0.0000000e+00
   1.5588359e-03   4.4185391e-03   0.0000000e+00   1.1335375e-02   2.6452865e-01
   1.0373301e-01   0.0000000e+00   4.3104694e-01   0.0000000e+00   0.0000000e+00
   8.1786539e-02   4.6858383e-01   0.0000000e+00   0.0000000e+00   0.0000000e+00
   1.1748026e-01   0.0000000e+00   4.1007685e-01   0.0000000e+00   0.0000000e+00
   5.5871167e-20   9.1244539e-04   5.7023451e-01   0.0000000e+00   3.5920271e-01
   1.1283273e-18   6.7334543e-18   2.1381479e-17   3.6655546e-01   3.0069125e-02
   5.8228446e-01   0.0000000e+00   0.0000000e+00   3.5010376e-01   0.0000000e+00
   2.7062102e-02   1.1114032e-01   2.8033925e-01   0.0000000e+00   0.0000000e+00
   1.7396340e-03   5.7290756e-01   0.0000000e+00   3.5583001e-01   0.0000000e+00
   1.2974981e-19   9.7867436e-18   2.2811253e-17   4.0538020e-01   2.4616519e-01
   5.4609323e-03   0.0000000e+00   1.8307944e-02   1.0071411e-01   2.0559023e-01
   4.7067776e-02   0.0000000e+00   1.1248684e-01   2.5290505e-01   0.0000000e+00
   3.0830157e-03   0.0000000e+00   5.7157859e-01   3.5500816e-01   0.0000000e+00
   1.2743479e-49   2.0811680e-33   3.3988053e-17   5.5506702e-01   3.7161813e-01
   1.5513389e-01   0.0000000e+00   3.7629170e-01   2.5283983e-01   0.0000000e+00
   3.4495072e-17   0.0000000e+00   5.6334728e-01   3.6578422e-01   0.0000000e+00
   4.0575998e-02   9.6603925e-02   2.5669190e-01   0.0000000e+00   0.0000000e+00
   2.8620480e-18   1.4729299e-19   4.6802649e-02   1.1994474e-01   2.6771087e-01
   3.4600155e-02   8.3891870e-02   0.0000000e+00   2.6686926e-01   0.0000000e+00
   4.6886384e-02   1.0558604e-01   0.0000000e+00   2.5416549e-01   0.0000000e+00
   1.7961011e-03   4.5812908e-02   1.0209403e-01   2.4224726e-01   0.0000000e+00
   3.6160645e-02   0.0000000e+00   8.0522111e-02   2.7082973e-01   0.0000000e+00
   6.8828197e-03   0.0000000e+00   1.7306803e-01   0.0000000e+00   3.5439252e-01
   6.1504328e-18   0.0000000e+00   2.9121544e-17   4.8608203e-01   3.2804488e-02
   1.1725567e-01   4.1038921e-01   0.0000000e+00   0.0000000e+00   0.0000000e+00
   5.7457096e-01   0.0000000e+00   0.0000000e+00   3.5691263e-01   0.0000000e+00
   3.5654648e-17   5.8228459e-01   0.0000000e+00   0.0000000e+00   0.0000000e+00
   5.1952174e-03   1.6967634e-01   0.0000000e+00   3.5857317e-01   0.0000000e+00
   2.2321779e-03   4.8787605e-02   1.0582776e-01   0.0000000e+00   2.4054750e-01
   1.0109702e-01   4.3540480e-01   0.0000000e+00   0.0000000e+00   0.0000000e+00
   3.5725479e-17   7.0424368e-20   5.8344248e-01   0.0000000e+00   0.0000000e+00
   1.7174601e-03   0.0000000e+00   5.3272249e-02   1.3794132e-01   2.4698206e-01
   1.5491875e-01   3.7641880e-01   0.0000000e+00   2.5281649e-01   0.0000000e+00
   2.7272668e-04   6.7282004e-04   2.5526159e-02   5.2902888e-02   1.7481513e-01
   9.7146251e-05   3.5903506e-02   8.0095534e-02   2.7016959e-01   0.0000000e+00
   8.2356943e-02   4.6759897e-01   0.0000000e+00   0.0000000e+00   0.0000000e+00
   1.5518633e-01   3.7626628e-01   0.0000000e+00   2.5284166e-01   0.0000000e+00
   2.0011691e-18   3.2681572e-02   8.3019863e-02   2.6894291e-01   0.0000000e+00
   4.1669722e-03   1.0059535e-02   3.9432124e-01   0.0000000e+00   0.0000000e+00
   1.2398503e-01   0.0000000e+00   4.0157302e-01   7.0096464e-06   0.0000000e+00
   3.4843709e-17   5.6904095e-01   0.0000000e+00   0.0000000e+00   3.6142694e-01
   1.0466274e-01   0.0000000e+00   4.2952982e-01   0.0000000e+00   0.0000000e+00
   3.7153271e-02   0.0000000e+00   8.1647055e-02   2.6968751e-01   0.0000000e+00
   1.9471886e-02   8.6875982e-02   3.1286792e-01   0.0000000e+00   3.1107786e-04
   1.5512109e-01   0.0000000e+00   3.7637112e-01   2.5278588e-01   0.0000000e+00
   2.3861019e-18   0.0000000e+00   3.8968002e-02   8.3162573e-02   2.6873232e-01
   4.1364572e-04   0.0000000e+00   5.3336151e-02   1.1280024e-01   2.5299167e-01
   1.5864036e-01   3.7484429e-01   0.0000000e+00   0.0000000e+00   2.5294526e-01
   4.6235485e-02   0.0000000e+00   1.1283229e-01   2.5290659e-01   0.0000000e+00
   5.7349684e-01   0.0000000e+00   0.0000000e+00   0.0000000e+00   3.5781251e-01
   3.5609941e-17   5.8155447e-01   0.0000000e+00   0.0000000e+00   3.5077523e-01
   4.9670047e-04   1.2515829e-02   2.9379132e-02   7.4683126e-02   1.6074287e-01
   1.3723488e-01   3.8770879e-01   0.0000000e+00   0.0000000e+00   0.0000000e+00
   2.9771365e-03   7.3373318e-03   2.2963806e-02   4.7233407e-02   1.1616162e-01
   7.3500464e-03   1.5262274e-01   0.0000000e+00   3.5358720e-01   0.0000000e+00
   1.5519962e-01   3.7629851e-01   0.0000000e+00   2.5281386e-01   0.0000000e+00
   1.3402869e-01   0.0000000e+00   3.9061762e-01   0.0000000e+00   0.0000000e+00
   1.1412009e-01   0.0000000e+00   0.0000000e+00   0.0000000e+00   4.1486864e-01
   4.4109539e-02   0.0000000e+00   5.2875783e-01   0.0000000e+00   0.0000000e+00
   4.3375577e-03   1.7776664e-01   0.0000000e+00   3.6087889e-01   0.0000000e+00
   1.3060532e-01   0.0000000e+00   3.9403956e-01   2.0349389e-06   0.0000000e+00
   7.3041427e-03   5.6287034e-01   0.0000000e+00   0.0000000e+00   3.5592715e-01
   4.8113390e-02   5.2296249e-01   0.0000000e+00   0.0000000e+00   0.0000000e+00
   2.4432510e-18   6.0199043e-18   1.5684571e-17   2.7725351e-01   0.0000000e+00
   1.5520221e-01   3.7630477e-01   0.0000000e+00   0.0000000e+00   0.0000000e+00
   6.7322688e-02   4.9302935e-01   0.0000000e+00   0.0000000e+00   0.0000000e+00
   2.6153399e-03   6.4796303e-03   1.7052197e-02   3.6434380e-02   1.1999057e-01
   9.6300956e-18   2.2990732e-17   4.0707477e-01   0.0000000e+00   1.1449281e-08
   3.2301057e-02   7.8499554e-02   2.7366432e-01   0.0000000e+00   0.0000000e+00
   5.8228459e-01   0.0000000e+00   0.0000000e+00   0.0000000e+00   0.0000000e+00
   2.9122456e-04   4.9670858e-02   1.1207055e-01   2.5174274e-01   0.0000000e+00
   7.7285517e-02   0.0000000e+00   4.7631442e-01   0.0000000e+00   0.0000000e+00
   3.4843182e-17   5.6903234e-01   0.0000000e+00   0.0000000e+00   3.6143374e-01
   4.4757265e-02   1.0851890e-01   2.5322038e-01   0.0000000e+00   0.0000000e+00
   6.3369011e-19   1.0348945e-02   0.0000000e+00   2.3418629e-01   3.6327292e-01
   4.7190545e-02   0.0000000e+00   1.1448446e-01   2.5286849e-01   0.0000000e+00
   1.4957097e-01   0.0000000e+00   0.0000000e+00   0.0000000e+00   3.7904513e-01
   1.6943747e-04   3.7876576e-02   8.4166828e-02   2.6479238e-01   1.3979809e-05
   1.4589101e-18   8.0818619e-18   1.9317621e-17   3.4280645e-01   1.7827837e-02
   2.6657897e-02   8.6384837e-02   0.0000000e+00   0.0000000e+00   2.7992627e-01
   1.1630509e-03   5.6862499e-01   0.0000000e+00   3.6014015e-01   0.0000000e+00
   5.3602857e-02   5.1476006e-01   0.0000000e+00   0.0000000e+00   0.0000000e+00
   1.4393279e-01   3.8252463e-01   0.0000000e+00   0.0000000e+00   0.0000000e+00
   1.5812307e-01   3.7503228e-01   0.0000000e+00   0.0000000e+00   2.5292779e-01
   7.1079791e-03   2.5125135e-02   5.6685279e-02   1.9167374e-01   0.0000000e+00
   4.2048889e-03   4.9396925e-02   1.0022161e-01   0.0000000e+00   2.2779168e-01
   1.1787934e-04   2.8545508e-04   1.8619468e-02   0.0000000e+00   3.7663363e-01
   4.7703071e-02   0.0000000e+00   1.0483102e-01   0.0000000e+00   2.5482256e-01
   1.5520221e-01   3.7630477e-01   0.0000000e+00   0.0000000e+00   0.0000000e+00
   5.8228459e-01   0.0000000e+00   0.0000000e+00   0.0000000e+00   0.0000000e+00
   5.6905356e-01   0.0000000e+00   0.0000000e+00   0.0000000e+00   3.6141697e-01
   8.7983316e-03   1.7220164e-01   0.0000000e+00   0.0000000e+00   3.4952238e-01
   8.7772686e-34   1.4334367e-17   0.0000000e+00   2.3409799e-01   3.7879425e-01
   1.0558308e-34   4.0518926e-34   6.8382104e-18   1.6912033e-17   2.9791779e-01
   2.2188442e-19   1.0214566e-17   1.6685587e-01   0.0000000e+00   3.6288147e-01
   1.7663317e-01   0.0000000e+00   0.0000000e+00   0.0000000e+00   3.7122769e-01
   1.5777615e-01   3.7516117e-01   0.0000000e+00   0.0000000e+00   2.5291794e-01
   1.4805825e-03   4.7467013e-02   1.0823184e-01   0.0000000e+00   2.4393005e-01
   3.9435594e-02   9.7020339e-02   2.5673899e-01   0.0000000e+00   0.0000000e+00
   5.8228459e-01   0.0000000e+00   0.0000000e+00   0.0000000e+00   0.0000000e+00
   9.6235491e-02   4.4361753e-01   0.0000000e+00   0.0000000e+00   0.0000000e+00
   3.5147169e-17   5.7399683e-01   0.0000000e+00   0.0000000e+00   3.5739504e-01
   1.8278534e-01   0.0000000e+00   0.0000000e+00   3.7095678e-01   0.0000000e+00
   2.1413672e-33   3.4971180e-17   5.7112270e-01   0.0000000e+00   3.5976174e-01
   9.4044648e-18   1.5358657e-01   3.7701106e-01   2.5284339e-01   0.0000000e+00
   1.8250488e-02   4.3215197e-02   3.4513304e-01   4.0102891e-03   0.0000000e+00
   5.0849631e-03   1.1780031e-02   3.9264700e-01   0.0000000e+00   3.7569357e-04
   3.3072132e-02   8.0250519e-02   2.7127479e-01   0.0000000e+00   0.0000000e+00
   9.3948708e-02   0.0000000e+00   0.0000000e+00   0.0000000e+00   4.4753748e-01
   2.0863552e-33   3.4072766e-17   0.0000000e+00   5.5645050e-01   3.7068146e-01
   6.2601037e-04   5.0279823e-02   1.1040888e-01   0.0000000e+00   2.5038520e-01
   1.1118241e-01   4.1925266e-01   0.0000000e+00   0.0000000e+00   0.0000000e+00
   1.6183420e-18   0.0000000e+00   2.6429531e-02   7.0299736e-02   2.9000476e-01
   1.0048242e-02   8.6727245e-02   3.7946321e-01   0.0000000e+00   0.0000000e+00
   2.5800808e-03   6.5148491e-03   3.9952086e-01   0.0000000e+00   2.4838016e-01
   4.6444951e-02   0.0000000e+00   1.1190697e-01   2.5292055e-01   0.0000000e+00
   3.5654648e-17   5.8228459e-01   0.0000000e+00   0.0000000e+00   0.0000000e+00
   3.5184463e-17   5.7460588e-01   0.0000000e+00   3.5688318e-01   0.0000000e+00
   3.3428390e-02   7.3187799e-02   2.8183177e-01   0.0000000e+00   9.3438478e-06
   9.4682013e-18   1.5462746e-01   0.0000000e+00   3.7820781e-01   2.5160183e-01
   5.6068447e-04   1.7774425e-03   1.0146927e-01   0.0000000e+00   2.6113110e-01
   6.2495528e-04   1.2945071e-03   2.5700357e-02   5.3166631e-02   1.6914622e-01
   9.5252321e-02   4.4529939e-01   0.0000000e+00   0.0000000e+00   0.0000000e+00
   1.6492255e-18   3.9825253e-18   7.0395887e-02   2.9631846e-01   0.0000000e+00
   1.5827808e-18   4.6926338e-18   1.8937431e-17   3.1967220e-01   1.6624727e-02
   1.5803333e-01   3.7517125e-01   0.0000000e+00   2.5284476e-01   0.0000000e+00
   5.3328349e-03   2.9604427e-02   6.3200820e-02   2.1544461e-01   0.0000000e+00
   1.8237676e-02   1.3805573e-01   0.0000000e+00   3.1692035e-01   0.0000000e+00
   1.8217637e-01   3.7096537e-01   0.0000000e+00   0.0000000e+00   0.0000000e+00
   3.3710849e-03   7.7003379e-03   2.0517774e-02   5.1848927e-02   1.1131868e-01
   3.0064519e-02   7.9614612e-02   2.7902779e-01   2.7142889e-03   0.0000000e+00
   5.1458834e-04   4.4354363e-02   1.1508032e-01   2.5005029e-01   0.0000000e+00
   1.1088416e-01   4.1970713e-01   0.0000000e+00   0.0000000e+00   0.0000000e+00
   1.2872190e-03   5.6384250e-01   0.0000000e+00   0.0000000e+00   3.6366198e-01
   6.3447202e-19   1.5315106e-18   4.0018994e-18   1.0460491e-17   1.8490047e-01
   5.6139197e-01   4.0981763e-05   0.0000000e+00   0.0000000e+00   3.6726475e-01
   4.5678866e-04   1.4137186e-01   3.8263006e-01   0.0000000e+00   0.0000000e+00
   7.5053517e-04   1.8498650e-03   3.2443789e-02   6.4473537e-02   1.5978695e-01
   8.1411875e-02   0.0000000e+00   4.6923202e-01   0.0000000e+00   0.0000000e+00
   1.0171159e-01   0.0000000e+00   4.3438185e-01   0.0000000e+00   0.0000000e+00
   2.3958278e-18   0.0000000e+00   3.9126837e-02   8.3148647e-02   2.6889298e-01
   4.4429601e-02   1.0597357e-01   0.0000000e+00   2.5359253e-01   0.0000000e+00
   4.7000502e-02   0.0000000e+00   1.1472025e-01   2.5288100e-01   0.0000000e+00
   1.7743640e-04   3.8397629e-02   8.0924950e-02   2.6982075e-01   0.0000000e+00
   2.5149495e-18   5.9895189e-18   1.5682822e-17   2.7722259e-01   0.0000000e+00
   7.9305651e-04   5.0215978e-02   1.0994283e-01   0.0000000e+00   2.4945743e-01
   5.6796312e-01   0.0000000e+00   0.0000000e+00   3.6227333e-01   0.0000000e+00
   1.2126424e-03   2.6504123e-02   5.7491484e-02   0.0000000e+00   2.8875005e-01
   3.0694068e-04   5.7430807e-01   0.0000000e+00   3.5669827e-01   0.0000000e+00
   1.3841751e-18   8.1309042e-18   1.9585940e-17   3.4706730e-01   1.8026157e-02
   5.4193784e-03   1.7699746e-01   0.0000000e+00   3.5825487e-01   0.0000000e+00
   1.1759405e-18   6.4971152e-18   2.0271178e-17   3.4817191e-01   1.5560236e-02
   1.0801150e-01   0.0000000e+00   0.0000000e+00   4.2416559e-01   0.0000000e+00
   5.7138214e-18   0.0000000e+00   9.3313785e-02   4.6111529e-01   9.2852862e-03
   5.7631198e-01   0.0000000e+00   0.0000000e+00   3.5542968e-01   0.0000000e+00
   2.8100317e-35   4.5891301e-19   7.4946181e-03   5.5092220e-01   3.6435370e-01
   1.5821798e-02   1.5480681e-01   0.0000000e+00   3.2777099e-01   0.0000000e+00
   3.1980339e-02   7.8756740e-02   0.0000000e+00   2.7358033e-01   0.0000000e+00
   1.3319046e-02   3.0660140e-02   7.5421418e-02   1.6941823e-01   0.0000000e+00
   1.7355109e-03   3.8220884e-03   2.4554572e-02   5.6596838e-02   1.3455496e-01
   6.2374698e-03   1.5314452e-02   0.0000000e+00   4.0253930e-02   2.0563753e-01
   1.4980136e-18   1.3221430e-17   0.0000000e+00   2.1749345e-01   3.2901378e-01
   5.9643096e-34   9.7404567e-18   1.5907373e-01   3.8560761e-01   2.4402710e-01
   8.5004407e-03   2.0584556e-02   4.7630302e-02   0.0000000e+00   1.9126884e-01
   2.7115776e-18   4.4283423e-02   1.0317019e-01   2.6147639e-01   6.3533690e-03
   5.6126793e-01   0.0000000e+00   0.0000000e+00   0.0000000e+00   3.6729955e-01
   1.3862673e-01   0.0000000e+00   0.0000000e+00   0.0000000e+00   3.8653337e-01
   1.5513568e-01   0.0000000e+00   3.7629605e-01   2.5283608e-01   0.0000000e+00
   2.1544269e-33   3.5184461e-17   5.7460586e-01   3.5688320e-01   0.0000000e+00
   1.5317688e-01   0.0000000e+00   3.7721057e-01   0.0000000e+00   0.0000000e+00
   9.0532876e-18   1.4785141e-01   0.0000000e+00   3.8002489e-01   0.0000000e+00
   2.8008728e-02   6.9484787e-02   0.0000000e+00   2.8866329e-01   0.0000000e+00
   3.7514968e-02   9.1574751e-02   1.6169935e-07   2.6007847e-01   9.5771583e-05
   4.8277651e-02   5.2272134e-01   0.0000000e+00   0.0000000e+00   0.0000000e+00
   5.7370723e-01   0.0000000e+00   0.0000000e+00   3.5763713e-01   0.0000000e+00
   2.5456561e-02   6.8409854e-02   2.9955811e-01   0.0000000e+00   3.6112997e-03
   3.8218018e-02   9.2700921e-02   0.0000000e+00   2.5908577e-01   0.0000000e+00
   3.7078798e-02   9.0057356e-02   2.6103673e-01   0.0000000e+00   0.0000000e+00
   1.4670314e-01   3.8055975e-01   0.0000000e+00   0.0000000e+00   2.5345814e-01
   3.6139921e-02   0.0000000e+00   8.0476345e-02   2.7088748e-01   0.0000000e+00
   2.0939940e-18   5.2561516e-18   1.6256786e-17   2.8111326e-01   0.0000000e+00
   3.5291035e-03   8.0612891e-03   2.0314209e-02   5.1768057e-02   1.1142204e-01
   1.5413929e-01   3.7679106e-01   0.0000000e+00   2.5280760e-01   0.0000000e+00
   2.8025363e-02   0.0000000e+00   1.8629026e-01   3.1338275e-01   0.0000000e+00
   5.2930001e-18   3.0106571e-17   0.0000000e+00   4.9921835e-01   2.6172174e-02
   1.5437611e-21   2.5211533e-05   5.0230690e-02   1.1219660e-01   2.5353725e-01
   3.1673117e-03   5.7904025e-01   0.0000000e+00   0.0000000e+00   0.0000000e+00
   5.7476622e-01   0.0000000e+00   0.0000000e+00   3.5674782e-01   0.0000000e+00
   1.5324956e-01   0.0000000e+00   0.0000000e+00   3.7359166e-01   2.5535250e-01
   6.4909908e-23   1.0600592e-06   1.2555717e-05   5.2994397e-01   0.0000000e+00
   3.2570265e-18   5.3657156e-02   1.1182873e-01   0.0000000e+00   2.5555960e-01
   4.7767924e-04   4.3845178e-02   1.1406135e-01   2.5029943e-01   0.0000000e+00
   2.2669581e-02   1.5007064e-01   0.0000000e+00   0.0000000e+00   3.0797636e-01
   3.5275302e-09   1.5570904e-01   3.7610682e-01   2.5279517e-01   0.0000000e+00
   1.5735228e-03   4.9618369e-02   1.0774777e-01   0.0000000e+00   2.4484159e-01
   9.7895022e-03   2.1753892e-02   7.2749294e-02   0.0000000e+00   1.7435361e-01
   5.7442150e-01   0.0000000e+00   0.0000000e+00   0.0000000e+00   3.5703853e-01
   1.5401319e-01   0.0000000e+00   3.7682600e-01   0.0000000e+00   0.0000000e+00
   8.6351172e-02   0.0000000e+00   4.6068311e-01   0.0000000e+00   0.0000000e+00
   1.2127122e-01   4.0498611e-01   0.0000000e+00   0.0000000e+00   0.0000000e+00
   1.5358657e-01   0.0000000e+00   3.7701106e-01   2.5284339e-01   0.0000000e+00
   9.4044648e-18   1.5358657e-01   3.7701106e-01   2.5284339e-01   0.0000000e+00
   8.5024833e-03   1.4319921e-01   3.5143170e-01   0.0000000e+00   0.0000000e+00
   1.4808868e-01   3.7988554e-01   0.0000000e+00   0.0000000e+00   0.0000000e+00
   3.6952547e-19   5.8537050e-18   2.4585971e-17   0.0000000e+00   4.1278718e-01
   2.5792296e-02   6.2538106e-02   3.0127669e-01   0.0000000e+00   0.0000000e+00
   5.7359858e-34   1.4925836e-33   2.6113755e-17   4.2646999e-01   1.8810564e-02
   2.0374938e-18   3.3274800e-02   7.1381139e-02   2.8540123e-01   0.0000000e+00
   5.6708560e-01   0.0000000e+00   0.0000000e+00   0.0000000e+00   3.6295462e-01
   3.3935848e-03   5.7880515e-01   0.0000000e+00   0.0000000e+00   0.0000000e+00
   9.5102489e-06   2.3419278e-05   2.6103339e-02   5.5472370e-02   1.7939114e-01
   5.8228459e-01   0.0000000e+00   0.0000000e+00   0.0000000e+00   0.0000000e+00
   1.0310644e-02   1.2921305e-01   0.0000000e+00   0.0000000e+00   3.4842220e-01
   3.3994793e-34   1.6861585e-35   5.5585960e-18   9.0778763e-02   4.8352596e-01
   8.3117537e-04   1.8063237e-03   0.0000000e+00   4.0713555e-01   0.0000000e+00
   1.5023525e-01   0.0000000e+00   3.7851306e-01   0.0000000e+00   2.5312362e-01
   9.4379023e-03   2.2892402e-02   0.0000000e+00   5.1931021e-02   1.8466767e-01
   1.6538645e-02   1.2585815e-01   3.2216720e-01   0.0000000e+00   0.0000000e+00
   1.6969205e-01   3.7191977e-01   0.0000000e+00   0.0000000e+00   2.5404572e-01
   2.0750762e-33   3.3888566e-17   0.0000000e+00   5.5344228e-01   3.7269900e-01
   2.9170763e-02   1.1980030e-01   2.7736180e-01   0.0000000e+00   0.0000000e+00
   1.2979582e-06   2.9557262e-06   2.3887150e-02   5.4803149e-02   1.7978353e-01
   4.4871772e-02   1.0877200e-01   2.5318862e-01   0.0000000e+00   0.0000000e+00
   3.9553393e-02   9.8533135e-02   0.0000000e+00   2.5620123e-01   0.0000000e+00
   5.3513964e-03   1.2980249e-02   5.0381349e-02   2.0620108e-01   0.0000000e+00
   3.3993538e-02   0.0000000e+00   8.3472393e-02   2.6756039e-01   0.0000000e+00
   3.5139336e-17   5.7386890e-01   0.0000000e+00   0.0000000e+00   3.5750208e-01
   2.2779353e-03   3.4081407e-02   7.3039744e-02   2.5125110e-01   0.0000000e+00
   4.7343590e-03   5.3653589e-02   9.9796116e-02   0.0000000e+00   2.3230463e-01
   1.4135407e-01   0.0000000e+00   0.0000000e+00   3.8438071e-01   0.0000000e+00
   2.8727456e-02   5.8106681e-02   3.1389397e-01   0.0000000e+00   0.0000000e+00
   1.5513151e-01   0.0000000e+00   3.7628593e-01   2.5284481e-01   0.0000000e+00
   8.7124772e-18   2.3886678e-17   4.1523783e-01   2.4995155e-01   0.0000000e+00
   2.6181670e-18   4.2757913e-02   1.0536588e-01   2.5385167e-01   0.0000000e+00
   2.5119005e-02   6.2800086e-02   0.0000000e+00   0.0000000e+00   3.0154313e-01
   3.3985292e-02   8.2163138e-02   2.6882196e-01   0.0000000e+00   0.0000000e+00
   1.1671140e-01   0.0000000e+00   0.0000000e+00   4.1115104e-01   0.0000000e+00
   4.4328383e-05   0.0000000e+00   4.7856527e-02   1.1502517e-01   2.5260322e-01
   1.1531542e-02   2.9531605e-02   0.0000000e+00   6.6753965e-02   1.7215896e-01
   2.8185753e-03   5.7940172e-01   0.0000000e+00   0.0000000e+00   0.0000000e+00
   1.1743357e-01   0.0000000e+00   0.0000000e+00   4.1014169e-01   0.0000000e+00
   1.8367074e-06   0.0000000e+00   5.8357138e-01   0.0000000e+00   3.4890285e-01
   1.1517189e-18   8.5511442e-18   2.0489439e-17   3.6307751e-01   1.8882044e-02
   1.5885765e-01   3.7488263e-01   0.0000000e+00   0.0000000e+00   0.0000000e+00
   1.5156556e-01   3.7884659e-01   0.0000000e+00   0.0000000e+00   6.9958825e-04
   1.1718088e-04   1.3077895e-01   3.9333695e-01   0.0000000e+00   0.0000000e+00
   4.6542784e-02   0.0000000e+00   1.1188178e-01   2.5292184e-01   0.0000000e+00
   1.2703149e-19   9.5817071e-18   2.2883921e-17   4.0516586e-01   2.4603503e-01
   7.0841174e-03   1.4289826e-02   4.6254674e-02   2.0512134e-01   0.0000000e+00
   2.1091031e-33   3.4444267e-17   5.6251757e-01   3.6639089e-01   0.0000000e+00
   5.6034584e-19   9.1511421e-03   5.7267131e-01   0.0000000e+00   1.5885252e-08
   5.1636502e-19   1.5420310e-18   2.6557691e-02   5.6437889e-02   1.8344009e-01
   7.2100917e-20   1.2098532e-03   1.5591156e-01   3.8749020e-01   2.4767843e-01
   1.2868509e-01   0.0000000e+00   0.0000000e+00   3.9609654e-01   0.0000000e+00
   3.2113957e-03   1.6567624e-01   0.0000000e+00   0.0000000e+00   3.6412468e-01
   3.8218018e-02   9.2700921e-02   0.0000000e+00   2.5908577e-01   0.0000000e+00
   5.8228459e-01   0.0000000e+00   0.0000000e+00   0.0000000e+00   0.0000000e+00
   1.1028547e-01   0.0000000e+00   4.2209267e-01   0.0000000e+00   1.0066916e-03
   3.9446639e-02   9.7062908e-02   2.5671990e-01   0.0000000e+00   0.0000000e+00
   2.4854760e-18   6.0011474e-18   1.5681345e-17   2.7719649e-01   0.0000000e+00
   1.8685922e-34   3.0516426e-18   4.9837106e-02   1.1732196e-01   2.5305103e-01
   3.5184461e-17   0.0000000e+00   5.7460586e-01   3.5688320e-01   0.0000000e+00
   2.5140208e-18   6.0671126e-18   1.0725305e-01   2.5563162e-01   0.0000000e+00
   3.5654648e-17   5.8228459e-01   0.0000000e+00   0.0000000e+00   0.0000000e+00
   3.1093251e-18   5.0779133e-02   0.0000000e+00   0.0000000e+00   5.1901607e-01
   2.3288028e-19   3.8032236e-03   5.7072929e-01   0.0000000e+00   3.5467306e-01
   9.9575625e-19   9.1025123e-18   1.4954214e-01   0.0000000e+00   3.2522722e-01
   4.6502358e-02   5.2531350e-01   0.0000000e+00   0.0000000e+00   0.0000000e+00
   3.4706326e-03   3.1996813e-02   6.9037956e-02   2.3735145e-01   0.0000000e+00
   9.5987567e-03   2.2452263e-02   0.0000000e+00   0.0000000e+00   3.7632305e-01
   2.1222014e-33   3.4658179e-17   0.0000000e+00   5.6601102e-01   3.6377947e-01
   1.1560233e-03   1.7497496e-01   0.0000000e+00   3.6856099e-01   0.0000000e+00
   1.2059364e-02   2.7966845e-02   7.6026097e-02   0.0000000e+00   1.6902753e-01
   3.5182324e-17   5.7457096e-01   0.0000000e+00   3.5691263e-01   0.0000000e+00
   1.7429771e-01   0.0000000e+00   0.0000000e+00   3.7144593e-01   0.0000000e+00
   1.1715331e-01   4.1116525e-01   4.3508718e-04   0.0000000e+00   0.0000000e+00
   5.8426400e-03   1.7588870e-01   0.0000000e+00   3.5715716e-01   0.0000000e+00
   3.7154092e-02   0.0000000e+00   8.1643669e-02   2.6969291e-01   0.0000000e+00
   3.6076988e-02   0.0000000e+00   8.0335825e-02   2.7106582e-01   0.0000000e+00
   1.5809986e-01   3.7504084e-01   0.0000000e+00   0.0000000e+00   2.5292709e-01
   1.5816504e-01   3.7513183e-01   0.0000000e+00   0.0000000e+00   0.0000000e+00
   2.2122997e-18   0.0000000e+00   4.9271642e-18   1.6587664e-17   2.8489556e-01
   3.5906048e-02   0.0000000e+00   7.8906190e-02   2.7317911e-01   0.0000000e+00
   2.8296906e-02   6.2745375e-02   3.0073464e-01   0.0000000e+00   0.0000000e+00
   1.8291339e-02   5.6231879e-01   0.0000000e+00   0.0000000e+00   0.0000000e+00
   3.3438697e-18   5.4609536e-02   1.0216936e-01   0.0000000e+00   2.6401131e-01
   2.1764144e-33   3.5543544e-17   0.0000000e+00   5.8047013e-01   3.5176189e-01
   6.4742756e-04   4.0405971e-02   8.1843550e-02   2.6569845e-01   0.0000000e+00
   1.4805162e-01   3.1141029e-03   0.0000000e+00   3.7683874e-01   2.6705130e-01
   5.8228459e-01   0.0000000e+00   0.0000000e+00   0.0000000e+00   0.0000000e+00
   5.7372903e-01   0.0000000e+00   0.0000000e+00   3.5761894e-01   0.0000000e+00
   6.9646935e-03   1.5314454e-01   0.0000000e+00   3.5474768e-01   0.0000000e+00
   1.3621933e-02   3.8740611e-02   3.5468426e-01   0.0000000e+00   0.0000000e+00
   5.8565547e-03   1.2161058e-01   0.0000000e+00   3.7452211e-01   0.0000000e+00
   3.7153271e-02   0.0000000e+00   8.1647055e-02   2.6968751e-01   0.0000000e+00
   5.4862461e-18   3.0311715e-17   5.7214473e-19   5.0315758e-01   2.3268845e-02
   1.6523039e-01   3.7300127e-01   0.0000000e+00   0.0000000e+00   0.0000000e+00
   3.4837086e-17   5.6893280e-01   0.0000000e+00   0.0000000e+00   3.6151235e-01
   5.6905356e-01   0.0000000e+00   0.0000000e+00   0.0000000e+00   3.6141697e-01
   3.5945852e-02   0.0000000e+00   8.0361941e-02   2.7097409e-01   0.0000000e+00
   3.5863957e-03   6.2360614e-03   1.7288516e-02   3.8605838e-02   1.2768818e-01
   7.9280933e-20   1.2947559e-03   5.6986027e-01   0.0000000e+00   3.5896743e-01
   1.4336728e-18   1.2425946e-17   0.0000000e+00   2.0427733e-01   3.2961695e-01
   5.8228459e-01   0.0000000e+00   0.0000000e+00   0.0000000e+00   0.0000000e+00
   3.3903303e-02   7.3123435e-02   2.8232239e-01   0.0000000e+00   9.4122925e-06
   3.2211012e-02   6.5152828e-02   2.9962388e-01   0.0000000e+00   0.0000000e+00
   3.1601044e-02   4.5080337e-04   8.1956210e-02   2.7709258e-01   0.0000000e+00
   1.1006488e-03   2.6567842e-03   6.7453218e-03   1.7700398e-02   1.5512629e-01
   1.5513394e-01   0.0000000e+00   3.7629184e-01   2.5283971e-01   0.0000000e+00
   1.6407159e-02   0.0000000e+00   5.6983164e-01   5.1676052e-03   0.0000000e+00
   3.5508577e-17   0.0000000e+00   0.0000000e+00   5.7989906e-01   3.5227640e-01
   2.7757343e-04   6.4050904e-04   0.0000000e+00   1.8192613e-03   2.7595636e-01
   1.1184555e-02   1.1285426e-01   0.0000000e+00   3.5211248e-01   0.0000000e+00
   1.7625927e-01   0.0000000e+00   0.0000000e+00   3.7125810e-01   0.0000000e+00
   2.5770944e-02   5.6227225e-01   0.0000000e+00   8.6610699e-03   0.0000000e+00
   5.7074303e-50   9.3209410e-34   1.5222252e-17   2.4859824e-01   3.8251156e-01
   4.7122299e-02   0.0000000e+00   1.1293762e-01   2.5288722e-01   0.0000000e+00
   1.1412009e-01   0.0000000e+00   0.0000000e+00   0.0000000e+00   4.1486864e-01
   2.5282309e-04   6.2314015e-04   2.3644444e-02   4.9003039e-02   1.8030253e-01
   3.7187394e-02   9.5826010e-02   2.5827647e-01   0.0000000e+00   0.0000000e+00
   1.3779231e-19   9.3639831e-18   2.2659014e-17   4.0040992e-01   0.0000000e+00
   6.0083311e-23   1.1028407e-17   0.0000000e+00   1.8010755e-01   3.7102121e-01
   5.6982031e-01   0.0000000e+00   0.0000000e+00   0.0000000e+00   3.6080826e-01
   1.3826765e-01   0.0000000e+00   3.8683160e-01   0.0000000e+00   0.0000000e+00
   1.8263540e-02   1.0802897e-01   3.5094503e-01   0.0000000e+00   3.0134493e-02
   1.7831709e-01   0.0000000e+00   0.0000000e+00   3.7111139e-01   0.0000000e+00
   3.1456121e-02   0.0000000e+00   0.0000000e+00   6.6342959e-02   2.9518168e-01
   7.0324683e-04   3.3628638e-02   7.7899469e-02   2.6468030e-01   0.0000000e+00
   1.2115175e-01   0.0000000e+00   0.0000000e+00   4.0514115e-01   0.0000000e+00
   9.9760740e-18   1.6292165e-01   0.0000000e+00   3.7494242e-01   2.5201684e-01
   4.4857922e-02   1.0887965e-01   0.0000000e+00   2.5317992e-01   0.0000000e+00
   9.2544240e-18   2.3158864e-17   4.0729251e-01   0.0000000e+00   0.0000000e+00
   5.8228446e-01   0.0000000e+00   0.0000000e+00   3.5010376e-01   0.0000000e+00
   1.3296898e-01   0.0000000e+00   3.9164132e-01   0.0000000e+00   0.0000000e+00
   3.5082921e-09   1.5570904e-01   3.7610682e-01   2.5279517e-01   0.0000000e+00
   1.2938102e-02   1.5937170e-01   0.0000000e+00   3.3679187e-01   0.0000000e+00
   9.9094932e-04   4.2833493e-02   1.1225506e-01   2.4673390e-01   0.0000000e+00
   1.1170671e-04   2.8717259e-04   6.3578992e-04   7.2475780e-02   1.7101688e-01
   2.8223941e-04   4.9978317e-02   1.0941060e-01   0.0000000e+00   2.5257940e-01
   1.2954001e-01   0.0000000e+00   0.0000000e+00   3.9516691e-01   0.0000000e+00
   5.7465511e-01   0.0000000e+00   0.0000000e+00   3.5684165e-01   0.0000000e+00
   3.5038298e-03   3.0949535e-02   6.9358317e-02   2.3402597e-01   0.0000000e+00
   2.0863552e-33   3.4072766e-17   0.0000000e+00   5.5645050e-01   3.7068146e-01
   2.3764428e-18   3.2831720e-17   5.3758544e-01   0.0000000e+00   0.0000000e+00
   3.5654648e-17   5.8228459e-01   0.0000000e+00   0.0000000e+00   0.0000000e+00
   6.8554096e-34   1.1195743e-17   1.8284020e-01   0.0000000e+00   3.7095619e-01
   2.8100757e-19   1.0956241e-18   2.7181418e-18   4.8080600e-02   2.2030824e-01
   2.8780211e-02   5.8213387e-02   3.1367269e-01   0.0000000e+00   0.0000000e+00
   4.6229594e-02   0.0000000e+00   1.1283492e-01   2.5290700e-01   0.0000000e+00
   7.0325234e-02   4.8806234e-01   0.0000000e+00   0.0000000e+00   0.0000000e+00
   3.4299560e-02   1.0797600e-01   2.6390939e-01   0.0000000e+00   1.6099108e-05
   8.2117726e-03   2.0672801e-02   5.4280092e-02   1.8056066e-01   0.0000000e+00
   1.2746244e-01   0.0000000e+00   0.0000000e+00   3.9322166e-01   2.6086380e-01
   3.6883140e-19   6.0234739e-03   5.6512821e-01   0.0000000e+00   3.5600590e-01
   1.6858438e-01   0.0000000e+00   0.0000000e+00   3.7228504e-01   0.0000000e+00
   1.7421702e-01   0.0000000e+00   0.0000000e+00   0.0000000e+00   3.7145469e-01
   3.5654648e-17   5.8228459e-01   0.0000000e+00   0.0000000e+00   0.0000000e+00
   7.6098422e-34   1.6699725e-35   1.2430773e-17   2.0419209e-01   3.8050152e-01
   1.4624154e-01   0.0000000e+00   3.8100611e-01   0.0000000e+00   0.0000000e+00
   9.1404786e-18   1.4927534e-01   0.0000000e+00   0.0000000e+00   3.7920863e-01
   2.6821703e-03   4.8136898e-02   1.0446895e-01   0.0000000e+00   2.3744538e-01
   4.8100296e-04   1.1420237e-03   0.0000000e+00   4.0567446e-01   2.5210285e-01
   1.4163306e-18   0.0000000e+00   1.3485223e-17   2.4124513e-01   3.4072658e-01
   1.9757162e-02   4.7904828e-02   3.3074948e-01   0.0000000e+00   0.0000000e+00
   3.5647262e-17   5.8216397e-01   0.0000000e+00   3.5021500e-01   0.0000000e+00
   3.6585225e-22   5.9748206e-06   1.6480276e-01   3.7308907e-01   0.0000000e+00
   1.4746353e-01   0.0000000e+00   0.0000000e+00   3.8195398e-01   2.5213325e-01
   2.2202712e-02   1.2904324e-01   3.1093689e-01   8.4146769e-03   0.0000000e+00
   1.6428931e-01   0.0000000e+00   0.0000000e+00   3.7323464e-01   0.0000000e+00
   1.3173218e-02   1.4450393e-01   3.3498391e-01   1.9494112e-04   0.0000000e+00
   1.5812307e-01   3.7503228e-01   0.0000000e+00   0.0000000e+00   2.5292779e-01
   5.7263011e-20   9.3517593e-04   1.6929383e-01   0.0000000e+00   3.6972053e-01
   1.5493029e-01   3.7872464e-01   0.0000000e+00   1.9480996e-03   0.0000000e+00
   2.4384135e-02   5.8528332e-02   3.0912531e-01   0.0000000e+00   0.0000000e+00
   4.4859255e-02   1.1951721e-01   0.0000000e+00   0.0000000e+00   2.5486994e-01
   1.5513394e-01   0.0000000e+00   3.7629184e-01   2.5283971e-01   0.0000000e+00
   3.2398182e-08   1.6678961e-01   3.7259928e-01   2.5354636e-01   0.0000000e+00
   1.5537208e-01   0.0000000e+00   3.7619082e-01   2.5283813e-01   0.0000000e+00
   5.9143229e-04   4.5520405e-02   1.1111334e-01   2.4904828e-01   0.0000000e+00
   3.9591518e-04   1.2663460e-03   1.0224223e-01   0.0000000e+00   2.6310564e-01
   1.4368235e-20   0.0000000e+00   2.3465109e-04   4.9865826e-04   4.0985693e-01
   6.0621296e-03   3.4810240e-02   8.9716183e-02   2.0127319e-01   0.0000000e+00
   1.4414322e-01   1.1274829e-04   0.0000000e+00   3.8279200e-01   0.0000000e+00
   9.0288781e-04   1.7984268e-03   3.2704235e-02   6.4991105e-02   1.6347385e-01
   1.5743166e-02   1.9446399e-01   0.0000000e+00   0.0000000e+00   3.4010417e-01
   9.3317188e-21   2.0030254e-18   3.2712242e-02   1.1831754e-01   2.6697304e-01
   2.3187516e-20   3.7868088e-04   3.6917507e-02   1.1327752e-01   2.5615502e-01
   9.0926572e-19   1.4849436e-02   5.6630746e-01   0.0000000e+00   0.0000000e+00
   9.6938688e-18   1.5831289e-01   0.0000000e+00   3.7486543e-01   2.5300786e-01
   1.4763054e-03   3.6516749e-03   1.1387315e-02   2.5066533e-02   1.4348148e-01
   1.2743479e-49   2.0811680e-33   3.3988053e-17   5.5506702e-01   3.7161813e-01
   4.0919863e-03   9.2618277e-03   1.0958366e-01   0.0000000e+00   2.2508503e-01
   3.6967041e-35   6.0371760e-19   3.5118741e-17   5.7361730e-01   1.5927631e-03
   3.0759854e-17   0.0000000e+00   0.0000000e+00   5.0234654e-01   3.9774785e-01
   6.3527419e-19   1.5334469e-18   4.0027100e-18   1.0459856e-17   1.8490058e-01
   2.6510983e-20   9.9125143e-18   1.6188422e-01   3.7404916e-01   2.5125719e-01
   8.1786539e-02   4.6858383e-01   0.0000000e+00   0.0000000e+00   0.0000000e+00
   9.1448343e-18   0.0000000e+00   1.4934648e-01   0.0000000e+00   3.7916911e-01
   5.6298704e-19   1.5063982e-18   2.6263303e-02   5.5812285e-02   1.8049039e-01
   1.0342412e-04   3.8223694e-02   8.5271539e-02   2.6431234e-01   0.0000000e+00
   1.2490602e-05   4.2851413e-02   1.1046592e-01   2.5355794e-01   0.0000000e+00
   9.4044648e-18   1.5358657e-01   3.7701106e-01   2.5284339e-01   0.0000000e+00
   7.5095279e-18   2.6282986e-17   4.4641029e-01   2.0293624e-02   0.0000000e+00
   1.8580397e-06   4.4808983e-06   3.1563232e-02   7.7028856e-02   1.6878599e-01
   1.1040470e-01   0.0000000e+00   0.0000000e+00   4.2044116e-01   0.0000000e+00
   4.0086927e-02   5.3441956e-01   0.0000000e+00   0.0000000e+00   0.0000000e+00
   1.0032809e-17   1.6384821e-01   0.0000000e+00   3.7342085e-01   6.4155512e-05
   9.4305878e-18   1.5401319e-01   3.7682600e-01   0.0000000e+00   0.0000000e+00
   9.0155198e-04   2.1909942e-03   4.0442672e-01   0.0000000e+00   0.0000000e+00
   9.4059905e-18   1.5361148e-01   3.7699965e-01   2.5284267e-01   0.0000000e+00
   1.5482316e-01   0.0000000e+00   3.7646771e-01   0.0000000e+00   0.0000000e+00
   4.7291297e-02   0.0000000e+00   1.1364399e-01   2.5287144e-01   0.0000000e+00
   5.8228459e-01   0.0000000e+00   0.0000000e+00   0.0000000e+00   0.0000000e+00
   2.0653242e-19   3.4674458e-17   5.6628692e-01   0.0000000e+00   3.5888917e-01
   2.2794857e-37   2.0804178e-33   3.3975801e-17   5.5486694e-01   3.7167308e-01
   1.6538645e-02   1.2585815e-01   3.2216720e-01   0.0000000e+00   0.0000000e+00
   4.0414600e-02   9.5854323e-02   0.0000000e+00   0.0000000e+00   2.5706514e-01
   9.6235491e-02   4.4361753e-01   0.0000000e+00   0.0000000e+00   0.0000000e+00
   1.2729457e-49   2.0788781e-33   3.3950656e-17   5.5445629e-01   3.7202683e-01
   3.0601077e-20   2.1733136e-18   5.9333828e-18   1.5579030e-17   2.7455695e-01
   6.7322688e-02   4.9302935e-01   0.0000000e+00   0.0000000e+00   0.0000000e+00
   3.7153271e-02   0.0000000e+00   8.1647055e-02   2.6968751e-01   0.0000000e+00
   5.8228459e-01   0.0000000e+00   0.0000000e+00   0.0000000e+00   0.0000000e+00
   1.5283628e-01   3.7725092e-01   0.0000000e+00   0.0000000e+00   2.5294693e-01
   2.4582395e-18   6.0116328e-18   1.5683142e-17   2.7721941e-01   0.0000000e+00
   4.5805299e-02   0.0000000e+00   1.0919213e-01   2.5313107e-01   0.0000000e+00
   4.6229594e-02   0.0000000e+00   1.1283492e-01   2.5290700e-01   0.0000000e+00
   7.7228502e-19   0.0000000e+00   1.2612371e-02   3.9450608e-02   3.6043506e-01
   4.6024565e-20   3.0587371e-18   6.7415648e-18   1.2090268e-01   2.4950919e-01
   2.5318896e-03   0.0000000e+00   1.7845225e-01   0.0000000e+00   3.6516595e-01
   1.5048620e-02   1.3457786e-01   3.4412805e-01   0.0000000e+00   1.4314068e-02
   1.6916932e-01   0.0000000e+00   0.0000000e+00   3.7217784e-01   0.0000000e+00
   1.5402298e-01   0.0000000e+00   0.0000000e+00   3.7717362e-01   2.5257171e-01
   3.5654648e-17   5.8228459e-01   0.0000000e+00   0.0000000e+00   0.0000000e+00
   1.4646431e-01   0.0000000e+00   0.0000000e+00   3.8187596e-01   2.5272439e-01
   2.1804800e-33   3.5609941e-17   5.8155447e-01   0.0000000e+00   3.5077523e-01
   1.7377388e-01   0.0000000e+00   3.7150445e-01   9.9649814e-08   0.0000000e+00
   1.7671607e-02   0.0000000e+00   8.0811154e-02   0.0000000e+00   3.2498975e-01
   1.3661230e-18   8.0548203e-18   1.9635209e-17   3.4731745e-01   1.8062433e-02
   3.4913533e-17   5.7018127e-01   0.0000000e+00   0.0000000e+00   3.6051981e-01
   6.0882059e-19   1.5019678e-18   2.6467542e-02   5.4831729e-02   1.8118889e-01
   9.1461079e-18   1.4936728e-01   3.7915757e-01   0.0000000e+00   0.0000000e+00
   5.8228459e-01   0.0000000e+00   0.0000000e+00   0.0000000e+00   0.0000000e+00
   9.6584995e-02   0.0000000e+00   0.0000000e+00   0.0000000e+00   4.4302106e-01
   1.0390641e-17   2.2773518e-17   4.0880277e-01   0.0000000e+00   2.5404572e-01
   6.0843003e-34   9.9364164e-18   1.6227399e-01   3.7378476e-01   0.0000000e+00
   3.5147546e-17   5.7400299e-01   0.0000000e+00   3.5738988e-01   0.0000000e+00
   1.1298660e-19   1.8452112e-03   1.6091938e-01   3.7035881e-01   2.4891327e-01
   3.3404523e-18   8.2673299e-18   0.0000000e+00   1.5661353e-17   2.9431835e-01
   4.8212458e-20   8.0900493e-04   1.5633731e-01   3.8854217e-01   2.4835084e-01
   3.5322409e-02   8.4618941e-02   2.6592440e-01   0.0000000e+00   0.0000000e+00
   4.3130501e-20   7.0437454e-04   5.7043767e-01   0.0000000e+00   3.5933049e-01
   1.3840051e-02   0.0000000e+00   3.0826770e-02   7.9016693e-02   1.6964736e-01
   3.3170255e-05   1.2470013e-02   2.7818794e-02   7.0956245e-02   1.6925875e-01
   1.1197005e-01   0.0000000e+00   0.0000000e+00   0.0000000e+00   4.1806053e-01
   3.1390934e-03   4.6536136e-02   1.0079972e-01   2.3394407e-01   0.0000000e+00
   6.6209487e-03   1.4223061e-02   5.0380571e-02   2.0033299e-01   0.0000000e+00
   4.7296346e-19   3.5423130e-17   0.0000000e+00   5.7855518e-01   3.4185096e-01
   1.9202498e-19   3.1360060e-03   4.4508967e-02   1.0506882e-01   2.3145022e-01
   5.6509904e-01   0.0000000e+00   0.0000000e+00   0.0000000e+00   3.6447146e-01
   9.5364791e-03   1.7119310e-01   0.0000000e+00   3.4753910e-01   0.0000000e+00
   1.5513394e-01   0.0000000e+00   3.7629184e-01   2.5283971e-01   0.0000000e+00
   2.9814355e-02   0.0000000e+00   0.0000000e+00   7.2923799e-02   2.8234331e-01
   9.4522510e-02   0.0000000e+00   0.0000000e+00   0.0000000e+00   4.4655132e-01
   2.9232919e-02   1.0431694e-01   2.7228797e-01   0.0000000e+00   0.0000000e+00
   9.8339259e-04   4.3238246e-02   1.1206104e-01   2.4665956e-01   0.0000000e+00
   6.1621293e-04   1.2207579e-01   4.0086781e-01   0.0000000e+00   0.0000000e+00
   3.6768259e-03   8.3099735e-03   1.9443001e-02   5.1583954e-02   1.1220252e-01
   9.8009301e-18   1.6006133e-01   0.0000000e+00   3.7612058e-01   1.4441700e-03
   8.7026970e-05   4.6848674e-02   1.1293082e-01   0.0000000e+00   2.5233059e-01
   9.4044648e-18   1.5358657e-01   3.7701106e-01   2.5284339e-01   0.0000000e+00
   9.5448463e-02   0.0000000e+00   4.4833236e-01   0.0000000e+00   2.3872396e-03
   7.4142641e-03   2.3340539e-02   5.2298094e-02   1.9155302e-01   0.0000000e+00
   4.4482648e-02   0.0000000e+00   1.0299256e-01   2.5438049e-01   0.0000000e+00
   8.0238469e-02   0.0000000e+00   4.7125159e-01   0.0000000e+00   0.0000000e+00
   1.5166350e-01   0.0000000e+00   0.0000000e+00   3.7794511e-01   0.0000000e+00
   6.7603383e-18   1.1040470e-01   0.0000000e+00   4.2044116e-01   0.0000000e+00
   1.6609392e-02   0.0000000e+00   0.0000000e+00   5.6428171e-01   0.0000000e+00
   1.5409737e-01   0.0000000e+00   3.7678812e-01   0.0000000e+00   0.0000000e+00
   5.8308181e-03   0.0000000e+00   1.4977759e-01   0.0000000e+00   3.6586515e-01
   7.9730394e-03   1.7702049e-02   5.6852821e-02   1.8385721e-01   0.0000000e+00
   3.3644617e-18   3.2102625e-17   0.0000000e+00   5.2714705e-01   1.0103617e-02
   5.8228459e-01   0.0000000e+00   0.0000000e+00   0.0000000e+00   0.0000000e+00
   4.6716728e-03   1.3694568e-02   0.0000000e+00   3.7709449e-02   2.1757045e-01
   9.6022820e-18   1.5681717e-01   0.0000000e+00   0.0000000e+00   3.7564361e-01
   8.2068901e-18   0.0000000e+00   2.3918431e-17   4.1297193e-01   0.0000000e+00
