0.000000000 6.406651243
0.000197550 6.354857167
0.000789639 6.300167026
0.001774587 6.242677040
0.003149621 6.182497690
0.004910909 6.119752666
0.007053609 6.054577689
0.009571933 5.987119203
0.012459221 5.917532990
0.015708019 5.845982703
0.019310177 5.772638354
0.023256939 5.697674793
0.027539049 5.621270167
0.032146857 5.543604427
0.037070417 5.464857858
0.042299597 5.385209687
0.047824182 5.304836770
0.053633965 5.223912364
0.059718847 5.142605015
0.066068919 5.061077560
0.072674542 4.979486241
0.079526418 4.897979955
0.086615655 4.816699623
0.093933815 4.735777681
0.101472968 4.655337702
0.109225717 4.575494120
0.117185236 4.496352076
0.125345282 4.418007359
0.133700211 4.340546442
0.142244978 4.264046603
0.150975138 4.188576122
0.159886834 4.114194539
0.168976786 4.040952968
0.178242270 3.968894467
0.187681095 3.898054427
0.197291578 3.828461006
0.207072515 3.760135577
0.217023151 3.693093188
0.227143143 3.627343031
0.237432536 3.562888916
0.247891719 3.499729731
0.258521398 3.437859906
0.269322561 3.377269853
0.280296444 3.317946400
0.291444502 3.259873206
0.302768375 3.203031146
0.314269864 3.147398691
0.325950898 3.092952254
0.337813513 3.039666517
0.349859824 2.987514734
0.362092006 2.936469018
0.374512273 2.886500589
0.387122857 2.837580020
0.399925995 2.789677446
0.412923912 2.742762759
0.426118808 2.696805782
0.439512847 2.651776425
0.453108147 2.607644822
0.466906770 2.564381452
0.480910720 2.521957245
0.495121931 2.480343672
0.509542268 2.439512822
0.524173520 2.399437469
0.539017403 2.360091124
0.554075554 2.321448080
0.569349533 2.283483448
0.584840825 2.246173179
0.600550841 2.209494085
0.616480920 2.173423850
0.632632332 2.137941037
0.649006282 2.103025087
0.665603915 2.068656313
0.682426319 2.034815897
0.699474533 2.001485872
0.716749549 1.968649110
0.734252320 1.936289307
0.751983767 1.904390960
0.769944782 1.872939344
0.788136240 1.841920496
0.806559002 1.811321185
0.825213923 1.781128891
0.844101862 1.751331779
0.863223688 1.721918671
0.882580286 1.692879024
0.902172569 1.664202904
0.922001485 1.635880957
0.942068026 1.607904385
0.962373234 1.580264924
0.982918215 1.552954817
1.003704147 1.525966787
1.024732287 1.499294021
1.046003984 1.472930138
1.067520688 1.446869175
1.089283962 1.421105559
1.111295493 1.395634091
1.133557102 1.370449921
1.156070756 1.345548533
1.178838583 1.320925722
1.201862883 1.296577581
1.225146140 1.272500476
1.248691038 1.248691038
1.272500476 1.225146140
1.296577581 1.201862883
1.320925722 1.178838583
1.345548533 1.156070756
1.370449921 1.133557102
1.395634091 1.111295493
1.421105559 1.089283962
1.446869175 1.067520688
1.472930138 1.046003984
1.499294021 1.024732287
1.525966787 1.003704147
1.552954817 0.982918215
1.580264924 0.962373234
1.607904385 0.942068026
1.635880957 0.922001485
1.664202904 0.902172569
1.692879024 0.882580286
1.721918671 0.863223688
1.751331779 0.844101862
1.781128891 0.825213923
1.811321185 0.806559002
1.841920496 0.788136240
1.872939344 0.769944782
1.904390960 0.751983767
1.936289307 0.734252320
1.968649110 0.716749549
2.001485872 0.699474533
2.034815897 0.682426319
2.068656313 0.665603915
2.103025087 0.649006282
2.137941037 0.632632332
2.173423850 0.616480920
2.209494085 0.600550841
2.246173179 0.584840825
2.283483448 0.569349533
2.321448080 0.554075554
2.360091124 0.539017403
2.399437469 0.524173520
2.439512822 0.509542268
2.480343672 0.495121931
2.521957245 0.480910720
2.564381452 0.466906770
2.607644822 0.453108147
2.651776425 0.439512847
2.696805782 0.426118808
2.742762759 0.412923912
2.789677446 0.399925995
2.837580020 0.387122857
2.886500589 0.374512273
2.936469018 0.362092006
2.987514734 0.349859824
3.039666517 0.337813513
3.092952254 0.325950898
3.147398691 0.314269864
3.203031146 0.302768375
3.259873206 0.291444502
3.317946400 0.280296444
3.377269853 0.269322561
3.437859906 0.258521398
3.499729731 0.247891719
3.562888916 0.237432536
3.627343031 0.227143143
3.693093188 0.217023151
3.760135577 0.207072515
3.828461006 0.197291578
3.898054427 0.187681095
3.968894467 0.178242270
4.040952968 0.168976786
4.114194539 0.159886834
4.188576122 0.150975138
4.264046603 0.142244978
4.340546442 0.133700211
4.418007359 0.125345282
4.496352076 0.117185236
4.575494120 0.109225717
4.655337702 0.101472968
4.735777681 0.093933815
4.816699623 0.086615655
4.897979955 0.079526418
4.979486241 0.072674542
5.061077560 0.066068919
5.142605015 0.059718847
5.223912364 0.053633965
5.304836770 0.047824182
5.385209687 0.042299597
5.464857858 0.037070417
5.543604427 0.032146857
5.621270167 0.027539049
5.697674793 0.023256939
5.772638354 0.019310177
5.845982703 0.015708019
5.917532990 0.012459221
5.987119203 0.009571933
6.054577689 0.007053609
6.119752666 0.004910909
6.182497690 0.003149621
6.242677040 0.001774587
6.300167026 0.000789639
6.354857167 0.000197550
6.406651243 0.000000000
