0.000000000 0.000000000 5.316506148
0.000000000 0.000000000 5.251857598
0.000000000 0.000000000 5.077360713
0.000000000 0.000000000 4.839948336
0.000000000 0.000000000 4.590191004
0.000000000 0.000000000 4.364299328
0.000000000 0.000000000 4.179518787
0.000000000 0.000000000 4.038606233
0.000000000 0.000000000 3.936558341
0.000000000 0.000000000 3.865818396
0.000000000 0.000000000 3.819207729
0.000000000 0.000000000 3.791158674
0.000000000 0.000000000 3.778023267
0.000000000 0.000000000 3.778023267
0.000000000 0.000000000 3.791158674
0.000000000 0.000000000 3.819207729
0.000000000 0.000000000 3.865818396
0.000000000 0.000000000 3.936558341
0.000000000 0.000000000 4.038606233
0.000000000 0.000000000 4.179518787
0.000000000 0.000000000 4.364299328
0.000000000 0.000000000 4.590191004
0.000000000 0.000000000 4.839948336
0.000000000 0.000000000 5.077360713
0.000000000 0.000000000 5.251857598
0.000000000 0.000000000 5.316506148
0.000000000 0.010363341 4.922090731
0.000020204 0.009595986 4.862982736
0.000078087 0.008661722 4.703394917
0.000167306 0.007675583 4.486156391
0.000281621 0.006734755 4.257477748
0.000417403 0.005892885 4.050516607
0.000573839 0.005163438 3.881121913
0.000751818 0.004536051 3.751879718
0.000952729 0.003991716 3.658248289
0.001177762 0.003511775 3.593324882
0.001427707 0.003081541 3.550538633
0.001703103 0.002690805 3.524787866
0.002004538 0.002333078 3.512727932
0.002333078 0.002004538 3.512727932
0.002690805 0.001703103 3.524787866
0.003081541 0.001427707 3.550538633
0.003511775 0.001177762 3.593324882
0.003991716 0.000952729 3.658248289
0.004536051 0.000751818 3.751879718
0.005163438 0.000573839 3.881121913
0.005892885 0.000417403 4.050516607
0.006734755 0.000281621 4.257477748
0.007675583 0.000167306 4.486156391
0.008661722 0.000078087 4.703394917
0.009595986 0.000020204 4.862982736
0.010363341 0.000000000 4.922090731
0.000000000 0.040036506 4.440998677
0.000078087 0.037087674 4.389523697
0.000302153 0.033515944 4.250434336
0.000648450 0.029749344 4.060832464
0.001093519 0.026150686 3.860897941
0.001623582 0.022921694 3.679627213
0.002235415 0.020114399 3.531018966
0.002932213 0.017691345 3.417483813
0.003719090 0.015582124 3.335146293
0.004600411 0.013717216 3.278010797
0.005579053 0.012041741 3.240337272
0.006656911 0.010517540 3.217655933
0.007836070 0.009120387 3.207031521
0.009120387 0.007836070 3.207031521
0.010517540 0.006656911 3.217655933
0.012041741 0.005579053 3.240337272
0.013717216 0.004600411 3.278010797
0.015582124 0.003719090 3.335146293
0.017691345 0.002932213 3.417483813
0.020114399 0.002235415 3.531018966
0.022921694 0.001623582 3.679627213
0.026150686 0.001093519 3.860897941
0.029749344 0.000648450 4.060832464
0.033515944 0.000302153 4.250434336
0.037087674 0.000078087 4.389523697
0.040036506 0.000000000 4.440998677
0.000000000 0.085728791 3.933032455
0.000167306 0.079462163 3.889775536
0.000648450 0.071928507 3.772760628
0.001394906 0.063994944 3.612931199
0.002358423 0.056399909 3.443975073
0.003510290 0.049558200 3.290402192
0.004843365 0.043580894 3.164211375
0.006363765 0.038395426 3.067619353
0.008081644 0.033860215 2.997466306
0.010005653 0.029834226 2.948733618
0.012141359 0.026205721 2.916576818
0.014492270 0.022896961 2.897207567
0.017062230 0.019858697 2.888132195
0.019858697 0.017062230 2.888132195
0.022896961 0.014492270 2.897207567
0.026205721 0.012141359 2.916576818
0.029834226 0.010005653 2.948733618
0.033860215 0.008081644 2.997466306
0.038395426 0.006363765 3.067619353
0.043580894 0.004843365 3.164211375
0.049558200 0.003510290 3.290402192
0.056399909 0.002358423 3.443975073
0.063994944 0.001394906 3.612931199
0.071928507 0.000648450 3.772760628
0.079462163 0.000167306 3.889775536
0.085728791 0.000000000 3.933032455
0.000000000 0.144209291 3.448656921
0.000281621 0.133756492 3.412989469
0.001093519 0.121297209 3.316384913
0.002358423 0.108198810 3.184142018
0.003998945 0.095631770 3.043965370
0.005968353 0.084261077 2.916193855
0.008254236 0.074272118 2.810936764
0.010865532 0.065556588 2.730198622
0.013817801 0.057893380 2.671464607
0.017124244 0.051059993 2.630615869
0.020793078 0.044879456 2.603639248
0.024829122 0.039228600 2.587381620
0.029237649 0.034029643 2.579761945
0.034029643 0.029237649 2.579761945
0.039228600 0.024829122 2.587381620
0.044879456 0.020793078 2.603639248
0.051059993 0.017124244 2.630615869
0.057893380 0.013817801 2.671464607
0.065556588 0.010865532 2.730198622
0.074272118 0.008254236 2.810936764
0.084261077 0.005968353 2.916193855
0.095631770 0.003998945 3.043965370
0.108198810 0.002358423 3.184142018
0.121297209 0.001093519 3.316384913
0.133756492 0.000281621 3.412989469
0.144209291 0.000000000 3.448656921
0.000000000 0.213604013 3.015656667
0.000417403 0.198246394 2.986352782
0.001623582 0.180093775 2.906889765
0.003510290 0.161043746 2.797882989
0.005968353 0.142728686 2.682035501
0.008930892 0.126086133 2.576157713
0.012379041 0.111387360 2.488725044
0.016324126 0.098490710 2.421524700
0.020786987 0.087092657 2.372563225
0.025785201 0.076884692 2.338472671
0.031329238 0.067620540 2.315941568
0.037424642 0.059128804 2.302356218
0.044077458 0.051301669 2.295987212
0.051301669 0.044077458 2.295987212
0.059128804 0.037424642 2.302356218
0.067620540 0.031329238 2.315941568
0.076884692 0.025785201 2.338472671
0.087092657 0.020786987 2.372563225
0.098490710 0.016324126 2.421524700
0.111387360 0.012379041 2.488725044
0.126086133 0.008930892 2.576157713
0.142728686 0.005968353 2.682035501
0.161043746 0.003510290 2.797882989
0.180093775 0.001623582 2.906889765
0.198246394 0.000417403 2.986352782
0.213604013 0.000000000 3.015656667
0.000000000 0.293500497 2.640935303
0.000573839 0.272546019 2.616688900
0.002235415 0.247960560 2.550873401
0.004843365 0.222202042 2.460425183
0.008254236 0.197393858 2.364086274
0.012379041 0.174767018 2.275836363
0.017191371 0.154689001 2.202809177
0.022704532 0.136986535 2.146584312
0.028944496 0.121270726 2.105565079
0.035932997 0.107142752 2.076976824
0.043682337 0.094283277 2.058069630
0.052198179 0.082470150 2.046664430
0.061486664 0.071564210 2.041316225
0.071564210 0.061486664 2.041316225
0.082470150 0.052198179 2.046664430
0.094283277 0.043682337 2.058069630
0.107142752 0.035932997 2.076976824
0.121270726 0.028944496 2.105565079
0.136986535 0.022704532 2.146584312
0.154689001 0.017191371 2.202809177
0.174767018 0.012379041 2.275836363
0.197393858 0.008254236 2.364086274
0.222202042 0.004843365 2.460425183
0.247960560 0.002235415 2.550873401
0.272546019 0.000573839 2.616688900
0.293500497 0.000000000 2.640935303
0.000000000 0.384366059 2.319051332
0.000751818 0.357077452 2.298746518
0.002932213 0.325252008 2.243585845
0.006363765 0.291954376 2.167671738
0.010865532 0.259841050 2.086670418
0.016324126 0.230463643 2.012335495
0.022704532 0.204296756 1.950721727
0.030021825 0.181135019 1.903219599
0.038307203 0.160498296 1.868527636
0.047586542 0.141890561 1.844330588
0.057873718 0.124913732 1.828319071
0.069174044 0.109291051 1.818657293
0.081493248 0.094849834 1.814125765
0.094849834 0.081493248 1.814125765
0.109291051 0.069174044 1.818657293
0.124913732 0.057873718 1.828319071
0.141890561 0.047586542 1.844330588
0.160498296 0.038307203 1.868527636
0.181135019 0.030021825 1.903219599
0.204296756 0.022704532 1.950721727
0.230463643 0.016324126 2.012335495
0.259841050 0.010865532 2.086670418
0.291954376 0.006363765 2.167671738
0.325252008 0.002932213 2.243585845
0.357077452 0.000751818 2.298746518
0.384366059 0.000000000 2.319051332
0.000000000 0.486925970 2.040106897
0.000952729 0.452500876 2.022892186
0.003719090 0.412535317 1.976098074
0.008081644 0.370766559 1.911629560
0.013817801 0.330442326 1.842750009
0.020786987 0.293470222 1.779453567
0.028944496 0.260444335 1.726924777
0.038307203 0.231124387 1.686385684
0.048911924 0.204929620 1.656755754
0.060788946 0.181256657 1.636077547
0.073953673 0.159620458 1.622389069
0.088410803 0.139684035 1.614126966
0.104165344 0.121237844 1.610251357
0.121237844 0.104165344 1.610251357
0.139684035 0.088410803 1.614126966
0.159620458 0.073953673 1.622389069
0.181256657 0.060788946 1.636077547
0.204929620 0.048911924 1.656755754
0.231124387 0.038307203 1.686385684
0.260444335 0.028944496 1.726924777
0.293470222 0.020786987 1.779453567
0.330442326 0.013817801 1.842750009
0.370766559 0.008081644 1.911629560
0.412535317 0.003719090 1.976098074
0.452500876 0.000952729 2.022892186
0.486925970 0.000000000 2.040106897
0.000000000 0.601799969 1.794409315
0.001177762 0.559380339 1.779671634
0.004600411 0.510294741 1.739593679
0.010005653 0.459035479 1.684336281
0.017124244 0.409513430 1.625242864
0.025785201 0.364034892 1.570887194
0.035932997 0.323327291 1.525738962
0.047586542 0.287110769 1.490870719
0.060788946 0.254691586 1.465371428
0.075575415 0.225346022 1.447568697
0.091963055 0.198491628 1.435780405
0.109955854 0.173723989 1.428663931
0.129557998 0.150792305 1.425325380
0.150792305 0.129557998 1.425325380
0.173723989 0.109955854 1.428663931
0.198491628 0.091963055 1.435780405
0.225346022 0.075575415 1.447568697
0.254691586 0.060788946 1.465371428
0.287110769 0.047586542 1.490870719
0.323327291 0.035932997 1.525738962
0.364034892 0.025785201 1.570887194
0.409513430 0.017124244 1.625242864
0.459035479 0.010005653 1.684336281
0.510294741 0.004600411 1.739593679
0.559380339 0.001177762 1.779671634
0.601799969 0.000000000 1.794409315
0.000000000 0.729403771 1.574333750
0.001427707 0.678092540 1.561640612
0.005579053 0.618849351 1.527112796
0.012141359 0.557016607 1.479483549
0.020793078 0.497250849 1.428515972
0.031329238 0.442305482 1.381604557
0.043682337 0.393056324 1.342616899
0.057873718 0.349177871 1.312491997
0.073953673 0.309848741 1.290453337
0.091963055 0.274209657 1.275062522
0.111921006 0.241568559 1.264869394
0.133830867 0.211445150 1.258715160
0.157696069 0.183542151 1.255827830
0.183542151 0.157696069 1.255827830
0.211445150 0.133830867 1.258715160
0.241568559 0.111921006 1.264869394
0.274209657 0.091963055 1.275062522
0.309848741 0.073953673 1.290453337
0.349177871 0.057873718 1.312491997
0.393056324 0.043682337 1.342616899
0.442305482 0.031329238 1.381604557
0.497250849 0.020793078 1.428515972
0.557016607 0.012141359 1.479483549
0.618849351 0.005579053 1.527112796
0.678092540 0.001427707 1.561640612
0.729403771 0.000000000 1.574333750
0.000000000 0.870020710 1.374583186
0.001703103 0.808892137 1.363626327
0.006656911 0.738409426 1.333816369
0.014492270 0.664870769 1.292682508
0.024829122 0.593769818 1.248648845
0.037424642 0.528360262 1.208103709
0.052198179 0.469682383 1.174395091
0.069174044 0.417357765 1.148341562
0.088410803 0.370420763 1.129277114
0.109955854 0.327859453 1.115961159
0.133830867 0.288858460 1.107141176
0.160038735 0.252852090 1.101815604
0.188582354 0.219490639 1.099316949
0.219490639 0.188582354 1.099316949
0.252852090 0.160038735 1.101815604
0.288858460 0.133830867 1.107141176
0.327859453 0.109955854 1.115961159
0.370420763 0.088410803 1.129277114
0.417357765 0.069174044 1.148341562
0.469682383 0.052198179 1.174395091
0.528360262 0.037424642 1.208103709
0.593769818 0.024829122 1.248648845
0.664870769 0.014492270 1.292682508
0.738409426 0.006656911 1.333816369
0.808892137 0.001703103 1.363626327
0.870020710 0.000000000 1.374583186
0.000000000 1.023962832 1.191788373
0.002004538 0.952059473 1.182339931
0.007836070 0.869206155 1.156631775
0.017062230 0.782774433 1.121152732
0.029237649 0.699196421 1.083165736
0.044077458 0.622284566 1.048181800
0.061486664 0.553260738 1.019091838
0.081493248 0.491684996 0.996604989
0.104165344 0.436428636 0.980148677
0.129557998 0.386307894 0.968653536
0.157696069 0.340368741 0.961039181
0.188582354 0.297949382 0.956441417
0.222219591 0.258640955 0.954284194
0.258640955 0.222219591 0.954284194
0.297949382 0.188582354 0.956441417
0.340368741 0.157696069 0.961039181
0.386307894 0.129557998 0.968653536
0.436428636 0.104165344 0.980148677
0.491684996 0.081493248 0.996604989
0.553260738 0.061486664 1.019091838
0.622284566 0.044077458 1.048181800
0.699196421 0.029237649 1.083165736
0.782774433 0.017062230 1.121152732
0.869206155 0.007836070 1.156631775
0.952059473 0.002004538 1.182339931
1.023962832 0.000000000 1.191788373
0.000000000 1.191788373 1.023962832
0.002333078 1.108100192 1.015844902
0.009120387 1.011667375 0.993756924
0.019858697 0.911069659 0.963273977
0.034029643 0.813793371 0.930636243
0.051301669 0.724275811 0.900578683
0.071564210 0.643939111 0.875585118
0.094849834 0.572271223 0.856264828
0.121237844 0.507958451 0.842125865
0.150792305 0.449623016 0.832249449
0.183542151 0.396154524 0.825707335
0.219490639 0.346782713 0.821757020
0.258640955 0.301031711 0.819903573
0.301031711 0.258640955 0.819903573
0.346782713 0.219490639 0.821757020
0.396154524 0.183542151 0.825707335
0.449623016 0.150792305 0.832249449
0.507958451 0.121237844 0.842125865
0.572271223 0.094849834 0.856264828
0.643939111 0.071564210 0.875585118
0.724275811 0.051301669 0.900578683
0.813793371 0.034029643 0.930636243
0.911069659 0.019858697 0.963273977
1.011667375 0.009120387 0.993756924
1.108100192 0.002333078 1.015844902
1.191788373 0.000000000 1.023962832
0.000000000 1.374583186 0.870020710
0.002690805 1.278003521 0.863085739
0.010517540 1.166644851 0.844217997
0.022896961 1.050457960 0.818182970
0.039228600 0.938122505 0.790312559
0.059128804 0.834779132 0.764650155
0.082470150 0.742071423 0.743314818
0.109291051 0.659401505 0.726824649
0.139684035 0.585243715 0.714758108
0.173723989 0.517999268 0.706329984
0.211445150 0.456379921 0.700747515
0.252852090 0.399491906 0.697376779
0.297949382 0.346782713 0.695795294
0.346782713 0.297949382 0.695795294
0.399491906 0.252852090 0.697376779
0.456379921 0.211445150 0.700747515
0.517999268 0.173723989 0.706329984
0.585243715 0.139684035 0.714758108
0.659401505 0.109291051 0.726824649
0.742071423 0.082470150 0.743314818
0.834779132 0.059128804 0.764650155
0.938122505 0.039228600 0.790312559
1.050457960 0.022896961 0.818182970
1.166644851 0.010517540 0.844217997
1.278003521 0.002690805 0.863085739
1.374583186 0.000000000 0.870020710
0.000000000 1.574333750 0.729403771
0.003081541 1.463584387 0.723522920
0.012041741 1.335714811 0.707525855
0.026205721 1.202255977 0.685458773
0.044879456 1.073258496 0.661845010
0.067620540 0.954665269 0.640110506
0.094283277 0.848366653 0.622047154
0.124913732 0.753660084 0.608090001
0.159620458 0.668772701 0.597879281
0.198491628 0.591849857 0.590748570
0.241568559 0.521397818 0.586025997
0.288858460 0.456379921 0.583174682
0.340368741 0.396154524 0.581836955
0.396154524 0.340368741 0.581836955
0.456379921 0.288858460 0.583174682
0.521397818 0.241568559 0.586025997
0.591849857 0.198491628 0.590748570
0.668772701 0.159620458 0.597879281
0.753660084 0.124913732 0.608090001
0.848366653 0.094283277 0.622047154
0.954665269 0.067620540 0.640110506
1.073258496 0.044879456 0.661845010
1.202255977 0.026205721 0.685458773
1.335714811 0.012041741 0.707525855
1.463584387 0.003081541 0.723522920
1.574333750 0.000000000 0.729403771
0.000000000 1.794409315 0.601799969
0.003511775 1.667925127 0.596857320
0.013717216 1.521564778 0.583416177
0.029834226 1.368723134 0.564884229
0.051059993 1.221061399 0.545065776
0.076884692 1.085456355 0.526836245
0.107142752 0.964076989 0.511694658
0.141890561 0.856088840 0.500000722
0.181256657 0.759423359 0.491448898
0.225346022 0.671922602 0.485478308
0.274209657 0.591849857 0.481524810
0.327859453 0.517999268 0.479138122
0.386307894 0.449623016 0.478018456
0.449623016 0.386307894 0.478018456
0.517999268 0.327859453 0.479138122
0.591849857 0.274209657 0.481524810
0.671922602 0.225346022 0.485478308
0.759423359 0.181256657 0.491448898
0.856088840 0.141890561 0.500000722
0.964076989 0.107142752 0.511694658
1.085456355 0.076884692 0.526836245
1.221061399 0.051059993 0.545065776
1.368723134 0.029834226 0.564884229
1.521564778 0.013717216 0.583416177
1.667925127 0.003511775 0.596857320
1.794409315 0.000000000 0.601799969
0.000000000 2.040106897 0.486925970
0.003991716 1.895873735 0.482817220
0.015582124 1.728427312 0.471648556
0.033860215 1.553425900 0.456261424
0.057893380 1.384476717 0.439821481
0.087092657 1.229572174 0.424714095
0.121270726 1.091201366 0.412176697
0.160498296 0.968357582 0.402500961
0.204929620 0.858607583 0.395428987
0.254691586 0.759423359 0.390493581
0.309848741 0.668772701 0.387226460
0.370420763 0.585243715 0.385254489
0.436428636 0.507958451 0.384329471
0.507958451 0.436428636 0.384329471
0.585243715 0.370420763 0.385254489
0.668772701 0.309848741 0.387226460
0.759423359 0.254691586 0.390493581
0.858607583 0.204929620 0.395428987
0.968357582 0.160498296 0.402500961
1.091201366 0.121270726 0.412176697
1.229572174 0.087092657 0.424714095
1.384476717 0.057893380 0.439821481
1.553425900 0.033860215 0.456261424
1.728427312 0.015582124 0.471648556
1.895873735 0.003991716 0.482817220
2.040106897 0.000000000 0.486925970
0.000000000 2.319051332 0.384366059
0.004536051 2.154407030 0.381000682
0.017691345 1.962389976 0.371858198
0.038395426 1.761490558 0.359275981
0.065556588 1.567736587 0.345850596
0.098490710 1.390489629 0.333530118
0.136986535 1.232613164 0.323318079
0.181135019 1.092868106 0.315444944
0.231124387 0.968357582 0.309695001
0.287110769 0.856088840 0.305684514
0.349177871 0.753660084 0.303030720
0.417357765 0.659401505 0.301429350
0.491684996 0.572271223 0.300678282
0.572271223 0.491684996 0.300678282
0.659401505 0.417357765 0.301429350
0.753660084 0.349177871 0.303030720
0.856088840 0.287110769 0.305684514
0.968357582 0.231124387 0.309695001
1.092868106 0.181135019 0.315444944
1.232613164 0.136986535 0.323318079
1.390489629 0.098490710 0.333530118
1.567736587 0.065556588 0.345850596
1.761490558 0.038395426 0.359275981
1.962389976 0.017691345 0.371858198
2.154407030 0.004536051 0.381000682
2.319051332 0.000000000 0.384366059
0.000000000 2.640935303 0.293500497
0.005163438 2.452385645 0.290805871
0.020114399 2.231164189 0.283491462
0.043580894 1.999387478 0.273439494
0.074272118 1.776161925 0.262732864
0.111387360 1.572564250 0.252925205
0.154689001 1.391901034 0.244809324
0.204296756 1.232613164 0.238560771
0.260444335 1.091201366 0.234002096
0.323327291 0.964076989 0.230824939
0.393056324 0.848366653 0.228723687
0.469682383 0.742071423 0.227456169
0.553260738 0.643939111 0.226861796
0.643939111 0.553260738 0.226861796
0.742071423 0.469682383 0.227456169
0.848366653 0.393056324 0.228723687
0.964076989 0.323327291 0.230824939
1.091201366 0.260444335 0.234002096
1.232613164 0.204296756 0.238560771
1.391901034 0.154689001 0.244809324
1.572564250 0.111387360 0.252925205
1.776161925 0.074272118 0.262732864
1.999387478 0.043580894 0.273439494
2.231164189 0.020114399 0.283491462
2.452385645 0.005163438 0.290805871
2.640935303 0.000000000 0.293500497
0.000000000 3.015656667 0.213604013
0.005892885 2.798838140 0.211528370
0.022921694 2.542559871 0.205899871
0.049558200 2.273611997 0.198178739
0.084261077 2.015040395 0.189973067
0.126086133 1.780081199 0.182473566
0.174767018 1.572564250 0.176280564
0.230463643 1.390489629 0.171520651
0.293470222 1.229572174 0.168052627
0.364034892 1.085456355 0.165637936
0.442305482 0.954665269 0.164042021
0.528360262 0.834779132 0.163079747
0.622284566 0.724275811 0.162628620
0.724275811 0.622284566 0.162628620
0.834779132 0.528360262 0.163079747
0.954665269 0.442305482 0.164042021
1.085456355 0.364034892 0.165637936
1.229572174 0.293470222 0.168052627
1.390489629 0.230463643 0.171520651
1.572564250 0.174767018 0.176280564
1.780081199 0.126086133 0.182473566
2.015040395 0.084261077 0.189973067
2.273611997 0.049558200 0.198178739
2.542559871 0.022921694 0.205899871
2.798838140 0.005892885 0.211528370
3.015656667 0.000000000 0.213604013
0.000000000 3.448656921 0.144209291
0.006734755 3.198686087 0.142717818
0.026150686 2.900731668 0.138678195
0.056399909 2.587493301 0.133148317
0.095631770 2.286961965 0.127286680
0.142728686 2.015040395 0.121943776
0.197393858 1.776161925 0.117542338
0.259841050 1.567736587 0.114166186
0.330442326 1.384476717 0.111710160
0.409513430 1.221061399 0.110002026
0.497250849 1.073258496 0.108873970
0.593769818 0.938122505 0.108194140
0.699196421 0.813793371 0.107875515
0.813793371 0.699196421 0.107875515
0.938122505 0.593769818 0.108194140
1.073258496 0.497250849 0.108873970
1.221061399 0.409513430 0.110002026
1.384476717 0.330442326 0.111710160
1.567736587 0.259841050 0.114166186
1.776161925 0.197393858 0.117542338
2.015040395 0.142728686 0.121943776
2.286961965 0.095631770 0.127286680
2.587493301 0.056399909 0.133148317
2.900731668 0.026150686 0.138678195
3.198686087 0.006734755 0.142717818
3.448656921 0.000000000 0.144209291
0.000000000 3.933032455 0.085728791
0.007675583 3.645534509 0.084785915
0.029749344 3.299908339 0.082235327
0.063994944 2.935935401 0.078751505
0.108198810 2.587493301 0.075068748
0.161043746 2.273611997 0.071721301
0.222202042 1.999387478 0.068970704
0.291954376 1.761490558 0.066865276
0.370766559 1.553425900 0.065336141
0.459035479 1.368723134 0.064273909
0.557016607 1.202255977 0.063572983
0.664870769 1.050457960 0.063150789
0.782774433 0.911069659 0.062952972
0.911069659 0.782774433 0.062952972
1.050457960 0.664870769 0.063150789
1.202255977 0.557016607 0.063572983
1.368723134 0.459035479 0.064273909
1.553425900 0.370766559 0.065336141
1.761490558 0.291954376 0.066865276
1.999387478 0.222202042 0.068970704
2.273611997 0.161043746 0.071721301
2.587493301 0.108198810 0.075068748
2.935935401 0.063994944 0.078751505
3.299908339 0.029749344 0.082235327
3.645534509 0.007675583 0.084785915
3.933032455 0.000000000 0.085728791
0.000000000 4.440998677 0.040036506
0.008661722 4.113903224 0.039572448
0.033515944 3.717713657 0.038318529
0.071928507 3.299908339 0.036609230
0.121297209 2.900731668 0.034806780
0.180093775 2.542559871 0.033172587
0.247960560 2.231164189 0.031832854
0.325252008 1.962389976 0.030809311
0.412535317 1.728427312 0.030067022
0.510294741 1.521564778 0.029551934
0.618849351 1.335714811 0.029212299
0.738409426 1.166644851 0.029007822
0.869206155 1.011667375 0.028912041
1.011667375 0.869206155 0.028912041
1.166644851 0.738409426 0.029007822
1.335714811 0.618849351 0.029212299
1.521564778 0.510294741 0.029551934
1.728427312 0.412535317 0.030067022
1.962389976 0.325252008 0.030809311
2.231164189 0.247960560 0.031832854
2.542559871 0.180093775 0.033172587
2.900731668 0.121297209 0.034806780
3.299908339 0.071928507 0.036609230
3.717713657 0.033515944 0.038318529
4.113903224 0.008661722 0.039572448
4.440998677 0.000000000 0.040036506
0.000000000 4.922090731 0.010363341
0.009595986 4.557633523 0.010238891
0.037087674 4.113903224 0.009902883
0.079462163 3.645534509 0.009445492
0.133756492 3.198686087 0.008964015
0.198246394 2.798838140 0.008528263
0.272546019 2.452385645 0.008171607
0.357077452 2.154407030 0.007899491
0.452500876 1.895873735 0.007702352
0.559380339 1.667925127 0.007565657
0.678092540 1.463584387 0.007475572
0.808892137 1.278003521 0.007421354
0.952059473 1.108100192 0.007395962
1.108100192 0.952059473 0.007395962
1.278003521 0.808892137 0.007421354
1.463584387 0.678092540 0.007475572
1.667925127 0.559380339 0.007565657
1.895873735 0.452500876 0.007702352
2.154407030 0.357077452 0.007899491
2.452385645 0.272546019 0.008171607
2.798838140 0.198246394 0.008528263
3.198686087 0.133756492 0.008964015
3.645534509 0.079462163 0.009445492
4.113903224 0.037087674 0.009902883
4.557633523 0.009595986 0.010238891
4.922090731 0.000000000 0.010363341
0.000000000 5.316506148 0.000000000
0.010363341 4.922090731 0.000000000
0.040036506 4.440998677 0.000000000
0.085728791 3.933032455 0.000000000
0.144209291 3.448656921 0.000000000
0.213604013 3.015656667 0.000000000
0.293500497 2.640935303 0.000000000
0.384366059 2.319051332 0.000000000
0.486925970 2.040106897 0.000000000
0.601799969 1.794409315 0.000000000
0.729403771 1.574333750 0.000000000
0.870020710 1.374583186 0.000000000
1.023962832 1.191788373 0.000000000
1.191788373 1.023962832 0.000000000
1.374583186 0.870020710 0.000000000
1.574333750 0.729403771 0.000000000
1.794409315 0.601799969 0.000000000
2.040106897 0.486925970 0.000000000
2.319051332 0.384366059 0.000000000
2.640935303 0.293500497 0.000000000
3.015656667 0.213604013 0.000000000
3.448656921 0.144209291 0.000000000
3.933032455 0.085728791 0.000000000
4.440998677 0.040036506 0.000000000
4.922090731 0.010363341 0.000000000
5.316506148 0.000000000 0.000000000
