3.414213562 0.000000000 0.000000000
3.371053312 0.212088697 0.000000000
3.308225290 0.417926045 0.000000000
3.226452999 0.615478827 0.000000000
3.126661369 0.802790193 0.000000000
3.009967454 0.977997711 0.000000000
2.877669274 1.139349866 0.000000000
2.731232929 1.285220660 0.000000000
2.572278180 1.414121896 0.000000000
2.402562710 1.524712659 0.000000000
2.223965306 1.615805375 0.000000000
2.038468258 1.686367603 0.000000000
1.848139326 1.735518347 0.000000000
1.655113694 1.762517067 0.000000000
1.461576438 1.766742417 0.000000000
1.313052032 1.807261077 0.000000000
1.265764354 1.994525471 0.000000000
1.196212408 2.175902292 0.000000000
1.105560017 2.349434627 0.000000000
0.995060217 2.513235222 0.000000000
0.866076844 2.665510444 0.000000000
0.720094182 2.804581670 0.000000000
0.558718421 2.928904531 0.000000000
0.383673212 3.037086200 0.000000000
0.196790836 3.127900765 0.000000000
0.000000000 3.200302638 0.000000000
3.371053312 0.000000000 0.212088697
3.328438665 0.209407611 0.209821646
3.266404874 0.412642897 0.207138122
3.185666295 0.607698347 0.204039231
3.087136164 0.792641846 0.200526039
2.971917418 0.965634505 0.196599458
2.841291665 1.124946951 0.192260099
2.696706472 1.268973743 0.187508088
2.539761124 1.396245494 0.182342814
2.372191086 1.505438241 0.176762616
2.195851393 1.595379423 0.170764348
2.012699278 1.665049648 0.164342802
1.824776360 1.713579061 0.157489902
1.634190831 1.740236481 0.150193568
1.443100146 1.744408418 0.142436066
1.296453288 1.784414867 0.138768244
1.249763390 1.969311987 0.146742284
1.181090674 2.148395961 0.154244650
1.091584251 2.319734614 0.161296384
0.982481318 2.481464549 0.167911879
0.855128468 2.631814808 0.174100855
0.710991223 2.769127987 0.179869703
0.551655468 2.891879239 0.185222418
0.378823067 2.998693347 0.190161273
0.194303135 3.088359893 0.194687306
0.000000000 3.159846510 0.198800692
3.308225290 0.000000000 0.417926045
3.266404874 0.205504776 0.413458764
3.205527238 0.404952264 0.408170812
3.126293424 0.596372366 0.402064371
3.029599650 0.777868979 0.395141539
2.916528293 0.947637487 0.387404113
2.788337078 1.103980747 0.378853300
2.646446592 1.245323238 0.369489343
2.492426315 1.370222962 0.359311043
2.327979364 1.477380629 0.348315124
2.154926203 1.565645531 0.336495388
1.975187586 1.634017278 0.323841572
1.790767082 1.681642223 0.310337762
1.603733592 1.707802816 0.295960155
1.416204360 1.711896998 0.280673805
1.272290634 1.751157826 0.273446270
1.226470919 1.932608926 0.289159315
1.159078091 2.108355221 0.303942913
1.071239845 2.276500550 0.317838529
0.964170318 2.435216242 0.330874526
0.839191007 2.582764347 0.343070058
0.697740121 2.717518351 0.354437717
0.541373987 2.837981826 0.364985375
0.371762750 2.942805185 0.374717509
0.190681809 3.030800571 0.383636171
0.000000000 3.100954856 0.391741699
3.226452999 0.000000000 0.615478827
3.185666295 0.200425135 0.608899871
3.126293424 0.394942705 0.601112316
3.049018102 0.581631310 0.592119372
2.954714392 0.758641713 0.581924132
2.844437919 0.924213905 0.570529241
2.719415318 1.076692692 0.557936476
2.581032063 1.214541498 0.544146196
2.430818839 1.336353965 0.529156634
2.270436667 1.440862923 0.512962967
2.101661012 1.526946105 0.495556067
1.926365151 1.593627847 0.476920818
1.746503130 1.640075606 0.457033784
1.564092709 1.665589564 0.435859912
1.381198802 1.669582546 0.413347736
1.240842316 1.707872930 0.402703760
1.196155167 1.884838945 0.425844328
1.130428147 2.056241166 0.447616102
1.044761075 2.220230300 0.468080148
0.940338079 2.375022878 0.487278234
0.818447991 2.518923907 0.505238570
0.680493470 2.650347079 0.521979697
0.527992374 2.767832954 0.537513211
0.362573566 2.870065302 0.551845706
0.185968561 2.955885630 0.564980200
0.000000000 3.024305849 0.576917195
3.126661369 0.000000000 0.802790193
3.087136164 0.194226145 0.794209036
3.029599650 0.382727441 0.784051459
2.954714392 0.563641915 0.772321653
2.863327421 0.735177527 0.759023651
2.756461712 0.895628702 0.744160904
2.635305961 1.043391442 0.727735727
2.501202790 1.176976693 0.709748590
2.355635541 1.295021598 0.690197190
2.200213863 1.396298176 0.669075233
2.036658305 1.479718873 0.646370815
1.866784206 1.544338203 0.622064219
1.692485174 1.589349369 0.596124877
1.515716563 1.614074200 0.568507068
1.338479419 1.617943683 0.539143662
1.202464048 1.655049776 0.525260359
1.159159037 1.826542373 0.555443398
1.095464902 1.992643259 0.583841071
1.012447444 2.151560339 0.610533030
0.911254168 2.301565305 0.635573753
0.793134044 2.441015590 0.659000036
0.659446347 2.568373947 0.680836064
0.511661989 2.682226077 0.701096960
0.351359453 2.781296460 0.719791326
0.180216701 2.864462433 0.736923098
0.000000000 2.930766469 0.752492932
3.009967454 0.000000000 0.977997711
2.971917418 0.186977195 0.967543731
2.916528293 0.368443207 0.955169282
2.844437919 0.542605553 0.940879467
2.756461712 0.707739077 0.924679199
2.653584467 0.862201859 0.906572684
2.536950516 1.004449766 0.886562742
2.407852372 1.133049321 0.864649945
2.267718015 1.246688529 0.840831487
2.118097017 1.344185241 0.815099701
1.960645714 1.424492494 0.787440084
1.797111692 1.486700087 0.757828617
1.629317886 1.530031337 0.726228061
1.459146670 1.553833383 0.692582715
1.288524408 1.557558448 0.656810798
1.157585432 1.593279660 0.639897489
1.115896660 1.758371773 0.676667921
1.054579730 1.918273407 0.711263336
0.974660667 2.071259350 0.743780767
0.877244148 2.215665799 0.774286583
0.763532528 2.349911492 0.802825610
0.634834351 2.472516553 0.829427312
0.492565632 2.582119470 0.854110112
0.338245942 2.677492328 0.876884490
0.173490615 2.757554362 0.897755241
0.000000000 2.821383786 0.916723163
2.877669274 0.000000000 1.139349866
2.841291665 0.178758920 1.127171166
2.788337078 0.352248890 1.112755154
2.719415318 0.518756216 1.096107774
2.635305961 0.676631567 1.077234752
2.536950516 0.824305191 1.056140985
2.425443020 0.960300825 1.032829760
2.302019173 1.083247997 1.007301743
2.168044191 1.191892380 0.979553665
2.024999539 1.285103785 0.949576593
1.874468750 1.361881264 0.917353634
1.718122597 1.421354624 0.882856804
1.557703892 1.462781320 0.846042720
1.395012273 1.485537187 0.806846493
1.231889432 1.489098522 0.765172849
1.106705664 1.523249667 0.745469146
1.066849253 1.681085428 0.788306043
1.008227408 1.833958847 0.828609083
0.931821057 1.980220545 0.866491309
0.838686321 2.118279845 0.902030041
0.729972709 2.246624989 0.935277497
0.606931249 2.363841146 0.966268004
0.470915718 2.468626646 0.995023026
0.323378896 2.559807546 1.021554769
0.165865120 2.636350586 1.045868821
0.000000000 2.697374491 1.067966111
2.731232929 0.000000000 1.285220660
2.696706472 0.169662390 1.271482723
2.646446592 0.334323953 1.255221031
2.581032063 0.492358198 1.236442290
2.501202790 0.642199725 1.215152958
2.407852372 0.782358661 1.191358559
2.302019173 0.911433867 1.165062801
2.184876012 1.028124610 1.136266436
2.057718633 1.131240392 1.104965775
1.921953113 1.219708535 1.071150744
1.779082405 1.292579028 1.034802283
1.630692260 1.349025959 0.995888829
1.478436803 1.388344569 0.954361444
1.324024095 1.409942455 0.910146929
1.169202108 1.413322564 0.863137815
1.050388583 1.445735855 0.840911450
1.012560351 1.595539806 0.889232749
0.956921604 1.740633936 0.934695781
0.884403353 1.879452794 0.977428063
0.796007977 2.010486652 1.017516813
0.692826489 2.132300679 1.055020936
0.576046257 2.243552042 1.089979153
0.446952166 2.343005308 1.122415676
0.306923071 2.429546274 1.152344275
0.157424719 2.502194257 1.179771251
0.000000000 2.560112831 1.204697654
2.572278180 0.000000000 1.414121896
2.539761124 0.159788226 1.399006113
2.492426315 0.314866667 1.381113454
2.430818839 0.463703493 1.360451298
2.355635541 0.604824408 1.337026752
2.267718015 0.736826249 1.310845893
2.168044191 0.858389420 1.281912802
2.057718633 0.968288890 1.250228304
1.937961675 1.065403446 1.215788343
1.810097558 1.148722841 1.178581832
1.675541768 1.217352352 1.138587802
1.535787766 1.270514134 1.095771522
1.392393409 1.307544444 1.050079147
1.246967350 1.327885356 1.001430137
1.101155833 1.331068747 0.949706242
0.989257124 1.361595620 0.925250683
0.953630453 1.502681146 0.978418368
0.901229820 1.639330957 1.028441116
0.832932052 1.770070711 1.075459233
0.749681189 1.893478543 1.119568685
0.652504750 2.008203127 1.160834286
0.542520999 2.112979783 1.199298638
0.420940042 2.206644979 1.234988383
0.289060486 2.288149355 1.267918671
0.148262774 2.356569306 1.298096436
0.000000000 2.411117083 1.325522833
2.402562710 0.000000000 1.524712659
2.372191086 0.149245613 1.508414753
2.327979364 0.294092186 1.489122807
2.270436667 0.433108958 1.466844776
2.200213863 0.564918903 1.441588324
2.118097017 0.688211439 1.413360003
2.024999539 0.801754035 1.382164213
1.921953113 0.904402485 1.348001843
1.810097558 0.995109554 1.310868520
1.690669745 1.072931646 1.270752291
1.564991765 1.137033074 1.227630546
1.434458546 1.186687312 1.181465839
1.300525157 1.221274412 1.132200112
1.164694114 1.240273259 1.079746528
1.028503045 1.243246614 1.023977589
0.923987264 1.271759364 0.997609494
0.890711193 1.403536256 1.054935134
0.841767883 1.531170096 1.108869888
0.777976310 1.653283815 1.159565036
0.700218228 1.768549364 1.207124048
0.609453360 1.875704574 1.251616806
0.506726190 1.973568207 1.293089245
0.393166982 2.061053498 1.331570090
0.269988662 2.137180325 1.367075677
0.138480594 2.201086019 1.399613481
0.000000000 2.252034806 1.429184747
2.223965306 0.000000000 1.615805375
2.195851393 0.138151260 1.598533764
2.154926203 0.272230488 1.578089236
2.101661012 0.400913280 1.554480223
2.036658305 0.522924974 1.527714845
1.960645714 0.637052410 1.497800046
1.874468750 0.742154680 1.464740488
1.779082405 0.837172633 1.428537116
1.675541768 0.921136882 1.389185293
1.564991765 0.993173975 1.346672352
1.448656210 1.052510345 1.300974334
1.327826335 1.098473476 1.252051553
1.203849047 1.130489502 1.199842485
1.078115169 1.148076046 1.144255105
0.952048028 1.150828373 1.085154296
0.855301553 1.177221594 1.057210861
0.824499099 1.299202692 1.117961374
0.779194050 1.417348715 1.175118417
0.720144500 1.530384964 1.228842305
0.648166660 1.637082109 1.279242691
0.564148908 1.736271806 1.326393633
0.469058086 1.826860628 1.370343809
0.363940439 1.907842594 1.411123661
0.249918728 1.978310441 1.448750500
0.128186472 2.037465628 1.483232248
0.000000000 2.084627076 1.514570226
2.038468258 0.000000000 1.686367603
2.012699278 0.126628305 1.668341740
1.975187586 0.249524220 1.647004399
1.926365151 0.367473806 1.622364381
1.866784206 0.479308718 1.594430158
1.797111692 0.583916985 1.563208980
1.718122597 0.680252859 1.528705711
1.630692260 0.767345531 1.490921337
1.535787766 0.844306469 1.449851020
1.434458546 0.910335075 1.405481539
1.327826335 0.964722302 1.357787888
1.217074668 1.006851729 1.306728649
1.103438108 1.036197355 1.252239611
0.988191473 1.052317036 1.194224730
0.872639371 1.054839796 1.132542989
0.783962350 1.079031605 1.103379263
0.755729075 1.190838472 1.166782752
0.714202840 1.299130143 1.226435843
0.660078510 1.402738237 1.282505853
0.594104215 1.500535960 1.335107224
0.517094236 1.591452419 1.384317248
0.429934773 1.674485385 1.430186729
0.333584805 1.748712788 1.472747437
0.229073445 1.813303035 1.512017440
0.117494663 1.867524192 1.548005006
0.000000000 1.910751986 1.580711514
1.848139326 0.000000000 1.735518347
1.824776360 0.114805198 1.716967104
1.790767082 0.226226492 1.695007867
1.746503130 0.333163290 1.669649692
1.692485174 0.434556333 1.640901300
1.629317886 0.529397473 1.608770152
1.557703892 0.616738600 1.573261254
1.478436803 0.695699552 1.534375620
1.392393409 0.765474754 1.492108270
1.300525157 0.825338361 1.446445599
1.203849047 0.874647530 1.397361873
1.103438108 0.912843391 1.344814465
1.000411634 0.939449056 1.288737294
0.895925416 0.954063665 1.229031515
0.791162253 0.956350879 1.165552002
0.710764881 0.978283932 1.135538273
0.685167708 1.079651549 1.200789715
0.647518719 1.177832178 1.262181450
0.598447902 1.271766528 1.319885673
0.538633535 1.360433015 1.374020160
0.468813870 1.442860731 1.424664455
0.389792364 1.518141025 1.471870845
0.302438458 1.585437919 1.515672024
0.207685178 1.643997466 1.556086587
0.106524351 1.693156069 1.593123045
0.000000000 1.732347744 1.626782813
1.655113694 0.000000000 1.762517067
1.634190831 0.102814572 1.743677230
1.603733592 0.202598668 1.721376383
1.564092709 0.298366642 1.695623722
1.515716563 0.389169868 1.666428104
1.459146670 0.474105493 1.633797105
1.395012273 0.552324431 1.597735810
1.324024095 0.623038446 1.558245248
1.246967350 0.685526102 1.515320363
1.164694114 0.739137361 1.468947338
1.078115169 0.783296520 1.419100037
0.988191473 0.817503082 1.365735172
0.895925416 0.841329966 1.308785631
0.802352076 0.854418179 1.248151035
0.708530715 0.856466508 1.183683999
0.636530304 0.876108803 1.153203359
0.613606582 0.966889259 1.219469890
0.579889776 1.054815586 1.281816670
0.535944073 1.138939130 1.340418573
0.482376911 1.218345002 1.395395207
0.419849438 1.292163702 1.446827354
0.349081192 1.359581480 1.494768113
0.270850810 1.419849669 1.539250689
0.185993868 1.472293068 1.580293964
0.095398604 1.516317387 1.617906582
0.000000000 1.551415758 1.652089981
1.461576438 0.000000000 1.766742417
1.443100146 0.090792166 1.747857415
1.416204360 0.178908217 1.725503105
1.381198802 0.263477763 1.699688706
1.338479419 0.343663104 1.670423096
1.288524408 0.418666959 1.637713870
1.231889432 0.487739530 1.601566124
1.169202108 0.550184750 1.561980890
1.101155833 0.605365542 1.518953099
1.028503045 0.652707880 1.472468902
0.952048028 0.691703381 1.422502100
0.872639371 0.721910070 1.369009301
0.791162253 0.742950807 1.311923234
0.708530715 0.754508577 1.251143275
0.625680159 0.756317390 1.186521690
0.562098965 0.773662853 1.155967978
0.541855781 0.853828087 1.222393372
0.512081578 0.931472933 1.284889619
0.473274574 1.005759666 1.343632010
0.425971176 1.075880379 1.398740442
0.370755222 1.141067244 1.450295889
0.308262114 1.200601665 1.498351578
0.239179437 1.253822519 1.542940794
0.164245064 1.300133559 1.584082464
0.084243368 1.339009987 1.621785252
0.000000000 1.370004203 1.656050600
1.313052032 0.000000000 1.807261077
1.296453288 0.081565927 1.787942964
1.272290634 0.160727685 1.765075977
1.240842316 0.236703331 1.738669548
1.202464048 0.308740293 1.708732758
1.157585432 0.376122307 1.675273375
1.106705664 0.438175770 1.638296612
1.050388583 0.494275349 1.597803526
0.989257124 0.543848706 1.553788932
0.923987264 0.586380148 1.506238661
0.855301553 0.621412953 1.455125915
0.783962350 0.648550059 1.400406307
0.710764881 0.667452650 1.342011021
0.636530304 0.677835927 1.279837129
0.562098965 0.679460929 1.213733505
0.504978850 0.695043759 1.182479071
0.486792764 0.767062656 1.250427872
0.460044196 0.836817285 1.314357415
0.425180733 0.903555051 1.374447010
0.382684274 0.966550145 1.430819304
0.333079328 1.025112765 1.483557130
0.276936727 1.078597338 1.532714934
0.214874185 1.126409925 1.578326763
0.147554592 1.168014869 1.620411980
0.075682614 1.202940700 1.658979448
0.000000000 1.230785305 1.694030642
1.265764354 0.000000000 1.994525471
1.249763390 0.078628448 1.973205658
1.226470919 0.154939309 1.947969245
1.196155167 0.228178802 1.918826640
1.159159037 0.297621456 1.885787866
1.115896660 0.362576804 1.848861496
1.066849253 0.422395500 1.808053283
1.012560351 0.476474734 1.763364393
0.953630453 0.524262778 1.714789103
0.890711193 0.565262512 1.662311779
0.824499099 0.599033660 1.605902843
0.755729075 0.625193462 1.545513310
0.685167708 0.643415304 1.481067234
0.613606582 0.653424643 1.412451021
0.541855781 0.654991123 1.339497886
0.486792764 0.670012759 1.305004936
0.469261623 0.739437999 1.379994442
0.443476367 0.806680516 1.450548222
0.409868461 0.871014817 1.516864168
0.368902451 0.931741234 1.579077635
0.321083956 0.988194805 1.637280038
0.266963249 1.039753208 1.691531464
0.207135801 1.085843894 1.741869490
0.142240626 1.125950495 1.788315485
0.072957014 1.159618523 1.830879229
0.000000000 1.186460345 1.869562349
1.196212408 0.000000000 2.175902292
1.181090674 0.074307927 2.152643712
1.159078091 0.146425615 2.125112367
1.130428147 0.215640702 2.093319611
1.095464902 0.281267581 2.057276379
1.054579730 0.342653725 2.016992023
1.008227408 0.399185470 1.972472820
0.956921604 0.450293127 1.923720042
0.901229820 0.495455286 1.870727445
0.841767883 0.534202143 1.813477974
0.779194050 0.566117615 1.751939360
0.714202840 0.590839973 1.686058164
0.647518719 0.608060551 1.615751534
0.579889776 0.617519890 1.540895545
0.512081578 0.619000295 1.461308247
0.460044196 0.633196514 1.423678600
0.443476367 0.698806935 1.505487451
0.419107973 0.762354572 1.582457204
0.387346774 0.823153796 1.654803746
0.348631788 0.880543382 1.722674739
0.303440850 0.933894910 1.786169912
0.252294000 0.982620252 1.845354819
0.195753984 1.026178321 1.900270450
0.134424707 1.064081121 1.950940120
0.068948130 1.095899140 1.997374497
0.000000000 1.121266041 2.039575357
1.105560017 0.000000000 2.349434627
1.091584251 0.068676660 2.324321131
1.071239845 0.135329064 2.294594110
1.044761075 0.199298834 2.260265821
1.012447444 0.259952321 2.221348073
0.974660667 0.316686448 2.177850963
0.931821057 0.368934056 2.129781270
0.884403353 0.416168628 2.077140365
0.832932052 0.457908270 2.019921508
0.777976310 0.493718779 1.958106282
0.720144500 0.523215606 1.891659847
0.660078510 0.546064434 1.820524501
0.598447902 0.561979987 1.744610784
0.535944073 0.570722470 1.663784888
0.473274574 0.572090685 1.577850352
0.425180733 0.585211074 1.537219670
0.409868461 0.645849351 1.625552932
0.387346774 0.704581166 1.708661168
0.357992530 0.760772851 1.786777483
0.322211476 0.813813291 1.860061317
0.280445236 0.863121687 1.928620351
0.233174440 0.908154485 1.992525366
0.180919188 0.948411598 2.051820624
0.124237619 0.983442016 2.106531295
0.063723044 1.012848774 2.156668902
0.000000000 1.036293300 2.202235361
0.995060217 0.000000000 2.513235222
0.982481318 0.061812485 2.486370834
0.964170318 0.121803037 2.454571269
0.940338079 0.179379082 2.417849642
0.911254168 0.233970304 2.376218581
0.877244148 0.285033902 2.329688890
0.838686321 0.332059405 2.278267818
0.796007977 0.374572922 2.221956834
0.749681189 0.412140721 2.160748726
0.700218228 0.444372000 2.094623796
0.648166660 0.470920643 2.023544771
0.594104215 0.491485750 1.947449929
0.538633535 0.505810557 1.866243572
0.482376911 0.513679236 1.779782563
0.425971176 0.514910699 1.687856743
0.382684274 0.526719716 1.644393324
0.368902451 0.581297248 1.738885107
0.348631788 0.634158868 1.827787579
0.322211476 0.684734240 1.911350098
0.290006708 0.732473332 1.989743219
0.252414969 0.776853396 2.063082130
0.209868850 0.817385203 2.131442549
0.162836467 0.853618652 2.194871821
0.111820173 0.885147809 2.253396875
0.057353979 0.911615386 2.307030033
0.000000000 0.932716650 2.355773347
0.866076844 0.000000000 2.665510444
0.855128468 0.053800123 2.637018361
0.839191007 0.106014478 2.603292083
0.818447991 0.156127304 2.564345517
0.793134044 0.203642210 2.520192058
0.763532528 0.248086757 2.470843164
0.729972709 0.289016641 2.416306524
0.692826489 0.326019399 2.356583695
0.652504750 0.358717522 2.291667030
0.609453360 0.386770863 2.221535635
0.564148908 0.409878174 2.146149980
0.517094236 0.427777555 2.065444603
0.468813870 0.440245528 1.979318007
0.419849438 0.447094240 1.887618384
0.370755222 0.448166077 1.790122842
0.333079328 0.458444365 1.744026004
0.321083956 0.505947356 1.844242979
0.303440850 0.551956858 1.938531992
0.280445236 0.595976464 2.027157507
0.252414969 0.637527439 2.110300414
0.219696011 0.676154795 2.188082881
0.182664876 0.711432720 2.260585211
0.141729004 0.742969456 2.327857621
0.097325630 0.770411687 2.389928668
0.049919545 0.793448439 2.446811422
0.000000000 0.811814480 2.498508061
0.720094182 0.000000000 2.804581670
0.710991223 0.044731776 2.774603032
0.697740121 0.088145076 2.739117107
0.680493470 0.129811072 2.698138530
0.659446347 0.169317044 2.651681394
0.634834351 0.206270185 2.599757755
0.606931249 0.240301081 2.542375702
0.576046257 0.271066793 2.479536875
0.542520999 0.298253443 2.411233226
0.506726190 0.321578219 2.337442772
0.469058086 0.340790647 2.258123921
0.429934773 0.355672976 2.173207795
0.389792364 0.366039394 2.082587602
0.349081192 0.371733713 1.986103612
0.308262114 0.372624885 1.883521305
0.276936727 0.381170704 1.835019395
0.266963249 0.420666769 1.940465124
0.252294000 0.458921082 2.039673603
0.233174440 0.495520909 2.132923096
0.209868850 0.530068207 2.220403928
0.182664876 0.562184681 2.302244643
0.151875570 0.591516291 2.378529734
0.117839695 0.617737313 2.449312036
0.080920787 0.640553985 2.514621599
0.041505293 0.659707749 2.574472173
0.000000000 0.674978079 2.628866049
0.558718421 0.000000000 2.928904531
0.551655468 0.034707220 2.897596985
0.541373987 0.068391439 2.860538023
0.527992374 0.100719932 2.817742928
0.511661989 0.131372470 2.769226417
0.492565632 0.160044276 2.715001081
0.470915718 0.186448723 2.655075369
0.446952166 0.210319725 2.589450992
0.420940042 0.231413747 2.518119546
0.393166982 0.249511354 2.441058072
0.363940439 0.264418207 2.358223137
0.333584805 0.275965351 2.269542807
0.302438458 0.284008616 2.174905558
0.270850810 0.288426818 2.074144579
0.239179437 0.289118274 1.967014953
0.214874185 0.295748944 1.916363027
0.207135801 0.326393795 2.026483006
0.195753984 0.356075175 2.130089247
0.180919188 0.384472846 2.227472348
0.162836467 0.411277967 2.318831074
0.141729004 0.436197021 2.404299664
0.117839695 0.458955309 2.483966357
0.091431385 0.479300103 2.557886332
0.062786140 0.497003475 2.626090968
0.032203804 0.511864810 2.688594628
0.000000000 0.523713002 2.745399702
0.383673212 0.000000000 3.037086200
0.378823067 0.023833527 3.004622282
0.371762750 0.046964557 2.966194515
0.362573566 0.069164607 2.921818745
0.351359453 0.090213774 2.871510235
0.338245942 0.109902769 2.815282038
0.323378896 0.128034762 2.753142917
0.306923071 0.144427034 2.685094645
0.289060486 0.158912347 2.611128510
0.269988662 0.171340015 2.531220703
0.249918728 0.181576585 2.445326186
0.229073445 0.189506035 2.353370370
0.207685178 0.195029364 2.255237611
0.185993868 0.198063353 2.150754937
0.164245064 0.198538177 2.039668384
0.147554592 0.203091473 1.987145584
0.142240626 0.224135362 2.101332941
0.134424707 0.244517634 2.208765970
0.124237619 0.264018379 2.309746002
0.111820173 0.282425517 2.404479143
0.097325630 0.299537488 2.493104590
0.080920787 0.315165656 2.575713843
0.062786140 0.329136473 2.652364117
0.043115385 0.341293418 2.723087952
0.022114426 0.351498731 2.787900240
0.000000000 0.359634912 2.846803459
0.196790836 0.000000000 3.127900765
0.194303135 0.012224517 3.094466115
0.190681809 0.024088714 3.054889286
0.185968561 0.035475400 3.009186597
0.180216701 0.046271784 2.957373768
0.173490615 0.056370518 2.899464243
0.165865120 0.065670647 2.835467046
0.157424719 0.074078450 2.765384003
0.148262774 0.081508150 2.689206142
0.138480594 0.087882458 2.606908942
0.128186472 0.093132923 2.518446018
0.117494663 0.097200039 2.423740551
0.106524351 0.100033024 2.322673439
0.095398604 0.101589195 2.215066537
0.084243368 0.101832739 2.100658288
0.075682614 0.104168181 2.046564958
0.072957014 0.114961858 2.164166731
0.068948130 0.125416182 2.274812209
0.063723044 0.135418361 2.378811733
0.057353979 0.144859614 2.476377572
0.049919545 0.153636560 2.567653086
0.041505293 0.161652445 2.652732510
0.032203804 0.168818254 2.731674771
0.022114426 0.175053704 2.804513381
0.011342768 0.180288138 2.871263677
0.000000000 0.184461288 2.931928214
0.000000000 0.000000000 3.200302638
0.000000000 0.000000000 3.166094073
0.000000000 0.000000000 3.125601154
0.000000000 0.000000000 3.078840580
0.000000000 0.000000000 3.025828434
0.000000000 0.000000000 2.966578471
0.000000000 0.000000000 2.901099923
0.000000000 0.000000000 2.829394660
0.000000000 0.000000000 2.751453501
0.000000000 0.000000000 2.667251358
0.000000000 0.000000000 2.576740774
0.000000000 0.000000000 2.479843148
0.000000000 0.000000000 2.376436624
0.000000000 0.000000000 2.266338933
0.000000000 0.000000000 2.149282463
0.000000000 0.000000000 2.093937029
0.000000000 0.000000000 2.214260944
0.000000000 0.000000000 2.327467545
0.000000000 0.000000000 2.433874358
0.000000000 0.000000000 2.533698564
0.000000000 0.000000000 2.627086843
0.000000000 0.000000000 2.714135610
0.000000000 0.000000000 2.794905157
0.000000000 0.000000000 2.869429770
0.000000000 0.000000000 2.937725143
0.000000000 0.000000000 2.999793888
