   4.4246514e-01   1.4733298e-01   2.7630114e-01   1.2892919e-01   2.4086184e-01
   3.4649736e-01   0.0000000e+00   3.2387071e-01   4.5407752e-01   2.8290352e-01
   6.6934438e-01   0.0000000e+00   1.0422950e-01   6.3847773e-07   1.8219448e-01
   2.0917200e-17   3.4160379e-01   3.1928147e-01   1.4910188e-01   5.5822447e-01
   2.1029702e-17   3.4344109e-01   1.6049765e-01   4.5050381e-01   4.2093365e-01
   3.3564016e-17   5.4814197e-01   8.9691051e-07   2.3941473e-01   3.3572275e-01
   2.1028087e-17   3.4341471e-01   3.2100098e-01   6.0022176e-01   1.4011778e-01
   4.5203157e-01   0.0000000e+00   1.4084528e-01   3.9482667e-01   2.4599518e-01
   2.7884616e-17   4.5539033e-01   5.6762239e-01   9.1017150e-07   2.4793321e-01
   5.3483425e-01   2.6748131e-01   0.0000000e+00   2.3372059e-01   1.0912143e-01
   3.4309034e-01   5.1564889e-01   3.2104486e-01   1.8244122e-06   2.8069332e-01
   2.1216844e-17   3.4649736e-01   3.2387071e-01   4.5407752e-01   2.8290352e-01
   3.4333632e-01   0.0000000e+00   3.2109180e-01   3.0005224e-01   4.2055340e-01
   4.5306227e-01   0.0000000e+00   4.2342629e-01   2.6382652e-01   1.2343388e-01
   3.2912363e-17   5.3749967e-01   1.2564430e-01   3.5207109e-01   1.0968133e-01
   3.2521722e-01   1.6258926e-01   0.0000000e+00   1.4204001e-01   6.6347968e-01
   4.3719246e-17   7.1398946e-01   6.5374265e-07   1.7819126e-01   7.3280108e-07
   4.5333937e-01   0.0000000e+00   2.8251811e-01   2.6416028e-01   2.4698413e-01
   3.2634716e-01   1.6305031e-01   1.5286450e-01   5.6975611e-01   1.3305032e-01
   6.0052003e-01   1.2082936e-01   2.2391242e-01   1.0489305e-01   0.0000000e+00
   3.2935698e-01   1.6417870e-01   3.0870719e-01   4.3000766e-01   1.3463894e-01
   3.3610246e-01   3.3587010e-01   4.7176585e-01   1.4656833e-01   1.3671998e-01
   2.7820261e-17   4.5433935e-01   4.2464960e-01   1.3227809e-01   2.4723799e-01
   4.3982294e-01   2.9360114e-01   2.7411691e-01   2.5665799e-01   8.5606489e-07
   5.4784461e-01   0.0000000e+00   7.4865675e-07   3.5919982e-01   2.2368347e-01
   2.7383903e-17   4.4721307e-01   1.3933196e-01   1.3035460e-01   4.8695537e-01
   3.2378090e-01   1.6178489e-01   1.5129240e-01   0.0000000e+00   6.6081736e-01
   2.7739623e-17   4.5302243e-01   4.2338104e-01   2.6396425e-01   1.2343365e-01
   2.7862426e-17   4.5502795e-01   4.5383052e-07   1.3250879e-01   6.1933755e-01
   3.2824854e-17   5.3607054e-01   3.7578343e-01   1.1706459e-01   1.0942770e-01
   4.3390810e-01   1.4429659e-01   1.3539904e-01   5.0485787e-01   1.4265463e-06
   3.5042916e-01   0.0000000e+00   4.9109815e-01   1.5310847e-01   4.2910133e-01
   4.4847658e-01   0.0000000e+00   1.3971104e-01   5.2257831e-01   1.2208415e-01
   3.4359257e-01   5.1482203e-01   4.8661316e-08   4.5081666e-01   1.4035082e-01
   2.7663542e-17   4.5177992e-01   5.6299595e-01   1.3145038e-01   1.2274120e-01
   5.3053176e-01   1.3250054e-01   2.4795956e-01   1.1585496e-01   1.0830480e-01
   3.3150765e-17   5.4139308e-01   2.5295024e-01   1.1801580e-01   2.2100188e-01
   2.1027295e-17   3.4340178e-01   3.2094125e-01   3.0001713e-01   4.2050419e-01
   4.7837715e-17   7.8124918e-01   7.3893408e-07   6.8603257e-07   6.3002620e-07
   6.6196776e-01   0.0000000e+00   3.0935491e-01   7.2189459e-07   6.8914309e-07
   3.3065426e-01   1.6577767e-01   4.6393961e-01   4.3532079e-01   0.0000000e+00
   6.0856506e-01   0.0000000e+00   2.2761507e-01   1.0642630e-01   9.9380662e-02
   6.5764257e-01   1.0932871e-01   1.0253631e-01   9.5818897e-02   6.5459406e-07
   3.3407481e-01   3.3418882e-01   1.5601232e-01   1.4595048e-01   4.1035031e-01
   5.3639691e-01   2.6741884e-01   2.7336743e-07   1.1742898e-01   2.1901965e-01
   5.3170700e-01   1.7719011e-07   1.2422286e-01   4.6457876e-01   9.5782660e-07
   4.5169104e-01   0.0000000e+00   5.6259997e-01   1.3177993e-01   1.2310144e-01
   5.2616892e-01   3.9504592e-01   1.2293469e-01   0.0000000e+00   1.0750835e-01
   3.7619666e-17   6.1437577e-01   5.5627291e-07   3.2198135e-01   1.0034270e-01
   6.0140696e-01   2.4053614e-01   1.1230785e-01   1.1238176e-06   9.8165435e-02
   5.3001941e-01   1.3260061e-01   2.4788953e-01   2.3179278e-01   6.6708122e-07
   3.7648671e-17   6.1484945e-01   1.1493110e-01   5.7180378e-07   3.0115368e-01
   3.4176630e-01   5.1197348e-01   1.5871207e-01   2.9813232e-01   1.3989606e-01
   3.4131067e-01   0.0000000e+00   1.5948977e-01   5.9696438e-01   2.7891160e-01
   4.5570098e-01   0.0000000e+00   4.2592197e-01   5.6496606e-07   3.7213353e-01
   4.5433935e-01   0.0000000e+00   4.2464960e-01   1.3227809e-01   2.4723799e-01
   4.6144824e-01   9.8149268e-10   4.3275749e-07   4.0306547e-01   3.7691873e-01
   5.3299402e-01   0.0000000e+00   4.9812950e-01   7.3476673e-07   1.0881352e-01
   5.4343697e-01   1.5302919e-07   2.5401946e-01   5.7714450e-07   3.3282177e-01
   4.4854034e-01   2.9888765e-01   5.8321206e-08   1.0771317e-06   4.8794599e-01
   6.6570369e-01   0.0000000e+00   2.0738031e-01   8.6969340e-07   9.0635414e-02
   2.8153665e-17   1.2198869e-17   5.0109003e-01   3.5135449e-01   2.1893062e-01
   3.4101849e-01   3.4080376e-01   4.4421336e-07   5.9617510e-01   1.3892983e-01
   7.5137869e-01   0.0000000e+00   7.6700830e-07   6.8446915e-07   7.6700982e-02
   2.0669717e-17   3.3756210e-01   1.5771680e-01   2.9460966e-01   5.5037234e-01
   4.4968690e-01   4.4985221e-01   8.3603655e-07   8.4176486e-07   3.6765516e-01
   3.4657985e-01   5.1978022e-01   8.3767175e-07   1.4048803e-07   5.6555551e-01
   3.2461612e-01   1.6233496e-01   1.5163815e-01   1.4188490e-01   5.2992599e-01
   2.7559796e-17   4.5008562e-01   1.4024308e-01   2.6216865e-01   3.6747578e-01
   4.5290753e-01   0.0000000e+00   1.4111683e-01   1.4482436e-06   6.1628054e-01
   3.5258668e-01   0.0000000e+00   0.0000000e+00   6.1735035e-01   4.3463086e-01
   3.2199068e-17   5.2585069e-01   6.1424540e-01   8.5773533e-07   1.0067000e-06
   3.2659709e-01   1.6332685e-01   6.1190610e-01   2.8599011e-01   5.8007772e-07
   3.3275934e-17   5.4343724e-01   2.5401958e-01   0.0000000e+00   3.3282194e-01
   6.0912585e-01   0.0000000e+00   6.1789963e-07   4.2575833e-01   7.0212645e-07
   3.3049267e-17   5.3973549e-01   1.2631738e-01   1.1787471e-01   3.3048980e-01
   2.3625389e-17   9.3559201e-18   4.1498455e-01   2.5860364e-01   4.8350745e-01
   2.7489025e-17   4.4892985e-01   4.1956715e-01   3.9221301e-01   0.0000000e+00
   4.5284331e-01   0.0000000e+00   2.8220384e-01   1.2947709e-07   4.9306525e-01
   4.3983905e-01   2.9337228e-01   2.2017140e-08   5.1175583e-01   9.3975575e-07
   3.7439009e-17   6.1142542e-01   1.1431670e-01   1.0686683e-01   1.9972672e-01
   5.2336423e-01   5.2336949e-01   1.2175699e-06   2.3497798e-08   1.0683899e-01
   3.3670281e-01   3.3711085e-01   3.1528568e-01   1.4747330e-01   2.7646996e-01
   4.4631492e-01   4.4644678e-01   1.3888591e-01   8.5660751e-10   2.4277918e-01
   2.1459015e-17   3.5045231e-01   4.9113060e-01   1.5300076e-01   4.2910972e-01
   2.1684472e-17   3.5413430e-01   0.0000000e+00   6.1667832e-01   4.3252670e-01
   6.6509753e-01   0.0000000e+00   1.0351122e-01   1.9372208e-01   8.0600104e-07
   3.4037722e-01   1.7016727e-01   0.0000000e+00   5.9172410e-01   2.7911139e-01
   4.6008678e-17   7.5137874e-01   7.5498726e-07   5.8211212e-07   7.6700987e-02
   5.2934595e-01   1.3232914e-01   1.0451952e-06   4.6242335e-01   4.4223272e-08
   3.3618011e-17   5.4902378e-01   1.1658612e-06   6.9890662e-07   5.6037601e-01
   2.3284508e-17   9.7075124e-18   4.1198902e-01   1.2835182e-01   5.9972849e-01
   5.2955147e-01   2.6545751e-01   1.2348301e-01   1.1572751e-01   1.0772316e-01
   6.1142639e-01   0.0000000e+00   1.1431743e-01   1.0686360e-01   1.9972688e-01
   3.3762323e-01   0.0000000e+00   1.5769662e-01   2.9450297e-01   5.5033825e-01
   3.3542245e-01   1.6770576e-01   2.7204364e-08   2.9333689e-01   5.4743986e-01
   3.4369482e-01   3.4382778e-01   5.9462142e-07   4.5083476e-01   2.8076427e-01
   4.5561753e-01   0.0000000e+00   7.0470034e-07   6.6375502e-01   1.2401411e-01
   6.5814561e-01   1.0981274e-01   2.0500723e-01   0.0000000e+00   1.4466134e-07
   7.4520370e-01   9.3196500e-02   0.0000000e+00   7.8031457e-07   6.2267784e-07
   5.4814197e-01   0.0000000e+00   8.9691051e-07   2.3941473e-01   3.3572275e-01
   3.7790218e-17   6.1716110e-01   8.7689183e-07   1.0786806e-01   3.0236135e-01
   4.3415167e-17   7.0902349e-01   9.4637652e-02   8.8556333e-02   6.9349010e-07
   7.1794505e-01   0.0000000e+00   8.3326361e-07   7.1807237e-07   1.6745502e-01
   2.7996068e-17   4.5721048e-01   5.4329837e-07   2.6623093e-01   4.9768905e-01
   4.3856918e-01   1.4645656e-01   0.0000000e+00   6.3860897e-01   8.0069566e-07
   3.4144361e-01   3.4059560e-01   2.0677025e-08   2.9794633e-01   4.1743612e-01
   3.3742120e-01   3.3809132e-01   3.1553735e-01   6.2504415e-07   4.1360631e-01
   5.3031511e-01   2.6438347e-01   2.4768527e-01   6.0229207e-07   1.0820306e-01
   3.3090078e-01   1.6612053e-01   1.5528199e-01   4.3347554e-01   2.7035643e-01
   7.0883008e-01   1.0133316e-01   5.7767635e-07   6.9808529e-07   8.2504668e-02
   3.3979653e-01   5.1079243e-01   3.1741049e-01   2.9727196e-01   8.8068169e-07
   3.3226978e-01   1.6633876e-01   3.1055034e-01   4.7406517e-08   5.4256405e-01
   5.3200310e-01   1.3310631e-01   1.2379289e-01   2.3221384e-01   1.0828116e-01
   2.7759573e-17   4.5334823e-01   2.8248574e-01   2.6407634e-01   2.4707288e-01
   5.3271777e-01   3.9971127e-01   5.7127044e-07   4.5569683e-08   2.1751760e-01
   4.0762595e-17   6.6570369e-01   2.0738031e-01   8.6969340e-07   9.0635414e-02
   5.9968914e-01   2.3944561e-01   1.1213370e-01   1.0352708e-01   0.0000000e+00
   3.3501469e-01   3.3520731e-01   4.7081596e-01   2.9292327e-01   0.0000000e+00
   5.4049259e-01   0.0000000e+00   3.7885465e-01   6.5076104e-07   2.2060438e-01
   4.0629410e-17   6.6352862e-01   2.0674099e-01   9.6749420e-02   8.3842793e-07
   1.8255047e-17   7.5956763e-18   3.2290501e-01   4.5283853e-01   5.6418945e-01
   6.6923563e-01   3.4436539e-12   8.0682592e-07   2.9230542e-01   5.7429084e-07
   3.3740808e-01   3.3710222e-01   1.5727458e-01   2.9443605e-01   2.7475580e-01
   4.3940933e-01   1.4679762e-01   1.3683515e-01   1.2775841e-01   3.5951952e-01
   5.3613526e-01   2.0612962e-07   3.7580553e-01   2.3416111e-01   7.7425582e-07
   3.3542429e-01   3.3566215e-01   3.1645962e-01   2.9425227e-01   1.3734313e-01
   5.3973549e-01   0.0000000e+00   1.2631738e-01   1.1787471e-01   3.3048980e-01
   2.0392525e-17   3.3303521e-01   3.1125266e-01   7.2730145e-01   9.5004725e-07
   4.4915084e-01   0.0000000e+00   2.7974499e-01   3.9213659e-01   1.2206714e-01
   4.4206171e-01   4.4230542e-01   1.3781706e-01   2.5762942e-01   1.7561230e-08
   3.3770607e-01   5.0606179e-01   1.5779700e-01   4.4226309e-01   0.0000000e+00
   7.0978434e-01   2.3708679e-07   1.8952837e-01   4.1888383e-07   7.0077582e-07
   3.3327202e-01   3.3338963e-01   6.2310744e-01   2.1165985e-08   1.3614592e-01
   2.1401867e-17   3.4951902e-01   4.8969624e-01   4.5795601e-01   1.4250347e-01
   5.3308488e-01   1.3378603e-01   1.2463075e-01   1.1705888e-01   2.1681406e-01
   5.2736165e-01   1.3180224e-01   1.2257320e-01   3.4576488e-01   8.7411209e-07
   4.0978861e-17   6.6923558e-01   8.0682586e-07   2.9230540e-01   7.0414616e-07
   6.6447590e-01   0.0000000e+00   1.0346689e-01   9.6731360e-02   9.0319632e-02
   3.3159319e-17   5.4153277e-01   1.2649912e-01   1.2977929e-06   4.4223938e-01
   4.2415638e-01   7.0890797e-01   1.3284217e-01   7.6515319e-07   9.3809412e-07
   5.4123241e-01   1.8249076e-07   1.2730167e-01   1.6932544e-06   4.4216692e-01
   1.9660455e-01   1.9661206e-01   1.8354693e-01   3.4373400e-01   6.3450088e-01
   2.0677058e-01   2.0682965e-01   3.8737383e-01   5.3611517e-01   3.3369956e-01
   3.5371676e-17   1.4690193e-17   6.2550080e-01   0.0000000e+00   2.7321113e-01
   6.0739414e-01   2.1187245e-07   1.1356955e-01   3.1837076e-01   9.1990407e-07
   2.7679594e-17   4.5204207e-01   1.4084274e-01   3.9483318e-01   2.4596815e-01
   3.7560985e-17   6.1341743e-01   2.2952170e-01   0.0000000e+00   2.0037688e-01
   3.2667794e-01   1.6341957e-01   6.1287678e-01   1.4326026e-01   1.3377250e-01
   4.4598473e-01   5.9466279e-01   2.8712340e-07   4.0358414e-07   2.4298319e-01
   2.6291825e-17   1.7668266e-18   4.3034651e-01   6.7053697e-01   1.2539961e-01
   6.1904600e-01   0.0000000e+00   1.1303689e-06   6.7824385e-07   4.0440950e-01
   5.2794474e-01   2.6392434e-01   2.4671579e-01   1.1518782e-01   7.2163617e-07
   5.1949197e-01   5.1972819e-01   1.2148031e-01   3.4136328e-09   9.6589942e-07
   5.2759936e-01   1.3091125e-01   3.6974246e-01   3.2279157e-09   1.0759830e-01
   4.4004521e-01   1.4624381e-01   4.1054592e-01   1.2760697e-01   1.1919704e-01
   6.6091419e-01   2.2038280e-01   8.1262274e-07   7.3775852e-07   8.9972048e-02
   1.7579034e-17   7.3836772e-18   3.1138374e-01   2.9102227e-01   6.7956031e-01
   4.0687414e-17   6.6447590e-01   1.0346689e-01   9.6731360e-02   9.0319632e-02
   5.3991001e-01   0.0000000e+00   2.5234150e-01   2.3571448e-01   1.1022345e-01
   2.7094242e-17   4.4248256e-01   6.8893827e-01   0.0000000e+00   1.2043871e-01
   3.2828820e-17   5.3613532e-01   3.7580557e-01   2.3416114e-01   8.2961502e-07
   5.4902378e-01   0.0000000e+00   1.1658612e-06   6.9890662e-07   5.6037601e-01
   4.3645268e-01   4.3667751e-01   4.0814015e-01   9.4871088e-07   5.2571806e-07
   4.3738155e-01   1.4617186e-01   5.4405590e-01   1.7959686e-06   1.1925651e-01
   4.1307820e-17   1.7111327e-17   7.3019699e-01   6.6665575e-07   6.3835677e-07
   7.0465086e-01   1.0043492e-01   9.4139491e-02   3.2538858e-09   8.0496091e-07
   4.3734159e-01   2.9077659e-01   1.3601894e-01   3.8114637e-01   5.4375692e-11
   4.4077555e-01   0.0000000e+00   6.8661800e-01   1.2849068e-01   9.4409562e-07
   3.4013025e-01   5.0869921e-01   6.2795214e-07   5.9378480e-01   8.2375747e-07
   4.4299206e-01   1.4741144e-01   1.3722947e-01   2.5847642e-01   2.4139377e-01
   3.4257959e-01   5.1333767e-01   1.5925969e-01   1.4934016e-01   2.8046079e-01
   3.3301828e-17   5.4386012e-01   1.0501918e-06   1.1878369e-01   4.4411745e-01
   4.4999452e-01   0.0000000e+00   1.4046330e-01   2.6218281e-01   3.6745788e-01
   6.6695012e-01   1.1127728e-01   4.8240853e-08   8.8608550e-07   1.8131965e-01
   4.5167135e-01   0.0000000e+00   5.6289364e-01   2.6310197e-01   7.1062142e-07
   3.6905727e-01   6.0386109e-01   2.9581419e-01   1.5161393e-04   1.2922851e-01
   3.0806707e-17   1.2746111e-17   1.3809070e-17   1.4946698e-17   6.3788298e-01
   3.3008281e-01   1.6500258e-01   6.1704470e-01   6.7400247e-07   2.6942366e-01
   6.5422326e-01   3.2712839e-01   1.1286584e-06   0.0000000e+00   7.7493210e-07
   2.8158206e-17   1.1445122e-17   4.9639322e-01   4.6391409e-01   1.0833664e-01
   2.7494742e-17   4.4902321e-01   2.7978135e-01   3.9226505e-01   1.2219331e-01
   3.6672527e-17   5.9890782e-01   4.4782848e-01   9.4742725e-07   8.3164007e-07
   3.3212563e-01   1.6616003e-01   3.0988146e-01   2.8938134e-01   2.7022401e-01
   6.0221605e-01   1.2017581e-01   1.1263279e-01   2.1011077e-01   7.5271776e-07
   2.8255550e-17   4.6144815e-01   6.5640669e-07   4.0306539e-01   3.7691866e-01
   4.1126968e-17   6.7165436e-01   1.0359202e-06   9.7767252e-02   1.8274341e-01
   4.1395430e-17   6.7603868e-01   9.5479835e-07   4.0980881e-07   2.7598664e-01
   4.5502793e-01   0.0000000e+00   4.8744705e-07   1.3250878e-01   6.1933754e-01
   4.5764360e-17   7.4738872e-01   8.7335552e-02   6.7836937e-07   6.5758379e-07
   3.3095626e-17   5.4049259e-01   3.7885465e-01   6.5076104e-07   2.2060438e-01
   3.2372508e-17   1.3518673e-17   1.4524437e-17   6.2009117e-01   1.6546468e-01
   4.4334881e-01   1.4762796e-01   2.7680053e-01   2.5546961e-08   3.6175834e-01
   3.4160379e-01   0.0000000e+00   3.1928147e-01   1.4910188e-01   5.5822447e-01
   2.3179998e-17   1.1524866e-17   4.2276619e-01   5.2734164e-01   2.4608304e-01
   3.3788671e-01   5.0701383e-01   4.7468135e-01   6.6539989e-07   1.3868327e-01
   4.4130451e-01   1.4730815e-01   2.7478566e-01   2.5718057e-01   1.2008740e-01
   3.3494261e-01   1.6838013e-01   4.6933786e-01   2.9314816e-01   1.3743578e-01
   2.7732589e-17   4.5290755e-01   1.4111684e-01   1.3994739e-06   6.1628057e-01
   5.3499868e-01   1.3366667e-01   2.4981195e-01   0.0000000e+00   2.1829081e-01
   7.4738872e-01   0.0000000e+00   8.7335552e-02   6.6394143e-07   6.6863289e-07
   6.1484966e-01   0.0000000e+00   1.1493114e-01   2.4926467e-08   3.0115378e-01
   3.2501490e-01   1.6232474e-01   3.0343439e-01   5.6730975e-01   0.0000000e+00
   3.2916314e-17   5.3756420e-01   8.2969749e-07   5.8718269e-01   9.7669928e-07
   3.7161544e-17   6.0689407e-01   3.3990931e-01   6.3430321e-07   9.9077535e-02
   5.3101776e-01   1.2999955e-07   4.9641122e-01   1.1602829e-01   9.9659154e-07
   4.3833606e-01   0.0000000e+00   0.0000000e+00   7.6749049e-01   0.0000000e+00
   5.9867127e-01   3.5927003e-01   1.1090944e-06   6.1376611e-07   9.7796277e-02
   5.3968914e-01   1.3458258e-01   0.0000000e+00   2.3666620e-01   2.2010861e-01
   4.0985477e-17   6.6934363e-01   1.0423225e-01   2.0260897e-08   1.8219439e-01
   3.5085449e-17   1.4537272e-17   6.2022619e-01   1.9323468e-01   9.0279520e-02
   4.4417220e-01   2.9665558e-01   1.3832770e-01   5.0267269e-07   3.6176541e-01
   4.4065933e-01   4.4119364e-01   2.7481230e-01   1.2889955e-01   7.0361871e-07
   5.3108212e-01   2.6558471e-01   9.6576772e-07   3.4790120e-01   8.3908604e-07
   2.7730082e-17   4.5286661e-01   2.8215357e-01   2.3280797e-08   4.9305896e-01
   4.4999108e-01   1.5001567e-01   7.3694253e-07   3.9209538e-01   2.4458903e-01
   4.3961456e-17   7.1794506e-01   8.0015092e-07   7.3160180e-07   1.6745502e-01
   4.4193574e-01   4.4496503e-01   1.3802931e-01   1.2918683e-01   1.1989211e-01
   6.0906828e-01   4.1230958e-10   2.2758975e-01   2.1276948e-01   8.8973696e-07
   3.5749602e-01   0.0000000e+00   6.3708006e-07   4.6915030e-01   5.8428336e-01
   2.3620426e-01   1.5740177e-01   0.0000000e+00   6.1406196e-01   4.4707761e-01
   3.4342861e-01   5.1447951e-01   1.6026296e-01   2.7604959e-09   4.1965486e-01
   6.0462412e-01   0.0000000e+00   3.3907058e-01   1.0565595e-01   7.8562698e-07
   4.4325684e-01   1.4774119e-01   1.3769673e-01   0.0000000e+00   4.8111282e-01
   3.4340920e-01   0.0000000e+00   3.2099583e-01   6.0021213e-01   1.4015124e-01
   5.9726443e-01   1.1926037e-01   3.3481364e-01   1.8554329e-10   9.0516539e-10
   4.3877758e-01   1.4594160e-01   1.3697056e-01   3.8319346e-01   1.1939427e-01
   6.6204455e-01   1.1034831e-01   9.9249362e-07   9.6371133e-02   9.0056999e-02
   2.8420650e-17   4.6414443e-01   6.2616746e-07   5.4047620e-01   2.5260716e-01
   2.1890317e-17   3.5749601e-01   6.4400218e-07   4.6915030e-01   5.8428336e-01
   6.7014868e-01   2.2936109e-07   8.1204159e-07   1.9528901e-01   9.1130397e-02
   5.3557488e-01   1.3395519e-01   1.2376019e-01   5.4419177e-07   3.2742185e-01
   3.7840807e-17   1.5420276e-17   6.6732881e-01   6.5079777e-07   1.6657895e-01
   7.1108501e-01   0.0000000e+00   9.4942973e-02   7.0583331e-07   8.2951594e-02
   2.4525434e-01   2.0201442e-01   4.9266065e-01   1.8765899e-04   6.0427676e-01
   5.2849816e-01   3.9671154e-01   1.0437316e-06   2.3087210e-01   0.0000000e+00
   2.4287363e-17   1.0024304e-17   1.0068119e-17   4.5952337e-01   5.3662684e-01
   5.4226766e-01   0.0000000e+00   1.2666057e-01   2.3699072e-01   2.2132267e-01
   3.7298187e-17   6.0912561e-01   9.4377973e-07   4.2575816e-01   1.0310004e-06
   6.7165437e-01   0.0000000e+00   1.0242353e-06   9.7767253e-02   1.8274341e-01
   4.4067537e-01   0.0000000e+00   1.3730597e-01   6.4187843e-01   1.1151475e-06
   4.2577145e-01   1.4222148e-01   6.6316444e-01   4.4136173e-07   3.7114310e-07
   4.3541394e-17   7.1108493e-01   9.4943237e-02   6.6687790e-07   8.2951589e-02
   3.2630065e-01   0.0000000e+00   1.5250653e-01   1.4265789e-01   6.6590677e-01
   5.2856737e-01   3.9629894e-01   0.0000000e+00   1.1535841e-01   1.0771238e-01
   3.3630418e-01   1.6930933e-01   4.7081544e-01   1.4714612e-01   2.7356635e-01
   2.8097954e-17   1.1670379e-17   4.9688121e-01   1.1609788e-01   4.3439569e-01
   3.4951902e-01   0.0000000e+00   4.8969624e-01   4.5795601e-01   1.4250347e-01
   6.0182327e-01   1.2008336e-01   1.1231595e-01   1.0522516e-01   9.8425542e-02
   3.3545814e-17   5.4784472e-01   4.7501670e-07   3.5919989e-01   2.2368352e-01
   4.4308504e-01   1.4773630e-01   4.1408919e-01   0.0000000e+00   2.4112696e-01
   3.3876747e-01   3.3833631e-01   4.7403060e-01   6.1929584e-07   2.7725942e-01
   3.3432627e-01   3.3378559e-01   1.5615741e-01   4.3839191e-01   1.3653387e-01
   3.5256547e-01   0.0000000e+00   4.9408613e-01   5.4022455e-07   5.7559365e-01
   2.7566701e-17   4.5019840e-01   2.8085761e-01   1.3141563e-01   3.6777315e-01
   4.5040296e-01   0.0000000e+00   2.8058546e-01   1.3123840e-01   3.6773626e-01
   3.3180122e-01   3.3197213e-01   3.0994315e-01   4.3479343e-01   8.7330522e-07
   2.3959083e-01   3.6453810e-01   3.7029443e-01   3.4282599e-01   3.1418349e-01
   4.4257700e-01   2.9438482e-01   1.3881779e-01   1.2970452e-01   2.4204921e-01
   3.7265587e-17   6.0859323e-01   2.2762560e-01   1.0643032e-01   9.9298743e-02
   1.9581252e-17   3.1978612e-01   0.0000000e+00   1.4285153e-01   7.6898876e-01
   6.0675274e-01   0.0000000e+00   3.4022110e-01   2.3574157e-08   9.9081684e-02
   4.4241278e-01   5.8958907e-01   2.4502795e-08   1.2891229e-01   1.2071098e-01
   5.1367388e-01   6.4140911e-01   7.1955269e-07   5.3990195e-08   8.3013759e-07
   4.4611194e-01   1.4870572e-01   0.0000000e+00   5.1977139e-01   1.2156952e-01
   3.4344109e-01   1.7933830e-12   1.6049765e-01   4.5050381e-01   4.2093365e-01
   3.4447188e-01   5.1670558e-01   2.6366909e-07   1.5173540e-01   4.2226020e-01
   2.1604975e-17   3.5283601e-01   6.3560754e-07   3.2878676e-01   6.8266911e-01
   4.4088472e-01   5.8707043e-01   1.3726442e-01   0.0000000e+00   1.1972032e-01
   1.0751650e-01   0.0000000e+00   6.0545178e-01   1.4900787e-01   4.1815065e-01
   4.4487053e-01   1.4830648e-01   9.3164671e-07   1.2958492e-01   4.8471660e-01
   3.3931579e-01   3.3941602e-01   5.6080021e-07   1.4834635e-01   5.5424928e-01
   2.4136690e-01   3.6421211e-01   3.6240816e-01   7.6550275e-04   6.3728249e-01
   3.4058155e-01   3.4109686e-01   0.0000000e+00   1.3057703e-08   7.0438240e-01
   7.0529299e-01   2.0152801e-01   8.4386793e-07   6.7600055e-07   3.5619995e-07
   3.7853455e-17   6.1819384e-01   1.1444992e-06   2.1604190e-01   2.0192207e-01
   3.3209660e-17   5.4235491e-01   6.2749199e-07   4.7407767e-01   1.1074231e-01
   4.4887522e-01   2.9938458e-01   7.2701316e-07   2.6177806e-01   2.4453957e-01
   2.3735395e-17   9.8271032e-18   4.1953836e-01   3.9243120e-01   3.6649712e-01
   3.1966818e-17   1.3657192e-17   5.6770647e-01   1.0612964e-01   2.9764092e-01
   9.6243070e-18   1.5717686e-01   6.3485476e-01   4.5191019e-01   9.6364642e-02
   2.6979455e-17   4.4060794e-01   6.8692444e-01   1.2843690e-01   7.8144382e-09
   2.1248645e-17   3.4701671e-01   6.2454349e-01   4.3489433e-01   2.2941734e-04
   3.5940628e-18   1.7958597e-18   1.3197323e-18   6.9064139e-02   7.1231340e-01
   5.2428079e-01   3.9308503e-01   1.2251223e-01   1.1461379e-01   0.0000000e+00
   5.3607046e-01   2.0437807e-07   3.7578337e-01   1.1706458e-01   1.0942768e-01
   3.7546389e-17   1.5390391e-17   6.6269332e-01   8.8511989e-02   8.2714493e-02
   4.4332606e-01   4.4375887e-01   5.3240405e-07   3.8701899e-01   7.9375578e-07
   4.2798666e-01   7.1304552e-01   1.5360104e-07   7.6426820e-07   1.1650783e-01
   2.1606651e-17   3.5286339e-01   4.9456922e-01   3.0843864e-01   2.8804336e-01
   5.1940819e-01   1.2990801e-01   4.8548845e-01   0.0000000e+00   0.0000000e+00
   4.0725478e-17   6.6509753e-01   1.0351122e-01   1.9372208e-01   8.0600104e-07
   5.2327885e-01   2.6165283e-01   3.6685577e-01   1.2194484e-06   0.0000000e+00
   2.7804724e-17   1.1511549e-17   4.9146407e-01   5.7416124e-01   7.6874761e-07
   4.4782333e-01   1.4907948e-01   7.4533234e-07   2.6126851e-01   3.6546559e-01
   7.1398944e-01   0.0000000e+00   6.6221283e-07   1.7819126e-01   7.7747501e-07
   6.5883536e-01   2.1963593e-01   7.1114607e-07   9.5939462e-02   6.7704778e-07
   4.4821742e-01   4.4824129e-01   1.2449232e-06   1.3064735e-01   2.4409142e-01
   2.7905119e-17   4.5572517e-01   4.2595561e-01   4.6198843e-08   3.7205364e-01
   4.3115361e-01   2.8717598e-01   5.3645595e-01   2.1613071e-08   1.0177614e-06
   8.6713197e-02   5.4834370e-01   4.8412415e-01   0.0000000e+00   2.2443641e-01
   4.4089073e-01   2.9382903e-01   2.7495479e-01   1.2828232e-01   1.2015416e-01
   4.4270745e-01   5.8956907e-01   8.5609829e-07   2.5783040e-01   7.6705162e-07
   4.4700710e-01   4.4736030e-01   0.0000000e+00   2.6047592e-01   1.2150479e-01
   4.4463498e-01   2.9591216e-01   6.6989471e-07   3.8918044e-01   1.2082284e-01
   4.3869106e-01   5.8566794e-01   1.3676328e-01   1.2789161e-01   2.8937744e-07
   6.0949733e-01   1.2077147e-01   1.8831874e-07   1.0607401e-01   1.9895286e-01
   3.2678333e-01   1.6312147e-01   1.5242013e-01   2.8577496e-01   3.9966380e-01
   3.2814352e-17   5.3589904e-01   2.5038555e-01   3.5114431e-01   9.0527354e-07
   2.8274466e-17   1.2139981e-17   5.0252064e-01   5.4673251e-07   5.4871134e-01
   6.0400560e-01   2.4145871e-01   6.5632038e-07   2.1135571e-01   0.0000000e+00
   4.5714024e-01   0.0000000e+00   5.3121660e-07   2.6638435e-01   4.9770459e-01
   1.7933952e-17   9.0468997e-18   3.2803970e-01   6.6258993e-01   2.7091262e-01
   6.0747428e-01   1.2160695e-01   2.7324562e-07   2.1238159e-01   9.9124749e-02
   1.1776624e-01   0.0000000e+00   7.9051825e-01   0.0000000e+00   9.9000414e-02
   2.7656892e-17   4.5167132e-01   5.6289360e-01   2.6310195e-01   8.4854017e-07
   1.7720255e-17   2.8939373e-01   2.7923385e-01   6.4551771e-01   2.7432676e-01
   4.6417010e-01   0.0000000e+00   1.0604126e-07   5.4042758e-01   2.5258809e-01
   3.2553925e-17   5.3164595e-01   1.2438920e-01   4.6456039e-01   9.5989571e-07
   6.1341743e-01   0.0000000e+00   2.2952170e-01   0.0000000e+00   2.0037688e-01
   2.0899854e-17   3.4132052e-01   1.5949438e-01   5.9698160e-01   2.7886168e-01
   2.2554804e-03   0.0000000e+00   3.4177294e-01   6.3489592e-01   4.3466040e-01
   3.7192158e-17   6.0739404e-01   1.1356953e-01   3.1837071e-01   1.4484998e-06
   4.3673949e-17   7.1324971e-01   8.2441144e-07   8.9012836e-02   8.3211455e-02
   2.3320982e-01   3.5745499e-01   1.8563025e-01   3.3607671e-01   4.7440534e-01
   2.7898526e-17   4.5561751e-01   7.5042558e-07   6.6375499e-01   1.2401410e-01
   5.9890782e-01   2.1008617e-07   4.4782848e-01   7.5744897e-07   7.5415491e-07
   5.6621470e-02   5.8107603e-01   3.0498131e-01   1.4165948e-01   1.3130712e-01
   2.1161333e-17   3.4559079e-01   4.8435029e-01   6.0347383e-01   9.4323779e-07
   5.9643295e-01   3.5856534e-01   1.1291058e-06   1.0415530e-01   2.5790755e-07
   3.1950383e-01   3.2481965e-01   7.4993948e-01   0.0000000e+00   4.5854991e-08
   3.4749847e-17   1.5100143e-17   1.7706462e-17   6.8300613e-01   6.4417420e-07
   2.8366317e-17   1.1657095e-17   5.0084901e-01   2.3414541e-01   3.2816110e-01
   2.5040804e-01   2.2216006e-01   3.0854954e-01   6.7941714e-01   2.1441982e-02
   6.0501725e-01   1.2098901e-01   0.0000000e+00   3.1701697e-01   3.4832974e-07
   2.7638113e-01   3.1388434e-01   0.0000000e+00   1.1712394e-01   7.2753164e-01
   2.1588408e-17   3.5256546e-01   4.9408612e-01   5.8339470e-07   5.7559363e-01
   6.1444536e-01   0.0000000e+00   8.9363398e-07   3.2202135e-01   1.0012537e-01
   2.2133570e-17   9.5236132e-18   3.9350972e-01   7.3492461e-01   3.0194205e-07
   3.7349625e-17   6.0996566e-01   1.1404104e-01   2.1340567e-01   9.9397923e-02
   3.3303590e-01   0.0000000e+00   3.1125097e-01   7.2730042e-01   1.1513772e-06
   3.1976249e-17   1.3224888e-17   5.6511237e-01   3.1693029e-01   9.8736803e-02
   2.3945776e-01   1.8113043e-01   4.8850240e-01   1.5252388e-01   4.7184096e-01
   2.7168168e-01   1.6331322e-01   0.0000000e+00   7.4072345e-01   1.2287888e-01
   4.3529452e-01   1.4512965e-01   5.4246696e-01   1.2776123e-01   9.0688029e-08
   2.6983582e-17   4.4067533e-01   1.3730611e-01   6.4187843e-01   1.0743759e-06
   2.2209956e-01   0.0000000e+00   2.2650887e-01   5.2972865e-01   6.3433930e-01
   6.0658870e-01   1.2152190e-01   1.1339066e-01   6.2492185e-08   1.9799776e-01
   3.7020690e-17   6.0459375e-01   3.3905355e-01   1.0575060e-01   8.0627913e-07
   3.2212269e-17   1.3310229e-17   5.6920694e-01   2.1278667e-01   1.9894468e-01
   7.4942905e-01   2.9429779e-07   8.3163961e-07   8.1885523e-02   7.2157746e-07
   5.2502343e-01   1.3145159e-01   3.6813196e-01   1.1497684e-01   1.0228669e-08
   1.1946110e-01   0.0000000e+00   7.3165668e-01   1.7964208e-01   8.3078093e-02
   2.0002811e-17   3.2667069e-01   1.5262467e-01   1.4259943e-01   6.6549191e-01
   5.4235528e-01   0.0000000e+00   4.8751014e-07   4.7407800e-01   1.1074118e-01
   6.3165915e-18   1.0315777e-01   6.7075773e-01   2.8890142e-01   1.2320922e-01
   7.1973083e-18   9.6428815e-19   1.1859122e-01   0.0000000e+00   7.9479443e-01
   3.2512308e-17   5.3096628e-01   4.9584050e-01   1.1680251e-01   0.0000000e+00
   2.5773226e-17   4.2090872e-01   7.8634492e-01   0.0000000e+00   0.0000000e+00
   6.6269537e-01   1.1032908e-01   0.0000000e+00   1.9307186e-01   6.4049928e-07
   5.2585076e-01   0.0000000e+00   6.1424547e-01   6.1130757e-07   1.0067002e-06
   4.4722097e-01   0.0000000e+00   1.3933442e-01   1.3035691e-01   4.8693533e-01
   5.9929237e-01   2.3985331e-01   2.2411894e-01   5.3191495e-10   5.2043316e-07
   2.7185603e-17   4.4397459e-01   2.7660519e-01   5.1729098e-01   6.8930827e-07
   2.5639705e-01   2.1986394e-01   4.7339588e-01   3.1572264e-01   2.8771573e-01
   1.4933566e-17   2.4388364e-01   1.2355810e-01   4.8930832e-01   6.4945848e-01
   3.9626242e-17   1.6414521e-17   7.0047037e-01   7.0741211e-07   7.6497297e-02
   6.5962696e-01   1.1007036e-01   1.0351786e-01   9.1377981e-08   8.9266801e-02
   2.3740747e-01   3.5139862e-01   2.0900829e-01   4.8717127e-01   3.2828751e-01
   7.8124903e-01   3.1468588e-07   7.3893393e-07   7.5119225e-07   6.3002607e-07
   1.9540427e-17   6.9720138e-18   8.8864062e-18   3.6859628e-01   6.8697931e-01
   3.0869537e-17   1.4980646e-17   5.6036575e-01   4.1921323e-01   9.4001186e-07
   3.3201961e-01   3.3167214e-01   6.2032044e-01   1.4504316e-01   3.8068336e-07
   4.3895014e-01   1.4592808e-01   4.1010557e-01   2.5586644e-01   5.7294095e-07
   4.0012592e-18   6.5345522e-02   7.7369970e-01   0.0000000e+00   8.9823413e-02
   1.2765135e-17   2.0847047e-01   5.5586142e-01   0.0000000e+00   7.4356015e-01
   4.5889304e-17   7.4942921e-01   7.6104594e-07   8.1885540e-02   6.9424951e-07
   6.1716110e-01   0.0000000e+00   8.7689183e-07   1.0786806e-01   3.0236135e-01
   3.3906904e-01   0.0000000e+00   4.9599004e-01   6.0973412e-01   9.1527655e-08
   6.1819425e-01   1.3236233e-09   1.2197279e-07   2.1604204e-01   2.0192220e-01
   1.0284172e-17   1.6795327e-01   5.3799197e-01   7.8376242e-01   0.0000000e+00
   3.2641430e-17   5.3307501e-01   4.9796047e-01   7.3586539e-07   1.0878428e-01
   3.7288173e-17   6.0896207e-01   2.2755006e-01   2.1306272e-01   7.0904679e-07
   2.0342673e-01   2.5034645e-03   9.5080039e-02   0.0000000e+00   7.9416551e-01
   1.0530471e-01   3.8602663e-02   3.4349614e-03   0.0000000e+00   7.6513659e-01
   5.4386011e-01   0.0000000e+00   1.0878564e-06   1.1878368e-01   4.4411743e-01
   7.1324978e-01   0.0000000e+00   6.6351212e-07   8.9012845e-02   8.3211462e-02
   5.2143153e-01   5.2147629e-01   1.3505177e-06   1.1421853e-01   5.7803546e-08
   4.0501541e-01   0.0000000e+00   8.0085906e-01   4.7658521e-08   7.0968336e-07
   2.3395076e-01   1.7691692e-01   0.0000000e+00   1.3691757e-01   7.4389990e-01
   3.7905654e-17   6.1904631e-01   4.2762937e-07   6.2385113e-07   4.0440970e-01
   5.3402686e-01   2.6689100e-01   1.2480486e-01   3.2745741e-07   2.1787085e-01
   5.8835932e-01   4.7085521e-01   1.2141564e-06   7.6389119e-07   6.4063514e-07
   3.4534208e-01   0.0000000e+00   6.3819236e-01   0.0000000e+00   4.1797989e-01
   1.9460733e-01   1.9345140e-01   0.0000000e+00   5.1544273e-01   7.3663612e-01
   1.0899064e-01   6.6152848e-01   0.0000000e+00   1.8346335e-01   2.5889694e-01
   3.4334999e-17   1.6065811e-17   6.1908159e-01   2.8945777e-01   8.7282793e-07
   2.3175018e-01   3.6157777e-01   3.5870672e-01   6.7064850e-01   1.9952176e-03
   3.3451443e-01   6.2683374e-01   3.1312906e-01   1.4687187e-01   4.1000196e-03
   2.4048290e-01   1.7801594e-01   4.8877140e-01   5.0906709e-01   1.3350013e-01
   3.1050185e-01   1.5523774e-01   1.4510457e-01   6.7989736e-01   3.1649843e-08
   1.6642886e-01   5.3355740e-01   1.6549464e-01   6.1707436e-01   0.0000000e+00
   4.5539033e-01   0.0000000e+00   5.6762239e-01   9.1017150e-07   2.4793321e-01
   3.4154214e-01   1.7051444e-01   9.2720282e-06   4.4729227e-01   4.1851312e-01
   5.2406952e-01   3.9321009e-01   2.4499342e-01   3.0472697e-08   7.1075606e-07
   9.2447878e-18   1.5097884e-01   7.8139011e-01   1.5717202e-01   0.0000000e+00
   5.3756420e-01   0.0000000e+00   8.3253884e-07   5.8718269e-01   9.7024673e-07
   6.4063422e-02   0.0000000e+00   7.6115853e-01   1.2280963e-01   6.8119186e-04
   4.5058798e-01   1.5029976e-01   0.0000000e+00   1.4501093e-06   6.1320467e-01
   2.7461270e-17   4.4847658e-01   1.3971104e-01   5.2257831e-01   1.2208415e-01
   2.5565880e-01   0.0000000e+00   2.2818516e-01   6.0794923e-01   4.2664344e-01
   1.3824846e-17   8.3758088e-18   2.6398100e-01   8.0350434e-01   0.0000000e+00
   3.7834707e-01   0.0000000e+00   2.9486587e-02   7.3588585e-01   1.1362010e-01
   4.4615634e-01   2.9730961e-01   0.0000000e+00   1.2991752e-01   3.6457868e-01
   2.0464184e-01   2.0343282e-01   0.0000000e+00   3.1079195e-01   8.0072179e-01
   3.1249853e-01   1.8784903e-01   0.0000000e+00   8.5200810e-01   0.0000000e+00
   6.1004242e-01   0.0000000e+00   1.1405522e-01   2.1296153e-01   9.9643738e-02
   5.3490070e-18   8.7355914e-02   7.2733156e-01   1.0616783e-01   1.3103112e-01
   5.5306569e-02   5.7668470e-01   5.6053150e-01   1.1254813e-02   1.2254519e-08
   5.3749960e-01   1.8057968e-07   1.2564428e-01   3.5207104e-01   1.0968132e-01
   4.0533832e-17   6.6196771e-01   3.0935489e-01   7.2189453e-07   8.3188245e-07
   5.3586197e-01   0.0000000e+00   2.5047171e-01   3.5114603e-01   7.1498473e-07
   2.7536453e-03   0.0000000e+00   9.7058346e-02   6.7513889e-01   4.1117444e-01
   1.5233443e-17   2.4878100e-01   9.5349174e-01   0.0000000e+00   0.0000000e+00
   6.1183048e-18   2.0407474e-18   1.0533118e-01   7.3701834e-01   9.6744370e-02
   2.5259810e-01   3.5375049e-01   2.1042442e-01   6.0825579e-01   1.4898366e-01
   7.6870465e-18   1.2553900e-01   7.3443960e-01   2.6810920e-01   0.0000000e+00
   8.1245632e-02   0.0000000e+00   7.3006172e-01   2.3190501e-01   0.0000000e+00
   3.3656958e-01   0.0000000e+00   1.6036095e-01   6.9569825e-01   1.1703171e-01
   6.6353943e-01   0.0000000e+00   2.0674436e-01   9.6718757e-02   8.6270118e-07
   3.2885458e-01   7.3435904e-01   3.1080505e-07   1.4195066e-08   2.6439542e-01
   3.5719604e-34   5.8334540e-18   9.5267534e-02   8.1858459e-01   8.2065115e-07
   7.0660552e-01   1.0137100e-01   5.2666483e-07   8.8180293e-02   7.6928413e-07
   3.4638459e-01   0.0000000e+00   5.4399576e-07   3.0088547e-01   7.0571313e-01
   4.3461754e-17   7.0978430e-01   1.8952836e-01   7.1378930e-07   7.6116518e-07
   2.6186156e-01   3.4284502e-01   5.6557851e-01   3.0287814e-01   1.4160613e-01
   2.7075554e-01   5.0706163e-01   5.3160838e-01   1.3638737e-01   1.0913621e-01
   3.3053683e-17   5.3980761e-01   2.5229364e-01   2.3599141e-01   1.1022290e-01
   3.3587925e-01   6.2902307e-01   0.0000000e+00   3.2938768e-01   1.2757182e-01
   2.1328128e-01   0.0000000e+00   3.9075778e-01   3.6450212e-01   6.8560567e-01
   2.2657839e-01   1.7638212e-01   3.9571848e-01   6.3854617e-01   1.4780672e-01
   2.4913677e-01   3.8499718e-01   5.3566194e-01   1.7121147e-01   3.0626080e-01
   9.4258784e-18   1.5393628e-01   0.0000000e+00   7.3642630e-01   2.8814381e-01
   3.7381911e-01   5.6193622e-01   1.6418419e-01   2.9971313e-01   1.6145846e-07
   2.5514740e-01   1.7696672e-01   1.7970551e-01   5.6848633e-01   2.7269388e-01
   3.1500233e-01   1.5394953e-01   0.0000000e+00   2.4187749e-08   7.6979451e-01
   3.3694934e-01   5.0492706e-01   4.7186506e-01   1.4704595e-01   1.9201086e-08
   2.4836180e-01   1.8347671e-01   3.3302742e-01   0.0000000e+00   7.0711468e-01
   3.7342869e-17   1.5984566e-17   6.6337731e-01   1.7730135e-01   5.1657577e-07
   2.9766827e-01   0.0000000e+00   0.0000000e+00   4.7307974e-01   7.3904315e-01
   1.5475619e-01   0.0000000e+00   6.1136984e-01   3.2594525e-01   2.9437798e-01
   2.6787612e-17   1.2221435e-17   1.2664428e-17   5.2344803e-01   3.9139446e-01
   1.4411315e-17   6.2103323e-18   2.5627780e-01   4.7599591e-01   7.0041635e-01
   3.3968595e-01   5.1262049e-01   3.1815845e-01   1.4890571e-01   1.4037149e-01
   2.6695728e-01   0.0000000e+00   2.5830368e-01   8.1745259e-01   6.3321017e-04
   5.2922584e-01   2.6478619e-01   1.2365705e-01   2.3133523e-01   7.2112849e-07
   3.9486179e-17   1.6443253e-17   6.9853790e-01   8.1661807e-02   0.0000000e+00
   2.3095560e-01   0.0000000e+00   5.1763924e-01   3.7164467e-01   4.4486643e-01
   2.2075241e-17   3.6051604e-01   6.8662994e-01   4.7547097e-03   3.0565160e-01
   3.6658257e-01   6.1089695e-01   2.2338081e-07   4.1499017e-01   1.1636142e-06
   7.1473970e-34   1.1672585e-17   1.9062778e-01   3.5601928e-01   9.5155113e-01
   1.4782586e-17   2.4141795e-01   9.1978680e-02   7.9745070e-01   2.8624778e-08
   3.3783378e-01   0.0000000e+00   5.1735134e-07   1.8169762e-03   9.8218116e-01
   4.1034591e-17   6.7014572e-01   8.8265809e-07   1.9515328e-01   9.1268987e-02
   2.2209645e-01   2.2461180e-01   1.7348993e-01   4.7973428e-01   4.5420488e-01
   2.2874207e-17   3.7356415e-01   6.8888297e-01   1.4606397e-01   1.2680283e-01
   3.6536158e-01   0.0000000e+00   7.2244937e-01   1.1545858e-01   1.0773429e-01
   3.4321932e-01   0.0000000e+00   7.4047226e-01   5.4907408e-03   2.2426925e-01
   1.5688261e-01   0.0000000e+00   7.2011921e-01   1.1494160e-01   2.1286242e-01
   2.6016704e-01   4.8314408e-01   2.0868554e-02   3.2117076e-01   4.6844718e-01
   2.7632058e-01   4.1691875e-01   6.2344345e-01   9.9292063e-07   2.7572804e-01
   6.5657508e-01   2.1900966e-01   1.0226926e-01   6.2503613e-07   5.3221200e-07
   2.1160304e-17   3.4557400e-01   6.3527352e-01   3.0359443e-08   4.2197124e-01
   4.4435276e-01   2.9626277e-01   2.7690477e-01   0.0000000e+00   2.4220944e-01
   2.2619456e-17   3.6940375e-01   2.3936916e-02   6.6828522e-01   2.7380291e-01
   7.0899194e-01   3.5262781e-09   9.4777796e-02   8.8499557e-02   8.2742246e-07
   2.7848443e-01   3.9197626e-01   6.1827151e-01   1.5286206e-01   1.3603329e-01
   1.9799701e-17   1.3305519e-18   3.2408296e-01   7.6832151e-01   1.3124193e-01
   2.2297473e-01   3.8470221e-01   2.0345844e-01   1.5221627e-01   6.2572462e-01
   3.5286339e-01   0.0000000e+00   4.9456922e-01   3.0843864e-01   2.8804336e-01
   8.8568731e-02   0.0000000e+00   9.7773659e-04   7.2528498e-01   2.4420922e-01
   1.1704892e-01   0.0000000e+00   4.0589034e-03   6.7258904e-01   3.9073156e-01
   4.4397476e-01   0.0000000e+00   2.7660529e-01   5.1729117e-01   7.5370976e-09
   2.1156415e-17   3.4551048e-01   2.6927458e-02   7.6075308e-01   1.1334351e-01
   2.9214636e-17   1.3370048e-17   1.4964979e-17   5.7882754e-01   2.7071823e-01
   2.3825397e-01   3.5658951e-01   2.9535083e-08   4.0345043e-01   6.2478507e-01
   2.3170302e-01   1.8475964e-01   1.7806562e-01   1.6698033e-01   6.3779761e-01
   3.6522160e-01   0.0000000e+00   7.5400332e-01   1.6545817e-01   0.0000000e+00
   3.3422854e-01   6.5497991e-01   0.0000000e+00   9.3432148e-06   4.1020728e-01
   3.0560729e-01   0.0000000e+00   2.0148772e-02   7.1754724e-01   2.7561223e-01
   4.4175086e-01   2.9509605e-01   1.3810532e-01   2.5766617e-01   1.1949837e-01
   2.4187296e-01   4.8150126e-01   1.7801366e-01   3.2374666e-02   6.1527267e-01
   6.0846820e-01   2.4347939e-01   1.0646239e-06   8.1256216e-07   1.9857782e-01
   2.1614436e-17   3.5299053e-01   6.3012737e-01   2.8846786e-01   1.3299293e-01
   5.1882825e-05   1.8110349e-01   8.5963304e-02   0.0000000e+00   7.9581230e-01
   2.3510782e-01   3.5273038e-01   3.9403266e-01   1.6216846e-01   4.7448325e-01
   2.5702400e-01   0.0000000e+00   1.7532340e-01   2.2973194e-01   7.0892278e-01
   1.8077867e-01   0.0000000e+00   6.9260232e-01   4.1578467e-01   7.8940623e-08
   9.3207111e-02   7.7815881e-01   0.0000000e+00   0.0000000e+00   1.0843253e-01
   3.9271564e-18   1.6003315e-18   6.9256044e-02   6.9471487e-01   1.7427465e-01
   3.3915164e-01   0.0000000e+00   6.3096542e-01   3.1347286e-01   1.3448590e-01
   3.7267717e-01   6.2286890e-01   3.8646745e-01   7.4840636e-07   8.5243670e-07
   1.6329456e-17   2.6668026e-01   5.5553188e-01   2.4746723e-01   4.4343523e-01
   5.6079948e-18   9.1585506e-02   6.0913260e-01   4.9985979e-03   5.3278190e-01
   3.3294984e-01   4.9943134e-01   6.2238206e-01   0.0000000e+00   6.9081922e-07
   3.7410386e-01   1.4965406e-02   5.9536572e-01   1.2916014e-01   2.5944482e-01
   2.7388500e-01   0.0000000e+00   3.5846826e-01   7.5723989e-01   1.3662542e-01
   1.2865207e-02   4.8669632e-01   0.0000000e+00   1.4491997e-06   7.1255588e-01
   3.3203437e-17   5.4225328e-01   1.2666383e-01   2.3692116e-01   2.2141805e-01
   2.6437474e-01   4.7325485e-01   1.4706269e-01   1.9792402e-01   4.5210228e-01
   9.0517334e-18   1.4782602e-01   8.0553162e-05   6.9798789e-01   3.8119649e-01
   5.2497037e-02   7.5586029e-01   1.2491922e-01   3.5442352e-09   6.5910349e-08
   3.3418633e-01   0.0000000e+00   7.8755388e-01   0.0000000e+00   1.3014981e-01
   4.3614687e-01   1.4514984e-01   2.7198952e-01   3.8107807e-01   5.7719946e-07
   2.0732011e-01   2.0660729e-01   3.7251808e-01   1.7602403e-01   6.3738154e-01
   1.0770322e-01   3.6730894e-05   6.0680787e-01   5.6376292e-01   0.0000000e+00
   3.3049994e-01   3.2993481e-01   1.5428032e-01   5.7589961e-01   1.5326175e-08
   4.3820122e-01   7.6746712e-01   0.0000000e+00   0.0000000e+00   3.1355019e-04
   8.2169192e-02   7.4180942e-01   8.1365752e-07   0.0000000e+00   2.0017089e-01
   1.7923005e-17   2.9270489e-01   0.0000000e+00   4.8018334e-01   7.4357285e-01
   6.1282714e-01   2.3328738e-01   0.0000000e+00   9.2434957e-02   9.7398703e-02
   1.2142161e-01   3.1638859e-02   0.0000000e+00   7.4477676e-01   1.0471641e-01
   1.1220843e-17   1.8325028e-01   6.9365639e-01   4.1443284e-01   0.0000000e+00
   2.1816299e-01   2.9349800e-01   0.0000000e+00   8.9837978e-01   7.8618243e-09
   2.6893878e-17   4.3921036e-01   0.0000000e+00   7.6645568e-01   1.0151960e-06
   7.3290188e-04   0.0000000e+00   1.2084483e-01   6.4386815e-01   4.9185911e-01
   3.3770890e-01   3.3719460e-01   1.5766025e-01   5.0703996e-07   5.5109569e-01
   3.4299722e-17   1.5493063e-17   1.1868158e-18   6.1495616e-01   2.7787791e-01
   3.3677208e-01   1.6841938e-01   4.7233475e-01   1.5072512e-06   4.1218506e-01
   2.6248559e-01   3.7486675e-01   4.6960726e-07   4.4405559e-01   5.0376301e-01
   3.7373575e-01   1.5539770e-01   6.3007311e-01   7.5111057e-07   1.5729650e-01
   3.4729041e-01   5.2024950e-01   4.9737327e-09   3.0335337e-01   2.8255244e-01
   4.4258965e-01   4.4275198e-01   2.7690253e-01   1.9754236e-06   1.2012052e-01
   1.2809775e-17   2.0919950e-01   4.2574240e-01   5.7022328e-01   4.8795936e-01
   2.9244204e-01   4.7912713e-01   3.3186124e-01   4.2494558e-01   0.0000000e+00
   2.1706880e-17   3.5450025e-01   3.3061324e-01   4.6510350e-02   6.2148477e-01
   2.8126426e-01   0.0000000e+00   1.3237972e-01   7.8754002e-01   0.0000000e+00
   2.6887397e-01   0.0000000e+00   5.5266918e-01   5.4229125e-07   6.8821721e-01
   1.8161808e-01   5.6950837e-01   5.6037169e-01   0.0000000e+00   1.7230657e-01
   9.7598250e-18   6.4407408e-18   0.0000000e+00   1.9096892e-01   8.0379302e-01
   2.2219635e-01   1.0939507e-01   1.0352276e-01   7.4254391e-01   3.2159438e-08
   2.7113777e-01   5.0301915e-01   6.8102009e-07   6.4411084e-01   1.3984655e-01
   3.4225885e-17   1.4110373e-17   1.5095252e-17   6.5291888e-01   7.6267494e-02
   5.3750103e-01   1.3425483e-01   2.5434625e-07   1.1739236e-01   3.2881338e-01
   2.3862433e-01   3.9007539e-01   2.7401831e-01   5.5463912e-01   1.5838874e-01
   5.5385410e-18   9.0451238e-02   6.0567565e-01   1.4839439e-01   3.9944562e-01
   1.5150765e-01   0.0000000e+00   2.9182876e-01   2.0714484e-01   8.9901316e-01
   3.9913298e-01   5.9577076e-01   3.6082733e-01   8.1376667e-07   6.7585577e-07
   2.0830261e-17   1.5067037e-17   4.1984799e-01   2.8730722e-08   7.3035922e-01
   1.6443497e-17   2.6854268e-01   4.9442548e-01   6.6460650e-01   1.3851699e-01
   1.9994080e-01   0.0000000e+00   3.9566041e-01   5.8900764e-01   5.4414285e-01
   4.9184131e-01   2.8795102e-03   4.5970849e-01   1.3038813e-01   1.1598428e-01
   1.5288853e-01   6.8805941e-01   2.3578321e-01   0.0000000e+00   1.8058883e-01
   3.5447720e-17   5.7890520e-01   1.0319043e-01   2.7981933e-01   1.1501303e-01
   2.1241933e-17   3.4690710e-01   7.0067450e-01   3.0837901e-01   6.7778251e-07
   4.8247247e-01   0.0000000e+00   7.5130028e-02   4.9469337e-01   1.8476531e-01
   2.1737473e-01   1.2218895e-02   8.3443750e-01   8.2715124e-07   0.0000000e+00
   2.0644321e-17   3.3714735e-01   1.5876569e-01   6.8830369e-01   1.3166836e-01
   3.7154284e-01   6.9581261e-01   1.4273637e-02   1.3742634e-01   1.0996760e-01
   4.4894023e-01   8.2157893e-08   4.1956757e-01   3.9218840e-01   8.1522495e-07
   6.0269901e-01   1.2100172e-01   2.2527752e-01   0.0000000e+00   9.8149353e-02
   9.2169970e-18   1.5052498e-01   0.0000000e+00   6.3347386e-01   5.3858329e-01
   6.7102806e-01   1.3697514e-07   1.5704453e-01   1.0121155e-01   2.1853842e-02
   2.0991108e-01   2.1620805e-01   3.8902083e-01   3.6102972e-01   4.5679696e-01
   1.3031493e-01   2.6020982e-02   7.8713702e-01   8.3566339e-03   1.0397032e-09
   2.6248570e-01   3.7486691e-01   0.0000000e+00   4.4405577e-01   5.0376322e-01
   3.8397903e-01   5.7520909e-01   1.6781435e-01   1.0751715e-01   1.4035691e-01
   1.8015558e-01   0.0000000e+00   6.4811622e-01   4.1517924e-01   1.1596863e-01
   5.4127085e-01   0.0000000e+00   2.5300032e-01   1.1826946e-01   2.2098787e-01
   3.2238260e-01   1.1151180e-03   3.0544521e-01   5.6660987e-01   2.5526356e-01
   3.2214239e-17   1.3324634e-17   5.6932656e-01   7.0757913e-07   3.9792528e-01
   3.2868062e-01   1.6533383e-01   3.0791207e-01   1.4334815e-01   4.0278117e-01
   3.3606460e-01   0.0000000e+00   6.2853844e-01   4.4900974e-01   5.0717757e-08
   6.0383424e-01   0.0000000e+00   4.3924688e-02   5.0166120e-07   3.8991006e-01
   3.5264784e-17   1.4323827e-17   6.2161275e-01   9.6944627e-02   1.8095456e-01
   4.2679825e-01   2.7235723e-01   1.2275463e-01   3.3281348e-01   1.0356445e-01
   6.7603862e-01   0.0000000e+00   9.5479827e-07   5.5291552e-07   2.7598662e-01
   4.6008676e-17   7.5137870e-01   7.4992089e-07   6.8446916e-07   7.6700983e-02
   2.7283626e-01   5.2519865e-01   1.1872053e-01   4.5809967e-01   1.4565813e-01
   4.3771618e-01   2.9180406e-01   4.0887421e-01   4.8633876e-07   1.1923992e-01
   1.4825924e-01   1.6925329e-01   0.0000000e+00   0.0000000e+00   8.7620406e-01
   2.4351330e-01   2.4358286e-01   4.5620939e-01   6.3138176e-01   0.0000000e+00
   6.3541006e-01   0.0000000e+00   9.1596826e-02   0.0000000e+00   2.7659856e-01
   8.6851733e-18   1.4183964e-01   8.3423945e-01   1.0583717e-06   0.0000000e+00
   1.9227205e-17   3.1400409e-01   6.4507772e-01   1.7125011e-01   2.9295352e-01
   1.7964763e-17   2.9338684e-01   1.6782302e-07   9.0561284e-01   5.7819667e-09
   1.7061389e-17   2.7863362e-01   3.3591879e-07   8.5278947e-01   0.0000000e+00
   8.5606450e-02   0.0000000e+00   7.4521539e-02   7.1682510e-01   2.8221538e-01
   4.5558575e-01   0.0000000e+00   9.6744400e-07   0.0000000e+00   7.4538608e-01
   1.7326566e-17   2.8296430e-01   4.4115205e-01   4.2816333e-01   4.0368316e-01
   5.9616087e-01   1.2786309e-01   2.8357204e-01   4.7446451e-02   0.0000000e+00
   1.2242254e-01   7.4305456e-01   0.0000000e+00   2.0241794e-01   1.2290793e-01
   3.1077461e-01   0.0000000e+00   2.9136342e-01   6.7968556e-01   1.4879214e-01
   3.0521135e-17   4.9844796e-01   5.7353112e-01   1.1958770e-01   7.2760297e-09
   5.3837360e-01   2.6923590e-01   9.4374429e-07   7.7432393e-07   3.2998965e-01
   4.5715710e-01   1.1204553e-01   2.7783191e-01   2.5709556e-08   3.6406077e-01
   3.3633120e-01   3.3581900e-01   1.5257720e-01   0.0000000e+00   5.5984365e-01
   4.9422099e-01   2.6415107e-03   1.5387793e-01   6.0611745e-01   1.6130349e-08
   3.3595824e-17   8.8591767e-18   5.6741701e-01   3.2202492e-01   9.9218236e-02
   9.0935783e-02   7.2358431e-01   1.3634756e-01   1.2755714e-01   0.0000000e+00
   3.2236448e-17   5.2646115e-01   4.7971438e-01   1.0962299e-02   1.3408072e-01
   3.4114719e-01   0.0000000e+00   1.3618219e-01   0.0000000e+00   7.5742300e-01
   5.6936658e-01   8.9837634e-02   1.7625024e-01   2.4051457e-01   1.1673460e-02
   8.0615540e-18   1.3165517e-01   5.4510226e-04   8.2978347e-01   1.0460436e-06
   2.4149973e-17   3.9439900e-01   1.2233508e-01   2.6337994e-01   4.8840441e-01
   2.1676719e-01   1.5218202e-01   1.2353800e-02   7.9726098e-01   0.0000000e+00
   5.0522146e-01   0.0000000e+00   1.5738841e-01   2.6523170e-01   2.4551636e-01
   4.3106887e-01   5.8403184e-01   4.1805498e-03   1.4464988e-01   1.3812140e-01
   8.0091040e-02   0.0000000e+00   0.0000000e+00   8.1246167e-01   1.2422702e-03
   4.8419052e-01   0.0000000e+00   4.5251836e-01   2.8195307e-01   1.8443640e-03
   4.7215486e-18   7.7108740e-02   6.0701467e-01   2.7262920e-01   2.7443337e-01
   4.0432997e-17   1.6573621e-17   7.1364192e-01   0.0000000e+00   4.1966314e-02
   3.4489846e-17   1.4763333e-17   6.1269479e-01   3.0304911e-01   5.1423052e-07
   5.3902186e-01   1.3479935e-01   8.7110233e-07   1.3932384e-06   4.4030318e-01
   6.0015919e-01   3.4555225e-02   1.0640800e-01   1.0488386e-01   1.9519817e-01
   5.9530727e-01   3.0502316e-01   6.2225687e-07   8.3478286e-02   7.5871668e-02
   3.7060287e-02   7.3881951e-01   5.5439196e-02   9.2578743e-02   0.0000000e+00
   6.1973297e-01   0.0000000e+00   1.3574221e-01   2.6760603e-01   4.2707702e-03
   4.2640184e-01   7.1058366e-01   1.2806277e-06   1.2454864e-01   1.1465638e-06
   3.3190303e-01   3.3150336e-01   7.1050465e-03   7.1628584e-01   0.0000000e+00
   2.3749840e-17   9.8330840e-18   4.1979369e-01   3.9184405e-01   3.6636040e-01
   5.8926202e-01   4.6887372e-01   5.6616600e-08   0.0000000e+00   0.0000000e+00
   3.9062193e-01   3.9073733e-01   3.3104672e-01   8.5358010e-10   2.4192116e-01
   2.9768279e-01   0.0000000e+00   1.3914240e-01   7.7577197e-01   1.1034706e-02
   2.6148627e-01   2.6115347e-01   3.5805282e-01   4.4491723e-01   2.0286473e-01
   6.0288668e-01   1.2078025e-01   1.1269864e-01   6.2110793e-08   2.0794558e-01
   5.1283526e-01   4.9108459e-03   1.9099563e-01   1.1637539e-01   3.2628609e-01
   5.0290185e-01   5.0721527e-01   7.1421493e-07   1.4254276e-01   3.3941233e-02
   2.3877148e-01   3.5341755e-01   2.1984835e-01   5.0551177e-01   2.9668405e-01
   5.9159743e-01   1.4515871e-01   2.2266609e-01   1.0430920e-01   0.0000000e+00
   6.0514528e-01   0.0000000e+00   8.0202962e-04   1.5584947e-01   2.8591882e-01
   3.1178032e-17   4.7749750e-18   5.1511279e-01   4.3597461e-01   1.3307583e-01
   4.1169429e-17   6.7234781e-01   6.2359093e-07   1.6779870e-01   1.1207385e-01
   2.0639079e-01   0.0000000e+00   1.3607401e-02   6.0861849e-01   5.7174538e-01
   4.3590484e-01   2.9059563e-01   4.0722963e-01   1.2673054e-01   5.6682033e-07
   2.7323969e-01   0.0000000e+00   5.2703865e-01   4.5248946e-01   2.9493005e-01
   4.4602983e-17   7.2842199e-01   8.4194835e-07   4.8926571e-02   8.4517387e-02
   2.6505422e-01   3.9641542e-01   3.3313723e-01   5.6570298e-01   0.0000000e+00
   6.3460833e-01   1.2768820e-01   2.3662272e-01   7.9065577e-03   0.0000000e+00
   6.1567041e-01   0.0000000e+00   2.2388210e-01   0.0000000e+00   2.0042641e-01
   3.3175882e-01   1.6633146e-01   4.2101151e-01   4.6423098e-01   0.0000000e+00
   1.1642452e-01   5.4153009e-01   0.0000000e+00   1.5170969e-01   5.7386974e-01
   5.2017521e-01   5.6370887e-02   1.2239272e-01   6.1878842e-07   4.2549780e-01
   2.4879263e-01   0.0000000e+00   4.5581899e-01   5.1114801e-01   4.0279041e-01
   1.4529639e-17   2.3728702e-01   3.4938637e-01   3.5626382e-01   6.6688249e-01
   4.3271935e-01   1.4964725e-01   1.3562373e-01   3.7942554e-01   1.3499167e-01
   6.1252131e-01   1.2214044e-01   9.7349682e-07   6.0765812e-07   2.9990165e-01
   4.3732230e-03   1.8115359e-03   4.1343163e-01   6.3080096e-01   1.4361283e-01
   3.4282641e-01   0.0000000e+00   0.0000000e+00   7.8781050e-01   1.1930503e-01
   5.3454456e-01   1.9310411e-01   2.8206458e-01   0.0000000e+00   2.3501667e-01
   1.9703444e-01   4.7165958e-01   2.4877282e-01   3.7064958e-01   3.1964901e-01
   4.4397476e-01   0.0000000e+00   2.7660529e-01   5.1729117e-01   7.5370976e-09
   6.6580512e-03   9.9911528e-03   1.8553926e-08   8.6313276e-01   0.0000000e+00
   6.5265071e-18   1.0658595e-01   6.2355877e-01   5.2118186e-01   0.0000000e+00
   7.4542471e-01   1.7261525e-02   7.4920543e-07   5.7765420e-07   7.3601875e-02
   1.7011976e-17   2.7782665e-01   2.6741309e-01   7.3437058e-01   1.5192301e-01
   5.5729462e-18   9.1013118e-02   1.0038984e-01   7.9816069e-01   1.4282492e-01
   2.6728380e-01   4.0406565e-01   4.8000262e-01   4.3983445e-01   9.7199455e-07
   1.1834013e-02   4.1190942e-01   4.0828083e-01   5.0646331e-01   1.0594430e-03
   3.3648552e-01   0.0000000e+00   0.0000000e+00   8.4034918e-01   4.4433078e-04
   4.3422710e-01   7.2376138e-02   5.4036201e-03   6.3020360e-02   6.2652950e-01
   4.2668619e-01   4.1911232e-01   1.1182025e-01   2.3212747e-01   1.0438453e-01
   2.3953475e-01   0.0000000e+00   3.6681833e-07   1.3520822e-01   7.9966876e-01
   3.7133243e-01   7.6995898e-02   0.0000000e+00   2.9663759e-01   5.5359980e-01
   4.6358573e-01   2.4932181e-03   4.3338002e-01   1.2514508e-01   2.1975400e-01
   4.2536531e-01   3.1842283e-01   6.6427149e-03   5.1435554e-01   9.4452969e-07
   2.1561490e-17   3.5212586e-01   1.6509554e-01   0.0000000e+00   7.4008580e-01
   2.4090179e-01   4.8195044e-01   1.7800259e-01   3.3129563e-02   6.1528163e-01
   5.4983137e-01   2.2005765e-01   3.4678784e-01   5.1161645e-10   1.8472148e-03
   2.6704266e-17   0.0000000e+00   4.3611376e-01   7.7007980e-01   0.0000000e+00
   1.5407434e-17   2.5162250e-01   4.7701544e-01   6.0623083e-01   2.7795454e-01
   3.1044429e-17   5.0699400e-01   5.0565982e-07   2.7319370e-01   3.8953058e-01
   1.8720250e-01   0.0000000e+00   4.2847498e-02   1.1423817e-01   7.5877466e-01
   3.7051322e-01   3.6380600e-01   1.8282232e-01   3.2194855e-02   3.9838202e-01
   2.3046407e-17   3.7637639e-01   2.3488174e-01   4.6904405e-01   2.6326334e-01
   2.6990413e-17   4.4078690e-01   2.1008766e-01   5.7731046e-01   6.2974791e-03
   7.8064224e-02   7.0475048e-01   7.7300922e-07   9.5828469e-02   1.9283054e-01
   2.3179998e-17   1.1524866e-17   4.2276619e-01   5.2734164e-01   2.4608304e-01
   4.1232269e-17   6.7337405e-01   2.1063683e-01   1.1261819e-01   0.0000000e+00
   5.9451161e-01   3.5664874e-01   1.1111533e-01   4.8774651e-08   7.7619964e-07
   3.2726083e-01   6.1083313e-01   2.0130804e-01   1.4082828e-06   3.0217296e-01
   7.4102437e-19   4.5707072e-18   1.5209644e-18   7.9595006e-02   8.2092660e-01
   8.8804443e-02   0.0000000e+00   8.9616507e-02   8.3075571e-01   1.3195390e-09
   5.1756872e-01   1.7104587e-01   8.5460658e-07   1.3720433e-06   4.5377813e-01
   4.9206912e-01   1.6374248e-01   0.0000000e+00   2.7545904e-01   2.5725400e-01
   5.4759421e-01   0.0000000e+00   5.1177465e-01   7.3574496e-07   1.0512693e-01
   2.6786275e-01   4.2593735e-01   0.0000000e+00   6.1210753e-01   3.0457420e-01
   4.0291605e-01   2.6966772e-01   5.0519300e-07   1.4416376e-01   4.5790004e-01
   4.8920800e-01   1.6343433e-01   1.5234281e-01   3.1152046e-04   3.6773325e-01
   4.9246721e-19   1.8247275e-17   2.9810913e-01   1.7757855e-01   7.8871370e-01
   4.9132319e-18   8.0239166e-02   7.4990514e-02   8.1381640e-01   0.0000000e+00
   4.0112983e-17   6.5509473e-01   1.2248853e-01   2.0032961e-01   2.5759732e-08
   5.3494303e-01   1.3379561e-01   1.2196646e-06   3.5076632e-01   1.0919039e-01
   6.1933165e-02   6.8921332e-02   3.0723828e-02   0.0000000e+00   7.8663114e-01
   3.5550754e-01   1.7871840e-01   4.5794355e-01   2.4468141e-01   1.3450586e-01
   3.5033047e-01   1.2107222e-01   3.1204132e-01   2.2994270e-08   5.4279780e-01
   6.0806257e-01   2.4446888e-01   1.0646107e-06   8.1255211e-07   1.9857536e-01
   4.1287720e-01   4.4364680e-01   2.4806229e-01   2.2878350e-01   0.0000000e+00
   7.8037589e-01   0.0000000e+00   8.6598125e-07   8.4243521e-04   1.3418760e-03
   2.0496902e-01   7.1497706e-08   2.7806512e-03   8.4490686e-01   1.5688888e-07
   4.0985477e-17   6.6934364e-01   1.0423225e-01   0.0000000e+00   1.8219439e-01
   8.5087097e-02   6.2568880e-01   1.1255620e-01   2.8720109e-01   9.6483343e-02
   3.9808584e-18   1.4679540e-18   6.9291665e-02   6.9507219e-01   1.7436428e-01
   5.3182986e-01   3.7905957e-03   1.2425472e-01   4.5834588e-01   1.2584341e-03
   3.7357198e-17   6.1008934e-01   1.1294949e-06   2.3749047e-01   2.0059741e-01
   2.9207343e-01   2.3374203e-01   5.1449843e-01   0.0000000e+00   4.3485151e-01
   6.0435483e-01   0.0000000e+00   3.3891956e-01   1.0649548e-01   7.8542735e-07
   4.5570100e-01   0.0000000e+00   4.2592200e-01   4.7853912e-07   3.7213355e-01
   3.5051424e-01   0.0000000e+00   4.9121739e-01   1.5271267e-01   4.2913220e-01
   3.3984248e-01   0.0000000e+00   3.2131454e-01   2.2228166e-08   7.1196128e-01
   3.4095662e-01   0.0000000e+00   7.1196153e-01   2.9532880e-01   5.0744552e-08
   8.0357796e-03   5.4437781e-01   8.6020304e-02   4.8022595e-01   3.0062874e-03
   4.3869608e-01   5.8521166e-01   2.7352835e-01   6.3406000e-07   7.4989360e-07
   3.2630065e-01   0.0000000e+00   1.5250653e-01   1.4265789e-01   6.6590677e-01
   4.4244377e-01   0.0000000e+00   6.8874186e-01   1.4271056e-09   1.2084846e-01
