   5.1728297e-01   9.8732091e-07   1.6283380e-05   1.0956095e-01   1.6845306e-07
   7.3381017e-07   7.0851349e-01   4.5251405e-07   3.2102426e-07   1.9412691e-07
   5.9077709e-01   0.0000000e+00   0.0000000e+00   7.1499201e-02   1.1426513e-08
   4.8471350e-01   8.0732767e-02   0.0000000e+00   6.8506357e-02   5.4413669e-09
   0.0000000e+00   5.1740334e-01   2.4868005e-05   1.0957808e-01   1.6847940e-07
   5.8720847e-01   7.3420714e-02   0.0000000e+00   5.6048671e-08   1.9160921e-07
   8.1060980e-02   4.8071090e-01   0.0000000e+00   6.7954156e-02   2.2262708e-05
   0.0000000e+00   5.9045182e-01   0.0000000e+00   7.1459834e-02   2.3882183e-07
   7.0857163e-01   7.2586489e-07   4.6773605e-07   2.8975264e-07   1.7064287e-07
   7.3492696e-02   5.1569584e-01   1.1250781e-04   3.1201812e-02   1.0503034e-05
   8.8116863e-02   3.4418360e-05   8.5241065e-02   6.4182456e-02   4.3034197e-02
   4.1157869e-01   8.9953981e-02   5.6271385e-02   4.8820691e-02   6.4178154e-06
   4.6478412e-01   9.1415294e-09   1.0242644e-01   3.2550472e-02   8.4845608e-05
   4.4975408e-01   7.3315744e-02   4.5847699e-02   3.0697599e-02   4.8062160e-04
   1.9372920e-02   2.1192109e-02   1.7039024e-07   6.7891956e-02   4.2991033e-02
   7.1313732e-07   7.1760180e-07   4.6046503e-01   1.4547083e-09   1.9597670e-07
   9.4351394e-02   1.0763991e-01   3.3272443e-02   3.2010528e-02   1.1494950e-02
   1.6541679e-02   1.6313850e-02   6.1017291e-02   4.0520076e-02   2.7235027e-02
   9.0598802e-02   5.7241577e-06   8.8343158e-02   9.0185536e-04   8.2002976e-02
   0.0000000e+00   5.7109807e-01   0.0000000e+00   8.8463980e-05   7.8303920e-02
   0.0000000e+00   1.3123942e-01   1.0689643e-01   6.3020194e-02   1.8969380e-07
   2.8203581e-09   4.9491730e-01   5.0644495e-02   1.0197294e-01   0.0000000e+00
   6.4229223e-05   5.5149233e-01   5.1166435e-02   3.3426987e-02   1.5917163e-10
   4.9683623e-03   5.1819233e-03   1.6010844e-02   7.0649021e-02   1.0939871e-04
   9.6744363e-02   9.7658726e-02   3.3100227e-02   7.5860007e-05   5.1507559e-02
   9.7014361e-02   9.4551217e-02   8.7326048e-03   7.4423150e-02   0.0000000e+00
   1.0139780e-01   1.1017311e-01   2.4937137e-02   6.1713168e-04   2.9064254e-02
   1.0575925e-01   4.0874094e-05   1.0343528e-01   9.3280926e-05   5.8395084e-02
   2.7774600e-02   2.7709347e-02   0.0000000e+00   8.5874041e-02   0.0000000e+00
   4.1411096e-01   0.0000000e+00   9.2639342e-02   8.3042724e-03   8.1332319e-02
   1.7664706e-05   1.0882160e-01   1.0214458e-01   2.3593156e-02   4.4426041e-02
   1.3497613e-01   1.1147796e-01   2.2530051e-02   1.4728440e-02   2.4810972e-10
   1.9376001e-02   2.2258053e-02   6.8755779e-02   1.0640210e-02   3.8696996e-02
   5.1674271e-01   5.5089550e-06   5.6206731e-02   7.2838830e-02   0.0000000e+00
   1.8544877e-02   1.6902854e-02   6.6218412e-02   1.0854531e-02   5.4098127e-02
   0.0000000e+00   9.7679087e-02   9.6946680e-02   4.2591197e-02   4.3560332e-02
   8.8491859e-02   8.9788319e-02   0.0000000e+00   8.5026531e-02   1.2947538e-05
   3.7781494e-05   8.3214711e-02   8.2564662e-02   7.7614777e-02   1.8818667e-02
   2.5327047e-04   2.5348997e-04   8.6264931e-04   1.9660359e-01   5.6210204e-02
   0.0000000e+00   0.0000000e+00   0.0000000e+00   6.2953169e-02   5.7158589e-02
   1.9146394e-02   1.8627550e-02   5.9558110e-02   4.8453815e-02   3.3427139e-04
   8.7375446e-02   9.4238984e-02   8.6736197e-02   0.0000000e+00   1.1905307e-06
   1.0509059e-01   1.0860978e-01   2.3841493e-02   3.0500743e-02   3.8407605e-05
   0.0000000e+00   4.7164567e-01   1.0229413e-01   3.3267560e-02   1.3514586e-06
   1.1620727e-01   1.8932172e-04   1.1857113e-01   1.6200511e-03   1.2127788e-02
   0.0000000e+00   0.0000000e+00   4.1576930e-02   3.1405199e-02   7.6714236e-02
   6.8430216e-04   9.7343016e-02   1.2616500e-01   6.2627806e-02   1.0865584e-04
   0.0000000e+00   0.0000000e+00   0.0000000e+00   3.0012563e-01   1.7397948e-07
   9.3755894e-02   9.5723834e-02   3.1393071e-02   2.1178899e-02   3.6430487e-02
   8.0355794e-02   4.2388554e-01   5.7078634e-02   4.3733868e-05   5.4256340e-02
   1.3203963e-01   1.0291270e-01   0.0000000e+00   7.8099812e-02   0.0000000e+00
   1.2811849e-01   1.7021600e-05   1.1300196e-01   0.0000000e+00   4.2256167e-02
   8.2153257e-02   4.2830370e-01   5.0240575e-02   5.3613316e-02   2.2711795e-05
   1.9993686e-04   4.4036606e-01   4.9449285e-05   1.1222693e-01   2.5584910e-02
   4.5472046e-01   1.2453886e-01   1.7135808e-03   1.2743144e-07   2.6592002e-08
   8.1115299e-02   9.4902623e-02   0.0000000e+00   0.0000000e+00   9.9370619e-02
   1.0621740e-01   1.2213454e-01   2.0539266e-02   1.5053647e-02   6.6340661e-04
   0.0000000e+00   2.7526736e-02   0.0000000e+00   2.5331043e-02   8.9117954e-02
   8.6258134e-02   8.6820170e-02   5.5575963e-02   5.4619743e-02   2.8031247e-05
   2.3463991e-02   3.0693481e-02   0.0000000e+00   8.5251361e-02   3.3962075e-02
   0.0000000e+00   4.3395982e-01   0.0000000e+00   0.0000000e+00   1.4369544e-01
   9.7476404e-06   1.1052214e-05   3.4778138e-01   4.1392358e-02   4.3328185e-02
   7.5897937e-02   4.5512366e-01   4.9129580e-02   3.1691758e-02   3.6322593e-06
   3.9957618e-03   3.6419642e-03   1.4267714e-02   4.4676384e-02   2.8983518e-02
   9.6465652e-02   1.1431171e-01   1.2996504e-03   5.0825042e-02   1.2799161e-02
   8.3913339e-02   4.1787129e-01   1.8836051e-02   3.3046619e-02   1.8448744e-02
   1.0498641e-01   1.1634646e-01   2.8799449e-02   3.1028236e-04   9.4626345e-03
   3.1385420e-01   1.7092362e-11   1.5905026e-01   0.0000000e+00   0.0000000e+00
   0.0000000e+00   2.5987380e-01   0.0000000e+00   1.4637939e-05   1.5502504e-01
   3.5085864e-07   3.8448314e-07   4.8829682e-02   4.8444392e-02   6.6663832e-02
   2.0383576e-02   1.9464639e-02   6.5806102e-02   1.0188319e-02   3.7053533e-02
   7.8193624e-02   2.0554376e-02   6.7657137e-03   2.3177444e-01   1.2473378e-03
   8.1636316e-02   8.0405749e-02   7.0172125e-02   3.2621957e-02   4.3505464e-04
   6.1600389e-04   6.1421632e-04   3.8569559e-01   2.9994440e-02   0.0000000e+00
   2.1814730e-02   1.9883183e-02   7.7894114e-02   1.4029930e-02   1.7789417e-02
   8.9651406e-02   1.1047430e-02   1.7498753e-01   4.5766532e-02   1.5585031e-02
   7.1292446e-02   4.4408695e-01   4.8475710e-02   1.3736495e-03   2.7606228e-02
   1.1662416e-01   1.1013500e-05   0.0000000e+00   1.0864809e-01   5.0275376e-02
   9.9850863e-04   9.0299012e-04   3.2146906e-03   1.2718614e-02   3.9959185e-02
   7.5992604e-02   4.0194451e-01   5.6191095e-02   4.1117384e-02   2.0666978e-02
   7.9106774e-02   7.7906786e-02   7.0615560e-02   1.4589302e-02   1.4860545e-02
   1.3259133e-01   1.2109601e-05   1.1457981e-01   3.7040696e-02   1.6569256e-05
   8.1028332e-02   4.1530699e-01   7.6996671e-02   7.1860198e-04   9.4686248e-03
   2.3735276e-02   2.3196364e-02   7.5803604e-02   1.9770755e-02   1.0205919e-06
   1.9278631e-02   2.0575999e-02   7.1899138e-02   2.2618065e-02   1.6005438e-02
   2.9223237e-02   8.7595008e-07   2.6089863e-02   0.0000000e+00   8.9664556e-02
   2.2993313e-02   2.3175193e-02   9.0235602e-02   9.7708939e-03   3.3591242e-07
   8.5474357e-02   1.4855372e-04   9.2391997e-02   7.8717665e-02   8.4564438e-04
   9.3645243e-02   1.1203127e-01   5.9348443e-02   3.2787598e-05   2.6513419e-02
   1.2163910e-01   9.9356219e-02   2.6467218e-04   5.0375613e-02   1.5358896e-02
   4.6690842e-01   0.0000000e+00   1.0244635e-01   1.7492889e-04   2.3999386e-02
   4.1178367e-06   4.2444185e-01   1.0645922e-01   7.3583938e-02   0.0000000e+00
   8.8525216e-02   8.7373172e-02   5.3172244e-02   2.4999034e-03   3.5984789e-02
   0.0000000e+00   1.5685712e-01   0.0000000e+00   1.3319542e-01   0.0000000e+00
   9.1955613e-02   9.7184069e-02   4.6334213e-02   1.2865652e-02   1.2778095e-02
   2.1010858e-02   1.8563395e-02   6.5683741e-02   4.4115180e-02   4.0239856e-04
   1.0206783e-01   1.0350684e-01   4.4686660e-02   1.5462753e-02   6.6985448e-07
   4.3358801e-01   6.1476199e-02   4.7393987e-02   3.1773057e-02   3.3224763e-02
   3.3388836e-06   3.1688670e-01   1.5915521e-01   0.0000000e+00   0.0000000e+00
   1.0109770e-01   1.1567600e-01   4.8044787e-02   0.0000000e+00   1.0805879e-02
   4.2302590e-07   8.6855928e-02   7.1462968e-02   1.1112927e-01   0.0000000e+00
   5.1503423e-03   5.1381744e-03   1.8504762e-02   5.5816131e-02   5.3955905e-06
   1.0368522e-03   4.0021441e-01   1.0372240e-01   3.0836625e-02   3.2150123e-02
   1.2939628e-01   1.1149835e-01   1.7289672e-02   7.2626426e-07   1.3174336e-02
   4.1004528e-01   6.7633371e-06   1.0291797e-01   4.1225609e-02   2.1963329e-02
   1.1239528e-01   1.0099224e-01   2.0576979e-02   7.8118202e-04   3.5292595e-02
   8.6541881e-02   1.8508887e-02   2.1608500e-01   2.1938038e-02   1.9904537e-02
   1.5138288e-02   8.0700258e-02   1.6333783e-01   4.2269980e-02   2.1461486e-02
   0.0000000e+00   0.0000000e+00   0.0000000e+00   2.5455565e-01   2.6971489e-02
   5.3381470e-01   3.6783804e-04   9.9214852e-02   0.0000000e+00   4.1772858e-07
   5.0336116e-01   4.6244683e-05   1.0984579e-04   0.0000000e+00   1.1156350e-01
   9.1959167e-04   9.3182072e-04   3.0093745e-01   8.3116273e-02   6.3999691e-05
   4.9624644e-01   6.7460694e-02   5.0869123e-02   1.7269838e-03   0.0000000e+00
   1.2374150e-01   1.3346167e-01   1.8877825e-02   0.0000000e+00   1.1109791e-06
   8.3334533e-02   4.8302326e-01   3.7647232e-04   3.5076240e-04   2.5814218e-02
   0.0000000e+00   9.5606883e-02   8.7167338e-02   0.0000000e+00   8.7909504e-02
   9.4050400e-02   8.6449328e-02   1.5759671e-03   8.3001890e-02   3.7012114e-05
   1.8809950e-02   2.2361953e-02   7.0431156e-02   4.6850537e-02   3.1500333e-05
   3.9763394e-06   5.5054895e-01   0.0000000e+00   3.3349968e-02   6.5080696e-02
   8.4799825e-02   4.4818330e-01   1.5864427e-04   7.1258402e-04   6.6713013e-02
   1.2990121e-01   4.7452474e-01   1.6424955e-09   2.0823434e-09   5.8409215e-07
   1.0165482e-01   1.0777372e-01   0.0000000e+00   3.3161789e-02   3.4316958e-02
   1.3420162e-01   1.1101006e-01   2.3915507e-02   1.4806957e-02   2.4943238e-10
   1.8569960e-02   1.8415666e-02   6.5695339e-02   3.4902567e-02   9.8514031e-03
   9.5187667e-02   1.0205181e-01   5.1155794e-02   2.8906137e-02   0.0000000e+00
   1.1189964e-01   8.5797371e-04   1.0956667e-01   2.5937164e-02   4.6050978e-02
   1.9287767e-02   1.8831689e-02   6.1897340e-02   2.9425459e-02   2.6990145e-02
   2.2491127e-02   2.5613875e-02   1.0447764e-02   7.2639425e-05   1.2146106e-01
   3.1594259e-07   1.5370113e-01   1.2490891e-01   5.1867721e-04   8.9923018e-04
   2.7734678e-02   0.0000000e+00   2.4408752e-02   8.2362717e-02   9.2955067e-03
   3.5299389e-04   1.3582421e-01   3.9821640e-06   2.0698098e-01   0.0000000e+00
   1.6047398e-02   1.1289184e-01   2.5282067e-01   0.0000000e+00   9.6544622e-08
   9.9004130e-02   1.0061867e-01   1.2351672e-04   2.0023552e-02   5.4119345e-02
   1.0318042e-03   1.0034380e-03   2.8651733e-01   7.7009757e-02   1.2923616e-02
   5.0863329e-03   4.5545258e-03   1.5191732e-02   5.9241996e-02   5.3936964e-03
   5.1791847e-01   5.2128234e-10   3.1872327e-04   7.2164203e-02   2.8198721e-02
   1.1683228e-05   5.0955450e-01   5.7175949e-02   3.8713984e-07   7.7307984e-02
   0.0000000e+00   0.0000000e+00   7.3016839e-02   7.1489782e-02   3.2243168e-02
   3.9616326e-02   0.0000000e+00   0.0000000e+00   3.6456296e-02   9.4038134e-02
   8.0363988e-02   4.7657757e-01   0.0000000e+00   6.7369861e-02   1.5381228e-04
   6.2613813e-01   5.2085270e-05   6.4859424e-06   3.3081928e-02   2.1892734e-05
   1.4154417e-01   2.0132075e-05   1.1674875e-01   2.2191614e-02   1.2844021e-03
   2.7142102e-02   0.0000000e+00   5.3775580e-07   2.4629655e-02   1.0199605e-01
   7.4081669e-04   9.9774107e-02   1.1537769e-01   2.0451315e-05   5.8882190e-02
   5.4184773e-01   7.2548222e-04   4.9588770e-02   3.2463386e-02   0.0000000e+00
   2.5345055e-02   0.0000000e+00   2.1952884e-02   7.5909739e-02   3.1081879e-02
   1.8617847e-02   1.7111402e-02   5.7493606e-02   4.7544176e-02   9.3576071e-03
   5.1831348e-01   7.4156945e-02   7.6455226e-05   3.1393056e-02   2.7969241e-07
   1.2222621e-02   9.4797346e-02   1.5184689e-01   2.0657288e-02   1.8183796e-02
   1.0564405e-01   1.1748937e-02   2.1678610e-01   2.3281076e-02   9.3576707e-06
   1.0912084e-01   1.1288227e-01   2.8208957e-04   1.4096635e-02   1.4615380e-02
   0.0000000e+00   1.3299851e-01   1.0790223e-01   6.0688148e-02   2.8860685e-06
   1.9358997e-02   2.2526369e-02   6.9142061e-02   2.6804366e-07   4.6342088e-02
   4.8985973e-03   5.0771566e-03   1.4919889e-02   5.2253427e-02   1.2486069e-02
   1.1660633e-01   2.4791888e-03   1.3355447e-04   1.7197758e-01   1.2362267e-04
   1.3052125e-01   1.1182441e-01   7.5214692e-05   1.2699467e-02   9.1899857e-03
   9.4423135e-02   9.3638594e-02   1.4956548e-02   6.8878913e-02   4.7880428e-04
   8.8076206e-02   9.3471027e-02   6.9490272e-02   1.5158463e-02   0.0000000e+00
   5.8278098e-01   8.5564591e-03   1.5327117e-04   4.0178501e-02   8.3602886e-07
   3.1020492e-06   3.4017924e-06   6.1588086e-02   7.1085461e-02   5.2614198e-02
   1.2836871e-01   2.3701910e-04   1.6585676e-01   2.8452288e-06   2.6571260e-13
   3.7264508e-04   5.1292112e-01   3.5834827e-05   7.3159862e-02   2.3856944e-02
   5.1682084e-01   0.0000000e+00   0.0000000e+00   4.7826408e-02   8.5392051e-02
   0.0000000e+00   1.3251123e-01   1.1463067e-01   3.7686354e-02   0.0000000e+00
   2.5731194e-02   2.5360572e-02   1.1185098e-01   5.4965723e-06   6.2829346e-05
   0.0000000e+00   1.4212349e-01   3.2201665e-04   1.2609358e-01   1.3867833e-02
   5.0464794e-07   5.2728113e-07   1.9420011e-06   5.6757599e-02   6.2760606e-02
   9.0705509e-02   1.5762963e-02   1.9290517e-01   0.0000000e+00   4.7133772e-02
   4.3758205e-01   1.1974644e-01   2.1687798e-06   0.0000000e+00   2.3246277e-02
   1.1138498e-01   1.1131544e-01   3.4404152e-06   4.7188712e-02   1.7968921e-06
   1.1839015e-01   4.2351823e-01   0.0000000e+00   4.0121921e-04   2.3398898e-02
   1.1693270e-01   0.0000000e+00   1.1552570e-01   0.0000000e+00   3.7783699e-02
   8.5162524e-02   9.0004736e-02   5.9331827e-02   1.2973460e-02   1.2885169e-02
   0.0000000e+00   4.6456225e-01   1.0446533e-01   1.7531114e-04   2.1079652e-02
   9.1717518e-04   8.1001706e-04   3.5937991e-01   1.8361140e-03   5.0389231e-02
   0.0000000e+00   4.4458239e-01   1.1002216e-01   2.7306141e-03   4.5483978e-03
   0.0000000e+00   8.9142204e-02   9.0838155e-02   7.7395823e-02   8.3144416e-04
   9.3204695e-02   1.0555718e-01   2.4160938e-02   4.0854317e-02   2.4287883e-02
   8.9629327e-02   1.4602166e-04   9.3121533e-02   6.4567164e-02   1.8984825e-02
   8.6257960e-02   8.6819995e-02   5.5575851e-02   5.4673823e-02   2.7113490e-05
   1.1473095e-01   0.0000000e+00   1.4050829e-01   4.7005124e-03   2.1287295e-02
   2.0385391e-02   2.0607360e-02   6.5589309e-02   2.2960107e-02   2.1977450e-02
   9.2708748e-02   9.2550849e-02   6.0037674e-02   2.6839570e-02   0.0000000e+00
   9.3361122e-02   8.6447403e-02   1.8570553e-03   5.4634868e-02   6.8082368e-02
   1.7898641e-02   2.0481274e-02   7.1691971e-02   3.7533355e-02   1.0330697e-02
   0.0000000e+00   2.5020753e-02   2.3239301e-02   6.0174964e-02   7.1689070e-02
   1.2816668e-01   0.0000000e+00   1.0715607e-01   2.7265896e-02   2.7291103e-02
   6.8500080e-02   4.8066282e-01   1.0486476e-04   2.9082164e-02   2.1199497e-02
   1.0639893e-01   9.4536251e-02   5.2712914e-02   3.1135733e-02   0.0000000e+00
   1.0329330e-01   9.9248383e-02   1.8544445e-03   3.1888401e-02   2.6431858e-02
   9.8282841e-02   1.1555967e-01   0.0000000e+00   6.9328503e-02   2.3404187e-04
   8.9667496e-02   1.1155369e-05   1.0062462e-01   1.6422629e-02   8.1849089e-02
   2.0244061e-02   1.9418041e-02   6.2479701e-02   2.2955037e-02   3.4976665e-02
   2.4048446e-09   5.0479603e-01   1.9105485e-03   4.1712601e-02   8.1392718e-02
   7.3390545e-02   5.8762533e-01   0.0000000e+00   0.0000000e+00   9.6215488e-08
   2.0121668e-02   1.8340031e-02   7.1848679e-02   6.9439592e-05   4.3994139e-02
   6.2246618e-03   9.9804451e-02   1.5552514e-01   4.1429121e-02   4.3287570e-04
   0.0000000e+00   5.4208845e-01   1.0111290e-01   3.1425649e-07   4.9147758e-08
   2.8913273e-05   1.2819791e-01   1.0704356e-01   3.6254591e-02   2.0110996e-02
   2.7816512e-02   0.0000000e+00   2.4578510e-02   1.0004237e-01   0.0000000e+00
   2.5841769e-02   2.6563573e-02   6.5046956e-05   8.0309668e-02   7.9119052e-03
   1.2996752e-04   5.4032206e-01   5.5758199e-02   1.7046579e-04   2.0497040e-02
   4.6116281e-01   7.4804772e-02   1.6921091e-04   3.0529710e-02   3.2100395e-02
   8.5170042e-02   4.3375562e-01   5.8798150e-10   1.3246919e-02   7.4681459e-02
   8.6668870e-02   8.7221326e-02   0.0000000e+00   6.4273036e-02   3.9361100e-02
   1.6838800e-01   0.0000000e+00   1.2719178e-01   0.0000000e+00   1.8873038e-02
   1.0121910e-01   1.3340918e-01   2.3287467e-04   5.5536762e-02   2.1614958e-02
   2.2652977e-05   9.9167818e-02   9.7535314e-02   5.5173844e-02   1.1036280e-02
   1.8530690e-03   1.8777118e-03   3.3232131e-01   4.3013185e-02   2.3135169e-02
   1.1270742e-03   9.8713097e-04   2.1314206e-01   1.2074276e-01   0.0000000e+00
   0.0000000e+00   5.3344023e-01   1.1484252e-04   0.0000000e+00   1.0090330e-01
   0.0000000e+00   1.3279107e-01   3.8597734e-06   8.5272298e-05   1.3467116e-01
   0.0000000e+00   1.2423942e-01   0.0000000e+00   1.0940676e-01   4.9607254e-02
   4.9384096e-01   9.4257793e-07   2.4342610e-04   1.0707615e-01   5.5891660e-04
   4.2225300e-02   4.1087233e-02   3.9760649e-01   1.5987734e-08   0.0000000e+00
   2.0968855e-02   2.1538781e-02   8.8215965e-02   3.3479710e-02   0.0000000e+00
   0.0000000e+00   1.6407688e-01   1.2615445e-01   1.8264402e-02   7.7058128e-08
   4.3110815e-01   1.1470628e-01   3.6999322e-02   0.0000000e+00   2.2522254e-03
   1.0929389e-01   1.0813878e-01   6.5059088e-05   4.1006084e-06   4.9663293e-02
   0.0000000e+00   8.1250396e-02   8.4136692e-02   8.0312242e-02   1.2646791e-02
   4.5621331e-01   5.6499129e-05   2.4523750e-04   1.0368999e-01   2.7688412e-02
   4.7686677e-06   2.9376886e-02   2.7450566e-02   7.8910984e-02   2.5825854e-02
   1.9653213e-07   1.9894505e-07   4.1346552e-02   3.1410166e-02   7.6726368e-02
   1.4950692e-06   1.4868769e-06   9.3538754e-02   8.5695175e-02   1.1828268e-06
   8.4951604e-03   1.1010932e-01   2.0976257e-01   2.2530532e-02   8.0006540e-06
   0.0000000e+00   4.0175700e-01   1.4202809e-01   4.0518505e-07   1.2490846e-03
   0.0000000e+00   5.3130796e-01   5.8230881e-02   1.6775000e-03   2.0416571e-02
   6.7843511e-05   4.9369428e-01   4.9605316e-02   5.7869088e-03   6.7181523e-02
   0.0000000e+00   5.7678297e-02   5.5754692e-02   1.0214890e-01   3.8008738e-05
   8.3159391e-02   8.7829741e-02   5.2587937e-02   3.7828140e-02   1.5114069e-02
   2.0038848e-02   1.8502038e-02   1.5511814e-04   6.8939377e-02   4.4108819e-02
   0.0000000e+00   0.0000000e+00   3.2118348e-01   5.8231847e-02   2.5378506e-02
   2.0611953e-02   2.0614035e-02   6.6943628e-02   6.0371699e-05   3.7793476e-02
   4.3476523e-01   6.1643111e-02   4.5916028e-02   3.1672455e-02   3.2631918e-02
   1.3301907e-05   1.1879065e-01   1.2626367e-01   1.6296427e-02   2.0436804e-05
   9.8481348e-02   8.4169672e-02   7.7713127e-02   3.3846181e-05   1.6234595e-02
   3.1202073e-10   1.1648696e-01   0.0000000e+00   1.1256219e-01   4.2754359e-02
   1.1502005e-01   9.8297333e-02   2.7611799e-02   1.8954641e-02   2.0600915e-02
   1.1970579e-01   9.8866055e-02   2.0006959e-02   3.3866068e-02   1.9451264e-02
   1.7066448e-02   9.5987102e-02   2.3643539e-01   5.1429088e-02   5.0009431e-06
   0.0000000e+00   8.9254101e-02   8.3961671e-02   6.3219133e-02   4.7668888e-02
   1.7859117e-02   1.8359527e-02   8.8829979e-06   6.9672593e-02   4.8437148e-02
   2.3117408e-04   2.4015021e-04   7.9755345e-02   1.0130721e-01   3.1616628e-05
   1.8466150e-02   1.7965739e-02   6.0129853e-02   4.7795035e-02   3.2972663e-04
   0.0000000e+00   4.0290733e-01   1.0739412e-01   6.1407007e-03   5.5643974e-02
   5.1180553e-01   0.0000000e+00   4.4496587e-02   2.3780059e-03   6.7403364e-02
   1.1117421e-01   1.1256436e-01   0.0000000e+00   1.1585413e-02   2.6765313e-02
   0.0000000e+00   1.1065742e-01   1.3648392e-01   4.5265414e-02   4.9401587e-04
   4.3996428e-01   7.6465425e-04   3.7243431e-05   1.2447011e-01   1.2968289e-03
   3.5649545e-01   3.2751870e-05   7.7796080e-05   0.0000000e+00   1.5722363e-01
   7.5773727e-06   8.1905388e-06   3.4069433e-01   5.4816633e-04   6.6399291e-02
   1.1622014e-01   6.5749619e-04   1.2891628e-01   1.7414637e-02   4.6129897e-06
   3.0144680e-01   1.4775968e-01   0.0000000e+00   1.4559243e-02   0.0000000e+00
   9.0192113e-02   1.7739286e-09   2.0348710e-02   6.4705834e-03   2.1840223e-01
   1.1303405e-01   1.3882124e-01   2.1692084e-04   1.5195322e-03   2.2207809e-02
   1.0171457e-01   1.0219305e-01   1.1443154e-06   6.6371072e-02   1.7073360e-07
   1.1579021e-01   4.1585847e-01   3.4726169e-02   7.5793807e-04   2.6314728e-06
   1.3767640e-01   1.1875912e-05   1.2128119e-01   1.6420043e-02   0.0000000e+00
   2.6918654e-02   5.3926640e-05   5.8656202e-07   2.6316595e-02   9.0280173e-02
   3.5110132e-06   9.1416292e-02   9.0674801e-02   4.0023781e-02   6.6729753e-02
   0.0000000e+00   0.0000000e+00   4.7590982e-02   5.2782513e-02   6.8503196e-02
   1.7032823e-01   1.3549743e-01   5.8152015e-07   2.2002881e-06   0.0000000e+00
   8.2964087e-02   9.0001025e-02   7.1753427e-02   3.0591226e-05   2.6789737e-02
   4.4363931e-01   5.2151335e-09   6.5681771e-02   7.1204090e-02   5.1662368e-02
   1.0187879e-01   1.0170177e-01   6.5975007e-02   9.3303183e-06   9.1699885e-11
   1.0691032e-01   1.2336608e-01   0.0000000e+00   3.8284258e-05   5.3302158e-02
   1.1088636e-01   3.9756277e-01   8.9111237e-04   4.2795626e-03   2.2021737e-02
   1.1862891e-01   9.4113726e-02   6.9506392e-02   1.1073905e-04   1.0065108e-02
   4.0963161e-01   2.5218723e-03   1.0803757e-01   5.2793399e-02   1.1318222e-03
   9.3714018e-02   9.0536172e-02   3.1025494e-02   5.0461997e-02   8.9990486e-03
   2.2775266e-02   2.2973698e-02   1.8773756e-07   7.6597705e-02   1.9819223e-02
   4.1448189e-01   1.0814372e-01   3.0986753e-03   2.4372900e-02   3.8283061e-04
   1.0894067e-01   3.6419168e-09   9.7915364e-03   2.1650344e-01   2.6973344e-02
   2.0727450e-02   1.8892174e-02   7.4011750e-02   2.4158035e-02   1.8849655e-02
   2.5987930e-02   2.2195122e-02   7.4736339e-02   2.0235853e-03   2.5547057e-02
   8.3945493e-02   8.9136586e-02   6.5964057e-06   7.5300538e-02   1.4175092e-02
   1.2789246e-04   1.1378585e-01   1.2160729e-01   2.2975348e-04   2.0838877e-02
   8.1040358e-02   4.2250163e-01   5.8792396e-02   5.4773528e-02   2.3114250e-05
   0.0000000e+00   9.9395101e-02   2.8890690e-06   2.1704416e-02   1.8238181e-01
   3.7615964e-01   1.0302262e-01   1.1822219e-01   1.7003746e-07   1.1171652e-08
   1.1006092e-01   1.0575099e-01   1.4486639e-04   3.1511162e-02   7.6398550e-03
   0.0000000e+00   1.2268451e-01   6.5302965e-05   3.0260852e-03   1.5558403e-01
   1.1265834e-01   1.0592985e-01   6.2530724e-04   3.3637776e-03   3.0053443e-02
   4.7363032e-05   1.2870913e-01   6.4887018e-03   1.6873600e-01   1.9676087e-02
   0.0000000e+00   6.3955505e-01   0.0000000e+00   3.3856436e-02   4.3828254e-07
   0.0000000e+00   5.3676119e-01   4.0598972e-02   4.1527632e-04   5.7433788e-02
   9.7360657e-02   1.5871049e-02   1.0639533e-02   2.2225320e-01   2.7382033e-04
   5.8180704e-04   6.0778934e-04   8.1578889e-02   1.2574265e-01   0.0000000e+00
   1.5801009e-02   8.2748521e-02   1.7528409e-01   2.4493283e-02   3.2215821e-02
   2.1036263e-02   2.1265319e-02   7.0328889e-02   2.0414756e-02   6.7452146e-03
   8.7137653e-02   1.0055182e-01   7.1258117e-02   7.7851347e-05   1.4625011e-02
   9.8945988e-02   9.3939725e-05   1.1985576e-01   3.5040041e-02   3.3428629e-02
   4.0638358e-04   5.4462995e-01   1.3826705e-03   3.3864945e-02   2.2949977e-02
   1.0162823e-01   8.6653673e-02   6.5221571e-02   5.6268344e-04   2.6487649e-02
   4.8551882e-01   6.1759086e-02   4.0054600e-04   6.1651399e-03   4.4003612e-02
   4.1575645e-06   3.3490421e-02   2.6127249e-02   1.0397022e-01   4.1989120e-08
   1.9208888e-02   1.8039363e-02   7.2094705e-02   3.6909417e-02   8.1134861e-03
   4.5518728e-01   0.0000000e+00   8.2480832e-02   1.7109548e-04   8.3766645e-02
   5.6965419e-05   4.8912302e-01   4.9131996e-02   3.0051470e-02   5.8706933e-02
   5.9061812e-05   5.0712331e-01   4.7049959e-02   3.0737697e-02   3.1377482e-02
   1.1710444e-01   1.1280623e-01   4.4798575e-02   0.0000000e+00   1.2540499e-07
   1.0584219e-01   1.1223874e-01   1.2927471e-04   1.3218920e-02   3.0981493e-02
   1.6897767e-05   1.0421325e-01   1.3087127e-01   4.2359655e-02   1.5015116e-02
   1.2572949e-01   1.1621591e-01   2.7044780e-02   8.0851068e-06   9.8602811e-06
   8.0117416e-02   8.6560096e-02   2.8327617e-04   5.4734916e-02   6.8258259e-02
   1.0481389e-04   6.0685455e-01   4.9208254e-02   4.8301679e-10   2.9034008e-05
   1.8537344e-02   1.6895988e-02   6.6191515e-02   1.0937014e-02   5.4142147e-02
   1.8639782e-05   4.1827503e-01   1.1229431e-01   6.3867917e-02   0.0000000e+00
   3.2933054e-07   1.6021416e-01   1.3020188e-01   5.4065597e-04   2.7321300e-07
   9.2434939e-05   4.0654791e-01   8.6895356e-02   6.8932787e-02   3.8969575e-02
   4.8899596e-01   0.0000000e+00   1.2452047e-01   0.0000000e+00   9.3938258e-09
   3.6029480e-06   5.2015862e-01   9.5965165e-06   1.0836134e-01   0.0000000e+00
   2.9129697e-07   3.0702590e-07   2.4483635e-02   1.8663439e-02   6.6946933e-02
   5.7894296e-02   5.2524956e-01   3.6746667e-04   3.4237177e-04   2.5196712e-02
   1.7066004e-02   1.8715049e-02   2.8638633e-05   7.1295554e-02   5.2769699e-02
   5.2496960e-01   0.0000000e+00   3.4000095e-02   9.0516188e-02   1.4465678e-08
   1.0399964e-02   9.9548955e-02   1.6640568e-01   0.0000000e+00   3.7069353e-02
   4.2984226e-01   6.8698759e-02   2.8141227e-03   6.5326045e-02   2.7502225e-02
   1.4925026e-01   1.2033609e-01   1.2577995e-05   0.0000000e+00   2.6720920e-02
   1.1845309e-01   1.0581392e-01   2.3197420e-02   1.0872258e-03   1.1274642e-02
   3.6173742e-05   3.2610626e-05   6.9976967e-02   9.5633249e-02   4.4834689e-02
   6.1924170e-01   7.4475645e-11   0.0000000e+00   0.0000000e+00   5.1530636e-02
   1.0118997e-04   9.4697953e-05   2.8965876e-01   1.0630147e-02   9.5237974e-02
   6.0427210e-01   5.7617245e-05   5.0566349e-02   0.0000000e+00   8.2455293e-05
   4.3063395e-01   5.4718509e-10   1.4455885e-01   0.0000000e+00   1.8234640e-08
   8.0761328e-02   8.7243156e-02   8.0235298e-02   1.3780715e-02   2.4363913e-06
   2.2375514e-05   1.2380071e-01   1.1972080e-01   2.1458934e-02   1.5116175e-06
   2.0662540e-02   2.3792048e-02   7.0159171e-02   1.7116446e-02   2.7629800e-02
   1.1019234e-01   1.2472884e-02   2.3952053e-01   2.5536084e-03   2.4583638e-04
   3.7826568e-08   3.7004110e-08   1.2699372e-07   4.3852807e-07   1.9479291e-01
   5.9506718e-01   6.6719124e-05   4.6891589e-04   2.3897603e-03   1.8424133e-02
   2.0017127e-04   4.4088237e-01   4.9507262e-05   1.1199517e-01   2.5589611e-02
   1.7668973e-02   1.7807363e-02   6.0645084e-02   2.8790050e-02   3.5761387e-02
   4.8222736e-01   6.0536916e-02   1.3292398e-04   7.3908288e-02   8.8547270e-04
   1.0330399e-01   1.1219106e-01   1.9307841e-02   6.1419667e-04   2.7639513e-02
   1.0532850e-01   9.7250695e-02   8.5099242e-07   3.3737623e-04   6.6435643e-02
   2.1920248e-05   9.4147887e-02   9.3435997e-02   6.1356477e-02   1.6187293e-02
   9.1710966e-02   1.4897449e-02   1.5629771e-01   1.3805374e-02   1.5548998e-02
   1.2349937e-01   1.5028812e-01   4.5975629e-06   1.2583907e-02   0.0000000e+00
   1.6961210e-02   8.9472223e-02   9.5938174e-03   2.5902991e-01   1.8263656e-10
   2.7072378e-07   3.1471466e-02   2.6749169e-02   5.6655391e-05   9.2615617e-02
   4.3720489e-01   1.7957976e-03   1.0939264e-01   2.1868361e-04   2.1865399e-02
   3.6262535e-03   5.6830323e-01   7.5191244e-09   5.4962542e-04   5.1456624e-02
   1.7373724e-02   1.1070269e-01   1.8602956e-01   0.0000000e+00   3.6195330e-05
   1.5004463e-09   8.9667095e-02   1.0004231e-01   3.9884888e-02   6.8753504e-02
   4.6602566e-01   6.5353173e-02   3.8888823e-04   2.6823937e-02   4.7878517e-02
   2.5351506e-02   2.8652672e-02   8.6330023e-02   2.7440623e-06   2.5442821e-04
   3.9194909e-01   1.2641479e-01   4.4753438e-02   7.2402671e-06   2.1273371e-05
   4.3332130e-04   1.2047689e-01   1.1489400e-01   1.6262863e-02   1.6303659e-02
   2.4119727e-02   2.4256084e-02   0.0000000e+00   7.5104452e-02   2.1286832e-02
   1.2854051e-01   2.3733632e-04   0.0000000e+00   7.5464683e-07   1.3883435e-01
   1.8528767e-02   1.8460720e-02   7.1423634e-02   4.8064892e-02   1.7657025e-08
   7.9861732e-09   6.7575463e-05   1.2000287e-01   3.1766390e-03   1.8442009e-01
   8.4938200e-02   8.3832836e-02   5.1017720e-02   3.0555129e-02   3.2916740e-02
   4.2497651e-01   9.5996501e-02   6.3664411e-03   0.0000000e+00   6.1845873e-02
   1.1496631e-01   1.1228014e-01   1.0903960e-05   1.5064789e-02   1.2486321e-02
   1.0336672e-01   1.0819555e-01   1.2022206e-07   2.2330365e-02   4.1681740e-02
   4.0138395e-06   4.4016867e-06   7.9690771e-02   9.1979726e-02   8.1143905e-03
   9.0117797e-14   5.1701177e-01   5.6275745e-02   7.2622175e-02   6.7592340e-06
   1.0469935e-01   2.9391429e-06   1.3236269e-01   4.4859558e-02   1.7892459e-02
   2.1055345e-02   5.4692948e-01   0.0000000e+00   3.0436675e-02   2.1379382e-02
   4.9309421e-02   4.9622709e-02   0.0000000e+00   9.5129362e-06   1.0074801e-01
   4.4250083e-01   0.0000000e+00   4.3860557e-02   0.0000000e+00   1.4720696e-01
   4.9134657e-01   6.6765277e-02   6.3210132e-04   3.9887565e-03   2.1984457e-02
   1.3285913e-01   1.0891228e-01   3.3746630e-03   4.0709871e-02   1.2423912e-05
   2.0488230e-02   2.1045731e-02   1.7452638e-07   8.8096456e-02   3.8816788e-02
   4.0832514e-01   1.1174014e-01   2.0237743e-06   1.1564824e-02   2.5630842e-02
   1.0829923e-01   9.9253603e-02   2.9169271e-04   2.0738880e-02   4.5558356e-02
   1.2988724e-01   0.0000000e+00   1.0859457e-01   2.2557116e-02   2.6732233e-02
   1.3241471e-08   4.6930630e-01   0.0000000e+00   1.3197264e-01   2.3360876e-07
   9.4753700e-05   1.1265724e-01   0.0000000e+00   1.2739139e-01   3.0823173e-02
   2.8529055e-02   2.7009576e-02   7.6881937e-02   1.4613726e-02   5.1333311e-04
   1.5578798e-01   0.0000000e+00   1.0626294e-04   1.3435859e-01   4.4346491e-06
   2.1027511e-02   2.0038028e-02   6.7864520e-02   3.5735376e-03   3.3166311e-02
   9.9222014e-02   8.9442017e-02   5.1543089e-02   1.4781892e-02   1.1461010e-02
   4.3309848e-01   0.0000000e+00   9.5027971e-02   3.2768284e-02   2.8887020e-02
   1.1535973e-01   1.0428815e-01   2.6088032e-02   0.0000000e+00   3.2656298e-02
   1.0992821e-01   1.9105432e-04   1.1882496e-01   3.8429656e-04   2.9440879e-02
   1.6070334e-06   1.2929507e-01   1.5916962e-01   2.3469317e-07   5.3079021e-04
   1.3775938e-01   5.7043396e-06   1.1541753e-01   1.1254760e-04   3.3413930e-02
   0.0000000e+00   5.3356882e-01   5.6478578e-02   2.8124852e-02   1.0729947e-03
   9.3843109e-02   8.6893698e-02   1.4305425e-03   5.3741075e-02   6.7368680e-02
   3.2126934e-05   1.0521484e-01   1.1409963e-01   2.0897716e-02   2.6497510e-02
   8.9987564e-02   1.2222028e-02   1.7816068e-01   1.6700403e-02   3.8662968e-02
   1.2238511e-01   1.4558710e-01   1.7311497e-03   4.9373017e-04   0.0000000e+00
   2.4368247e-02   2.1724867e-02   1.9355920e-07   7.4655993e-02   3.0398303e-02
   4.3410691e-01   0.0000000e+00   7.7894957e-02   7.4065029e-02   2.3616316e-02
   1.0312129e-01   1.1198599e-01   2.5354073e-02   5.4296718e-04   2.1065569e-02
   1.1910422e-01   9.0702287e-03   1.5347676e-01   1.6445345e-04   1.6864765e-02
   1.0485028e-01   9.5566499e-02   2.6343964e-02   2.4869088e-02   2.5656240e-02
   0.0000000e+00   1.4133879e-01   4.7916094e-04   1.2729088e-01   1.3999513e-02
   2.1595515e-02   2.2388344e-02   6.3540359e-02   3.7234845e-02   9.8891580e-03
   8.7375446e-02   9.4238984e-02   8.6736197e-02   0.0000000e+00   1.1905307e-06
   1.1533400e-01   3.5963370e-04   1.1492426e-01   1.5663914e-02   1.2840594e-02
   0.0000000e+00   6.1547348e-01   0.0000000e+00   1.6599037e-07   5.4068856e-02
   1.1654423e-01   0.0000000e+00   9.7438907e-02   5.2597584e-02   2.9040819e-02
   5.0024167e-01   1.5169023e-04   6.4158047e-02   2.0110986e-03   3.6033379e-02
   5.0629367e-01   0.0000000e+00   1.9462758e-04   7.6577725e-02   4.1653806e-02
   1.0237676e-01   0.0000000e+00   1.1988376e-01   1.6720933e-02   5.3250150e-02
   0.0000000e+00   0.0000000e+00   1.1244910e-01   8.5717798e-02   9.4076002e-03
   8.0735400e-04   4.0185218e-01   1.0325760e-01   3.0698442e-02   3.1319836e-02
   1.8880082e-02   1.8703274e-02   6.9797900e-02   2.3044193e-02   2.7448077e-02
   3.0946585e-05   2.5619363e-01   0.0000000e+00   1.4656686e-05   1.5522358e-01
   5.6743879e-01   3.9100754e-04   3.6536971e-02   0.0000000e+00   2.2852321e-02
   5.5613393e-01   4.6343202e-04   4.2325012e-04   3.1186646e-02   2.0410592e-02
   4.7283651e-01   7.6698352e-02   1.7349425e-04   3.1302527e-02   3.2024275e-02
   1.9211370e-02   2.1782519e-02   6.5667438e-02   2.7152796e-02   2.8422670e-02
   0.0000000e+00   2.6620311e-02   2.5053325e-02   8.4297897e-02   3.1547611e-04
   4.2015787e-04   8.2431198e-02   9.5467717e-02   6.3561670e-02   4.3202845e-02
   5.6193047e-01   1.0115337e-04   0.0000000e+00   8.8711163e-05   7.8133023e-02
   0.0000000e+00   1.2048012e-01   1.1561839e-01   9.5891050e-04   1.8513884e-02
   5.5246482e-01   0.0000000e+00   1.9639686e-03   2.3781617e-02   4.4434967e-02
   1.2661879e-01   1.2256466e-01   0.0000000e+00   0.0000000e+00   1.4031276e-02
   6.5852910e-02   3.4477412e-02   1.4418041e-01   0.0000000e+00   0.0000000e+00
   1.7099606e-02   9.0202281e-02   1.7388670e-01   2.2483553e-05   2.5385647e-02
   5.8202467e-01   1.0341864e-02   5.3164689e-04   0.0000000e+00   3.2370830e-02
   9.2491752e-02   8.8649812e-02   4.6463279e-02   2.0644614e-02   2.5738618e-02
   1.0957798e-01   0.0000000e+00   1.2831643e-01   1.7897089e-02   2.4137036e-02
   4.6190847e-01   6.0362501e-02   3.5680051e-02   6.1452183e-03   2.3666960e-02
   1.8245893e-02   2.1357307e-02   7.0073737e-02   4.5843238e-02   1.8117386e-04
   1.4567993e-02   9.7472873e-02   1.8332676e-01   1.5891956e-02   0.0000000e+00
   1.1686668e-01   9.4485367e-05   1.4836936e-04   1.2634138e-01   1.3384331e-02
   6.6940106e-02   5.0161295e-01   3.6793292e-03   3.2297596e-02   1.0871893e-05
   1.2508348e-01   4.3036955e-01   1.1984247e-03   2.7026071e-05   4.8781405e-04
   1.0322835e-01   8.8441156e-02   5.7031586e-02   1.5348660e-02   1.1900448e-02
   8.9545363e-02   1.0973032e-01   7.6333828e-02   6.8214976e-08   1.5105768e-02
   1.0507828e-01   1.0923732e-02   1.9753503e-01   1.0272595e-05   1.1823273e-02
   1.2349691e-01   1.0112691e-01   2.6067776e-02   5.4862329e-02   1.3882358e-05
   0.0000000e+00   5.3710304e-01   4.0322236e-02   4.1496920e-04   5.7391313e-02
   7.4597349e-02   4.4732465e-01   5.4437790e-02   3.3393534e-02   7.4953687e-05
   1.1932004e-01   9.7461984e-02   2.3069029e-04   5.5769509e-02   1.4006801e-02
   5.0400173e-04   6.2495439e-01   1.6256609e-06   3.8368485e-07   2.7227145e-02
   9.2755846e-02   1.3181795e-02   1.5056364e-01   4.5249309e-02   1.1833634e-03
   1.2777771e-04   5.1284439e-01   2.8172540e-02   4.7688064e-02   2.9546898e-02
   2.0499254e-02   5.0592152e-01   1.9767369e-07   7.1053102e-02   2.8070314e-02
   0.0000000e+00   1.1114208e-01   6.7780426e-03   1.5590409e-01   1.7616575e-02
   1.7485171e-02   1.7565504e-02   5.6422909e-02   4.6658553e-02   9.1832995e-03
   8.2973773e-02   8.4992927e-02   7.8073901e-02   1.3538031e-02   0.0000000e+00
   2.1725078e-02   2.1035770e-02   8.3005864e-02   1.0098158e-02   7.5378185e-03
   5.1689719e-03   5.1567600e-03   1.8923426e-02   5.6555569e-02   0.0000000e+00
   1.2905404e-01   0.0000000e+00   2.0466772e-05   1.1551941e-01   3.4645766e-02
   5.1744278e-04   5.6161917e-04   7.4893211e-02   2.5848788e-03   1.3738225e-01
   0.0000000e+00   5.8830384e-01   0.0000000e+00   7.1199874e-02   9.4936767e-06
   1.1643419e-01   3.9900716e-01   1.1136377e-03   2.3633452e-02   5.6683841e-04
   4.8558288e-02   5.1068669e-01   1.6700315e-06   2.0476361e-02   4.3045920e-02
   5.4706179e-07   5.4450412e-07   3.5130679e-01   4.4699362e-02   1.3763852e-02
   2.6323853e-02   2.2319469e-02   9.0839158e-02   1.3240605e-05   1.2485524e-02
   2.1097220e-02   2.3135792e-02   1.2404556e-03   1.0238035e-01   9.0319266e-03
   9.9204702e-02   1.0509198e-01   2.6716853e-02   1.9731382e-02   9.9176550e-03
   8.8336412e-02   9.3359087e-02   6.1543041e-02   1.3456963e-02   8.5393966e-04
   3.9265639e-01   1.1279829e-01   1.9768471e-06   3.1292836e-05   8.1260924e-02
   2.3083842e-04   5.6415883e-01   0.0000000e+00   2.2411333e-02   4.8158808e-02
   4.8069446e-01   1.0507702e-01   3.6558629e-03   4.6830257e-05   3.3166210e-05
   1.2445933e-01   1.1253171e-01   7.1925088e-04   2.7907359e-02   0.0000000e+00
   5.3368188e-01   0.0000000e+00   0.0000000e+00   3.4452669e-02   8.2452751e-02
   9.7846981e-03   9.1545906e-02   1.7312117e-01   4.5278401e-02   1.5497305e-02
   1.7802328e-02   9.8027476e-02   0.0000000e+00   2.8873214e-03   2.0353318e-01
   5.0517723e-01   8.4141159e-02   0.0000000e+00   3.7243495e-02   5.0954229e-09
   1.2860831e-01   0.0000000e+00   0.0000000e+00   1.1569733e-01   3.2564326e-02
   0.0000000e+00   0.0000000e+00   2.7477285e-01   9.5368943e-02   0.0000000e+00
   3.0557222e-01   1.6641329e-11   1.5485324e-01   3.9431324e-04   0.0000000e+00
   4.7603007e-05   1.9691527e-01   1.3633542e-01   0.0000000e+00   1.2615359e-02
   9.7613726e-02   1.8023332e-04   1.2363130e-01   6.3009466e-02   4.2936701e-04
   3.0294715e-02   2.4565948e-02   2.3946704e-05   1.2135226e-06   1.0487944e-01
   3.1911624e-06   3.1655850e-06   3.4177056e-01   1.5639468e-02   5.9988933e-02
   4.5404094e-03   4.6124356e-03   1.4302245e-02   5.1383588e-02   1.3425407e-02
   8.5581147e-02   1.1644298e-05   8.6622684e-02   6.3381500e-02   4.2497158e-02
   1.5685712e-01   0.0000000e+00   0.0000000e+00   1.3319542e-01   0.0000000e+00
   1.0561879e-01   9.0808624e-02   3.3039028e-02   5.0331874e-02   9.4523915e-03
   1.1219715e-01   1.4805871e-02   1.5459623e-01   1.5042648e-02   1.2911712e-02
   0.0000000e+00   1.6407688e-01   1.2615445e-01   1.8264402e-02   7.7058128e-08
   1.6974722e-01   1.2619798e-01   7.1636651e-06   2.4257699e-02   9.1723653e-09
   1.9404897e-05   1.0779870e-01   1.2865079e-01   1.7943724e-02   2.3806691e-02
   3.0521378e-05   2.6622459e-05   7.6491138e-02   8.9376248e-02   2.0806695e-02
   7.7910640e-04   7.7655947e-04   4.0172216e-01   1.1709845e-02   2.0104859e-07
   7.7335100e-02   2.1163123e-02   2.1086611e-03   1.8649697e-01   1.6656130e-02
   1.0956550e-01   1.2477797e-01   2.1035775e-02   1.6732571e-02   2.5064888e-09
   9.7255684e-02   8.9688884e-02   5.2811756e-02   1.6745453e-03   2.4059915e-02
   9.1002833e-02   9.2912986e-02   3.9624130e-02   1.7408397e-02   3.6837812e-02
   9.3793671e-02   8.3253173e-02   8.0841494e-02   3.6613212e-04   9.0924458e-04
   1.9071683e-02   1.6605330e-02   7.5809050e-02   5.4673325e-02   8.5947253e-03
   9.2546293e-02   1.0445050e-01   4.8280840e-05   1.3215737e-02   7.5835954e-02
   0.0000000e+00   2.4220671e-02   2.3147005e-02   7.8979942e-02   1.3832910e-02
   6.5085032e-02   4.6471625e-01   5.4689783e-02   2.5433562e-05   3.4548218e-02
   1.0687107e-01   4.1303792e-05   1.0454868e-01   1.7761274e-05   5.8263094e-02
   1.9613788e-02   2.0929142e-02   8.3496941e-02   2.4641740e-02   1.4390000e-02
   5.4849534e-04   5.1127218e-01   0.0000000e+00   4.3463268e-02   7.9058063e-02
   1.6494903e-02   4.3359347e-03   4.1395878e-02   1.4067665e-01   7.5707790e-04
   4.8838454e-01   1.5340815e-03   5.2610205e-02   3.1333191e-02   2.3629201e-02
   1.8375552e-02   2.0974277e-02   7.3473954e-02   7.1010372e-05   4.4989322e-02
   8.8722837e-02   7.8752198e-02   7.6470903e-02   1.7544317e-02   1.0620517e-03
   8.7644977e-02   1.9255085e-02   1.5901700e-01   2.1726677e-03   1.6264705e-02
   1.8138686e-02   8.2579597e-02   3.0495860e-05   1.6466077e-01   4.5778276e-02
   1.2028319e-01   9.8495318e-02   2.5801819e-02   5.3818918e-02   5.7671254e-04
   8.0492393e-02   4.0323607e-01   2.3858499e-03   7.2998776e-02   2.4550297e-02
   9.8471485e-02   1.6109935e-04   7.3501911e-03   1.6953532e-01   5.3861652e-02
   2.1056371e-02   2.3059729e-02   6.3708453e-02   3.7333348e-02   1.6847443e-02
   7.6147278e-04   6.7430523e-04   2.9875498e-01   1.5263741e-03   9.0708998e-02
   2.7486285e-02   2.5258486e-02   7.3312565e-02   3.6009287e-02   1.2443485e-07
   4.1157869e-01   8.9953981e-02   5.6271385e-02   4.8820691e-02   6.4178154e-06
   0.0000000e+00   2.4024801e-02   2.2159681e-02   8.6156476e-02   1.4277657e-02
   9.5743138e-02   8.5766180e-02   7.3993585e-02   1.5534265e-02   4.2508814e-07
   1.1423981e-01   0.0000000e+00   1.1934446e-01   0.0000000e+00   3.7963229e-02
   1.1311049e-01   1.0338441e-01   1.9959763e-03   0.0000000e+00   5.0423407e-02
   2.2840621e-02   2.4239649e-02   7.0434795e-02   6.6428720e-03   2.4289472e-02
   6.5008999e-02   5.6279249e-02   1.0340364e-01   2.0065445e-03   3.0878875e-09
   3.2970905e-06   1.9075179e-02   1.8289056e-02   6.2018096e-02   5.0829126e-02
   2.4169683e-02   2.3200148e-02   1.0071503e-01   3.2284059e-05   7.1351869e-03
   1.6790015e-03   6.0878358e-01   0.0000000e+00   3.5264281e-04   1.7908968e-02
   1.5851469e-01   1.1212907e-01   4.3287042e-02   3.0679647e-02   0.0000000e+00
   3.6976071e-01   1.3038732e-01   1.5545581e-03   2.3363319e-02   2.9663363e-08
   8.5840551e-02   1.0285895e-01   7.3133156e-02   2.4640600e-05   2.9787486e-02
   2.8251575e-02   0.0000000e+00   2.4863664e-02   8.2258972e-02   9.3781651e-03
   8.8927915e-02   1.0060287e-02   1.7026676e-01   4.4531852e-02   3.3535027e-02
   3.3532286e-05   2.9342971e-05   3.6032490e-01   6.8259896e-02   1.7776999e-07
   9.5143733e-02   1.0203481e-01   5.1185516e-02   2.8903620e-02   2.1456045e-08
   4.0959404e-01   1.1377038e-01   1.5505093e-03   5.2460950e-08   4.0806271e-02
   1.4183556e-01   1.3605015e-01   8.8754644e-04   6.6002909e-08   1.1739707e-02
   8.9415600e-02   9.2896228e-02   5.2905425e-02   2.4741520e-04   3.8529271e-02
   1.1733880e-01   1.1080988e-05   0.0000000e+00   1.0931385e-01   4.8779151e-02
   9.8479677e-02   1.1431436e-01   4.4972701e-02   7.3943524e-05   2.5088977e-02
   6.9769148e-04   9.7327078e-02   1.2634326e-01   6.2703704e-02   1.0868598e-04
   1.1096904e-01   1.3642094e-01   4.2887841e-02   6.3421513e-04   0.0000000e+00
   7.3433400e-02   4.2122752e-01   2.2779372e-03   6.4112322e-02   3.2728948e-02
   8.9970519e-02   8.7686214e-02   1.5515530e-03   6.0704310e-02   2.7912407e-02
   5.6207622e-05   5.1438809e-05   9.4457763e-02   8.9383658e-02   9.5158228e-10
   0.0000000e+00   5.3184771e-01   6.7077577e-10   1.6074433e-04   1.0099361e-01
   1.6484050e-02   1.6253884e-02   6.0798886e-02   4.0375039e-02   2.8299199e-02
   8.3945032e-02   9.1324558e-02   5.8651285e-02   2.1977968e-02   1.2409579e-02
   4.6495523e-04   4.5277542e-01   2.4239719e-03   1.2766399e-01   2.5154717e-06
   4.0533936e-05   1.2398574e-01   1.3143120e-01   7.8413715e-05   1.0124563e-02
   3.3405090e-02   3.4840981e-02   8.3178848e-02   1.2436663e-02   2.2319512e-04
   4.1263027e-07   4.3113652e-07   1.5878960e-06   5.6827023e-02   6.2747143e-02
   1.9797304e-02   2.0012870e-02   6.6186777e-02   2.9798126e-02   8.0878887e-03
   4.7438724e-01   0.0000000e+00   1.0544563e-01   1.7840818e-04   6.4050161e-03
   1.0153992e-01   1.1697790e-01   4.0561910e-02   2.3890025e-02   4.2740476e-06
   2.1112842e-02   1.8693169e-02   7.2505854e-02   9.3750080e-06   4.3756676e-02
   7.0923762e-02   5.9177295e-01   0.0000000e+00   0.0000000e+00   0.0000000e+00
   4.5626154e-03   4.6367590e-03   1.7666269e-02   2.0140429e-04   6.0741219e-02
   2.0268762e-02   1.9355001e-02   6.5986972e-02   1.0216100e-02   3.7020980e-02
   9.2754342e-02   3.2293084e-02   3.5731063e-01   0.0000000e+00   7.4314407e-07
   3.6612865e-03   3.6083693e-03   5.8076760e-02   1.1023214e-01   1.5477563e-02
   1.4523933e-01   1.9296245e-05   1.1109058e-01   5.4818521e-03   5.2440289e-02
   1.2382104e-01   1.0667540e-01   1.2347928e-05   8.3081690e-02   1.2774045e-07
   4.8411393e-01   2.3933268e-03   5.9686300e-05   0.0000000e+00   1.1622501e-01
   8.6576979e-02   1.5047007e-04   9.3421114e-02   7.7101840e-02   8.4609131e-04
   1.2003643e-01   1.5466762e-01   1.9090086e-02   5.2268129e-04   3.5098695e-05
   4.8764230e-01   1.5317500e-03   5.2763880e-02   3.1314589e-02   2.4802956e-02
   5.3158550e-01   1.6119475e-04   4.1265457e-02   1.6084316e-03   3.6627133e-02
   9.1289468e-02   1.9162442e-05   8.9843595e-02   2.9490024e-04   8.0679038e-02
   2.0530765e-02   2.0754317e-02   6.6057044e-02   2.1769058e-02   2.1861053e-02
   2.1102896e-02   2.4241812e-02   7.4883669e-02   1.1588523e-02   1.6554306e-02
   1.1383216e-01   1.4139029e-01   1.6906213e-04   1.5172158e-03   2.2401629e-02
   1.8261519e-03   1.0818396e-01   1.6927020e-01   0.0000000e+00   5.6647722e-02
   1.0457296e-01   7.4784816e-03   1.4835581e-01   4.0547342e-02   5.6956110e-05
   1.0282866e-04   4.4206003e-01   2.1187393e-04   1.9775080e-04   1.3203719e-01
   1.7239079e-02   9.1899301e-02   1.8600477e-01   9.8053148e-06   1.6596599e-02
   1.1487925e-01   3.5254015e-05   1.4892326e-01   1.7634756e-03   2.2111753e-02
   4.4467037e-01   4.8874355e-04   9.3148823e-02   2.0604185e-03   3.6917058e-02
   4.3751629e-03   4.3393506e-03   1.4855278e-02   4.8794330e-02   1.8004790e-02
   9.2759948e-02   1.3469623e-02   1.4615897e-01   2.7698239e-02   3.3888345e-02
   1.2054784e-01   0.0000000e+00   1.0425261e-01   6.2138357e-02   0.0000000e+00
   8.4147899e-05   8.5099179e-05   3.8161315e-01   3.9629144e-03   2.0075940e-02
   1.0595756e-01   1.2066908e-01   4.9220279e-02   3.3929461e-04   6.0538823e-07
   1.2836884e-01   2.3701934e-04   1.6585693e-01   2.8452317e-06   0.0000000e+00
   1.4569766e-02   9.0110348e-02   1.5553184e-01   2.0960938e-02   1.4901618e-02
   4.1175753e-06   4.1727289e-06   7.8538829e-02   9.4790984e-02   8.4145722e-03
   3.9895246e-03   4.6422602e-03   1.3766661e-02   4.5104623e-02   3.0845527e-02
   8.9622051e-02   2.5799663e-02   1.7490557e-01   0.0000000e+00   1.0739319e-04
   6.0967672e-01   0.0000000e+00   4.8317148e-02   0.0000000e+00   2.4017101e-04
   2.1378373e-02   2.1949486e-02   5.3779911e-05   8.3783387e-02   1.8468730e-02
   1.9244885e-02   1.7111267e-02   5.8482161e-02   4.8361659e-02   9.5185034e-03
   0.0000000e+00   1.0350119e-01   8.9798102e-02   5.1208218e-02   5.5969363e-02
   1.9260614e-02   1.9900697e-02   6.2779588e-02   2.7158799e-02   2.7452564e-02
   0.0000000e+00   1.9397598e-02   1.8255772e-02   6.1904947e-02   5.0736391e-02
   1.3010255e-01   1.0761936e-01   2.3185029e-02   3.2536851e-02   2.7005800e-10
   3.8149323e-03   1.3405580e-11   3.2116268e-04   8.7082653e-01   0.0000000e+00
   8.6054939e-04   1.2241445e-01   1.5156940e-01   0.0000000e+00   7.7858450e-05
   1.0080981e-01   1.1632870e-01   2.2371194e-02   3.2931315e-04   4.1691466e-02
   4.6293644e-01   0.0000000e+00   2.3407623e-04   9.8746962e-02   4.0957574e-02
   5.2437591e-02   4.9598024e-01   0.0000000e+00   1.2817998e-02   6.4530577e-02
   3.7406486e-01   2.1377515e-01   4.0104219e-02   0.0000000e+00   0.0000000e+00
   1.0165514e-01   9.9524046e-02   2.9167779e-02   1.9817061e-02   8.1390616e-03
   0.0000000e+00   9.7102060e-01   5.0302094e-02   0.0000000e+00   4.6958214e-05
   3.7991866e-02   0.0000000e+00   3.7110791e-02   1.7372000e-02   1.3321608e-01
   1.3177771e-01   1.3499385e-07   8.6987941e-08   1.7076989e-08   1.4782564e-01
   4.0172540e-01   9.2570442e-02   4.3482901e-02   2.8713769e-03   2.3765567e-02
   3.2874966e-04   1.3691550e-01   2.5262363e-09   2.0656955e-01   0.0000000e+00
   8.7662818e-02   9.4461417e-02   6.0252692e-02   8.3906841e-03   3.2897084e-03
   0.0000000e+00   9.4155374e-02   1.0047842e-01   5.0296465e-02   3.5254401e-02
   2.4991972e-02   2.1291539e-02   7.6340530e-02   8.6914158e-06   3.2260783e-02
   0.0000000e+00   1.3364532e-01   2.2951594e-07   1.3715734e-01   1.6307192e-07
   5.8447415e-04   1.0007023e-01   1.1414571e-01   2.0232938e-05   5.8253454e-02
   1.3412972e-05   2.4469650e-02   2.4339734e-02   7.5918441e-02   2.1406316e-02
   2.5593109e-04   2.9018357e-04   3.1932661e-01   5.3055879e-02   4.5423562e-02
   5.7364917e-01   0.0000000e+00   3.0943121e-02   4.2356679e-05   3.7093129e-02
   0.0000000e+00   0.0000000e+00   2.9036669e-01   3.6086999e-05   1.9038737e-01
   4.5496464e-01   1.3940055e-04   1.0275479e-01   3.2654819e-02   8.5117600e-05
   1.8089973e-02   1.8754104e-02   6.9802327e-02   3.5674435e-02   1.0157862e-02
   2.3865103e-02   2.5813761e-02   7.8306667e-02   1.9816803e-05   1.2891492e-02
   2.4821687e-02   2.4772714e-02   0.0000000e+00   7.8343671e-02   1.1169087e-02
   7.2662457e-02   5.1041984e-01   4.7869784e-02   8.3946969e-06   1.9870486e-05
   0.0000000e+00   1.1439361e-01   0.0000000e+00   1.2649257e-01   3.6079819e-02
   4.5772606e-01   0.0000000e+00   6.3604420e-02   7.2026283e-02   2.9471539e-02
   1.1162625e-01   1.4238483e-03   2.4391209e-05   1.4697061e-01   1.4369393e-02
   4.4505303e-03   4.5800944e-03   1.4501498e-02   4.9569541e-02   1.4829039e-02
   0.0000000e+00   1.0886718e-01   1.3180266e-01   3.2974511e-02   1.1596696e-02
   1.4616997e-01   4.5790989e-06   1.3051988e-01   0.0000000e+00   5.1727499e-05
   2.8252716e-02   0.0000000e+00   2.6389827e-02   8.4101448e-02   2.7087858e-04
   1.1991581e-01   1.4592723e-01   3.9912184e-05   2.2717035e-02   0.0000000e+00
   1.0962772e-01   2.3312021e-06   9.5081105e-02   4.7236433e-02   4.3801268e-02
   6.7540848e-01   2.7995527e-05   4.9845512e-04   0.0000000e+00   6.5770589e-05
   1.9803113e-07   1.4730434e-07   1.1064264e-01   0.0000000e+00   1.0411671e-01
   5.3126579e-03   4.5850740e-03   1.6032169e-02   5.5525480e-02   6.2903134e-03
   8.6356895e-02   8.6907363e-02   0.0000000e+00   6.3976858e-02   4.1149616e-02
   7.9680874e-02   4.1568531e-01   7.5078837e-02   1.3703122e-04   3.3204815e-02
   2.2855278e-02   2.3104141e-02   7.6410262e-02   1.3668153e-03   5.4311437e-03
   0.0000000e+00   1.2556700e-01   1.1094889e-01   1.6818005e-02   1.4909391e-02
   1.2737668e-04   3.0933221e-01   1.5980101e-01   0.0000000e+00   0.0000000e+00
   4.9027631e-01   1.0425586e-05   7.2552053e-02   7.7340567e-03   2.6720742e-02
   6.7794967e-02   4.6525159e-01   1.0660499e-01   0.0000000e+00   2.5255488e-07
   2.0958815e-02   2.1528468e-02   8.8173727e-02   3.3463680e-02   5.1025034e-08
   1.0070253e-01   1.1630640e-01   1.7121708e-02   4.8956362e-02   2.0105980e-04
   1.0252413e-01   1.0317765e-01   0.0000000e+00   4.5310315e-02   4.2445099e-02
   5.3026617e-01   9.1690626e-03   4.2748246e-04   0.0000000e+00   8.3255707e-02
   0.0000000e+00   9.1485532e-02   8.8767931e-02   7.7511041e-02   8.3295407e-04
   2.5406790e-02   2.7786533e-02   2.2343485e-07   8.9027573e-02   0.0000000e+00
   1.0467789e-05   1.3527018e-01   6.1224163e-07   1.1943382e-03   1.9251343e-01
   5.2609985e-01   6.8367084e-02   8.5528946e-04   1.3264047e-02   0.0000000e+00
   9.5355931e-02   1.0221008e-01   2.4919722e-02   4.6370378e-04   5.4388007e-02
   4.2660827e-02   5.0349806e-02   1.0364425e-01   0.0000000e+00   8.4000068e-07
   0.0000000e+00   4.0416265e-04   2.8967618e-01   0.0000000e+00   1.6078630e-01
   5.4284358e-05   4.8308457e-01   7.4521721e-02   7.4668043e-02   0.0000000e+00
   8.5880900e-02   4.7682094e-01   2.0895899e-06   8.2841863e-04   3.9745776e-02
   2.2001924e-02   1.8811008e-02   6.3320171e-02   4.0959034e-02   1.8995564e-02
   6.0397255e-01   2.3702234e-05   1.1950014e-07   5.8848734e-02   0.0000000e+00
   4.9554383e-04   6.2126112e-01   3.0387798e-05   2.7338273e-02   0.0000000e+00
   1.1600298e-02   1.0122671e-01   1.0168842e-02   2.8600631e-01   2.6262464e-09
   1.7909030e-02   1.8142242e-02   8.6745208e-02   0.0000000e+00   7.0924116e-02
   5.4691764e-01   4.5495317e-05   0.0000000e+00   3.3674164e-02   6.3891490e-02
   4.9593048e-02   4.9908138e-02   0.0000000e+00   1.6419598e-06   1.0069954e-01
   4.4323390e-01   5.0762957e-02   1.2226982e-02   7.4035910e-02   3.3548818e-02
   1.1864774e-01   6.7488771e-04   1.7105470e-01   1.8372174e-02   4.4348364e-06
   2.1264064e-02   2.4109935e-02   7.2683862e-02   9.6861143e-03   2.2394897e-02
   1.3171172e-01   1.2029267e-05   1.1401833e-01   3.8412843e-02   1.6770675e-05
   2.3847838e-02   4.7774817e-05   3.4357693e-07   2.8581740e-02   1.1321028e-01
   1.1941930e-01   1.4631595e-01   4.0965115e-06   2.8288905e-02   6.7448113e-07
   9.3217517e-02   1.0557170e-01   2.4164262e-02   4.0859937e-02   2.4173502e-02
   9.1660586e-02   1.1351583e-05   8.6155450e-02   7.1966136e-02   1.8131108e-02
   8.6921287e-02   1.8590031e-02   2.1784903e-01   1.7033382e-02   2.3530112e-02
   1.6810370e-01   2.1973857e-01   0.0000000e+00   2.8589764e-12   5.6813802e-11
   2.5901212e-03   2.9549156e-03   3.9299981e-01   2.8994807e-02   1.1776906e-04
   9.7133560e-02   1.1221757e-01   2.7589824e-02   5.2635325e-02   2.1668936e-04
   1.1662793e-01   1.9425279e-02   1.6663094e-01   2.6650146e-02   3.6461069e-09
   1.0352132e-02   1.0932898e-01   2.0156338e-01   1.9389604e-05   1.1870571e-02
   8.4279541e-05   1.2329659e-01   1.6382030e-01   0.0000000e+00   1.0951986e-02
   1.9500949e-02   2.1348476e-02   7.0371004e-03   1.1719454e-01   6.0525517e-03
   1.1945775e-01   0.0000000e+00   7.8699702e-03   2.1369827e-01   3.2246023e-05
   1.0203249e-01   1.8839209e-04   1.3201453e-01   3.8068734e-02   1.8293409e-02
   1.2374850e-04   1.0979308e-01   1.0659412e-01   1.4631866e-02   4.0173661e-02
   1.7125647e-01   4.4683522e-05   4.8985352e-01   2.8751594e-04   0.0000000e+00
   1.7933546e-01   1.2353868e-01   1.9457777e-03   5.5494284e-04   1.3430017e-02
   4.4962473e-01   7.3294659e-02   4.5834513e-02   3.0688771e-02   4.9496767e-04
   1.0083316e-01   1.8617767e-04   1.3026116e-01   6.5770092e-02   2.7875373e-06
   1.7817962e-05   3.9983346e-01   1.0734330e-01   1.8156821e-04   8.0567071e-02
   1.0994490e-01   1.1672765e-01   1.2205517e-04   1.3722627e-02   1.2399879e-02
   9.1156696e-02   0.0000000e+00   1.0002807e-01   1.5767676e-02   8.1159339e-02
   2.2522558e-05   2.9008800e-02   2.6742111e-02   5.6496125e-05   9.0432584e-02
   1.6439308e-01   5.5020618e-07   1.3427013e-01   4.6595857e-11   5.6256355e-06
   1.1768042e-01   4.0489815e-01   0.0000000e+00   2.2712757e-02   3.9820690e-03
   7.4860580e-04   7.2831945e-04   3.0499619e-01   6.8536955e-02   5.9651894e-03
   1.1272946e-03   1.2033472e-01   5.2343745e-04   2.1953471e-01   1.3748465e-02
   4.3427507e-05   6.9761937e-01   4.4990747e-07   2.0892360e-05   1.9431418e-07
   1.0572498e-01   9.6363753e-02   2.8445117e-02   2.8318326e-02   1.0593582e-02
   1.1294137e-01   1.3715419e-01   5.3274529e-05   1.2165588e-02   1.2688877e-02
   3.5749107e-03   1.9890294e-02   3.7883991e-02   0.0000000e+00   1.1940152e-01
   0.0000000e+00   0.0000000e+00   7.7905044e-01   0.0000000e+00   6.5192631e-02
   3.6910014e-03   3.6376547e-03   5.8548109e-02   1.1112678e-01   1.2378914e-02
   0.0000000e+00   1.1469794e-01   1.1491613e-01   2.4461703e-04   3.2857444e-02
   9.2380628e-02   9.2223287e-02   6.0602295e-02   2.6840168e-02   0.0000000e+00
   1.1695139e-01   1.4909288e-01   0.0000000e+00   0.0000000e+00   4.6202936e-02
   1.1741991e-01   1.1485594e-01   3.5411607e-02   0.0000000e+00   5.4191975e-05
   1.4049898e-01   0.0000000e+00   0.0000000e+00   1.2209518e-01   1.2865621e-02
   9.5496392e-02   1.1356927e-01   1.5100900e-03   6.1824923e-02   2.7896402e-02
   1.0017949e-08   4.1222639e-01   9.6512509e-02   1.6418996e-03   8.2844798e-02
   6.2851864e-04   4.6418861e-01   4.8234929e-02   7.8452606e-02   1.3990703e-02
   4.8284264e-01   7.8709609e-02   4.9220730e-02   3.2787048e-07   1.0143839e-03
   2.5361148e-02   2.1636070e-02   7.3944869e-02   2.7167339e-02   1.3586022e-03
   5.6888864e-07   8.4727673e-02   8.1870196e-02   7.6961944e-02   2.1009868e-02
   2.2754035e-05   4.7647470e-01   1.2775156e-01   0.0000000e+00   8.4199774e-08
   1.6469137e-02   1.4790372e-02   1.2964494e-02   1.1267681e-01   3.3981284e-02
   1.8534462e-02   1.8118427e-02   6.8528477e-02   3.5877151e-02   9.8109647e-03
   4.7467233e-01   4.8337466e-03   2.3895228e-04   8.6594737e-02   3.0610541e-02
   1.2403899e-01   1.2414298e-01   1.0993061e-06   1.3146658e-02   1.4214336e-07
   9.4342831e-02   8.3337851e-02   8.1125997e-02   3.4859170e-04   9.1162042e-04
   2.6959043e-02   2.5523184e-02   7.4262043e-02   1.3952892e-02   3.9059355e-03
   0.0000000e+00   9.3741849e-02   8.7067525e-02   1.0540260e-06   8.7205978e-02
   1.5707786e-02   8.2260322e-02   1.7424995e-01   2.7628330e-02   3.2630841e-02
   9.9179040e-02   0.0000000e+00   9.5821280e-02   4.4585379e-02   4.0989287e-02
   0.0000000e+00   4.4383891e-01   9.6263187e-02   3.1306208e-02   8.8141293e-03
   5.5326312e-01   8.0931216e-10   9.8212449e-04   3.6172356e-02   3.4658161e-02
   2.0190966e-04   4.6297551e-01   6.3519957e-02   3.0910774e-02   6.0013514e-02
   8.4366275e-02   9.1150629e-02   1.5850006e-04   7.1543817e-02   1.7313700e-02
   1.7758434e-02   1.9757104e-02   6.7654373e-02   2.1282745e-02   3.8946755e-02
   3.1691395e-02   3.0003488e-02   8.1854305e-02   8.6574413e-03   5.1577413e-04
   1.0614288e-01   1.2108236e-01   2.9314148e-02   1.5225910e-04   9.0305002e-03
   1.0159021e-03   8.8869294e-04   3.2186301e-03   1.2734201e-02   4.1601283e-02
   1.2320558e-01   1.1356800e-01   0.0000000e+00   4.3094970e-05   3.4118200e-02
   1.4038639e-01   1.9317642e-05   1.1364125e-01   1.7549107e-02   2.0365725e-02
   0.0000000e+00   5.2193988e-01   1.1620224e-01   5.1522901e-05   2.3710879e-02
   1.2133653e-01   0.0000000e+00   1.0509690e-01   3.5755405e-02   1.7166695e-02
   5.3482487e-01   7.8523619e-03   3.2717754e-02   4.9562082e-02   1.6674893e-06
   1.1773944e-01   0.0000000e+00   1.0196573e-01   4.5856094e-02   1.2723102e-02
   2.8223162e-02   8.4597339e-07   2.5197018e-02   1.9071102e-08   9.1330033e-02
   9.5484069e-02   8.1414831e-02   6.1278455e-02   5.2866515e-04   5.7475573e-02
