0.000000000 0.000000000 0.805528202
0.000000000 0.000000000 0.792940927
0.000000000 0.000000000 0.758691290
0.000000000 0.000000000 0.711447785
0.000000000 0.000000000 0.660947449
0.000000000 0.000000000 0.614576023
0.000000000 0.000000000 0.576165459
0.000000000 0.000000000 0.546595414
0.000000000 0.000000000 0.525037063
0.000000000 0.000000000 0.510024739
0.000000000 0.000000000 0.500103753
0.000000000 0.000000000 0.494122643
0.000000000 0.000000000 0.491318911
0.000000000 0.000000000 0.491318911
0.000000000 0.000000000 0.494122643
0.000000000 0.000000000 0.500103753
0.000000000 0.000000000 0.510024739
0.000000000 0.000000000 0.525037063
0.000000000 0.000000000 0.546595414
0.000000000 0.000000000 0.576165459
0.000000000 0.000000000 0.614576023
0.000000000 0.000000000 0.660947449
0.000000000 0.000000000 0.711447785
0.000000000 0.000000000 0.758691290
0.000000000 0.000000000 0.792940927
0.000000000 0.000000000 0.805528202
0.000000000 0.001564688 0.743151754
0.000003039 0.001443525 0.731539181
0.000011621 0.001289005 0.699941680
0.000024478 0.001122992 0.656356498
0.000040334 0.000964569 0.609766679
0.000058428 0.000824878 0.566986046
0.000078592 0.000707173 0.531549821
0.000101048 0.000609666 0.504269547
0.000126149 0.000528534 0.484380576
0.000154223 0.000459852 0.470530739
0.000185525 0.000400434 0.461377988
0.000220262 0.000348001 0.455860028
0.000258660 0.000301054 0.453273404
0.000301054 0.000258660 0.453273404
0.000348001 0.000220262 0.455860028
0.000400434 0.000185525 0.461377988
0.000459852 0.000154223 0.470530739
0.000528534 0.000126149 0.484380576
0.000609666 0.000101048 0.504269547
0.000707173 0.000078592 0.531549821
0.000824878 0.000058428 0.566986046
0.000964569 0.000040334 0.609766679
0.001122992 0.000024478 0.656356498
0.001289005 0.000011621 0.699941680
0.001443525 0.000003039 0.731539181
0.001564688 0.000000000 0.743151754
0.000000000 0.005982507 0.663602057
0.000011621 0.005519249 0.653232537
0.000044431 0.004928448 0.625017349
0.000093590 0.004293706 0.586097684
0.000154217 0.003687981 0.544495011
0.000223395 0.003153882 0.506293774
0.000300492 0.002703841 0.474650773
0.000386351 0.002331027 0.450290680
0.000482324 0.002020825 0.432530698
0.000589664 0.001758222 0.420163398
0.000709345 0.001531039 0.411990392
0.000842161 0.001330566 0.407063094
0.000988976 0.001151067 0.404753352
0.001151067 0.000988976 0.404753352
0.001330566 0.000842161 0.407063094
0.001531039 0.000709345 0.411990392
0.001758222 0.000589664 0.420163398
0.002020825 0.000482324 0.432530698
0.002331027 0.000386351 0.450290680
0.002703841 0.000300492 0.474650773
0.003153882 0.000223395 0.506293774
0.003687981 0.000154217 0.544495011
0.004293706 0.000093590 0.586097684
0.004928448 0.000044431 0.625017349
0.005519249 0.000011621 0.653232537
0.005982507 0.000000000 0.663602057
0.000000000 0.012601696 0.578135763
0.000024478 0.011625878 0.569101749
0.000093590 0.010381401 0.544520437
0.000197141 0.009044365 0.510613293
0.000324846 0.007768451 0.474368690
0.000470564 0.006643413 0.441087448
0.000632963 0.005695436 0.413519796
0.000813819 0.004910131 0.392297075
0.001015978 0.004256714 0.376824427
0.001242082 0.003703562 0.366049930
0.001494181 0.003225016 0.358929538
0.001773947 0.002802735 0.354636834
0.002083202 0.002424634 0.352624567
0.002424634 0.002083202 0.352624567
0.002802735 0.001773947 0.354636834
0.003225016 0.001494181 0.358929538
0.003703562 0.001242082 0.366049930
0.004256714 0.001015978 0.376824427
0.004910131 0.000813819 0.392297075
0.005695436 0.000632963 0.413519796
0.006643413 0.000470564 0.441087448
0.007768451 0.000324846 0.474368690
0.009044365 0.000197141 0.510613293
0.010381401 0.000093590 0.544520437
0.011625878 0.000024478 0.569101749
0.012601696 0.000000000 0.578135763
0.000000000 0.020764879 0.496576502
0.000040334 0.019156941 0.488816942
0.000154217 0.017106312 0.467703385
0.000324846 0.014903165 0.438579620
0.000535276 0.012800733 0.407448146
0.000775388 0.010946912 0.378861983
0.001042986 0.009384851 0.355183379
0.001340998 0.008090838 0.336954607
0.001674113 0.007014147 0.323664731
0.002046683 0.006102671 0.314410223
0.002462088 0.005314132 0.308294324
0.002923082 0.004618304 0.304607204
0.003432667 0.003995275 0.302878814
0.003995275 0.003432667 0.302878814
0.004618304 0.002923082 0.304607204
0.005314132 0.002462088 0.308294324
0.006102671 0.002046683 0.314410223
0.007014147 0.001674113 0.323664731
0.008090838 0.001340998 0.336954607
0.009384851 0.001042986 0.355183379
0.010946912 0.000775388 0.378861983
0.012800733 0.000535276 0.407448146
0.014903165 0.000324846 0.438579620
0.017106312 0.000154217 0.467703385
0.019156941 0.000040334 0.488816942
0.020764879 0.000000000 0.496576502
0.000000000 0.030079492 0.424661588
0.000058428 0.027750272 0.418025778
0.000223395 0.024779781 0.399969917
0.000470564 0.021588356 0.375063896
0.000775388 0.018542825 0.348440927
0.001123208 0.015857427 0.323994653
0.001510844 0.013594663 0.303745217
0.001942537 0.011720188 0.288156363
0.002425079 0.010160520 0.276791144
0.002964775 0.008840179 0.268876888
0.003566519 0.007697920 0.263646702
0.004234305 0.006689961 0.260493556
0.004972477 0.005787456 0.259015474
0.005787456 0.004972477 0.259015474
0.006689961 0.004234305 0.260493556
0.007697920 0.003566519 0.263646702
0.008840179 0.002964775 0.268876888
0.010160520 0.002425079 0.276791144
0.011720188 0.001942537 0.288156363
0.013594663 0.001510844 0.303745217
0.015857427 0.001123208 0.323994653
0.018542825 0.000775388 0.348440927
0.021588356 0.000470564 0.375063896
0.024779781 0.000223395 0.399969917
0.027750272 0.000058428 0.418025778
0.030079492 0.000000000 0.424661588
0.000000000 0.040460363 0.364064807
0.000078592 0.037327296 0.358375889
0.000300492 0.033331645 0.342896496
0.000632963 0.029038813 0.321544422
0.001042986 0.024942225 0.298720398
0.001510844 0.021330057 0.277762468
0.002032258 0.018286379 0.260402511
0.002612935 0.015764996 0.247038097
0.003262010 0.013667064 0.237294631
0.003987962 0.011891054 0.230509693
0.004797377 0.010354584 0.226025825
0.005695625 0.008998764 0.223322615
0.006688551 0.007784792 0.222055446
0.007784792 0.006688551 0.222055446
0.008998764 0.005695625 0.223322615
0.010354584 0.004797377 0.226025825
0.011891054 0.003987962 0.230509693
0.013667064 0.003262010 0.237294631
0.015764996 0.002612935 0.247038097
0.018286379 0.002032258 0.260402511
0.021330057 0.001510844 0.277762468
0.024942225 0.001042986 0.298720398
0.029038813 0.000632963 0.321544422
0.033331645 0.000300492 0.342896496
0.037327296 0.000078592 0.358375889
0.040460363 0.000000000 0.364064807
0.000000000 0.052021097 0.313866406
0.000101048 0.047992819 0.308961894
0.000386351 0.042855491 0.295616849
0.000813819 0.037336069 0.277208866
0.001340998 0.032068963 0.257531890
0.001942537 0.027424690 0.239463705
0.002612935 0.023511344 0.224497394
0.003359528 0.020269526 0.212975707
0.004194063 0.017572152 0.204575700
0.005127441 0.015288683 0.198726291
0.006168131 0.013313198 0.194860673
0.007323035 0.011569979 0.192530190
0.008599670 0.010009140 0.191437743
0.010009140 0.008599670 0.191437743
0.011569979 0.007323035 0.192530190
0.013313198 0.006168131 0.194860673
0.015288683 0.005127441 0.198726291
0.017572152 0.004194063 0.204575700
0.020269526 0.003359528 0.212975707
0.023511344 0.002612935 0.224497394
0.027424690 0.001942537 0.239463705
0.032068963 0.001340998 0.257531890
0.037336069 0.000813819 0.277208866
0.042855491 0.000386351 0.295616849
0.047992819 0.000101048 0.308961894
0.052021097 0.000000000 0.313866406
0.000000000 0.064943577 0.272098529
0.000126149 0.059914642 0.267846687
0.000482324 0.053501158 0.256277537
0.001015978 0.046610664 0.240319203
0.001674113 0.040035165 0.223260748
0.002425079 0.034237216 0.207596992
0.003262010 0.029351761 0.194622328
0.004194063 0.025304648 0.184633893
0.005235904 0.021937223 0.177351720
0.006401141 0.019086521 0.172280723
0.007700347 0.016620309 0.168929524
0.009142139 0.014444060 0.166909171
0.010735901 0.012495495 0.165962101
0.012495495 0.010735901 0.165962101
0.014444060 0.009142139 0.166909171
0.016620309 0.007700347 0.168929524
0.019086521 0.006401141 0.172280723
0.021937223 0.005235904 0.177351720
0.025304648 0.004194063 0.184633893
0.029351761 0.003262010 0.194622328
0.034237216 0.002425079 0.207596992
0.040035165 0.001674113 0.223260748
0.046610664 0.001015978 0.240319203
0.053501158 0.000482324 0.256277537
0.059914642 0.000126149 0.267846687
0.064943577 0.000000000 0.272098529
0.000000000 0.079396609 0.236739818
0.000154223 0.073248496 0.233040495
0.000589664 0.065407708 0.222974736
0.001242082 0.056983752 0.209090158
0.002046683 0.048944892 0.194248418
0.002964775 0.041856623 0.180620139
0.003987962 0.035883922 0.169331509
0.005127441 0.030936134 0.160641053
0.006401141 0.026819298 0.154305186
0.007825699 0.023334178 0.149893155
0.009414040 0.020319118 0.146977438
0.011176700 0.017658549 0.145219626
0.013125149 0.015276336 0.144395627
0.015276336 0.013125149 0.144395627
0.017658549 0.011176700 0.145219626
0.020319118 0.009414040 0.146977438
0.023334178 0.007825699 0.149893155
0.026819298 0.006401141 0.154305186
0.030936134 0.005127441 0.160641053
0.035883922 0.003987962 0.169331509
0.041856623 0.002964775 0.180620139
0.048944892 0.002046683 0.194248418
0.056983752 0.001242082 0.209090158
0.065407708 0.000589664 0.222974736
0.073248496 0.000154223 0.233040495
0.079396609 0.000000000 0.236739818
0.000000000 0.095511318 0.206150142
0.000185525 0.088115355 0.202928817
0.000709345 0.078683163 0.194163677
0.001494181 0.068549442 0.182073156
0.002462088 0.058878977 0.169149150
0.003566519 0.050352040 0.157281811
0.004797377 0.043167091 0.147451810
0.006168131 0.037215077 0.139884268
0.007700347 0.032262668 0.134367071
0.009414040 0.028070193 0.130525129
0.011324758 0.024443181 0.127986158
0.013445175 0.021242612 0.126455477
0.015789091 0.018376893 0.125737948
0.018376893 0.015789091 0.125737948
0.021242612 0.013445175 0.126455477
0.024443181 0.011324758 0.127986158
0.028070193 0.009414040 0.130525129
0.032262668 0.007700347 0.134367071
0.037215077 0.006168131 0.139884268
0.043167091 0.004797377 0.147451810
0.050352040 0.003566519 0.157281811
0.058878977 0.002462088 0.169149150
0.068549442 0.001494181 0.182073156
0.078683163 0.000709345 0.194163677
0.088115355 0.000185525 0.202928817
0.095511318 0.000000000 0.206150142
0.000000000 0.113394603 0.179157016
0.000220262 0.104613840 0.176357489
0.000842161 0.093415589 0.168740049
0.001773947 0.081384457 0.158232650
0.002923082 0.069903320 0.147000903
0.004234305 0.059779822 0.136687463
0.005695625 0.051249583 0.128144594
0.007323035 0.044183129 0.121567939
0.009142139 0.038303444 0.116773160
0.011176700 0.033325981 0.113434279
0.013445175 0.029019857 0.111227758
0.015962614 0.025220022 0.109897504
0.018745399 0.021817733 0.109273927
0.021817733 0.018745399 0.109273927
0.025220022 0.015962614 0.109897504
0.029019857 0.013445175 0.111227758
0.033325981 0.011176700 0.113434279
0.038303444 0.009142139 0.116773160
0.044183129 0.007323035 0.121567939
0.051249583 0.005695625 0.128144594
0.059779822 0.004234305 0.136687463
0.069903320 0.002923082 0.147000903
0.081384457 0.001773947 0.158232650
0.093415589 0.000842161 0.168740049
0.104613840 0.000220262 0.176357489
0.113394603 0.000000000 0.179157016
0.000000000 0.133162839 0.154987972
0.000258660 0.122851313 0.152566113
0.000988976 0.109700857 0.145976298
0.002083202 0.095572320 0.136886392
0.003432667 0.082089661 0.127169855
0.004972477 0.070201319 0.118247743
0.006688551 0.060183992 0.110857343
0.008599670 0.051885634 0.105167907
0.010735901 0.044980936 0.101019964
0.013125149 0.039135745 0.098131512
0.015789091 0.034078929 0.096222660
0.018745399 0.029616662 0.095071862
0.022013309 0.025621249 0.094532409
0.025621249 0.022013309 0.094532409
0.029616662 0.018745399 0.095071862
0.034078929 0.015789091 0.096222660
0.039135745 0.013125149 0.098131512
0.044980936 0.010735901 0.101019964
0.051885634 0.008599670 0.105167907
0.060183992 0.006688551 0.110857343
0.070201319 0.004972477 0.118247743
0.082089661 0.003432667 0.127169855
0.095572320 0.002083202 0.136886392
0.109700857 0.000988976 0.145976298
0.122851313 0.000258660 0.152566113
0.133162839 0.000000000 0.154987972
0.000000000 0.154987972 0.133162839
0.000301054 0.142986407 0.131082021
0.001151067 0.127680616 0.125420172
0.002424634 0.111236440 0.117610291
0.003995275 0.095543998 0.109262020
0.005787456 0.081707181 0.101596304
0.007784792 0.070048033 0.095246607
0.010009140 0.060389590 0.090358347
0.012495495 0.052353225 0.086794510
0.015276336 0.045550018 0.084312805
0.018376893 0.039664400 0.082672755
0.021817733 0.034470777 0.081684010
0.025621249 0.029820522 0.081220522
0.029820522 0.025621249 0.081220522
0.034470777 0.021817733 0.081684010
0.039664400 0.018376893 0.082672755
0.045550018 0.015276336 0.084312805
0.052353225 0.012495495 0.086794510
0.060389590 0.010009140 0.090358347
0.070048033 0.007784792 0.095246607
0.081707181 0.005787456 0.101596304
0.095543998 0.003995275 0.109262020
0.111236440 0.002424634 0.117610291
0.127680616 0.001151067 0.125420172
0.142986407 0.000301054 0.131082021
0.154987972 0.000000000 0.133162839
0.000000000 0.179157016 0.113394603
0.000348001 0.165283910 0.111622686
0.001330566 0.147591313 0.106801348
0.002802735 0.128582808 0.100150856
0.004618304 0.110443265 0.093041899
0.006689961 0.094448714 0.086514170
0.008998764 0.080971423 0.081107096
0.011569979 0.069806828 0.076944507
0.014444060 0.060517261 0.073909727
0.017658549 0.052653153 0.071796435
0.021242612 0.045849722 0.070399852
0.025220022 0.039846198 0.069557889
0.029616662 0.034470777 0.069163206
0.034470777 0.029616662 0.069163206
0.039846198 0.025220022 0.069557889
0.045849722 0.021242612 0.070399852
0.052653153 0.017658549 0.071796435
0.060517261 0.014444060 0.073909727
0.069806828 0.011569979 0.076944507
0.080971423 0.008998764 0.081107096
0.094448714 0.006689961 0.086514170
0.110443265 0.004618304 0.093041899
0.128582808 0.002802735 0.100150856
0.147591313 0.001330566 0.106801348
0.165283910 0.000348001 0.111622686
0.179157016 0.000000000 0.113394603
0.000000000 0.206150142 0.095511318
0.000400434 0.190186811 0.094018847
0.001531039 0.169828515 0.089957875
0.003225016 0.147956049 0.084356222
0.005314132 0.127083467 0.078368407
0.007697920 0.108679059 0.072870156
0.010354584 0.093171178 0.068315823
0.013313198 0.080324443 0.064809709
0.016620309 0.069635241 0.062253540
0.020319118 0.060586268 0.060473531
0.024443181 0.052757782 0.059297202
0.029019857 0.045849722 0.058588023
0.034078929 0.039664400 0.058255585
0.039664400 0.034078929 0.058255585
0.045849722 0.029019857 0.058588023
0.052757782 0.024443181 0.059297202
0.060586268 0.020319118 0.060473531
0.069635241 0.016620309 0.062253540
0.080324443 0.013313198 0.064809709
0.093171178 0.010354584 0.068315823
0.108679059 0.007697920 0.072870156
0.127083467 0.005314132 0.078368407
0.147956049 0.003225016 0.084356222
0.169828515 0.001531039 0.089957875
0.190186811 0.000400434 0.094018847
0.206150142 0.000000000 0.095511318
0.000000000 0.236739818 0.079396609
0.000459852 0.218407761 0.078155949
0.001758222 0.195028591 0.074780145
0.003703562 0.169910569 0.070123605
0.006102671 0.145940801 0.065146057
0.008840179 0.124805447 0.060575474
0.011891054 0.106996423 0.056789550
0.015288683 0.092243419 0.053874988
0.019086521 0.079968096 0.051750097
0.023334178 0.069576386 0.050270412
0.028070193 0.060586268 0.049292554
0.033325981 0.052653153 0.048703028
0.039135745 0.045550018 0.048426679
0.045550018 0.039135745 0.048426679
0.052653153 0.033325981 0.048703028
0.060586268 0.028070193 0.049292554
0.069576386 0.023334178 0.050270412
0.079968096 0.019086521 0.051750097
0.092243419 0.015288683 0.053874988
0.106996423 0.011891054 0.056789550
0.124805447 0.008840179 0.060575474
0.145940801 0.006102671 0.065146057
0.169910569 0.003703562 0.070123605
0.195028591 0.001758222 0.074780145
0.218407761 0.000459852 0.078155949
0.236739818 0.000000000 0.079396609
0.000000000 0.272098529 0.064943577
0.000528534 0.251028454 0.063928762
0.002020825 0.224157445 0.061167475
0.004256714 0.195287875 0.057358593
0.007014147 0.167738057 0.053287137
0.010160520 0.143445994 0.049548564
0.013667064 0.122977070 0.046451814
0.017572152 0.106020605 0.044067807
0.021937223 0.091911878 0.042329722
0.026819298 0.079968096 0.041119394
0.032262668 0.069635241 0.040319540
0.038303444 0.060517261 0.039837329
0.044980936 0.052353225 0.039611286
0.052353225 0.044980936 0.039611286
0.060517261 0.038303444 0.039837329
0.069635241 0.032262668 0.040319540
0.079968096 0.026819298 0.041119394
0.091911878 0.021937223 0.042329722
0.106020605 0.017572152 0.044067807
0.122977070 0.013667064 0.046451814
0.143445994 0.010160520 0.049548564
0.167738057 0.007014147 0.053287137
0.195287875 0.004256714 0.057358593
0.224157445 0.002020825 0.061167475
0.251028454 0.000528534 0.063928762
0.272098529 0.000000000 0.064943577
0.000000000 0.313866406 0.052021097
0.000609666 0.289562016 0.051208209
0.002331027 0.258566233 0.048996364
0.004910131 0.225265104 0.045945373
0.008090838 0.193486313 0.042684056
0.011720188 0.165465351 0.039689385
0.015764996 0.141854391 0.037208826
0.020269526 0.122295061 0.035299190
0.025304648 0.106020605 0.033906949
0.030936134 0.092243419 0.032937452
0.037215077 0.080324443 0.032296753
0.044183129 0.069806828 0.031910493
0.051885634 0.060389590 0.031729427
0.060389590 0.051885634 0.031729427
0.069806828 0.044183129 0.031910493
0.080324443 0.037215077 0.032296753
0.092243419 0.030936134 0.032937452
0.106020605 0.025304648 0.033906949
0.122295061 0.020269526 0.035299190
0.141854391 0.015764996 0.037208826
0.165465351 0.011720188 0.039689385
0.193486313 0.008090838 0.042684056
0.225265104 0.004910131 0.045945373
0.258566233 0.002331027 0.048996364
0.289562016 0.000609666 0.051208209
0.313866406 0.000000000 0.052021097
0.000000000 0.364064807 0.040460363
0.000707173 0.335873281 0.039828125
0.002703841 0.299920170 0.038107822
0.005695436 0.261293006 0.035734858
0.009384851 0.224431656 0.033198309
0.013594663 0.191929145 0.030869148
0.018286379 0.164541953 0.028939848
0.023511344 0.141854391 0.027454593
0.029351761 0.122977070 0.026371752
0.035883922 0.106996423 0.025617708
0.043167091 0.093171178 0.025119393
0.051249583 0.080971423 0.024818972
0.060183992 0.070048033 0.024678145
0.070048033 0.060183992 0.024678145
0.080971423 0.051249583 0.024818972
0.093171178 0.043167091 0.025119393
0.106996423 0.035883922 0.025617708
0.122977070 0.029351761 0.026371752
0.141854391 0.023511344 0.027454593
0.164541953 0.018286379 0.028939848
0.191929145 0.013594663 0.030869148
0.224431656 0.009384851 0.033198309
0.261293006 0.005695436 0.035734858
0.299920170 0.002703841 0.038107822
0.335873281 0.000707173 0.039828125
0.364064807 0.000000000 0.040460363
0.000000000 0.424661588 0.030079492
0.000824878 0.391777722 0.029609466
0.003153882 0.349840394 0.028330539
0.006643413 0.304783930 0.026566404
0.010946912 0.261787192 0.024680654
0.015857427 0.223874799 0.022949084
0.021330057 0.191929145 0.021514783
0.027424690 0.165465351 0.020410598
0.034237216 0.143445994 0.019605580
0.041856623 0.124805447 0.019045000
0.050352040 0.108679059 0.018674538
0.059779822 0.094448714 0.018451195
0.070201319 0.081707181 0.018346500
0.081707181 0.070201319 0.018346500
0.094448714 0.059779822 0.018451195
0.108679059 0.050352040 0.018674538
0.124805447 0.041856623 0.019045000
0.143445994 0.034237216 0.019605580
0.165465351 0.027424690 0.020410598
0.191929145 0.021330057 0.021514783
0.223874799 0.015857427 0.022949084
0.261787192 0.010946912 0.024680654
0.304783930 0.006643413 0.026566404
0.349840394 0.003153882 0.028330539
0.391777722 0.000824878 0.029609466
0.424661588 0.000000000 0.030079492
0.000000000 0.496576502 0.020764879
0.000964569 0.458123872 0.020440405
0.003687981 0.409084608 0.019557519
0.007768451 0.356397994 0.018339678
0.012800733 0.306119912 0.017037882
0.018542825 0.261787192 0.015842521
0.024942225 0.224431656 0.014852374
0.032068963 0.193486313 0.014090119
0.040035165 0.167738057 0.013534388
0.048944892 0.145940801 0.013147401
0.058878977 0.127083467 0.012891658
0.069903320 0.110443265 0.012737477
0.082089661 0.095543998 0.012665203
0.095543998 0.082089661 0.012665203
0.110443265 0.069903320 0.012737477
0.127083467 0.058878977 0.012891658
0.145940801 0.048944892 0.013147401
0.167738057 0.040035165 0.013534388
0.193486313 0.032068963 0.014090119
0.224431656 0.024942225 0.014852374
0.261787192 0.018542825 0.015842521
0.306119912 0.012800733 0.017037882
0.356397994 0.007768451 0.018339678
0.409084608 0.003687981 0.019557519
0.458123872 0.000964569 0.020440405
0.496576502 0.000000000 0.020764879
0.000000000 0.578135763 0.012601696
0.001122992 0.533367554 0.012404781
0.004293706 0.476273929 0.011868979
0.009044365 0.414933903 0.011129901
0.014903165 0.356397994 0.010339873
0.021588356 0.304783930 0.009614437
0.029038813 0.261293006 0.009013542
0.037336069 0.225265104 0.008550948
0.046610664 0.195287875 0.008213688
0.056983752 0.169910569 0.007978835
0.068549442 0.147956049 0.007823631
0.081384457 0.128582808 0.007730063
0.095572320 0.111236440 0.007686201
0.111236440 0.095572320 0.007686201
0.128582808 0.081384457 0.007730063
0.147956049 0.068549442 0.007823631
0.169910569 0.056983752 0.007978835
0.195287875 0.046610664 0.008213688
0.225265104 0.037336069 0.008550948
0.261293006 0.029038813 0.009013542
0.304783930 0.021588356 0.009614437
0.356397994 0.014903165 0.010339873
0.414933903 0.009044365 0.011129901
0.476273929 0.004293706 0.011868979
0.533367554 0.001122992 0.012404781
0.578135763 0.000000000 0.012601696
0.000000000 0.663602057 0.005982507
0.001289005 0.612215726 0.005889024
0.004928448 0.546681903 0.005634658
0.010381401 0.476273929 0.005283790
0.017106312 0.409084608 0.004908733
0.024779781 0.349840394 0.004564341
0.033331645 0.299920170 0.004279073
0.042855491 0.258566233 0.004059462
0.053501158 0.224157445 0.003899352
0.065407708 0.195028591 0.003787858
0.078683163 0.169828515 0.003714177
0.093415589 0.147591313 0.003669757
0.109700857 0.127680616 0.003648934
0.127680616 0.109700857 0.003648934
0.147591313 0.093415589 0.003669757
0.169828515 0.078683163 0.003714177
0.195028591 0.065407708 0.003787858
0.224157445 0.053501158 0.003899352
0.258566233 0.042855491 0.004059462
0.299920170 0.033331645 0.004279073
0.349840394 0.024779781 0.004564341
0.409084608 0.017106312 0.004908733
0.476273929 0.010381401 0.005283790
0.546681903 0.004928448 0.005634658
0.612215726 0.001289005 0.005889024
0.663602057 0.000000000 0.005982507
0.000000000 0.743151754 0.001564688
0.001443525 0.685605456 0.001540238
0.005519249 0.612215726 0.001473710
0.011625878 0.533367554 0.001381943
0.019156941 0.458123872 0.001283849
0.027750272 0.391777722 0.001193775
0.037327296 0.335873281 0.001119165
0.047992819 0.289562016 0.001061727
0.059914642 0.251028454 0.001019851
0.073248496 0.218407761 0.000990691
0.088115355 0.190186811 0.000971420
0.104613840 0.165283910 0.000959802
0.122851313 0.142986407 0.000954356
0.142986407 0.122851313 0.000954356
0.165283910 0.104613840 0.000959802
0.190186811 0.088115355 0.000971420
0.218407761 0.073248496 0.000990691
0.251028454 0.059914642 0.001019851
0.289562016 0.047992819 0.001061727
0.335873281 0.037327296 0.001119165
0.391777722 0.027750272 0.001193775
0.458123872 0.019156941 0.001283849
0.533367554 0.011625878 0.001381943
0.612215726 0.005519249 0.001473710
0.685605456 0.001443525 0.001540238
0.743151754 0.000000000 0.001564688
0.000000000 0.805528202 0.000000000
0.001564688 0.743151754 0.000000000
0.005982507 0.663602057 0.000000000
0.012601696 0.578135763 0.000000000
0.020764879 0.496576502 0.000000000
0.030079492 0.424661588 0.000000000
0.040460363 0.364064807 0.000000000
0.052021097 0.313866406 0.000000000
0.064943577 0.272098529 0.000000000
0.079396609 0.236739818 0.000000000
0.095511318 0.206150142 0.000000000
0.113394603 0.179157016 0.000000000
0.133162839 0.154987972 0.000000000
0.154987972 0.133162839 0.000000000
0.179157016 0.113394603 0.000000000
0.206150142 0.095511318 0.000000000
0.236739818 0.079396609 0.000000000
0.272098529 0.064943577 0.000000000
0.313866406 0.052021097 0.000000000
0.364064807 0.040460363 0.000000000
0.424661588 0.030079492 0.000000000
0.496576502 0.020764879 0.000000000
0.578135763 0.012601696 0.000000000
0.663602057 0.005982507 0.000000000
0.743151754 0.001564688 0.000000000
0.805528202 0.000000000 0.000000000
