0.00000 0.00000 8.50000
0.00000 0.00000 8.24615
0.00000 0.00000 7.89991
0.00000 0.00000 7.50340
0.00000 0.00000 7.11511
0.00000 0.00000 6.79549
0.00000 0.00000 6.59194
0.00000 0.00000 6.52711
0.00000 0.00000 6.59329
0.00000 0.00000 6.75431
0.00000 0.00000 6.95451
0.00000 0.00000 7.13248
0.00000 0.00000 7.23629
0.00000 0.00000 7.23629
0.00000 0.00000 7.13248
0.00000 0.00000 6.95451
0.00000 0.00000 6.75431
0.00000 0.00000 6.59329
0.00000 0.00000 6.52711
0.00000 0.00000 6.59194
0.00000 0.00000 6.79549
0.00000 0.00000 7.11511
0.00000 0.00000 7.50340
0.00000 0.00000 7.89991
0.00000 0.00000 8.24615
0.00000 0.00000 8.50000
0.00000 0.51778 8.22988
0.03151 0.50085 7.97654
0.06017 0.47631 7.63098
0.08530 0.44714 7.23524
0.10714 0.41729 6.84772
0.12693 0.39065 6.52874
0.14650 0.37003 6.32559
0.16772 0.35641 6.26089
0.19177 0.34882 6.32693
0.21871 0.34463 6.48764
0.24730 0.34038 6.68744
0.27531 0.33279 6.86506
0.30013 0.31960 6.96867
0.31960 0.30013 6.96867
0.33279 0.27531 6.86506
0.34038 0.24730 6.68744
0.34463 0.21871 6.48764
0.34882 0.19177 6.32693
0.35641 0.16772 6.26089
0.37003 0.14650 6.32559
0.39065 0.12693 6.52874
0.41729 0.10714 6.84772
0.44714 0.08530 7.23524
0.47631 0.06017 7.63098
0.50085 0.03151 7.97654
0.51778 0.00000 8.22988
0.00000 0.99012 7.83762
0.06017 0.95642 7.58578
0.11467 0.90770 7.24227
0.16212 0.84989 6.84887
0.20307 0.79090 6.46365
0.23995 0.73849 6.14655
0.27645 0.69824 5.94461
0.31629 0.67215 5.88029
0.36187 0.65824 5.94594
0.41330 0.65125 6.10569
0.46812 0.64432 6.30432
0.52188 0.63084 6.48089
0.56936 0.60631 6.58388
0.60631 0.56936 6.58388
0.63084 0.52188 6.48089
0.64432 0.46812 6.30432
0.65125 0.41330 6.10569
0.65824 0.36187 5.94594
0.67215 0.31629 5.88029
0.69824 0.27645 5.94461
0.73849 0.23995 6.14655
0.79090 0.20307 6.46365
0.84989 0.16212 6.84887
0.90770 0.11467 7.24227
0.95642 0.06017 7.58578
0.99012 0.00000 7.83762
0.00000 1.40600 7.37049
0.08530 1.35575 7.12114
0.16212 1.28335 6.78103
0.22846 1.19765 6.39154
0.28512 1.11047 6.01013
0.33578 1.03342 5.69617
0.38596 0.97484 5.49623
0.44124 0.93768 5.43255
0.50522 0.91899 5.49755
0.57810 0.91093 5.65572
0.65620 0.90319 5.85237
0.73288 0.88590 6.02720
0.80037 0.85231 6.12916
0.85231 0.80037 6.12916
0.88590 0.73288 6.02720
0.90319 0.65620 5.85237
0.91093 0.57810 5.65572
0.91899 0.50522 5.49755
0.93768 0.44124 5.43255
0.97484 0.38596 5.49623
1.03342 0.33578 5.69617
1.11047 0.28512 6.01013
1.19765 0.22846 6.39154
1.28335 0.16212 6.78103
1.35575 0.08530 7.12114
1.40600 0.00000 7.37049
0.00000 1.76946 6.89158
0.10714 1.70296 6.64570
0.20307 1.60744 6.31034
0.28512 1.49466 5.92628
0.35440 1.38028 5.55020
0.41580 1.27971 5.24062
0.47670 1.20401 5.04346
0.54449 1.15711 4.98067
0.62400 1.13506 5.04477
0.71550 1.12745 5.20073
0.81415 1.12058 5.39464
0.91111 1.10135 5.56702
0.99614 1.06078 5.66757
1.06078 0.99614 5.66757
1.10135 0.91111 5.56702
1.12058 0.81415 5.39464
1.12745 0.71550 5.20073
1.13506 0.62400 5.04477
1.15711 0.54449 4.98067
1.20401 0.47670 5.04346
1.27971 0.41580 5.24062
1.38028 0.35440 5.55020
1.49466 0.28512 5.92628
1.60744 0.20307 6.31034
1.70296 0.10714 6.64570
1.76946 0.00000 6.89158
0.00000 2.09992 6.46290
0.12693 2.01749 6.22147
0.23995 1.89939 5.89218
0.33578 1.76021 5.51507
0.41580 1.61944 5.14579
0.48615 1.49620 4.84181
0.55598 1.40424 4.64823
0.63452 1.34843 4.58657
0.72779 1.32385 4.64951
0.83614 1.31755 4.80265
0.95359 1.31250 4.99305
1.06917 1.29241 5.16231
1.17018 1.24611 5.26104
1.24611 1.17018 5.26104
1.29241 1.06917 5.16231
1.31250 0.95359 4.99305
1.31755 0.83614 4.80265
1.32385 0.72779 4.64951
1.34843 0.63452 4.58657
1.40424 0.55598 4.64823
1.49620 0.48615 4.84181
1.61944 0.41580 5.14579
1.76021 0.33578 5.51507
1.89939 0.23995 5.89218
2.01749 0.12693 6.22147
2.09992 0.00000 6.46290
0.00000 2.42666 6.12903
0.14650 2.32860 5.89301
0.27645 2.18836 5.57109
0.38596 2.02330 5.20241
0.47670 1.85662 4.84140
0.55598 1.71113 4.54422
0.63474 1.60317 4.35497
0.72399 1.53856 4.29469
0.83090 1.51141 4.35622
0.95593 1.50630 4.50593
1.09194 1.50293 4.69207
1.22592 1.48188 4.85755
1.34271 1.42984 4.95407
1.42984 1.34271 4.95407
1.48188 1.22592 4.85755
1.50293 1.09194 4.69207
1.50630 0.95593 4.50593
1.51141 0.83090 4.35622
1.53856 0.72399 4.29469
1.60317 0.63474 4.35497
1.71113 0.55598 4.54422
1.85662 0.47670 4.84140
2.02330 0.38596 5.20241
2.18836 0.27645 5.57109
2.32860 0.14650 5.89301
2.42666 0.00000 6.12903
0.00000 2.77911 5.90591
0.16772 2.66576 5.67622
0.31629 2.50371 5.36293
0.44124 2.31307 5.00415
0.54449 2.12067 4.65282
0.63452 1.95287 4.36362
0.72399 1.82859 4.17945
0.82563 1.75454 4.12078
0.94774 1.72393 4.18066
1.09085 1.71891 4.32636
1.24673 1.71598 4.50750
1.40032 1.69270 4.66854
1.53410 1.63365 4.76247
1.63365 1.53410 4.76247
1.69270 1.40032 4.66854
1.71598 1.24673 4.50750
1.71891 1.09085 4.32636
1.72393 0.94774 4.18066
1.75454 0.82563 4.12078
1.82859 0.72399 4.17945
1.95287 0.63452 4.36362
2.12067 0.54449 4.65282
2.31307 0.44124 5.00415
2.50371 0.31629 5.36293
2.66576 0.16772 5.67622
2.77911 0.00000 5.90591
0.00000 3.17634 5.77774
0.19177 3.04802 5.55529
0.36187 2.86448 5.25188
0.50522 2.64847 4.90441
0.62400 2.43034 4.56415
0.72779 2.23992 4.28407
0.83090 2.09862 4.10570
0.94774 2.01405 4.04889
1.08769 1.97850 4.10688
1.25134 1.97180 4.24798
1.42937 1.96736 4.42342
1.60474 1.93979 4.57938
1.75761 1.87166 4.67035
1.87166 1.75761 4.67035
1.93979 1.60474 4.57938
1.96736 1.42937 4.42342
1.97180 1.25134 4.24798
1.97850 1.08769 4.10688
2.01405 0.94774 4.04889
2.09862 0.83090 4.10570
2.23992 0.72779 4.28407
2.43034 0.62400 4.56415
2.64847 0.50522 4.90441
2.86448 0.36187 5.25188
3.04802 0.19177 5.55529
3.17634 0.00000 5.77774
0.00000 3.61914 5.70285
0.21871 3.47625 5.48852
0.41330 3.27159 5.19618
0.57810 3.03049 4.86139
0.71550 2.78669 4.53355
0.83614 2.57339 4.26369
0.95593 2.41440 4.09183
1.09085 2.31818 4.03709
1.25134 2.27618 4.09296
1.43803 2.26597 4.22892
1.64052 2.25799 4.39795
1.83985 2.22400 4.54822
2.01395 2.14463 4.63587
2.14463 2.01395 4.63587
2.22400 1.83985 4.54822
2.25799 1.64052 4.39795
2.26597 1.43803 4.22892
2.27618 1.25134 4.09296
2.31818 1.09085 4.03709
2.41440 0.95593 4.09183
2.57339 0.83614 4.26369
2.78669 0.71550 4.53355
3.03049 0.57810 4.86139
3.27159 0.41330 5.19618
3.47625 0.21871 5.48852
3.61914 0.00000 5.70285
0.00000 4.08776 5.62632
0.24730 3.93078 5.42095
0.46812 3.70558 5.14084
0.65620 3.43994 4.82005
0.81415 3.17089 4.50592
0.95359 2.93484 4.24734
1.09194 2.75793 4.08266
1.24673 2.64944 4.03022
1.42937 2.60002 4.08375
1.64052 2.58505 4.21402
1.86877 2.57214 4.37599
2.09327 2.53033 4.51997
2.28979 2.43838 4.60395
2.43838 2.28979 4.60395
2.53033 2.09327 4.51997
2.57214 1.86877 4.37599
2.58505 1.64052 4.21402
2.60002 1.42937 4.08375
2.64944 1.24673 4.03022
2.75793 1.09194 4.08266
2.93484 0.95359 4.24734
3.17089 0.81415 4.50592
3.43994 0.65620 4.82005
3.70558 0.46812 5.14084
3.93078 0.24730 5.42095
4.08776 0.00000 5.62632
0.00000 4.54642 5.49567
0.27531 4.37596 5.30008
0.52188 4.13107 5.03330
0.73288 3.84188 4.72778
0.91111 3.54855 4.42860
1.06917 3.29058 4.18233
1.22592 3.09632 4.02549
1.40032 2.97584 3.97554
1.60474 2.91901 4.02653
1.83985 2.89914 4.15060
2.09327 2.88114 4.30485
2.34236 2.83143 4.44198
2.56082 2.72700 4.52197
2.72700 2.56082 4.52197
2.83143 2.34236 4.44198
2.88114 2.09327 4.30485
2.89914 1.83985 4.15060
2.91901 1.60474 4.02653
2.97584 1.40032 3.97554
3.09632 1.22592 4.02549
3.29058 1.06917 4.18233
3.54855 0.91111 4.42860
3.84188 0.73288 4.72778
4.13107 0.52188 5.03330
4.37596 0.27531 5.30008
4.54642 0.00000 5.49567
0.00000 4.95358 5.27503
0.30013 4.77038 5.08998
0.56936 4.50697 4.83759
0.80037 4.19570 4.54854
0.99614 3.87972 4.26549
1.17018 3.60143 4.03250
1.34271 3.39129 3.88412
1.53410 3.26013 3.83686
1.75761 3.19707 3.88510
2.01395 3.17347 4.00248
2.28979 3.15162 4.14841
2.56082 3.09550 4.27815
2.79878 2.98040 4.35383
2.98040 2.79878 4.35383
3.09550 2.56082 4.27815
3.15162 2.28979 4.14841
3.17347 2.01395 4.00248
3.19707 1.75761 3.88510
3.26013 1.53410 3.83686
3.39129 1.34271 3.88412
3.60143 1.17018 4.03250
3.87972 0.99614 4.26549
4.19570 0.80037 4.54854
4.50697 0.56936 4.83759
4.77038 0.30013 5.08998
4.95358 0.00000 5.27503
0.00000 5.27503 4.95358
0.31960 5.07994 4.77981
0.60631 4.79944 4.54279
0.85231 4.46797 4.27136
1.06078 4.13148 4.00556
1.24611 3.83513 3.78677
1.42984 3.61136 3.64743
1.63365 3.47169 3.60305
1.87166 3.40454 3.64835
2.14463 3.37940 3.75857
2.43838 3.35614 3.89562
2.72700 3.29637 4.01745
2.98040 3.17380 4.08851
3.17380 2.98040 4.08851
3.29637 2.72700 4.01745
3.35614 2.43838 3.89562
3.37940 2.14463 3.75857
3.40454 1.87166 3.64835
3.47169 1.63365 3.60305
3.61136 1.42984 3.64743
3.83513 1.24611 3.78677
4.13148 1.06078 4.00556
4.46797 0.85231 4.27136
4.79944 0.60631 4.54279
5.07994 0.31960 4.77981
5.27503 0.00000 4.95358
0.00000 5.49567 4.54642
0.33279 5.28962 4.38461
0.63084 4.99361 4.16391
0.88590 4.64403 3.91116
1.10135 4.28947 3.66365
1.29241 3.97763 3.45992
1.48188 3.74281 3.33018
1.69270 3.59717 3.28885
1.93979 3.52847 3.33103
2.22400 3.50446 3.43367
2.53033 3.48270 3.56128
2.83143 3.42261 3.67473
3.09550 3.29637 3.74090
3.29637 3.09550 3.74090
3.42261 2.83143 3.67473
3.48270 2.53033 3.56128
3.50446 2.22400 3.43367
3.52847 1.93979 3.33103
3.59717 1.69270 3.28885
3.74281 1.48188 3.33018
3.97763 1.29241 3.45992
4.28947 1.10135 3.66365
4.64403 0.88590 3.91116
4.99361 0.63084 4.16391
5.28962 0.33279 4.38461
5.49567 0.00000 4.54642
0.00000 5.62632 4.08776
0.34038 5.41025 3.93855
0.64432 5.10030 3.73504
0.90319 4.73467 3.50197
1.12058 4.36435 3.27374
1.31250 4.03946 3.08587
1.50293 3.79597 2.96623
1.71598 3.64665 2.92812
1.96736 3.57862 2.96702
2.25799 3.55802 3.06167
2.57214 3.54025 3.17934
2.88114 3.48270 3.28395
3.15162 3.35614 3.34497
3.35614 3.15162 3.34497
3.48270 2.88114 3.28395
3.54025 2.57214 3.17934
3.55802 2.25799 3.06167
3.57862 1.96736 2.96702
3.64665 1.71598 2.92812
3.79597 1.50293 2.96623
4.03946 1.31250 3.08587
4.36435 1.12058 3.27374
4.73467 0.90319 3.50197
5.10030 0.64432 3.73504
5.41025 0.34038 3.93855
5.62632 0.00000 4.08776
0.00000 5.70285 3.61914
0.34463 5.47769 3.48312
0.65125 5.15521 3.29760
0.91093 4.77528 3.08513
1.12745 4.39112 2.87708
1.31755 4.05501 2.70582
1.50630 3.80448 2.59675
1.71891 3.65287 2.56201
1.97180 3.58669 2.59747
2.26597 3.57059 2.68375
2.58505 3.55802 2.79102
2.89914 3.50446 2.88639
3.17347 3.37940 2.94201
3.37940 3.17347 2.94201
3.50446 2.89914 2.88639
3.55802 2.58505 2.79102
3.57059 2.26597 2.68375
3.58669 1.97180 2.59747
3.65287 1.71891 2.56201
3.80448 1.50630 2.59675
4.05501 1.31755 2.70582
4.39112 1.12745 2.87708
4.77528 0.91093 3.08513
5.15521 0.65125 3.29760
5.47769 0.34463 3.48312
5.70285 0.00000 3.61914
0.00000 5.77774 3.17634
0.34882 5.54433 3.05405
0.65824 5.21047 2.88725
0.91899 4.81754 2.69622
1.13506 4.42076 2.50917
1.32385 4.07439 2.35519
1.51141 3.81738 2.25713
1.72393 3.66354 2.22589
1.97850 3.59888 2.25778
2.27618 3.58669 2.33535
2.60002 3.57862 2.43179
2.91901 3.52847 2.51754
3.19707 3.40454 2.56754
3.40454 3.19707 2.56754
3.52847 2.91901 2.51754
3.57862 2.60002 2.43179
3.58669 2.27618 2.33535
3.59888 1.97850 2.25778
3.66354 1.72393 2.22589
3.81738 1.51141 2.25713
4.07439 1.32385 2.35519
4.42076 1.13506 2.50917
4.81754 0.91899 2.69622
5.21047 0.65824 2.88725
5.54433 0.34882 3.05405
5.77774 0.00000 3.17634
0.00000 5.90591 2.77911
0.35641 5.66502 2.67103
0.67215 5.32064 2.52360
0.93768 4.91552 2.35478
1.15711 4.50664 2.18945
1.34843 4.15005 2.05336
1.53856 3.88595 1.96670
1.75454 3.72860 1.93909
2.01405 3.66354 1.96727
2.31818 3.65287 2.03583
2.64944 3.64665 2.12107
2.97584 3.59717 2.19685
3.26013 3.47169 2.24105
3.47169 3.26013 2.24105
3.59717 2.97584 2.19685
3.64665 2.64944 2.12107
3.65287 2.31818 2.03583
3.66354 2.01405 1.96727
3.72860 1.75454 1.93909
3.88595 1.53856 1.96670
4.15005 1.34843 2.05336
4.50664 1.15711 2.18945
4.91552 0.93768 2.35478
5.32064 0.67215 2.52360
5.66502 0.35641 2.67103
5.90591 0.00000 2.77911
0.00000 6.12903 2.42666
0.37003 5.88138 2.33321
0.69824 5.52716 2.20575
0.97484 5.11026 2.05978
1.20401 4.68929 1.91684
1.40424 4.32181 1.79918
1.60317 4.04915 1.72425
1.82859 3.88595 1.70039
2.09862 3.81738 1.72475
2.41440 3.80448 1.78402
2.75793 3.79597 1.85772
3.09632 3.74281 1.92324
3.39129 3.61136 1.96145
3.61136 3.39129 1.96145
3.74281 3.09632 1.92324
3.79597 2.75793 1.85772
3.80448 2.41440 1.78402
3.81738 2.09862 1.72475
3.88595 1.82859 1.70039
4.04915 1.60317 1.72425
4.32181 1.40424 1.79918
4.68929 1.20401 1.91684
5.11026 0.97484 2.05978
5.52716 0.69824 2.20575
5.88138 0.37003 2.33321
6.12903 0.00000 2.42666
0.00000 6.46290 2.09992
0.39065 6.20920 2.02148
0.73849 5.84572 1.91449
1.03342 5.41738 1.79195
1.27971 4.98412 1.67197
1.49620 4.60484 1.57320
1.71113 4.32181 1.51030
1.95287 4.15005 1.49027
2.23992 4.07439 1.51072
2.57339 4.05501 1.56047
2.93484 4.03946 1.62234
3.29058 3.97763 1.67734
3.60143 3.83513 1.70941
3.83513 3.60143 1.70941
3.97763 3.29058 1.67734
4.03946 2.93484 1.62234
4.05501 2.57339 1.56047
4.07439 2.23992 1.51072
4.15005 1.95287 1.49027
4.32181 1.71113 1.51030
4.60484 1.49620 1.57320
4.98412 1.27971 1.67197
5.41738 1.03342 1.79195
5.84572 0.73849 1.91449
6.20920 0.39065 2.02148
6.46290 0.00000 2.09992
0.00000 6.89158 1.76946
0.41729 6.63259 1.70633
0.79090 6.26058 1.62022
1.11047 5.82131 1.52161
1.38028 5.37583 1.42505
1.61944 4.98412 1.34556
1.85662 4.68929 1.29494
2.12067 4.50664 1.27882
2.43034 4.42076 1.29528
2.78669 4.39112 1.33532
3.17089 4.36435 1.38511
3.54855 4.28947 1.42937
3.87972 4.13148 1.45518
4.13148 3.87972 1.45518
4.28947 3.54855 1.42937
4.36435 3.17089 1.38511
4.39112 2.78669 1.33532
4.42076 2.43034 1.29528
4.50664 2.12067 1.27882
4.68929 1.85662 1.29494
4.98412 1.61944 1.34556
5.37583 1.38028 1.42505
5.82131 1.11047 1.52161
6.26058 0.79090 1.62022
6.63259 0.41729 1.70633
6.89158 0.00000 1.76946
0.00000 7.37049 1.40600
0.44714 7.10709 1.35843
0.84989 6.72756 1.29355
1.19765 6.27833 1.21925
1.49466 5.82131 1.14649
1.76021 5.41738 1.08660
2.02330 5.11026 1.04846
2.31307 4.91552 1.03631
2.64847 4.81754 1.04871
3.03049 4.77528 1.07889
3.43994 4.73467 1.11640
3.84188 4.64403 1.14975
4.19570 4.46797 1.16920
4.46797 4.19570 1.16920
4.64403 3.84188 1.14975
4.73467 3.43994 1.11640
4.77528 3.03049 1.07889
4.81754 2.64847 1.04871
4.91552 2.31307 1.03631
5.11026 2.02330 1.04846
5.41738 1.76021 1.08660
5.82131 1.49466 1.14649
6.27833 1.19765 1.21925
6.72756 0.84989 1.29355
7.10709 0.44714 1.35843
7.37049 0.00000 1.40600
0.00000 7.83762 0.99012
0.47631 7.57081 0.95831
0.90770 7.18516 0.91491
1.28335 6.72756 0.86521
1.60744 6.26058 0.81655
1.89939 5.84572 0.77649
2.18836 5.52716 0.75098
2.50371 5.32064 0.74285
2.86448 5.21047 0.75115
3.27159 5.15521 0.77133
3.70558 5.10030 0.79642
4.13107 4.99361 0.81873
4.50697 4.79944 0.83174
4.79944 4.50697 0.83174
4.99361 4.13107 0.81873
5.10030 3.70558 0.79642
5.15521 3.27159 0.77133
5.21047 2.86448 0.75115
5.32064 2.50371 0.74285
5.52716 2.18836 0.75098
5.84572 1.89939 0.77649
6.26058 1.60744 0.81655
6.72756 1.28335 0.86521
7.18516 0.90770 0.91491
7.57081 0.47631 0.95831
7.83762 0.00000 0.99012
0.00000 8.22988 0.51778
0.50085 7.96080 0.50184
0.95642 7.57081 0.48010
1.35575 7.10709 0.45520
1.70296 6.63259 0.43082
2.01749 6.20920 0.41075
2.32860 5.88138 0.39797
2.66576 5.66502 0.39390
3.04802 5.54433 0.39806
3.47625 5.47769 0.40817
3.93078 5.41025 0.42074
4.37596 5.28962 0.43191
4.77038 5.07994 0.43843
5.07994 4.77038 0.43843
5.28962 4.37596 0.43191
5.41025 3.93078 0.42074
5.47769 3.47625 0.40817
5.54433 3.04802 0.39806
5.66502 2.66576 0.39390
5.88138 2.32860 0.39797
6.20920 2.01749 0.41075
6.63259 1.70296 0.43082
7.10709 1.35575 0.45520
7.57081 0.95642 0.48010
7.96080 0.50085 0.50184
8.22988 0.00000 0.51778
0.00000 8.50000 0.00000
0.51778 8.22988 0.00000
0.99012 7.83762 0.00000
1.40600 7.37049 0.00000
1.76946 6.89158 0.00000
2.09992 6.46290 0.00000
2.42666 6.12903 0.00000
2.77911 5.90591 0.00000
3.17634 5.77774 0.00000
3.61914 5.70285 0.00000
4.08776 5.62632 0.00000
4.54642 5.49567 0.00000
4.95358 5.27503 0.00000
5.27503 4.95358 0.00000
5.49567 4.54642 0.00000
5.62632 4.08776 0.00000
5.70285 3.61914 0.00000
5.77774 3.17634 0.00000
5.90591 2.77911 0.00000
6.12903 2.42666 0.00000
6.46290 2.09992 0.00000
6.89158 1.76946 0.00000
7.37049 1.40600 0.00000
7.83762 0.99012 0.00000
8.22988 0.51778 0.00000
8.50000 0.00000 0.00000
