   3.8641071e-02   3.3192573e-02   2.4088901e-02   3.1666409e-02   1.1957400e-01
   3.7949166e-02   3.2258181e-02   2.4348395e-02   3.2922804e-02   1.2093729e-01
   2.7357644e-02   2.3278986e-02   1.7258940e-02   5.7967842e-02   1.2713447e-01
   2.6857260e-02   2.2984541e-02   1.6785998e-02   6.1832949e-02   1.2192164e-01
   2.8481027e-02   2.4269476e-02   1.7935464e-02   6.8516672e-02   1.1117655e-01
   3.7376221e-02   3.1815542e-02   2.3828479e-02   8.9486389e-02   6.9746353e-02
   3.8127622e-02   3.2572017e-02   2.4221474e-02   9.1985852e-02   6.2561313e-02
   3.9467886e-02   3.3650645e-02   2.4957457e-02   9.2796893e-02   5.8162597e-02
   4.0167798e-02   3.4306613e-02   2.5554246e-02   9.1766227e-02   5.6610187e-02
   4.0657634e-02   3.4724974e-02   2.5865874e-02   8.9675186e-02   5.6257218e-02
   2.7921512e-02   2.3722004e-02   4.3875622e-02   3.1464271e-02   1.2136264e-01
   2.7344369e-02   2.3231559e-02   4.2763505e-02   3.2924165e-02   1.2615284e-01
   1.9519522e-02   1.6475766e-02   3.1881681e-02   5.7580984e-02   1.3568476e-01
   1.9392293e-02   1.6506002e-02   3.1869698e-02   6.6615599e-02   1.1698631e-01
   2.2676089e-02   1.8986211e-02   3.5474936e-02   7.8675533e-02   1.0861253e-01
   2.7219605e-02   2.3211604e-02   4.2929542e-02   9.5222583e-02   6.5594938e-02
   2.8602102e-02   2.4354548e-02   4.4788128e-02   9.8813527e-02   5.8469928e-02
   2.9761509e-02   2.5449834e-02   4.6234506e-02   9.6491048e-02   5.5019931e-02
   3.0020923e-02   2.5686797e-02   4.6378747e-02   9.2067945e-02   5.5088640e-02
   2.7761526e-02   2.3636741e-02   4.5604957e-02   3.0553964e-02   1.2198775e-01
   2.6846404e-02   2.2912526e-02   4.5729128e-02   3.2570469e-02   1.2230648e-01
   2.0321897e-02   1.7585797e-02   3.6021960e-02   5.8493201e-02   1.1764999e-01
   2.1725517e-02   1.8457635e-02   3.9018535e-02   7.0566178e-02   1.0782044e-01
   2.6505144e-02   2.2612416e-02   4.6327144e-02   8.8675710e-02   6.7438299e-02
   2.8277473e-02   2.4117566e-02   4.7263892e-02   9.8164375e-02   5.7170816e-02
   2.9960756e-02   2.5559342e-02   4.8586880e-02   9.8588497e-02   5.3336193e-02
   3.0584156e-02   2.6165895e-02   4.8358475e-02   9.4834770e-02   5.2919690e-02
   2.8419032e-02   2.4347823e-02   4.8588837e-02   3.0629205e-02   1.1615203e-01
   2.8209380e-02   2.4173421e-02   5.1235469e-02   3.3560304e-02   1.1322071e-01
   2.9975216e-02   2.5528903e-02   5.5085311e-02   4.0171740e-02   1.0890809e-01
   2.7950355e-02   2.4282247e-02   5.1976250e-02   8.2208137e-02   6.8292568e-02
   2.8397300e-02   2.4312532e-02   5.2095663e-02   8.9057738e-02   5.8602776e-02
   3.0644022e-02   2.6196989e-02   5.2402425e-02   9.6029084e-02   5.1889696e-02
   3.1104417e-02   2.6590572e-02   5.0820415e-02   9.5389116e-02   5.1543887e-02
   3.0156549e-02   2.5676711e-02   5.2401223e-02   3.2252967e-02   1.1026583e-01
   3.8297884e-02   3.2588091e-02   6.6625563e-02   4.4089267e-02   6.8684222e-02
   3.7790010e-02   3.2206994e-02   6.8565469e-02   4.7622720e-02   6.4370923e-02
   3.8601919e-02   3.3105535e-02   6.9217717e-02   5.3159265e-02   5.9021247e-02
   3.0635629e-02   2.6252854e-02   5.3208237e-02   8.8772663e-02   5.4469306e-02
   3.1309704e-02   2.6789336e-02   5.2385306e-02   9.0895612e-02   5.2545604e-02
   3.9434915e-02   3.3817636e-02   6.7245249e-02   4.2457625e-02   6.5446415e-02
   3.9220985e-02   3.3446271e-02   7.0126748e-02   4.4233804e-02   6.2862820e-02
   3.9358499e-02   3.3971102e-02   7.1078667e-02   4.7844695e-02   5.8512104e-02
   4.0447828e-02   3.4492661e-02   6.9974431e-02   5.0655072e-02   5.5548164e-02
   4.1383755e-02   3.5267125e-02   6.7500819e-02   5.1705718e-02   5.4457227e-02
   4.0188505e-02   3.4330396e-02   6.8637335e-02   4.3246736e-02   6.1317911e-02
   4.0156636e-02   3.4308056e-02   6.9620954e-02   4.5170081e-02   5.9022390e-02
   4.0704729e-02   3.4755238e-02   7.0341338e-02   4.7744278e-02   5.6203196e-02
   4.0945221e-02   3.5333902e-02   6.9111667e-02   4.9364595e-02   5.4966476e-02
   4.0873250e-02   3.4849650e-02   6.7919748e-02   4.4123292e-02   5.8944125e-02
   4.1018764e-02   3.4984393e-02   6.8990522e-02   4.5689254e-02   5.7119926e-02
   4.1270936e-02   3.5145816e-02   6.8509120e-02   4.7322229e-02   5.5791879e-02
   4.1324197e-02   3.5224816e-02   6.7895385e-02   4.5272825e-02   5.7197308e-02
   4.1256761e-02   3.5132566e-02   6.7766722e-02   4.6126043e-02   5.6681117e-02
   4.1068751e-02   3.4972839e-02   6.6485111e-02   4.5812049e-02   5.7495091e-02
   3.8345127e-02   3.3536317e-02   2.4144436e-02   3.1700523e-02   1.1968185e-01
   3.7297641e-02   3.2934003e-02   2.3714609e-02   3.3106097e-02   1.2373186e-01
   2.7062996e-02   2.4439704e-02   1.7044754e-02   5.7799657e-02   1.2839883e-01
   2.7187615e-02   2.4602050e-02   1.7139187e-02   6.5579311e-02   1.1484524e-01
   3.0625484e-02   2.7198951e-02   1.9330173e-02   7.7516545e-02   1.0837818e-01
   3.7232751e-02   3.3213089e-02   2.3624986e-02   9.2657300e-02   6.5042592e-02
   3.8987739e-02   3.4273651e-02   2.4773334e-02   9.5670077e-02   5.8275257e-02
   4.0486265e-02   3.5199366e-02   2.5698354e-02   9.4031288e-02   5.5339144e-02
   4.1077492e-02   3.5449284e-02   2.5955140e-02   9.1631606e-02   5.4970504e-02
   2.8131651e-02   2.4533347e-02   4.3369814e-02   3.0815126e-02   1.2360995e-01
   2.7261049e-02   2.4456834e-02   4.2043415e-02   3.2646191e-02   1.3062407e-01
   1.9547640e-02   1.8086971e-02   3.1821234e-02   5.8036429e-02   1.2537743e-01
   2.0888821e-02   1.9350113e-02   3.3800523e-02   7.3024557e-02   1.1029398e-01
   2.6547154e-02   2.4286392e-02   4.2238335e-02   9.2851541e-02   7.1039133e-02
   2.8314020e-02   2.5416302e-02   4.4663899e-02   1.0358635e-01   5.9129287e-02
   3.0361989e-02   2.6258302e-02   4.6815665e-02   1.0076760e-01   5.3786497e-02
   3.0803684e-02   2.6402578e-02   4.7396353e-02   9.4337165e-02   5.3311441e-02
   2.7977444e-02   2.4792179e-02   4.6452936e-02   2.9493834e-02   1.2237606e-01
   2.6500671e-02   2.4327752e-02   4.7439671e-02   3.1967995e-02   1.2131984e-01
   2.2021882e-02   2.0189606e-02   4.0164225e-02   6.1947542e-02   1.1181695e-01
   2.6680074e-02   2.4937554e-02   4.8628778e-02   8.2846411e-02   7.3796693e-02
   2.7341791e-02   2.5394380e-02   4.9157491e-02   9.6091467e-02   5.7606869e-02
   3.1259438e-02   2.7759561e-02   5.1916018e-02   1.0522353e-01   4.9986050e-02
   3.1650547e-02   2.7432467e-02   5.0362215e-02   9.8826188e-02   5.0542147e-02
   2.9488820e-02   2.6179602e-02   5.1473223e-02   3.0380330e-02   1.1358941e-01
   3.0265572e-02   2.6929999e-02   5.7088841e-02   3.5004751e-02   1.0993652e-01
   3.5871306e-02   3.3024370e-02   6.8189183e-02   4.9745235e-02   7.0000903e-02
   2.9793429e-02   2.7093576e-02   5.7380384e-02   8.5409295e-02   6.0546522e-02
   3.1742606e-02   2.8209817e-02   5.7755688e-02   9.7136479e-02   5.0657969e-02
   3.2215423e-02   2.8020114e-02   5.3882381e-02   9.6969700e-02   4.9693397e-02
   3.9271971e-02   3.4283930e-02   6.7334309e-02   4.1484694e-02   6.8850546e-02
   3.8363102e-02   3.4232282e-02   7.1603055e-02   4.3342519e-02   6.6329388e-02
   3.8668766e-02   3.4821487e-02   7.5649841e-02   5.0086301e-02   5.8980293e-02
   4.0741300e-02   3.6037728e-02   7.3015037e-02   5.4980892e-02   5.3673665e-02
   3.2089308e-02   2.7790575e-02   5.4072324e-02   9.0436173e-02   5.2143424e-02
   4.0211880e-02   3.4976600e-02   7.0123864e-02   4.2096887e-02   6.2611488e-02
   4.0244707e-02   3.5314422e-02   7.3186531e-02   4.4750662e-02   5.9065671e-02
   4.1168433e-02   3.5748531e-02   7.3260706e-02   4.8895398e-02   5.4751580e-02
   4.1807636e-02   3.6073268e-02   7.1253905e-02   5.1485929e-02   5.3099973e-02
   4.0884959e-02   3.5372224e-02   7.0045567e-02   4.3534318e-02   5.9077282e-02
   4.1322749e-02   3.5772289e-02   7.1048140e-02   4.5774002e-02   5.6263905e-02
   4.1658905e-02   3.5942356e-02   7.0307235e-02   4.8148803e-02   5.4463162e-02
   4.1344450e-02   3.5488119e-02   6.8828550e-02   4.4644702e-02   5.7428965e-02
   4.1567243e-02   3.5687993e-02   6.8929154e-02   4.6278089e-02   5.5841832e-02
   4.1585729e-02   3.5449519e-02   6.7572372e-02   4.5331085e-02   5.6902430e-02
   3.8349285e-02   3.4634692e-02   2.4160516e-02   3.1740466e-02   1.1847698e-01
   3.7624727e-02   3.4973794e-02   2.3914738e-02   3.3108494e-02   1.1914219e-01
   2.8534232e-02   2.6875511e-02   1.7606886e-02   5.9348010e-02   1.1624929e-01
   2.9855154e-02   2.8135282e-02   1.8595756e-02   6.8268540e-02   1.0807275e-01
   3.7566930e-02   3.5029546e-02   2.3728831e-02   8.6846600e-02   6.5818881e-02
   3.8865146e-02   3.5770987e-02   2.4657190e-02   9.3214852e-02   5.8224303e-02
   4.0833285e-02   3.6228098e-02   2.5497429e-02   9.4462134e-02   5.4715612e-02
   4.1479254e-02   3.6369228e-02   2.6094529e-02   9.2702010e-02   5.4042169e-02
   3.8442280e-02   3.5278115e-02   2.5813307e-02   3.0859915e-02   1.1820918e-01
   0.0000000e+00   1.1375947e-01   5.4910016e-02   5.6523233e-02   2.7870247e-01
   0.0000000e+00   1.0438812e-01   5.0666286e-02   1.0420589e-01   2.0740400e-01
   0.0000000e+00   1.1349742e-01   5.4568781e-02   1.6812399e-01   1.6597584e-01
   1.5735859e-04   1.2016034e-01   5.8032615e-02   2.3231560e-01   1.1746865e-01
   4.0914986e-02   3.7473795e-02   2.7378565e-02   9.6900563e-02   5.3358601e-02
   4.2124969e-02   3.7278183e-02   2.7255776e-02   9.4466974e-02   5.2578916e-02
   2.9366955e-02   2.6964356e-02   4.7907925e-02   3.0350083e-02   1.1421221e-01
   0.0000000e+00   9.5954241e-02   9.5744765e-02   4.8100456e-02   1.9161712e-01
   1.6944746e-12   1.1489623e-01   1.0977403e-01   1.1002935e-01   1.6651699e-01
   0.0000000e+00   9.4269262e-02   9.4540140e-02   1.4172393e-01   9.4453540e-02
   0.0000000e+00   1.2050709e-01   1.2124878e-01   2.4139189e-01   6.1125663e-02
   3.2461063e-02   2.8720808e-02   5.1209571e-02   9.7214425e-02   4.9915980e-02
   3.1706693e-02   2.8918422e-02   5.4269743e-02   3.2291148e-02   1.0890571e-01
   3.8183094e-02   3.6523420e-02   6.7356625e-02   4.2790492e-02   6.8040553e-02
   1.6138344e-04   1.1903985e-01   1.7789613e-01   1.1793558e-01   1.1860070e-01
   4.1171475e-02   3.8104354e-02   6.9884839e-02   5.6410136e-02   5.3182248e-02
   3.2844767e-02   2.9486865e-02   5.4630176e-02   9.2991306e-02   5.0560807e-02
   4.0194412e-02   3.6283920e-02   6.9230959e-02   4.0828219e-02   6.4854055e-02
   4.0123815e-02   3.7318332e-02   7.2480163e-02   4.3985084e-02   5.9370442e-02
   4.1336890e-02   3.8044730e-02   7.4246242e-02   5.0249227e-02   5.3438211e-02
   4.2468806e-02   3.7958471e-02   7.0826979e-02   5.3164756e-02   5.1794029e-02
   4.1223460e-02   3.6563030e-02   7.1091699e-02   4.2641869e-02   5.9271826e-02
   4.1704737e-02   3.7194802e-02   7.2633306e-02   4.5747524e-02   5.5502187e-02
   4.2436905e-02   3.7246578e-02   7.1207832e-02   4.8962181e-02   5.3011259e-02
   4.1731289e-02   3.6474401e-02   6.9947604e-02   4.4254957e-02   5.6926126e-02
   4.1942418e-02   3.6513251e-02   7.0021390e-02   4.6546881e-02   5.4932412e-02
   4.1821645e-02   3.6167776e-02   6.8556578e-02   4.5293138e-02   5.6231116e-02
   3.9888144e-02   3.6604098e-02   2.4960689e-02   3.1867119e-02   1.1330293e-01
   3.9746287e-02   3.7706694e-02   2.4765841e-02   3.4048623e-02   1.1207015e-01
   5.2101476e-02   4.8976957e-02   3.3055051e-02   4.7902413e-02   6.8947255e-02
   3.9727138e-02   3.7478953e-02   2.4583756e-02   8.1874489e-02   6.5771149e-02
   3.9900282e-02   3.7702719e-02   2.4661899e-02   8.7326631e-02   5.9093261e-02
   4.1274743e-02   3.7649324e-02   2.5717399e-02   9.0844478e-02   5.4878045e-02
   4.1470210e-02   3.7371200e-02   2.6064937e-02   9.1076497e-02   5.4385529e-02
   4.0305072e-02   3.7864581e-02   2.6384946e-02   3.2122808e-02   1.1192901e-01
   0.0000000e+00   1.3916757e-01   4.5842338e-02   4.6938923e-02   1.8522424e-01
   2.1790795e-12   1.6625784e-01   5.5423134e-02   1.1065079e-01   1.6573482e-01
   0.0000000e+00   1.3716614e-01   4.5555718e-02   1.3708649e-01   9.1493635e-02
   0.0000000e+00   1.7454067e-01   5.9644385e-02   2.3073147e-01   5.8877630e-02
   4.2856003e-02   3.8702435e-02   2.7046633e-02   9.1746028e-02   5.2780893e-02
   4.0500654e-02   3.6819362e-02   6.2412412e-02   4.2102714e-02   6.8708680e-02
   0.0000000e+00   1.6680244e-01   1.1611636e-01   5.8798268e-02   1.6838838e-01
   0.0000000e+00   1.4644308e-01   9.7646048e-02   9.7118823e-02   9.7708096e-02
   0.0000000e+00   1.9748907e-01   1.3132054e-01   1.9932202e-01   6.9277596e-02
   3.2219318e-02   2.8635536e-02   5.0413174e-02   8.9535918e-02   5.2788558e-02
   4.0432393e-02   3.7168610e-02   6.5364403e-02   4.1649173e-02   6.4625871e-02
   0.0000000e+00   1.6419157e-01   1.6495623e-01   5.5319570e-02   1.0984633e-01
   0.0000000e+00   1.7584037e-01   1.7100299e-01   1.1643670e-01   5.8497009e-02
   4.2349138e-02   3.8206496e-02   6.7768747e-02   5.1621062e-02   5.3049844e-02
   4.1330734e-02   3.7585503e-02   6.8520717e-02   4.2579536e-02   5.9499990e-02
   4.1878519e-02   3.8637144e-02   7.0447503e-02   4.5784422e-02   5.5442385e-02
   4.2456733e-02   3.8410432e-02   6.9854213e-02   4.9317155e-02   5.3000364e-02
   4.1993635e-02   3.7320374e-02   6.8956327e-02   4.3992713e-02   5.6962631e-02
   4.2260156e-02   3.7538122e-02   6.9469508e-02   4.6376141e-02   5.4706772e-02
   4.1992398e-02   3.6720439e-02   6.8275171e-02   4.5167781e-02   5.6122932e-02
   4.1221153e-02   3.7680675e-02   2.5664980e-02   3.2965259e-02   1.0982841e-01
   5.3570192e-02   5.0055036e-02   3.3709677e-02   4.4927647e-02   6.5955422e-02
   5.3374190e-02   5.0612705e-02   3.3574652e-02   4.7420080e-02   6.3280934e-02
   0.0000000e+00   2.9817089e-01   0.0000000e+00   2.2408494e-01   1.4951886e-01
   4.1696160e-02   3.7955117e-02   2.5895220e-02   8.5759014e-02   5.6899401e-02
   4.2231178e-02   3.7761459e-02   2.6236777e-02   8.7391076e-02   5.5240632e-02
   0.0000000e+00   2.9885319e-01   7.6080263e-02   2.1204982e-03   2.9814490e-01
   0.0000000e+00   2.1929744e-01   5.7286597e-02   5.9012655e-02   1.6341904e-01
   0.0000000e+00   1.9243172e-01   4.8085892e-02   9.6145516e-02   9.6404240e-02
   0.0000000e+00   2.6005632e-01   6.5099366e-02   1.9710703e-01   6.7561551e-02
   0.0000000e+00   2.9923342e-01   7.8298718e-02   2.9950685e-01   0.0000000e+00
   5.4541919e-02   5.0726690e-02   3.6895304e-02   4.3520918e-02   6.2553740e-02
   0.0000000e+00   2.2800415e-01   1.1081435e-01   6.1552127e-02   1.1439006e-01
   0.0000000e+00   2.5235576e-01   1.2503548e-01   1.2688265e-01   6.3761031e-02
   5.5929751e-02   5.1254155e-02   3.7384098e-02   5.0407518e-02   5.5429594e-02
   0.0000000e+00   2.9477540e-01   2.1882134e-01   4.6199671e-03   1.4651265e-01
   0.0000000e+00   2.8574480e-01   2.1254812e-01   7.2546873e-02   7.1355752e-02
   0.0000000e+00   3.0193069e-01   2.2568454e-01   1.4781218e-01   0.0000000e+00
   4.2006788e-02   3.7783224e-02   6.6858270e-02   4.4520144e-02   5.7198690e-02
   4.2308109e-02   3.7836988e-02   6.7488919e-02   4.6174447e-02   5.5377821e-02
   4.2267278e-02   3.7234091e-02   6.7400437e-02   4.5131184e-02   5.6172126e-02
   5.4729777e-02   4.9757763e-02   3.4324553e-02   4.4081872e-02   6.3334955e-02
   5.4489469e-02   5.0688416e-02   3.4235311e-02   4.5398919e-02   6.2038280e-02
   0.0000000e+00   3.7491501e-01   6.1653542e-04   1.5018345e-01   1.4974514e-01
   5.5232281e-02   5.0531308e-02   3.4912754e-02   4.8954384e-02   5.7796335e-02
   5.5688701e-02   4.9972905e-02   3.5226503e-02   4.9624725e-02   5.6930646e-02
   5.4671350e-02   5.0754676e-02   3.5378599e-02   4.4222253e-02   6.2108759e-02
   0.0000000e+00   2.8951991e-01   5.9997486e-02   5.9671970e-02   1.1701669e-01
   0.0000000e+00   3.1742995e-01   6.3823914e-02   1.2755579e-01   6.3252197e-02
   5.5950050e-02   5.0962118e-02   3.5966109e-02   4.9084577e-02   5.6334561e-02
   0.0000000e+00   3.7501638e-01   1.5167654e-01   5.4382597e-04   1.5063588e-01
   0.0000000e+00   3.5412124e-01   1.3782261e-01   7.2621886e-02   7.1628261e-02
   0.0000000e+00   3.6429779e-01   1.5292977e-01   1.5150846e-01   5.3940830e-03
   4.1671490e-02   3.7267946e-02   6.4488646e-02   4.4842512e-02   5.8494379e-02
   4.2144023e-02   3.7492422e-02   6.5325012e-02   4.6805094e-02   5.6089679e-02
   4.2045948e-02   3.7107611e-02   6.5496388e-02   4.5403091e-02   5.6996958e-02
   5.5167722e-02   5.0153232e-02   3.4662305e-02   4.4852345e-02   6.1028807e-02
   5.5395709e-02   5.0677214e-02   3.4682844e-02   4.5925529e-02   5.9594125e-02
   5.5666965e-02   5.0665103e-02   3.5010286e-02   4.7179484e-02   5.8093892e-02
   5.5846292e-02   5.0355031e-02   3.5147009e-02   4.8424195e-02   5.7192004e-02
   5.5563932e-02   5.0624597e-02   3.5600879e-02   4.4920086e-02   5.9660825e-02
   5.5835273e-02   5.1048621e-02   3.5679152e-02   4.6161628e-02   5.8185960e-02
   5.6168665e-02   5.0678136e-02   3.5842702e-02   4.7224890e-02   5.7052548e-02
   5.5955836e-02   5.0498539e-02   3.6377164e-02   4.5302889e-02   5.8438487e-02
   5.6263612e-02   5.0613272e-02   3.6473773e-02   4.6481732e-02   5.7158586e-02
   5.6195110e-02   5.0045367e-02   3.6676090e-02   4.5770241e-02   5.7759230e-02
   5.5648981e-02   5.0122558e-02   3.5177706e-02   4.5142838e-02   5.9630708e-02
   5.5838552e-02   5.0333726e-02   3.5278189e-02   4.6051963e-02   5.8519631e-02
   5.5881849e-02   4.9844531e-02   3.5198756e-02   4.7050012e-02   5.7898782e-02
   5.6003666e-02   5.0108416e-02   3.5589567e-02   4.5426165e-02   5.8699624e-02
   5.6165604e-02   4.9980011e-02   3.5617184e-02   4.6295881e-02   5.7851355e-02
   5.6188696e-02   4.9750772e-02   3.5948475e-02   4.5895679e-02   5.8010759e-02
   5.6001764e-02   4.9808678e-02   3.5279226e-02   4.5782882e-02   5.8634287e-02
   5.6004404e-02   4.9629667e-02   3.5141501e-02   4.6276789e-02   5.8374894e-02
   5.6113340e-02   4.9454740e-02   3.5575441e-02   4.5848656e-02   5.8383922e-02
   5.6079893e-02   4.9425262e-02   3.5551829e-02   4.5826845e-02   5.8454917e-02
   3.8927074e-02   3.2695639e-02   2.4098232e-02   3.1340646e-02   1.2120498e-01
   3.8449203e-02   3.1605368e-02   2.3576153e-02   3.2954593e-02   1.2503424e-01
   3.7867769e-02   1.2730531e-02   1.6363335e-02   5.8313019e-02   1.4355403e-01
   3.7748931e-02   1.2611627e-02   1.6464936e-02   6.8385689e-02   1.1961940e-01
   4.3277141e-02   1.4351228e-02   1.9071432e-02   8.9042218e-02   1.1568208e-01
   3.8257177e-02   3.1821027e-02   2.3529288e-02   9.3707489e-02   6.5120571e-02
   4.0005012e-02   3.3274817e-02   2.4807666e-02   9.7111301e-02   5.8035883e-02
   4.1077629e-02   3.4493845e-02   2.5574470e-02   9.4588176e-02   5.5336129e-02
   4.1762150e-02   3.4999855e-02   2.6105938e-02   9.1855874e-02   5.4660053e-02
   3.9155395e-02   1.3234956e-02   4.3392271e-02   3.0324702e-02   1.2737193e-01
   3.7775784e-02   1.2392984e-02   4.2631895e-02   3.4114379e-02   1.8298311e-01
   2.8537158e-02   8.6184672e-03   3.0947113e-02   5.7819165e-02   1.3747534e-01
   3.0587068e-02   9.3698549e-03   3.3315644e-02   8.2969097e-02   1.1656024e-01
   3.7789356e-02   1.2432548e-02   4.1377451e-02   1.0887024e-01   8.2870356e-02
   4.1137598e-02   1.3004864e-02   4.4777859e-02   1.8665488e-01   7.9773783e-02
   4.2439697e-02   1.4480473e-02   4.7300544e-02   1.0442761e-01   5.3475181e-02
   3.1256183e-02   2.6248647e-02   4.7528683e-02   9.5794486e-02   5.2897502e-02
   3.9203963e-02   1.3272545e-02   4.6654168e-02   2.8924157e-02   1.2596851e-01
   3.7162471e-02   1.2348270e-02   4.9769402e-02   3.1449244e-02   1.2908519e-01
   3.3588840e-02   1.0801796e-02   4.6737229e-02   6.3206334e-02   1.1770446e-01
   3.8228695e-02   1.1742894e-02   5.3040022e-02   8.7057357e-02   8.3228963e-02
   3.8673696e-02   1.2698098e-02   5.2844337e-02   1.0658179e-01   5.9146777e-02
   4.6367113e-02   1.5683007e-02   5.6696303e-02   1.2363168e-01   4.7633106e-02
   3.2634168e-02   2.7242350e-02   5.1171363e-02   1.0032219e-01   4.9706337e-02
   4.1026836e-02   1.4230587e-02   5.3202008e-02   2.9907985e-02   1.1608873e-01
   4.3022593e-02   1.4443908e-02   6.3848539e-02   3.6234869e-02   1.1503124e-01
   4.9882701e-02   1.7399384e-02   7.7767905e-02   5.4312775e-02   7.9645113e-02
   4.5898004e-02   1.3478854e-02   1.2212444e-01   1.2859679e-01   8.6744766e-02
   4.6534589e-02   1.5964312e-02   6.4376633e-02   1.0584835e-01   4.8633760e-02
   4.6511066e-02   1.5896194e-02   5.7266000e-02   1.0378025e-01   4.7228895e-02
   4.0425253e-02   3.3250792e-02   6.7580583e-02   4.1216563e-02   6.9657309e-02
   3.9965937e-02   3.2721326e-02   7.2134155e-02   4.2952537e-02   6.6632168e-02
   4.8745242e-02   1.4582156e-02   1.8624257e-01   9.4406995e-02   9.6253289e-02
   4.1852596e-02   3.4780354e-02   7.2890755e-02   5.5078247e-02   5.3564182e-02
   3.2994828e-02   2.7687230e-02   5.4418338e-02   9.0773917e-02   5.1644765e-02
   4.0803071e-02   3.4088112e-02   7.0090165e-02   4.1987879e-02   6.3112182e-02
   4.1376397e-02   3.4407764e-02   7.3816271e-02   4.4515274e-02   5.9041701e-02
   4.2194549e-02   3.5044789e-02   7.4794687e-02   4.9478204e-02   5.4420017e-02
   4.2685641e-02   3.5705097e-02   7.1106314e-02   5.1770908e-02   5.2698928e-02
   4.1624007e-02   3.4909609e-02   7.0320056e-02   4.3273616e-02   5.9061711e-02
   4.1928597e-02   3.5287226e-02   7.1618627e-02   4.5687252e-02   5.6188383e-02
   4.2246841e-02   3.5611672e-02   7.0680412e-02   4.8200444e-02   5.4202229e-02
   4.1801430e-02   3.5217161e-02   6.9075166e-02   4.4467613e-02   5.7399749e-02
   4.1935272e-02   3.5350441e-02   6.8921391e-02   4.6208282e-02   5.5837045e-02
   4.1794985e-02   3.5231250e-02   6.7430817e-02   4.5245456e-02   5.7006534e-02
   3.8839332e-02   3.3489782e-02   2.3666905e-02   3.0327734e-02   1.2605227e-01
   3.8252011e-02   3.2306107e-02   2.2181145e-02   3.3031916e-02   1.3731079e-01
   2.9622549e-02   2.5842544e-02   1.5129721e-02   5.8285360e-02   1.3145222e-01
   3.1632914e-02   2.7596374e-02   1.6156514e-02   7.7851051e-02   1.1350031e-01
   3.7951152e-02   3.3058458e-02   2.1360421e-02   9.7868253e-02   7.4735733e-02
   4.0368167e-02   3.4979619e-02   2.3714084e-02   1.1079450e-01   5.9804021e-02
   4.2461210e-02   3.6425043e-02   2.5983145e-02   1.0256185e-01   5.2826843e-02
   4.2462823e-02   3.6317139e-02   2.6388050e-02   9.4981770e-02   5.2863340e-02
   3.9023742e-02   3.3911369e-02   2.5973071e-02   2.8765133e-02   1.2955100e-01
   3.6095226e-02   3.4418916e-02   3.3305970e-02   3.4791404e-02   1.6983629e-01
   3.3141815e-02   3.1522728e-02   3.1105644e-02   6.4363328e-02   1.2859024e-01
   3.6169209e-02   3.4724055e-02   3.3427755e-02   1.0027075e-01   9.9952739e-02
   3.8183483e-02   3.6499255e-02   3.5851854e-02   1.4450065e-01   7.2951636e-02
   5.3409474e-02   4.8984932e-02   4.0828166e-02   2.1113518e-01   4.8501405e-02
   4.4342496e-02   3.7907790e-02   2.8228847e-02   1.0145512e-01   4.9891389e-02
   3.2497040e-02   2.7936504e-02   5.2673490e-02   2.5206631e-02   1.2877981e-01
   3.0278815e-02   2.9970669e-02   5.9789966e-02   3.0399310e-02   1.1994137e-01
   3.6383623e-02   3.4929707e-02   6.8671261e-02   6.8309703e-02   1.0245010e-01
   2.9797565e-02   2.9551736e-02   5.9418019e-02   8.9159973e-02   5.9471219e-02
   3.8282418e-02   3.7638430e-02   7.5364580e-02   1.5044380e-01   3.8069423e-02
   5.5192656e-02   5.0574258e-02   1.0151418e-01   2.5107384e-01   2.1602384e-03
   3.7371821e-02   3.2027642e-02   6.7379065e-02   2.7830044e-02   1.1995983e-01
   4.3431599e-02   4.0112035e-02   1.1320807e-01   4.3248926e-02   1.1359810e-01
   3.7662110e-02   3.6598830e-02   1.0991377e-01   7.3008301e-02   7.3805068e-02
   5.2107918e-02   5.0912601e-02   1.5052279e-01   1.5179401e-01   5.0759169e-02
   6.0657595e-02   5.4634451e-02   1.6961136e-01   2.2648526e-01   8.6818961e-04
   4.2678808e-02   3.6926525e-02   7.6378045e-02   3.7939925e-02   6.8858804e-02
   5.1112173e-02   4.9475764e-02   1.9683124e-01   5.0296549e-02   9.8093900e-02
   5.4306530e-02   5.3028030e-02   2.1412920e-01   1.0685842e-01   5.3734849e-02
   4.6120099e-02   3.9945911e-02   7.9376874e-02   6.0233822e-02   4.7309805e-02
   4.2931672e-02   3.6713146e-02   7.5461979e-02   4.1369104e-02   5.9795800e-02
   4.4106645e-02   3.7643720e-02   7.9180391e-02   4.6132733e-02   5.4180811e-02
   4.4586257e-02   3.7998514e-02   7.7147736e-02   5.1090363e-02   5.0597578e-02
   4.2647090e-02   3.6317862e-02   7.1888428e-02   4.3823471e-02   5.6661789e-02
   4.3073200e-02   3.6753975e-02   7.1730005e-02   4.6474964e-02   5.4038567e-02
   4.2279234e-02   3.6005410e-02   6.9059399e-02   4.5142609e-02   5.6025744e-02
   3.9785939e-02   3.6118709e-02   2.3761406e-02   3.0019260e-02   1.2067752e-01
   3.9751079e-02   3.8106450e-02   2.2287030e-02   3.3023347e-02   1.2010254e-01
   3.3063552e-02   3.1039826e-02   1.8066937e-02   6.2537166e-02   1.1217781e-01
   4.0564122e-02   3.9659611e-02   2.2228662e-02   8.4265841e-02   7.4842606e-02
   4.1296622e-02   3.9974833e-02   2.2743260e-02   9.6439114e-02   5.8592210e-02
   4.3922901e-02   3.9883839e-02   2.6297437e-02   1.0383281e-01   5.0771820e-02
   4.3961009e-02   3.8342436e-02   2.6786874e-02   9.7714806e-02   5.0891935e-02
   4.1085498e-02   3.8604142e-02   2.7059504e-02   2.8330897e-02   1.2046429e-01
   4.2772604e-02   8.4206902e-02   4.2076647e-02   4.2694332e-02   1.7027353e-01
   5.1321901e-02   9.8469237e-02   5.0013335e-02   9.8498273e-02   1.4784397e-01
   4.2094232e-02   8.4274216e-02   4.2339468e-02   1.2660061e-01   8.4330361e-02
   5.4555003e-02   9.6844502e-02   5.1736541e-02   2.0014035e-01   5.1354506e-02
   4.9942196e-02   4.5318437e-02   3.2355909e-02   1.1495557e-01   4.3361738e-02
   3.4617775e-02   3.1766424e-02   5.3920109e-02   2.9081339e-02   1.1395226e-01
   4.3585549e-02   4.7878576e-02   6.8210966e-02   4.2208726e-02   8.7753326e-02
   4.4742251e-02   7.8920391e-02   8.4839675e-02   8.3374256e-02   8.3904106e-02
   4.2004906e-02   4.2232029e-02   6.5815666e-02   1.0379196e-01   4.8230041e-02
   5.5582031e-02   5.7295726e-02   8.6541491e-02   1.5897121e-01   2.0824606e-02
   4.4435645e-02   4.1108404e-02   7.3796326e-02   3.5871002e-02   7.2817772e-02
   5.0578905e-02   9.5816610e-02   1.4479748e-01   5.0482858e-02   9.6639296e-02
   5.5620004e-02   1.0510984e-01   1.5962111e-01   1.0413366e-01   5.1613349e-02
   6.1179871e-02   5.9493064e-02   1.0397751e-01   9.1067233e-02   3.1091426e-02
   4.5401707e-02   4.1058772e-02   7.9481927e-02   3.8426393e-02   6.1641145e-02
   4.8471577e-02   4.5250571e-02   8.9970314e-02   4.6856125e-02   5.1691328e-02
   5.1109658e-02   4.6872163e-02   8.9756191e-02   5.9474954e-02   4.2973882e-02
   4.4118407e-02   3.8529040e-02   7.4669248e-02   4.3067651e-02   5.5770574e-02
   4.4740341e-02   3.8902898e-02   7.4863498e-02   4.7191331e-02   5.2004923e-02
   4.3017948e-02   3.7121677e-02   7.0531949e-02   4.4872445e-02   5.5190509e-02
   4.1847146e-02   3.9024544e-02   2.4841249e-02   3.1430914e-02   1.1295338e-01
   4.3361845e-02   4.1268745e-02   2.4939955e-02   3.4779200e-02   1.0972825e-01
   5.3518759e-02   5.2985358e-02   3.1486343e-02   4.9249598e-02   6.8341485e-02
   4.3152209e-02   4.1523301e-02   2.4899326e-02   8.4404024e-02   6.0520722e-02
   4.3825522e-02   4.0965315e-02   2.5771219e-02   9.2548436e-02   5.3317975e-02
   4.3735854e-02   3.9577203e-02   2.6852280e-02   9.3363790e-02   5.1911517e-02
   4.4058341e-02   4.1893687e-02   2.8127319e-02   3.1950430e-02   1.1027165e-01
   5.4290960e-02   5.7762432e-02   3.6075837e-02   4.3482325e-02   7.2937961e-02
   5.1216716e-02   1.5512800e-01   5.1562548e-02   1.0309693e-01   1.0337559e-01
   4.6224656e-02   4.4522789e-02   2.9252394e-02   8.9464465e-02   5.3822354e-02
   4.6322560e-02   4.2418180e-02   2.9316377e-02   9.5218448e-02   4.9710830e-02
   5.5845213e-02   5.3606042e-02   3.9442387e-02   4.0144266e-02   6.8407845e-02
   5.6269113e-02   5.9732098e-02   4.3232430e-02   4.4585938e-02   6.2575592e-02
   5.8410496e-02   5.8949745e-02   4.3288299e-02   5.3851645e-02   5.2830437e-02
   5.9208328e-02   5.4721893e-02   4.0554921e-02   5.6141761e-02   5.1146197e-02
   4.4080433e-02   4.0886766e-02   6.9842564e-02   4.0251125e-02   6.1027603e-02
   4.5931742e-02   4.3542441e-02   7.3440811e-02   4.6139381e-02   5.3230144e-02
   4.6936005e-02   4.3151041e-02   7.4004978e-02   5.3905663e-02   4.8498421e-02
   4.4179899e-02   3.9764581e-02   7.1673168e-02   4.3085584e-02   5.5902722e-02
   4.4980359e-02   4.0657640e-02   7.3160259e-02   4.7087289e-02   5.2084458e-02
   4.3698493e-02   3.8347670e-02   7.0159185e-02   4.4852655e-02   5.4706858e-02
   5.4995679e-02   5.1018289e-02   3.3713664e-02   4.2794668e-02   6.7186610e-02
   5.5107508e-02   5.2469417e-02   3.3043503e-02   4.4562416e-02   6.4741504e-02
   5.5777610e-02   5.4454965e-02   3.3422216e-02   4.8645126e-02   5.9825849e-02
   5.6896574e-02   5.3001050e-02   3.4648381e-02   5.1859446e-02   5.5695107e-02
   4.3718518e-02   3.8977289e-02   2.6468704e-02   8.7222000e-02   5.4573306e-02
   5.5982664e-02   5.3150371e-02   3.5712680e-02   4.1890925e-02   6.4481399e-02
   5.6424397e-02   5.6134039e-02   3.6166730e-02   4.5121938e-02   6.0114485e-02
   5.7550752e-02   5.6666527e-02   3.6919350e-02   5.0276266e-02   5.5110393e-02
   5.8010915e-02   5.3637748e-02   3.6856563e-02   5.2093580e-02   5.3419555e-02
   5.6891140e-02   5.3952657e-02   3.8380766e-02   4.2542032e-02   6.0476915e-02
   5.7888132e-02   5.5810596e-02   3.9417758e-02   4.6258154e-02   5.5882774e-02
   5.8480333e-02   5.4414595e-02   3.8998959e-02   4.9933606e-02   5.3071999e-02
   4.3483722e-02   3.9121223e-02   6.6832445e-02   4.4176679e-02   5.6838879e-02
   4.3576288e-02   3.9015369e-02   6.7674977e-02   4.7259509e-02   5.4019379e-02
   4.3414038e-02   3.8740621e-02   6.8382071e-02   4.5218973e-02   5.5135922e-02
   5.5838344e-02   5.2075509e-02   3.4403781e-02   4.3567580e-02   6.2387213e-02
   5.6558655e-02   5.2930127e-02   3.4236532e-02   4.5452555e-02   5.9469033e-02
   5.6850566e-02   5.2926289e-02   3.4724215e-02   4.8017583e-02   5.6876622e-02
   5.6955003e-02   5.1875594e-02   3.5305158e-02   4.9445896e-02   5.5638077e-02
   5.6656453e-02   5.2923233e-02   3.5862408e-02   4.3738169e-02   5.9857348e-02
   5.7168970e-02   5.3737107e-02   3.6213628e-02   4.6175096e-02   5.6956831e-02
   5.7374657e-02   5.2749216e-02   3.6223907e-02   4.8310381e-02   5.5288721e-02
   5.7144090e-02   5.3005004e-02   3.7427130e-02   4.4533391e-02   5.7704279e-02
   5.7672682e-02   5.2596925e-02   3.7431895e-02   4.6721032e-02   5.5437587e-02
   5.7226129e-02   5.1524479e-02   3.7854980e-02   4.5495814e-02   5.6577338e-02
   5.6364020e-02   5.1343240e-02   3.4944891e-02   4.4665882e-02   5.9462209e-02
   5.6691993e-02   5.1671884e-02   3.5020880e-02   4.6077958e-02   5.7812650e-02
   5.6844750e-02   5.1373155e-02   3.5244768e-02   4.7482656e-02   5.6603485e-02
   5.6872527e-02   5.1713601e-02   3.5745429e-02   4.5039622e-02   5.8036489e-02
   5.7044276e-02   5.1588755e-02   3.6164914e-02   4.6408715e-02   5.6582643e-02
   5.7017262e-02   5.1342942e-02   3.6718339e-02   4.5588278e-02   5.6982207e-02
   5.6274426e-02   5.0339443e-02   3.5134980e-02   4.5408735e-02   5.8692162e-02
   5.6635119e-02   5.0568081e-02   3.5330461e-02   4.6242101e-02   5.7538790e-02
   5.6729586e-02   5.0497300e-02   3.5744263e-02   4.5703059e-02   5.7632213e-02
   5.6515874e-02   4.9930715e-02   3.5430716e-02   4.5813997e-02   5.8003122e-02
   5.4178258e-02   1.8151755e-02   2.3710758e-02   3.0299261e-02   1.2565110e-01
   5.4045877e-02   1.7452729e-02   2.2480564e-02   3.2399443e-02   1.2675182e-01
   4.3731826e-02   1.3236771e-02   1.6454775e-02   5.7935274e-02   1.2066816e-01
   4.7869421e-02   1.4083876e-02   1.7429068e-02   7.3616272e-02   1.0878238e-01
   5.4285104e-02   1.7233749e-02   2.1808344e-02   9.1704082e-02   6.9672417e-02
   5.6750742e-02   1.8592398e-02   2.3640989e-02   1.0560587e-01   5.8571437e-02
   5.8865291e-02   1.9863004e-02   2.5805932e-02   1.0253334e-01   5.3041213e-02
   5.8389798e-02   1.9886012e-02   2.6534625e-02   9.6222083e-02   5.2947592e-02
   5.5208708e-02   1.8038203e-02   2.5748260e-02   2.8715701e-02   1.2801444e-01
   5.4820426e-02   1.5775588e-02   2.6042141e-02   3.2074760e-02   1.2763764e-01
   5.2705900e-02   1.3250009e-02   2.3497671e-02   6.2557986e-02   1.1677934e-01
   5.7031419e-02   1.5539244e-02   2.7106753e-02   8.5139619e-02   8.0444683e-02
   5.8116133e-02   1.6171662e-02   2.8500034e-02   1.0646415e-01   5.9164106e-02
   6.6217881e-02   2.0935280e-02   3.1645326e-02   1.2368589e-01   4.7596026e-02
   6.1150663e-02   2.0864457e-02   2.8399533e-02   1.0200572e-01   4.9958287e-02
   4.5750040e-02   1.4452764e-02   5.0612250e-02   2.6623972e-02   1.2178061e-01
   5.1963877e-02   1.2829933e-02   5.5386854e-02   3.2753353e-02   1.1408847e-01
   5.7222043e-02   1.5740359e-02   6.0625045e-02   5.4566590e-02   8.1163837e-02
   5.3682917e-02   1.2565660e-02   5.6561298e-02   8.8370019e-02   6.0393111e-02
   6.0737388e-02   1.6243011e-02   6.4622738e-02   1.2493565e-01   4.0224142e-02
   7.4143017e-02   2.2810775e-02   8.1347891e-02   1.7569025e-01   1.8656746e-02
   5.1126440e-02   1.6351445e-02   6.3251190e-02   2.9787748e-02   1.1411950e-01
   5.7770213e-02   1.7444151e-02   7.4568816e-02   4.0130234e-02   7.6693496e-02
   5.8537572e-02   1.6332649e-02   7.9126203e-02   5.4872608e-02   5.8951526e-02
   6.8806763e-02   2.1538533e-02   8.7079663e-02   7.9558229e-02   4.7502438e-02
   8.0542745e-02   2.3789034e-02   1.0316667e-01   1.5849543e-01   1.7360881e-02
   5.9048944e-02   1.9864624e-02   7.4801057e-02   3.8348514e-02   6.7757921e-02
   6.2833287e-02   1.9986613e-02   9.3047860e-02   4.3656821e-02   6.2959643e-02
   6.6931322e-02   2.1901650e-02   9.6542137e-02   5.8790075e-02   4.8705629e-02
   6.4540741e-02   2.1783143e-02   7.9792898e-02   6.0457932e-02   4.7101554e-02
   5.9163920e-02   2.0173172e-02   7.5781143e-02   4.1676976e-02   5.9732431e-02
   6.0978172e-02   2.0566047e-02   7.8957385e-02   4.6025109e-02   5.4336539e-02
   6.1602629e-02   2.0807848e-02   7.7319097e-02   5.1377595e-02   5.0605971e-02
   5.8640619e-02   1.9957504e-02   7.2004077e-02   4.3872103e-02   5.6893383e-02
   5.9068977e-02   2.0213716e-02   7.2557109e-02   4.6769796e-02   5.4192979e-02
   4.2541940e-02   3.5732248e-02   6.8738497e-02   4.5123067e-02   5.6104232e-02
   4.2557448e-02   3.4683611e-02   2.3606221e-02   2.8872765e-02   1.2343146e-01
   5.6587229e-02   2.0780157e-02   2.0820487e-02   3.2689413e-02   1.2672269e-01
   5.0581824e-02   1.7693019e-02   1.6731253e-02   6.2943237e-02   1.1605132e-01
   5.9693607e-02   2.1900001e-02   2.0351368e-02   8.6133454e-02   7.9947269e-02
   5.9833565e-02   2.2527394e-02   2.1022693e-02   1.0457964e-01   6.0776119e-02
   4.8432211e-02   3.9091550e-02   2.6321226e-02   1.1049925e-01   4.9201237e-02
   4.5528150e-02   3.7966498e-02   2.7066859e-02   9.9884249e-02   4.9985226e-02
   5.9748824e-02   2.1721992e-02   2.7895787e-02   2.6096878e-02   1.2864202e-01
   6.2769457e-02   3.0162656e-02   3.1024680e-02   3.1443147e-02   1.2448250e-01
   7.5195588e-02   3.6096301e-02   3.7158931e-02   7.3359731e-02   1.1056604e-01
   6.1862798e-02   2.9439126e-02   3.0757135e-02   9.1619854e-02   6.1116293e-02
   7.9141993e-02   3.8099321e-02   3.9557265e-02   1.5651037e-01   3.9793577e-02
   1.1405052e-01   5.6166980e-02   5.6844470e-02   2.8263263e-01   3.2624909e-04
   9.8785246e-02   4.6528867e-02   1.0100421e-01   1.9641006e-03   1.9886867e-01
   7.6829881e-02   3.6235429e-02   7.6715040e-02   3.9610231e-02   1.1282877e-01
   6.5224941e-02   3.1332475e-02   6.5475252e-02   6.4245647e-02   6.5397932e-02
   7.8518764e-02   3.2687876e-02   8.0012443e-02   1.2088059e-01   4.2764458e-02
   9.7215168e-02   4.1760749e-02   9.9050683e-02   1.9173370e-01   9.6251106e-04
   5.8747447e-02   4.6044750e-02   9.1369039e-02   2.7663572e-02   8.7377292e-02
   7.4440395e-02   3.6330154e-02   1.1020501e-01   3.7266943e-02   7.4191905e-02
   8.0227559e-02   3.9513838e-02   1.1908425e-01   7.8647433e-02   3.9948566e-02
   1.1317493e-01   5.6592119e-02   1.6764992e-01   1.6851802e-01   2.3975515e-03
   1.1943806e-01   5.7747290e-02   2.3489606e-01   1.0547688e-03   1.1788511e-01
   1.0323142e-01   4.2882289e-02   1.9167964e-01   5.4124641e-02   5.5485667e-02
   1.1982719e-01   5.7957848e-02   2.3808574e-01   1.1931542e-01   4.1763695e-04
   4.5723346e-02   3.8027391e-02   7.6473771e-02   4.2720422e-02   5.5692580e-02
   4.6527066e-02   3.8645649e-02   7.6637920e-02   4.7460706e-02   5.1264485e-02
   4.3791929e-02   3.6876510e-02   7.1154437e-02   4.4842067e-02   5.4865036e-02
   4.5471875e-02   3.9244820e-02   2.3997993e-02   2.9150217e-02   1.1712885e-01
   9.5226292e-02   9.5704348e-02   4.9230906e-04   4.8019705e-02   1.9119395e-01
   6.2180151e-02   5.5812455e-02   2.5404121e-02   5.5577647e-02   8.1388007e-02
   9.3537305e-02   9.2590233e-02   3.4754729e-04   1.4125756e-01   9.3234505e-02
   5.5441232e-02   4.8651414e-02   2.5805291e-02   1.1028667e-01   4.7488743e-02
   5.0227483e-02   4.3402829e-02   2.8485288e-02   1.0657539e-01   4.5917842e-02
   9.4394414e-02   9.3963814e-02   4.7834754e-02   1.3475456e-03   1.8826956e-01
   7.3095787e-02   7.2842294e-02   3.6379804e-02   3.6736388e-02   1.0927221e-01
   6.0949014e-02   6.0771990e-02   3.0378938e-02   6.0503010e-02   6.0593425e-02
   8.3460002e-02   8.2332191e-02   4.1766256e-02   1.2473507e-01   4.1911384e-02
   9.6317236e-02   9.6085364e-02   4.7902248e-02   1.9139645e-01   2.7861831e-04
   1.1269411e-01   1.1224646e-01   1.0982465e-01   1.2145271e-03   1.6584104e-01
   7.5290174e-02   7.5253613e-02   7.5681428e-02   3.7796767e-02   7.5327887e-02
   8.0127188e-02   8.0083437e-02   7.9262380e-02   7.9570182e-02   4.0033306e-02
   1.1452049e-01   1.1326378e-01   1.1375450e-01   1.7058992e-01   1.7123858e-04
   9.4369317e-02   9.4032020e-02   1.4126993e-01   1.3209322e-04   9.4112360e-02
   9.0236215e-02   8.9364977e-02   1.3466599e-01   4.4875441e-02   4.5343425e-02
   9.4977911e-02   9.4058039e-02   1.4131415e-01   9.3733190e-02   0.0000000e+00
   1.2107210e-01   1.2106911e-01   2.4210424e-01   0.0000000e+00   6.0578689e-02
   1.2098577e-01   1.1759470e-01   2.3810094e-01   5.9954978e-02   6.9194552e-04
   4.5498377e-02   3.8865698e-02   7.3363180e-02   4.4649241e-02   5.3555356e-02
   4.7027649e-02   4.2892060e-02   2.6025638e-02   3.2598110e-02   1.0979431e-01
   6.0383930e-02   5.7990663e-02   3.0313962e-02   4.3370362e-02   7.1282222e-02
   6.3333947e-02   6.3109133e-02   2.9281817e-02   5.3710608e-02   6.2029191e-02
   6.3477541e-02   5.9172005e-02   3.3487418e-02   6.0524407e-02   5.3138566e-02
   4.7287213e-02   4.2068809e-02   2.7259994e-02   9.3513805e-02   5.0644631e-02
   6.2032344e-02   5.8610053e-02   3.7291126e-02   3.7002603e-02   7.1258049e-02
   9.0048720e-02   1.3433124e-01   4.6370277e-02   4.8160209e-02   9.0887154e-02
   9.8386150e-02   1.4642583e-01   5.0757710e-02   9.8905232e-02   4.9667394e-02
   8.9116619e-02   9.0615191e-02   5.2785850e-02   9.3960722e-02   3.1127388e-02
   1.1885349e-01   1.7358736e-01   1.1496010e-01   7.2637322e-04   1.1542912e-01
   1.1363890e-01   1.6728565e-01   1.1341914e-01   5.6001016e-02   5.6991852e-02
   1.1847022e-01   1.7799001e-01   1.1720330e-01   1.1928919e-01   5.8973470e-05
   4.8398999e-02   4.3015127e-02   7.2937997e-02   4.1980187e-02   5.5789725e-02
   4.9788061e-02   4.4247830e-02   7.5110698e-02   4.8728313e-02   4.9577974e-02
   4.6347819e-02   4.0283331e-02   7.2091424e-02   4.4555807e-02   5.3471247e-02
   5.8223178e-02   5.3814851e-02   3.3640049e-02   4.1575987e-02   6.4627440e-02
   5.9562681e-02   5.7040953e-02   3.3138381e-02   4.5059016e-02   6.0129486e-02
   6.0625444e-02   5.7230362e-02   3.4235480e-02   5.0066978e-02   5.4684520e-02
   6.0015055e-02   5.4277523e-02   3.5415774e-02   5.2356307e-02   5.2840965e-02
   6.0748347e-02   5.7490217e-02   3.6895277e-02   4.1105142e-02   6.0633976e-02
   6.3148392e-02   6.1401120e-02   3.7935650e-02   4.6513764e-02   5.4350194e-02
   6.2545805e-02   5.8342001e-02   3.8615539e-02   5.1836166e-02   5.0474462e-02
   6.1302117e-02   5.6841582e-02   3.9841325e-02   4.2897688e-02   5.6305275e-02
   6.2463826e-02   5.7792146e-02   4.0556697e-02   4.7766241e-02   5.1754111e-02
   5.9532115e-02   5.3077972e-02   3.9653971e-02   4.4903149e-02   5.5124065e-02
   5.8179792e-02   5.3277704e-02   3.4571914e-02   4.3550501e-02   5.9598751e-02
   5.8948015e-02   5.4289757e-02   3.4830196e-02   4.6023442e-02   5.6601569e-02
   5.8873408e-02   5.3576476e-02   3.5444685e-02   4.8685526e-02   5.4527880e-02
   5.9075403e-02   5.4008186e-02   3.6338753e-02   4.4123943e-02   5.7067348e-02
   5.9549093e-02   5.4274023e-02   3.6889829e-02   4.6783336e-02   5.4426229e-02
   5.8968487e-02   5.2930602e-02   3.7598719e-02   4.5117784e-02   5.5603555e-02
   5.7809695e-02   5.1763327e-02   3.5049977e-02   4.4815102e-02   5.7880240e-02
   5.7922679e-02   5.1823272e-02   3.5283268e-02   4.6244712e-02   5.6488109e-02
   5.8005714e-02   5.1898296e-02   3.6116235e-02   4.5364946e-02   5.6612149e-02
   5.7274230e-02   5.0862503e-02   3.5365759e-02   4.5552970e-02   5.7473944e-02
   5.9051137e-02   1.8481115e-02   2.3155433e-02   3.0206349e-02   1.1887263e-01
   6.3080598e-02   1.8098731e-02   2.2648687e-02   3.2486887e-02   1.1653325e-01
   6.7598694e-02   1.9549179e-02   2.4040155e-02   4.1843978e-02   1.0978192e-01
   6.4816932e-02   1.8450895e-02   2.2685367e-02   8.1897163e-02   7.1451005e-02
   6.4833198e-02   1.8788650e-02   2.3074511e-02   9.3550132e-02   5.6596812e-02
   6.5165693e-02   2.0277606e-02   2.5986111e-02   1.0186203e-01   5.0258436e-02
   6.3052139e-02   2.0855035e-02   2.6903580e-02   9.9206993e-02   4.9988833e-02
   6.4494824e-02   1.9031607e-02   2.7380884e-02   2.8052523e-02   1.1790637e-01
   7.9514065e-02   1.7060829e-02   3.0328777e-02   3.5071829e-02   1.1811651e-01
   8.1557024e-02   2.0579479e-02   3.4074887e-02   5.3515927e-02   7.7605613e-02
   8.6250797e-02   1.5896786e-02   3.2005208e-02   9.5445994e-02   6.5250853e-02
   8.0769975e-02   2.0767397e-02   3.2971572e-02   1.1381177e-01   4.4755655e-02
   8.4197249e-02   2.5746923e-02   3.6903792e-02   1.3205881e-01   3.5523252e-02
   5.2491203e-02   1.5600687e-02   5.3612260e-02   3.0678643e-02   1.1186034e-01
   7.1955133e-02   1.8772070e-02   6.4236616e-02   4.1532465e-02   7.8116192e-02
   8.2990329e-02   1.6848266e-02   6.7641925e-02   5.9577235e-02   6.4563068e-02
   7.5909277e-02   2.1806680e-02   7.2396749e-02   7.2154118e-02   4.9635554e-02
   5.7708504e-02   1.7864427e-02   6.0019683e-02   1.0679778e-01   4.3732748e-02
   6.4919073e-02   2.0587403e-02   7.1526109e-02   3.6090590e-02   7.0134386e-02
   7.8765639e-02   1.9284302e-02   8.2373225e-02   3.9994368e-02   6.2240812e-02
   8.5178433e-02   2.0853265e-02   9.0215293e-02   6.2246104e-02   4.4034498e-02
   1.0267315e-01   2.8837936e-02   1.0962355e-01   9.6132042e-02   2.4514693e-02
   6.7688487e-02   2.1305817e-02   8.0358113e-02   3.7787283e-02   6.1056230e-02
   7.2567609e-02   2.2326366e-02   8.7143402e-02   4.5812387e-02   5.0838437e-02
   8.7270273e-02   2.6608687e-02   1.0590302e-01   6.7491984e-02   3.4689041e-02
   6.2634431e-02   2.0659785e-02   7.5146207e-02   4.2883177e-02   5.5561670e-02
   6.3824500e-02   2.0973873e-02   7.6190066e-02   4.7782874e-02   5.1163593e-02
   6.0106157e-02   2.0116114e-02   7.1249052e-02   4.4863964e-02   5.5037320e-02
   6.3283892e-02   2.1065463e-02   2.4025330e-02   2.9302707e-02   1.1646649e-01
   1.3519979e-01   4.3037424e-02   2.4494520e-03   4.5964322e-02   1.8064697e-01
   8.6547333e-02   2.9896551e-02   2.5543124e-02   5.6167038e-02   7.9477781e-02
   1.3690889e-01   4.4646882e-02   1.4257558e-04   1.3679897e-01   9.1604845e-02
   7.8981463e-02   2.6340838e-02   2.5309633e-02   1.1176979e-01   4.7736645e-02
   6.9670211e-02   2.3705444e-02   2.8748063e-02   1.0704236e-01   4.5707575e-02
   1.3863481e-01   4.6427372e-02   4.6435363e-02   4.2220734e-04   1.8511010e-01
   1.0527752e-01   3.5203133e-02   3.5150968e-02   3.5819674e-02   1.0541599e-01
   8.7909820e-02   2.9392582e-02   2.9636790e-02   5.8481949e-02   5.8645814e-02
   1.1901957e-01   3.8993383e-02   3.9404964e-02   1.2000167e-01   4.1791366e-02
   1.3657490e-01   4.5214815e-02   4.7440524e-02   1.8214301e-01   1.1094962e-03
   1.6405487e-01   5.5627185e-02   1.0941613e-01   8.1275483e-04   1.6261077e-01
   1.0866882e-01   3.6396782e-02   7.2235064e-02   3.6637155e-02   7.2429293e-02
   1.1660556e-01   3.9062150e-02   7.7605004e-02   7.6794435e-02   3.9023752e-02
   1.6399708e-01   5.5669677e-02   1.0803094e-01   1.6272070e-01   1.0698497e-03
   1.3715780e-01   4.5651445e-02   1.3707678e-01   0.0000000e+00   9.1491702e-02
   1.3088644e-01   4.3728185e-02   1.3099743e-01   4.3949674e-02   4.3737846e-02
   1.3665553e-01   4.5190794e-02   1.3641697e-01   9.1573468e-02   3.9004518e-04
   1.7577071e-01   5.8822157e-02   2.3455779e-01   0.0000000e+00   5.8701350e-02
   1.7612158e-01   5.8899453e-02   2.3454866e-01   5.8462295e-02   3.9572631e-05
   6.2539223e-02   2.1152216e-02   7.3635683e-02   4.4414164e-02   5.3945562e-02
   5.1242995e-02   4.1720674e-02   2.6162516e-02   3.1949569e-02   1.1060071e-01
   7.0068874e-02   5.5418701e-02   2.8790901e-02   4.2672318e-02   7.4549069e-02
   1.4612919e-01   9.6675823e-02   7.5504227e-04   9.7125376e-02   9.7586410e-02
   6.9916693e-02   5.6745020e-02   3.3498195e-02   6.3732103e-02   5.1761023e-02
   5.1673166e-02   4.2516611e-02   2.8916902e-02   9.7015718e-02   4.8196249e-02
   8.1053680e-02   6.3719495e-02   4.2026393e-02   3.0407416e-02   8.3589396e-02
   1.1445047e-01   7.6531992e-02   3.8590933e-02   3.8729727e-02   7.6858898e-02
   1.2073215e-01   8.0732306e-02   4.1748775e-02   8.1761709e-02   4.1049800e-02
   1.6986794e-01   1.1560727e-01   5.7856004e-02   1.7311234e-01   3.0599932e-03
   1.4568925e-01   9.7761298e-02   9.7664105e-02   0.0000000e+00   9.7575166e-02
   1.3882732e-01   9.2710299e-02   9.1899443e-02   4.6818625e-02   4.6910934e-02
   1.4625160e-01   9.7759498e-02   9.7798552e-02   9.7636634e-02   0.0000000e+00
   2.0056534e-01   1.3406464e-01   2.0222811e-01   3.7410836e-04   6.6885868e-02
   1.9327566e-01   1.2912382e-01   1.9766546e-01   6.8635207e-02   1.0619447e-03
   4.7497432e-02   3.9785852e-02   7.2738855e-02   4.4581378e-02   5.3131413e-02
   6.2798853e-02   5.4772250e-02   3.3286940e-02   3.9530350e-02   6.6564188e-02
   1.6331724e-01   1.6282540e-01   9.1695208e-04   5.4785037e-02   1.0911325e-01
   1.7017327e-01   1.7008035e-01   4.0374840e-03   1.1439831e-01   5.7556014e-02
   6.5630551e-02   5.6778386e-02   3.6080107e-02   5.6156445e-02   4.9630583e-02
   1.6304905e-01   1.6294794e-01   5.5485279e-02   1.6342407e-04   1.0926588e-01
   1.5564728e-01   1.5553963e-01   5.3074842e-02   5.2484607e-02   5.2264754e-02
   1.6355046e-01   1.6320988e-01   5.5195055e-02   1.0926365e-01   3.6652873e-04
   1.7616241e-01   1.7585023e-01   1.1664248e-01   0.0000000e+00   5.8718577e-02
   1.7538506e-01   1.7568363e-01   1.1698085e-01   5.8853220e-02   2.3588767e-04
   6.3003103e-02   5.4763960e-02   4.1384246e-02   4.4649182e-02   5.3506168e-02
   6.2294589e-02   5.6220057e-02   3.4312215e-02   4.2215431e-02   5.9666591e-02
   6.4443864e-02   5.8105991e-02   3.4522576e-02   4.6203572e-02   5.5021405e-02
   6.3880031e-02   5.6856569e-02   3.5720089e-02   5.0639686e-02   5.1590797e-02
   6.4729055e-02   5.8189239e-02   3.7882402e-02   4.2389852e-02   5.6098004e-02
   6.5401638e-02   5.8395522e-02   3.8145439e-02   4.7477692e-02   5.1504140e-02
   6.3120183e-02   5.5669671e-02   3.9911952e-02   4.4377985e-02   5.3732581e-02
   5.9974904e-02   5.3732123e-02   3.5250309e-02   4.4168934e-02   5.7083733e-02
   6.0422653e-02   5.3602773e-02   3.5073158e-02   4.6497910e-02   5.5088611e-02
   6.0438098e-02   5.3618969e-02   3.6695525e-02   4.5050321e-02   5.5182854e-02
   5.8628080e-02   5.1980739e-02   3.5904437e-02   4.5360123e-02   5.6303963e-02
   6.5629526e-02   1.9890453e-02   2.5229566e-02   3.1391896e-02   1.1133660e-01
   8.2134198e-02   2.5522007e-02   3.1258178e-02   4.2892424e-02   7.4559178e-02
   8.4760215e-02   2.4370598e-02   2.9741643e-02   4.8699054e-02   6.7006655e-02
   8.5882530e-02   2.5405755e-02   3.1380189e-02   5.7962792e-02   5.9225304e-02
   7.0712812e-02   2.0697666e-02   2.6387744e-02   9.3533484e-02   5.2100927e-02
   6.5837887e-02   2.1093452e-02   2.7082220e-02   9.6076390e-02   4.9890560e-02
   8.2901442e-02   2.5844794e-02   3.5446628e-02   3.9209448e-02   7.4720119e-02
   9.2564705e-02   2.3529951e-02   3.5029778e-02   4.1203358e-02   7.1935264e-02
   1.0449198e-01   2.1335134e-02   3.6275717e-02   5.5713408e-02   6.1618617e-02
   9.9018841e-02   2.7015192e-02   3.8840731e-02   6.7134620e-02   4.9980281e-02
   7.3487857e-02   2.2975789e-02   3.0649300e-02   9.8580540e-02   4.7130740e-02
   8.6224967e-02   2.5797581e-02   4.0086966e-02   3.8123325e-02   6.8808558e-02
   9.7105684e-02   2.4829857e-02   4.5072435e-02   4.2024694e-02   6.0851113e-02
   1.0320265e-01   2.6460297e-02   4.8172634e-02   5.7306761e-02   4.8418242e-02
   9.5124009e-02   2.9538673e-02   4.4016796e-02   6.2028154e-02   4.5990014e-02
   6.9649620e-02   2.1433501e-02   7.1738789e-02   3.9690535e-02   5.9604645e-02
   7.6927474e-02   2.2382138e-02   7.7108828e-02   4.6183972e-02   5.1876936e-02
   7.5418016e-02   2.3046839e-02   7.7529471e-02   5.5731074e-02   4.5802503e-02
   6.7185969e-02   2.1386019e-02   7.4232156e-02   4.1944062e-02   5.5383136e-02
   6.7342584e-02   2.1435871e-02   7.4405197e-02   4.7913336e-02   5.0409777e-02
   6.2735925e-02   2.0593312e-02   7.0982467e-02   4.4628053e-02   5.4187008e-02
   8.3147912e-02   2.7878196e-02   3.2970077e-02   3.9778235e-02   7.3705071e-02
   9.4788146e-02   3.0134185e-02   2.8507714e-02   4.2855256e-02   7.3722865e-02
   1.8681620e-01   4.8295786e-02   1.2858253e-03   9.4291385e-02   9.4392424e-02
   9.3994458e-02   3.0773018e-02   3.3510464e-02   6.2009662e-02   5.1677794e-02
   6.9883960e-02   2.2764029e-02   2.7935387e-02   9.4949426e-02   4.9430118e-02
   1.0795513e-01   3.4186016e-02   4.1265875e-02   3.0799814e-02   8.2365850e-02
   1.5092525e-01   3.8625893e-02   3.7827935e-02   3.8043917e-02   7.5589744e-02
   1.6249891e-01   4.0206020e-02   4.0693664e-02   8.1189819e-02   4.1066073e-02
   2.2239047e-01   5.6276681e-02   5.8044350e-02   1.6808991e-01   2.9895769e-03
   1.9203831e-01   4.8372908e-02   9.5915794e-02   0.0000000e+00   9.5912940e-02
   1.8076352e-01   4.6884996e-02   8.9861763e-02   4.5327484e-02   4.5864563e-02
   1.9091599e-01   4.8513467e-02   9.5494079e-02   9.5655169e-02   1.8737456e-04
   2.5341314e-01   6.6340536e-02   1.9340374e-01   0.0000000e+00   6.7705062e-02
   2.5614975e-01   6.4330516e-02   1.9452393e-01   6.7967317e-02   1.0516109e-03
   6.5285603e-02   2.1998845e-02   7.1903661e-02   4.4349021e-02   5.3533217e-02
   8.5688076e-02   3.0670202e-02   3.2988982e-02   3.9978839e-02   6.7188155e-02
   2.3632343e-01   1.1698417e-01   1.4559466e-05   5.9164754e-02   1.1917760e-01
   9.6491566e-02   3.5316525e-02   3.3134696e-02   5.4302270e-02   5.2360785e-02
   6.6415775e-02   5.3812347e-02   3.5198186e-02   5.5020372e-02   5.0963625e-02
   2.3391632e-01   1.1602215e-01   6.0584313e-02   0.0000000e+00   1.1729875e-01
   2.2460451e-01   1.1165727e-01   5.7148189e-02   5.7105586e-02   5.6330139e-02
   2.3781271e-01   1.1874073e-01   5.9356574e-02   1.1931519e-01   1.4136135e-04
   2.5234814e-01   1.2560062e-01   1.2623193e-01   6.2574798e-04   6.3647692e-02
   2.5195631e-01   1.2541080e-01   1.2581893e-01   6.4024904e-02   4.3724184e-04
   6.4063887e-02   5.2558282e-02   4.0893739e-02   4.4955673e-02   5.3574064e-02
   6.6668772e-02   5.5744753e-02   3.3961693e-02   4.1524160e-02   6.0049818e-02
   6.9085232e-02   5.7348237e-02   3.4538668e-02   4.6159362e-02   5.4456192e-02
   6.7221225e-02   5.5793810e-02   3.5531231e-02   5.0833436e-02   5.1130135e-02
   6.9453666e-02   5.7836114e-02   3.8363282e-02   4.2125263e-02   5.5417993e-02
   6.9828174e-02   5.8019678e-02   3.8691888e-02   4.7690756e-02   5.0536186e-02
   6.5770298e-02   5.5190015e-02   3.9582457e-02   4.4480843e-02   5.3119287e-02
   6.2872359e-02   5.4413546e-02   3.5101775e-02   4.3799343e-02   5.6458795e-02
   6.3726933e-02   5.4529525e-02   3.5644686e-02   4.6854974e-02   5.3455287e-02
   6.3468630e-02   5.4766364e-02   3.7354174e-02   4.4773038e-02   5.4049252e-02
   6.0886088e-02   5.2959368e-02   3.5516794e-02   4.5139218e-02   5.5572863e-02
   8.2286171e-02   2.5852224e-02   3.3035068e-02   4.1471909e-02   6.7470624e-02
   8.7360873e-02   2.5804084e-02   3.1865521e-02   4.3117516e-02   6.4625682e-02
   9.0489930e-02   2.5960708e-02   3.1927419e-02   4.8757315e-02   5.8255675e-02
   8.7927237e-02   2.7132761e-02   3.3801152e-02   5.3567727e-02   5.3621911e-02
   8.2744258e-02   2.7578708e-02   3.5001663e-02   5.3813559e-02   5.3711679e-02
   8.8587259e-02   2.6251960e-02   3.5974648e-02   3.9260947e-02   6.5550467e-02
   9.8353423e-02   2.6036440e-02   3.6391075e-02   4.3596335e-02   5.9319881e-02
   1.0134720e-01   2.7379414e-02   3.8216662e-02   5.2928330e-02   5.0732831e-02
   9.0908535e-02   2.8182245e-02   3.8497085e-02   5.5297076e-02   4.9376664e-02
   9.1153408e-02   2.7233317e-02   3.9889876e-02   3.9944752e-02   5.9893860e-02
   9.7875438e-02   2.7925055e-02   4.2667935e-02   4.5829268e-02   5.2520747e-02
   9.5390158e-02   2.8863287e-02   4.2593496e-02   5.2888017e-02   4.7991143e-02
   8.7152184e-02   2.7498835e-02   4.1237647e-02   4.3016080e-02   5.6105529e-02
   8.8373915e-02   2.7873113e-02   4.1026371e-02   4.7237534e-02   5.2186475e-02
   6.4057674e-02   2.0729289e-02   6.9243376e-02   4.4607566e-02   5.4503152e-02
   8.8112660e-02   2.8394832e-02   3.3163861e-02   4.0229077e-02   6.4908812e-02
   2.8894631e-01   6.0479030e-02   2.0891638e-03   5.8266412e-02   1.1536694e-01
   9.9545967e-02   3.0865401e-02   3.3947183e-02   5.2696894e-02   5.1760132e-02
   8.9662937e-02   2.9355792e-02   3.5890239e-02   5.4549209e-02   5.0537466e-02
   2.7955303e-01   5.7893535e-02   6.0274226e-02   2.9299187e-03   1.1290435e-01
   2.7402262e-01   5.5513305e-02   5.6745982e-02   5.6711339e-02   5.6701651e-02
   2.9571343e-01   5.9868271e-02   5.9308954e-02   1.1850408e-01   2.2338428e-04
   3.1591903e-01   6.3650132e-02   1.2589409e-01   4.5524032e-04   6.3503332e-02
   3.1513047e-01   6.3796640e-02   1.2537477e-01   6.3569764e-02   3.6171183e-04
   8.7479028e-02   2.9256994e-02   4.1209990e-02   4.4654733e-02   5.3664257e-02
   8.9232025e-02   3.0482550e-02   3.4028100e-02   4.1399060e-02   6.0351101e-02
   9.3250098e-02   3.1826152e-02   3.4339277e-02   4.6155257e-02   5.4636137e-02
   9.0670627e-02   3.1258174e-02   3.5756132e-02   5.1053223e-02   5.1034518e-02
   9.3491917e-02   3.2109067e-02   3.7979025e-02   4.2179522e-02   5.5653534e-02
   9.6120722e-02   3.3011974e-02   3.9300461e-02   4.8418097e-02   4.9776676e-02
   8.9145985e-02   3.0565375e-02   3.9900504e-02   4.4576516e-02   5.3222565e-02
   6.3848247e-02   5.2698106e-02   3.5095926e-02   4.3777239e-02   5.6603169e-02
   6.4324093e-02   5.2762890e-02   3.5571875e-02   4.6652005e-02   5.3909027e-02
   6.4095248e-02   5.2994556e-02   3.6941021e-02   4.4926738e-02   5.4309855e-02
   6.1831739e-02   5.2732720e-02   3.5700893e-02   4.5152704e-02   5.5182614e-02
   8.4875595e-02   2.6856330e-02   3.3495262e-02   4.1940223e-02   6.2213302e-02
   8.9411491e-02   2.6848408e-02   3.3711985e-02   4.4228272e-02   5.8484639e-02
   8.9271802e-02   2.7240737e-02   3.4394911e-02   4.8518707e-02   5.4319790e-02
   8.6289616e-02   2.7554699e-02   3.5278937e-02   5.1136397e-02   5.2832022e-02
   8.9121686e-02   2.7006714e-02   3.6172840e-02   4.1866931e-02   5.8912899e-02
   9.2712489e-02   2.7581830e-02   3.6987611e-02   4.5614144e-02   5.4243947e-02
   9.1622280e-02   2.8331635e-02   3.7845259e-02   5.0291058e-02   5.0718898e-02
   8.8467484e-02   2.7496640e-02   3.8644374e-02   4.3233442e-02   5.5790817e-02
   8.9015695e-02   2.7849276e-02   3.8926868e-02   4.6618031e-02   5.2698228e-02
   8.5691831e-02   2.7717982e-02   3.8742398e-02   4.4667880e-02   5.4782620e-02
   8.8826871e-02   2.8929061e-02   3.4187898e-02   4.2311001e-02   5.8988439e-02
   9.1928052e-02   2.9154798e-02   3.4725105e-02   4.5849389e-02   5.4785256e-02
   8.9835684e-02   2.9111476e-02   3.5515238e-02   4.9426955e-02   5.2163844e-02
   9.1975699e-02   2.9293040e-02   3.7284380e-02   4.2868341e-02   5.5639963e-02
   9.2565387e-02   2.9832188e-02   3.7902674e-02   4.7307888e-02   5.1558126e-02
   8.8283526e-02   2.8935262e-02   3.9036879e-02   4.4714844e-02   5.3694705e-02
   8.7386673e-02   2.9412563e-02   3.5104448e-02   4.3756412e-02   5.6485929e-02
   8.7743260e-02   2.9604728e-02   3.5629698e-02   4.6850876e-02   5.3581584e-02
   8.7449138e-02   2.9653204e-02   3.7239230e-02   4.4779743e-02   5.4236781e-02
   6.1677963e-02   5.0879826e-02   3.5732545e-02   4.5139241e-02   5.5727223e-02
   8.6193229e-02   2.7085744e-02   3.4608727e-02   4.3460563e-02   5.8225676e-02
   8.7319145e-02   2.7298679e-02   3.4940141e-02   4.5299199e-02   5.5944611e-02
   8.6168675e-02   2.7590115e-02   3.5227507e-02   4.7789729e-02   5.4089731e-02
   8.7222647e-02   2.7403732e-02   3.6298989e-02   4.4050887e-02   5.6079287e-02
   8.7324774e-02   2.7622710e-02   3.6499051e-02   4.6439495e-02   5.3966933e-02
   8.5466356e-02   2.7645303e-02   3.7753360e-02   4.4760001e-02   5.5001253e-02
   8.6790804e-02   2.8106250e-02   3.5157303e-02   4.4156207e-02   5.6426642e-02
   8.6667426e-02   2.8263630e-02   3.5623366e-02   4.6439276e-02   5.4271397e-02
   8.6489167e-02   2.8383380e-02   3.6719647e-02   4.4827187e-02   5.4840721e-02
   8.4655367e-02   2.8608515e-02   3.5494559e-02   4.5126311e-02   5.5620947e-02
   8.4874023e-02   2.7184314e-02   3.5128058e-02   4.4581222e-02   5.6773857e-02
   8.4756459e-02   2.7392048e-02   3.5087298e-02   4.6529494e-02   5.5234122e-02
   8.4658538e-02   2.7462601e-02   3.6287251e-02   4.4865758e-02   5.5732508e-02
   8.4342340e-02   2.7679018e-02   3.5399838e-02   4.5112848e-02   5.6010936e-02
   8.3432900e-02   2.7242334e-02   3.5140462e-02   4.5165986e-02   5.6556638e-02
