0.587786665 0.000000000
0.593229847 0.004659312
0.598379241 0.009400092
0.603222905 0.014215736
0.607752811 0.019099402
0.611964497 0.024044151
0.615856655 0.029043063
0.619430713 0.034089335
0.622690396 0.039176359
0.625641298 0.044297780
0.628290476 0.049447533
0.630646067 0.054619869
0.632716944 0.059809360
0.634512401 0.065010899
0.636041889 0.070219678
0.637314777 0.075431175
0.638340158 0.080641115
0.639126687 0.085845446
0.639682446 0.091040294
0.640014841 0.096221927
0.640130518 0.101386714
0.640035300 0.106531084
0.639734142 0.111651481
0.639231096 0.116744327
0.638529294 0.121805977
0.637630934 0.126832679
0.636537275 0.131820533
0.635248646 0.136765455
0.633764452 0.141663139
0.632083195 0.146509018
0.630202499 0.151298234
0.628119149 0.156025608
0.625829131 0.160685610
0.623327695 0.165272344
0.620609426 0.169779527
0.617668339 0.174200488
0.614497991 0.178528170
0.611091615 0.182755145
0.607442286 0.186873648
0.603543113 0.190875623
0.599387463 0.194752792
0.594969216 0.198496747
0.590283056 0.202099062
0.585324782 0.205551433
0.580091658 0.208845848
0.574582771 0.211974776
0.568799408 0.214931386
0.562745422 0.217709784
0.556427593 0.220305269
0.549855955 0.222714591
0.543044069 0.224936218
0.536009239 0.226970591
0.528772639 0.228820354
0.521359345 0.230490555
0.513798255 0.231988807
0.506121894 0.233325389
0.498366103 0.234513287
0.490569610 0.235568172
0.482773506 0.236508300
0.475020628 0.237354354
0.467354883 0.238129207
0.459820537 0.238857643
0.452461487 0.239566026
0.445320551 0.240281931
0.438438794 0.241033766
0.431854915 0.241850373
0.425604709 0.242760640
0.419720610 0.243793130
0.414231324 0.244975722
0.409161549 0.246335289
0.404531777 0.247897392
0.400358169 0.249686017
0.396652488 0.251723323
0.393422095 0.254029429
0.390669971 0.256622205
0.388394775 0.259517092
0.386590928 0.262726923
0.385248708 0.266261767
0.384354362 0.270128770
0.383890238 0.274332016
0.383834936 0.278872405
0.384163477 0.283747547
0.384847520 0.288951692
0.385855606 0.294475689
0.387153457 0.300307004
0.388704330 0.306429786
0.390469426 0.312824999
0.392408355 0.319470628
0.394479663 0.326341958
0.396641389 0.333411920
0.398851671 0.340651508
0.401069354 0.348030257
0.403254600 0.355516753
0.405369474 0.363079186
0.407378476 0.370685892
0.409249015 0.378305898
0.410951791 0.385909418
0.412461090 0.393468311
0.413754970 0.400956460
0.414815339 0.408350080
0.415627937 0.415627937
0.416182216 0.422771479
0.416471150 0.429764888
0.416490963 0.436595050
0.416240818 0.443251451
0.415722464 0.449726027
0.414939871 0.456012964
0.413898858 0.462108458
0.412606732 0.468010471
0.411071944 0.473718465
0.409303770 0.479233142
0.407312031 0.484556190
0.405106837 0.489690046
0.402698374 0.494637669
0.400096722 0.499402344
0.397311706 0.503987496
0.394352775 0.508396534
0.391228917 0.512632712
0.387948586 0.516699005
0.384519657 0.520598011
0.380949397 0.524331863
0.377244449 0.527902152
0.373410830 0.531309869
0.369453937 0.534555348
0.365378561 0.537638227
0.361188910 0.540557404
0.356888631 0.543311016
0.352480845 0.545896406
0.347968175 0.548310108
0.343352793 0.550547833
0.338636454 0.552604468
0.333820545 0.554474075
0.328906138 0.556149907
0.323894045 0.557624435
0.318784879 0.558889388
0.313579125 0.559935818
0.308277217 0.560754176
0.302879622 0.561334427
0.297386936 0.561666183
0.291799980 0.561738875
0.286119919 0.561541959
0.280348371 0.561065163
0.274487534 0.560298768
0.268540310 0.559233934
0.262510430 0.557863060
0.256402573 0.556180175
0.250222478 0.554181359
0.243977039 0.551865169
0.237674375 0.549233074
0.231323877 0.546289872
0.224936218 0.543044069
0.218523323 0.539508212
0.212098295 0.535699143
0.205675294 0.531638163
0.199269371 0.527351089
0.192896258 0.522868188
0.186572115 0.518223986
0.180313247 0.513456950
0.174135797 0.508609043
0.168055434 0.503725180
0.162087030 0.498852584
0.156244361 0.494040079
0.150539824 0.489337347
0.144984198 0.484794164
0.139586433 0.480459655
0.134353500 0.476381577
0.129290281 0.472605670
0.124399514 0.469175064
0.119681784 0.466129772
0.115135553 0.463506259
0.110757236 0.461337090
0.106541300 0.459650651
0.102480395 0.458470933
0.098565499 0.457817363
0.094786084 0.457704687
0.091130284 0.458142875
0.087585078 0.459137056
0.084136472 0.460687475
0.080769691 0.462789460
0.077469362 0.465433419
0.074219718 0.468604854
0.071004785 0.472284415
0.067808591 0.476447992
0.064615359 0.481066872
0.061409716 0.486107954
0.058176888 0.491534047
0.054902901 0.497304257
0.051574762 0.503374457
0.048180633 0.509697856
0.044709986 0.516225645
0.041153729 0.522907713
0.037504305 0.529693414
0.033755756 0.536532370
0.029903750 0.543375259
0.025945575 0.550174591
0.021880088 0.556885419
0.017707631 0.563465964
0.013429923 0.569878145
0.009049913 0.576087977
0.004571628 0.582065850
0.000000000 0.587786665
