1.060660172 0.000000000
1.057035287 0.008302106
1.053566055 0.016550738
1.050251565 0.024750550
1.047088779 0.032906091
1.044072916 0.041021737
1.041197821 0.049101643
1.038456294 0.057149708
1.035840397 0.065169554
1.033341720 0.073164518
1.030951611 0.081137651
1.028661375 0.089091730
1.026462441 0.097029268
1.024346499 0.104952537
1.022305603 0.112863589
1.020332267 0.120764282
1.018419523 0.128656305
1.016560971 0.136541208
1.014750818 0.144420428
1.012983897 0.152295316
1.011255684 0.160167166
1.009562306 0.168037242
1.007900542 0.175906804
1.006267823 0.183777136
1.004662233 0.191649571
1.003082499 0.199525514
1.001527990 0.207406476
0.999998712 0.215294090
0.998495301 0.223190143
0.997019020 0.231096600
0.995571750 0.239015630
0.994155983 0.246949630
0.992774816 0.254901248
0.991431933 0.262873414
0.990131589 0.270869351
0.988878588 0.278892606
0.987678249 0.286947057
0.986536361 0.295036933
0.985459134 0.303166815
0.984453119 0.311341640
0.983525127 0.319566686
0.982682114 0.327847556
0.981931051 0.336190142
0.981278762 0.344600574
0.980731741 0.353085153
0.980295936 0.361650264
0.979976507 0.370302264
0.979777550 0.379047347
0.979701808 0.387891386
0.979750345 0.396839746
0.979922224 0.405897075
0.980214157 0.415067075
0.980620180 0.424352245
0.981131328 0.433753622
0.981735349 0.443270507
0.982416462 0.452900193
0.983155177 0.462637709
0.983928189 0.472475586
0.984708375 0.482403655
0.985464889 0.492408894
0.986163381 0.502475340
0.986766335 0.512584067
0.987233537 0.522713251
0.987522667 0.532838319
0.987590000 0.542932197
0.987391215 0.552965650
0.986882277 0.562907712
0.986020375 0.572726207
0.984764889 0.582388332
0.983078348 0.591861305
0.980927350 0.601113053
0.978283410 0.610112911
0.975123707 0.618832322
0.971431695 0.627245500
0.967197565 0.635330050
0.962418526 0.643067500
0.957098913 0.650443750
0.951250095 0.657449400
0.944890204 0.664079958
0.938043685 0.670335917
0.930740692 0.676222695
0.923016342 0.681750449
0.914909868 0.686933759
0.906463682 0.691791212
0.897722411 0.696344881
0.888731905 0.700619741
0.879538275 0.704643031
0.870186981 0.708443583
0.860721993 0.712051158
0.851185057 0.715495790
0.841615070 0.718807176
0.832047585 0.722014115
0.822514444 0.725144026
0.813043540 0.728222536
0.803658708 0.731273159
0.794379722 0.734317062
0.785222402 0.737372916
0.776198798 0.740456827
0.767317450 0.743582340
0.758583693 0.746760504
0.750000000 0.750000000
0.741566344 0.753307295
0.733280563 0.756686841
0.725138722 0.760141285
0.717135456 0.763671696
0.709264291 0.767277787
0.701517935 0.770958144
0.693888541 0.774710433
0.686367936 0.778531603
0.678947811 0.782418064
0.671619892 0.786365859
0.664376067 0.790370800
0.657208499 0.794428607
0.650109705 0.798535006
0.643072615 0.802685834
0.636090622 0.806877108
0.629157605 0.811105096
0.622267942 0.815366370
0.615416520 0.819657848
0.608598732 0.823976833
0.601810463 0.828321041
0.595048080 0.832688626
0.588308414 0.837078202
0.581588742 0.841488861
0.574886767 0.845920189
0.568200593 0.850372281
0.561528708 0.854845759
0.554869959 0.859341781
0.548223535 0.863862062
0.541588937 0.868408883
0.534965962 0.872985108
0.528354680 0.877594195
0.521755403 0.882240206
0.515168669 0.886927816
0.508595206 0.891662316
0.502035903 0.896449608
0.495491777 0.901296197
0.488963935 0.906209167
0.482453525 0.911196147
0.475961692 0.916265261
0.469489517 0.921425057
0.463037957 0.926684417
0.456607776 0.932052434
0.450199464 0.937538269
0.443813158 0.943150970
0.437448550 0.948899259
0.431104791 0.954791276
0.424780400 0.960834300
0.418473162 0.967034421
0.412180038 0.973396188
0.405897075 0.979922224
0.399619334 0.986612821
0.393340829 0.993465529
0.387054487 1.000474743
0.380752141 1.007631304
0.374424545 1.014922140
0.368061431 1.022329954
0.361651603 1.029832985
0.355183073 1.037404865
0.348643238 1.045014574
0.342019094 1.052626535
0.335297497 1.060200837
0.328465444 1.067693613
0.321510386 1.075057563
0.314420548 1.082242624
0.307185263 1.089196784
0.299795289 1.095867011
0.292243108 1.102200278
0.284523192 1.108144670
0.276632224 1.113650509
0.268569265 1.118671497
0.260335856 1.123165810
0.251936054 1.127097117
0.243376392 1.130435486
0.234665770 1.133158143
0.225815276 1.135250056
0.216837946 1.136704318
0.207748464 1.137522322
0.198562829 1.137713712
0.189297978 1.137296123
0.179971401 1.136294708
0.170600749 1.134741480
0.161203452 1.132674491
0.151796359 1.130136874
0.142395417 1.127175792
0.133015387 1.123841327
0.123669613 1.120185344
0.114369853 1.116260376
0.105126155 1.112118560
0.095946800 1.107810651
0.086838295 1.103385152
0.077805413 1.098887567
0.068851283 1.094359799
0.059977507 1.089839694
0.051184313 1.085360731
0.042470714 1.080951862
0.033834696 1.076637474
0.025273390 1.072437477
0.016783258 1.068367487
0.008360257 1.064439090
0.000000000 1.060660172
