   2.1777524e-01   8.9731274e-02   9.7656704e-02   1.0577059e-01   9.2090892e-01
   8.4861317e-02   3.4987098e-02   3.7993027e-02   2.4736862e-01   9.9162123e-01
   8.4091984e-02   3.4829523e-02   3.7738308e-02   2.7364241e-01   8.9842550e-01
   1.0266604e-01   4.2362206e-02   4.6002211e-02   3.5009029e-01   8.3198703e-01
   1.2175586e-01   5.0402368e-02   5.4571268e-02   3.8490547e-01   8.2697617e-01
   2.3425181e-01   9.6935297e-02   1.0476834e-01   7.9270867e-01   4.0938312e-01
   2.1929878e-01   9.0965265e-02   9.8375161e-02   8.3003296e-01   3.8620152e-01
   2.2542719e-01   9.3405702e-02   1.0108750e-01   8.4049484e-01   3.3902766e-01
   2.3906906e-01   9.9035344e-02   1.0672049e-01   8.2477943e-01   3.1461530e-01
   2.4701850e-01   1.0205886e-01   1.1099387e-01   8.0820899e-01   3.0798195e-01
   8.6573757e-02   3.5873410e-02   2.3234380e-01   1.0010242e-01   9.6731933e-01
   3.8145355e-02   1.5793323e-02   1.0228370e-01   2.4905723e-01   9.5875188e-01
   4.0732479e-02   1.6870740e-02   1.1641706e-01   2.8905226e-01   8.3439768e-01
   5.6436717e-02   2.3375803e-02   1.5747934e-01   4.5005636e-01   8.7143703e-01
   1.0351732e-01   4.2856826e-02   2.7692951e-01   7.8250822e-01   4.3608038e-01
   8.7764843e-02   3.6350570e-02   2.4402784e-01   8.6785893e-01   4.6322554e-01
   8.6640819e-02   3.5875618e-02   2.3945947e-01   9.2389922e-01   3.5182198e-01
   9.9497371e-02   4.1198504e-02   2.6573894e-01   8.7398217e-01   3.0280771e-01
   1.0451386e-01   4.3293082e-02   2.7530746e-01   8.2341325e-01   2.9807350e-01
   9.0045131e-02   3.7238181e-02   2.5615997e-01   1.0416325e-01   8.8293561e-01
   9.0357807e-02   3.7423535e-02   2.7693677e-01   1.2709375e-01   8.4893879e-01
   5.3470468e-02   2.2130080e-02   1.4518831e-01   3.3759702e-01   8.1787074e-01
   5.8523720e-02   2.4248636e-02   1.5705937e-01   3.9066432e-01   8.2908273e-01
   1.0830810e-01   4.4837446e-02   3.1663756e-01   7.7613544e-01   4.4305298e-01
   9.4025910e-02   3.8914239e-02   2.9204863e-01   7.8631219e-01   3.2943232e-01
   1.0614904e-01   4.3965028e-02   3.0203348e-01   8.7310031e-01   2.8329857e-01
   1.0951624e-01   4.5393846e-02   2.9470542e-01   8.3258445e-01   2.8664061e-01
   1.0568815e-01   4.3713913e-02   3.0552585e-01   1.2213409e-01   8.2326982e-01
   1.1666277e-01   4.8322941e-02   3.5152766e-01   1.5146523e-01   8.2909992e-01
   1.2328984e-01   5.1093258e-02   3.4553060e-01   1.6047809e-01   8.2063965e-01
   1.1913316e-01   4.9324769e-02   3.2927082e-01   7.4759233e-01   3.8799791e-01
   1.1981391e-01   4.9652555e-02   3.5234677e-01   7.6324938e-01   3.5227397e-01
   1.1927059e-01   4.9410310e-02   3.4499337e-01   8.0496575e-01   2.9663110e-01
   1.1671286e-01   4.8350298e-02   3.1979103e-01   8.1006623e-01   2.8727790e-01
   1.1777879e-01   4.8784803e-02   3.2946994e-01   1.3660321e-01   8.1410676e-01
   1.2296406e-01   5.0938836e-02   3.4162203e-01   1.4865260e-01   8.1547919e-01
   2.2840714e-01   9.4608372e-02   7.3719622e-01   3.4010167e-01   4.0909077e-01
   2.3177893e-01   9.6002367e-02   7.3426956e-01   3.7530037e-01   3.5963722e-01
   1.2196511e-01   5.0524264e-02   3.3737513e-01   7.6447394e-01   3.2062002e-01
   1.1990665e-01   4.9675393e-02   3.2712050e-01   7.7741684e-01   3.0314856e-01
   2.4882151e-01   1.0326212e-01   7.2117301e-01   2.8942909e-01   3.8121121e-01
   2.3375923e-01   9.6836968e-02   7.5294008e-01   2.9740352e-01   3.8954303e-01
   2.2139585e-01   9.1713641e-02   7.7234129e-01   3.3596843e-01   3.5519886e-01
   2.3886729e-01   9.8956472e-02   7.5162019e-01   3.6115218e-01   3.1773211e-01
   2.5211462e-01   1.0440410e-01   7.2354541e-01   3.4969235e-01   3.1146542e-01
   2.4631304e-01   1.0209260e-01   7.4005218e-01   2.8354962e-01   3.6326010e-01
   2.3741306e-01   9.8389472e-02   7.6629690e-01   2.9658121e-01   3.4518207e-01
   2.3946855e-01   9.9180623e-02   7.6729553e-01   3.2528467e-01   3.1578751e-01
   2.4972823e-01   1.0343617e-01   7.4128795e-01   3.3824075e-01   3.0529691e-01
   2.4918953e-01   1.0321288e-01   7.4420056e-01   2.8677708e-01   3.3888390e-01
   2.4760525e-01   1.0255579e-01   7.5479470e-01   3.0110823e-01   3.2038739e-01
   2.5095189e-01   1.0398541e-01   7.4551138e-01   3.1791087e-01   3.0739663e-01
   2.5349790e-01   1.0501154e-01   7.3878305e-01   2.9275085e-01   3.2423477e-01
   2.5422702e-01   1.0531180e-01   7.3896561e-01   3.0407370e-01   3.1293176e-01
   2.5732522e-01   1.0645788e-01   7.3100857e-01   2.9770652e-01   3.1726221e-01
   8.7337044e-02   2.1612753e-01   9.4604362e-02   1.0225313e-01   9.5222048e-01
   3.8251244e-02   9.3632644e-02   4.1158668e-02   2.5056119e-01   9.4573681e-01
   4.1168507e-02   1.0499547e-01   4.4247463e-02   2.8944123e-01   8.3125677e-01
   5.4782846e-02   1.3758566e-01   5.8884278e-02   4.2022494e-01   8.4814312e-01
   1.0335616e-01   2.5465851e-01   1.1211781e-01   7.7973283e-01   4.2993785e-01
   9.0260418e-02   2.2733782e-01   9.7082699e-02   8.4199720e-01   4.3876391e-01
   8.9078358e-02   2.2398298e-01   9.5913580e-02   8.9032695e-01   3.4692122e-01
   9.9717461e-02   2.4507741e-01   1.0768718e-01   8.6226063e-01   3.0438916e-01
   1.0465252e-01   2.5378428e-01   1.1258971e-01   8.2175476e-01   2.9906824e-01
   3.8889573e-02   9.5214856e-02   2.3601907e-01   1.0128676e-01   9.3173750e-01
   4.0548977e-02   1.0045152e-01   2.4274016e-01   1.1836053e-01   8.8622637e-01
   2.2771520e-02   5.5966220e-02   1.3831761e-01   3.3160889e-01   8.1551987e-01
   2.5907882e-02   6.3309998e-02   1.6070688e-01   4.1902248e-01   8.4552526e-01
   4.5876403e-02   1.1310349e-01   2.7695390e-01   7.9792127e-01   4.5624945e-01
   4.1407968e-02   1.0344287e-01   2.4552689e-01   8.2456248e-01   3.4564006e-01
   4.4480978e-02   1.0905076e-01   2.7345184e-01   8.8459529e-01   2.9413487e-01
   4.5069607e-02   1.0931346e-01   2.8147517e-01   8.2923767e-01   2.9246801e-01
   4.3349584e-02   1.0762393e-01   2.7660798e-01   1.0673594e-01   8.4680087e-01
   4.9152600e-02   1.2995910e-01   3.2179467e-01   1.5021964e-01   8.1609677e-01
   5.4704596e-02   1.3425142e-01   3.4670602e-01   1.7292207e-01   8.2901950e-01
   5.3492533e-02   1.3101856e-01   3.3882691e-01   7.6636122e-01   4.3828128e-01
   5.4095216e-02   1.4219716e-01   3.5283504e-01   7.6207438e-01   3.6793805e-01
   5.5720906e-02   1.4069918e-01   3.5669121e-01   9.0015599e-01   2.6911978e-01
   4.9471185e-02   1.2016300e-01   3.1223199e-01   8.4033532e-01   2.7951983e-01
   5.1941245e-02   1.2756127e-01   3.4212039e-01   1.3301039e-01   8.2505351e-01
   6.0142539e-02   1.4865237e-01   4.0204829e-01   1.7235802e-01   8.5524119e-01
   1.0499563e-01   2.6145791e-01   7.2251560e-01   3.6354604e-01   4.5220234e-01
   1.0556998e-01   2.6181757e-01   7.1556578e-01   4.0284312e-01   3.7591754e-01
   5.8577325e-02   1.4395599e-01   3.8650361e-01   8.1036464e-01   3.1252881e-01
   5.2953937e-02   1.2890028e-01   3.4156948e-01   8.1065607e-01   2.8827659e-01
   5.2075967e-02   1.2630333e-01   3.3847663e-01   1.4216350e-01   8.1425212e-01
   1.0190191e-01   2.5626867e-01   7.7546864e-01   2.9293238e-01   4.5724347e-01
   8.3828630e-02   2.2439362e-01   7.7200724e-01   3.7193802e-01   3.8293103e-01
   1.0490074e-01   2.6116672e-01   7.6813186e-01   4.1277731e-01   3.1303473e-01
   1.0868289e-01   2.6489904e-01   7.1850071e-01   3.6150865e-01   3.0920007e-01
   1.0581539e-01   2.5941648e-01   7.5050200e-01   2.7147726e-01   3.8573902e-01
   9.8126917e-02   2.4777716e-01   8.3242083e-01   2.8137494e-01   3.7058525e-01
   1.0034109e-01   2.5255151e-01   8.3541850e-01   3.5730148e-01   2.9773935e-01
   1.0757880e-01   2.6321747e-01   7.5239438e-01   3.5871025e-01   2.9397279e-01
   1.0592217e-01   2.5913690e-01   7.6350121e-01   2.7462409e-01   3.4551842e-01
   1.0546186e-01   2.5917558e-01   7.9356107e-01   2.9719223e-01   3.1288529e-01
   1.0700812e-01   2.6177221e-01   7.6613246e-01   3.2715552e-01   2.9413632e-01
   1.0719245e-01   2.6134160e-01   7.5395383e-01   2.8615922e-01   3.2186605e-01
   1.0766243e-01   2.6235277e-01   7.5429615e-01   3.0323459e-01   3.0507124e-01
   1.0793303e-01   2.6256841e-01   7.3906796e-01   2.9448655e-01   3.1406174e-01
   9.2727580e-02   2.3730818e-01   9.9430400e-02   1.0680076e-01   8.7469354e-01
   9.5889054e-02   2.5438546e-01   1.0259109e-01   1.2452507e-01   8.4397398e-01
   5.1214864e-02   1.2790408e-01   5.5231879e-02   3.3061645e-01   8.1222705e-01
   5.6495599e-02   1.3934323e-01   6.0980743e-02   3.7999860e-01   8.2172052e-01
   1.0775966e-01   2.7883901e-01   1.1552488e-01   7.6266171e-01   4.1418661e-01
   9.9174990e-02   2.6384895e-01   1.0579325e-01   7.7872628e-01   3.3163866e-01
   1.0595857e-01   2.7056630e-01   1.1366152e-01   8.4009312e-01   2.9109644e-01
   1.0850889e-01   2.6786881e-01   1.1723026e-01   8.1976836e-01   2.9129756e-01
   9.6836330e-02   2.5501806e-01   1.1583394e-01   1.1039455e-01   8.4458742e-01
   1.0364341e-01   2.9484049e-01   1.3523207e-01   1.4450961e-01   8.2798285e-01
   1.2053665e-01   3.0853790e-01   1.3952211e-01   1.6231502e-01   8.2047642e-01
   1.1820824e-01   3.0080629e-01   1.3593675e-01   7.5684304e-01   4.1827800e-01
   1.0969279e-01   3.0890402e-01   1.4182029e-01   7.6176081e-01   3.6063721e-01
   1.1319520e-01   3.0291662e-01   1.3785542e-01   8.4072670e-01   2.8351914e-01
   1.1352534e-01   2.8317799e-01   1.2768537e-01   8.2739162e-01   2.8390506e-01
   5.0413037e-02   1.2481111e-01   3.0270325e-01   1.2629056e-01   8.1564487e-01
   5.6024175e-02   1.3931974e-01   3.3507105e-01   1.5118925e-01   8.1849318e-01
   1.1466878e-01   2.8517657e-01   6.8445808e-01   3.3608423e-01   3.9324120e-01
   5.4125433e-02   1.3344391e-01   3.2794340e-01   7.4772069e-01   3.6126883e-01
   5.5024584e-02   1.3595966e-01   3.3051287e-01   7.7740911e-01   3.0937372e-01
   5.1360559e-02   1.2559342e-01   3.1547505e-01   7.9648890e-01   2.9185500e-01
   5.3818570e-02   1.3181710e-01   3.3449228e-01   1.4016708e-01   8.1468213e-01
   1.1644391e-01   2.9709429e-01   7.0981247e-01   3.0161484e-01   4.2233971e-01
   1.1480934e-01   3.1039140e-01   6.9438013e-01   3.6035599e-01   3.8028012e-01
   1.1643394e-01   2.9434928e-01   7.1244574e-01   3.8363844e-01   3.2199190e-01
   5.2946690e-02   1.2914774e-01   3.3097608e-01   7.7597860e-01   3.0524028e-01
   1.1432391e-01   2.8598483e-01   7.2900755e-01   2.7151341e-01   3.9292680e-01
   1.1178693e-01   3.0672752e-01   7.4706451e-01   2.7144311e-01   3.6800456e-01
   1.1418150e-01   3.1038396e-01   7.5935600e-01   3.5684468e-01   2.8944991e-01
   1.1508295e-01   2.8642120e-01   7.3298119e-01   3.6317166e-01   2.9468778e-01
   1.1359282e-01   2.8527022e-01   7.5788925e-01   2.6447770e-01   3.5200505e-01
   1.1533955e-01   2.9748760e-01   7.9550403e-01   2.9029717e-01   3.0342261e-01
   1.1490078e-01   2.8758004e-01   7.6336416e-01   3.3409521e-01   2.8432096e-01
   1.1285681e-01   2.7903432e-01   7.5839677e-01   2.7951809e-01   3.1949535e-01
   1.1331293e-01   2.7989045e-01   7.6033981e-01   3.0257754e-01   2.9735826e-01
   1.1196200e-01   2.7327302e-01   7.4195902e-01   2.9183346e-01   3.1011512e-01
   1.0581623e-01   2.7473685e-01   1.1370329e-01   1.2206352e-01   8.2182984e-01
   1.1462965e-01   3.0117956e-01   1.2271825e-01   1.4140857e-01   8.1679686e-01
   1.2021905e-01   3.0418061e-01   1.2902763e-01   1.5158079e-01   8.1285976e-01
   1.1675896e-01   2.9332596e-01   1.2561625e-01   7.4358297e-01   3.7771482e-01
   1.1669077e-01   3.0291173e-01   1.2502235e-01   7.5200605e-01   3.4507224e-01
   1.1604683e-01   2.9879375e-01   1.2451020e-01   7.8383220e-01   3.0270270e-01
   1.1492842e-01   2.8668299e-01   1.2343765e-01   7.9740950e-01   2.9250762e-01
   1.1449908e-01   3.0030469e-01   1.3165456e-01   1.3127448e-01   8.1743032e-01
   1.2535873e-01   3.2989709e-01   1.4447212e-01   1.5524292e-01   8.2476987e-01
   2.4086914e-01   6.6238541e-01   2.8674345e-01   3.4280720e-01   4.0872335e-01
   1.2303940e-01   3.1526617e-01   1.3901940e-01   7.5065800e-01   3.5906483e-01
   1.2443476e-01   3.2355400e-01   1.4258278e-01   7.8014190e-01   3.1329177e-01
   1.1998725e-01   3.0317781e-01   1.3421389e-01   7.9513358e-01   2.9338168e-01
   1.1940610e-01   3.0153702e-01   1.3871654e-01   1.3782427e-01   8.1200145e-01
   2.4319023e-01   6.6252211e-01   3.1691860e-01   3.0674217e-01   4.0495249e-01
   2.2812013e-01   6.6953006e-01   3.3151218e-01   3.5491410e-01   3.7774479e-01
   2.4689902e-01   6.6221860e-01   3.1433798e-01   3.6809854e-01   3.2740733e-01
   1.2043842e-01   2.9987412e-01   1.3682643e-01   7.7109220e-01   3.0729721e-01
   1.1736852e-01   2.9229584e-01   6.9946535e-01   2.8866904e-01   3.7209239e-01
   1.2176954e-01   3.1256626e-01   7.0069518e-01   3.0086519e-01   3.5811403e-01
   1.2173838e-01   3.1134880e-01   7.0366062e-01   3.3541747e-01   3.2146992e-01
   1.1744924e-01   2.9148957e-01   7.0342471e-01   3.4314694e-01   3.1112866e-01
   1.1973236e-01   3.0210770e-01   7.2109613e-01   2.7723504e-01   3.5087586e-01
   1.2287476e-01   3.1673568e-01   7.3235846e-01   2.9882689e-01   3.1609046e-01
   1.1994967e-01   3.0194244e-01   7.2520794e-01   3.2957377e-01   2.9819348e-01
   1.1827854e-01   2.9702508e-01   7.3761636e-01   2.8176589e-01   3.2179293e-01
   1.1898326e-01   2.9761532e-01   7.3949230e-01   3.0402829e-01   3.0019304e-01
   1.1568255e-01   2.8555752e-01   7.3472286e-01   2.9143189e-01   3.1019438e-01
   1.1552745e-01   2.9218272e-01   1.2385182e-01   1.3320222e-01   8.1028162e-01
   1.1993145e-01   3.0284171e-01   1.2899738e-01   1.4322658e-01   8.1022471e-01
   2.4712933e-01   6.6924846e-01   2.6347255e-01   3.2803799e-01   3.7983876e-01
   2.4832929e-01   6.6823587e-01   2.6505826e-01   3.4980427e-01   3.5101533e-01
   1.1915823e-01   2.9992209e-01   1.2816948e-01   7.5766163e-01   3.2193132e-01
   1.1761051e-01   2.9349426e-01   1.2673783e-01   7.7084453e-01   3.0608723e-01
   1.1955893e-01   3.0204325e-01   1.3270143e-01   1.3847206e-01   8.1024382e-01
   2.4131208e-01   6.8489872e-01   2.8410777e-01   3.0257637e-01   3.9861387e-01
   2.2798910e-01   7.0082230e-01   2.7977160e-01   3.4565505e-01   3.6706055e-01
   2.4553977e-01   6.8291362e-01   2.8584575e-01   3.6505563e-01   3.2339299e-01
   1.2005333e-01   2.9929148e-01   1.3209371e-01   7.6469617e-01   3.1191058e-01
   2.4979932e-01   6.7132941e-01   3.0538694e-01   2.8349671e-01   3.7854460e-01
   2.3181388e-01   7.0129186e-01   3.2398790e-01   2.9791827e-01   3.6644261e-01
   2.3546263e-01   7.0280524e-01   3.2415072e-01   3.4552290e-01   3.1705024e-01
   2.5335099e-01   6.7253544e-01   3.0583093e-01   3.4939671e-01   3.0626742e-01
   2.5172805e-01   6.6940466e-01   3.2240933e-01   2.8597396e-01   3.5053156e-01
   2.4848845e-01   6.8123193e-01   3.3485940e-01   3.0540559e-01   3.2473876e-01
   2.5409050e-01   6.7159671e-01   3.2205047e-01   3.2754434e-01   3.0725462e-01
   1.1907646e-01   2.9648403e-01   7.0997137e-01   2.9236175e-01   3.2788362e-01
   1.1914110e-01   2.9658354e-01   7.1095662e-01   3.0774025e-01   3.1299515e-01
   1.1754314e-01   2.9066301e-01   7.1706568e-01   2.9546743e-01   3.1573691e-01
   2.5626716e-01   6.6206313e-01   2.7463649e-01   2.9445470e-01   3.6852092e-01
   2.5069889e-01   6.7733855e-01   2.6689375e-01   3.0312224e-01   3.6798070e-01
   2.4727833e-01   6.8577225e-01   2.6266167e-01   3.2494205e-01   3.4789227e-01
   2.5248839e-01   6.7714676e-01   2.6944986e-01   3.4085308e-01   3.2537361e-01
   2.5836678e-01   6.6254311e-01   2.7690401e-01   3.3970154e-01   3.1783875e-01
   2.5160174e-01   6.7827290e-01   2.8415224e-01   2.8590188e-01   3.6805525e-01
   2.4229997e-01   7.0410054e-01   2.8194267e-01   2.9937548e-01   3.5245797e-01
   2.4447296e-01   7.0461237e-01   2.8350951e-01   3.3121436e-01   3.1914871e-01
   2.5451813e-01   6.7938235e-01   2.8637717e-01   3.4122108e-01   3.0818793e-01
   2.4991915e-01   6.8718002e-01   3.0394992e-01   2.8222036e-01   3.4840907e-01
   2.4619540e-01   7.0435760e-01   3.1020508e-01   3.0230080e-01   3.2054989e-01
   2.5255113e-01   6.8895294e-01   3.0502337e-01   3.2670396e-01   3.0304677e-01
   2.5493897e-01   6.7756340e-01   3.1527380e-01   2.9001419e-01   3.2704238e-01
   2.5605039e-01   6.7854855e-01   3.1556873e-01   3.0685111e-01   3.1005447e-01
   2.5933689e-01   6.6265583e-01   3.1234323e-01   2.9860001e-01   3.1972861e-01
   2.5564772e-01   6.7254764e-01   2.7361894e-01   2.9256156e-01   3.5477526e-01
   2.5288701e-01   6.8391241e-01   2.6956936e-01   3.0288517e-01   3.4209021e-01
   2.5376373e-01   6.8418142e-01   2.7063922e-01   3.1949926e-01   3.2445205e-01
   2.5753978e-01   6.7408916e-01   2.7502845e-01   3.2974729e-01   3.1527517e-01
   2.5376756e-01   6.8467541e-01   2.8391212e-01   2.8837447e-01   3.4252473e-01
   2.5238499e-01   6.9491616e-01   2.8415649e-01   3.0319119e-01   3.2319089e-01
   2.5556137e-01   6.8597905e-01   2.8558389e-01   3.2037782e-01   3.0936475e-01
   2.5528962e-01   6.8485542e-01   2.9840967e-01   2.9028525e-01   3.2584678e-01
   2.5621326e-01   6.8572672e-01   2.9886521e-01   3.0581283e-01   3.1031017e-01
   2.5881963e-01   6.7306132e-01   3.0509795e-01   2.9637163e-01   3.1702059e-01
   2.5738998e-01   6.7495345e-01   2.7552507e-01   2.9469648e-01   3.3840888e-01
   2.5699689e-01   6.7912429e-01   2.7497050e-01   3.0457102e-01   3.2617796e-01
   2.5828807e-01   6.7546161e-01   2.7664385e-01   3.1565733e-01   3.1675556e-01
   2.5769645e-01   6.7942494e-01   2.8483553e-01   2.9433689e-01   3.2662346e-01
   2.5811140e-01   6.8029276e-01   2.8516130e-01   3.0568744e-01   3.1537695e-01
   2.5929400e-01   6.7595338e-01   2.9386976e-01   2.9734537e-01   3.1742391e-01
   2.5908772e-01   6.7087186e-01   2.7917812e-01   2.9804671e-01   3.2794086e-01
   2.5967300e-01   6.7196363e-01   2.7874095e-01   3.0599244e-01   3.2016063e-01
   2.6031679e-01   6.7244024e-01   2.8485248e-01   2.9885620e-01   3.2074079e-01
   2.6091022e-01   6.6748084e-01   2.7993675e-01   3.0138739e-01   3.2322512e-01
   2.1575119e-01   8.7778786e-02   9.4477833e-02   1.0233587e-01   9.5243007e-01
   9.3691822e-02   3.8215267e-02   4.1175430e-02   2.5056932e-01   9.4582409e-01
   1.0514758e-01   4.1241752e-02   4.4328834e-02   2.8937948e-01   8.3120090e-01
   1.3768990e-01   5.4645148e-02   5.8888313e-02   4.2034149e-01   8.4839012e-01
   2.5459974e-01   1.0375545e-01   1.1195476e-01   7.7875662e-01   4.2868611e-01
   2.2755332e-01   9.0455092e-02   9.7188903e-02   8.4123513e-01   4.3893955e-01
   2.2406060e-01   8.9210506e-02   9.5805040e-02   8.8973988e-01   3.4682364e-01
   2.4526268e-01   9.9864196e-02   1.0778870e-01   8.6274509e-01   3.0409995e-01
   2.5413369e-01   1.0378477e-01   1.1275894e-01   8.2195156e-01   2.9909822e-01
   9.5121371e-02   3.8796297e-02   2.3591693e-01   1.0105568e-01   9.3333016e-01
   1.0047758e-01   4.0497501e-02   2.4275803e-01   1.1834966e-01   8.8628298e-01
   5.5951337e-02   2.2761725e-02   1.3830041e-01   3.3160887e-01   8.1548098e-01
   6.3251123e-02   2.5971941e-02   1.6053323e-01   4.1932071e-01   8.4563695e-01
   1.1362008e-01   4.6037171e-02   2.7765179e-01   7.9610063e-01   4.5459766e-01
   1.0349550e-01   4.1430821e-02   2.4565076e-01   8.2403519e-01   3.4553956e-01
   1.0934848e-01   4.4687248e-02   2.7329358e-01   8.8425916e-01   2.9428589e-01
   1.0941013e-01   4.5092920e-02   2.8150520e-01   8.2917822e-01   2.9245639e-01
   1.0814239e-01   4.3572065e-02   2.7631298e-01   1.0681426e-01   8.4673618e-01
   1.2999174e-01   4.9138462e-02   3.2189219e-01   1.5023130e-01   8.1617005e-01
   1.3414957e-01   5.4680069e-02   3.4653239e-01   1.7296851e-01   8.2906363e-01
   1.3105800e-01   5.3495361e-02   3.3891688e-01   7.6656438e-01   4.3866425e-01
   1.4225597e-01   5.4094786e-02   3.5314810e-01   7.6224550e-01   3.6806371e-01
   1.4091800e-01   5.5767587e-02   3.5688828e-01   9.0051668e-01   2.6912262e-01
   1.2014347e-01   4.9372060e-02   3.1218551e-01   8.4083844e-01   2.7945750e-01
   1.2753019e-01   5.1993263e-02   3.4270307e-01   1.3351707e-01   8.2487350e-01
   1.4861961e-01   6.0248219e-02   4.0261151e-01   1.7265512e-01   8.5565231e-01
   2.6223148e-01   1.0495886e-01   7.2217605e-01   3.6335405e-01   4.5222925e-01
   2.6167596e-01   1.0543335e-01   7.1467635e-01   4.0140767e-01   3.7535016e-01
   1.4398113e-01   5.8654826e-02   3.8697344e-01   8.1125074e-01   3.1212294e-01
   1.2895247e-01   5.3010565e-02   3.4159636e-01   8.1072352e-01   2.8824596e-01
   1.2705074e-01   5.2354767e-02   3.4039999e-01   1.4256594e-01   8.1523759e-01
   2.5602581e-01   1.0185710e-01   7.7449980e-01   2.9322213e-01   4.5662079e-01
   2.2436636e-01   8.3817157e-02   7.7209265e-01   3.7203137e-01   3.8320040e-01
   2.6133395e-01   1.0498186e-01   7.6695875e-01   4.1181646e-01   3.1283374e-01
   2.6484904e-01   1.0883405e-01   7.1860257e-01   3.6143201e-01   3.0906265e-01
   2.5925812e-01   1.0593572e-01   7.5017145e-01   2.7157250e-01   3.8562217e-01
   2.4777745e-01   9.8097901e-02   8.3269605e-01   2.8138866e-01   3.7074070e-01
   2.5251911e-01   1.0032281e-01   8.3551734e-01   3.5735127e-01   2.9777465e-01
   2.6326326e-01   1.0755636e-01   7.5217743e-01   3.5863734e-01   2.9401060e-01
   2.5910233e-01   1.0604267e-01   7.6351856e-01   2.7463466e-01   3.4540318e-01
   2.5901656e-01   1.0542343e-01   7.9379648e-01   2.9718227e-01   3.1305145e-01
   2.6183574e-01   1.0715512e-01   7.6635031e-01   3.2650726e-01   2.9420627e-01
   2.6149299e-01   1.0743513e-01   7.5341102e-01   2.8622188e-01   3.2161764e-01
   2.6227532e-01   1.0783378e-01   7.5429873e-01   3.0327765e-01   3.0502142e-01
   2.6253391e-01   1.0818654e-01   7.3903984e-01   2.9446948e-01   3.1400919e-01
   2.2100119e-01   9.5473624e-02   9.5406430e-02   1.0284792e-01   9.2118172e-01
   2.2871865e-01   1.0118513e-01   9.6638748e-02   1.1838741e-01   8.8245203e-01
   1.2449614e-01   5.4026161e-02   5.3560825e-02   3.2776419e-01   8.1306235e-01
   1.4416168e-01   6.1217070e-02   6.2964173e-02   4.0866435e-01   8.3809825e-01
   2.5504144e-01   1.1153064e-01   1.0892115e-01   7.8956881e-01   4.3996709e-01
   2.3191679e-01   1.0358926e-01   9.7115602e-02   8.1817422e-01   3.4640464e-01
   2.5198108e-01   1.0835459e-01   1.0925675e-01   8.6665008e-01   2.9721897e-01
   2.5912943e-01   1.0928985e-01   1.1461389e-01   8.2446062e-01   2.9439046e-01
   2.3031976e-01   1.0137968e-01   1.0965254e-01   1.0450405e-01   8.8031041e-01
   2.4957017e-01   1.1475772e-01   1.2409114e-01   1.3357032e-01   8.3892203e-01
   1.3978045e-01   5.9731874e-02   6.4636860e-02   3.6329729e-01   8.2180476e-01
   2.8233111e-01   1.2171606e-01   1.3164750e-01   7.6469705e-01   4.3214877e-01
   2.5864126e-01   1.2006260e-01   1.2978305e-01   7.6346280e-01   3.6502272e-01
   2.6870976e-01   1.1943638e-01   1.2919916e-01   8.6330650e-01   2.8593343e-01
   2.6919286e-01   1.1384147e-01   1.2322820e-01   8.3057914e-01   2.8708826e-01
   1.2143371e-01   5.1822602e-02   3.0147996e-01   1.2034552e-01   8.2208578e-01
   1.4957958e-01   6.5054837e-02   3.6186057e-01   1.6501390e-01   8.3600282e-01
   1.3127371e-01   5.5029783e-02   3.3590616e-01   1.5909722e-01   8.1595763e-01
   1.4174129e-01   6.0466935e-02   3.5222867e-01   7.5911873e-01   3.8563554e-01
   1.4555171e-01   6.2593492e-02   3.5731976e-01   8.1238734e-01   2.9835277e-01
   1.2592188e-01   5.2788363e-02   3.2155307e-01   8.1896511e-01   2.8367493e-01
   1.3262682e-01   5.5651088e-02   3.4510507e-01   1.4114515e-01   8.2007096e-01
   2.7858769e-01   1.2067757e-01   7.2394918e-01   3.0521752e-01   4.4442552e-01
   2.7325449e-01   1.2660451e-01   7.0673286e-01   3.8591303e-01   4.0450474e-01
   2.7753153e-01   1.1896953e-01   7.2252317e-01   3.9721594e-01   3.2415550e-01
   1.2993211e-01   5.4262947e-02   3.3919541e-01   7.8636359e-01   3.0046299e-01
   2.7103239e-01   1.1528716e-01   7.3637819e-01   2.7215604e-01   3.9884019e-01
   2.6365146e-01   1.2179433e-01   7.7922371e-01   2.6851997e-01   3.8630065e-01
   2.7118306e-01   1.2398793e-01   7.9447851e-01   3.7787168e-01   2.8712882e-01
   2.7337598e-01   1.1565298e-01   7.3863351e-01   3.6712300e-01   2.9547551e-01
   2.6901493e-01   1.1443497e-01   7.6559404e-01   2.6599699e-01   3.5585492e-01
   2.7322781e-01   1.1858180e-01   8.1843967e-01   2.9419269e-01   3.0739733e-01
   2.7226013e-01   1.1561142e-01   7.7006774e-01   3.3720211e-01   2.8603778e-01
   2.6809909e-01   1.1283118e-01   7.5956905e-01   2.8146384e-01   3.2147505e-01
   2.6933497e-01   1.1315081e-01   7.6210588e-01   3.0387288e-01   2.9959433e-01
   2.6671119e-01   1.1143750e-01   7.4141662e-01   2.9275203e-01   3.1211986e-01
   1.0746374e-01   2.5532973e-01   1.0393558e-01   1.1102677e-01   8.4529169e-01
   1.2498656e-01   2.9345056e-01   1.1103190e-01   1.4346082e-01   8.2951008e-01
   1.2821845e-01   3.0623570e-01   1.2863960e-01   1.6029265e-01   8.1935816e-01
   1.2476767e-01   2.9830880e-01   1.2601744e-01   7.5546471e-01   4.1443406e-01
   1.3028734e-01   3.0618749e-01   1.1693501e-01   7.6205547e-01   3.5965965e-01
   1.2672826e-01   3.0013325e-01   1.2055470e-01   8.3498288e-01   2.8593101e-01
   1.1765618e-01   2.8217061e-01   1.2189069e-01   8.2490772e-01   2.8494128e-01
   1.2474237e-01   2.9298069e-01   1.3353383e-01   1.1903823e-01   8.3182314e-01
   2.5906381e-01   5.2915324e-01   2.6155557e-01   2.6319204e-01   1.0679036e+00
   2.7146316e-01   6.4331507e-01   2.9176554e-01   3.5148736e-01   4.2126168e-01
   1.6008793e-01   3.7446286e-01   1.7119595e-01   7.9585041e-01   4.2305826e-01
   2.0311290e-01   4.5566621e-01   2.1358718e-01   9.8344258e-01   3.0036367e-01
   1.2867177e-01   3.0765207e-01   1.3873266e-01   8.3485453e-01   2.7930770e-01
   1.2640877e-01   3.0204847e-01   1.4498913e-01   1.3657914e-01   8.1693416e-01
   2.7121180e-01   6.4328497e-01   3.2232545e-01   3.1174399e-01   4.1338980e-01
   2.7466343e-01   6.4241651e-01   3.4937523e-01   3.7577355e-01   4.0094666e-01
   1.3150452e-01   3.1470633e-01   1.4955587e-01   7.6551641e-01   3.2728320e-01
   1.2596765e-01   3.0237966e-01   1.4116453e-01   7.8530820e-01   2.9906806e-01
   1.2305701e-01   2.9511828e-01   7.1255021e-01   2.8172317e-01   3.9484099e-01
   1.6344068e-01   3.8016135e-01   7.6382503e-01   3.0132835e-01   4.3138196e-01
   1.5871999e-01   3.7155541e-01   7.6675319e-01   4.0638639e-01   3.1819604e-01
   1.2227866e-01   2.9337648e-01   7.1560055e-01   3.6166977e-01   3.0473181e-01
   1.3037696e-01   3.1130288e-01   7.5696620e-01   2.6096925e-01   3.7083038e-01
   1.6814005e-01   3.9097677e-01   8.7524509e-01   3.0139103e-01   3.1003310e-01
   1.3041981e-01   3.1167706e-01   7.6241393e-01   3.5050329e-01   2.8202125e-01
   1.2422335e-01   2.9772225e-01   7.6730029e-01   2.7418571e-01   3.2143426e-01
   1.2453179e-01   2.9848632e-01   7.6985195e-01   3.0571837e-01   2.9143179e-01
   1.1738967e-01   2.8184908e-01   7.4634549e-01   2.9000318e-01   3.0806069e-01
   1.2198317e-01   2.9887938e-01   1.2251200e-01   1.3108837e-01   8.1732427e-01
   1.3345355e-01   3.2756171e-01   1.3353408e-01   1.5403944e-01   8.2395360e-01
   2.6860429e-01   6.6419553e-01   2.5817872e-01   3.4208303e-01   4.0605132e-01
   1.2827563e-01   3.1323998e-01   1.3190447e-01   7.4985594e-01   3.5794119e-01
   1.3122128e-01   3.2117167e-01   1.3262185e-01   7.7842352e-01   3.1389179e-01
   1.2389965e-01   3.0171538e-01   1.2879728e-01   7.9362195e-01   2.9402040e-01
   1.3272098e-01   3.2522295e-01   1.4259710e-01   1.4220549e-01   8.2331658e-01
   2.7597788e-01   6.9724100e-01   2.9229089e-01   3.0894050e-01   4.6946858e-01
   2.9222338e-01   8.6384364e-01   2.9235132e-01   5.7071603e-01   5.7243274e-01
   2.7473899e-01   6.8725466e-01   2.9247351e-01   4.1156040e-01   3.2503920e-01
   1.3019645e-01   3.1711977e-01   1.4031041e-01   7.8877036e-01   3.0017495e-01
   2.7018100e-01   6.6645686e-01   3.1720667e-01   2.7861453e-01   4.0087775e-01
   2.9217417e-01   8.1183869e-01   4.8680169e-01   3.0283357e-01   5.1165614e-01
   2.9410098e-01   7.9045071e-01   4.5261872e-01   4.7066119e-01   3.1557491e-01
   2.7189652e-01   6.6829828e-01   3.1576221e-01   3.6652732e-01   3.0193264e-01
   2.6990570e-01   6.6308311e-01   3.3671734e-01   2.8187245e-01   3.6006412e-01
   2.7346247e-01   6.7939604e-01   3.6527525e-01   3.0829794e-01   3.2627081e-01
   2.7177108e-01   6.6596097e-01   3.3518733e-01   3.3701132e-01   3.0330921e-01
   1.2792569e-01   3.1162061e-01   7.3307519e-01   2.8348835e-01   3.2757784e-01
   1.2800623e-01   3.1154700e-01   7.3508040e-01   3.0909259e-01   3.0247062e-01
   1.2184499e-01   2.9560308e-01   7.3340065e-01   2.9178496e-01   3.1063967e-01
   1.2290495e-01   3.0181427e-01   1.2872489e-01   1.3821970e-01   8.1036593e-01
   2.6745170e-01   6.8601137e-01   2.5794945e-01   3.0372983e-01   3.9713716e-01
   2.6649800e-01   7.0443369e-01   2.4314608e-01   3.4660013e-01   3.6826759e-01
   2.6866036e-01   6.8436746e-01   2.6242412e-01   3.6413388e-01   3.2460288e-01
   1.2235724e-01   2.9907433e-01   1.2913278e-01   7.6461790e-01   3.1211079e-01
   2.6889404e-01   6.8800084e-01   2.8655309e-01   2.7547647e-01   3.9631450e-01
   2.7490044e-01   8.4889140e-01   2.8288547e-01   2.9093070e-01   4.3547925e-01
   2.7901369e-01   8.3533386e-01   2.8857303e-01   4.1440779e-01   3.0657592e-01
   2.7117164e-01   6.8800064e-01   2.8959250e-01   3.6405657e-01   2.9845112e-01
   2.7035390e-01   7.0811287e-01   3.2612927e-01   2.6296646e-01   3.6891064e-01
   2.8073904e-01   8.1634062e-01   3.8709212e-01   3.0213960e-01   3.1191418e-01
   2.7385032e-01   7.1183223e-01   3.2714947e-01   3.4856151e-01   2.8392348e-01
   2.7046239e-01   6.8387044e-01   3.3429158e-01   2.8314699e-01   3.2712485e-01
   2.7141888e-01   6.8570860e-01   3.3450515e-01   3.0887241e-01   3.0204025e-01
   2.6809440e-01   6.6112141e-01   3.1975334e-01   2.9752604e-01   3.1818276e-01
   2.6614670e-01   6.7890704e-01   2.6916734e-01   2.8692835e-01   3.6788440e-01
   2.6657531e-01   7.0540947e-01   2.5803562e-01   3.0073390e-01   3.5344043e-01
   2.6780684e-01   7.0605464e-01   2.6032791e-01   3.3189517e-01   3.2075250e-01
   2.6779914e-01   6.7959911e-01   2.7251942e-01   3.4085578e-01   3.0923804e-01
   2.6801870e-01   7.0743346e-01   2.8473962e-01   2.7487198e-01   3.5416746e-01
   2.7132890e-01   7.4840945e-01   2.8608849e-01   3.0141273e-01   3.1713381e-01
   2.7045856e-01   7.0953180e-01   2.8773073e-01   3.3354684e-01   2.9514699e-01
   2.6981396e-01   7.0710230e-01   3.1142650e-01   2.7921059e-01   3.2350472e-01
   2.7113158e-01   7.0899372e-01   3.1236312e-01   3.0646285e-01   2.9719965e-01
   2.6898077e-01   6.8021402e-01   3.1565833e-01   2.9241957e-01   3.1229631e-01
   2.6607644e-01   6.8498570e-01   2.7128499e-01   2.8919899e-01   3.4282660e-01
   2.6683953e-01   6.9518202e-01   2.6942403e-01   3.0388873e-01   3.2396453e-01
   2.6726671e-01   6.8610368e-01   2.7326760e-01   3.2064228e-01   3.1034270e-01
   2.6760644e-01   6.9600038e-01   2.8557927e-01   2.8750808e-01   3.2500445e-01
   2.6854946e-01   6.9720807e-01   2.8662111e-01   3.0577866e-01   3.0679587e-01
   2.6819451e-01   6.8659633e-01   2.9953373e-01   2.9287309e-01   3.1212173e-01
   2.6599720e-01   6.8019342e-01   2.7587959e-01   2.9471542e-01   3.2728524e-01
   2.6638748e-01   6.8032873e-01   2.7662409e-01   3.0603225e-01   3.1578001e-01
   2.6685242e-01   6.8064703e-01   2.8601308e-01   2.9609119e-01   3.1650343e-01
   2.6588121e-01   6.7237640e-01   2.7908965e-01   2.9906046e-01   3.2111334e-01
   2.3711521e-01   9.2954288e-02   9.9290296e-02   1.0686172e-01   8.7435723e-01
   2.5443594e-01   9.5923324e-02   1.0253830e-01   1.2453787e-01   8.4405367e-01
   1.2828116e-01   5.1432299e-02   5.5377199e-02   3.3067012e-01   8.1263929e-01
   1.3926745e-01   5.6393796e-02   6.1199853e-02   3.7993990e-01   8.2162178e-01
   2.7869892e-01   1.0776592e-01   1.1542601e-01   7.6248756e-01   4.1376543e-01
   2.6381168e-01   9.9096722e-02   1.0594174e-01   7.7860209e-01   3.3149461e-01
   2.7036498e-01   1.0590848e-01   1.1372531e-01   8.3945479e-01   2.9116767e-01
   2.6884169e-01   1.0866017e-01   1.1762957e-01   8.2093599e-01   2.9068043e-01
   2.5495392e-01   9.6757848e-02   1.1589467e-01   1.1039910e-01   8.4477167e-01
   2.9475664e-01   1.0337406e-01   1.3517787e-01   1.4455934e-01   8.2861285e-01
   3.0824904e-01   1.2039989e-01   1.3937534e-01   1.6218303e-01   8.2038518e-01
   3.0010591e-01   1.1786776e-01   1.3553502e-01   7.5605670e-01   4.1651968e-01
   3.0906952e-01   1.0966345e-01   1.4136901e-01   7.6164717e-01   3.6078360e-01
   3.0297964e-01   1.1316063e-01   1.3782067e-01   8.4079307e-01   2.8354108e-01
   2.8325367e-01   1.1353643e-01   1.2768666e-01   8.2728266e-01   2.8391537e-01
   1.2475728e-01   5.0384562e-02   3.0264823e-01   1.2631403e-01   8.1556207e-01
   1.3926805e-01   5.6043458e-02   3.3498891e-01   1.5111043e-01   8.1841967e-01
   2.8540625e-01   1.1471106e-01   6.8450000e-01   3.3626556e-01   3.9335809e-01
   1.3359127e-01   5.4239388e-02   3.2836946e-01   7.4782812e-01   3.6159689e-01
   1.3610747e-01   5.5042879e-02   3.3084355e-01   7.7747620e-01   3.0949038e-01
   1.2559515e-01   5.1346643e-02   3.1547861e-01   7.9649784e-01   2.9185418e-01
   1.3182968e-01   5.3772405e-02   3.3443296e-01   1.4014546e-01   8.1468859e-01
   2.9756335e-01   1.1659800e-01   7.0987516e-01   3.0177795e-01   4.2258004e-01
   3.1002806e-01   1.1465413e-01   6.9428010e-01   3.6022757e-01   3.8014947e-01
   2.9425275e-01   1.1644842e-01   7.1248508e-01   3.8364096e-01   3.2190100e-01
   1.2901843e-01   5.2825033e-02   3.3123683e-01   7.7592290e-01   3.0531345e-01
   2.8554669e-01   1.1429527e-01   7.2870171e-01   2.7156375e-01   3.9246183e-01
   3.0678066e-01   1.1188061e-01   7.4713451e-01   2.7134396e-01   3.6791847e-01
   3.0982283e-01   1.1429775e-01   7.5864403e-01   3.5600395e-01   2.8931778e-01
   2.8621001e-01   1.1506111e-01   7.3286375e-01   3.6311224e-01   2.9473902e-01
   2.8536928e-01   1.1359917e-01   7.5768891e-01   2.6452538e-01   3.5193049e-01
   2.9748812e-01   1.1526771e-01   7.9526695e-01   2.9037539e-01   3.0341265e-01
   2.8759654e-01   1.1493422e-01   7.6331225e-01   3.3410575e-01   2.8431479e-01
   2.7893136e-01   1.1281087e-01   7.5832324e-01   2.7958985e-01   3.1945086e-01
   2.8004573e-01   1.1334788e-01   7.6039072e-01   3.0261718e-01   2.9729492e-01
   2.7335720e-01   1.1193964e-01   7.4242208e-01   2.9146738e-01   3.1033709e-01
   2.5512645e-01   1.0749080e-01   1.0386923e-01   1.1088099e-01   8.4579540e-01
   2.9338813e-01   1.2514452e-01   1.1112376e-01   1.4335496e-01   8.2933206e-01
   3.0630440e-01   1.2839554e-01   1.2871176e-01   1.6033760e-01   8.1939184e-01
   2.9842182e-01   1.2486129e-01   1.2625645e-01   7.5537358e-01   4.1442579e-01
   3.0638131e-01   1.3044961e-01   1.1706065e-01   7.6206227e-01   3.5969183e-01
   3.0009503e-01   1.2654944e-01   1.2052031e-01   8.3461242e-01   2.8599818e-01
   2.8226174e-01   1.1766863e-01   1.2192629e-01   8.2486651e-01   2.8492640e-01
   2.9295825e-01   1.2486114e-01   1.3352577e-01   1.1904539e-01   8.3187319e-01
   5.3794252e-01   2.6491351e-01   2.6693959e-01   2.6830318e-01   1.0808656e+00
   6.4330841e-01   2.7146809e-01   2.9173511e-01   3.5140848e-01   4.2123959e-01
   3.7443402e-01   1.6006411e-01   1.7115961e-01   7.9578507e-01   4.2280061e-01
   4.5338498e-01   2.0173714e-01   2.1218687e-01   9.7953772e-01   3.0012147e-01
   3.0800012e-01   1.2882799e-01   1.3886808e-01   8.3537423e-01   2.7919512e-01
   3.0203728e-01   1.2636982e-01   1.4496234e-01   1.3659652e-01   8.1688520e-01
   6.4358270e-01   2.7128596e-01   3.2247990e-01   3.1188332e-01   4.1416091e-01
   6.4220279e-01   2.7449830e-01   3.4894064e-01   3.7542775e-01   4.0067645e-01
   3.1456623e-01   1.3141500e-01   1.4944382e-01   7.6537839e-01   3.2727438e-01
   3.0244623e-01   1.2604194e-01   1.4120320e-01   7.8536372e-01   2.9906125e-01
   2.9515779e-01   1.2306151e-01   7.1264875e-01   2.8165959e-01   3.9488681e-01
   3.8019620e-01   1.6348128e-01   7.6382162e-01   3.0138460e-01   4.3133435e-01
   3.7116231e-01   1.5845428e-01   7.6622211e-01   4.0593061e-01   3.1816979e-01
   2.9320734e-01   1.2210569e-01   7.1566238e-01   3.6165414e-01   3.0464796e-01
   3.1129051e-01   1.3040820e-01   7.5673024e-01   2.6111761e-01   3.7017028e-01
   3.9125244e-01   1.6839981e-01   8.7528103e-01   3.0141954e-01   3.1023142e-01
   3.1177420e-01   1.3043225e-01   7.6277787e-01   3.5065922e-01   2.8190992e-01
   2.9767867e-01   1.2420425e-01   7.6713420e-01   2.7421259e-01   3.2142789e-01
   2.9860335e-01   1.2456638e-01   7.6994285e-01   3.0571695e-01   2.9141873e-01
   2.8206039e-01   1.1721999e-01   7.4658138e-01   2.8978929e-01   3.0816857e-01
   2.7662918e-01   1.2199669e-01   1.1724240e-01   1.2585617e-01   8.1670462e-01
   3.0093521e-01   1.3335282e-01   1.2711652e-01   1.4594360e-01   8.1521455e-01
   6.3980150e-01   2.8441920e-01   2.6914689e-01   3.3257427e-01   3.8460961e-01
   2.9649611e-01   1.2936458e-01   1.2696873e-01   7.4601218e-01   3.5731191e-01
   2.9745006e-01   1.3079164e-01   1.2643332e-01   7.7089508e-01   3.1254053e-01
   2.8708860e-01   1.2325058e-01   1.2457535e-01   7.9037208e-01   2.9533171e-01
   2.9971816e-01   1.3235676e-01   1.3495736e-01   1.3586151e-01   8.1509340e-01
   3.1461716e-01   1.3746047e-01   1.4156181e-01   1.5245835e-01   8.1712000e-01
   6.4097589e-01   3.1469385e-01   2.9045763e-01   3.6523249e-01   3.9054112e-01
   3.1175773e-01   1.3638050e-01   1.4023573e-01   7.6299641e-01   3.2693566e-01
   3.0085763e-01   1.2959788e-01   1.3525389e-01   7.8338769e-01   2.9966474e-01
   2.9437499e-01   1.2571656e-01   1.3605487e-01   1.3826396e-01   8.0870915e-01
   6.4326493e-01   3.1129360e-01   3.3617196e-01   3.0886783e-01   3.8584544e-01
   6.4671084e-01   3.0945277e-01   3.3390801e-01   3.5873866e-01   3.2873339e-01
   6.4541663e-01   2.8337414e-01   3.0654192e-01   3.4938350e-01   3.1332494e-01
   2.9585098e-01   1.2715713e-01   7.0702495e-01   2.8433082e-01   3.5700915e-01
   3.0926841e-01   1.3553892e-01   7.1292568e-01   3.0602357e-01   3.2544524e-01
   2.9562439e-01   1.2668126e-01   7.1092898e-01   3.3287465e-01   3.0610558e-01
   2.9643708e-01   1.2752238e-01   7.2827708e-01   2.8276276e-01   3.2692572e-01
   2.9675796e-01   1.2737588e-01   7.3025645e-01   3.0783299e-01   3.0227183e-01
   2.8582455e-01   1.2114178e-01   7.3061917e-01   2.9202745e-01   3.1123846e-01
   1.2694791e-01   2.9884554e-01   1.2733063e-01   1.3701127e-01   8.1114837e-01
   2.9281826e-01   6.6364498e-01   2.6180305e-01   3.0769590e-01   3.9834230e-01
   3.0651381e-01   6.7270084e-01   2.4784388e-01   3.5134240e-01   3.7489202e-01
   2.9050372e-01   6.6334395e-01   2.6567462e-01   3.6342108e-01   3.2877970e-01
   1.2561784e-01   2.9793449e-01   1.2906745e-01   7.6974523e-01   3.0786355e-01
   2.9302670e-01   6.6562314e-01   2.8925128e-01   2.8028084e-01   3.9723401e-01
   3.9873368e-01   7.5204962e-01   2.9155786e-01   3.0103426e-01   4.5225689e-01
   3.8285825e-01   7.4664946e-01   2.9550892e-01   4.2306072e-01   3.1649856e-01
   2.9173586e-01   6.6783270e-01   2.9116812e-01   3.6359133e-01   3.0336798e-01
   3.0553223e-01   6.7726456e-01   3.2778343e-01   2.6827094e-01   3.7366449e-01
   3.6695492e-01   7.3627870e-01   3.8814971e-01   3.0849993e-01   3.2043254e-01
   3.0519976e-01   6.8205964e-01   3.2784028e-01   3.5067341e-01   2.8983742e-01
   2.8890479e-01   6.6445658e-01   3.3235625e-01   2.8664063e-01   3.3048042e-01
   2.8954932e-01   6.6656626e-01   3.3229692e-01   3.1090060e-01   3.0622929e-01
   1.2352879e-01   2.9417329e-01   7.1635443e-01   2.9610159e-01   3.1663221e-01
   2.8415383e-01   6.7184897e-01   2.6826539e-01   2.8593451e-01   3.7646119e-01
   3.0303110e-01   7.0302621e-01   2.5002838e-01   3.0160179e-01   3.6620917e-01
   3.0265453e-01   7.0379916e-01   2.5359031e-01   3.4431169e-01   3.2099477e-01
   2.8365846e-01   6.7341446e-01   2.7214757e-01   3.4783909e-01   3.0832483e-01
   3.0401627e-01   7.0623364e-01   2.8701538e-01   2.6628363e-01   3.6743216e-01
   3.5789465e-01   7.9928349e-01   2.9281168e-01   3.0408773e-01   3.1569357e-01
   3.0452537e-01   7.0963742e-01   2.9086903e-01   3.4653292e-01   2.8713294e-01
   3.0265111e-01   7.0580506e-01   3.2321042e-01   2.7278665e-01   3.2475239e-01
   3.0353690e-01   7.0894036e-01   3.2439849e-01   3.0918731e-01   2.9006468e-01
   2.8342812e-01   6.7324084e-01   3.2049472e-01   2.9263873e-01   3.1161424e-01
   2.8378578e-01   6.8788186e-01   2.6784329e-01   2.8462703e-01   3.4871977e-01
   2.9043644e-01   7.0475695e-01   2.6367565e-01   3.0411931e-01   3.2297032e-01
   2.8457002e-01   6.8947737e-01   2.7066520e-01   3.2656747e-01   3.0549184e-01
   2.9098329e-01   7.0608170e-01   2.8742605e-01   2.8071929e-01   3.2444948e-01
   2.9174269e-01   7.0769897e-01   2.8888454e-01   3.0700703e-01   2.9893236e-01
   2.8470213e-01   6.9009080e-01   3.0538498e-01   2.8987233e-01   3.0812141e-01
   2.7836032e-01   6.8528552e-01   2.7356024e-01   2.9168097e-01   3.2684360e-01
   2.7883667e-01   6.8597188e-01   2.7448428e-01   3.0647471e-01   3.1196084e-01
   2.7910611e-01   6.8637958e-01   2.8711617e-01   2.9347457e-01   3.1286296e-01
   2.7367274e-01   6.7573941e-01   2.7807733e-01   2.9768547e-01   3.1885850e-01
   2.7429081e-01   1.0609184e-01   1.1379126e-01   1.2200110e-01   8.2107317e-01
   3.0110008e-01   1.1465935e-01   1.2264818e-01   1.4183903e-01   8.1674322e-01
   3.0413631e-01   1.2005649e-01   1.2910580e-01   1.5158781e-01   8.1287888e-01
   2.9328286e-01   1.1661485e-01   1.2560975e-01   7.4362120e-01   3.7771842e-01
   3.0267272e-01   1.1670345e-01   1.2497841e-01   7.5188175e-01   3.4484662e-01
   2.9885925e-01   1.1605336e-01   1.2450592e-01   7.8372179e-01   3.0281175e-01
   2.8677238e-01   1.1456806e-01   1.2355461e-01   7.9746183e-01   2.9259246e-01
   2.9984542e-01   1.1457145e-01   1.3148116e-01   1.3107783e-01   8.1714111e-01
   3.2990056e-01   1.2530587e-01   1.4459435e-01   1.5496092e-01   8.2481253e-01
   6.6245540e-01   2.4088079e-01   2.8661046e-01   3.4277065e-01   4.0870143e-01
   3.1524893e-01   1.2299231e-01   1.3911218e-01   7.5069013e-01   3.5896306e-01
   3.2388911e-01   1.2448637e-01   1.4229599e-01   7.8039766e-01   3.1328676e-01
   3.0291039e-01   1.2001244e-01   1.3412919e-01   7.9506624e-01   2.9331770e-01
   3.0143218e-01   1.1976858e-01   1.3864293e-01   1.3785707e-01   8.1173352e-01
   6.6247697e-01   2.4292451e-01   3.1709013e-01   3.0671357e-01   4.0413130e-01
   6.6911725e-01   2.2827356e-01   3.3123237e-01   3.5486600e-01   3.7758390e-01
   6.6172738e-01   2.4724242e-01   3.1438152e-01   3.6766785e-01   3.2713919e-01
   2.9996517e-01   1.2057837e-01   1.3689807e-01   7.7111206e-01   3.0728324e-01
   2.9186371e-01   1.1728386e-01   6.9975105e-01   2.8820154e-01   3.7176845e-01
   3.1241489e-01   1.2186815e-01   7.0061029e-01   3.0069449e-01   3.5821407e-01
   3.1159991e-01   1.2184605e-01   7.0379585e-01   3.3519371e-01   3.2148921e-01
   2.9078024e-01   1.1725231e-01   7.0320616e-01   3.4179269e-01   3.1098227e-01
   3.0195203e-01   1.1959230e-01   7.2113201e-01   2.7719988e-01   3.5090188e-01
   3.1649802e-01   1.2277381e-01   7.3190131e-01   2.9877522e-01   3.1631877e-01
   3.0226170e-01   1.1993904e-01   7.2598823e-01   3.3008714e-01   2.9780991e-01
   2.9697697e-01   1.1865175e-01   7.3772375e-01   2.8215978e-01   3.2092640e-01
   2.9728825e-01   1.1880804e-01   7.3893195e-01   3.0394696e-01   3.0041633e-01
   2.8550231e-01   1.1568283e-01   7.3465150e-01   2.9146576e-01   3.1018382e-01
   2.9927842e-01   1.2215323e-01   1.2264924e-01   1.3113626e-01   8.1751930e-01
   3.2724094e-01   1.3337257e-01   1.3349767e-01   1.5394067e-01   8.2371437e-01
   6.6420110e-01   2.6864678e-01   2.5826880e-01   3.4223039e-01   4.0636248e-01
   3.1357466e-01   1.2827832e-01   1.3159571e-01   7.5021495e-01   3.5793843e-01
   3.2121460e-01   1.3121383e-01   1.3257961e-01   7.7858748e-01   3.1380660e-01
   3.0156083e-01   1.2392320e-01   1.2878867e-01   7.9338711e-01   2.9408845e-01
   3.2501267e-01   1.3261452e-01   1.4249124e-01   1.4215081e-01   8.2317371e-01
   6.9720889e-01   2.7590186e-01   2.9228796e-01   3.0888016e-01   4.6934135e-01
   8.6527732e-01   2.9149639e-01   2.9211603e-01   5.7095515e-01   5.7186700e-01
   6.8673427e-01   2.7473317e-01   2.9234408e-01   4.1125579e-01   3.2527296e-01
   3.1722040e-01   1.3021735e-01   1.4035716e-01   7.8892308e-01   3.0011899e-01
   6.6610042e-01   2.7014012e-01   3.1695502e-01   2.7862566e-01   4.0020415e-01
   8.1065624e-01   2.9191201e-01   4.8597161e-01   3.0286151e-01   5.1083803e-01
   7.8587236e-01   2.9181708e-01   4.4786532e-01   4.6660739e-01   3.1502145e-01
   6.6832314e-01   2.7183149e-01   3.1517018e-01   3.6641398e-01   3.0189741e-01
   6.6307628e-01   2.6962164e-01   3.3666426e-01   2.8200858e-01   3.5978142e-01
   6.7928951e-01   2.7346352e-01   3.6507943e-01   3.0820314e-01   3.2622670e-01
   6.6671847e-01   2.7131232e-01   3.3558237e-01   3.3663260e-01   3.0317879e-01
   3.1151565e-01   1.2795619e-01   7.3276869e-01   2.8368815e-01   3.2745113e-01
   3.1156974e-01   1.2808223e-01   7.3491520e-01   3.0892545e-01   3.0265956e-01
   2.9530427e-01   1.2172663e-01   7.3346145e-01   2.9174968e-01   3.1058950e-01
   2.9949322e-01   1.2723476e-01   1.2773119e-01   1.3710877e-01   8.1134928e-01
   6.6405326e-01   2.9301086e-01   2.6184048e-01   3.0736976e-01   3.9865048e-01
   6.7279310e-01   3.0656434e-01   2.4780619e-01   3.5138228e-01   3.7500455e-01
   6.6353657e-01   2.9048392e-01   2.6561163e-01   3.6363995e-01   3.2880112e-01
   2.9794866e-01   1.2585190e-01   1.2910527e-01   7.6971056e-01   3.0798455e-01
   6.6563215e-01   2.9296196e-01   2.8906032e-01   2.8024347e-01   3.9687915e-01
   7.5226815e-01   3.9875932e-01   2.9144859e-01   3.0100614e-01   4.5232469e-01
   7.4707906e-01   3.8351052e-01   2.9585651e-01   4.2361508e-01   3.1668033e-01
   6.6757645e-01   2.9139419e-01   2.9112139e-01   3.6333168e-01   3.0344372e-01
   6.7702136e-01   3.0537534e-01   3.2768065e-01   2.6835566e-01   3.7363212e-01
   7.3826795e-01   3.6821341e-01   3.9005535e-01   3.0896074e-01   3.2051359e-01
   6.8224523e-01   3.0515624e-01   3.2792129e-01   3.5060366e-01   2.8973989e-01
   6.6429225e-01   2.8885884e-01   3.3221326e-01   2.8661452e-01   3.3060908e-01
   6.6648006e-01   2.8981067e-01   3.3239711e-01   3.1081016e-01   3.0638909e-01
   2.9413498e-01   1.2342547e-01   7.1623140e-01   2.9616764e-01   3.1661790e-01
   6.5147969e-01   2.8977567e-01   2.7408009e-01   2.9355064e-01   3.6600198e-01
   6.5987068e-01   3.0691496e-01   2.6555243e-01   3.0693635e-01   3.5696227e-01
   6.6082458e-01   3.0590961e-01   2.6731197e-01   3.3223218e-01   3.2878535e-01
   6.5300993e-01   2.8865455e-01   2.7637471e-01   3.3752740e-01   3.1693018e-01
   6.6152448e-01   3.0660679e-01   2.8810607e-01   2.8430908e-01   3.5724620e-01
   6.7368956e-01   3.2671817e-01   2.8923147e-01   3.0750133e-01   3.2651415e-01
   6.6447240e-01   3.0561984e-01   2.8988358e-01   3.3340674e-01   3.0592551e-01
   6.6312764e-01   3.0460380e-01   3.0908356e-01   2.8731080e-01   3.3022387e-01
   6.6488802e-01   3.0469650e-01   3.0987811e-01   3.1040580e-01   3.0732278e-01
   6.5427709e-01   2.8768161e-01   3.1123648e-01   2.9781369e-01   3.1847780e-01
   2.9636766e-01   6.6961194e-01   2.7079028e-01   2.8860488e-01   3.4962379e-01
   3.0664801e-01   6.8003621e-01   2.6725268e-01   3.0673293e-01   3.2677587e-01
   2.9639599e-01   6.7172157e-01   2.7295056e-01   3.2616588e-01   3.1028137e-01
   3.0702327e-01   6.8221424e-01   2.8859480e-01   2.8553503e-01   3.2739474e-01
   3.0663242e-01   6.8306650e-01   2.8972056e-01   3.0898694e-01   3.0456829e-01
   2.9562969e-01   6.7237879e-01   3.0415355e-01   2.9302647e-01   3.1229323e-01
   2.9147446e-01   6.7726523e-01   2.7375927e-01   2.9207516e-01   3.2832376e-01
   2.9153326e-01   6.7851878e-01   2.7477888e-01   3.0739472e-01   3.1255852e-01
   2.9140958e-01   6.7899407e-01   2.8795756e-01   2.9403714e-01   3.1328926e-01
   2.8286218e-01   6.7324400e-01   2.7795134e-01   2.9743628e-01   3.1844389e-01
   2.9321597e-01   1.1561233e-01   1.2449873e-01   1.3423722e-01   8.1008163e-01
   3.0269747e-01   1.1982045e-01   1.2899408e-01   1.4317652e-01   8.1017940e-01
   6.6943984e-01   2.4717047e-01   2.6337906e-01   3.2813797e-01   3.8011262e-01
   6.6852688e-01   2.4841483e-01   2.6492277e-01   3.5044540e-01   3.5130746e-01
   2.9948626e-01   1.1904974e-01   1.2823997e-01   7.5732698e-01   3.2197049e-01
   2.9384898e-01   1.1770484e-01   1.2641254e-01   7.7114275e-01   3.0613999e-01
   3.0178532e-01   1.1965930e-01   1.3248661e-01   1.3835877e-01   8.1009385e-01
   6.8485158e-01   2.4143686e-01   2.8359136e-01   3.0254085e-01   3.9794804e-01
   7.0075377e-01   2.2797978e-01   2.7983976e-01   3.4560833e-01   3.6691683e-01
   6.8230401e-01   2.4531811e-01   2.8599912e-01   3.6396943e-01   3.2332139e-01
   2.9923076e-01   1.2005974e-01   1.3207634e-01   7.6536516e-01   3.1124622e-01
   6.7112836e-01   2.4974919e-01   3.0531200e-01   2.8363138e-01   3.7853858e-01
   7.0112165e-01   2.3186280e-01   3.2402499e-01   2.9790201e-01   3.6629337e-01
   7.0266207e-01   2.3547913e-01   3.2408108e-01   3.4542769e-01   3.1705606e-01
   6.7277807e-01   2.5335975e-01   3.0574025e-01   3.4943650e-01   3.0617129e-01
   6.6974707e-01   2.5172311e-01   3.2286750e-01   2.8599385e-01   3.5038807e-01
   6.8105904e-01   2.4842898e-01   3.3458885e-01   3.0540579e-01   3.2474655e-01
   6.7169091e-01   2.5402001e-01   3.2208888e-01   3.2800951e-01   3.0718717e-01
   2.9655868e-01   1.1912353e-01   7.1000115e-01   2.9227775e-01   3.2799509e-01
   2.9657229e-01   1.1923634e-01   7.1140867e-01   3.0695136e-01   3.1306406e-01
   2.9119436e-01   1.1716626e-01   7.1724644e-01   2.9545121e-01   3.1598048e-01
   3.0099785e-01   1.2290445e-01   1.2840786e-01   1.3811355e-01   8.1003237e-01
   6.8592805e-01   2.6745453e-01   2.5800468e-01   3.0351011e-01   3.9677119e-01
   7.0450571e-01   2.6653276e-01   2.4312665e-01   3.4653820e-01   3.6826986e-01
   6.8399883e-01   2.6890642e-01   2.6247706e-01   3.6396351e-01   3.2444944e-01
   2.9901001e-01   1.2240521e-01   1.2929009e-01   7.6553043e-01   3.1115283e-01
   6.8793059e-01   2.6876839e-01   2.8656586e-01   2.7553664e-01   3.9629372e-01
   8.5058443e-01   2.7495184e-01   2.8314783e-01   2.9116031e-01   4.3621523e-01
   8.3513726e-01   2.7897217e-01   2.8863123e-01   4.1424788e-01   3.0649487e-01
   6.8863247e-01   2.7124249e-01   2.8942297e-01   3.6483825e-01   2.9852474e-01
   7.0772214e-01   2.7018117e-01   3.2592663e-01   2.6309248e-01   3.6877011e-01
   8.1719738e-01   2.8093227e-01   3.8710126e-01   3.0192851e-01   3.1209672e-01
   7.1179698e-01   2.7374100e-01   3.2711868e-01   3.4852846e-01   2.8397118e-01
   6.8379672e-01   2.7031563e-01   3.3418721e-01   2.8311838e-01   3.2725062e-01
   6.8565720e-01   2.7144263e-01   3.3440097e-01   3.0888005e-01   3.0200879e-01
   6.6004592e-01   2.6792595e-01   3.1832307e-01   2.9722977e-01   3.1879569e-01
   6.7199013e-01   2.8398660e-01   2.6832310e-01   2.8582689e-01   3.7649014e-01
   7.0328238e-01   3.0325339e-01   2.5002407e-01   3.0154130e-01   3.6641558e-01
   7.0394431e-01   3.0271142e-01   2.5356162e-01   3.4434479e-01   3.2100960e-01
   6.7358961e-01   2.8396415e-01   2.7193429e-01   3.4775708e-01   3.0839852e-01
   7.0633853e-01   3.0402211e-01   2.8700148e-01   2.6626926e-01   3.6747408e-01
   7.9842541e-01   3.5744871e-01   2.9258909e-01   3.0410243e-01   3.1559864e-01
   7.0957631e-01   3.0438749e-01   2.9085200e-01   3.4651902e-01   2.8713994e-01
   7.0576351e-01   3.0260466e-01   3.2327245e-01   2.7281568e-01   3.2471124e-01
   7.0846230e-01   3.0312814e-01   3.2429513e-01   3.0920066e-01   2.9011955e-01
   6.7348471e-01   2.8355263e-01   3.2037276e-01   2.9259018e-01   3.1149987e-01
   6.6955506e-01   2.9660376e-01   2.7079762e-01   2.8866804e-01   3.4974555e-01
   6.8001832e-01   3.0644812e-01   2.6717277e-01   3.0661672e-01   3.2687226e-01
   6.7130586e-01   2.9621418e-01   2.7312330e-01   3.2621812e-01   3.1027016e-01
   6.8166527e-01   3.0668649e-01   2.8857513e-01   2.8540184e-01   3.2771708e-01
   6.8329704e-01   3.0678867e-01   2.8984058e-01   3.0865220e-01   3.0466798e-01
   6.7239826e-01   2.9575398e-01   3.0408882e-01   2.9304928e-01   3.1230576e-01
   6.5914464e-01   2.9348875e-01   2.7738688e-01   2.9707750e-01   3.3091561e-01
   6.5984976e-01   2.9297782e-01   2.7787939e-01   3.0881957e-01   3.1877421e-01
   6.6017219e-01   2.9306715e-01   2.8784111e-01   2.9839328e-01   3.1951413e-01
   2.8772347e-01   6.6271930e-01   2.7957602e-01   2.9954168e-01   3.2076767e-01
   6.6232693e-01   2.5617838e-01   2.7466833e-01   2.9446878e-01   3.6945156e-01
   6.7746012e-01   2.5046107e-01   2.6704018e-01   3.0319749e-01   3.6848903e-01
   6.8577468e-01   2.4723584e-01   2.6277678e-01   3.2484385e-01   3.4772711e-01
   6.7730928e-01   2.5255058e-01   2.6941870e-01   3.4093352e-01   3.2528947e-01
   6.6264865e-01   2.5821045e-01   2.7697109e-01   3.3801562e-01   3.1760298e-01
   6.7810354e-01   2.5143724e-01   2.8428517e-01   2.8601068e-01   3.6797483e-01
   7.0413385e-01   2.4229472e-01   2.8194838e-01   2.9941282e-01   3.5238335e-01
   7.0459004e-01   2.4442473e-01   2.8351254e-01   3.3122847e-01   3.1920822e-01
   6.7924685e-01   2.5454265e-01   2.8627319e-01   3.4112118e-01   3.0825310e-01
   6.8722322e-01   2.4989486e-01   3.0395947e-01   2.8223257e-01   3.4841668e-01
   7.0445282e-01   2.4619657e-01   3.1028172e-01   3.0224852e-01   3.2058533e-01
   6.8914775e-01   2.5255081e-01   3.0511266e-01   3.2678051e-01   3.0298672e-01
   6.7752201e-01   2.5491612e-01   3.1528618e-01   2.9000902e-01   3.2709691e-01
   6.7855601e-01   2.5586494e-01   3.1551073e-01   3.0702721e-01   3.1009060e-01
   6.6287292e-01   2.5954918e-01   3.1254886e-01   2.9841358e-01   3.1964175e-01
   6.7897378e-01   2.6612855e-01   2.6916238e-01   2.8692588e-01   3.6792431e-01
   7.0541335e-01   2.6646472e-01   2.5813501e-01   3.0081941e-01   3.5305978e-01
   7.0600024e-01   2.6773614e-01   2.6040805e-01   3.3155946e-01   3.2077282e-01
   6.7951859e-01   2.6774689e-01   2.7254840e-01   3.4059989e-01   3.0924620e-01
   7.0736670e-01   2.6796285e-01   2.8471750e-01   2.7491639e-01   3.5413086e-01
   7.4863199e-01   2.7129888e-01   2.8624089e-01   3.0142635e-01   3.1709025e-01
   7.0958213e-01   2.7044691e-01   2.8768048e-01   3.3365871e-01   2.9515721e-01
   7.0710719e-01   2.6978978e-01   3.1143625e-01   2.7916937e-01   3.2358298e-01
   7.0877304e-01   2.7106160e-01   3.1230958e-01   3.0649107e-01   2.9722612e-01
   6.7966844e-01   2.6887195e-01   3.1501390e-01   2.9283643e-01   3.1205692e-01
   6.8783015e-01   2.8373364e-01   2.6788350e-01   2.8459288e-01   3.4874847e-01
   7.0481375e-01   2.9039475e-01   2.6366023e-01   3.0415868e-01   3.2295800e-01
   6.8966607e-01   2.8427797e-01   2.7054887e-01   3.2651980e-01   3.0560292e-01
   7.0636735e-01   2.9101556e-01   2.8739615e-01   2.8076784e-01   3.2438417e-01
   7.0779596e-01   2.9174874e-01   2.8881128e-01   3.0701343e-01   2.9896098e-01
   6.9010486e-01   2.8471098e-01   3.0524122e-01   2.8994394e-01   3.0807555e-01
   6.7718543e-01   2.9151079e-01   2.7375854e-01   2.9201489e-01   3.2845455e-01
   6.7809582e-01   2.9155204e-01   2.7474086e-01   3.0757527e-01   3.1262163e-01
   6.7872653e-01   2.9160909e-01   2.8797332e-01   2.9393787e-01   3.1349569e-01
   6.6346438e-01   2.8797189e-01   2.7929429e-01   2.9925715e-01   3.2086856e-01
   6.7239186e-01   2.5568446e-01   2.7360373e-01   2.9262318e-01   3.5457903e-01
   6.8377819e-01   2.5282976e-01   2.6953277e-01   3.0290990e-01   3.4227480e-01
   6.8418238e-01   2.5378470e-01   2.7065218e-01   3.1943100e-01   3.2444235e-01
   6.7306099e-01   2.5754491e-01   2.7557837e-01   3.2920477e-01   3.1513789e-01
   6.8475846e-01   2.5373648e-01   2.8394344e-01   2.8838150e-01   3.4251294e-01
   6.9477005e-01   2.5238241e-01   2.8417291e-01   3.0319621e-01   3.2316957e-01
   6.8564672e-01   2.5552551e-01   2.8540768e-01   3.2040878e-01   3.0951751e-01
   6.8493166e-01   2.5526677e-01   2.9842442e-01   2.9030970e-01   3.2582434e-01
   6.8582349e-01   2.5618688e-01   2.9877411e-01   3.0571378e-01   3.1040816e-01
   6.7345683e-01   2.5888520e-01   3.0517096e-01   2.9643153e-01   3.1677774e-01
   6.8561305e-01   2.6620121e-01   2.7099762e-01   2.8924606e-01   3.4306410e-01
   6.9547102e-01   2.6692421e-01   2.6936821e-01   3.0382926e-01   3.2403729e-01
   6.8618932e-01   2.6720030e-01   2.7332942e-01   3.2065559e-01   3.1030831e-01
   6.9609927e-01   2.6758982e-01   2.8559881e-01   2.8756937e-01   3.2491708e-01
   6.9705890e-01   2.6843795e-01   2.8653988e-01   3.0568090e-01   3.0695751e-01
   6.8662705e-01   2.6821154e-01   2.9944074e-01   2.9287650e-01   3.1213071e-01
   6.8528441e-01   2.7843644e-01   2.7351918e-01   2.9167911e-01   3.2687566e-01
   6.8575083e-01   2.7870684e-01   2.7463374e-01   3.0641446e-01   3.1192562e-01
   6.8639437e-01   2.7895074e-01   2.8719670e-01   2.9343955e-01   3.1288017e-01
   6.7339100e-01   2.8299848e-01   2.7803530e-01   2.9748517e-01   3.1827082e-01
   6.7431052e-01   2.5719941e-01   2.7534713e-01   2.9474538e-01   3.3916933e-01
   6.7950815e-01   2.5697604e-01   2.7481175e-01   3.0459477e-01   3.2630727e-01
   6.7516101e-01   2.5833187e-01   2.7649260e-01   3.1599740e-01   3.1676603e-01
   6.7970704e-01   2.5749993e-01   2.8475118e-01   2.9451326e-01   3.2663980e-01
   6.8012125e-01   2.5822266e-01   2.8527626e-01   3.0561767e-01   3.1528530e-01
   6.7582280e-01   2.5926559e-01   2.9396041e-01   2.9693088e-01   3.1782682e-01
   6.7998070e-01   2.6603334e-01   2.7588956e-01   2.9482376e-01   3.2714830e-01
   6.8059454e-01   2.6642568e-01   2.7648840e-01   3.0607079e-01   3.1581275e-01
   6.8081637e-01   2.6687536e-01   2.8596046e-01   2.9612765e-01   3.1646274e-01
   6.7583333e-01   2.7362398e-01   2.7817839e-01   2.9769353e-01   3.1875454e-01
   6.7165879e-01   2.5947437e-01   2.7821175e-01   2.9834434e-01   3.2798051e-01
   6.7217422e-01   2.5989158e-01   2.7864987e-01   3.0595892e-01   3.2003265e-01
   6.7253246e-01   2.6016616e-01   2.8538133e-01   2.9908836e-01   3.2026979e-01
   6.7237054e-01   2.6584143e-01   2.7921995e-01   2.9927284e-01   3.2082532e-01
   6.6857143e-01   2.6177732e-01   2.8081321e-01   2.9895829e-01   3.2372479e-01
