0.000000000 0.000000000 2.948299154
0.000000000 0.000000000 2.982642961
0.000000000 0.000000000 3.059969864
0.000000000 0.000000000 3.146233698
0.000000000 0.000000000 3.218696504
0.000000000 0.000000000 3.247543246
0.000000000 0.000000000 3.196395589
0.000000000 0.000000000 2.993914687
0.000000000 0.000000000 2.714965227
0.000000000 0.000000000 2.790171993
0.000000000 0.000000000 3.082342214
0.000000000 0.000000000 3.225906800
0.000000000 0.000000000 3.244643577
0.000000000 0.000000000 3.197842096
0.000000000 0.000000000 3.117785710
0.000000000 0.000000000 3.031974963
0.000000000 0.000000000 2.964298190
0.000000000 0.000000000 2.952419919
0.000000000 0.000000000 3.005756028
0.000000000 0.000000000 3.088803641
0.000000000 0.000000000 3.173282948
0.000000000 0.000000000 3.234660604
0.000000000 0.000000000 3.241973398
0.000000000 0.000000000 3.149690903
0.000000000 0.000000000 2.891036062
0.000000000 0.000000000 2.686978766
0.000000000 0.005885565 2.795361260
0.000011751 0.005580953 2.828274371
0.000048186 0.005345020 2.902394778
0.000111326 0.005107362 2.985105188
0.000202054 0.004831968 3.054601875
0.000317626 0.004484237 3.082272518
0.000448472 0.004035380 3.033212000
0.000568907 0.003432466 2.839077427
0.000669798 0.002806296 2.571858812
0.000866566 0.002583873 2.643875101
0.001175707 0.002537627 2.923843184
0.001479260 0.002337147 3.061517954
0.001757311 0.002045331 3.079490951
0.002015515 0.001731694 3.034599365
0.002257990 0.001429159 2.957826327
0.002495720 0.001156291 2.875558391
0.002746905 0.000921243 2.810693300
0.003054481 0.000729033 2.799310146
0.003446188 0.000571181 2.850426881
0.003898118 0.000433218 2.930038075
0.004380612 0.000310286 3.011045247
0.004856191 0.000203067 3.069914782
0.005264469 0.000114750 3.076929550
0.005503444 0.000049615 2.988420494
0.005407737 0.000011386 2.740492791
0.005358572 0.000000000 2.545065038
0.000000000 0.024128776 2.676453947
0.000048186 0.022886250 2.708709535
0.000197722 0.021932022 2.781381245
0.000457100 0.020970647 2.862526352
0.000830074 0.019850586 2.930748596
0.001305140 0.018425938 2.957921977
0.001842100 0.016575332 2.909747061
0.002333168 0.014077038 2.719298693
0.002740584 0.011482410 2.457657234
0.003547989 0.010579171 2.528110411
0.004825066 0.010414347 2.802418598
0.006077387 0.009601926 2.937539850
0.007220720 0.008404182 2.955190138
0.008278822 0.007113013 2.911109133
0.009269232 0.005866814 2.835757854
0.010238369 0.004743534 2.755064301
0.011262804 0.003777262 2.691478590
0.012522729 0.002988883 2.680323476
0.014134633 0.002342714 2.730424449
0.015998554 0.001778000 2.808495439
0.017990285 0.001274282 2.887986412
0.019952435 0.000834332 2.945785610
0.021631066 0.000471495 2.952674580
0.022597531 0.000203721 2.865780023
0.022159556 0.000046656 2.622701439
0.021920077 0.000000000 2.431456742
0.000000000 0.055728449 2.556688291
0.000111326 0.052874420 2.588271144
0.000457100 0.050703212 2.659461283
0.001057495 0.048515339 2.739006680
0.001921490 0.045950987 2.805927433
0.003021887 0.042662937 2.832593258
0.004263411 0.038362431 2.785322381
0.005390872 0.032525531 2.598641494
0.006316319 0.026463911 2.342710519
0.008182921 0.024399319 2.411562235
0.011156845 0.024080761 2.680078430
0.014069006 0.022228229 2.812591263
0.016718284 0.019458378 2.829912169
0.019160968 0.016462755 2.786658627
0.021439248 0.013569633 2.712759626
0.023663825 0.010963675 2.633675463
0.026016484 0.008725278 2.571398404
0.028923858 0.006903451 2.560476619
0.032661921 0.005413478 2.609538436
0.036994934 0.004111434 2.686034607
0.041629469 0.002948685 2.763976445
0.046192627 0.001931594 2.820682823
0.050081796 0.001091639 2.827443398
0.052280593 0.000471320 2.742197387
0.051154481 0.000107705 2.504077942
0.050506506 0.000000000 2.317118026
0.000000000 0.101121269 2.418239234
0.000202054 0.095965935 2.448708989
0.000830074 0.092074856 2.517417081
0.001921490 0.088153370 2.594232318
0.003493061 0.083533938 2.658890607
0.005494498 0.077571193 2.684663489
0.007749287 0.069728552 2.638978874
0.009785095 0.059037828 2.458715465
0.011441304 0.047936409 2.212004553
0.014830976 0.044222072 2.278325509
0.020263460 0.043736337 2.537322278
0.025577141 0.040410427 2.665330835
0.030397176 0.035379215 2.682071961
0.034827806 0.029923416 2.640270070
0.038948105 0.024651587 2.568881154
0.042964175 0.019905710 2.492526012
0.047213225 0.015834134 2.432429983
0.052484921 0.012526928 2.421893654
0.059290322 0.009826944 2.469230910
0.067194483 0.007467663 2.543073345
0.075655242 0.005358788 2.618354274
0.083981963 0.003511796 2.673151294
0.091057121 0.001984783 2.679685702
0.094997113 0.000856418 2.597314447
0.092783309 0.000195353 2.367499715
0.091466914 0.000000000 2.187362564
0.000000000 0.158946080 2.243997193
0.000317626 0.150857155 2.272488673
0.001305140 0.144771006 2.336745714
0.003021887 0.138636982 2.408600538
0.005494498 0.131396784 2.469096070
0.008643343 0.122026521 2.493212817
0.012188734 0.109674966 2.450465063
0.015382516 0.092809558 2.281846062
0.017971625 0.075296940 2.051226320
0.023301264 0.069478245 2.113203206
0.031862530 0.068771589 2.355363929
0.040232943 0.063565759 2.475122290
0.047817162 0.055654303 2.490787737
0.054780325 0.047066256 2.451673176
0.061248288 0.038766136 2.384884628
0.067548246 0.031295744 2.313465574
0.074214774 0.024889778 2.257266256
0.082498654 0.019690506 2.247414203
0.093209523 0.015448807 2.291679718
0.105659310 0.011742453 2.360743365
0.118989840 0.008428250 2.431168170
0.132106910 0.005524192 2.482440162
0.143239078 0.003122200 2.488554758
0.149401349 0.001346884 2.411483978
0.145816569 0.000307013 2.196558078
0.143660944 0.000000000 2.028201990
0.000000000 0.224462131 2.019723893
0.000448472 0.213002806 2.045020061
0.001842100 0.204332664 2.102055087
0.004263411 0.195595126 2.165808954
0.007749287 0.185318370 2.219464278
0.012188734 0.172080268 2.240849189
0.017192406 0.154698313 2.202941780
0.021718145 0.131035227 2.053327087
0.025410098 0.106462417 1.848455542
0.032932466 0.098195956 1.903541979
0.044966596 0.097055200 2.118576776
0.056741560 0.089648434 2.224808137
0.067432046 0.078484029 2.238698938
0.077268021 0.066387274 2.204013220
0.086423291 0.054700257 2.144769663
0.095351798 0.044177393 2.081393934
0.104797065 0.035146312 2.031505370
0.116501420 0.027806174 2.022757914
0.131592299 0.021810476 2.062056424
0.149109108 0.016571249 2.123350127
0.167854978 0.011889449 2.185826972
0.186306379 0.007790601 2.231297158
0.201999041 0.004402998 2.236718992
0.210778567 0.001900212 2.168366773
0.205980070 0.000433686 1.977595429
0.203153254 0.000000000 1.827985325
0.000000000 0.284939685 1.719167813
0.000568907 0.270203367 1.739479898
0.002333168 0.258803672 1.785225736
0.005390872 0.247320371 1.836277933
0.009785095 0.234003198 1.879177868
0.015382516 0.217170016 1.896259751
0.021718145 0.195421191 1.865973650
0.027544127 0.166185967 1.746147102
0.032417793 0.135823037 1.581257269
0.041945283 0.125069807 1.625690039
0.056928686 0.122873990 1.798464080
0.071638383 0.113184566 1.883447313
0.085105692 0.099054351 1.894542586
0.097605429 0.083860804 1.866830077
0.109338074 0.069203806 1.819439775
0.120837885 0.055985339 1.768662309
0.132989307 0.044601285 1.728629766
0.147878271 0.035295097 1.721604796
0.166852607 0.027654618 1.753151617
0.188751442 0.020976902 1.802287740
0.212134382 0.015025834 1.852290194
0.235180330 0.009834318 1.888630900
0.254954815 0.005557281 1.892961342
0.266501367 0.002402564 1.838324376
0.261788533 0.000551189 1.685307980
0.259342246 0.000000000 1.564727077
0.000000000 0.335823062 1.407020754
0.000669798 0.318121755 1.422154180
0.002740584 0.303995783 1.456179520
0.006316319 0.289777642 1.494060057
0.011441304 0.273610187 1.525818983
0.017971625 0.253722993 1.538446670
0.025410098 0.228641603 1.516050825
0.032417793 0.195590961 1.427118107
0.038492842 0.161276082 1.303838252
0.049682821 0.148141114 1.337166612
0.066825484 0.144235085 1.466011491
0.083746823 0.132315212 1.528976102
0.099438293 0.115736039 1.537177725
0.114193084 0.098112614 1.516684575
0.128213343 0.081150610 1.481576717
0.142056561 0.065816153 1.443868879
0.156661290 0.052540276 1.414072312
0.174263757 0.041592698 1.408837255
0.196305452 0.032536215 1.432331350
0.221523072 0.024618979 1.468850079
0.248358914 0.017591678 1.505921632
0.274863520 0.011493713 1.532808343
0.297913797 0.006493664 1.536009132
0.312220405 0.002814730 1.495576535
0.309085546 0.000650772 1.381758069
0.308231377 0.000000000 1.291417992
0.000000000 0.434351862 1.295123077
0.000866566 0.411577522 1.309436156
0.003547989 0.393556192 1.341632216
0.008182921 0.375412896 1.377500409
0.014830976 0.354671658 1.407591400
0.023301264 0.328966727 1.419560679
0.032932466 0.296328329 1.398334411
0.041945283 0.253074541 1.314131909
0.049682821 0.208159500 1.197648456
0.064170055 0.191338236 1.229110849
0.086528914 0.186762663 1.350939453
0.108564321 0.171525447 1.410583654
0.128924663 0.150055168 1.418357776
0.148000329 0.127159183 1.398934947
0.166064900 0.105108155 1.365677447
0.183865232 0.085186508 1.329981021
0.202652640 0.067964623 1.301791865
0.225399824 0.053797685 1.296840888
0.254024358 0.042102708 1.319063991
0.286854119 0.031879549 1.353626863
0.321823697 0.022795312 1.388737003
0.356340863 0.014900776 1.414216002
0.386245937 0.008419050 1.417250025
0.404499183 0.003646642 1.378936849
0.399571593 0.000841288 1.271239227
0.397730959 0.000000000 1.185929169
0.000000000 0.588674980 1.270586918
0.001175707 0.558404359 1.285999881
0.004825066 0.535214327 1.320729585
0.011156845 0.511849434 1.359515691
0.020263460 0.484585435 1.392130419
0.031862530 0.449834482 1.405122470
0.044966596 0.404612160 1.382089770
0.056928686 0.343476075 1.291060051
0.066825484 0.279983281 1.166070123
0.086528914 0.258006477 1.199718467
0.117753447 0.254157207 1.330784415
0.148361255 0.234402336 1.395377359
0.176279189 0.205171009 1.403816296
0.202090798 0.173632728 1.382740950
0.226228628 0.143187836 1.346719961
0.249834813 0.115750841 1.308152065
0.274791082 0.092158051 1.277766122
0.305522593 0.072921123 1.272435865
0.344890548 0.057163125 1.296376778
0.390442629 0.043391864 1.333688941
0.439130386 0.031104341 1.371686692
0.487087970 0.020368106 1.399319772
0.528075513 0.011510527 1.402613540
0.551562358 0.004972447 1.361071046
0.540560044 0.001138136 1.244904594
0.534454555 0.000000000 1.153558396
0.000000000 0.740302891 1.169636417
0.001479260 0.702577827 1.184402194
0.006077387 0.674126494 1.217699722
0.014069006 0.645452448 1.254928218
0.025577141 0.611658130 1.286266488
0.040232943 0.568007788 1.298758374
0.056741560 0.510564005 1.276615607
0.071638383 0.432226216 1.189251453
0.083746823 0.350879768 1.069703782
0.108564321 0.323710268 1.101838253
0.148361255 0.320220625 1.227346567
0.187283627 0.295897468 1.289387987
0.222580060 0.259060504 1.297502273
0.255015205 0.219104412 1.277241424
0.285169778 0.180493705 1.242641542
0.314556425 0.145736978 1.205636732
0.345649124 0.115922065 1.176513272
0.384240146 0.091709168 1.171407346
0.434078309 0.071945354 1.194347406
0.491974272 0.054675589 1.230133789
0.553951893 0.039237340 1.266619359
0.614944992 0.025714585 1.293178487
0.666754857 0.014533337 1.296345667
0.695563408 0.006270646 1.256422016
0.679233602 0.001430110 1.145048615
0.669495312 0.000000000 1.057764475
0.000000000 0.879400202 1.023532207
0.001757311 0.834638659 1.036517825
0.007220720 0.800949239 1.065803935
0.016718284 0.766994979 1.098552125
0.030397176 0.726925645 1.126122686
0.047817162 0.675081619 1.137113639
0.067432046 0.606757646 1.117631745
0.085105692 0.513480477 1.040782634
0.099438293 0.416623389 0.935669271
0.128924663 0.384419455 0.963918340
0.176279189 0.380478258 1.074289350
0.222580060 0.351663822 1.128869080
0.264536845 0.307893926 1.136008439
0.303062493 0.260385766 1.118182335
0.338852455 0.214471308 1.087743565
0.373715213 0.173145806 1.055193733
0.410605882 0.137706935 1.029579890
0.456439377 0.108941442 1.025089591
0.515691649 0.085472177 1.045264497
0.584558266 0.064964916 1.076741066
0.658294511 0.046628103 1.108837281
0.730851287 0.030561331 1.132204126
0.792435983 0.017272824 1.134990785
0.826546993 0.007451489 1.099866251
0.806771695 0.001698638 1.001910508
0.794893155 0.000000000 0.925174617
0.000000000 1.008768544 0.866715533
0.002015515 0.957273152 0.877575023
0.008278822 0.918317801 0.902060001
0.019160968 0.879059529 0.929429665
0.034827806 0.832880835 0.952464247
0.054780325 0.773387399 0.961644991
0.077268021 0.695262349 0.945371007
0.097605429 0.588896950 0.881141189
0.114193084 0.478442539 0.793192507
0.148000329 0.441298078 0.816840039
0.202090798 0.436189634 0.909152765
0.255015205 0.402909504 0.954758413
0.303062493 0.352733854 0.960721866
0.347266592 0.298365121 0.945830984
0.388409112 0.245837411 0.920397419
0.428531177 0.198542562 0.893190195
0.470975757 0.157953480 0.871773242
0.523576231 0.124965444 0.868018016
0.591401513 0.098020542 0.884888658
0.670133118 0.074475283 0.911201969
0.754390202 0.053434722 0.938023506
0.837323000 0.035013560 0.957544210
0.907851915 0.019788560 0.959871856
0.947298622 0.008540090 0.930527748
0.925699622 0.001949038 0.848630159
0.912967603 0.000000000 0.784405111
0.000000000 1.130434304 0.715490532
0.002257990 1.072436869 0.724258542
0.009269232 1.028177769 0.744019207
0.021439248 0.983581562 0.766094136
0.038948105 0.931414679 0.784661614
0.061248288 0.864701954 0.792059190
0.086423291 0.777642027 0.778945023
0.109338074 0.659685214 0.727137367
0.128213343 0.537184175 0.656062994
0.166064900 0.495161880 0.675189531
0.226228628 0.488288350 0.749741242
0.285169778 0.450552013 0.786510331
0.338852455 0.394389722 0.791315433
0.388409112 0.333714024 0.779315756
0.434684346 0.275126589 0.758810791
0.479900526 0.222342469 0.736862176
0.527712325 0.176981505 0.719574450
0.586704604 0.140032715 0.716542291
0.662429520 0.109792923 0.730162275
0.750137331 0.083366555 0.751394240
0.843919370 0.059776223 0.773022531
0.936273748 0.039151292 0.788755091
1.015083675 0.022125904 0.790630570
1.059907132 0.009555278 0.766979494
1.037823782 0.002185113 0.700882972
1.025307914 0.000000000 0.648952445
0.000000000 1.249824795 0.579055691
0.002495720 1.185347577 0.585976557
0.010238369 1.135678136 0.601566769
0.023663825 1.085639866 0.618970822
0.042964175 1.027455981 0.633600029
0.067548246 0.953644628 0.639426158
0.095351798 0.857981276 0.629096875
0.120837885 0.729068688 0.588248454
0.142056561 0.595184046 0.532091410
0.183865232 0.548237791 0.547217655
0.249834813 0.539239573 0.606079270
0.314556425 0.496981241 0.635056154
0.373715213 0.434966419 0.638840456
0.428531177 0.368186171 0.629388939
0.479900526 0.303745456 0.613229952
0.530201939 0.245647591 0.595921404
0.583365012 0.195646023 0.582279513
0.648645855 0.154816649 0.579885987
0.732027041 0.121328211 0.590635399
0.828366824 0.092060595 0.607382697
0.931280253 0.065964140 0.624430670
1.032684196 0.043182798 0.636824106
1.119544118 0.024402841 0.638301120
1.169851961 0.010546453 0.619668586
1.148014294 0.002417116 0.567520849
1.136314468 0.000000000 0.526465280
0.000000000 1.375947792 0.461458449
0.002746905 1.304648517 0.466860895
0.011262804 1.249312243 0.479025923
0.026016484 1.193574238 0.492598720
0.047213225 1.129068821 0.504001497
0.074214774 1.047762513 0.508541191
0.104797065 0.942970358 0.500492077
0.132989307 0.802383619 0.468634060
0.156661290 0.656374477 0.424762433
0.202652640 0.604256902 0.436588407
0.274791082 0.593104796 0.482545819
0.345649124 0.546105936 0.505136183
0.410605882 0.477903397 0.508084853
0.470975757 0.404653780 0.500719705
0.527712325 0.334007179 0.488122490
0.583365012 0.270278548 0.474621600
0.642161297 0.215364826 0.463975135
0.714081534 0.170434620 0.462106648
0.805573072 0.133517936 0.470496867
0.911073447 0.101252200 0.483562434
1.023685206 0.072509338 0.496855049
1.134696879 0.047448568 0.506513788
1.230079176 0.026812187 0.507664633
1.286129214 0.011594716 0.493142717
1.264380981 0.002662123 0.452451391
1.253409241 0.000000000 0.420362086
0.000000000 1.530080776 0.365194622
0.003054481 1.450732198 0.369454186
0.012522729 1.389067794 0.379045051
0.028923858 1.326957601 0.389744734
0.052484921 1.255137488 0.398732909
0.082498654 1.164714153 0.402311087
0.116501420 1.048286857 0.395966710
0.147878271 0.892215360 0.370852200
0.174263757 0.730124731 0.336256619
0.225399824 0.672083026 0.345583401
0.305522593 0.659435212 0.381819955
0.384240146 0.607077553 0.399627277
0.456439377 0.531248914 0.401951407
0.523576231 0.449847148 0.396146133
0.586704604 0.371345409 0.386216163
0.648645855 0.300523782 0.375572804
0.714081534 0.239485073 0.367178928
0.794068472 0.189525638 0.365705705
0.895748761 0.148463907 0.372320869
1.012956300 0.112574957 0.382621389
1.138047085 0.080609781 0.393099851
1.261370784 0.052745573 0.400713106
1.367389787 0.029805163 0.401620194
1.429849875 0.012890387 0.390173555
1.406118718 0.002960548 0.358092587
1.394295987 0.000000000 0.332785957
0.000000000 1.725967356 0.286066661
0.003446188 1.636774143 0.289458796
0.014134633 1.567866261 0.297098910
0.032661921 1.498451009 0.305626082
0.059290322 1.417883522 0.312792254
0.093209523 1.315929951 0.315645843
0.131592299 1.184075501 0.310586507
0.166852607 1.006695963 0.290572256
0.196305452 0.822474322 0.263039388
0.254024358 0.757433860 0.270457680
0.344890548 0.744406392 0.299310007
0.434078309 0.685819013 0.313505471
0.515691649 0.600212520 0.315358981
0.591401513 0.508121392 0.310729570
0.662429520 0.419274299 0.302813534
0.732027041 0.339155077 0.294332533
0.805573072 0.270169044 0.287646797
0.895748761 0.213794353 0.286473631
1.010748801 0.167524335 0.291742065
1.143519907 0.127085150 0.299948654
1.285308252 0.091040536 0.308300762
1.425041795 0.059589652 0.314371405
1.544875216 0.033673835 0.315094825
1.614670243 0.014556580 0.305967914
1.585620160 0.003338484 0.280412361
1.570383597 0.000000000 0.260279773
0.000000000 1.951739182 0.216906646
0.003898118 1.851419119 0.219542775
0.015998554 1.774619312 0.225482923
0.036994934 1.697239319 0.232117219
0.067194483 1.606905607 0.237696184
0.105659310 1.491695770 0.239918628
0.149109108 1.341692811 0.235978638
0.188751442 1.138821372 0.220408245
0.221523072 0.928130300 0.199032408
0.286854119 0.855323579 0.204786563
0.390442629 0.842725296 0.227202750
0.491974272 0.777291338 0.238251608
0.584558266 0.680366243 0.239695190
0.670133118 0.575766152 0.236090028
0.750137331 0.474787572 0.229928492
0.828366824 0.383790213 0.223331637
0.911073447 0.305551229 0.218134521
1.012956300 0.241769061 0.217222874
1.143519907 0.189530190 0.221317602
1.294620830 0.143877760 0.227699558
1.456134687 0.103140459 0.234199120
1.615219597 0.067542141 0.238926003
1.751144968 0.038169922 0.239489443
1.828927122 0.016488150 0.232383267
1.792147070 0.003773322 0.212514248
1.771654045 0.000000000 0.196892874
0.000000000 2.192684589 0.155311522
0.004380612 2.080581095 0.157244508
0.017990285 1.995549531 0.161602248
0.041629469 1.909860752 0.166472466
0.075655242 1.809238306 0.170570551
0.118989840 1.679895890 0.172203714
0.167854978 1.510369291 0.169308662
0.212134382 1.279901046 0.157879250
0.248358914 1.040566256 0.142220113
0.321823697 0.959593668 0.146431604
0.439130386 0.947812193 0.162864443
0.553951893 0.875212452 0.170978670
0.658294511 0.766187717 0.172039504
0.754390202 0.648158301 0.169390494
0.843919370 0.534145432 0.164865355
0.931280253 0.431470981 0.160023727
1.023685206 0.343318395 0.156211813
1.138047085 0.271625316 0.155543372
1.285308252 0.213030587 0.158546244
1.456134687 0.161827612 0.163229097
1.638901859 0.116086164 0.168001475
1.818823703 0.076056066 0.171474238
1.971994074 0.042983797 0.171888299
2.058102133 0.018554209 0.166667841
2.012405317 0.004237070 0.152091973
1.985762959 0.000000000 0.140654917
0.000000000 2.430233224 0.101622811
0.004856191 2.306458021 0.102908709
0.019952435 2.213198519 0.105808607
0.046192627 2.119207530 0.109051071
0.083981963 2.008365600 0.111780691
0.132106910 1.865082398 0.112868800
0.186306379 1.676396119 0.110940065
0.235180330 1.418947495 0.103331022
0.274863520 1.151614409 0.092921050
0.356340863 1.062514784 0.095719003
0.487087970 1.051323096 0.106648789
0.614944992 0.971578075 0.112052588
0.730851287 0.850636409 0.112759386
0.837323000 0.719412648 0.110994576
0.936273748 0.592599677 0.107980922
1.032684196 0.478452391 0.104758014
1.134696879 0.380548931 0.102221687
1.261370784 0.301059809 0.101777033
1.425041795 0.236190416 0.103774823
1.615219597 0.179507523 0.106891543
1.818823703 0.128830329 0.110069372
2.019182975 0.084434304 0.112382759
2.189313992 0.047720746 0.112658639
2.283742626 0.020588404 0.109181180
2.229648086 0.004694469 0.099481631
2.197278092 0.000000000 0.091881542
0.000000000 2.634488161 0.057424262
0.005264469 2.500370446 0.058152294
0.021631066 2.399398535 0.059794183
0.050081796 2.297633337 0.061630131
0.091057121 2.177562673 0.063175778
0.143239078 2.022246096 0.063791940
0.201999041 1.817599647 0.062699766
0.254954815 1.538255757 0.058391397
0.297913797 1.248189722 0.052498095
0.386245937 1.151683852 0.054081955
0.528075513 1.139789971 0.060269901
0.666754857 1.053434712 0.063329744
0.792435983 0.922314719 0.063729982
0.907851915 0.780009806 0.062730633
1.015083675 0.642481174 0.061024179
1.119544118 0.518695417 0.059199339
1.230079176 0.412537766 0.057763323
1.367389787 0.326364074 0.057511576
1.544875216 0.256051943 0.058642669
1.751144968 0.194613597 0.060407351
1.971994074 0.139679643 0.062206735
2.189313992 0.091548515 0.063516709
2.373790995 0.051741814 0.063672931
2.476027077 0.022321887 0.061703803
2.416945342 0.005088819 0.056212037
2.381492065 0.000000000 0.051909675
0.000000000 2.754929958 0.024836254
0.005503444 2.613872090 0.025143352
0.022597531 2.506602546 0.025835589
0.052280593 2.398508921 0.026609092
0.094997113 2.271784629 0.027259849
0.149401349 2.109244893 0.027519159
0.210778567 1.896598354 0.027059478
0.266501367 1.607921237 0.025244190
0.312220405 1.308131092 0.022755719
0.404499183 1.206110235 0.023425154
0.551562358 1.190483611 0.026036069
0.695563408 1.098950582 0.027324651
0.826546993 0.962016457 0.027493087
0.947298622 0.813901697 0.027072472
1.059907132 0.670851474 0.026353862
1.169851961 0.542003518 0.025584852
1.286129214 0.431335546 0.024979288
1.429849875 0.341271842 0.024873090
1.614670243 0.267619966 0.025350149
1.828927122 0.203257921 0.026093987
2.058102133 0.145778821 0.026851904
2.283742626 0.095497149 0.027403337
2.476027077 0.053970266 0.027469080
2.584659067 0.023301227 0.026640119
2.528765995 0.005324255 0.024324700
2.496548421 0.000000000 0.022506891
0.000000000 2.709506406 0.005704799
0.005407737 2.568415825 0.005770040
0.022159556 2.458020653 0.005916884
0.051154481 2.346845587 0.006080620
0.092783309 2.218843178 0.006218098
0.145816569 2.058635055 0.006272811
0.205980070 1.853421184 0.006175794
0.261788533 1.579486617 0.005791450
0.309085546 1.294996762 0.005261174
0.399571593 1.191417455 0.005404233
0.540560044 1.166736387 0.005959357
0.679233602 1.073150418 0.006231774
0.806771695 0.939000027 0.006267311
0.925699622 0.795344230 0.006178538
1.037823782 0.656874166 0.006026633
1.148014294 0.531885920 0.005863730
1.264380981 0.424041733 0.005735193
1.406118718 0.335607768 0.005712628
1.585620160 0.262805124 0.005813939
1.792147070 0.199170368 0.005971623
2.012405317 0.142542039 0.006131945
2.229648086 0.093235128 0.006248378
2.416945342 0.052682454 0.006262247
2.528765995 0.022797339 0.006087181
2.490940385 0.005244614 0.005595989
2.473512129 0.000000000 0.005207919
0.000000000 2.686978766 0.000000000
0.005358572 2.545065038 0.000000000
0.021920077 2.431456742 0.000000000
0.050506506 2.317118026 0.000000000
0.091466914 2.187362564 0.000000000
0.143660944 2.028201990 0.000000000
0.203153254 1.827985325 0.000000000
0.259342246 1.564727077 0.000000000
0.308231377 1.291417992 0.000000000
0.397730959 1.185929169 0.000000000
0.534454555 1.153558396 0.000000000
0.669495312 1.057764475 0.000000000
0.794893155 0.925174617 0.000000000
0.912967603 0.784405111 0.000000000
1.025307914 0.648952445 0.000000000
1.136314468 0.526465280 0.000000000
1.253409241 0.420362086 0.000000000
1.394295987 0.332785957 0.000000000
1.570383597 0.260279773 0.000000000
1.771654045 0.196892874 0.000000000
1.985762959 0.140654917 0.000000000
2.197278092 0.091881542 0.000000000
2.381492065 0.051909675 0.000000000
2.496548421 0.022506891 0.000000000
2.473512129 0.005207919 0.000000000
2.468407402 0.000000000 0.000000000
