0.000000000 1.368648729
0.000042188 1.357122137
0.000168462 1.344079546
0.000377961 1.329597756
0.000669293 1.313776914
0.001040591 1.296737339
0.001489593 1.278615767
0.002013729 1.259561206
0.002610222 1.239730604
0.003276189 1.219284542
0.004008737 1.198383114
0.004805057 1.177182181
0.005662504 1.155830089
0.006578659 1.134464965
0.007551387 1.113212614
0.008578865 1.092185043
0.009659606 1.071479572
0.010792461 1.051178498
0.011976612 1.031349240
0.013211556 1.012044885
0.014497076 0.993305052
0.015833210 0.975156999
0.017220217 0.957616877
0.018658541 0.940691086
0.020148773 0.924377649
0.021691617 0.908667566
0.023287859 0.893546113
0.024938337 0.878994046
0.026643920 0.864988696
0.028405483 0.851504952
0.030223895 0.838516116
0.032100005 0.825994629
0.034034633 0.813912692
0.036028565 0.802242764
0.038082551 0.790957970
0.040197308 0.780032413
0.042373517 0.769441407
0.044611832 0.759161654
0.046912887 0.749171347
0.049277300 0.739450240
0.051705683 0.729979675
0.054198654 0.720742583
0.056756845 0.711723453
0.059380916 0.702908295
0.062071563 0.694284587
0.064829538 0.685841210
0.067655656 0.677568386
0.070550817 0.669457608
0.073516016 0.661501575
0.076552363 0.653694126
0.079661103 0.646030173
0.082843635 0.638505650
0.086101533 0.631117449
0.089436569 0.623863370
0.092850739 0.616742074
0.096346292 0.609753035
0.099925752 0.602896491
0.103591955 0.596173403
0.107348078 0.589585412
0.111197670 0.583134786
0.115144687 0.576824371
0.119193526 0.570657538
0.123349056 0.564638112
0.127616648 0.558770303
0.132002203 0.553058618
0.136512173 0.547507759
0.141153575 0.542122507
0.145933996 0.536907582
0.150861581 0.531867489
0.155945013 0.527006331
0.161193464 0.522327607
0.166616524 0.517833981
0.172224110 0.513527025
0.178026329 0.509406940
0.184033312 0.505472261
0.190255008 0.501719542
0.196700931 0.498143034
0.203379862 0.494734368
0.210299504 0.491482243
0.217466098 0.488372145
0.224883991 0.485386108
0.232555183 0.482502527
0.240478840 0.479696063
0.248650816 0.476937632
0.257063177 0.474194517
0.265703766 0.471430620
0.274555836 0.468606852
0.283597761 0.465681691
0.292802885 0.462611887
0.302139502 0.459353332
0.311571026 0.455862065
0.321056345 0.452095379
0.330550385 0.448013016
0.340004879 0.443578388
0.349369337 0.438759771
0.358592185 0.433531431
0.367622048 0.427874595
0.376409111 0.421778252
0.384906527 0.415239692
0.393071774 0.408264780
0.400867932 0.400867932
0.408264780 0.393071774
0.415239692 0.384906527
0.421778252 0.376409111
0.427874595 0.367622048
0.433531431 0.358592185
0.438759771 0.349369337
0.443578388 0.340004879
0.448013016 0.330550385
0.452095379 0.321056345
0.455862065 0.311571026
0.459353332 0.302139502
0.462611887 0.292802885
0.465681691 0.283597761
0.468606852 0.274555836
0.471430620 0.265703766
0.474194517 0.257063177
0.476937632 0.248650816
0.479696063 0.240478840
0.482502527 0.232555183
0.485386108 0.224883991
0.488372145 0.217466098
0.491482243 0.210299504
0.494734368 0.203379862
0.498143034 0.196700931
0.501719542 0.190255008
0.505472261 0.184033312
0.509406940 0.178026329
0.513527025 0.172224110
0.517833981 0.166616524
0.522327607 0.161193464
0.527006331 0.155945013
0.531867489 0.150861581
0.536907582 0.145933996
0.542122507 0.141153575
0.547507759 0.136512173
0.553058618 0.132002203
0.558770303 0.127616648
0.564638112 0.123349056
0.570657538 0.119193526
0.576824371 0.115144687
0.583134786 0.111197670
0.589585412 0.107348078
0.596173403 0.103591955
0.602896491 0.099925752
0.609753035 0.096346292
0.616742074 0.092850739
0.623863370 0.089436569
0.631117449 0.086101533
0.638505650 0.082843635
0.646030173 0.079661103
0.653694126 0.076552363
0.661501575 0.073516016
0.669457608 0.070550817
0.677568386 0.067655656
0.685841210 0.064829538
0.694284587 0.062071563
0.702908295 0.059380916
0.711723453 0.056756845
0.720742583 0.054198654
0.729979675 0.051705683
0.739450240 0.049277300
0.749171347 0.046912887
0.759161654 0.044611832
0.769441407 0.042373517
0.780032413 0.040197308
0.790957970 0.038082551
0.802242764 0.036028565
0.813912692 0.034034633
0.825994629 0.032100005
0.838516116 0.030223895
0.851504952 0.028405483
0.864988696 0.026643920
0.878994046 0.024938337
0.893546113 0.023287859
0.908667566 0.021691617
0.924377649 0.020148773
0.940691086 0.018658541
0.957616877 0.017220217
0.975156999 0.015833210
0.993305052 0.014497076
1.012044885 0.013211556
1.031349240 0.011976612
1.051178498 0.010792461
1.071479572 0.009659606
1.092185043 0.008578865
1.113212614 0.007551387
1.134464965 0.006578659
1.155830089 0.005662504
1.177182181 0.004805057
1.198383114 0.004008737
1.219284542 0.003276189
1.239730604 0.002610222
1.259561206 0.002013729
1.278615767 0.001489593
1.296737339 0.001040591
1.313776914 0.000669293
1.329597756 0.000377961
1.344079546 0.000168462
1.357122137 0.000042188
1.368648729 0.000000000
