6.912809878 0.000000000 0.000000000
6.312338937 0.397138704 0.000000000
4.996441879 0.631197397 0.000000000
3.770766137 0.719312111 0.000000000
2.977080063 0.764384242 0.000000000
2.555496605 0.830331181 0.000000000
2.369530747 0.938163590 0.000000000
2.346068004 1.103975804 0.000000000
2.490446391 1.369134490 0.000000000
2.871226445 1.822135710 0.000000000
3.552757542 2.581229446 0.000000000
4.401966292 3.641623221 0.000000000
4.925282137 4.625147786 0.000000000
4.625147786 4.925282137 0.000000000
3.641623221 4.401966292 0.000000000
2.581229446 3.552757542 0.000000000
1.822135710 2.871226445 0.000000000
1.369134490 2.490446391 0.000000000
1.103975804 2.346068004 0.000000000
0.938163590 2.369530747 0.000000000
0.830331181 2.555496605 0.000000000
0.764384242 2.977080063 0.000000000
0.719312111 3.770766137 0.000000000
0.631197397 4.996441879 0.000000000
0.397138704 6.312338937 0.000000000
0.000000000 6.912809878 0.000000000
6.312338937 0.000000000 0.397138704
5.764027011 0.362641841 0.363358847
4.562433392 0.576369375 0.289325396
3.443224149 0.656830135 0.220535593
2.718480435 0.697987142 0.176579873
2.333517196 0.758205699 0.154367754
2.163704985 0.856671406 0.146410219
2.142280299 1.008080589 0.148957585
2.274117473 1.250206660 0.163270859
2.621821634 1.663858603 0.195363710
3.244152546 2.357014792 0.252287380
4.019596042 3.325299040 0.328211812
4.497454836 4.223391208 0.388159193
4.223391208 4.497454836 0.388159193
3.325299040 4.019596042 0.328211812
2.357014792 3.244152546 0.252287380
1.663858603 2.621821634 0.195363710
1.250206660 2.274117473 0.163270859
1.008080589 2.142280299 0.148957585
0.856671406 2.163704985 0.146410219
0.758205699 2.333517196 0.154367754
0.697987142 2.718480435 0.176579873
0.656830135 3.443224149 0.220535593
0.576369375 4.562433392 0.289325396
0.362641841 5.764027011 0.363358847
0.000000000 6.312338937 0.397138704
4.996441879 0.000000000 0.631197397
4.562433392 0.287043979 0.577508957
3.611329096 0.456216960 0.459842959
2.725434978 0.519904528 0.350511021
2.151774425 0.552481770 0.280649444
1.847062263 0.600146909 0.245346332
1.712649829 0.678086037 0.232698925
1.695691424 0.797931816 0.236747612
1.800045259 0.989583255 0.259496594
2.075265530 1.317003553 0.310503771
2.567862690 1.865661450 0.400976123
3.181653932 2.632093040 0.521647574
3.559896246 3.342965089 0.616925699
3.342965089 3.559896246 0.616925699
2.632093040 3.181653932 0.521647574
1.865661450 2.567862690 0.400976123
1.317003553 2.075265530 0.310503771
0.989583255 1.800045259 0.259496594
0.797931816 1.695691424 0.236747612
0.678086037 1.712649829 0.232698925
0.600146909 1.847062263 0.245346332
0.552481770 2.151774425 0.280649444
0.519904528 2.725434978 0.350511021
0.456216960 3.611329096 0.459842959
0.287043979 4.562433392 0.577508957
0.000000000 4.996441879 0.631197397
3.770766137 0.000000000 0.719312111
3.443224149 0.216629302 0.658128802
2.725434978 0.344302507 0.524036714
2.056859296 0.392366895 0.399442113
1.623923251 0.416952623 0.319827910
1.393959943 0.452925041 0.279596508
1.292520185 0.511744943 0.265183531
1.279721841 0.602191388 0.269797412
1.358476666 0.746828867 0.295722136
1.566182731 0.993929784 0.353849879
1.937941021 1.407996568 0.456952108
2.401163307 1.986415042 0.594469209
2.686619107 2.522903270 0.703048094
2.522903270 2.686619107 0.703048094
1.986415042 2.401163307 0.594469209
1.407996568 1.937941021 0.456952108
0.993929784 1.566182731 0.353849879
0.746828867 1.358476666 0.295722136
0.602191388 1.279721841 0.269797412
0.511744943 1.292520185 0.265183531
0.452925041 1.393959943 0.279596508
0.416952623 1.623923251 0.319827910
0.392366895 2.056859296 0.399442113
0.344302507 2.725434978 0.524036714
0.216629302 3.443224149 0.658128802
0.000000000 3.770766137 0.719312111
2.977080063 0.000000000 0.764384242
2.718480435 0.171032292 0.699367183
2.151774425 0.271832326 0.556872879
1.623923251 0.309779928 0.424471175
1.282113331 0.329190753 0.339868341
1.100553629 0.357591551 0.297116038
1.020465320 0.404030802 0.281799944
1.010360824 0.475439715 0.286702931
1.072539015 0.589633313 0.314252099
1.236526269 0.784723432 0.376022129
1.530035374 1.111635769 0.485584749
1.895756764 1.568306388 0.631718678
2.121128675 1.991872409 0.747101121
1.991872409 2.121128675 0.747101121
1.568306388 1.895756764 0.631718678
1.111635769 1.530035374 0.485584749
0.784723432 1.236526269 0.376022129
0.589633313 1.072539015 0.314252099
0.475439715 1.010360824 0.286702931
0.404030802 1.020465320 0.281799944
0.357591551 1.100553629 0.297116038
0.329190753 1.282113331 0.339868341
0.309779928 1.623923251 0.424471175
0.271832326 2.151774425 0.556872879
0.171032292 2.718480435 0.699367183
0.000000000 2.977080063 0.764384242
2.555496605 0.000000000 0.830331181
2.333517196 0.146812458 0.759704802
1.847062263 0.233338228 0.604916860
1.393959943 0.265912081 0.461092253
1.100553629 0.282574144 0.369190344
0.944704543 0.306953113 0.322749603
0.875957517 0.346816116 0.306112119
0.867283916 0.408112832 0.311438109
0.920657072 0.506135508 0.341364071
1.061422137 0.673598971 0.408463285
1.313367501 0.954217345 0.527478375
1.627299190 1.346218968 0.686219949
1.820756249 1.709803925 0.811556966
1.709803925 1.820756249 0.811556966
1.346218968 1.627299190 0.686219949
0.954217345 1.313367501 0.527478375
0.673598971 1.061422137 0.408463285
0.506135508 0.920657072 0.341364071
0.408112832 0.867283916 0.311438109
0.346816116 0.875957517 0.306112119
0.306953113 0.944704543 0.322749603
0.282574144 1.100553629 0.369190344
0.265912081 1.393959943 0.461092253
0.233338228 1.847062263 0.604916860
0.146812458 2.333517196 0.759704802
0.000000000 2.555496605 0.830331181
2.369530747 0.000000000 0.938163590
2.163704985 0.136128779 0.858365194
1.712649829 0.216357988 0.683475445
1.292520185 0.246561412 0.520972804
1.020465320 0.262010961 0.417135893
0.875957517 0.284615850 0.364664044
0.812213276 0.321577985 0.345865904
0.804170861 0.378414083 0.351883564
0.853660002 0.469303558 0.385695913
0.984181463 0.624580549 0.461509084
1.217792530 0.884778063 0.595980276
1.508879118 1.248253365 0.775337102
1.688258127 1.585379908 0.916951229
1.585379908 1.688258127 0.916951229
1.248253365 1.508879118 0.775337102
0.884778063 1.217792530 0.595980276
0.624580549 0.984181463 0.461509084
0.469303558 0.853660002 0.385695913
0.378414083 0.804170861 0.351883564
0.321577985 0.812213276 0.345865904
0.284615850 0.875957517 0.364664044
0.262010961 1.020465320 0.417135893
0.246561412 1.292520185 0.520972804
0.216357988 1.712649829 0.683475445
0.136128779 2.163704985 0.858365194
0.000000000 2.369530747 0.938163590
2.346068004 0.000000000 1.103975804
2.142280299 0.134780852 1.010073739
1.695691424 0.214215644 0.804273755
1.279721841 0.244119997 0.613050193
1.010360824 0.259416568 0.490861016
0.867283916 0.281797626 0.429115227
0.804170861 0.318393768 0.406994680
0.796208080 0.374667083 0.414075907
0.845207188 0.464656583 0.453864294
0.974436244 0.618396045 0.543076780
1.205734129 0.876017122 0.701314580
1.493938421 1.235893345 0.912371158
1.671541246 1.569681711 1.079014343
1.569681711 1.671541246 1.079014343
1.235893345 1.493938421 0.912371158
0.876017122 1.205734129 0.701314580
0.618396045 0.974436244 0.543076780
0.464656583 0.845207188 0.453864294
0.374667083 0.796208080 0.414075907
0.318393768 0.804170861 0.406994680
0.281797626 0.867283916 0.429115227
0.259416568 1.010360824 0.490861016
0.244119997 1.279721841 0.613050193
0.214215644 1.695691424 0.804273755
0.134780852 2.142280299 1.010073739
0.000000000 2.346068004 1.103975804
2.490446391 0.000000000 1.369134490
2.274117473 0.143075344 1.252678535
1.800045259 0.227398599 0.997448434
1.358476666 0.259143284 0.760295796
1.072539015 0.275381214 0.608758584
0.920657072 0.299139616 0.532182367
0.853660002 0.337987905 0.504748792
0.845207188 0.397724313 0.513530826
0.897221729 0.493251819 0.562875795
1.034403617 0.656452497 0.673515803
1.279935707 0.929927724 0.869759986
1.585876259 1.311950939 1.131509237
1.774408864 1.666280835 1.338177655
1.666280835 1.774408864 1.338177655
1.311950939 1.585876259 1.131509237
0.929927724 1.279935707 0.869759986
0.656452497 1.034403617 0.673515803
0.493251819 0.897221729 0.562875795
0.397724313 0.845207188 0.513530826
0.337987905 0.853660002 0.504748792
0.299139616 0.920657072 0.532182367
0.275381214 1.072539015 0.608758584
0.259143284 1.358476666 0.760295796
0.227398599 1.800045259 0.997448434
0.143075344 2.274117473 1.252678535
0.000000000 2.490446391 1.369134490
2.871226445 0.000000000 1.822135710
2.621821634 0.164951036 1.667148340
2.075265530 0.262167004 1.327471059
1.566182731 0.298765334 1.011852473
1.236526269 0.317485984 0.810176621
1.061422137 0.344876958 0.708263872
0.984181463 0.389665007 0.671753436
0.974436244 0.458534891 0.683441154
1.034403617 0.568668201 0.749112738
1.192560109 0.756821658 0.896359857
1.475633149 1.072110238 1.157534735
1.828350881 1.512543391 1.505888137
2.045709425 1.921049019 1.780936284
1.921049019 2.045709425 1.780936284
1.512543391 1.828350881 1.505888137
1.072110238 1.475633149 1.157534735
0.756821658 1.192560109 0.896359857
0.568668201 1.034403617 0.749112738
0.458534891 0.974436244 0.683441154
0.389665007 0.984181463 0.671753436
0.344876958 1.061422137 0.708263872
0.317485984 1.236526269 0.810176621
0.298765334 1.566182731 1.011852473
0.262167004 2.075265530 1.327471059
0.164951036 2.621821634 1.667148340
0.000000000 2.871226445 1.822135710
3.552757542 0.000000000 2.581229446
3.244152546 0.204104778 2.361675018
2.567862690 0.324396498 1.880489673
1.937941021 0.369682021 1.433385771
1.530035374 0.392846314 1.147692643
1.313367501 0.426738970 1.003323492
1.217792530 0.482158172 0.951602968
1.205734129 0.567375414 0.968159738
1.279935707 0.703650610 1.061189816
1.475633149 0.936465272 1.269779438
1.825898061 1.326592593 1.639758624
2.262338936 1.871569534 2.133234523
2.531290976 2.377040447 2.522866520
2.377040447 2.531290976 2.522866520
1.871569534 2.262338936 2.133234523
1.326592593 1.825898061 1.639758624
0.936465272 1.475633149 1.269779438
0.703650610 1.279935707 1.061189816
0.567375414 1.205734129 0.968159738
0.482158172 1.217792530 0.951602968
0.426738970 1.313367501 1.003323492
0.392846314 1.530035374 1.147692643
0.369682021 1.937941021 1.433385771
0.324396498 2.567862690 1.880489673
0.204104778 3.244152546 2.361675018
0.000000000 3.552757542 2.581229446
4.401966292 0.000000000 3.641623221
4.019596042 0.252891547 3.331873732
3.181653932 0.401936364 2.653012839
2.401163307 0.458046398 2.022234372
1.895756764 0.486747607 1.619175772
1.627299190 0.528741559 1.415498390
1.508879118 0.597407505 1.342530580
1.493938421 0.702994059 1.365889030
1.585876259 0.871842851 1.497136754
1.828350881 1.160306752 1.791416990
2.262338936 1.643685450 2.313387169
2.803101428 2.318927173 3.009587693
3.136340552 2.945219818 3.559284246
2.945219818 3.136340552 3.559284246
2.318927173 2.803101428 3.009587693
1.643685450 2.262338936 2.313387169
1.160306752 1.828350881 1.791416990
0.871842851 1.585876259 1.497136754
0.702994059 1.493938421 1.365889030
0.597407505 1.508879118 1.342530580
0.528741559 1.627299190 1.415498390
0.486747607 1.895756764 1.619175772
0.458046398 2.401163307 2.022234372
0.401936364 3.181653932 2.653012839
0.252891547 4.019596042 3.331873732
0.000000000 4.401966292 3.641623221
4.925282137 0.000000000 4.625147786
4.497454836 0.282955874 4.231741583
3.559896246 0.449719480 3.369534878
2.686619107 0.512500004 2.568396636
2.121128675 0.544613278 2.056480526
1.820756249 0.591599567 1.797794238
1.688258127 0.668428679 1.705119383
1.671541246 0.786567605 1.734786451
1.774408864 0.975489528 1.901481379
2.045709425 1.298246678 2.275240414
2.531290976 1.839090545 2.938183577
3.136340552 2.594606552 3.822412977
3.509195907 3.295354302 4.520570815
3.295354302 3.509195907 4.520570815
2.594606552 3.136340552 3.822412977
1.839090545 2.531290976 2.938183577
1.298246678 2.045709425 2.275240414
0.975489528 1.774408864 1.901481379
0.786567605 1.671541246 1.734786451
0.668428679 1.688258127 1.705119383
0.591599567 1.820756249 1.797794238
0.544613278 2.121128675 2.056480526
0.512500004 2.686619107 2.568396636
0.449719480 3.559896246 3.369534878
0.282955874 4.497454836 4.231741583
0.000000000 4.925282137 4.625147786
4.625147786 0.000000000 4.925282137
4.223391208 0.265713253 4.506347082
3.342965089 0.422314702 3.588190198
2.522903270 0.481269538 2.735064620
1.991872409 0.511425910 2.189929332
1.709803925 0.555548972 1.914456415
1.585379908 0.627696310 1.815767717
1.569681711 0.738636146 1.847359936
1.666280835 0.916045641 2.024872005
1.921049019 1.219134779 2.422884952
2.377040447 1.727020975 3.128847717
2.945219818 2.436497730 4.070456389
3.295354302 3.094543669 4.813918975
3.094543669 3.295354302 4.813918975
2.436497730 2.945219818 4.070456389
1.727020975 2.377040447 3.128847717
1.219134779 1.921049019 2.422884952
0.916045641 1.666280835 2.024872005
0.738636146 1.569681711 1.847359936
0.627696310 1.585379908 1.815767717
0.555548972 1.709803925 1.914456415
0.511425910 1.991872409 2.189929332
0.481269538 2.522903270 2.735064620
0.422314702 3.342965089 3.588190198
0.265713253 4.223391208 4.506347082
0.000000000 4.625147786 4.925282137
3.641623221 0.000000000 4.401966292
3.325299040 0.209210083 4.027543479
2.632093040 0.332510678 3.206941625
1.986415042 0.378928935 2.444461440
1.568306388 0.402672640 1.957247287
1.346218968 0.437413058 1.711043626
1.248253365 0.494218469 1.622840695
1.235893345 0.581567263 1.651076211
1.311950939 0.721251132 1.809727456
1.512543391 0.959889224 2.165451154
1.871569534 1.359774861 2.796404713
2.318927173 1.918383395 3.637966581
2.594606552 2.436497730 4.302435570
2.436497730 2.594606552 4.302435570
1.918383395 2.318927173 3.637966581
1.359774861 1.871569534 2.796404713
0.959889224 1.512543391 2.165451154
0.721251132 1.311950939 1.809727456
0.581567263 1.235893345 1.651076211
0.494218469 1.248253365 1.622840695
0.437413058 1.346218968 1.711043626
0.402672640 1.568306388 1.957247287
0.378928935 1.986415042 2.444461440
0.332510678 2.632093040 3.206941625
0.209210083 3.325299040 4.027543479
0.000000000 3.641623221 4.401966292
2.581229446 0.000000000 3.552757542
2.357014792 0.148290801 3.250566797
1.865661450 0.235687851 2.588271988
1.407996568 0.268589710 1.972886261
1.111635769 0.285419554 1.579663405
0.954217345 0.310044010 1.380956314
0.884778063 0.350308417 1.309769120
0.876017122 0.412222367 1.332557560
0.929927724 0.511232093 1.460602477
1.072110238 0.680381846 1.747701461
1.326592593 0.963825936 2.256934124
1.643685450 1.359774861 2.936145429
1.839090545 1.727020975 3.472427867
1.727020975 1.839090545 3.472427867
1.359774861 1.643685450 2.936145429
0.963825936 1.326592593 2.256934124
0.680381846 1.072110238 1.747701461
0.511232093 0.929927724 1.460602477
0.412222367 0.876017122 1.332557560
0.350308417 0.884778063 1.309769120
0.310044010 0.954217345 1.380956314
0.285419554 1.111635769 1.579663405
0.268589710 1.407996568 1.972886261
0.235687851 1.865661450 2.588271988
0.148290801 2.357014792 3.250566797
0.000000000 2.581229446 3.552757542
1.822135710 0.000000000 2.871226445
1.663858603 0.104681110 2.627005429
1.317003553 0.166376240 2.091759680
0.993929784 0.189602247 1.594424370
0.784723432 0.201482732 1.276634076
0.673598971 0.218865573 1.116045281
0.624580549 0.247288933 1.058514039
0.618396045 0.290995090 1.076930936
0.656452497 0.360887814 1.180412794
0.756821658 0.480293629 1.412437126
0.936465272 0.680381846 1.823982882
1.160306752 0.959889224 2.372900009
1.298246678 1.219134779 2.806306538
1.219134779 1.298246678 2.806306538
0.959889224 1.160306752 2.372900009
0.680381846 0.936465272 1.823982882
0.480293629 0.756821658 1.412437126
0.360887814 0.656452497 1.180412794
0.290995090 0.618396045 1.076930936
0.247288933 0.624580549 1.058514039
0.218865573 0.673598971 1.116045281
0.201482732 0.784723432 1.276634076
0.189602247 0.993929784 1.594424370
0.166376240 1.317003553 2.091759680
0.104681110 1.663858603 2.627005429
0.000000000 1.822135710 2.871226445
1.369134490 0.000000000 2.490446391
1.250206660 0.078656336 2.278613796
0.989583255 0.125013438 1.814351966
0.746828867 0.142465226 1.382972919
0.589633313 0.151392103 1.107327753
0.506135508 0.164453396 0.968036132
0.469303558 0.185810423 0.918134644
0.464656583 0.218650791 0.934109104
0.493251819 0.271167482 1.023867271
0.568668201 0.360887814 1.225120697
0.703650610 0.511232093 1.582087541
0.871842851 0.721251132 2.058207661
0.975489528 0.916045641 2.434136117
0.916045641 0.975489528 2.434136117
0.721251132 0.871842851 2.058207661
0.511232093 0.703650610 1.582087541
0.360887814 0.568668201 1.225120697
0.271167482 0.493251819 1.023867271
0.218650791 0.464656583 0.934109104
0.185810423 0.469303558 0.918134644
0.164453396 0.506135508 0.968036132
0.151392103 0.589633313 1.107327753
0.142465226 0.746828867 1.382972919
0.125013438 0.989583255 1.814351966
0.078656336 1.250206660 2.278613796
0.000000000 1.369134490 2.490446391
1.103975804 0.000000000 2.346068004
1.008080589 0.063423055 2.146515958
0.797931816 0.100802230 1.709168730
0.602191388 0.114874151 1.302797975
0.475439715 0.122072171 1.043132757
0.408112832 0.132603898 0.911916275
0.378414083 0.149824734 0.864907720
0.374667083 0.176304947 0.879956095
0.397724313 0.218650791 0.964510721
0.458534891 0.290995090 1.154096904
0.567375414 0.412222367 1.490369346
0.702994059 0.581567263 1.938887404
0.786567605 0.738636146 2.293022200
0.738636146 0.786567605 2.293022200
0.581567263 0.702994059 1.938887404
0.412222367 0.567375414 1.490369346
0.290995090 0.458534891 1.154096904
0.218650791 0.397724313 0.964510721
0.176304947 0.374667083 0.879956095
0.149824734 0.378414083 0.864907720
0.132603898 0.408112832 0.911916275
0.122072171 0.475439715 1.043132757
0.114874151 0.602191388 1.302797975
0.100802230 0.797931816 1.709168730
0.063423055 1.008080589 2.146515958
0.000000000 1.103975804 2.346068004
0.938163590 0.000000000 2.369530747
0.856671406 0.053897196 2.167983004
0.678086037 0.085662188 1.726261920
0.511744943 0.097620569 1.315827100
0.404030802 0.103737478 1.053565002
0.346816116 0.112687387 0.921036240
0.321577985 0.127321731 0.873557558
0.318393768 0.149824734 0.888756430
0.337987905 0.185810423 0.974156676
0.389665007 0.247288933 1.165638887
0.482158172 0.350308417 1.505274350
0.597407505 0.494218469 1.958277982
0.668428679 0.627696310 2.315954437
0.627696310 0.668428679 2.315954437
0.494218469 0.597407505 1.958277982
0.350308417 0.482158172 1.505274350
0.247288933 0.389665007 1.165638887
0.185810423 0.337987905 0.974156676
0.149824734 0.318393768 0.888756430
0.127321731 0.321577985 0.873557558
0.112687387 0.346816116 0.921036240
0.103737478 0.404030802 1.053565002
0.097620569 0.511744943 1.315827100
0.085662188 0.678086037 1.726261920
0.053897196 0.856671406 2.167983004
0.000000000 0.938163590 2.369530747
0.830331181 0.000000000 2.555496605
0.758205699 0.047702259 2.338130964
0.600146909 0.075816186 1.861742660
0.452925041 0.086400072 1.419096035
0.357591551 0.091813905 1.136251044
0.306953113 0.099735112 0.993321140
0.284615850 0.112687387 0.942116230
0.281797626 0.132603898 0.958507942
0.299139616 0.164453396 1.050610583
0.344876958 0.218865573 1.257120729
0.426738970 0.310044010 1.623411511
0.528741559 0.437413058 2.111967841
0.591599567 0.555548972 2.497715512
0.555548972 0.591599567 2.497715512
0.437413058 0.528741559 2.111967841
0.310044010 0.426738970 1.623411511
0.218865573 0.344876958 1.257120729
0.164453396 0.299139616 1.050610583
0.132603898 0.281797626 0.958507942
0.112687387 0.284615850 0.942116230
0.099735112 0.306953113 0.993321140
0.091813905 0.357591551 1.136251044
0.086400072 0.452925041 1.419096035
0.075816186 0.600146909 1.861742660
0.047702259 0.758205699 2.338130964
0.000000000 0.830331181 2.555496605
0.764384242 0.000000000 2.977080063
0.697987142 0.043913629 2.723855341
0.552481770 0.069794679 2.168876666
0.416952623 0.079537967 1.653206075
0.329190753 0.084521819 1.323699795
0.282574144 0.091813905 1.157190566
0.262010961 0.103737478 1.097538318
0.259416568 0.122072171 1.116634191
0.275381214 0.151392103 1.223931119
0.317485984 0.201482732 1.464509501
0.392846314 0.285419554 1.891227730
0.486747607 0.402672640 2.460381807
0.544613278 0.511425910 2.909766751
0.511425910 0.544613278 2.909766751
0.402672640 0.486747607 2.460381807
0.285419554 0.392846314 1.891227730
0.201482732 0.317485984 1.464509501
0.151392103 0.275381214 1.223931119
0.122072171 0.259416568 1.116634191
0.103737478 0.262010961 1.097538318
0.091813905 0.282574144 1.157190566
0.084521819 0.329190753 1.323699795
0.079537967 0.416952623 1.653206075
0.069794679 0.552481770 2.168876666
0.043913629 0.697987142 2.723855341
0.000000000 0.764384242 2.977080063
0.719312111 0.000000000 3.770766137
0.656830135 0.041324249 3.450031999
0.519904528 0.065679216 2.747096656
0.392366895 0.074847988 2.093948888
0.309779928 0.079537967 1.676596616
0.265912081 0.086400072 1.465696222
0.246561412 0.097620569 1.390140753
0.244119997 0.114874151 1.414327564
0.259143284 0.142465226 1.550229728
0.298765334 0.189602247 1.854946027
0.369682021 0.268589710 2.395426838
0.458046398 0.378928935 3.116316728
0.512500004 0.481269538 3.685507175
0.481269538 0.512500004 3.685507175
0.378928935 0.458046398 3.116316728
0.268589710 0.369682021 2.395426838
0.189602247 0.298765334 1.854946027
0.142465226 0.259143284 1.550229728
0.114874151 0.244119997 1.414327564
0.097620569 0.246561412 1.390140753
0.086400072 0.265912081 1.465696222
0.079537967 0.309779928 1.676596616
0.074847988 0.392366895 2.093948888
0.065679216 0.519904528 2.747096656
0.041324249 0.656830135 3.450031999
0.000000000 0.719312111 3.770766137
0.631197397 0.000000000 4.996441879
0.576369375 0.036262087 4.571454112
0.456216960 0.057633605 3.640031834
0.344302507 0.065679216 2.774580426
0.271832326 0.069794679 2.221569104
0.233338228 0.075816186 1.942116196
0.216357988 0.085662188 1.842001658
0.214215644 0.100802230 1.874050317
0.227398599 0.125013438 2.054127054
0.262167004 0.166376240 2.457890432
0.324396498 0.235687851 3.174052842
0.401936364 0.332510678 4.129265736
0.449719480 0.422314702 4.883469757
0.422314702 0.449719480 4.883469757
0.332510678 0.401936364 4.129265736
0.235687851 0.324396498 3.174052842
0.166376240 0.262167004 2.457890432
0.125013438 0.227398599 2.054127054
0.100802230 0.214215644 1.874050317
0.085662188 0.216357988 1.842001658
0.075816186 0.233338228 1.942116196
0.069794679 0.271832326 2.221569104
0.065679216 0.344302507 2.774580426
0.057633605 0.456216960 3.640031834
0.036262087 0.576369375 4.571454112
0.000000000 0.631197397 4.996441879
0.397138704 0.000000000 6.312338937
0.362641841 0.022815491 5.775423490
0.287043979 0.036262087 4.598695479
0.216629302 0.041324249 3.505312877
0.171032292 0.043913629 2.806656716
0.146812458 0.047702259 2.453605181
0.136128779 0.053897196 2.327123796
0.134780852 0.063423055 2.367613008
0.143075344 0.078656336 2.595115984
0.164951036 0.104681110 3.105217244
0.204104778 0.148290801 4.009993077
0.252891547 0.209210083 5.216777362
0.282955874 0.265713253 6.169613707
0.265713253 0.282955874 6.169613707
0.209210083 0.252891547 5.216777362
0.148290801 0.204104778 4.009993077
0.104681110 0.164951036 3.105217244
0.078656336 0.143075344 2.595115984
0.063423055 0.134780852 2.367613008
0.053897196 0.136128779 2.327123796
0.047702259 0.146812458 2.453605181
0.043913629 0.171032292 2.806656716
0.041324249 0.216629302 3.505312877
0.036262087 0.287043979 4.598695479
0.022815491 0.362641841 5.775423490
0.000000000 0.397138704 6.312338937
0.000000000 0.000000000 6.912809878
0.000000000 0.000000000 6.324819524
0.000000000 0.000000000 5.036153453
0.000000000 0.000000000 3.838761151
0.000000000 0.000000000 3.073644249
0.000000000 0.000000000 2.687008144
0.000000000 0.000000000 2.548495023
0.000000000 0.000000000 2.592835833
0.000000000 0.000000000 2.841980380
0.000000000 0.000000000 3.400605805
0.000000000 0.000000000 4.391449830
0.000000000 0.000000000 5.713031325
0.000000000 0.000000000 6.756507691
0.000000000 0.000000000 6.756507691
0.000000000 0.000000000 5.713031325
0.000000000 0.000000000 4.391449830
0.000000000 0.000000000 3.400605805
0.000000000 0.000000000 2.841980380
0.000000000 0.000000000 2.592835833
0.000000000 0.000000000 2.548495023
0.000000000 0.000000000 2.687008144
0.000000000 0.000000000 3.073644249
0.000000000 0.000000000 3.838761151
0.000000000 0.000000000 5.036153453
0.000000000 0.000000000 6.324819524
0.000000000 0.000000000 6.912809878
