0.000000000 3.602810866
0.017862918 3.554720747
0.035440455 3.508605057
0.052757206 3.464389857
0.069836689 3.421997784
0.086701265 3.381349327
0.103372080 3.342363926
0.119869049 3.304960919
0.136210847 3.269060335
0.152414932 3.234583563
0.168497573 3.201453893
0.184473897 3.169596957
0.200357941 3.138941072
0.216162714 3.109417507
0.231900265 3.080960669
0.247581749 3.053508241
0.263217500 3.027001255
0.278817106 3.001384136
0.294389475 2.976604694
0.309942917 2.952614103
0.325485205 2.929366844
0.341023651 2.906820641
0.356565169 2.884936369
0.372116347 2.863677971
0.387683502 2.843012350
0.403272753 2.822909269
0.418890072 2.803341249
0.434541349 2.784283460
0.450232450 2.765713623
0.465969272 2.747611912
0.481757798 2.729960858
0.497604160 2.712745262
0.513514688 2.695952112
0.529495969 2.679570510
0.545554905 2.663591595
0.561698770 2.648008485
0.577935267 2.632816217
0.594272594 2.618011696
0.610719498 2.603593648
0.627285345 2.589562576
0.643980182 2.575920730
0.660814809 2.562672064
0.677800841 2.549822212
0.694950788 2.537378457
0.712278120 2.525349698
0.729797349 2.513746426
0.747524101 2.502580686
0.765475190 2.491866045
0.783668698 2.481617544
0.802124047 2.471851655
0.820862071 2.462586212
0.839905084 2.453840343
0.859276944 2.445634378
0.879003105 2.437989745
0.899110665 2.430928834
0.919628392 2.424474853
0.940586748 2.418651637
0.962017874 2.413483438
0.983955570 2.408994672
1.006435236 2.405209631
1.029493777 2.402152146
1.053169477 2.399845201
1.077501822 2.398310506
1.102531270 2.397567999
1.128298966 2.397635302
1.154846387 2.398527112
1.182214917 2.400254528
1.210445336 2.402824323
1.239577228 2.406238149
1.269648296 2.410491693
1.300693570 2.415573773
1.332744526 2.421465407
1.365828097 2.428138838
1.399965581 2.435556559
1.435171469 2.443670340
1.471452172 2.452420287
1.508804693 2.461733972
1.547215245 2.471525651
1.586657857 2.481695623
1.627092993 2.492129775
1.668466228 2.502699341
1.710707035 2.513260953
1.753727742 2.523656995
1.797422704 2.533716342
1.841667775 2.543255499
1.886320132 2.552080179
1.931218519 2.559987340
1.976183973 2.566767689
2.021021066 2.572208629
2.065519715 2.576097622
2.109457554 2.578225900
2.152602875 2.578392455
2.194718089 2.576408192
2.235563655 2.572100119
2.274902378 2.565315448
2.312503970 2.555925440
2.348149710 2.543828853
2.381637086 2.528954844
2.412784207 2.511265195
2.441433860 2.490755756
2.467457031 2.467457031
2.490755756 2.441433860
2.511265195 2.412784207
2.528954844 2.381637086
2.543828853 2.348149710
2.555925440 2.312503970
2.565315448 2.274902378
2.572100119 2.235563655
2.576408192 2.194718089
2.578392455 2.152602875
2.578225900 2.109457554
2.576097622 2.065519715
2.572208629 2.021021066
2.566767689 1.976183973
2.559987340 1.931218519
2.552080179 1.886320132
2.543255499 1.841667775
2.533716342 1.797422704
2.523656995 1.753727742
2.513260953 1.710707035
2.502699341 1.668466228
2.492129775 1.627092993
2.481695623 1.586657857
2.471525651 1.547215245
2.461733972 1.508804693
2.452420287 1.471452172
2.443670340 1.435171469
2.435556559 1.399965581
2.428138838 1.365828097
2.421465407 1.332744526
2.415573773 1.300693570
2.410491693 1.269648296
2.406238149 1.239577228
2.402824323 1.210445336
2.400254528 1.182214917
2.398527112 1.154846387
2.397635302 1.128298966
2.397567999 1.102531270
2.398310506 1.077501822
2.399845201 1.053169477
2.402152146 1.029493777
2.405209631 1.006435236
2.408994672 0.983955570
2.413483438 0.962017874
2.418651637 0.940586748
2.424474853 0.919628392
2.430928834 0.899110665
2.437989745 0.879003105
2.445634378 0.859276944
2.453840343 0.839905084
2.462586212 0.820862071
2.471851655 0.802124047
2.481617544 0.783668698
2.491866045 0.765475190
2.502580686 0.747524101
2.513746426 0.729797349
2.525349698 0.712278120
2.537378457 0.694950788
2.549822212 0.677800841
2.562672064 0.660814809
2.575920730 0.643980182
2.589562576 0.627285345
2.603593648 0.610719498
2.618011696 0.594272594
2.632816217 0.577935267
2.648008485 0.561698770
2.663591595 0.545554905
2.679570510 0.529495969
2.695952112 0.513514688
2.712745262 0.497604160
2.729960858 0.481757798
2.747611912 0.465969272
2.765713623 0.450232450
2.784283460 0.434541349
2.803341249 0.418890072
2.822909269 0.403272753
2.843012350 0.387683502
2.863677971 0.372116347
2.884936369 0.356565169
2.906820641 0.341023651
2.929366844 0.325485205
2.952614103 0.309942917
2.976604694 0.294389475
3.001384136 0.278817106
3.027001255 0.263217500
3.053508241 0.247581749
3.080960669 0.231900265
3.109417507 0.216162714
3.138941072 0.200357941
3.169596957 0.184473897
3.201453893 0.168497573
3.234583563 0.152414932
3.269060335 0.136210847
3.304960919 0.119869049
3.342363926 0.103372080
3.381349327 0.086701265
3.421997784 0.069836689
3.464389857 0.052757206
3.508605057 0.035440455
3.554720747 0.017862918
3.602810866 0.000000000
