0.795495129 0.000000000 0.000000000
0.776880298 0.048877165 0.000000000
0.763814642 0.096492229 0.000000000
0.753496675 0.143737178 0.000000000
0.744581112 0.191175936 0.000000000
0.737643845 0.239675014 0.000000000
0.734776356 0.290918539 0.000000000
0.737366382 0.346978282 0.000000000
0.740692500 0.407199148 0.000000000
0.731342780 0.464124242 0.000000000
0.698055519 0.507167021 0.000000000
0.645541495 0.534038368 0.000000000
0.588916801 0.553029687 0.000000000
0.537851592 0.572753772 0.000000000
0.492906374 0.595821455 0.000000000
0.451357847 0.621240781 0.000000000
0.411167651 0.647896546 0.000000000
0.371618833 0.675972148 0.000000000
0.332859869 0.707363228 0.000000000
0.295005622 0.745099147 0.000000000
0.256514320 0.789469901 0.000000000
0.213392394 0.831108502 0.000000000
0.162628459 0.852528238 0.000000000
0.106796563 0.845381844 0.000000000
0.051638462 0.820769850 0.000000000
0.000000000 0.795495129 0.000000000
0.776880298 0.000000000 0.048877165
0.758701060 0.047733425 0.047827802
0.745941144 0.094234281 0.047303642
0.735864621 0.140373684 0.047131506
0.727157685 0.186702361 0.047232789
0.720382753 0.234066545 0.047655045
0.717582363 0.284110956 0.048556246
0.720111782 0.338858883 0.050070998
0.723360067 0.397670562 0.051933825
0.714229134 0.453263592 0.053220422
0.681720805 0.495299157 0.053015249
0.630435625 0.521541706 0.051476919
0.575135967 0.540088622 0.049637922
0.525265699 0.559351157 0.048275592
0.481372214 0.581879050 0.047512132
0.440795935 0.606703555 0.047181397
0.401546202 0.632735568 0.047147970
0.362922838 0.660154192 0.047395943
0.325070846 0.690810711 0.048033628
0.288102399 0.727663598 0.049238407
0.250511806 0.770996062 0.051003237
0.208398946 0.811660308 0.052721687
0.158822903 0.832578815 0.053325969
0.104297490 0.825599649 0.052355163
0.050430106 0.801563583 0.050529815
0.000000000 0.776880298 0.048877165
0.763814642 0.000000000 0.096492229
0.745941144 0.046930639 0.094420599
0.733395826 0.092649439 0.093385814
0.723488771 0.138012864 0.093045987
0.714928269 0.183562380 0.093245936
0.708267278 0.230129989 0.094079546
0.705513986 0.279332748 0.095858676
0.708000865 0.333159918 0.098849066
0.711194520 0.390982496 0.102526620
0.702217152 0.445640556 0.105066590
0.670255551 0.486969163 0.104661543
0.619832891 0.512770362 0.101624605
0.565463269 0.531005354 0.097994098
0.516431724 0.549943929 0.095304616
0.473276444 0.572092945 0.093797410
0.433382581 0.596499950 0.093144481
0.394792955 0.622094153 0.093078489
0.356819163 0.649051648 0.093568032
0.319603769 0.679192582 0.094826936
0.283257062 0.715425673 0.097205384
0.246298672 0.758029368 0.100689472
0.204894071 0.798009717 0.104081999
0.156151803 0.818576416 0.105274959
0.102543404 0.811714625 0.103358416
0.049581967 0.788082800 0.099754854
0.000000000 0.763814642 0.096492229
0.753496675 0.000000000 0.143737178
0.735864621 0.046296678 0.140651227
0.723488771 0.091397887 0.139109786
0.713715544 0.136148522 0.138603572
0.705270682 0.181082733 0.138901422
0.698699671 0.227021285 0.140143186
0.695983571 0.275559390 0.142793423
0.698436857 0.328659437 0.147247980
0.701587370 0.385700921 0.152726154
0.692731273 0.439620634 0.156509756
0.661201424 0.480390954 0.155906388
0.611459897 0.505843619 0.151382490
0.557824725 0.523832284 0.145974399
0.509455522 0.542515028 0.141968080
0.466883204 0.564364845 0.139722909
0.427528246 0.588442148 0.138750291
0.389459906 0.613690613 0.138651988
0.351999082 0.640283953 0.139381222
0.315286411 0.670017730 0.141256517
0.279430693 0.705761367 0.144799512
0.242971554 0.747789551 0.149989494
0.202126265 0.787229827 0.155043085
0.154042431 0.807518701 0.156820147
0.101158200 0.800749603 0.153965218
0.048912191 0.777437007 0.148597264
0.000000000 0.753496675 0.143737178
0.744581112 0.000000000 0.191175936
0.727157685 0.045748884 0.187071503
0.714928269 0.090316444 0.185021329
0.705270682 0.134537578 0.184348044
0.696925741 0.178940117 0.184744195
0.690432480 0.224335112 0.186395790
0.687748518 0.272298901 0.189920706
0.690172776 0.324770656 0.195845437
0.693286012 0.381137210 0.203131617
0.684534702 0.434418932 0.208163953
0.653377922 0.474706847 0.207361450
0.604224949 0.499858350 0.201344494
0.551224402 0.517634168 0.194151526
0.503427516 0.536095854 0.188822969
0.461358924 0.557687138 0.185836806
0.422469624 0.581479552 0.184543186
0.384851718 0.606429271 0.184412439
0.347834140 0.632707952 0.185382349
0.311555863 0.662089911 0.187876562
0.276124398 0.697410620 0.192588881
0.240096653 0.738941516 0.199491756
0.199734656 0.777915125 0.206213224
0.152219762 0.797963936 0.208576784
0.099961270 0.791274931 0.204779620
0.048333449 0.768238177 0.197640036
0.000000000 0.744581112 0.191175936
0.737643845 0.000000000 0.239675014
0.720382753 0.045322641 0.234529335
0.708267278 0.089474965 0.231959055
0.698699671 0.133284091 0.231114966
0.690432480 0.177272931 0.231611617
0.683999717 0.222244980 0.233682201
0.681340761 0.269761891 0.238101346
0.683742432 0.321744766 0.245529113
0.686826662 0.377586153 0.254663710
0.678156888 0.430371448 0.260972690
0.647290396 0.470284001 0.259966602
0.598595382 0.495201166 0.252423215
0.546088641 0.512811368 0.243405476
0.498737079 0.531101046 0.236725126
0.457060440 0.552491163 0.232981409
0.418533472 0.576061904 0.231359613
0.381266052 0.600779166 0.231195698
0.344593367 0.626813008 0.232411662
0.308653095 0.655921215 0.235538627
0.273551746 0.690912842 0.241446406
0.237859671 0.732056794 0.250100459
0.197873727 0.770667286 0.258527084
0.150801529 0.790529301 0.261490252
0.099029931 0.783902618 0.256729792
0.047883126 0.761080497 0.247778979
0.000000000 0.737643845 0.239675014
0.734776356 0.000000000 0.290918539
0.717582363 0.045146456 0.284672693
0.705513986 0.089127143 0.281552876
0.695983571 0.132765967 0.280528317
0.687748518 0.176583806 0.281131154
0.681340761 0.221381033 0.283644438
0.678692142 0.268713228 0.289008415
0.681084476 0.320494027 0.298024269
0.684156717 0.376118338 0.309111882
0.675520646 0.428698438 0.316769748
0.644774143 0.468455836 0.315548554
0.596268424 0.493276140 0.306392359
0.543965796 0.510817884 0.295446589
0.496798306 0.529036463 0.287337953
0.455283680 0.550343430 0.282793813
0.416906480 0.573822542 0.280825271
0.379783933 0.598443719 0.280626310
0.343253808 0.624376358 0.282102252
0.307453248 0.653371411 0.285897776
0.272488351 0.688227012 0.293068662
0.236935024 0.729211023 0.303572988
0.197104520 0.767671422 0.313801261
0.150215309 0.787456226 0.317397966
0.098644965 0.780855304 0.311619700
0.047696987 0.758121901 0.300755166
0.000000000 0.734776356 0.290918539
0.737366382 0.000000000 0.346978282
0.720111782 0.045305593 0.339528866
0.708000865 0.089441309 0.335807863
0.698436857 0.133233956 0.334585873
0.690172776 0.177206250 0.335304875
0.683742432 0.222161383 0.338302467
0.681084476 0.269660421 0.344700078
0.683485244 0.321623742 0.355453279
0.686568314 0.377444124 0.368677465
0.677901801 0.430209565 0.377810995
0.647046920 0.470107105 0.376354478
0.598370222 0.495014898 0.365433892
0.545883231 0.512618475 0.352378882
0.498549480 0.530901273 0.342707720
0.456888518 0.552283345 0.337287928
0.418376042 0.575845219 0.334940049
0.381122640 0.600553184 0.334702749
0.344463749 0.626577234 0.336463104
0.308536996 0.655674492 0.340990021
0.273448850 0.690652956 0.349542731
0.237770201 0.731781433 0.362071231
0.197799298 0.770377401 0.374270483
0.150744806 0.790231945 0.378560271
0.098992681 0.783607755 0.371668537
0.047865115 0.760794218 0.358710418
0.000000000 0.737366382 0.346978282
0.740692500 0.000000000 0.407199148
0.723360067 0.045509958 0.398456826
0.711194520 0.089844762 0.394090014
0.701587370 0.133834949 0.392655937
0.693286012 0.178005593 0.393499728
0.686826662 0.223163510 0.397017576
0.684156717 0.270876807 0.404525543
0.686568314 0.323074525 0.417145048
0.689665291 0.379146702 0.432664398
0.680959685 0.432150157 0.443383126
0.649965623 0.472227667 0.441673818
0.601069354 0.497247814 0.428857877
0.548345605 0.514930798 0.413537066
0.500798340 0.533296066 0.402187395
0.458949454 0.554774589 0.395826955
0.420263255 0.578442746 0.393071583
0.382841811 0.603262164 0.392793097
0.346017559 0.629403603 0.394858976
0.309928747 0.658632113 0.400171577
0.274682325 0.693768358 0.410208677
0.238842736 0.735082357 0.424911600
0.198691532 0.773852424 0.439228130
0.151424786 0.793796529 0.444262444
0.099439218 0.787142458 0.436174595
0.048081025 0.764226014 0.420967490
0.000000000 0.740692500 0.407199148
0.731342780 0.000000000 0.464124242
0.714229134 0.044935488 0.454159772
0.702217152 0.088710656 0.449182494
0.692731273 0.132145558 0.447547938
0.684534702 0.175758639 0.448509688
0.678156888 0.220346530 0.452519320
0.675520646 0.267457544 0.461076876
0.677901801 0.318996374 0.475460546
0.680959685 0.374360755 0.493149449
0.672363969 0.426695150 0.505366620
0.641761144 0.466266764 0.503418357
0.593482090 0.490971083 0.488810790
0.541423869 0.508430856 0.471348180
0.494476791 0.526564300 0.458411863
0.453156161 0.547771701 0.451162255
0.414958296 0.571141096 0.448021690
0.378009220 0.595647220 0.447704273
0.341649799 0.621458677 0.450058955
0.306016534 0.650318237 0.456114239
0.271215025 0.685010960 0.467554494
0.235827838 0.725803454 0.484312836
0.196183460 0.764084129 0.500630770
0.149513360 0.783776480 0.506368864
0.098184002 0.777206404 0.497150361
0.047474101 0.754579233 0.479817352
0.000000000 0.731342780 0.464124242
0.698055519 0.000000000 0.507167021
0.681720805 0.042890238 0.496278449
0.670255551 0.084672967 0.490839579
0.661201424 0.126130917 0.489053435
0.653377922 0.167758937 0.490104378
0.647290396 0.210317399 0.494485862
0.644774143 0.255284143 0.503837044
0.647046920 0.304477169 0.519554652
0.649965623 0.357321625 0.538884021
0.641761144 0.407274006 0.552234209
0.612551214 0.445044508 0.550105265
0.566469594 0.468624404 0.534142995
0.516780818 0.485289490 0.515060906
0.471970548 0.502597586 0.500924878
0.432530637 0.522839726 0.493002943
0.396071358 0.545145457 0.489571123
0.360804030 0.568536178 0.489224268
0.326099517 0.593172819 0.491797323
0.292088110 0.620718829 0.498414173
0.258870601 0.653832503 0.510915394
0.225094071 0.692768317 0.529227901
0.187254118 0.729306636 0.547059157
0.142708219 0.748102685 0.553329401
0.093715131 0.741831647 0.543255976
0.045313305 0.720234358 0.524315508
0.000000000 0.698055519 0.507167021
0.645541495 0.000000000 0.534038368
0.630435625 0.039663648 0.522572884
0.619832891 0.078303104 0.516845846
0.611459897 0.116642214 0.514965066
0.604224949 0.155138599 0.516071691
0.598595382 0.194495430 0.520685320
0.596268424 0.236079370 0.530531958
0.598370222 0.281571653 0.547082336
0.601069354 0.330440674 0.567435837
0.593482090 0.376635187 0.581493361
0.566469594 0.411564251 0.579251619
0.523854649 0.433370255 0.562443616
0.477903909 0.448781643 0.542350497
0.436464672 0.464787668 0.527465496
0.399991786 0.483507012 0.519123831
0.366275303 0.504134705 0.515510182
0.333661100 0.525765765 0.515144951
0.301567374 0.548549017 0.517854334
0.270114611 0.574022767 0.524821766
0.239396023 0.604645333 0.537985342
0.208160467 0.640652043 0.557268105
0.173167176 0.674441622 0.576044118
0.131972422 0.691823662 0.582646580
0.086665035 0.686024388 0.572039432
0.041904430 0.666051841 0.552095437
0.000000000 0.645541495 0.534038368
0.588916801 0.000000000 0.553029687
0.575135967 0.036184488 0.541156471
0.565463269 0.071434623 0.535225769
0.557824725 0.106410757 0.533278105
0.551224402 0.141530371 0.534424084
0.546088641 0.177434955 0.539201781
0.543965796 0.215371295 0.549398583
0.545883231 0.256873150 0.566537521
0.548345605 0.301455547 0.587614827
0.541423869 0.343598036 0.602172261
0.516780818 0.375463242 0.599850798
0.477903909 0.395356497 0.582445074
0.435983812 0.409416051 0.561637409
0.398179483 0.424018082 0.546223072
0.364905874 0.441095429 0.537584763
0.334146885 0.459913732 0.533842607
0.304393489 0.479647389 0.533464387
0.275114915 0.500432172 0.536270121
0.246421081 0.523671452 0.543485327
0.218397022 0.551607911 0.557117022
0.189901343 0.584456236 0.577085513
0.157977543 0.615281908 0.596529233
0.120396252 0.631139255 0.603366490
0.079063074 0.625848674 0.592382134
0.038228717 0.607628051 0.571728896
0.000000000 0.588916801 0.553029687
0.537851592 0.000000000 0.572753772
0.525265699 0.033046917 0.560457091
0.516431724 0.065240499 0.554314868
0.509455522 0.097183838 0.552297740
0.503427516 0.129258217 0.553484590
0.498737079 0.162049500 0.558432687
0.496798306 0.196696364 0.568993162
0.498549480 0.234599578 0.586743369
0.500798340 0.275316217 0.608572408
0.494476791 0.313804514 0.623649040
0.471970548 0.342906675 0.621244781
0.436464672 0.361074979 0.603218273
0.398179483 0.373915423 0.581668492
0.363653182 0.387251307 0.565704395
0.333264741 0.402847870 0.556757997
0.305172877 0.420034430 0.552882375
0.277999409 0.438056974 0.552490665
0.251259591 0.457039500 0.555396467
0.225053811 0.478263693 0.562869007
0.199459729 0.503777770 0.576986884
0.173434922 0.533777804 0.597667561
0.144279248 0.561930570 0.617804751
0.109956645 0.576412920 0.624885862
0.072207483 0.571581087 0.613509744
0.034913889 0.554940382 0.592119898
0.000000000 0.537851592 0.572753772
0.492906374 0.000000000 0.595821455
0.481372214 0.030285373 0.583029525
0.473276444 0.059788719 0.576639923
0.466883204 0.089062734 0.574541556
0.461358924 0.118456838 0.575776206
0.457060440 0.148507939 0.580923588
0.455283680 0.180259561 0.591909387
0.456888518 0.214995417 0.610374484
0.458949454 0.252309597 0.633082688
0.453156161 0.287581644 0.648766532
0.432530637 0.314251903 0.646265442
0.399991786 0.330901984 0.627512916
0.364905874 0.342669425 0.605095216
0.333264741 0.354890904 0.588488164
0.305415690 0.369184150 0.579181449
0.279671304 0.384934527 0.575149737
0.254768570 0.401451029 0.574742251
0.230263247 0.418847292 0.577765084
0.206247336 0.438297900 0.585538581
0.182792007 0.461679909 0.600225056
0.158941946 0.489173010 0.621738648
0.132222647 0.514973208 0.642686864
0.100768190 0.528245351 0.650053168
0.066173512 0.523817286 0.638218875
0.031996333 0.508567150 0.615967552
0.000000000 0.492906374 0.595821455
0.451357847 0.000000000 0.621240781
0.440795935 0.027732530 0.607903113
0.433382581 0.054748952 0.601240914
0.427528246 0.081555375 0.599053024
0.422469624 0.108471763 0.600340348
0.418533472 0.135989769 0.605707331
0.416906480 0.165064953 0.617161813
0.418376042 0.196872821 0.636414680
0.420263255 0.231041680 0.660091677
0.414958296 0.263340542 0.676444636
0.396071358 0.287762686 0.673836842
0.366275303 0.303009283 0.654284283
0.334146885 0.313784811 0.630910185
0.305172877 0.324976106 0.613594633
0.279671304 0.338064533 0.603890868
0.256096988 0.352487264 0.599687152
0.233293378 0.367611541 0.599262282
0.210853681 0.383541423 0.602414077
0.188862142 0.401352481 0.610519212
0.167383932 0.422763553 0.625832251
0.145544262 0.447939179 0.648263670
0.121077211 0.471564603 0.670105593
0.092274143 0.483717997 0.677786162
0.060595552 0.479663188 0.665446988
0.029299268 0.465698530 0.642246364
0.000000000 0.451357847 0.621240781
0.411167651 0.000000000 0.647896546
0.401546202 0.025263146 0.633986596
0.394792955 0.049873949 0.627038539
0.389459906 0.074293450 0.624756773
0.384851718 0.098813126 0.626099333
0.381266052 0.123880850 0.631696598
0.379783933 0.150367096 0.643642561
0.381122640 0.179342701 0.663721517
0.382841811 0.210469066 0.688414430
0.378009220 0.239891946 0.705469050
0.360804030 0.262139472 0.702749363
0.333661100 0.276028468 0.682357857
0.304393489 0.285844513 0.657980839
0.277999409 0.296039302 0.639922323
0.254768570 0.307962298 0.629802196
0.233293378 0.321100788 0.625418110
0.212520267 0.334878356 0.624975010
0.192078665 0.349389795 0.628262040
0.172045316 0.365614906 0.636714944
0.152479587 0.385119475 0.652685024
0.132584584 0.408053391 0.676078915
0.110296149 0.429575139 0.698858016
0.084057789 0.440646361 0.706868138
0.055199951 0.436952603 0.693999522
0.026690377 0.424231399 0.669803423
0.000000000 0.411167651 0.647896546
0.371618833 0.000000000 0.675972148
0.362922838 0.022833170 0.661459431
0.356819163 0.045076743 0.654210291
0.351999082 0.067147416 0.651829648
0.347834140 0.089308628 0.653230385
0.344593367 0.111965172 0.659070200
0.343253808 0.135903797 0.671533823
0.344463749 0.162092337 0.692482870
0.346017559 0.190224763 0.718245812
0.341649799 0.216817555 0.736039467
0.326099517 0.236925167 0.733201927
0.301567374 0.249478228 0.711926786
0.275114915 0.258350101 0.686493428
0.251259591 0.267564289 0.667652373
0.230263247 0.278340452 0.657093707
0.210853681 0.290215195 0.652519643
0.192078665 0.302667546 0.652057341
0.173603272 0.315783179 0.655486810
0.155496862 0.330447652 0.664306008
0.137813094 0.348076142 0.680968127
0.119831724 0.368804123 0.705375756
0.099687138 0.388255767 0.729141954
0.075972556 0.398262086 0.737499182
0.049890455 0.394923618 0.724072925
0.024123121 0.383426023 0.698828325
0.000000000 0.371618833 0.675972148
0.332859869 0.000000000 0.707363228
0.325070846 0.020451724 0.692176563
0.319603769 0.040375346 0.684590785
0.315286411 0.060144100 0.682099588
0.311555863 0.079993949 0.683565374
0.308653095 0.100287470 0.689676380
0.307453248 0.121729352 0.702718794
0.308536996 0.145186490 0.724640681
0.309928747 0.170384770 0.751600014
0.306016534 0.194203998 0.770219979
0.292088110 0.212214434 0.767250668
0.270114611 0.223458240 0.744987543
0.246421081 0.231404797 0.718373100
0.225053811 0.239657967 0.698657096
0.206247336 0.249310202 0.687608102
0.188862142 0.259946437 0.682821625
0.172045316 0.271100038 0.682337855
0.155496862 0.282847741 0.685926583
0.139278907 0.295982744 0.695155331
0.123439515 0.311772625 0.712591212
0.107333559 0.330338726 0.738132293
0.089290005 0.347761610 0.763002156
0.068048798 0.356724293 0.771747481
0.044686999 0.353734020 0.757697730
0.021607136 0.343435597 0.731280810
0.000000000 0.332859869 0.707363228
0.295005622 0.000000000 0.745099147
0.288102399 0.018125867 0.729102314
0.283257062 0.035783689 0.721111855
0.279430693 0.053304255 0.718487760
0.276124398 0.070896696 0.720031742
0.273551746 0.088882350 0.726468753
0.272488351 0.107885770 0.740206945
0.273448850 0.128675261 0.763298306
0.274682325 0.151007886 0.791695846
0.271215025 0.172118289 0.811309136
0.258870601 0.188080501 0.808181420
0.239396023 0.198045613 0.784730617
0.218397022 0.205088455 0.756696365
0.199459729 0.212403038 0.735928567
0.182792007 0.220957580 0.724290138
0.167383932 0.230384217 0.719248316
0.152479587 0.240269382 0.718738738
0.137813094 0.250681087 0.722518915
0.123439515 0.262322321 0.732239991
0.109401445 0.276316509 0.750606030
0.095127127 0.292771194 0.777509659
0.079135564 0.308212673 0.803706262
0.060309998 0.316156082 0.812918126
0.039605002 0.313505875 0.798118858
0.019149880 0.304378633 0.770292667
0.000000000 0.295005622 0.745099147
0.256514320 0.000000000 0.789469901
0.250511806 0.015760867 0.772520455
0.246298672 0.031114758 0.764054163
0.242971554 0.046349303 0.761273803
0.240096653 0.061646343 0.762909729
0.237859671 0.077285292 0.769730065
0.236935024 0.093809212 0.784286368
0.237770201 0.111886164 0.808752823
0.238842736 0.131304905 0.838841440
0.235827838 0.149660897 0.859622704
0.225094071 0.163540415 0.856308732
0.208160467 0.172205315 0.831461431
0.189901343 0.178329231 0.801757736
0.173434922 0.184689433 0.779753211
0.158941946 0.192127808 0.767421713
0.145544262 0.200324491 0.762079650
0.132584584 0.208919874 0.761539727
0.119831724 0.217973096 0.765545014
0.107333559 0.228095423 0.775844981
0.095127127 0.240263698 0.795304720
0.082715273 0.254571433 0.823810463
0.068810233 0.267998162 0.851567078
0.052440961 0.274905142 0.861327510
0.034437480 0.272600725 0.845646944
0.016651271 0.264664374 0.816163699
0.000000000 0.256514320 0.789469901
0.213392394 0.000000000 0.831108502
0.208398946 0.013111350 0.813265100
0.204894071 0.025884141 0.804352275
0.202126265 0.038557647 0.801425272
0.199734656 0.051283143 0.803147480
0.197873727 0.064293071 0.810327538
0.197104520 0.078039200 0.825651577
0.197799298 0.093077284 0.851408453
0.198691532 0.109231594 0.883084019
0.196183460 0.124501810 0.904961338
0.187254118 0.136048080 0.901472579
0.173167176 0.143256347 0.875314770
0.157977543 0.148350788 0.844044428
0.144279248 0.153641794 0.820879330
0.132222647 0.159829724 0.807897438
0.121077211 0.166648484 0.802273621
0.110296149 0.173798921 0.801705221
0.099687138 0.181330230 0.805921757
0.089290005 0.189750920 0.816764970
0.079135564 0.199873620 0.837251064
0.068810233 0.211776120 0.867260271
0.057242731 0.222945718 0.896480838
0.043625253 0.228691585 0.906756059
0.028648289 0.226774557 0.890248461
0.013852071 0.220172364 0.859210197
0.000000000 0.213392394 0.831108502
0.162628459 0.000000000 0.852528238
0.158822903 0.009992290 0.834224968
0.156151803 0.019726560 0.825082437
0.154042431 0.029385165 0.822079998
0.152219762 0.039083392 0.823846591
0.150801529 0.048998387 0.831211697
0.150215309 0.059474448 0.846930675
0.150744806 0.070935121 0.873351369
0.151424786 0.083246481 0.905843293
0.149513360 0.094884063 0.928284446
0.142708219 0.103683591 0.924705773
0.131972422 0.109177082 0.897873811
0.120396252 0.113059606 0.865797555
0.109956645 0.117091934 0.842035435
0.100768190 0.121807817 0.828718967
0.092274143 0.127004462 0.822950211
0.084057789 0.132453881 0.822367162
0.075972556 0.138193566 0.826692368
0.068048798 0.144611058 0.837815038
0.060309998 0.152325667 0.858829109
0.052440961 0.161396681 0.889611728
0.043625253 0.169909142 0.919585382
0.033247238 0.174288124 0.930125421
0.021833145 0.172827138 0.913192382
0.010556801 0.167795542 0.881354184
0.000000000 0.162628459 0.852528238
0.106796563 0.000000000 0.845381844
0.104297490 0.006561842 0.827232002
0.102543404 0.012954245 0.818166109
0.101158200 0.019296959 0.815188838
0.099961270 0.025665692 0.816940623
0.099029931 0.032176775 0.824243991
0.098644965 0.039056305 0.839831202
0.098992681 0.046582420 0.866030423
0.099439218 0.054667172 0.898249981
0.098184002 0.062309462 0.920503018
0.093715131 0.068088028 0.916954344
0.086665035 0.071695552 0.890347304
0.079063074 0.074245168 0.858539929
0.072207483 0.076893160 0.834976998
0.066173512 0.079990035 0.821772156
0.060595552 0.083402623 0.816051756
0.055199951 0.086981204 0.815473595
0.049890455 0.090750401 0.819762545
0.044686999 0.094964707 0.830791978
0.039605002 0.100030817 0.851629897
0.034437480 0.105987666 0.882154478
0.028648289 0.111577718 0.911876875
0.021833145 0.114453354 0.922328562
0.014337619 0.113493939 0.905537465
0.006932551 0.110189737 0.873966154
0.000000000 0.106796563 0.845381844
0.051638462 0.000000000 0.820769850
0.050430106 0.003172793 0.803148412
0.049581967 0.006263659 0.794346459
0.048912191 0.009330499 0.791455867
0.048333449 0.012409921 0.793156651
0.047883126 0.015558171 0.800247392
0.047696987 0.018884573 0.815380806
0.047865115 0.022523613 0.840817277
0.048081025 0.026432767 0.872098811
0.047474101 0.030127981 0.893703986
0.045313305 0.032922043 0.890258626
0.041904430 0.034666359 0.864426209
0.038228717 0.035899154 0.833544857
0.034913889 0.037179516 0.810667924
0.031996333 0.038676923 0.797847522
0.029299268 0.040326983 0.792293663
0.026690377 0.042057305 0.791732333
0.024123121 0.043879794 0.795896417
0.021607136 0.045917502 0.806604745
0.019149880 0.048367077 0.826836000
0.016651271 0.051247343 0.856471905
0.013852071 0.053950255 0.885328980
0.010556801 0.055340687 0.895476382
0.006932551 0.054876789 0.879174132
0.003352039 0.053279135 0.848521971
0.000000000 0.051638462 0.820769850
0.000000000 0.000000000 0.795495129
0.000000000 0.000000000 0.778416325
0.000000000 0.000000000 0.769885418
0.000000000 0.000000000 0.767083838
0.000000000 0.000000000 0.768732249
0.000000000 0.000000000 0.775604638
0.000000000 0.000000000 0.790272035
0.000000000 0.000000000 0.814925217
0.000000000 0.000000000 0.845243471
0.000000000 0.000000000 0.866183337
0.000000000 0.000000000 0.862844073
0.000000000 0.000000000 0.837807138
0.000000000 0.000000000 0.807876744
0.000000000 0.000000000 0.785704282
0.000000000 0.000000000 0.773278669
0.000000000 0.000000000 0.767895835
0.000000000 0.000000000 0.767351792
0.000000000 0.000000000 0.771387647
0.000000000 0.000000000 0.781766224
0.000000000 0.000000000 0.801374479
0.000000000 0.000000000 0.830097778
0.000000000 0.000000000 0.858066231
0.000000000 0.000000000 0.867901154
0.000000000 0.000000000 0.852100914
0.000000000 0.000000000 0.822392654
0.000000000 0.000000000 0.795495129
