0.000000000 0.000000000 2.297396710
0.000000000 0.000000000 2.373047340
0.000000000 0.000000000 2.436122713
0.000000000 0.000000000 2.486139986
0.000000000 0.000000000 2.522891710
0.000000000 0.000000000 2.499870173
0.000000000 0.000000000 2.454260082
0.000000000 0.000000000 2.395501624
0.000000000 0.000000000 2.323962206
0.000000000 0.000000000 2.240460356
0.000000000 0.000000000 2.146742807
0.000000000 0.000000000 2.046420311
0.000000000 0.000000000 1.946642566
0.000000000 0.000000000 1.860320861
0.000000000 0.000000000 1.806336964
0.000000000 0.000000000 1.801851786
0.000000000 0.000000000 1.848520239
0.000000000 0.000000000 1.873020295
0.000000000 0.000000000 1.812236726
0.000000000 0.000000000 1.798832240
0.000000000 0.000000000 1.837717074
0.000000000 0.000000000 1.915536966
0.000000000 0.000000000 2.012601869
0.000000000 0.000000000 2.113776314
0.000000000 0.000000000 2.210228706
0.000000000 0.000000000 2.297396710
0.000000000 0.047460947 2.278125446
0.003921902 0.047062830 2.353141496
0.008052293 0.046300682 2.415687773
0.012326427 0.045196901 2.465285486
0.016678193 0.043780256 2.501728926
0.020657504 0.041315008 2.478900500
0.024336730 0.038533156 2.433673000
0.027713087 0.035631111 2.375407427
0.030726241 0.032646631 2.304468103
0.033325000 0.029622223 2.221666692
0.035478921 0.026609191 2.128735274
0.037202996 0.023674634 2.029254314
0.038606271 0.020911730 1.930313535
0.039968845 0.018447159 1.844715923
0.041794313 0.016419195 1.791184859
0.044668433 0.014889478 1.786737304
0.048880381 0.013747607 1.833014288
0.052623750 0.012382059 1.857308830
0.053911054 0.010482705 1.797035132
0.056485198 0.008918715 1.783743087
0.060743391 0.007592924 1.822301743
0.066481410 0.006331563 1.899468859
0.073176384 0.004989299 1.995719551
0.080348404 0.003493409 2.096045314
0.087667545 0.001826407 2.191688634
0.094921894 0.000000000 2.278125446
0.000000000 0.097444909 2.241232896
0.008052293 0.096627511 2.315034116
0.016532643 0.095062700 2.376567503
0.025308125 0.092796460 2.425362017
0.034242995 0.089887863 2.461215283
0.042413157 0.084826315 2.438756546
0.049967196 0.079114727 2.394261472
0.056899396 0.073156366 2.336939466
0.063085884 0.067028752 2.267148953
0.068421551 0.060819157 2.185688449
0.072843895 0.054632921 2.094261986
0.076383696 0.048607806 1.996392047
0.079264843 0.042935124 1.899053540
0.082062426 0.037874966 1.814842118
0.085810405 0.033711230 1.762177950
0.091711431 0.030570477 1.757802420
0.100359234 0.028226035 1.803329982
0.108044969 0.025422346 1.827231092
0.110688009 0.021522668 1.767933482
0.115973138 0.018311548 1.754856692
0.124715890 0.015589486 1.792790919
0.136496959 0.012999710 1.868708370
0.150242810 0.010243828 1.963400354
0.164968113 0.007172527 2.062101416
0.179995481 0.003749906 2.156195864
0.194889817 0.000000000 2.241232896
0.000000000 0.149168399 2.187803187
0.012326427 0.147917129 2.259845029
0.025308125 0.145521721 2.319911495
0.038741609 0.142052567 2.367542776
0.052419083 0.137600094 2.402541321
0.064925945 0.129851890 2.380617987
0.076489647 0.121108607 2.337183650
0.087101439 0.111987565 2.281228168
0.096571698 0.102607430 2.213101421
0.104739524 0.093101799 2.133582889
0.111509235 0.083631926 2.044335980
0.116927952 0.074408697 1.948799204
0.121338405 0.065724970 1.853781192
0.125620937 0.057978894 1.771577321
0.131358332 0.051605059 1.720168637
0.140391607 0.046797202 1.715897417
0.153629640 0.043208336 1.760339629
0.165394943 0.038916457 1.783670949
0.169440902 0.032946842 1.725786961
0.177531362 0.028031268 1.713021913
0.190914743 0.023864343 1.750051811
0.208949171 0.019899921 1.824159433
0.229991282 0.015681224 1.916594014
0.252532736 0.010979684 2.012942099
0.275536589 0.005740346 2.104793390
0.298336798 0.000000000 2.187803187
0.000000000 0.201831337 2.119229037
0.016678193 0.200138314 2.189012810
0.034242995 0.196897223 2.247196563
0.052419083 0.192203306 2.293334897
0.070925301 0.186178916 2.327236452
0.087847630 0.175695259 2.306000280
0.103493821 0.163865217 2.263927343
0.117852038 0.151524049 2.209725720
0.130665711 0.138832318 2.143734326
0.141717134 0.125970786 2.066708210
0.150876849 0.113157637 1.980258642
0.158208609 0.100678206 1.887716356
0.164176144 0.088928745 1.795676573
0.169970596 0.078447967 1.716049287
0.177733541 0.069823891 1.666251948
0.189955955 0.063318652 1.662114605
0.207867590 0.058462760 1.705163827
0.223786556 0.052655660 1.727763854
0.229260915 0.044578511 1.671694172
0.240207660 0.037927525 1.659329230
0.258315957 0.032289495 1.695198468
0.282717324 0.026925459 1.766983274
0.311188215 0.021217378 1.856520600
0.341687784 0.014855991 1.949848766
0.372812998 0.007766937 2.038821085
0.403662674 0.000000000 2.119229037
0.000000000 0.249987017 1.999896138
0.020657504 0.247890050 2.065750417
0.042413157 0.243875655 2.120657866
0.064925945 0.238061799 2.164198170
0.087847630 0.230600028 2.196190743
0.108807519 0.217615037 2.176150371
0.128186793 0.202962422 2.136446543
0.145970789 0.187676729 2.085296991
0.161841724 0.171956831 2.023021545
0.175529946 0.156026619 1.950332737
0.186875111 0.140156333 1.868751108
0.195956182 0.124699389 1.781419839
0.203347533 0.110146581 1.694562778
0.210524505 0.097165156 1.619419271
0.220139640 0.086483430 1.572426000
0.235278244 0.078426081 1.568521628
0.257463483 0.072411604 1.609146767
0.277180613 0.065218968 1.630474196
0.283961119 0.055214662 1.577561774
0.297519688 0.046976793 1.565893097
0.319948511 0.039993564 1.599742553
0.350171889 0.033349704 1.667485186
0.385435755 0.026279711 1.751980704
0.423212328 0.018400536 1.840053600
0.461763822 0.009620080 1.924015924
0.499974035 0.000000000 1.999896138
0.000000000 0.294511210 1.865237662
0.024336730 0.292040760 1.926657792
0.049967196 0.287311377 1.977868173
0.076489647 0.280462038 2.018476789
0.103493821 0.271671281 2.048315215
0.128186793 0.256373585 2.029624216
0.151017632 0.239111251 1.992593755
0.171969066 0.221103084 1.944888242
0.190666709 0.202583378 1.886805972
0.206792886 0.183815899 1.819011501
0.220158693 0.165119020 1.742922986
0.230857158 0.146909100 1.661471970
0.239564953 0.129764350 1.580463232
0.248020187 0.114470855 1.510379343
0.259347835 0.101886649 1.466550257
0.277182716 0.092394239 1.462908777
0.303319279 0.085308547 1.500798514
0.326548149 0.076834859 1.520689910
0.334536304 0.065048726 1.471340226
0.350509736 0.055343642 1.460457233
0.376933266 0.047116658 1.492027512
0.412539610 0.039289487 1.555208849
0.454084183 0.030960285 1.634015052
0.498588991 0.021677782 1.716157759
0.544006738 0.011333474 1.794466670
0.589022420 0.000000000 1.865237662
0.000000000 0.335370227 1.724761169
0.027713087 0.332557040 1.781555570
0.056899396 0.327171525 1.828909148
0.087101439 0.319371944 1.866459410
0.117852038 0.309361601 1.894050617
0.145970789 0.291941579 1.876767292
0.171969066 0.272284354 1.842525703
0.195827197 0.251777824 1.798413032
0.217118858 0.230688786 1.744705107
0.235482301 0.209317601 1.682016435
0.250702413 0.188026810 1.611658368
0.262885130 0.167290537 1.536341666
0.272801001 0.147767209 1.461433932
0.282429272 0.130351972 1.396628266
0.295328461 0.116021895 1.356100077
0.315637664 0.105212555 1.352732847
0.345400284 0.097143830 1.387768998
0.371851812 0.087494544 1.406162314
0.380948204 0.074073262 1.360529299
0.399137710 0.063021744 1.350465936
0.429227109 0.053653389 1.379658565
0.469773300 0.044740314 1.438081531
0.517081559 0.035255561 1.510952609
0.567760743 0.024685250 1.586908909
0.619479522 0.012905823 1.659320147
0.670740455 0.000000000 1.724761169
0.000000000 0.371833953 1.580294300
0.030726241 0.368714897 1.632331573
0.063085884 0.362743832 1.675718791
0.096571698 0.354096227 1.710123825
0.130665711 0.342997492 1.735403978
0.161841724 0.323683447 1.719568313
0.190666709 0.301888956 1.688194817
0.217118858 0.279152817 1.647777045
0.240725492 0.255770836 1.598567724
0.261085534 0.232076030 1.541129887
0.277960480 0.208470360 1.476665047
0.291467784 0.185479499 1.407656910
0.302461776 0.163833462 1.339023486
0.313136897 0.144524722 1.279645975
0.327438574 0.128636583 1.242512447
0.349955932 0.116651977 1.239427259
0.382954545 0.107705966 1.271528764
0.412282063 0.097007544 1.288381446
0.422367476 0.082127009 1.246570676
0.442534669 0.069873895 1.237350225
0.475895592 0.059486949 1.264097665
0.520850239 0.049604785 1.317627094
0.573302174 0.039088785 1.384394453
0.629491542 0.027369197 1.453988615
0.686833537 0.014309032 1.520334652
0.743667906 0.000000000 1.580294300
0.000000000 0.403282864 1.433894628
0.033325000 0.399900005 1.481111128
0.068421551 0.393423921 1.520478921
0.104739524 0.384044920 1.551696646
0.141717134 0.372007478 1.574634827
0.175529946 0.351059893 1.560266190
0.206792886 0.327422070 1.531799158
0.235482301 0.302762958 1.495125720
0.261085534 0.277403380 1.450475187
0.283167583 0.251704518 1.398358436
0.301469775 0.226102332 1.339865668
0.316119498 0.201166953 1.277250498
0.328043338 0.177690142 1.214975327
0.339621339 0.156748310 1.161098594
0.355132620 0.139516387 1.127405144
0.379554447 0.126518149 1.124605770
0.415344012 0.116815503 1.153733367
0.447151988 0.105212232 1.169024804
0.458090403 0.089073134 1.131087415
0.479963293 0.075783678 1.122721154
0.516145811 0.064518226 1.146990691
0.564902626 0.053800250 1.195561112
0.621790831 0.042394829 1.256143092
0.682732574 0.029684025 1.319289998
0.744924431 0.015519259 1.379489687
0.806565728 0.000000000 1.433894628
0.000000000 0.429348561 1.288045684
0.035478921 0.425747055 1.330459546
0.072843895 0.418852397 1.365823034
0.111509235 0.408867196 1.393865441
0.150876849 0.396051728 1.414470459
0.186875111 0.373750222 1.401563331
0.220158693 0.348584597 1.375991831
0.250702413 0.322331674 1.343048640
0.277960480 0.295333009 1.302939748
0.301469775 0.267973134 1.256124064
0.320954907 0.240716181 1.203580903
0.336551497 0.214169135 1.147334650
0.349246020 0.189174928 1.091393813
0.361572351 0.166879546 1.042997165
0.378086185 0.148533858 1.012730853
0.404086487 0.134695496 1.010216218
0.442189267 0.124365731 1.036381094
0.476053112 0.112012497 1.050117159
0.487698519 0.094830268 1.016038581
0.510985137 0.080681864 1.008523296
0.549506267 0.068688283 1.030324251
0.601414419 0.057277564 1.073954320
0.661979524 0.045134968 1.128374189
0.726860163 0.031602616 1.185098092
0.793071715 0.016522327 1.239174555
0.858697123 0.000000000 1.288045684
0.000000000 0.450212468 1.145995374
0.037202996 0.446435949 1.183731683
0.076383696 0.439206250 1.215195159
0.116927952 0.428735825 1.240144948
0.158208609 0.415297598 1.258477570
0.195956182 0.391912365 1.246993887
0.230857158 0.365523833 1.224242504
0.262885130 0.337995167 1.194932407
0.291467784 0.309684520 1.159246867
0.316119498 0.280995109 1.117594185
0.336551497 0.252413623 1.070845673
0.352905993 0.224576541 1.020802459
0.366217398 0.198367757 0.971030979
0.379142718 0.174988947 0.927971687
0.396459031 0.155751762 0.901043253
0.423722801 0.141240934 0.898805941
0.463677159 0.130409201 0.922085260
0.499186596 0.117455670 0.934306463
0.511397903 0.099438481 0.903986193
0.535816119 0.084602545 0.897299721
0.576209158 0.072026145 0.916696388
0.630639752 0.060060929 0.955514776
0.694147978 0.047328271 1.003933026
0.762181448 0.033138324 1.054401213
0.831610507 0.017325219 1.102513929
0.900424937 0.000000000 1.145995374
0.000000000 0.467194216 1.012254134
0.038606271 0.463275248 1.045586498
0.079264843 0.455772850 1.073378088
0.121338405 0.444907486 1.095416159
0.164176144 0.430962377 1.111609307
0.203347533 0.406695067 1.101465805
0.239564953 0.379311176 1.081369580
0.272801001 0.350744144 1.055480062
0.302461776 0.321365637 1.023959137
0.328043338 0.291594078 0.987167453
0.349246020 0.261934515 0.945874638
0.366217398 0.233047435 0.901671623
0.380030901 0.205850071 0.857708630
0.393443757 0.181589426 0.819674493
0.411413231 0.161626626 0.795888691
0.439705374 0.146568458 0.793912480
0.481166787 0.135328159 0.814475030
0.518015618 0.121886028 0.825269980
0.530687529 0.103189242 0.798488180
0.556026785 0.087793703 0.792582040
0.597943426 0.074742928 0.809715056
0.654427110 0.062326391 0.844003217
0.720330828 0.049113466 0.886770906
0.790930481 0.034388282 0.931349298
0.862978362 0.017978716 0.973847110
0.934388432 0.000000000 1.012254134
0.000000000 0.483683424 0.892954013
0.039968845 0.479626140 0.922357961
0.082062426 0.471858951 0.946874148
0.125620937 0.460610104 0.966314903
0.169970596 0.446172815 0.980599593
0.210524505 0.421049011 0.971651563
0.248020187 0.392698629 0.953923796
0.282429272 0.363123349 0.931085511
0.313136897 0.332707954 0.903279512
0.339621339 0.301885634 0.870823945
0.361572351 0.271179263 0.834397732
0.379142718 0.241272639 0.795404303
0.393443757 0.213115368 0.756622609
0.407330007 0.187998465 0.723071019
0.425933698 0.167331096 0.702088514
0.455224387 0.151741462 0.700345211
0.498149145 0.140104447 0.718484343
0.536298523 0.126187888 0.728007045
0.549417678 0.106831215 0.704381638
0.575651260 0.090892304 0.699171571
0.619047312 0.077380914 0.714285360
0.677524538 0.064526146 0.744532459
0.745754270 0.050846882 0.782259724
0.818845675 0.035601986 0.821584289
0.893436422 0.018613259 0.859073483
0.967366848 0.000000000 0.892954013
0.000000000 0.505774350 0.794788264
0.041794313 0.501531761 0.820959727
0.085810405 0.493409826 0.842780759
0.131358332 0.481647218 0.860084319
0.177733541 0.466550546 0.872798640
0.220139640 0.440279280 0.864834300
0.259347835 0.410634072 0.849055412
0.295328461 0.379708021 0.828727825
0.327438574 0.347903485 0.803978642
0.355132620 0.315673440 0.775091037
0.378086185 0.283564639 0.742669292
0.396459031 0.252292111 0.707962556
0.411413231 0.222848833 0.673444277
0.425933698 0.196584784 0.643581138
0.445387063 0.174973489 0.624905317
0.476015524 0.158671841 0.623353662
0.520900753 0.146503337 0.639498693
0.560792501 0.131951177 0.647974528
0.574510837 0.111710441 0.626946350
0.601942568 0.095043563 0.622309045
0.647320616 0.080915077 0.635761319
0.708468630 0.067473203 0.662683242
0.779814570 0.053169175 0.696263009
0.856244226 0.037228010 0.731264479
0.934241703 0.019463369 0.764632346
1.011548700 0.000000000 0.794788264
0.000000000 0.540555536 0.720740714
0.044668433 0.536021191 0.744473877
0.091711431 0.527340726 0.764261922
0.140391607 0.514769225 0.779953371
0.189955955 0.498634381 0.791483145
0.235278244 0.470556488 0.784260814
0.277182716 0.438872633 0.769951988
0.315637664 0.405819854 0.751518248
0.349955932 0.371828178 0.729074858
0.379554447 0.337381731 0.702878606
0.404086487 0.303064865 0.673477479
0.423722801 0.269641782 0.642004244
0.439705374 0.238173744 0.610701908
0.455224387 0.210103563 0.583621009
0.476015524 0.187006099 0.566685148
0.508750249 0.169583416 0.565278055
0.556722154 0.156578106 0.579918911
0.599357185 0.141025220 0.587605083
0.614018907 0.119392565 0.568536025
0.643337067 0.101579537 0.564330761
0.691835682 0.086479460 0.576529735
0.757188734 0.072113213 0.600943440
0.833441005 0.056825523 0.631394701
0.915126590 0.039788113 0.663135210
0.998487813 0.020801829 0.693394314
1.081111071 0.000000000 0.720740714
0.000000000 0.591526477 0.665467286
0.048880381 0.586564572 0.687380358
0.100359234 0.577065594 0.705650863
0.153629640 0.563308681 0.720138939
0.207867590 0.545652425 0.730784497
0.257463483 0.514926965 0.724116045
0.303319279 0.480255525 0.710904559
0.345400284 0.444086079 0.693884499
0.382954545 0.406889204 0.673162287
0.415344012 0.369194677 0.648975019
0.442189267 0.331641950 0.621828656
0.463677159 0.295067283 0.592769096
0.481166787 0.260632010 0.563867329
0.498149145 0.229914990 0.538863257
0.520900753 0.204639582 0.523226203
0.556722154 0.185574051 0.521927020
0.609217504 0.171342423 0.535445072
0.655872746 0.154322999 0.542541794
0.671916975 0.130650523 0.524935137
0.703999651 0.111157840 0.521052374
0.757071376 0.094633922 0.532315811
0.828586804 0.078913029 0.554857235
0.912029178 0.062183808 0.582973196
1.001417193 0.043539878 0.612279534
1.092638848 0.022763309 0.640218075
1.183052953 0.000000000 0.665467286
0.000000000 0.636826900 0.599366494
0.052623750 0.631485002 0.619102943
0.108044969 0.621258571 0.635558641
0.165394943 0.606448123 0.648607618
0.223786556 0.587439710 0.658195754
0.277180613 0.554361227 0.652189678
0.326548149 0.517034569 0.640290488
0.371851812 0.478095187 0.624961028
0.412282063 0.438049692 0.606297151
0.447151988 0.397468433 0.584512402
0.476053112 0.357039834 0.560062485
0.499186596 0.317664197 0.533889407
0.518015618 0.280591793 0.507858449
0.536298523 0.247522395 0.485338030
0.560792501 0.220311340 0.471254202
0.599357185 0.199785728 0.470084067
0.655872746 0.184464210 0.482259372
0.706100952 0.166141400 0.488651178
0.723373883 0.140656033 0.472793388
0.757913523 0.119670556 0.469296299
0.815049599 0.101881200 0.479440941
0.892041839 0.084956366 0.499743327
0.981874417 0.066945983 0.525066533
1.078107967 0.046874259 0.551461876
1.176315580 0.024506575 0.576625284
1.273653800 0.000000000 0.599366494
0.000000000 0.652405221 0.507426283
0.053911054 0.646932648 0.524135247
0.110688009 0.636456054 0.538066712
0.169440902 0.621283306 0.549114033
0.229260915 0.601809902 0.557231391
0.283961119 0.567922239 0.552146621
0.334536304 0.529682481 0.542072715
0.380948204 0.489790548 0.529094727
0.422367476 0.448765443 0.513293808
0.458090403 0.407191469 0.494850744
0.487698519 0.365773889 0.474151338
0.511397903 0.325435029 0.451993096
0.530687529 0.287455745 0.429955174
0.549417678 0.253577390 0.410889289
0.574510837 0.225700686 0.398965859
0.614018907 0.204672969 0.397975217
0.671916975 0.188976649 0.408282884
0.723373883 0.170205620 0.413694214
0.741069352 0.144096818 0.400268940
0.776453915 0.122597987 0.397308290
0.834987677 0.104373460 0.405896788
0.913863333 0.087034603 0.423084877
1.005893433 0.068583643 0.444523613
1.104481087 0.048020917 0.466870025
1.205091095 0.025106064 0.488173476
1.304810443 0.000000000 0.507426283
0.000000000 0.683556251 0.431719738
0.056485198 0.677822373 0.445935772
0.115973138 0.666845543 0.457788702
0.177531362 0.650948327 0.467187795
0.240207660 0.630545108 0.474094066
0.297519688 0.595039377 0.469767929
0.350509736 0.554973748 0.461197021
0.399137710 0.513177056 0.450155312
0.442534669 0.470193085 0.436711844
0.479963293 0.426634039 0.421020433
0.510985137 0.383238853 0.403409318
0.535816119 0.340973894 0.384557023
0.556026785 0.301181175 0.365807096
0.575651260 0.265685197 0.349585786
0.601942568 0.236477437 0.339441297
0.643337067 0.214445689 0.338598457
0.703999651 0.197999902 0.347368249
0.757913523 0.178332594 0.351972224
0.776453915 0.150977150 0.340549963
0.813528019 0.128451792 0.338031033
0.874856650 0.109357081 0.345338151
0.957498459 0.091190329 0.359961827
1.053922810 0.071858373 0.378201965
1.157217825 0.050313818 0.397214356
1.262631757 0.026304828 0.415339394
1.367112502 0.000000000 0.431719738
0.000000000 0.735086830 0.367543415
0.060743391 0.728920697 0.379646197
0.124715890 0.717116368 0.389737156
0.190914743 0.700020724 0.397739048
0.258315957 0.678079387 0.403618683
0.319948511 0.639897021 0.399935638
0.376933266 0.596811005 0.392638819
0.429227109 0.551863426 0.383238490
0.475895592 0.505639066 0.371793431
0.516145811 0.458796276 0.358434591
0.549506267 0.412129701 0.343441417
0.576209158 0.366678555 0.327391567
0.597943426 0.323886022 0.311428868
0.619047312 0.285714144 0.297618900
0.647320616 0.254304528 0.288982418
0.691835682 0.230611894 0.288264868
0.757071376 0.212926325 0.295731006
0.815049599 0.191776376 0.299650588
0.834987677 0.162358715 0.289926277
0.874856650 0.138135261 0.287781793
0.940808602 0.117601075 0.294002688
1.029680448 0.098064805 0.306452514
1.133373845 0.077275489 0.321981206
1.244455859 0.054106776 0.338167353
1.357816528 0.028287844 0.353598054
1.470173659 0.000000000 0.367543415
0.000000000 0.804525526 0.306485915
0.066481410 0.797776921 0.316578143
0.136496959 0.784857516 0.324992760
0.208949171 0.766146962 0.331665352
0.282717324 0.742132975 0.336568243
0.350171889 0.700343778 0.333497037
0.412539610 0.653187717 0.327412389
0.469773300 0.603994243 0.319573674
0.520850239 0.553403379 0.310029904
0.564902626 0.502135667 0.298890278
0.601414419 0.451060815 0.286387819
0.630639752 0.401316206 0.273004222
0.654427110 0.354481351 0.259693298
0.677524538 0.312703633 0.248177486
0.708468630 0.278326962 0.240975724
0.757188734 0.252396245 0.240377376
0.828586804 0.233040039 0.246603216
0.892041839 0.209892198 0.249871664
0.913863333 0.177695648 0.241762787
0.957498459 0.151183967 0.239974551
1.029680448 0.128710056 0.245162011
1.126947417 0.107328325 0.255543632
1.240436030 0.084575184 0.268492647
1.362011213 0.059217879 0.281989899
1.486080300 0.030960006 0.294857202
1.609051052 0.000000000 0.306485915
0.000000000 0.885544822 0.241512224
0.073176384 0.878116602 0.249464944
0.150242810 0.863896156 0.256095698
0.229991282 0.843301366 0.261353729
0.311188215 0.816869064 0.265217229
0.385435755 0.770871510 0.262797106
0.454084183 0.718966623 0.258002377
0.517081559 0.664819148 0.251825435
0.573302174 0.609133559 0.244304903
0.621790831 0.552702961 0.235526830
0.661979524 0.496484643 0.225674838
0.694147978 0.441730532 0.215128506
0.720330828 0.390179199 0.204639440
0.745754270 0.344194278 0.195564931
0.779814570 0.306355724 0.189889911
0.833441005 0.277813668 0.189418410
0.912029178 0.256508206 0.194324399
0.981874417 0.231029275 0.196899950
1.005893433 0.195590390 0.190510120
1.053922810 0.166408865 0.189100983
1.133373845 0.141671731 0.193188724
1.240436030 0.118136765 0.201369485
1.365353452 0.093092281 0.211573365
1.499171796 0.065181382 0.222209258
1.635735191 0.034077816 0.232348749
1.771089644 0.000000000 0.241512224
0.000000000 0.972337104 0.169102105
0.080348404 0.964180844 0.174670443
0.164968113 0.948566651 0.179313167
0.252532736 0.925953366 0.182994736
0.341687784 0.896930432 0.185699883
0.423212328 0.846424656 0.184005360
0.498588991 0.789432569 0.180648185
0.567760743 0.729978098 0.176323212
0.629491542 0.668834763 0.171057484
0.682732574 0.606873399 0.164911250
0.726860163 0.545145122 0.158013079
0.762181448 0.485024558 0.150628745
0.790930481 0.428420677 0.143284507
0.818845675 0.377928773 0.136930715
0.856244226 0.336381660 0.132957178
0.915126590 0.305042197 0.132627042
1.001417193 0.281648586 0.136062119
1.078107967 0.253672463 0.137865469
1.104481087 0.214760211 0.133391436
1.157217825 0.182718604 0.132404785
1.244455859 0.155556982 0.135266941
1.362011213 0.129715354 0.140994950
1.499171796 0.102216259 0.148139506
1.646105681 0.071569812 0.155586548
1.796053660 0.037417785 0.162686020
1.944674208 0.000000000 0.169102105
0.000000000 1.060909779 0.088409148
0.087667545 1.052010545 0.091320360
0.179995481 1.034974015 0.093747646
0.275536589 1.010300827 0.095672427
0.372812998 0.978634121 0.097086718
0.461763822 0.923527644 0.096200796
0.544006738 0.861344002 0.094445614
0.619479522 0.796473671 0.092184453
0.686833537 0.729760633 0.089431450
0.744924431 0.662155050 0.086218105
0.793071715 0.594803786 0.082611637
0.831610507 0.529206686 0.078750995
0.862978362 0.467446613 0.074911316
0.893436422 0.412355272 0.071589457
0.934241703 0.367023526 0.069512031
0.998487813 0.332829271 0.069339431
1.092638848 0.307304676 0.071135342
1.176315580 0.276780137 0.072078161
1.205091095 0.234323268 0.069739068
1.262631757 0.199362909 0.069223232
1.357816528 0.169727066 0.070719611
1.486080300 0.141531457 0.073714301
1.635735191 0.111527399 0.077449583
1.796053660 0.078089290 0.081343010
1.959660783 0.040826266 0.085054722
2.121819558 0.000000000 0.088409148
0.000000000 1.148698355 0.000000000
0.094921894 1.139062723 0.000000000
0.194889817 1.120616448 0.000000000
0.298336798 1.093901594 0.000000000
0.403662674 1.059614518 0.000000000
0.499974035 0.999948069 0.000000000
0.589022420 0.932618831 0.000000000
0.670740455 0.862380585 0.000000000
0.743667906 0.790147150 0.000000000
0.806565728 0.716947314 0.000000000
0.858697123 0.644022842 0.000000000
0.900424937 0.572997687 0.000000000
0.934388432 0.506127067 0.000000000
0.967366848 0.446477007 0.000000000
1.011548700 0.397394132 0.000000000
1.081111071 0.360370357 0.000000000
1.183052953 0.332733643 0.000000000
1.273653800 0.299683247 0.000000000
1.304810443 0.253713142 0.000000000
1.367112502 0.215859869 0.000000000
1.470173659 0.183771707 0.000000000
1.609051052 0.153242957 0.000000000
1.771089644 0.120756112 0.000000000
1.944674208 0.084551053 0.000000000
2.121819558 0.044204574 0.000000000
2.297396710 0.000000000 0.000000000
