3.718281828 0.000000000
3.712808694 0.029160931
3.696475570 0.058068879
3.669538660 0.086477471
3.632416301 0.114153281
3.585676388 0.140881609
3.530019624 0.166471500
3.466259341 0.190759794
3.395298812 0.213614095
3.318107033 0.234934578
3.235693958 0.254654637
3.149086149 0.272740418
3.059303706 0.289189344
2.967339218 0.304027768
2.874139300 0.317307933
2.780589154 0.329104414
2.687500361 0.339510250
2.595601987 0.348632932
2.505534925 0.356590426
2.417849254 0.363507373
2.333004326 0.369511584
2.251371192 0.374730913
2.173236973 0.379290570
2.098810724 0.383310900
2.028230409 0.386905643
1.961570561 0.390180644
1.898850302 0.393232993
1.840041412 0.396150551
1.785076204 0.399011806
1.733855001 0.401886010
1.686253085 0.404833548
1.642127021 0.407906472
1.601320287 0.411149169
1.563668210 0.414599113
1.529002204 0.418287670
1.497153345 0.422240913
1.467955330 0.426480448
1.441246864 0.431024209
1.416873562 0.435887223
1.394689395 0.441082337
1.374557779 0.446620896
1.356352336 0.452513373
1.339957411 0.458769963
1.325268372 0.465401126
1.312191751 0.472418100
1.300645273 0.479833374
1.290557779 0.487661147
1.281869109 0.495917757
1.274529934 0.504622099
1.268501576 0.513796035
1.263755819 0.523464800
1.260274726 0.533657406
1.258050467 0.544407051
1.257085148 0.555751530
1.257390661 0.567733653
1.258988525 0.580401660
1.261909727 0.593809644
1.266194545 0.608017960
1.271892324 0.623093620
1.279061209 0.639110660
1.287767790 0.656150462
1.298086641 0.674302017
1.310099715 0.693662093
1.323895572 0.714335290
1.339568385 0.736433951
1.357216696 0.760077870
1.376941875 0.785393779
1.398846240 0.812514550
1.423030799 0.841578069
1.449592585 0.872725720
1.478621539 0.906100444
1.510196952 0.941844305
1.544383442 0.980095535
1.581226502 1.020985019
1.620747641 1.064632209
1.662939225 1.111140466
1.707759080 1.160591872
1.755125032 1.213041559
1.804909534 1.268511667
1.856934607 1.326985067
1.910967326 1.388399032
1.966716132 1.452639075
2.023828244 1.519533228
2.081888477 1.588847056
2.140419730 1.660279730
2.198885410 1.733461484
2.256693980 1.807952798
2.313205780 1.883245586
2.367742143 1.958766650
2.419596770 2.033883571
2.468049161 2.107913119
2.512379817 2.180132151
2.551886789 2.249790839
2.585903029 2.316127941
2.613813940 2.378387688
2.635074430 2.435837748
2.649224757 2.487787639
2.655904477 2.533606864
2.654863840 2.572742044
2.645972097 2.604732313
2.629222295 2.629222295
2.604732313 2.645972097
2.572742044 2.654863840
2.533606864 2.655904477
2.487787639 2.649224757
2.435837748 2.635074430
2.378387688 2.613813940
2.316127941 2.585903029
2.249790839 2.551886789
2.180132151 2.512379817
2.107913119 2.468049161
2.033883571 2.419596770
1.958766650 2.367742143
1.883245586 2.313205780
1.807952798 2.256693980
1.733461484 2.198885410
1.660279730 2.140419730
1.588847056 2.081888477
1.519533228 2.023828244
1.452639075 1.966716132
1.388399032 1.910967326
1.326985067 1.856934607
1.268511667 1.804909534
1.213041559 1.755125032
1.160591872 1.707759080
1.111140466 1.662939225
1.064632209 1.620747641
1.020985019 1.581226502
0.980095535 1.544383442
0.941844305 1.510196952
0.906100444 1.478621539
0.872725720 1.449592585
0.841578069 1.423030799
0.812514550 1.398846240
0.785393779 1.376941875
0.760077870 1.357216696
0.736433951 1.339568385
0.714335290 1.323895572
0.693662093 1.310099715
0.674302017 1.298086641
0.656150462 1.287767790
0.639110660 1.279061209
0.623093620 1.271892324
0.608017960 1.266194545
0.593809644 1.261909727
0.580401660 1.258988525
0.567733653 1.257390661
0.555751530 1.257085148
0.544407051 1.258050467
0.533657406 1.260274726
0.523464800 1.263755819
0.513796035 1.268501576
0.504622099 1.274529934
0.495917757 1.281869109
0.487661147 1.290557779
0.479833374 1.300645273
0.472418100 1.312191751
0.465401126 1.325268372
0.458769963 1.339957411
0.452513373 1.356352336
0.446620896 1.374557779
0.441082337 1.394689395
0.435887223 1.416873562
0.431024209 1.441246864
0.426480448 1.467955330
0.422240913 1.497153345
0.418287670 1.529002204
0.414599113 1.563668210
0.411149169 1.601320287
0.407906472 1.642127021
0.404833548 1.686253085
0.401886010 1.733855001
0.399011806 1.785076204
0.396150551 1.840041412
0.393232993 1.898850302
0.390180644 1.961570561
0.386905643 2.028230409
0.383310900 2.098810724
0.379290570 2.173236973
0.374730913 2.251371192
0.369511584 2.333004326
0.363507373 2.417849254
0.356590426 2.505534925
0.348632932 2.595601987
0.339510250 2.687500361
0.329104414 2.780589154
0.317307933 2.874139300
0.304027768 2.967339218
0.289189344 3.059303706
0.272740418 3.149086149
0.254654637 3.235693958
0.234934578 3.318107033
0.213614095 3.395298812
0.190759794 3.466259341
0.166471500 3.530019624
0.140881609 3.585676388
0.114153281 3.632416301
0.086477471 3.669538660
0.058068879 3.696475570
0.029160931 3.712808694
0.000000000 3.718281828
