1.769567984 0.000000000
1.766100336 0.013871205
1.762319151 0.027684722
1.758226170 0.041434896
1.753823273 0.055116117
1.749112483 0.068722817
1.744095964 0.082249478
1.738776022 0.095690634
1.733155101 0.109040876
1.727235786 0.122294853
1.721020801 0.135447275
1.714513009 0.148492919
1.707715408 0.161426634
1.700631136 0.174243338
1.693263468 0.186938027
1.685615810 0.199505778
1.677691708 0.211941751
1.669494839 0.224241191
1.661029013 0.236399436
1.652298173 0.248411917
1.643306394 0.260274164
1.634057880 0.271981806
1.624556965 0.283530579
1.614808110 0.294916327
1.604815906 0.306135007
1.594585067 0.317182691
1.584120436 0.328055571
1.573426976 0.338749965
1.562509777 0.349262315
1.551374048 0.359589197
1.540025121 0.369727320
1.528468446 0.379673535
1.516709592 0.389424834
1.504754245 0.398978359
1.492608208 0.408331399
1.480277399 0.417481404
1.467767849 0.426425980
1.455085701 0.435162898
1.442237210 0.443690100
1.429228741 0.452005698
1.416066767 0.460107984
1.402757870 0.467995430
1.389308736 0.475666698
1.375726156 0.483120639
1.362017026 0.490356302
1.348188342 0.497372938
1.334247203 0.504170005
1.320200805 0.510747172
1.323689474 0.524085738
1.329454697 0.538484591
1.334990045 0.552970982
1.340290588 0.567539746
1.345351615 0.582185631
1.350168623 0.596903304
1.354737320 0.611687355
1.359053623 0.626532302
1.363113651 0.641432595
1.366913727 0.656382623
1.370450377 0.671376712
1.373720321 0.686409137
1.376720479 0.701474121
1.379447964 0.716565840
1.381900080 0.731678429
1.384074323 0.746805983
1.385968378 0.761942564
1.387580115 0.777082202
1.388907589 0.792218902
1.389949037 0.807346644
1.390702878 0.822459389
1.391167710 0.837551085
1.391342309 0.852615663
1.391225624 0.867647051
1.390816780 0.882639168
1.390115073 0.897585933
1.389119970 0.912481267
1.387831106 0.927319098
1.386248282 0.942093360
1.384371466 0.956798001
1.382200788 0.971426984
1.379736539 0.985974292
1.376979171 1.000433928
1.373929293 1.014799922
1.370587670 1.029066331
1.366955223 1.043227246
1.363033025 1.057276790
1.358822299 1.071209126
1.354324417 1.085018456
1.349540899 1.098699028
1.344473411 1.112245135
1.339123760 1.125651120
1.333493897 1.138911381
1.327585910 1.152020369
1.321402028 1.164972596
1.314944612 1.177762632
1.308216160 1.190385115
1.301219299 1.202834747
1.293956786 1.215106302
1.286431508 1.227194625
1.278646473 1.239094635
1.270604817 1.250801332
1.262309793 1.262309793
1.253764775 1.273615179
1.244973254 1.284712737
1.235938834 1.295597802
1.226665233 1.306265797
1.217156276 1.316712242
1.207415899 1.326932747
1.197448140 1.336923025
1.187257142 1.346678884
1.176847147 1.356196237
1.166222494 1.365471101
1.155387620 1.374499599
1.144347053 1.383277964
1.133105411 1.391802538
1.121667401 1.400069777
1.110037813 1.408076253
1.098221522 1.415818655
1.086223481 1.423293790
1.074048720 1.430498587
1.061702344 1.437430098
1.049189530 1.444085500
1.036515522 1.450462098
1.023685632 1.456557323
1.010705233 1.462368739
0.997579760 1.467894041
0.984314705 1.473131059
0.970915612 1.478077758
0.957388080 1.482732240
0.943737754 1.487092746
0.929970325 1.491157659
0.916091526 1.494925503
0.902107130 1.498394945
0.888022946 1.501564798
0.873844815 1.504434023
0.859578609 1.507001727
0.845230225 1.509267167
0.830805586 1.511229751
0.816310633 1.512889041
0.801751325 1.514244751
0.787133634 1.515296749
0.772463542 1.516045062
0.757747038 1.516489872
0.742990116 1.516631522
0.728198769 1.516470514
0.713378985 1.516007512
0.698536748 1.515243341
0.683678030 1.514178992
0.668808789 1.512815619
0.653934965 1.511154543
0.639062480 1.509197255
0.624197226 1.506945409
0.609345071 1.504400834
0.594511849 1.501565527
0.579703357 1.498441658
0.564925355 1.495031571
0.550183555 1.491337784
0.535483626 1.487362990
0.520831182 1.483110061
0.506231784 1.478582045
0.491690930 1.473782171
0.477214058 1.468713849
0.462806535 1.463380671
0.448473659 1.457786411
0.434220647 1.451935029
0.420052640 1.445830671
0.405974690 1.439477672
0.391991762 1.432880553
0.378108723 1.426044029
0.364330344 1.418973005
0.350661291 1.411672580
0.337106121 1.404148049
0.323669277 1.396404903
0.310355084 1.388448831
0.298135506 1.384780802
0.289433077 1.397619464
0.280529945 1.410319273
0.271427576 1.422873182
0.262127627 1.435274277
0.252631945 1.447515775
0.242942559 1.459591024
0.233061676 1.471493507
0.222991676 1.483216838
0.212735106 1.494754767
0.202294679 1.506101178
0.191673261 1.517250089
0.180873875 1.528195654
0.169899693 1.538932164
0.158754029 1.549454047
0.147440339 1.559755866
0.135962214 1.569832323
0.124323375 1.579678261
0.112527672 1.589288658
0.100579076 1.598658632
0.088481677 1.607783444
0.076239679 1.616658492
0.063857398 1.625279316
0.051339255 1.633641598
0.038689775 1.641741163
0.025913579 1.649573975
0.013015384 1.657136144
0.000000000 1.664423923
