   0.0000000e+00   1.1486984e+00   0.0000000e+00
   1.9200664e+00   2.0368973e-01   2.1568149e+00
   1.8885650e+00   4.9576055e-01   8.8758570e-01
   5.4550764e-01   4.3732889e-01   2.3708526e+00
   6.4288531e+00   0.0000000e+00   0.0000000e+00
   2.6474620e+00   1.4750094e-01   1.4207661e+00
   5.3711246e-02   7.9204976e-01   1.4805895e+00
   4.1295620e-01   9.4257876e-01   5.0996683e-01
   1.7916397e+00   6.3189949e-01   4.8771860e-01
   0.0000000e+00   9.0611255e-01   1.0423903e+00
   2.0829943e+00   6.5951839e-03   4.3151952e+00
   0.0000000e+00   1.0220483e+00   5.4736271e-01
   8.3323603e-01   4.0290027e-01   2.1838140e+00
   1.7426782e+00   4.0831096e-01   1.4569353e+00
   1.3928020e+00   4.9571966e-01   1.9103044e+00
   1.8461454e+00   6.7613791e-01   6.1661936e-03
   6.7573727e-03   3.8021946e-01   4.3137401e+00
   2.3132998e+00   4.1036679e-04   3.5908748e+00
   3.8838863e+00   0.0000000e+00   8.3618818e-01
   1.1347649e+00   9.2319472e-01   1.2342900e-01
   2.1059228e+00   2.9101329e-01   1.2306075e+00
   2.5470814e+00   6.1417357e-01   1.0076373e-02
   1.0217815e-02   7.2518973e-01   2.0425771e+00
   4.0326023e+00   6.4347953e-02   4.1570912e-01
   3.3752311e+00   1.8737385e-01   5.7004270e-01
   3.6857127e+00   2.9966530e-01   7.6710948e-03
   1.4720775e+00   2.4231204e-02   4.2282163e+00
   2.7458577e+00   6.8848632e-02   1.1030194e+00
   0.0000000e+00   0.0000000e+00   6.5383180e+00
   2.3415371e+00   4.9092721e-01   4.1252050e-01
   3.9076976e-01   1.0881543e+00   0.0000000e+00
   1.6023912e+00   8.3869455e-02   2.5028666e+00
   1.3312346e+00   5.9130891e-01   8.5659386e-01
   5.5859998e-01   4.3732889e-01   2.4277537e+00
   5.4247174e-01   8.4834119e-01   1.0905277e+00
   1.3349017e+00   9.3320617e-02   3.5998679e+00
   4.9463079e-01   3.8442998e-01   2.7829709e+00
   7.5689137e-01   3.1454283e-01   2.7616166e+00
   4.6323388e+00   0.0000000e+00   5.0395648e-01
   2.1325126e+00   3.6159317e-01   9.0727867e-01
   1.1710832e+00   2.2507940e-01   2.7050605e+00
   2.7743587e+00   5.3081890e-01   1.3936311e-02
   1.1547504e+00   3.0347796e-01   2.4922884e+00
   6.9305633e-01   8.3058049e-01   1.0011024e+00
   2.9793624e+00   3.0088065e-01   4.6458983e-01
   2.3635178e+00   0.0000000e+00   2.3478175e+00
   5.8217906e-01   2.1608152e-01   3.9938422e+00
   3.2946993e-01   6.6915617e-01   1.9735898e+00
   1.0093315e+00   7.9533184e-01   4.7730646e-01
   3.4475116e-01   6.5307075e-01   1.8967673e+00
   2.0299134e+00   2.2700340e-01   1.6470347e+00
   5.1283820e-01   7.2908990e-01   1.6236898e+00
   1.5571133e+00   8.5103562e-01   1.0666918e-02
   4.4080621e-02   6.1394596e-01   2.4553461e+00
   9.5258605e-01   6.7540503e-01   9.4563551e-01
   4.6012383e+00   1.6038521e-01   0.0000000e+00
   4.4981814e-01   2.3445500e-01   4.5695813e+00
   3.2652448e+00   3.8490480e-01   7.0164935e-02
   3.4907581e-02   8.8864227e-01   9.3545249e-01
   4.2552699e-01   2.5619588e-01   3.3325451e+00
   3.3298945e+00   5.6378420e-02   1.7078970e+00
   8.3052312e-01   9.9175610e-01   1.6866636e-01
   9.5404704e-01   5.7091545e-01   1.3879340e+00
   2.1268526e+00   1.1183492e-01   1.9407691e+00
   1.0776363e-02   8.0619507e-01   1.5983228e+00
   2.9699509e+00   1.5551894e-01   6.8980721e-01
   3.7489148e+00   1.7747010e-01   4.1069876e-01
   2.2661470e+00   1.2547677e-01   1.9227428e+00
   2.2153328e-02   5.0455240e-01   2.8658762e+00
   2.7901869e+00   2.9700150e-01   8.6109080e-01
   1.2356339e+00   3.5611557e-01   1.9110303e+00
   3.3468700e+00   1.8415378e-01   5.9942664e-01
   8.1499954e-01   1.4240508e-01   3.1747443e+00
   9.8532902e-03   3.6627818e-01   3.3519372e+00
   4.4406435e+00   7.3541858e-01   0.0000000e+00
   5.8491506e-01   1.0606997e+00   0.0000000e+00
   3.8411705e+00   1.5487223e-01   5.9619405e-03
   6.1452670e+00   0.0000000e+00   4.0402323e-01
   1.5368489e+00   6.9087818e-01   4.5742558e-01
   1.7916397e+00   6.3189949e-01   4.8771860e-01
   1.5781539e-02   1.8144084e-02   5.4891796e+00
   1.6941920e+00   8.1183899e-02   2.6107082e+00
   2.4483223e+00   6.6715866e-02   2.0725788e+00
   3.9831546e+00   6.4029621e-02   4.3112579e-01
   3.7227391e+00   2.2937490e-01   1.1144630e-02
   1.4321771e+00   4.8232909e-01   1.3324179e+00
   2.5136142e+00   1.4512011e-01   1.4911083e+00
   2.3416310e+00   4.8635448e-01   4.0899837e-01
   4.0137004e-01   2.8666138e-01   3.1787392e+00
   4.3916062e-02   1.0490183e+00   3.5958817e-01
   3.5939451e+00   1.2299593e-01   9.8731638e-01
