0.000000000 0.000000000 2.112066171
0.000000000 0.000000000 2.043722032
0.000000000 0.000000000 2.003154520
0.000000000 0.000000000 1.981934860
0.000000000 0.000000000 1.974327453
0.000000000 0.000000000 1.978069117
0.000000000 0.000000000 1.994285818
0.000000000 0.000000000 2.027560463
0.000000000 0.000000000 2.085658934
0.000000000 0.000000000 2.176730016
0.000000000 0.000000000 2.300471374
0.000000000 0.000000000 2.433523786
0.000000000 0.000000000 2.524639182
0.000000000 0.000000000 2.524639182
0.000000000 0.000000000 2.433523786
0.000000000 0.000000000 2.300471374
0.000000000 0.000000000 2.176730016
0.000000000 0.000000000 2.085658934
0.000000000 0.000000000 2.027560463
0.000000000 0.000000000 1.994285818
0.000000000 0.000000000 1.978069117
0.000000000 0.000000000 1.974327453
0.000000000 0.000000000 1.981934860
0.000000000 0.000000000 2.003154520
0.000000000 0.000000000 2.043722032
0.000000000 0.000000000 2.112066171
0.000000000 0.081748881 1.961973151
0.003168726 0.076049413 1.901235318
0.006217135 0.071497058 1.865140635
0.009231239 0.067695753 1.846247805
0.012263149 0.064381535 1.839472421
0.015356708 0.061426833 1.842805002
0.018572455 0.058812774 1.857245501
0.022013361 0.056605784 1.886859479
0.025846871 0.054924600 1.938515293
0.030290410 0.053849618 2.019360669
0.035482848 0.053224273 2.128970910
0.041186568 0.052419269 2.246540084
0.046537769 0.050415916 2.326888436
0.050415916 0.046537769 2.326888436
0.052419269 0.041186568 2.246540084
0.053224273 0.035482848 2.128970910
0.053849618 0.030290410 2.019360669
0.054924600 0.025846871 1.938515293
0.056605784 0.022013361 1.886859479
0.058812774 0.018572455 1.857245501
0.061426833 0.015356708 1.842805002
0.064381535 0.012263149 1.839472421
0.067695753 0.009231239 1.846247805
0.071497058 0.006217135 1.865140635
0.076049413 0.003168726 1.901235318
0.081748881 0.000000000 1.961973151
0.000000000 0.160252362 1.842902158
0.006217135 0.149211251 1.787426442
0.012204768 0.140354833 1.754435418
0.018126887 0.132930504 1.737159999
0.024082970 0.126435591 1.730963449
0.030156720 0.120626880 1.734011401
0.036463655 0.115468240 1.747216785
0.043200076 0.111085911 1.774288856
0.050684728 0.107705046 1.821482400
0.059330302 0.105476093 1.895273546
0.069397843 0.104096764 1.995187984
0.080431892 0.102367863 2.102197186
0.090792537 0.098358582 2.175237870
0.098358582 0.090792537 2.175237870
0.102367863 0.080431892 2.102197186
0.104096764 0.069397843 1.995187984
0.105476093 0.059330302 1.895273546
0.107705046 0.050684728 1.821482400
0.111085911 0.043200076 1.774288856
0.115468240 0.036463655 1.747216785
0.120626880 0.030156720 1.734011401
0.126435591 0.024082970 1.730963449
0.132930504 0.018126887 1.737159999
0.140354833 0.012204768 1.754435418
0.149211251 0.006217135 1.787426442
0.160252362 0.000000000 1.842902158
0.000000000 0.237832183 1.744102677
0.009231239 0.221549737 1.692393821
0.018126887 0.208459200 1.661631304
0.026926679 0.197462315 1.645519292
0.035776133 0.187824701 1.639739449
0.044797704 0.179190815 1.642582471
0.054160334 0.171507725 1.654899104
0.064150980 0.164959663 1.680144717
0.075235209 0.159874820 1.724140212
0.088014899 0.156470931 1.792896085
0.102868777 0.154303166 1.885927583
0.119129159 0.151618930 1.985485984
0.134404113 0.145604455 2.053396165
0.145604455 0.134404113 2.053396165
0.151618930 0.119129159 1.985485984
0.154303166 0.102868777 1.885927583
0.156470931 0.088014899 1.792896085
0.159874820 0.075235209 1.724140212
0.164959663 0.064150980 1.680144717
0.171507725 0.054160334 1.654899104
0.179190815 0.044797704 1.642582471
0.187824701 0.035776133 1.639739449
0.197462315 0.026926679 1.645519292
0.208459200 0.018126887 1.661631304
0.221549737 0.009231239 1.692393821
0.237832183 0.000000000 1.744102677
0.000000000 0.315892392 1.658435061
0.012263149 0.294315587 1.609538368
0.024082970 0.276954152 1.580444888
0.035776133 0.262358312 1.565205838
0.047534901 0.249558232 1.559738947
0.059521068 0.238084274 1.562428046
0.071957831 0.227866464 1.574077546
0.085224224 0.219148005 1.597954205
0.099935038 0.212361957 1.639559224
0.116884620 0.207794881 1.704567382
0.136571866 0.204857799 1.792505743
0.158113932 0.201235914 1.886586692
0.178353858 0.193216680 1.950745327
0.193216680 0.178353858 1.950745327
0.201235914 0.158113932 1.886586692
0.204857799 0.136571866 1.792505743
0.207794881 0.116884620 1.704567382
0.212361957 0.099935038 1.639559224
0.219148005 0.085224224 1.597954205
0.227866464 0.071957831 1.574077546
0.238084274 0.059521068 1.562428046
0.249558232 0.047534901 1.559738947
0.262358312 0.035776133 1.565205838
0.276954152 0.024082970 1.580444888
0.294315587 0.012263149 1.609538368
0.315892392 0.000000000 1.658435061
0.000000000 0.395613823 1.582455294
0.015356708 0.368561000 1.535670835
0.030156720 0.346802280 1.507836001
0.044797704 0.328516494 1.493256792
0.059521068 0.312485609 1.488026711
0.074529966 0.298119864 1.490599320
0.090104659 0.285331420 1.501744313
0.106721136 0.274425778 1.524587658
0.125151551 0.265947047 1.564394392
0.146393849 0.260255731 1.626598319
0.171075378 0.256613067 1.710753783
0.198088034 0.252112044 1.800800312
0.223465785 0.242087934 1.862214877
0.242087934 0.223465785 1.862214877
0.252112044 0.198088034 1.800800312
0.256613067 0.171075378 1.710753783
0.260255731 0.146393849 1.626598319
0.265947047 0.125151551 1.564394392
0.274425778 0.106721136 1.524587658
0.285331420 0.090104659 1.501744313
0.298119864 0.074529966 1.490599320
0.312485609 0.059521068 1.488026711
0.328516494 0.044797704 1.493256792
0.346802280 0.030156720 1.507836001
0.368561000 0.015356708 1.535670835
0.395613823 0.000000000 1.582455294
0.000000000 0.478628596 1.515657222
0.018572455 0.445738920 1.470319355
0.036463655 0.419332028 1.443352997
0.054160334 0.397175785 1.429231045
0.071957831 0.377778611 1.424165399
0.090104659 0.360418635 1.426657098
0.108943743 0.344988520 1.437452167
0.129057713 0.331862691 1.459581278
0.151392287 0.321708610 1.498152842
0.177171164 0.314970958 1.558450053
0.207166697 0.310750046 1.640069686
0.240025475 0.305486969 1.727456072
0.270884693 0.293458417 1.787086513
0.293458417 0.270884693 1.787086513
0.305486969 0.240025475 1.727456072
0.310750046 0.207166697 1.640069686
0.314970958 0.177171164 1.558450053
0.321708610 0.151392287 1.498152842
0.331862691 0.129057713 1.459581278
0.344988520 0.108943743 1.437452167
0.360418635 0.090104659 1.426657098
0.377778611 0.071957831 1.424165399
0.397175785 0.054160334 1.429231045
0.419332028 0.036463655 1.443352997
0.445738920 0.018572455 1.470319355
0.478628596 0.000000000 1.515657222
0.000000000 0.567716930 1.459843534
0.022013361 0.528320654 1.415144609
0.043200076 0.496800880 1.388573887
0.064150980 0.470440521 1.374663859
0.085224224 0.447427177 1.369675033
0.106721136 0.426884544 1.372128892
0.129057713 0.408682758 1.382761211
0.152941268 0.393277546 1.404562664
0.179521314 0.381482793 1.442581990
0.210288781 0.373846722 1.502062724
0.246192289 0.369288434 1.582664717
0.285596104 0.363485950 1.669068138
0.322576490 0.349457864 1.728088340
0.349457864 0.322576490 1.728088340
0.363485950 0.285596104 1.669068138
0.369288434 0.246192289 1.582664717
0.373846722 0.210288781 1.502062724
0.381482793 0.179521314 1.442581990
0.393277546 0.152941268 1.404562664
0.408682758 0.129057713 1.382761211
0.426884544 0.106721136 1.372128892
0.447427177 0.085224224 1.369675033
0.470440521 0.064150980 1.374663859
0.496800880 0.043200076 1.388573887
0.528320654 0.022013361 1.415144609
0.567716930 0.000000000 1.459843534
0.000000000 0.667410859 1.418248075
0.025846871 0.620324894 1.373114999
0.050684728 0.582874368 1.346313079
0.075235209 0.551724868 1.332290164
0.099935038 0.524658952 1.327262229
0.125151551 0.500606206 1.329735233
0.151392287 0.479408909 1.340452543
0.179521314 0.461626237 1.362438546
0.210945842 0.448259914 1.400812232
0.247498411 0.439997176 1.460928122
0.290360872 0.435541307 1.542542130
0.337550391 0.429609589 1.630214958
0.381787987 0.413603652 1.690207233
0.413603652 0.381787987 1.690207233
0.429609589 0.337550391 1.630214958
0.435541307 0.290360872 1.542542130
0.439997176 0.247498411 1.460928122
0.448259914 0.210945842 1.400812232
0.461626237 0.179521314 1.362438546
0.479408909 0.151392287 1.340452543
0.500606206 0.125151551 1.329735233
0.524658952 0.099935038 1.327262229
0.551724868 0.075235209 1.332290164
0.582874368 0.050684728 1.346313079
0.620324894 0.025846871 1.373114999
0.667410859 0.000000000 1.418248075
0.000000000 0.783622806 1.393107210
0.030290410 0.726969841 1.346240446
0.059330302 0.682298477 1.318451163
0.088014899 0.645442591 1.303924426
0.116884620 0.613644258 1.298718006
0.146393849 0.585575395 1.301278656
0.177171164 0.561042019 1.312378992
0.210288781 0.540742581 1.335166866
0.247498411 0.525934124 1.374991174
0.291095091 0.517502383 1.437506620
0.342588808 0.513883213 1.522616926
0.399548539 0.508516322 1.614337531
0.452861839 0.490600325 1.677266069
0.490600325 0.452861839 1.677266069
0.508516322 0.399548539 1.614337531
0.513883213 0.342588808 1.522616926
0.517502383 0.291095091 1.437506620
0.525934124 0.247498411 1.374991174
0.540742581 0.210288781 1.335166866
0.561042019 0.177171164 1.312378992
0.585575395 0.146393849 1.301278656
0.613644258 0.116884620 1.298718006
0.645442591 0.088014899 1.303924426
0.682298477 0.059330302 1.318451163
0.726969841 0.030290410 1.346240446
0.783622806 0.000000000 1.393107210
0.000000000 0.920188550 1.380282825
0.035482848 0.851588364 1.330606819
0.069397843 0.798075194 1.301209555
0.102868777 0.754371033 1.285859716
0.136571866 0.717002297 1.280361245
0.171075378 0.684301513 1.283065337
0.207166697 0.656027874 1.294791857
0.246192289 0.633065887 1.318887264
0.290360872 0.617016852 1.361066585
0.342588808 0.609046770 1.427453368
0.404843509 0.607265263 1.518163157
0.474121155 0.603426925 1.616322121
0.538847704 0.583751680 1.683899076
0.583751680 0.538847704 1.683899076
0.603426925 0.474121155 1.616322121
0.607265263 0.404843509 1.518163157
0.609046770 0.342588808 1.427453368
0.617016852 0.290360872 1.361066585
0.633065887 0.246192289 1.318887264
0.656027874 0.207166697 1.294791857
0.684301513 0.171075378 1.283065337
0.717002297 0.136571866 1.280361245
0.754371033 0.102868777 1.285859716
0.798075194 0.069397843 1.301209555
0.851588364 0.035482848 1.330606819
0.920188550 0.000000000 1.380282825
0.000000000 1.070750466 1.362773320
0.041186568 0.988477637 1.310481716
0.080431892 0.924966762 1.279598287
0.119129159 0.873613833 1.263491081
0.158113932 0.830098145 1.257724461
0.198088034 0.792352137 1.260560218
0.240025475 0.760080672 1.272862369
0.285596104 0.734389981 1.298164107
0.337550391 0.717294581 1.342529965
0.399548539 0.710308514 1.412545340
0.474121155 0.711181733 1.508567312
0.557606510 0.709681013 1.612911394
0.635484625 0.688441678 1.684997113
0.688441678 0.635484625 1.684997113
0.709681013 0.557606510 1.612911394
0.711181733 0.474121155 1.508567312
0.710308514 0.399548539 1.412545340
0.717294581 0.337550391 1.342529965
0.734389981 0.285596104 1.298164107
0.760080672 0.240025475 1.272862369
0.792352137 0.198088034 1.260560218
0.830098145 0.158113932 1.257724461
0.873613833 0.119129159 1.263491081
0.924966762 0.080431892 1.279598287
0.988477637 0.041186568 1.310481716
1.070750466 0.000000000 1.362773320
0.000000000 1.211826807 1.312812375
0.046537769 1.116906449 1.260397903
0.090792537 1.044114178 1.229482275
0.134404113 0.985630159 1.213370461
0.178353858 0.936357757 1.207604250
0.223465785 0.893863141 1.210439670
0.270884693 0.857801526 1.222743404
0.322576490 0.829482403 1.248063801
0.381787987 0.811299472 1.292511414
0.452861839 0.805087713 1.362778681
0.538847704 0.808271557 1.459379200
0.635484625 0.808798614 1.564640176
0.725549573 0.786012037 1.637525078
0.786012037 0.725549573 1.637525078
0.808798614 0.635484625 1.564640176
0.808271557 0.538847704 1.459379200
0.805087713 0.452861839 1.362778681
0.811299472 0.381787987 1.292511414
0.829482403 0.322576490 1.248063801
0.857801526 0.270884693 1.222743404
0.893863141 0.223465785 1.210439670
0.936357757 0.178353858 1.207604250
0.985630159 0.134404113 1.213370461
1.044114178 0.090792537 1.229482275
1.116906449 0.046537769 1.260397903
1.211826807 0.000000000 1.312812375
0.000000000 1.312812375 1.211826807
0.050415916 1.209981987 1.163444218
0.098358582 1.131123693 1.134906715
0.145604455 1.067766006 1.120034272
0.193216680 1.014387570 1.114711615
0.242087934 0.968351736 1.117328926
0.293458417 0.929284987 1.128686219
0.349457864 0.898605937 1.152058894
0.413603652 0.878907761 1.193087459
0.490600325 0.872178356 1.257949552
0.583751680 0.875627520 1.347119261
0.688441678 0.876198499 1.444283240
0.786012037 0.851513040 1.511561610
0.851513040 0.786012037 1.511561610
0.876198499 0.688441678 1.444283240
0.875627520 0.583751680 1.347119261
0.872178356 0.490600325 1.257949552
0.878907761 0.413603652 1.193087459
0.898605937 0.349457864 1.152058894
0.929284987 0.293458417 1.128686219
0.968351736 0.242087934 1.117328926
1.014387570 0.193216680 1.114711615
1.067766006 0.145604455 1.120034272
1.131123693 0.098358582 1.134906715
1.209981987 0.050415916 1.163444218
1.312812375 0.000000000 1.211826807
0.000000000 1.362773320 1.070750466
0.052419269 1.258062447 1.029664205
0.102367863 1.177230424 1.005398654
0.151618930 1.111872151 0.992742992
0.201235914 1.056488548 0.988212077
0.252112044 1.008448175 0.990440171
0.305486969 0.967375400 1.000106147
0.363485950 0.934678157 1.019986084
0.429609589 0.912920376 1.054844973
0.508516322 0.904029018 1.109857053
0.603426925 0.905140387 1.185302888
0.709681013 0.903230381 1.267287524
0.808798614 0.876198499 1.323926303
0.876198499 0.808798614 1.323926303
0.903230381 0.709681013 1.267287524
0.905140387 0.603426925 1.185302888
0.904029018 0.508516322 1.109857053
0.912920376 0.429609589 1.054844973
0.934678157 0.363485950 1.019986084
0.967375400 0.305486969 1.000106147
1.008448175 0.252112044 0.990440171
1.056488548 0.201235914 0.988212077
1.111872151 0.151618930 0.992742992
1.177230424 0.102367863 1.005398654
1.258062447 0.052419269 1.029664205
1.362773320 0.000000000 1.070750466
0.000000000 1.380282825 0.920188550
0.053224273 1.277382546 0.887071212
0.104096764 1.197112791 0.867473037
0.154303166 1.131556550 0.857239810
0.204857799 1.075503446 0.853574163
0.256613067 1.026452270 0.855376891
0.310750046 0.984041812 0.863194572
0.369288434 0.949598830 0.879258176
0.435541307 0.925525278 0.907377724
0.513883213 0.913570156 0.951635579
0.607265263 0.910897894 1.012108771
0.711181733 0.905140387 1.077548080
0.808271557 0.875627520 1.122599384
0.875627520 0.808271557 1.122599384
0.905140387 0.711181733 1.077548080
0.910897894 0.607265263 1.012108771
0.913570156 0.513883213 0.951635579
0.925525278 0.435541307 0.907377724
0.949598830 0.369288434 0.879258176
0.984041812 0.310750046 0.863194572
1.026452270 0.256613067 0.855376891
1.075503446 0.204857799 0.853574163
1.131556550 0.154303166 0.857239810
1.197112791 0.104096764 0.867473037
1.277382546 0.053224273 0.887071212
1.380282825 0.000000000 0.920188550
0.000000000 1.393107210 0.783622806
0.053849618 1.292390828 0.757260251
0.105476093 1.212975070 0.741628779
0.156470931 1.147453495 0.733457490
0.207794881 1.090923125 0.730528878
0.260255731 1.041022924 0.731969244
0.314970958 0.997408034 0.738213183
0.373846722 0.961320143 0.751031362
0.439997176 0.934993998 0.773432535
0.517502383 0.920004237 0.808597474
0.609046770 0.913570156 0.856472021
0.710308514 0.904029018 0.908064861
0.805087713 0.872178356 0.943462164
0.872178356 0.805087713 0.943462164
0.904029018 0.710308514 0.908064861
0.913570156 0.609046770 0.856472021
0.920004237 0.517502383 0.808597474
0.934993998 0.439997176 0.773432535
0.961320143 0.373846722 0.751031362
0.997408034 0.314970958 0.738213183
1.041022924 0.260255731 0.731969244
1.090923125 0.207794881 0.730528878
1.147453495 0.156470931 0.733457490
1.212975070 0.105476093 0.741628779
1.292390828 0.053849618 0.757260251
1.393107210 0.000000000 0.783622806
0.000000000 1.418248075 0.667410859
0.054924600 1.318190399 0.646171764
0.107705046 1.238608032 0.633559096
0.159874820 1.172415344 0.626960077
0.212361957 1.114900273 0.624593990
0.265947047 1.063788187 0.625757757
0.321708610 1.018743933 0.630801197
0.381482793 0.980955753 0.641147551
0.448259914 0.952552318 0.659205756
0.525934124 0.934993998 0.687495587
0.617016852 0.925525278 0.725902179
0.717294581 0.912920376 0.767159980
0.811299472 0.878907761 0.795391639
0.878907761 0.811299472 0.795391639
0.912920376 0.717294581 0.767159980
0.925525278 0.617016852 0.725902179
0.934993998 0.525934124 0.687495587
0.952552318 0.448259914 0.659205756
0.980955753 0.381482793 0.641147551
1.018743933 0.321708610 0.630801197
1.063788187 0.265947047 0.625757757
1.114900273 0.212361957 0.624593990
1.172415344 0.159874820 0.626960077
1.238608032 0.107705046 0.633559096
1.318190399 0.054924600 0.646171764
1.418248075 0.000000000 0.667410859
0.000000000 1.459843534 0.567716930
0.056605784 1.358538825 0.550334015
0.111085911 1.277487976 0.540000956
0.164959663 1.209704196 0.534591501
0.219148005 1.150527028 0.532651402
0.274425778 1.097703114 0.533605680
0.331862691 1.050898520 0.537740471
0.393277546 1.011285118 0.546218814
0.461626237 0.980955753 0.561004107
0.540742581 0.961320143 0.584135504
0.633065887 0.949598830 0.615480723
0.734389981 0.934678157 0.649082054
0.829482403 0.898605937 0.672034355
0.898605937 0.829482403 0.672034355
0.934678157 0.734389981 0.649082054
0.949598830 0.633065887 0.615480723
0.961320143 0.540742581 0.584135504
0.980955753 0.461626237 0.561004107
1.011285118 0.393277546 0.546218814
1.050898520 0.331862691 0.537740471
1.097703114 0.274425778 0.533605680
1.150527028 0.219148005 0.532651402
1.209704196 0.164959663 0.534591501
1.277487976 0.111085911 0.540000956
1.358538825 0.056605784 0.550334015
1.459843534 0.000000000 0.567716930
0.000000000 1.515657222 0.478628596
0.058812774 1.411506581 0.464311375
0.115468240 1.327884757 0.455795683
0.171507725 1.257723319 0.451336119
0.227866464 1.196298935 0.449736442
0.285331420 1.141325678 0.450523294
0.344988520 1.092463647 0.453932263
0.408682758 1.050898520 0.460920404
0.479408909 1.018743933 0.473100897
0.561042019 0.997408034 0.492142122
0.656027874 0.984041812 0.517916743
0.760080672 0.967375400 0.545512444
0.857801526 0.929284987 0.564343110
0.929284987 0.857801526 0.564343110
0.967375400 0.760080672 0.545512444
0.984041812 0.656027874 0.517916743
0.997408034 0.561042019 0.492142122
1.018743933 0.479408909 0.473100897
1.050898520 0.408682758 0.460920404
1.092463647 0.344988520 0.453932263
1.141325678 0.285331420 0.450523294
1.196298935 0.227866464 0.449736442
1.257723319 0.171507725 0.451336119
1.327884757 0.115468240 0.455795683
1.411506581 0.058812774 0.464311375
1.515657222 0.000000000 0.478628596
0.000000000 1.582455294 0.395613823
0.061426833 1.474244001 0.383917709
0.120626880 1.387209121 0.376959000
0.179190815 1.314065977 0.373314198
0.238084274 1.249942437 0.372006678
0.298119864 1.192479456 0.372649830
0.360418635 1.141325678 0.375436078
0.426884544 1.097703114 0.381146914
0.500606206 1.063788187 0.391098598
0.585575395 1.041022924 0.406649580
0.684301513 1.026452270 0.427688446
0.792352137 1.008448175 0.450200078
0.893863141 0.968351736 0.465553719
0.968351736 0.893863141 0.465553719
1.008448175 0.792352137 0.450200078
1.026452270 0.684301513 0.427688446
1.041022924 0.585575395 0.406649580
1.063788187 0.500606206 0.391098598
1.097703114 0.426884544 0.381146914
1.141325678 0.360418635 0.375436078
1.192479456 0.298119864 0.372649830
1.249942437 0.238084274 0.372006678
1.314065977 0.179190815 0.373314198
1.387209121 0.120626880 0.376959000
1.474244001 0.061426833 0.383917709
1.582455294 0.000000000 0.395613823
0.000000000 1.658435061 0.315892392
0.064381535 1.545156834 0.306578737
0.126435591 1.454009297 0.301037122
0.187824701 1.377381137 0.298134445
0.249558232 1.310180716 0.297093133
0.312485609 1.249942437 0.297605342
0.377778611 1.196298935 0.299824295
0.447427177 1.150527028 0.304372230
0.524658952 1.114900273 0.312296995
0.613644258 1.090923125 0.324679501
0.717002297 1.075503446 0.341429665
0.830098145 1.056488548 0.359349846
0.936357757 1.014387570 0.371570538
1.014387570 0.936357757 0.371570538
1.056488548 0.830098145 0.359349846
1.075503446 0.717002297 0.341429665
1.090923125 0.613644258 0.324679501
1.114900273 0.524658952 0.312296995
1.150527028 0.447427177 0.304372230
1.196298935 0.377778611 0.299824295
1.249942437 0.312485609 0.297605342
1.310180716 0.249558232 0.297093133
1.377381137 0.187824701 0.298134445
1.454009297 0.126435591 0.301037122
1.545156834 0.064381535 0.306578737
1.658435061 0.000000000 0.315892392
0.000000000 1.744102677 0.237832183
0.067695753 1.624698068 0.230780976
0.132930504 1.528700799 0.226586087
0.197462315 1.448056977 0.224388994
0.262358312 1.377381137 0.223600834
0.328516494 1.314065977 0.223988519
0.397175785 1.257723319 0.225668060
0.470440521 1.209704196 0.229110643
0.551724868 1.172415344 0.235110029
0.645442591 1.147453495 0.244485830
0.754371033 1.131556550 0.257171943
0.873613833 1.111872151 0.270748089
0.985630159 1.067766006 0.280008568
1.067766006 0.985630159 0.280008568
1.111872151 0.873613833 0.270748089
1.131556550 0.754371033 0.257171943
1.147453495 0.645442591 0.244485830
1.172415344 0.551724868 0.235110029
1.209704196 0.470440521 0.229110643
1.257723319 0.397175785 0.225668060
1.314065977 0.328516494 0.223988519
1.377381137 0.262358312 0.223600834
1.448056977 0.197462315 0.224388994
1.528700799 0.132930504 0.226586087
1.624698068 0.067695753 0.230780976
1.744102677 0.000000000 0.237832183
0.000000000 1.842902158 0.160252362
0.071497058 1.715929384 0.155428386
0.140354833 1.614080585 0.152559602
0.208459200 1.528700799 0.151057391
0.276954152 1.454009297 0.150518561
0.346802280 1.387209121 0.150783600
0.419332028 1.327884757 0.151931894
0.496800880 1.277487976 0.154285987
0.582874368 1.238608032 0.158389774
0.682298477 1.212975070 0.164806395
0.798075194 1.197112791 0.173494607
0.924966762 1.177230424 0.182799755
1.044114178 1.131123693 0.189151119
1.131123693 1.044114178 0.189151119
1.177230424 0.924966762 0.182799755
1.197112791 0.798075194 0.173494607
1.212975070 0.682298477 0.164806395
1.238608032 0.582874368 0.158389774
1.277487976 0.496800880 0.154285987
1.327884757 0.419332028 0.151931894
1.387209121 0.346802280 0.150783600
1.454009297 0.276954152 0.150518561
1.528700799 0.208459200 0.151057391
1.614080585 0.140354833 0.152559602
1.715929384 0.071497058 0.155428386
1.842902158 0.000000000 0.160252362
0.000000000 1.961973151 0.081748881
0.076049413 1.825185906 0.079218138
0.149211251 1.715929384 0.077714193
0.221549737 1.624698068 0.076926992
0.294315587 1.545156834 0.076644684
0.368561000 1.474244001 0.076783542
0.445738920 1.411506581 0.077385229
0.528320654 1.358538825 0.078619145
0.620324894 1.318190399 0.080771471
0.726969841 1.292390828 0.084140028
0.851588364 1.277382546 0.088707121
0.988477637 1.258062447 0.093605837
1.116906449 1.209981987 0.096953685
1.209981987 1.116906449 0.096953685
1.258062447 0.988477637 0.093605837
1.277382546 0.851588364 0.088707121
1.292390828 0.726969841 0.084140028
1.318190399 0.620324894 0.080771471
1.358538825 0.528320654 0.078619145
1.411506581 0.445738920 0.077385229
1.474244001 0.368561000 0.076783542
1.545156834 0.294315587 0.076644684
1.624698068 0.221549737 0.076926992
1.715929384 0.149211251 0.077714193
1.825185906 0.076049413 0.079218138
1.961973151 0.000000000 0.081748881
0.000000000 2.112066171 0.000000000
0.081748881 1.961973151 0.000000000
0.160252362 1.842902158 0.000000000
0.237832183 1.744102677 0.000000000
0.315892392 1.658435061 0.000000000
0.395613823 1.582455294 0.000000000
0.478628596 1.515657222 0.000000000
0.567716930 1.459843534 0.000000000
0.667410859 1.418248075 0.000000000
0.783622806 1.393107210 0.000000000
0.920188550 1.380282825 0.000000000
1.070750466 1.362773320 0.000000000
1.211826807 1.312812375 0.000000000
1.312812375 1.211826807 0.000000000
1.362773320 1.070750466 0.000000000
1.380282825 0.920188550 0.000000000
1.393107210 0.783622806 0.000000000
1.418248075 0.667410859 0.000000000
1.459843534 0.567716930 0.000000000
1.515657222 0.478628596 0.000000000
1.582455294 0.395613823 0.000000000
1.658435061 0.315892392 0.000000000
1.744102677 0.237832183 0.000000000
1.842902158 0.160252362 0.000000000
1.961973151 0.081748881 0.000000000
2.112066171 0.000000000 0.000000000
