0.000000000 1.148698355
0.011537563 1.147987527
0.023174445 1.147135007
0.034907847 1.146140967
0.046734927 1.145005714
0.058652804 1.143729676
0.070658560 1.142313391
0.082749248 1.140757497
0.094921894 1.139062723
0.107173497 1.137229882
0.119501038 1.135259859
0.131901479 1.133153612
0.144371765 1.130912156
0.156908827 1.128536564
0.169509586 1.126027962
0.182170949 1.123387520
0.194889817 1.120616448
0.207663081 1.117715997
0.220487628 1.114687451
0.233360335 1.111532124
0.246278080 1.108251358
0.259237731 1.104846522
0.272236159 1.101319006
0.285270227 1.097670220
0.298336798 1.093901594
0.311432735 1.090014572
0.324554897 1.086010616
0.337700143 1.081891198
0.350865332 1.077657804
0.364047321 1.073311930
0.377242970 1.068855080
0.390449134 1.064288770
0.403662674 1.059614518
0.416880445 1.054833854
0.429309929 1.048021296
0.441284644 1.040170947
0.453184558 1.032253715
0.465006558 1.024271203
0.476747538 1.016225016
0.488404396 1.008116766
0.499974035 0.999948069
0.511453365 0.991720549
0.522839305 0.983435836
0.534128782 0.975095567
0.545318732 0.966701388
0.556406103 0.958254955
0.567387856 0.949757932
0.578260964 0.941211995
0.589022420 0.932618831
0.599669230 0.923980140
0.610198424 0.915297636
0.620607053 0.906573048
0.630892193 0.897808121
0.641050950 0.889004619
0.651080458 0.880164323
0.660977890 0.871289036
0.670740455 0.862380585
0.680365407 0.853440818
0.689850050 0.844471613
0.699191738 0.835474873
0.708387888 0.826452536
0.717435982 0.817406570
0.726333577 0.808338980
0.735078309 0.799251812
0.743667906 0.790147150
0.752100197 0.781027128
0.760373121 0.771893926
0.768484739 0.762749778
0.776433248 0.753596976
0.784216996 0.744437873
0.791834494 0.735274888
0.799284440 0.726110512
0.806565728 0.716947314
0.813677480 0.707787945
0.820619061 0.698635147
0.827390106 0.689491755
0.833990549 0.680360711
0.840420649 0.671245064
0.846681028 0.662147984
0.852772703 0.653072766
0.858697123 0.644022842
0.864456215 0.635001787
0.870052426 0.626013331
0.875488774 0.617061365
0.880768898 0.608149953
0.885897115 0.599283342
0.890878479 0.590465968
0.895718846 0.581702469
0.900424937 0.572997687
0.905004410 0.564356683
0.909465931 0.555784736
0.913819243 0.547287349
0.918075244 0.538870252
0.922246057 0.530539399
0.926345103 0.522300962
0.930387161 0.514161326
0.934388432 0.506127067
0.938366585 0.498204939
0.942340795 0.490401842
0.946331761 0.482724787
0.950361708 0.475180854
0.954454358 0.467777136
0.958634877 0.460520676
0.962929788 0.453418395
0.967366848 0.446477007
0.971974879 0.439702921
0.976783564 0.433102146
0.981823198 0.426680175
0.987124394 0.420441871
0.992717748 0.414391353
0.998633481 0.408531878
1.004901041 0.402865733
1.011548700 0.397394132
1.018603138 0.392117137
1.026089045 0.387033587
1.034028739 0.382141056
1.042441828 0.377435834
1.051344922 0.372912942
1.060751402 0.368566165
1.070671271 0.364388122
1.081111071 0.360370357
1.092073886 0.356503459
1.103559408 0.352777188
1.115564090 0.349180630
1.128081341 0.345702346
1.141101784 0.342330535
1.154613545 0.339053184
1.168602571 0.335858219
1.183052953 0.332733643
1.197947262 0.329667657
1.213266865 0.326648771
1.228992233 0.323665893
1.245103224 0.320708406
1.261579335 0.317766224
1.268671600 0.312434051
1.271075897 0.305999753
1.273653800 0.299683247
1.276439494 0.293487913
1.279468390 0.287416812
1.282776865 0.281472621
1.286401952 0.275657561
1.290380978 0.269973325
1.294751152 0.264421010
1.299549113 0.259001047
1.304810443 0.253713142
1.310569164 0.248556221
1.316857227 0.243528391
1.323704011 0.238626914
1.331135857 0.233848191
1.339175643 0.229187778
1.347842423 0.224640404
1.357151155 0.220200022
1.367112502 0.215859869
1.377732746 0.211612546
1.389013787 0.207450111
1.400953244 0.203364181
1.413544646 0.199346040
1.426777697 0.195386755
1.440638606 0.191477283
1.455110465 0.187608582
1.470173659 0.183771707
1.485806296 0.179957905
1.501984632 0.176158691
1.518683486 0.172365917
1.535876642 0.168571827
1.553537208 0.164769098
1.571637953 0.160950875
1.590151594 0.157110786
1.609051052 0.153242957
1.628309665 0.149342011
1.647901360 0.145403061
1.667800799 0.141421705
1.687983478 0.137394004
1.708425813 0.133316465
1.729105191 0.129186020
1.750000000 0.125000000
1.771089644 0.120756112
1.792354544 0.116452414
1.813776118 0.112087288
1.835336766 0.107659419
1.857019832 0.103167768
1.878809573 0.098611552
1.900691115 0.093990220
1.922650413 0.089303434
1.944674208 0.084551053
1.966749980 0.079733107
1.988865905 0.074849792
2.011010811 0.069901445
2.033174137 0.064888536
2.055345893 0.059811653
2.077516616 0.054671490
2.099677341 0.049468838
2.121819558 0.044204574
2.143935183 0.038879654
2.166016527 0.033495101
2.188056265 0.028052003
2.210047409 0.022551504
2.231983282 0.016994797
2.253857497 0.011383119
2.275663932 0.005717749
2.297396710 0.000000000
