0.000000000 0.000000000 3.586985146
0.000000000 0.000000000 3.525398397
0.000000000 0.000000000 3.434769604
0.000000000 0.000000000 3.319765310
0.000000000 0.000000000 3.192673031
0.000000000 0.000000000 3.074389920
0.000000000 0.000000000 2.991046940
0.000000000 0.000000000 2.962974030
0.000000000 0.000000000 2.991621237
0.000000000 0.000000000 3.058079149
0.000000000 0.000000000 3.134986358
0.000000000 0.000000000 3.198718695
0.000000000 0.000000000 3.234098507
0.000000000 0.000000000 3.234098507
0.000000000 0.000000000 3.198718695
0.000000000 0.000000000 3.134986358
0.000000000 0.000000000 3.058079149
0.000000000 0.000000000 2.991621237
0.000000000 0.000000000 2.962974030
0.000000000 0.000000000 2.991046940
0.000000000 0.000000000 3.074389920
0.000000000 0.000000000 3.192673031
0.000000000 0.000000000 3.319765310
0.000000000 0.000000000 3.434769604
0.000000000 0.000000000 3.525398397
0.000000000 0.000000000 3.586985146
0.000000000 0.141015936 3.384382461
0.005542099 0.133010367 3.325259182
0.010794185 0.124133129 3.238255540
0.015639257 0.114687885 3.127851418
0.020038952 0.105204499 3.005842830
0.024102425 0.096409701 2.892291043
0.028122818 0.089055590 2.812281783
0.032495538 0.083559954 2.785331789
0.037504441 0.079696938 2.812833108
0.043149491 0.076710205 2.876632703
0.049174394 0.073761591 2.950463624
0.055213522 0.070271756 3.011646667
0.060912226 0.065988245 3.045611287
0.065988245 0.060912226 3.045611287
0.070271756 0.055213522 3.011646667
0.073761591 0.049174394 2.950463624
0.076710205 0.043149491 2.876632703
0.079696938 0.037504441 2.812833108
0.083559954 0.032495538 2.785331789
0.089055590 0.028122818 2.812281783
0.096409701 0.024102425 2.892291043
0.105204499 0.020038952 3.005842830
0.114687885 0.015639257 3.127851418
0.124133129 0.010794185 3.238255540
0.133010367 0.005542099 3.325259182
0.141015936 0.000000000 3.384382461
0.000000000 0.274781568 3.159988036
0.010794185 0.259060443 3.103328226
0.021008346 0.241595979 3.019949737
0.030408478 0.222995504 2.914145786
0.038917856 0.204318743 2.797220890
0.046754790 0.187019160 2.688400427
0.054505563 0.172600949 2.611724886
0.062960990 0.161899689 2.585897809
0.072688786 0.154463670 2.612253239
0.083688872 0.148780217 2.673394518
0.095448666 0.143172999 2.744149150
0.107236911 0.136483341 2.802782900
0.118344306 0.128206331 2.835332328
0.128206331 0.118344306 2.835332328
0.136483341 0.107236911 2.802782900
0.143172999 0.095448666 2.744149150
0.148780217 0.083688872 2.673394518
0.154463670 0.072688786 2.612253239
0.161899689 0.062960990 2.585897809
0.172600949 0.054505563 2.611724886
0.187019160 0.046754790 2.688400427
0.204318743 0.038917856 2.797220890
0.222995504 0.030408478 2.914145786
0.241595979 0.021008346 3.019949737
0.259060443 0.010794185 3.103328226
0.274781568 0.000000000 3.159988036
0.000000000 0.398371837 2.921393473
0.015639257 0.375342170 2.867197133
0.030408478 0.349697494 2.787443795
0.043956655 0.322348802 2.686240016
0.056168701 0.294885682 2.574398811
0.067372082 0.269488328 2.470309673
0.078446221 0.248413032 2.396967851
0.090577341 0.232913162 2.372263690
0.104617014 0.222311154 2.397473232
0.120565122 0.214337995 2.455956194
0.137652793 0.206479190 2.523634539
0.154783140 0.196996723 2.579718995
0.170892211 0.185133229 2.610853230
0.185133229 0.170892211 2.610853230
0.196996723 0.154783140 2.579718995
0.206479190 0.137652793 2.523634539
0.214337995 0.120565122 2.455956194
0.222311154 0.104617014 2.397473232
0.232913162 0.090577341 2.372263690
0.248413032 0.078446221 2.396967851
0.269488328 0.067372082 2.470309673
0.294885682 0.056168701 2.574398811
0.322348802 0.043956655 2.686240016
0.349697494 0.030408478 2.787443795
0.375342170 0.015639257 2.867197133
0.398371837 0.000000000 2.921393473
0.000000000 0.510827685 2.681845346
0.020038952 0.480934853 2.630112476
0.038917856 0.447555342 2.553984290
0.056168701 0.411903810 2.457380683
0.071638039 0.376099707 2.350623169
0.085762490 0.343049959 2.251265356
0.099714617 0.315762955 2.181257253
0.115076054 0.295909853 2.157676008
0.132982227 0.282587232 2.181739662
0.153432981 0.272769744 2.237564308
0.175403152 0.263104727 2.302166363
0.197430223 0.251274830 2.355701527
0.218095595 0.236270228 2.385420569
0.236270228 0.218095595 2.385420569
0.251274830 0.197430223 2.355701527
0.263104727 0.175403152 2.302166363
0.272769744 0.153432981 2.237564308
0.282587232 0.132982227 2.181739662
0.295909853 0.115076054 2.157676008
0.315762955 0.099714617 2.181257253
0.343049959 0.085762490 2.251265356
0.376099707 0.071638039 2.350623169
0.411903810 0.056168701 2.457380683
0.447555342 0.038917856 2.553984290
0.480934853 0.020038952 2.630112476
0.510827685 0.000000000 2.681845346
0.000000000 0.614877984 2.459511936
0.024102425 0.578458209 2.410242536
0.046754790 0.537680085 2.337739502
0.067372082 0.494061935 2.245736067
0.085762490 0.450253071 2.144062243
0.102471788 0.409887151 2.049435754
0.118965682 0.376724660 1.982761371
0.137221213 0.352854548 1.960303043
0.158657665 0.337147537 1.983220808
0.183274842 0.325821942 2.036387137
0.209791290 0.314686936 2.097912905
0.236378865 0.300845828 2.148898774
0.261264315 0.283036341 2.177202624
0.283036341 0.261264315 2.177202624
0.300845828 0.236378865 2.148898774
0.314686936 0.209791290 2.097912905
0.325821942 0.183274842 2.036387137
0.337147537 0.158657665 1.983220808
0.352854548 0.137221213 1.960303043
0.376724660 0.118965682 1.982761371
0.409887151 0.102471788 2.049435754
0.450253071 0.085762490 2.144062243
0.494061935 0.067372082 2.245736067
0.537680085 0.046754790 2.337739502
0.578458209 0.024102425 2.410242536
0.614877984 0.000000000 2.459511936
0.000000000 0.717851266 2.273195675
0.028122818 0.674947628 2.226389745
0.054505563 0.626813973 2.157511863
0.078446221 0.575272284 2.070108599
0.099714617 0.523501741 1.973518467
0.118965682 0.475862729 1.883623302
0.137958263 0.436867833 1.820282638
0.159064807 0.409023790 1.798947226
0.183988457 0.390975471 1.820719104
0.212728977 0.378184849 1.871227116
0.243748623 0.365622934 1.929676595
0.274853620 0.349813698 1.978113171
0.303916067 0.329242406 2.005001829
0.329242406 0.303916067 2.005001829
0.349813698 0.274853620 1.978113171
0.365622934 0.243748623 1.929676595
0.378184849 0.212728977 1.871227116
0.390975471 0.183988457 1.820719104
0.409023790 0.159064807 1.798947226
0.436867833 0.137958263 1.820282638
0.475862729 0.118965682 1.883623302
0.523501741 0.099714617 1.973518467
0.575272284 0.078446221 2.070108599
0.626813973 0.054505563 2.157511863
0.674947628 0.028122818 2.226389745
0.717851266 0.000000000 2.273195675
0.000000000 0.829632728 2.133341302
0.032495538 0.779892901 2.088998842
0.062960990 0.724051386 2.023746111
0.090577341 0.664233833 1.940943019
0.115076054 0.604149282 1.849436579
0.137221213 0.548884852 1.764272739
0.159064807 0.503705223 1.704265793
0.183374692 0.471534923 1.684053298
0.212137867 0.450792967 1.704679287
0.245354058 0.436184991 1.752528983
0.281229227 0.421843841 1.807902174
0.317203974 0.403714148 1.853789457
0.350795745 0.380028724 1.879262921
0.380028724 0.350795745 1.879262921
0.403714148 0.317203974 1.853789457
0.421843841 0.281229227 1.807902174
0.436184991 0.245354058 1.752528983
0.450792967 0.212137867 1.704679287
0.471534923 0.183374692 1.684053298
0.503705223 0.159064807 1.704265793
0.548884852 0.137221213 1.764272739
0.604149282 0.115076054 1.849436579
0.664233833 0.090577341 1.940943019
0.724051386 0.062960990 2.023746111
0.779892901 0.032495538 2.088998842
0.829632728 0.000000000 2.133341302
0.000000000 0.957318796 2.034302441
0.037504441 0.900106595 1.992423451
0.072688786 0.835921037 1.930795872
0.104617014 0.767191434 1.852592952
0.132982227 0.698156692 1.766170203
0.158657665 0.634630659 1.685737687
0.183988457 0.582630113 1.629064461
0.212137867 0.545497372 1.609974882
0.245376750 0.521425594 1.629454983
0.283704796 0.504364081 1.674646363
0.325071673 0.487607510 1.726943265
0.366552354 0.466521178 1.770281254
0.405309634 0.439085437 1.794339526
0.439085437 0.405309634 1.794339526
0.466521178 0.366552354 1.770281254
0.487607510 0.325071673 1.726943265
0.504364081 0.283704796 1.674646363
0.521425594 0.245376750 1.629454983
0.545497372 0.212137867 1.609974882
0.582630113 0.183988457 1.629064461
0.634630659 0.158657665 1.685737687
0.698156692 0.132982227 1.766170203
0.767191434 0.104617014 1.852592952
0.835921037 0.072688786 1.930795872
0.900106595 0.037504441 1.992423451
0.957318796 0.000000000 2.034302441
0.000000000 1.100908493 1.957170655
0.043149491 1.035587773 1.917755135
0.083688872 0.962422026 1.859752708
0.120565122 0.884144230 1.786149960
0.153432981 0.805523151 1.704810901
0.183274842 0.733099369 1.629109710
0.212728977 0.673641762 1.575770203
0.245354058 0.630910434 1.557803541
0.283704796 0.602872691 1.576137753
0.327780840 0.582721494 1.618670816
0.375275572 0.562913358 1.667891430
0.422898331 0.538234240 1.708680126
0.467457266 0.506412038 1.731323206
0.506412038 0.467457266 1.731323206
0.538234240 0.422898331 1.708680126
0.562913358 0.375275572 1.667891430
0.582721494 0.327780840 1.618670816
0.602872691 0.283704796 1.576137753
0.630910434 0.245354058 1.557803541
0.673641762 0.212728977 1.575770203
0.733099369 0.183274842 1.629109710
0.805523151 0.153432981 1.704810901
0.884144230 0.120565122 1.786149960
0.962422026 0.083688872 1.859752708
1.035587773 0.043149491 1.917755135
1.100908493 0.000000000 1.957170655
0.000000000 1.253994543 1.880991815
0.049174394 1.180185450 1.844039765
0.095448666 1.097659660 1.789662489
0.137652793 1.009453815 1.720659913
0.175403152 0.920866545 1.644404545
0.209791290 0.839165162 1.573434679
0.243748623 0.771870638 1.523428891
0.281229227 0.723160870 1.506585145
0.325071673 0.690777306 1.523773469
0.375275572 0.667156572 1.563648216
0.429278011 0.643917017 1.609792541
0.483422703 0.615265259 1.648031944
0.534163146 0.578676741 1.669259831
0.578676741 0.534163146 1.669259831
0.615265259 0.483422703 1.648031944
0.643917017 0.429278011 1.609792541
0.667156572 0.375275572 1.563648216
0.690777306 0.325071673 1.523773469
0.723160870 0.281229227 1.506585145
0.771870638 0.243748623 1.523428891
0.839165162 0.209791290 1.573434679
0.920866545 0.175403152 1.644404545
1.009453815 0.137652793 1.720659913
1.097659660 0.095448666 1.789662489
1.180185450 0.049174394 1.844039765
1.253994543 0.000000000 1.880991815
0.000000000 1.407436226 1.791282469
0.055213522 1.325124534 1.756793889
0.107236911 1.233224476 1.706041765
0.154783140 1.135076358 1.641639361
0.197430223 1.036508672 1.570467684
0.236378865 0.945515461 1.504229142
0.274853620 0.870369795 1.457557074
0.317203974 0.815667361 1.441836244
0.366552354 0.778923752 1.457878680
0.422898331 0.751819255 1.495095110
0.483422703 0.725134055 1.538163147
0.544103554 0.692495433 1.573853256
0.601039730 0.651126374 1.593665951
0.651126374 0.601039730 1.593665951
0.692495433 0.544103554 1.573853256
0.725134055 0.483422703 1.538163147
0.751819255 0.422898331 1.495095110
0.778923752 0.366552354 1.457878680
0.815667361 0.317203974 1.441836244
0.870369795 0.274853620 1.457557074
0.945515461 0.236378865 1.504229142
1.036508672 0.197430223 1.570467684
1.135076358 0.154783140 1.641639361
1.233224476 0.107236911 1.706041765
1.325124534 0.055213522 1.756793889
1.407436226 0.000000000 1.791282469
0.000000000 1.552367283 1.681731224
0.060912226 1.461893418 1.649706114
0.118344306 1.360959517 1.602579142
0.170892211 1.253209550 1.542776909
0.218095595 1.145001873 1.476688924
0.261264315 1.045057260 1.415181706
0.303916067 0.962400878 1.371843357
0.350795745 0.902046202 1.357245443
0.405309634 0.861282973 1.372141991
0.467457266 0.831035139 1.406700105
0.534163146 0.801244719 1.446691854
0.601039730 0.764959656 1.479832669
0.663831214 0.719150482 1.498230171
0.719150482 0.663831214 1.498230171
0.764959656 0.601039730 1.479832669
0.801244719 0.534163146 1.446691854
0.831035139 0.467457266 1.406700105
0.861282973 0.405309634 1.372141991
0.902046202 0.350795745 1.357245443
0.962400878 0.303916067 1.371843357
1.045057260 0.261264315 1.415181706
1.145001873 0.218095595 1.476688924
1.253209550 0.170892211 1.542776909
1.360959517 0.118344306 1.602579142
1.461893418 0.060912226 1.649706114
1.552367283 0.000000000 1.681731224
0.000000000 1.681731224 1.552367283
0.065988245 1.583717869 1.522805644
0.128206331 1.474372810 1.479303823
0.185133229 1.357643680 1.424101762
0.236270228 1.240418696 1.363097468
0.283036341 1.132145365 1.306321575
0.329242406 1.042600951 1.266316945
0.380028724 0.977216719 1.252841948
0.439085437 0.933056554 1.266592607
0.506412038 0.900288067 1.298492404
0.578676741 0.868015112 1.335407865
0.651126374 0.828706295 1.365999387
0.719150482 0.779079689 1.382981696
0.779079689 0.719150482 1.382981696
0.828706295 0.651126374 1.365999387
0.868015112 0.578676741 1.335407865
0.900288067 0.506412038 1.298492404
0.933056554 0.439085437 1.266592607
0.977216719 0.380028724 1.252841948
1.042600951 0.329242406 1.266316945
1.132145365 0.283036341 1.306321575
1.240418696 0.236270228 1.363097468
1.357643680 0.185133229 1.424101762
1.474372810 0.128206331 1.479303823
1.583717869 0.065988245 1.522805644
1.681731224 0.000000000 1.552367283
0.000000000 1.791282469 1.407436226
0.070271756 1.686522134 1.380338056
0.136483341 1.569558424 1.340461387
0.196996723 1.444642637 1.289859498
0.251274830 1.319192855 1.233938895
0.300845828 1.203383314 1.181894326
0.349813698 1.107743376 1.145223415
0.403714148 1.038122096 1.132871335
0.466521178 0.991357502 1.145476106
0.538234240 0.956860871 1.174717587
0.615265259 0.922897888 1.208556759
0.692495433 0.881357823 1.236598987
0.764959656 0.828706295 1.252166104
0.828706295 0.764959656 1.252166104
0.881357823 0.692495433 1.236598987
0.922897888 0.615265259 1.208556759
0.956860871 0.538234240 1.174717587
0.991357502 0.466521178 1.145476106
1.038122096 0.403714148 1.132871335
1.107743376 0.349813698 1.145223415
1.203383314 0.300845828 1.181894326
1.319192855 0.251274830 1.233938895
1.444642637 0.196996723 1.289859498
1.569558424 0.136483341 1.340461387
1.686522134 0.070271756 1.380338056
1.791282469 0.000000000 1.407436226
0.000000000 1.880991815 1.253994543
0.073761591 1.770278174 1.229359843
0.143172999 1.646489490 1.193108326
0.206479190 1.514180723 1.147106608
0.263104727 1.381299818 1.096269697
0.314686936 1.258747743 1.048956452
0.365622934 1.157805957 1.015619261
0.421843841 1.084741304 1.004390097
0.487607510 1.036165959 1.015848979
0.562913358 1.000734858 1.042432144
0.643917017 0.965875525 1.073195028
0.725134055 0.922897888 1.098687962
0.801244719 0.868015112 1.112839887
0.868015112 0.801244719 1.112839887
0.922897888 0.725134055 1.098687962
0.965875525 0.643917017 1.073195028
1.000734858 0.562913358 1.042432144
1.036165959 0.487607510 1.015848979
1.084741304 0.421843841 1.004390097
1.157805957 0.365622934 1.015619261
1.258747743 0.314686936 1.048956452
1.381299818 0.263104727 1.096269697
1.514180723 0.206479190 1.147106608
1.646489490 0.143172999 1.193108326
1.770278174 0.073761591 1.229359843
1.880991815 0.000000000 1.253994543
0.000000000 1.957170655 1.100908493
0.076710205 1.841044930 1.078737264
0.148780217 1.710972491 1.046110898
0.214337995 1.571811964 1.004709352
0.272769744 1.432041157 0.958956132
0.325821942 1.303287768 0.916374212
0.378184849 1.197585354 0.886370739
0.436184991 1.121618549 0.876264492
0.504364081 1.071773672 0.886577486
0.582721494 1.035949322 0.910502334
0.667156572 1.000734858 0.938188930
0.751819255 0.956860871 0.961132571
0.831035139 0.900288067 0.973869303
0.900288067 0.831035139 0.973869303
0.956860871 0.751819255 0.961132571
1.000734858 0.667156572 0.938188930
1.035949322 0.582721494 0.910502334
1.071773672 0.504364081 0.886577486
1.121618549 0.436184991 0.876264492
1.197585354 0.378184849 0.886370739
1.303287768 0.325821942 0.916374212
1.432041157 0.272769744 0.958956132
1.571811964 0.214337995 1.004709352
1.710972491 0.148780217 1.046110898
1.841044930 0.076710205 1.078737264
1.957170655 0.000000000 1.100908493
0.000000000 2.034302441 0.957318796
0.079696938 1.912726513 0.937611036
0.154463670 1.776332203 0.908609822
0.222311154 1.630281798 0.871808448
0.282587232 1.483582970 0.831138919
0.337147537 1.348590150 0.793288323
0.390975471 1.238088990 0.766618570
0.450792967 1.159181915 0.757635239
0.521425594 1.108029388 0.766802345
0.602872691 1.071773672 0.788068877
0.690777306 1.036165959 0.812679183
0.778923752 0.991357502 0.833073531
0.861282973 0.933056554 0.844395071
0.933056554 0.861282973 0.844395071
0.991357502 0.778923752 0.833073531
1.036165959 0.690777306 0.812679183
1.071773672 0.602872691 0.788068877
1.108029388 0.521425594 0.766802345
1.159181915 0.450792967 0.757635239
1.238088990 0.390975471 0.766618570
1.348590150 0.337147537 0.793288323
1.483582970 0.282587232 0.831138919
1.630281798 0.222311154 0.871808448
1.776332203 0.154463670 0.908609822
1.912726513 0.079696938 0.937611036
2.034302441 0.000000000 0.957318796
0.000000000 2.133341302 0.829632728
0.083559954 2.005438888 0.812388439
0.161899689 1.861846422 0.787012377
0.232913162 1.708029857 0.754811174
0.295909853 1.553526726 0.719225336
0.352854548 1.411418191 0.686106065
0.409023790 1.295242003 0.662770031
0.471534923 1.212518375 0.654909616
0.545497372 1.159181915 0.662930834
0.630910434 1.121618549 0.681539049
0.723160870 1.084741304 0.703073068
0.815667361 1.038122096 0.720918122
0.902046202 0.977216719 0.730824469
0.977216719 0.902046202 0.730824469
1.038122096 0.815667361 0.720918122
1.084741304 0.723160870 0.703073068
1.121618549 0.630910434 0.681539049
1.159181915 0.545497372 0.662930834
1.212518375 0.471534923 0.654909616
1.295242003 0.409023790 0.662770031
1.411418191 0.352854548 0.686106065
1.553526726 0.295909853 0.719225336
1.708029857 0.232913162 0.754811174
1.861846422 0.161899689 0.787012377
2.005438888 0.083559954 0.812388439
2.133341302 0.000000000 0.829632728
0.000000000 2.273195675 0.717851266
0.089055590 2.137334155 0.703070446
0.172600949 1.984910914 0.681319536
0.248413032 1.821695567 0.653718505
0.315762955 1.657755512 0.623216358
0.376724660 1.506898642 0.594828411
0.436867833 1.383414805 0.574826096
0.503705223 1.295242003 0.568088598
0.582630113 1.238088990 0.574963927
0.673641762 1.197585354 0.590913826
0.771870638 1.157805957 0.609371556
0.870369795 1.107743376 0.624667317
0.962400878 1.042600951 0.633158472
1.042600951 0.962400878 0.633158472
1.107743376 0.870369795 0.624667317
1.157805957 0.771870638 0.609371556
1.197585354 0.673641762 0.590913826
1.238088990 0.582630113 0.574963927
1.295242003 0.503705223 0.568088598
1.383414805 0.436867833 0.574826096
1.506898642 0.376724660 0.594828411
1.657755512 0.315762955 0.623216358
1.821695567 0.248413032 0.653718505
1.984910914 0.172600949 0.681319536
2.137334155 0.089055590 0.703070446
2.273195675 0.000000000 0.717851266
0.000000000 2.459511936 0.614877984
0.096409701 2.313832835 0.602560634
0.187019160 2.150720342 0.584434875
0.269488328 1.976247739 0.561434017
0.343049959 1.801012284 0.536015561
0.409887151 1.639548604 0.512358939
0.475862729 1.506898642 0.495690343
0.548884852 1.411418191 0.490075761
0.634630659 1.348590150 0.495805202
0.733099369 1.303287768 0.509096784
0.839165162 1.258747743 0.524478226
0.945515461 1.203383314 0.537224694
1.045057260 1.132145365 0.544300656
1.132145365 1.045057260 0.544300656
1.203383314 0.945515461 0.537224694
1.258747743 0.839165162 0.524478226
1.303287768 0.733099369 0.509096784
1.348590150 0.634630659 0.495805202
1.411418191 0.548884852 0.490075761
1.506898642 0.475862729 0.495690343
1.639548604 0.409887151 0.512358939
1.801012284 0.343049959 0.536015561
1.976247739 0.269488328 0.561434017
2.150720342 0.187019160 0.584434875
2.313832835 0.096409701 0.602560634
2.459511936 0.000000000 0.614877984
0.000000000 2.681845346 0.510827685
0.105204499 2.524907977 0.500973805
0.204318743 2.349665547 0.486473198
0.294885682 2.162495001 0.468072511
0.376099707 1.974523462 0.447737746
0.450253071 1.801012284 0.428812449
0.523501741 1.657755512 0.415477572
0.604149282 1.553526726 0.410985906
0.698156692 1.483582970 0.415569459
0.805523151 1.432041157 0.426202725
0.920866545 1.381299818 0.438507879
1.036508672 1.319192855 0.448705053
1.145001873 1.240418696 0.454365823
1.240418696 1.145001873 0.454365823
1.319192855 1.036508672 0.448705053
1.381299818 0.920866545 0.438507879
1.432041157 0.805523151 0.426202725
1.483582970 0.698156692 0.415569459
1.553526726 0.604149282 0.410985906
1.657755512 0.523501741 0.415477572
1.801012284 0.450253071 0.428812449
1.974523462 0.376099707 0.447737746
2.162495001 0.294885682 0.468072511
2.349665547 0.204318743 0.486473198
2.524907977 0.105204499 0.500973805
2.681845346 0.000000000 0.510827685
0.000000000 2.921393473 0.398371837
0.114687885 2.752509248 0.390981427
0.222995504 2.564448292 0.380105972
0.322348802 2.363891214 0.366305457
0.411903810 2.162495001 0.351054383
0.494061935 1.976247739 0.336860410
0.575272284 1.821695567 0.326859252
0.664233833 1.708029857 0.323490503
0.767191434 1.630281798 0.326928168
0.884144230 1.571811964 0.334903117
1.009453815 1.514180723 0.344131983
1.135076358 1.444642637 0.351779863
1.253209550 1.357643680 0.356025440
1.357643680 1.253209550 0.356025440
1.444642637 1.135076358 0.351779863
1.514180723 1.009453815 0.344131983
1.571811964 0.884144230 0.334903117
1.630281798 0.767191434 0.326928168
1.708029857 0.664233833 0.323490503
1.821695567 0.575272284 0.326859252
1.976247739 0.494061935 0.336860410
2.162495001 0.411903810 0.351054383
2.363891214 0.322348802 0.366305457
2.564448292 0.222995504 0.380105972
2.752509248 0.114687885 0.390981427
2.921393473 0.000000000 0.398371837
0.000000000 3.159988036 0.274781568
0.124133129 2.979195097 0.269854628
0.241595979 2.778353758 0.262604325
0.349697494 2.564448292 0.253403981
0.447555342 2.349665547 0.243236599
0.537680085 2.150720342 0.233773950
0.626813973 1.984910914 0.227106512
0.724051386 1.861846422 0.224860679
0.835921037 1.776332203 0.227152456
0.962422026 1.710972491 0.232469088
1.097659660 1.646489490 0.238621665
1.233224476 1.569558424 0.243720252
1.360959517 1.474372810 0.246550637
1.474372810 1.360959517 0.246550637
1.569558424 1.233224476 0.243720252
1.646489490 1.097659660 0.238621665
1.710972491 0.962422026 0.232469088
1.776332203 0.835921037 0.227152456
1.861846422 0.724051386 0.224860679
1.984910914 0.626813973 0.227106512
2.150720342 0.537680085 0.233773950
2.349665547 0.447555342 0.243236599
2.564448292 0.349697494 0.253403981
2.778353758 0.241595979 0.262604325
2.979195097 0.124133129 0.269854628
3.159988036 0.000000000 0.274781568
0.000000000 3.384382461 0.141015936
0.133010367 3.192248814 0.138552466
0.259060443 2.979195097 0.134927314
0.375342170 2.752509248 0.130327142
0.480934853 2.524907977 0.125243451
0.578458209 2.313832835 0.120512127
0.674947628 2.137334155 0.117178408
0.779892901 2.005438888 0.116055491
0.900106595 1.912726513 0.117201379
1.035587773 1.841044930 0.119859696
1.180185450 1.770278174 0.122935984
1.325124534 1.686522134 0.125485278
1.461893418 1.583717869 0.126900470
1.583717869 1.461893418 0.126900470
1.686522134 1.325124534 0.125485278
1.770278174 1.180185450 0.122935984
1.841044930 1.035587773 0.119859696
1.912726513 0.900106595 0.117201379
2.005438888 0.779892901 0.116055491
2.137334155 0.674947628 0.117178408
2.313832835 0.578458209 0.120512127
2.524907977 0.480934853 0.125243451
2.752509248 0.375342170 0.130327142
2.979195097 0.259060443 0.134927314
3.192248814 0.133010367 0.138552466
3.384382461 0.000000000 0.141015936
0.000000000 3.586985146 0.000000000
0.141015936 3.384382461 0.000000000
0.274781568 3.159988036 0.000000000
0.398371837 2.921393473 0.000000000
0.510827685 2.681845346 0.000000000
0.614877984 2.459511936 0.000000000
0.717851266 2.273195675 0.000000000
0.829632728 2.133341302 0.000000000
0.957318796 2.034302441 0.000000000
1.100908493 1.957170655 0.000000000
1.253994543 1.880991815 0.000000000
1.407436226 1.791282469 0.000000000
1.552367283 1.681731224 0.000000000
1.681731224 1.552367283 0.000000000
1.791282469 1.407436226 0.000000000
1.880991815 1.253994543 0.000000000
1.957170655 1.100908493 0.000000000
2.034302441 0.957318796 0.000000000
2.133341302 0.829632728 0.000000000
2.273195675 0.717851266 0.000000000
2.459511936 0.614877984 0.000000000
2.681845346 0.510827685 0.000000000
2.921393473 0.398371837 0.000000000
3.159988036 0.274781568 0.000000000
3.384382461 0.141015936 0.000000000
3.586985146 0.000000000 0.000000000
