0.000000000 5.062272708
0.000156060 5.020182763
0.000623366 4.973549140
0.001399336 4.922609629
0.002479796 4.867675780
0.003859169 4.809122265
0.005530711 4.747374305
0.007486797 4.682893884
0.009719223 4.616165476
0.012219515 4.547682012
0.014979226 4.477931719
0.017990201 4.407386343
0.021244815 4.336491136
0.024736155 4.265656846
0.028458161 4.195253785
0.032405712 4.125607941
0.036574671 4.056999011
0.040961884 3.989660113
0.045565147 3.923778951
0.050383144 3.859500119
0.055415360 3.796928279
0.060661986 3.736131944
0.066123813 3.677147605
0.071802127 3.619984023
0.077698601 3.564626485
0.083815201 3.511040912
0.090154095 3.459177705
0.096717577 3.408975272
0.103507996 3.360363182
0.110527708 3.313264945
0.117779027 3.267600401
0.125264196 3.223287740
0.132985366 3.180245171
0.140944580 3.138392280
0.149143774 3.097651091
0.157584775 3.057946881
0.166269312 3.019208776
0.175199031 2.981370166
0.184375510 2.944368959
0.193800285 2.908147717
0.203474873 2.872653691
0.213400798 2.837838773
0.223579625 2.803659395
0.234012991 2.770076385
0.244702637 2.737054792
0.255650451 2.704563696
0.266858501 2.672576003
0.278329084 2.641068250
0.290064767 2.610020398
0.302068436 2.579415648
0.314343353 2.549240253
0.326893207 2.519483349
0.339722180 2.490136797
0.352835011 2.461195031
0.366237067 2.432654922
0.379934421 2.404515649
0.393933933 2.376778572
0.408243339 2.349447115
0.422871337 2.322526641
0.437827689 2.296024328
0.453123316 2.269949034
0.468770396 2.244311147
0.484782464 2.219122416
0.501174505 2.194395754
0.517963038 2.170145013
0.535166188 2.146384711
0.552803742 2.123129721
0.570897172 2.100394901
0.589469633 2.078194663
0.608545906 2.056542481
0.628152300 2.035450323
0.648316476 2.014928008
0.669067194 1.994982496
0.690433974 1.975617093
0.712446643 1.956830598
0.735134764 1.938616390
0.758526940 1.920961476
0.782649971 1.903845518
0.807527871 1.887239873
0.833180745 1.871106678
0.859623520 1.855398031
0.886864574 1.840055307
0.914904258 1.825008681
0.943733386 1.810176909
0.973331719 1.795467440
1.003666526 1.780776911
1.034691302 1.765992090
1.066344726 1.750991308
1.098549974 1.735646411
1.131214467 1.719825220
1.164230173 1.703394495
1.197474516 1.686223315
1.230811977 1.668186790
1.264096386 1.649169972
1.297173908 1.629071781
1.329886640 1.607808762
1.362076711 1.585318469
1.393590737 1.561562267
1.424284396 1.536527372
1.454026938 1.510227973
1.482705348 1.482705348
1.510227973 1.454026938
1.536527372 1.424284396
1.561562267 1.393590737
1.585318469 1.362076711
1.607808762 1.329886640
1.629071781 1.297173908
1.649169972 1.264096386
1.668186790 1.230811977
1.686223315 1.197474516
1.703394495 1.164230173
1.719825220 1.131214467
1.735646411 1.098549974
1.750991308 1.066344726
1.765992090 1.034691302
1.780776911 1.003666526
1.795467440 0.973331719
1.810176909 0.943733386
1.825008681 0.914904258
1.840055307 0.886864574
1.855398031 0.859623520
1.871106678 0.833180745
1.887239873 0.807527871
1.903845518 0.782649971
1.920961476 0.758526940
1.938616390 0.735134764
1.956830598 0.712446643
1.975617093 0.690433974
1.994982496 0.669067194
2.014928008 0.648316476
2.035450323 0.628152300
2.056542481 0.608545906
2.078194663 0.589469633
2.100394901 0.570897172
2.123129721 0.552803742
2.146384711 0.535166188
2.170145013 0.517963038
2.194395754 0.501174505
2.219122416 0.484782464
2.244311147 0.468770396
2.269949034 0.453123316
2.296024328 0.437827689
2.322526641 0.422871337
2.349447115 0.408243339
2.376778572 0.393933933
2.404515649 0.379934421
2.432654922 0.366237067
2.461195031 0.352835011
2.490136797 0.339722180
2.519483349 0.326893207
2.549240253 0.314343353
2.579415648 0.302068436
2.610020398 0.290064767
2.641068250 0.278329084
2.672576003 0.266858501
2.704563696 0.255650451
2.737054792 0.244702637
2.770076385 0.234012991
2.803659395 0.223579625
2.837838773 0.213400798
2.872653691 0.203474873
2.908147717 0.193800285
2.944368959 0.184375510
2.981370166 0.175199031
3.019208776 0.166269312
3.057946881 0.157584775
3.097651091 0.149143774
3.138392280 0.140944580
3.180245171 0.132985366
3.223287740 0.125264196
3.267600401 0.117779027
3.313264945 0.110527708
3.360363182 0.103507996
3.408975272 0.096717577
3.459177705 0.090154095
3.511040912 0.083815201
3.564626485 0.077698601
3.619984023 0.071802127
3.677147605 0.066123813
3.736131944 0.060661986
3.796928279 0.055415360
3.859500119 0.050383144
3.923778951 0.045565147
3.989660113 0.040961884
4.056999011 0.036574671
4.125607941 0.032405712
4.195253785 0.028458161
4.265656846 0.024736155
4.336491136 0.021244815
4.407386343 0.017990201
4.477931719 0.014979226
4.547682012 0.012219515
4.616165476 0.009719223
4.682893884 0.007486797
4.747374305 0.005530711
4.809122265 0.003859169
4.867675780 0.002479796
4.922609629 0.001399336
4.973549140 0.000623366
5.020182763 0.000156060
5.062272708 0.000000000
