0.000000000 3.401770674
0.000104942 3.375811265
0.000420043 3.351332195
0.000946115 3.328261873
0.001684472 3.306507139
0.002636877 3.285957077
0.003805472 3.266487512
0.005192700 3.247965879
0.006801225 3.230256116
0.008633856 3.213223284
0.010693476 3.196737626
0.012982986 3.180677878
0.015505262 3.164933677
0.018263124 3.149407011
0.021259319 3.134012729
0.024496508 3.118678161
0.027977259 3.103341995
0.031704042 3.087952555
0.035679214 3.072465672
0.039904994 3.056842341
0.044383424 3.041046373
0.049116324 3.025042209
0.054105218 3.008793091
0.059351259 2.992259680
0.064855143 2.975399251
0.070617016 2.958165463
0.076636393 2.940508711
0.082912077 2.922376973
0.089442097 2.903717020
0.096223668 2.884475861
0.103253158 2.864602202
0.110526080 2.844047779
0.118037090 2.822768382
0.125779984 2.800724449
0.133747691 2.777881171
0.141932241 2.754208042
0.150324705 2.729677909
0.158915089 2.704265557
0.167692179 2.677945927
0.176643324 2.650692068
0.185754152 2.622472951
0.195008220 2.593251262
0.204386598 2.562981331
0.213867390 2.531607342
0.223425219 2.499062020
0.233030702 2.465266054
0.242649960 2.430128541
0.252244244 2.393548868
0.261769789 2.355420469
0.271178028 2.315637000
0.280416360 2.274101439
0.289429683 2.230738512
0.298162905 2.185510587
0.306564629 2.138436715
0.314592101 2.089613781
0.322217352 2.039237886
0.329434224 1.987623150
0.336265660 1.935214395
0.342770365 1.882589894
0.349047726 1.830450862
0.355239843 1.779595778
0.361529724 1.730879757
0.368135118 1.685161803
0.375298091 1.643245076
0.383271036 1.605816761
0.392300361 1.573394424
0.402609412 1.546284774
0.414382274 1.524558987
0.427749999 1.508046754
0.442780638 1.496349219
0.459474102 1.488869353
0.477762545 1.484856810
0.497516362 1.483463010
0.518555267 1.483801042
0.540663235 1.485004346
0.563605473 1.486278246
0.587145395 1.486939522
0.611059611 1.486441123
0.635149489 1.484381511
0.659248526 1.480500273
0.683225491 1.474663269
0.706983928 1.466841238
0.730458951 1.457085716
0.753612356 1.445505379
0.776427029 1.432244961
0.798901363 1.417467919
0.821044212 1.401343165
0.842870631 1.384035681
0.864398516 1.365700440
0.885646106 1.346478986
0.906630254 1.326497990
0.927365360 1.305869202
0.947862818 1.284690319
0.968130884 1.263046394
0.988174856 1.241011527
1.007997498 1.218650643
1.027599623 1.196021228
1.046980805 1.173174933
1.066140135 1.150158988
1.085076999 1.127017385
1.103791805 1.103791805
1.122286614 1.080522278
1.140565634 1.057247574
1.158635531 1.034005353
1.176505530 1.010832091
1.194187308 0.987762838
1.211694683 0.964830860
1.229043142 0.942067234
1.246249251 0.919500451
1.263330041 0.897156098
1.280302416 0.875056663
1.297182687 0.853221481
1.313986284 0.831666858
1.330727700 0.810406344
1.347420702 0.789451147
1.364078805 0.768810639
1.380715996 0.748492923
1.397347668 0.728505396
1.413991698 0.708855272
1.430669585 0.689550019
1.447407575 0.670597669
1.464237656 0.652006983
1.481198346 0.633787450
1.498335163 0.615949120
1.515700713 0.598502280
1.533354329 0.581457001
1.551361218 0.564822572
1.569791138 0.548606882
1.588716612 0.532815785
1.608210772 0.517452502
1.628344945 0.502517115
1.649186108 0.488006187
1.670794394 0.473912562
1.693220805 0.460225346
1.716505308 0.446930090
1.740675431 0.434009165
1.765745491 0.421442297
1.791716480 0.409207236
1.818576618 0.397280496
1.846302530 0.385638136
1.874860928 0.374256509
1.904210676 0.363112947
1.934305072 0.352186346
1.965094173 0.341457614
1.996527003 0.330909974
2.028553504 0.320529127
2.061126098 0.310303270
2.094200783 0.300223000
2.127737723 0.290281120
2.161701309 0.280472373
2.196059721 0.270793141
2.230784057 0.261241127
2.265847108 0.251815048
2.301221889 0.242514362
2.336880062 0.233339037
2.372790369 0.224289385
2.408917230 0.215365947
2.445219603 0.206569449
2.481650222 0.197900796
2.518155269 0.189361125
2.554674489 0.180951873
2.591141734 0.172674862
2.627485850 0.164532384
2.663631785 0.156527261
2.699501783 0.148662891
2.735016485 0.140943245
2.770095789 0.133372845
2.804659334 0.125956699
2.838626473 0.118700213
2.871915695 0.111609090
2.904443435 0.104689215
2.936122302 0.097946549
2.966858740 0.091387028
2.996550209 0.085016479
3.025081970 0.078840566
3.052323606 0.072864750
3.078125449 0.067094278
3.102315151 0.061534202
3.124694731 0.056189404
3.145038556 0.051064654
3.163092898 0.046164667
3.178577885 0.041494168
3.191192900 0.037057942
3.200626629 0.032860868
3.206573058 0.028907908
3.208754544 0.025204037
3.206952655 0.021754101
3.201046554 0.018562577
3.191057326 0.015633244
3.177194856 0.012968769
3.159901870 0.010570256
3.139888115 0.008436806
3.118146848 0.006565182
3.095946475 0.004949658
3.074792600 0.003582146
3.056359735 0.002452632
3.042396608 0.001549923
3.034613482 0.000862641
3.034562860 0.000380341
3.043525982 0.000094613
3.062416633 0.000000000
