   1.7136169e+00   0.0000000e+00   0.0000000e+00   0.0000000e+00   4.1016972e-01
   0.0000000e+00   0.0000000e+00   8.1695547e-01   0.0000000e+00   9.9980433e-01
   7.6348006e-01   9.5413240e-02   2.9832592e-01   6.0898815e-13   1.8271747e-01
   0.0000000e+00   1.6551791e-01   8.8049360e-02   4.5642797e-02   1.2626779e+00
   1.1814940e+00   1.1813595e-01   0.0000000e+00   0.0000000e+00   3.3935511e-01
   5.7115204e-01   5.7126352e-01   0.0000000e+00   0.0000000e+00   4.1018735e-01
   1.3259323e+00   0.0000000e+00   0.0000000e+00   8.1158976e-02   3.8081091e-01
   0.0000000e+00   5.5102806e-01   0.0000000e+00   4.3277192e-06   1.0549849e+00
   1.3822586e+00   1.1515114e-01   1.8031252e-01   8.0378151e-10   1.1010568e-01
   8.4747607e-01   3.1767050e-01   1.6603659e-01   0.0000000e+00   1.0146210e-01
   6.0033371e-01   1.0011256e-01   6.2599693e-01   0.0000000e+00   9.5795828e-02
   6.5053622e-01   3.2519018e-01   1.6926003e-01   0.0000000e+00   2.0763626e-01
   2.7358379e-01   5.4742705e-01   2.1410494e-01   0.0000000e+00   3.9318869e-01
   2.7195432e-01   4.0746911e-01   8.5045431e-01   0.0000000e+00   1.3012184e-01
   1.1927126e+00   0.0000000e+00   3.7337760e-01   2.1585401e-06   2.2829172e-01
   1.0358532e+00   2.0698673e-01   1.6223799e-01   6.3390276e-02   2.0553912e-09
   6.0737409e-01   1.5205475e-01   0.0000000e+00   0.0000000e+00   8.7245959e-01
   8.8578043e-01   3.3210309e-01   4.4027414e-06   6.7732295e-02   1.0600238e-01
   3.6431387e-01   3.9411877e-03   8.3973732e-01   0.0000000e+00   8.5717175e-01
   9.4493525e-01   2.3632945e-01   0.0000000e+00   0.0000000e+00   3.3931399e-01
   1.0540265e+00   1.0539190e-01   1.6491168e-01   6.4523009e-02   1.0086430e-01
   0.0000000e+00   0.0000000e+00   0.0000000e+00   0.0000000e+00   1.2631902e+00
   6.0273453e-01   7.5445501e-01   0.0000000e+00   0.0000000e+00   2.8888396e-01
   0.0000000e+00   7.5143135e-01   5.0148977e-06   4.8391166e-07   5.7548154e-01
   0.0000000e+00   2.7288163e-01   4.2684479e-01   0.0000000e+00   6.5314440e-01
   3.6743399e-01   3.6727093e-01   0.0000000e+00   0.0000000e+00   1.0548998e+00
   2.6757508e-01   2.6848221e-01   2.0998932e-01   0.0000000e+00   6.4183671e-01
   5.4571583e-01   0.0000000e+00   4.2691768e-01   0.0000000e+00   6.5316150e-01
   5.6123989e-01   1.8712344e-01   2.9266229e-01   0.0000000e+00   1.7911363e-01
   4.0650200e-01   2.0324928e-01   7.0250717e-04   1.2445624e-01   2.9081891e-01
   8.4223486e-01   2.1053772e-01   1.6471610e-01   6.5099395e-02   1.0033751e-01
   0.0000000e+00   0.0000000e+00   1.2394147e+00   5.6694848e-10   3.7919712e-01
   8.2673419e-01   1.0343202e-01   4.8498684e-01   2.0278421e-06   9.8654872e-02
   2.8413686e-01   8.5424125e-01   2.2322169e-01   8.9226472e-02   0.0000000e+00
   3.1650150e-01   9.5155391e-01   0.0000000e+00   0.0000000e+00   3.0365195e-01
   4.0111906e-01   1.0024121e-01   4.7068763e-01   0.0000000e+00   2.8799985e-01
   3.0002701e-01   3.0018684e-01   1.1738740e+00   1.0922559e-07   1.4355312e-01
   7.0887045e-01   3.5443449e-01   0.0000000e+00   0.0000000e+00   3.3934876e-01
   5.8013464e-07   4.5015296e-01   1.1737512e+00   1.3802244e-07   1.4353811e-01
   1.6962119e-01   8.5132014e-02   2.6570478e-01   1.0406890e-01   2.4193910e-01
   2.5931751e-01   5.1934888e-01   4.0607988e-01   0.0000000e+00   2.4852638e-01
   0.0000000e+00   3.8775184e-01   8.0975829e-01   8.0700575e-02   1.2554922e-01
   4.2335165e-01   2.1167064e-01   6.6207180e-01   0.0000000e+00   1.0132574e-01
   5.6980012e-01   9.3363299e-02   4.4335154e-01   5.8019071e-02   9.0532522e-02
   7.0718445e-01   2.3575546e-01   2.1515049e-07   4.1332673e-07   4.5134627e-01
   5.4276481e-01   2.7145860e-01   0.0000000e+00   0.0000000e+00   6.5016108e-01
   5.9163119e-01   1.9718095e-01   1.5421808e-01   1.6658712e-05   2.8361084e-01
   1.8938101e+00   0.0000000e+00   2.1176323e-01   7.3638721e-08   1.2947206e-01
   1.0868206e+00   3.2588001e-01   1.7020412e-01   6.2300835e-07   8.6068382e-07
   7.7035478e-01   1.2829969e-01   9.8601880e-09   1.4955259e-07   6.1441013e-01
   6.2352075e-01   2.0825882e-01   1.1783675e-03   6.3732099e-02   2.9689292e-01
   0.0000000e+00   4.7407350e-01   3.7082341e-01   9.9575889e-15   3.4040051e-01
   1.9148470e-01   9.5740990e-02   1.4971527e-01   1.1707680e-01   3.6588106e-01
   2.7915177e-01   5.5763882e-01   8.7275183e-01   4.7830754e-07   1.0292489e-06
   2.5231276e-01   5.0537958e-01   3.9540029e-01   7.7056250e-02   1.1987894e-01
   1.0268243e-07   7.8597396e-01   2.0498419e-01   8.4539576e-07   2.5078251e-01
   6.7931235e-01   0.0000000e+00   3.5482077e-01   6.9378161e-02   3.2521035e-01
   4.8462508e-01   3.6313719e-01   3.5848906e-04   8.1579509e-02   3.5080664e-01
   3.5617110e-01   1.7782701e-01   1.3921374e-01   1.0880852e-01   1.7014437e-01
   7.4006651e-01   9.2266451e-02   2.8912241e-01   5.7553476e-02   8.8664184e-02
   2.4358179e-01   1.2183151e-01   5.7091388e-01   1.4726297e-05   4.6568998e-01
   4.3828666e-01   1.0982828e-01   3.4386911e-01   0.0000000e+00   4.2248211e-01
   5.8851054e-01   7.4255641e-05   6.8994236e-01   0.0000000e+00   5.6332979e-01
   1.2579606e+00   0.0000000e+00   1.9680941e-01   2.0065738e-06   3.6111572e-01
   0.0000000e+00   3.7108435e-01   2.0322203e+00   0.0000000e+00   1.9536805e-06
   6.7993742e-01   3.4016529e-01   3.9286604e-04   7.0021077e-02   2.1717459e-01
   8.2045078e-01   6.8448926e-01   0.0000000e+00   8.3766474e-02   1.4337976e-06
   0.0000000e+00   4.9857151e-01   1.9498355e-01   3.0506010e-01   1.1615178e-06
   0.0000000e+00   3.0122093e-01   1.5675748e-01   1.2327371e-01   2.8847629e-01
   7.0734023e-01   0.0000000e+00   1.6599843e+00   2.5556863e-07   1.6930593e-01
   1.9920466e-01   2.0368447e-01   1.5831304e-01   1.2247976e-01   2.8982713e-01
   1.0682036e-03   7.9779729e-01   0.0000000e+00   1.6262122e-01   1.2571196e-01
   4.4150395e-01   1.1118659e-01   1.7333150e-01   0.0000000e+00   5.2965596e-01
   2.6824301e-01   2.6804766e-01   8.3835437e-01   0.0000000e+00   2.5667456e-01
   5.2787121e-01   8.8314493e-02   1.3723590e-01   5.3900562e-02   2.5266051e-01
   8.2831774e-04   7.1377099e-01   3.7248478e-01   7.2346083e-02   1.6878360e-09
   9.4814699e-01   0.0000000e+00   3.7082341e-01   0.0000000e+00   3.4040051e-01
   2.8093695e-01   5.6229100e-01   6.5995931e-01   0.0000000e+00   1.3467485e-01
   1.2792887e+00   1.0670888e-01   3.3360501e-01   8.1058141e-07   8.0527635e-07
   2.5435376e-01   1.2719683e-01   1.9925254e-01   0.0000000e+00   7.3215445e-01
   0.0000000e+00   9.1398812e-01   2.0599799e-01   8.0344590e-02   0.0000000e+00
   5.5600934e-01   9.2837928e-02   2.9006794e-01   0.0000000e+00   2.6627592e-01
   1.8322764e+00   0.0000000e+00   2.0487538e-01   8.0105729e-02   7.4184814e-07
   2.0303144e-02   7.2517597e-03   2.8504427e-01   3.1306170e-01   8.2155385e-01
   6.1941216e-01   3.0968834e-01   4.8460182e-01   1.0906577e-08   4.9952492e-09
   0.0000000e+00   0.0000000e+00   1.1461923e+00   7.5088411e-02   2.3317643e-01
   0.0000000e+00   0.0000000e+00   9.1736819e-01   0.0000000e+00   7.0175228e-01
   0.0000000e+00   0.0000000e+00   1.1405674e+00   0.0000000e+00   5.5824355e-01
   0.0000000e+00   2.0484413e-01   3.2008602e-01   1.2539177e-01   2.9341307e-01
   8.2590062e-01   2.0643441e-01   4.8453829e-01   5.1745692e-07   0.0000000e+00
   1.2816055e+00   0.0000000e+00   8.0211299e-01   0.0000000e+00   1.3567195e-06
   1.6658753e+00   1.1920580e-01   1.8620300e-01   8.2992319e-07   9.5244642e-07
   1.0979964e+00   1.0719654e-01   0.0000000e+00   1.3529252e-01   1.0828930e-01
   2.4810175e-01   1.2420221e-01   7.7661147e-01   6.1078846e-07   3.5621532e-01
   1.0717718e+00   0.0000000e+00   6.3778767e-04   2.4603278e-01   2.5841771e-01
   6.1502083e-01   0.0000000e+00   2.4132568e-01   2.7967666e-06   8.8334766e-01
   5.7858127e-01   9.6734851e-02   6.0410888e-01   5.9092747e-02   0.0000000e+00
   4.8344065e-01   3.6260945e-01   5.5977787e-01   0.0000000e+00   1.1519176e-01
   3.1606135e-01   1.2641566e+00   0.0000000e+00   9.0127686e-07   0.0000000e+00
   2.5995110e-01   2.5370395e-03   2.0736327e-01   8.1096134e-02   7.5801379e-01
   1.0359766e+00   0.0000000e+00   2.0262003e-01   3.2152658e-07   4.9585716e-01
   0.0000000e+00   3.3915667e-01   3.5682401e-01   6.9070417e-02   3.2394769e-01
   1.0324210e+00   1.0328100e-01   4.8409788e-01   4.3579253e-08   0.0000000e+00
   8.4761088e-01   7.0636124e-01   4.5213773e-07   7.7114634e-07   1.3523721e-01
   2.3933523e-01   3.7110678e-01   5.7992042e-01   1.5131576e-01   4.1829786e-07
   3.7379814e-01   1.8670884e-01   2.9234722e-01   5.7126680e-02   1.7912494e-01
   2.1879889e+00   1.6180733e-06   2.1394396e-01   8.9085742e-07   4.8632183e-07
   1.2512014e-06   1.0164935e+00   5.5413141e-09   1.0068830e-06   2.7801236e-01
   4.2902355e-01   1.0680899e-01   6.7321053e-01   6.7373693e-02   1.0361246e-01
   0.0000000e+00   4.3994321e-01   3.4553767e-01   2.0241547e-01   1.4394304e-07
   4.5171252e-01   0.0000000e+00   1.7497348e-01   7.2649801e-02   5.4418160e-01
   0.0000000e+00   0.0000000e+00   0.0000000e+00   8.0741218e-01   1.0410447e-06
   8.0404400e-01   0.0000000e+00   2.0975167e-01   0.0000000e+00   6.4152186e-01
   9.0504232e-01   4.5266997e-01   1.7702091e-01   7.9437194e-07   1.8215137e-08
   0.0000000e+00   3.5363219e-01   1.6601297e+00   1.0855858e-06   1.6931103e-01
   4.2855313e-01   2.1427256e-01   1.6763435e-01   2.4187645e-07   4.1023925e-01
   0.0000000e+00   0.0000000e+00   4.5748279e-01   8.8889270e-02   8.4093156e-01
   0.0000000e+00   5.1160040e-01   8.0058612e-01   0.0000000e+00   1.2247063e-01
   7.7206877e-01   9.6237432e-02   1.5121771e-01   5.9085960e-02   1.8374159e-01
   5.2132149e-01   1.7372165e-01   2.7399666e-01   1.0655665e-01   0.0000000e+00
   2.0431705e-01   2.3963483e-01   1.8100593e-01   2.0851676e-01   2.1831926e-01
   6.0758137e-01   2.0267756e-01   4.7524702e-01   1.9927961e-06   9.7107460e-02
   4.7040643e-01   1.1598876e-01   5.2139292e-08   7.1998517e-02   5.6060834e-01
   7.2727814e-01   0.0000000e+00   5.6891664e-01   9.8408000e-08   3.4812106e-01
   8.7666136e-01   2.1919653e-01   0.0000000e+00   1.3270459e-01   1.0903801e-01
   7.7972700e-06   2.9434791e-01   6.9048103e-01   0.0000000e+00   5.6358675e-01
   2.7327835e-01   8.2080646e-01   4.2796852e-01   3.5445880e-07   1.4171918e-06
   4.2335938e-01   0.0000000e+00   1.6616512e-01   1.9396435e-01   3.0432772e-01
   6.3065275e-01   3.1533760e-01   1.6404238e-01   6.5774478e-02   1.0031742e-01
   0.0000000e+00   3.9826953e-01   4.1627441e-01   0.0000000e+00   5.0770868e-01
   5.8984048e-01   2.9428680e-01   3.0603897e-01   6.0812610e-02   4.7618175e-07
   0.0000000e+00   3.4903711e-01   3.6020825e-01   2.1507267e-01   1.1153447e-01
   6.1044309e-01   3.0517531e-01   3.1826598e-01   4.8928572e-07   9.7299800e-02
   2.4249671e-01   2.4238576e-01   5.6887984e-01   1.4618907e-06   3.4804111e-01
   2.0329466e+00   0.0000000e+00   3.2305960e-07   4.6738731e-07   2.7802925e-01
   5.9245435e-03   4.5211972e-01   3.5249192e-01   6.9804397e-02   2.1671167e-01
   0.0000000e+00   4.9807327e-01   5.8456444e-01   4.5771018e-08   2.3840077e-01
   1.3380038e+00   2.2309077e-01   2.6668592e-05   6.7895644e-02   9.0642537e-07
   8.0489467e-01   1.0065386e-01   1.5742154e-01   1.6308233e-06   2.8884491e-01
   2.2638057e-01   1.1322573e-01   7.0855691e-01   1.3861047e-01   1.0810436e-01
   0.0000000e+00   0.0000000e+00   0.0000000e+00   4.5921847e-01   3.5426251e-01
   2.9656050e-01   1.0381292e+00   2.3200683e-01   8.9615659e-07   1.1653942e-06
   9.7256348e-01   0.0000000e+00   1.5212651e+00   1.6874637e-08   9.7870860e-07
   3.6885492e-01   1.8304738e-01   1.4871769e-01   5.6464225e-02   2.6497554e-01
   2.9291973e-01   1.4645525e-01   1.3723381e+00   9.8591322e-07   1.3995488e-01
   3.6597533e-01   0.0000000e+00   5.8918077e-01   6.8911834e-01   0.0000000e+00
   8.6771209e-02   3.6211223e-02   2.1433849e-01   3.1993827e-01   4.9104556e-01
   3.6196724e-01   1.7830157e-01   2.8113974e-01   1.0996015e-01   8.7223604e-02
   5.1723413e-01   0.0000000e+00   2.0245046e-01   4.0096047e-01   1.2478255e-01
   2.3928335e-01   4.7752498e-01   3.7385209e-01   1.5140482e-01   1.1101810e-06
   8.9031095e-03   1.4966908e-03   7.2889458e-01   2.1286618e-01   2.2684860e-01
   4.9274226e-01   4.9396017e-01   1.9498939e-01   1.4458036e-01   1.4736625e-03
   1.3805983e+00   2.3022833e-01   0.0000000e+00   8.9814581e-09   1.1015681e-01
   3.8530962e-04   6.8464557e-05   7.7673790e-01   7.7614884e-02   4.7618154e-01
   2.2893538e-01   3.5484618e-02   1.0160185e+00   1.4259279e-01   1.0520737e-01
   0.0000000e+00   4.8626334e-01   1.5213670e+00   8.0926948e-07   1.3090987e-06
   0.0000000e+00   0.0000000e+00   2.7572611e-01   1.0953709e-01   1.1890382e+00
   8.0336614e-01   4.2493096e-04   8.3726705e-01   0.0000000e+00   2.5611789e-01
   3.9277999e-01   0.0000000e+00   6.1436799e-01   2.1679986e-08   1.1274583e+00
   1.1691915e+00   3.5064990e-01   3.3195222e-07   2.1738442e-08   1.1191816e-01
   7.7550368e-01   0.0000000e+00   8.0975829e-01   8.0700575e-02   1.2554922e-01
   2.7059968e-01   1.3534560e-01   1.0584478e+00   1.9568046e-08   2.5895042e-01
   7.8752898e-01   1.9624391e-01   3.0772013e-01   5.9814953e-02   0.0000000e+00
   0.0000000e+00   5.7993698e-01   3.6269295e-01   7.0685511e-02   1.1102389e-01
   9.9298018e-01   0.0000000e+00   7.7538243e-01   7.3458174e-02   4.8103050e-07
   3.0814727e-03   1.8752685e-01   8.5999585e-01   3.5939061e-03   8.7216321e-01
   2.0607562e-01   1.0327556e-01   3.2358644e-01   3.1629859e-01   0.0000000e+00
   0.0000000e+00   7.3765017e-01   3.8474595e-01   5.8767624e-07   1.1770331e-01
   1.1145003e+00   2.2287889e-01   2.0207545e-08   6.9436671e-02   1.0749584e-01
   3.7346350e-01   9.3649116e-02   4.2783366e-01   1.1247356e-01   8.4706794e-02
   2.7573885e-01   1.1422631e-03   6.4604284e-01   1.6881249e-01   3.9210316e-01
   0.0000000e+00   3.2740164e-01   3.3802392e-01   1.3433761e-01   2.0487433e-01
   0.0000000e+00   3.3894858e-01   5.3001832e-01   2.0742648e-01   0.0000000e+00
   0.0000000e+00   5.3766986e-01   1.0378843e-05   2.4770211e-01   2.5714284e-01
   8.2518430e-01   0.0000000e+00   0.0000000e+00   1.7198132e-01   5.2984533e-01
   4.4316961e-01   1.1112083e-01   6.9164616e-01   1.0091589e-04   2.1189658e-01
   1.8979600e-01   9.4893417e-02   1.4851130e-01   5.8086228e-02   4.5456951e-01
   2.6644439e-01   2.6387615e-01   4.1508096e-01   0.0000000e+00   5.0997393e-01
   1.3880649e-02   1.7619980e-01   8.1465614e-01   5.2198962e-01   0.0000000e+00
   0.0000000e+00   0.0000000e+00   1.4237627e+00   8.3549497e-02   1.2196047e-01
   2.7825856e-01   5.8194715e-01   1.3026905e-06   2.6821230e-01   1.3818713e-01
   2.6185683e-01   3.9186545e-01   8.1739964e-01   8.1406923e-02   3.5220498e-07
   6.3202074e-01   1.1061879e+00   0.0000000e+00   6.3046696e-07   7.3425518e-07
   0.0000000e+00   4.8350976e-01   5.6719897e-01   7.4077700e-02   1.1556948e-01
   0.0000000e+00   2.3519933e-01   3.6800008e-01   7.0618519e-02   4.4937451e-01
   1.1494663e+00   2.3003622e-01   3.5932698e-05   1.7378503e-07   2.1990406e-01
   1.4753868e+00   2.0278522e-06   3.8469499e-01   6.1619616e-07   1.1770581e-01
   0.0000000e+00   0.0000000e+00   2.0643492e+00   4.3732072e-07   8.7883552e-07
   4.1217369e-01   2.0615656e-01   4.8353472e-01   0.0000000e+00   1.9729398e-01
   0.0000000e+00   6.2374747e-01   5.8541265e-01   7.6330870e-02   2.3902747e-07
   7.4825245e-01   1.6204835e-03   3.9398610e-01   3.0363412e-01   0.0000000e+00
   1.8734331e-01   9.3657147e-02   1.4586104e-01   2.2895415e-01   1.7900538e-01
   2.7107124e-01   5.4303625e-01   6.3711812e-01   8.3197745e-02   0.0000000e+00
   8.5312768e-01   0.0000000e+00   8.0868557e-08   8.7077233e-02   6.8042992e-01
   6.0324837e-01   2.0097081e-01   6.2913470e-01   2.2123761e-07   7.5256568e-07
   0.0000000e+00   2.5951546e-01   2.0287315e-01   3.9736335e-01   1.2387901e-01
   5.6326546e-01   1.9139868e-01   1.4885676e-01   5.7557812e-02   1.7916346e-01
   0.0000000e+00   3.4033754e-01   1.5974066e+00   1.0423403e-01   0.0000000e+00
   7.8484504e-01   2.9440151e-01   3.0700272e-01   8.7645752e-08   1.0811532e-10
   4.9167784e-01   4.9193469e-01   3.8473577e-01   3.8891654e-07   1.1771826e-01
   3.2439750e-01   3.2356165e-01   1.5220948e+00   5.4150981e-07   1.4362051e-07
   9.3273673e-01   0.0000000e+00   1.0581645e-03   4.7914782e-01   1.4781963e-01
   0.0000000e+00   1.9638916e-01   6.1437290e-01   2.3369078e-08   1.1274619e+00
   4.4702830e-01   2.2136534e-01   0.0000000e+00   2.0457739e-01   2.1070383e-01
   6.1860366e-01   2.0827983e-01   0.0000000e+00   1.9121419e-01   1.0056770e-01
   2.2618093e-01   1.2889855e-01   0.0000000e+00   1.6027333e-01   5.9041399e-01
   3.8045267e-01   9.5094753e-02   4.4631484e-01   5.8052056e-02   1.8204542e-01
   0.0000000e+00   8.1816280e-01   1.4253801e-07   8.6421886e-02   2.6180847e-01
   2.3096260e-01   3.5274928e-01   3.6889900e-01   2.1529314e-01   2.0871003e-10
   4.4604325e-01   3.3417873e-01   3.4863461e-01   4.7254685e-07   2.1325652e-01
   0.0000000e+00   8.5681462e-01   0.0000000e+00   3.0038740e-12   4.1016391e-01
   4.7552859e-01   3.5390599e-01   0.0000000e+00   1.4516285e-01   2.2657908e-01
   0.0000000e+00   3.9215331e-01   4.1687845e-03   2.3991616e-01   3.6971401e-01
   2.8462698e-01   1.4337220e-01   1.6904718e-03   4.3326082e-01   2.6927105e-01
   0.0000000e+00   6.4608200e-01   6.0631138e-01   6.0149765e-07   1.2343393e-01
   3.1226328e-03   1.6405954e-01   3.8887818e-01   1.6549507e-01   4.4572595e-01
   2.2471429e-01   2.2976751e-01   1.7381461e-01   7.3773260e-02   4.2461419e-01
   3.2159146e-01   6.2025702e-01   7.7409939e-03   3.9383170e-01   7.0044764e-05
   6.6609661e-01   7.1126391e-04   1.7272143e-01   2.0607548e-01   2.1318943e-01
   3.4865743e-01   5.2302172e-01   6.3145800e-05   4.2316146e-07   8.3442603e-01
   1.6490828e-04   1.3538473e-01   2.1167848e-01   8.2742192e-02   7.6424973e-01
   1.9449925e-01   9.4882082e-02   4.5616787e-01   1.1857593e-01   1.8547815e-01
   1.5028614e+00   0.0000000e+00   5.0148935e-06   8.1836568e-07   5.7548131e-01
   0.0000000e+00   3.2533782e-01   1.2872957e+00   7.4761484e-06   3.1368941e-01
   3.3944053e-01   4.1658873e-02   7.2068778e-02   6.9693383e-01   2.8168655e-03
   2.1360547e-01   1.0736296e-01   1.6822043e-01   3.3235906e-01   1.0343316e-01
   2.0666514e-01   2.3015163e-01   3.7197934e-01   6.9701165e-02   3.2672443e-01
   5.4902530e-01   1.8293599e-01   1.4312165e-01   1.1145782e-01   8.7333561e-02
   4.8955406e-07   4.2640977e-01   6.0833438e-08   8.7175456e-02   6.8017555e-01
   9.4519562e-03   3.7566160e-03   9.2590202e-01   7.2311289e-02   3.3728128e-01
   2.4900280e-01   2.4739049e-01   7.7723836e-01   1.5268722e-01   0.0000000e+00
   1.0897376e+00   1.1034546e-01   2.9421089e-07   1.9931187e-01   8.8291683e-07
   3.9316468e-01   5.9799539e-03   3.0324740e-01   0.0000000e+00   1.2475198e+00
   5.3562277e-01   8.8634371e-02   1.3890221e-01   1.5709730e-01   8.7553572e-02
   2.5429672e-01   3.8405540e-01   5.9916714e-01   8.0478280e-02   1.2329113e-01
   2.2554727e-01   1.1312412e-01   3.5335649e-01   3.7559309e-07   5.4103578e-01
   3.7130123e-01   9.3889412e-02   4.3592917e-01   1.7174074e-01   8.9093864e-07
   7.5948816e-01   2.1485050e-02   5.5381792e-02   1.0347438e-02   1.2155051e+00
   2.7476217e-01   6.8660215e-01   6.4341575e-01   4.7382987e-07   2.1047122e-08
   6.7304891e-01   0.0000000e+00   5.1350326e-01   1.3558501e-01   1.0653678e-01
   9.6638088e-01   0.0000000e+00   5.6715947e-01   7.4120374e-02   1.1565456e-01
   2.9171738e-01   4.3680197e-01   1.1389549e+00   0.0000000e+00   0.0000000e+00
   6.1556314e-01   3.0622531e-01   1.4826884e-01   1.2573825e-01   0.0000000e+00
   1.4555700e+00   3.6388812e-01   1.9152335e-07   6.8658082e-07   1.0226886e-06
   0.0000000e+00   6.2878203e-01   1.9681640e-01   0.0000000e+00   3.6125723e-01
   0.0000000e+00   3.4066383e-01   1.7881183e-01   2.7589302e-01   1.1541794e-01
   0.0000000e+00   2.0120837e-01   3.1004683e-01   5.1674339e-03   1.2624958e+00
   2.7550275e-01   4.1261447e-01   2.1512739e-01   9.1298568e-08   5.2674710e-01
   1.8322000e-01   9.2361966e-02   1.5813603e+00   7.1757543e-02   6.9571983e-02
   6.4378988e-01   1.0701302e-01   8.4002085e-01   0.0000000e+00   9.1359229e-07
   2.3570488e-01   2.3678102e-01   3.5547097e-01   2.1955548e-01   1.1270735e-01
   0.0000000e+00   0.0000000e+00   1.5274768e+00   2.1407645e-06   2.6183700e-01
   4.2290203e-01   2.9799209e-01   3.2133841e-01   1.2425774e-01   0.0000000e+00
   1.4830486e+00   1.2375721e-01   2.5265172e-05   7.3418966e-08   2.3652616e-01
   0.0000000e+00   6.6109568e-01   0.0000000e+00   2.4437802e-01   1.2735937e-01
   2.2738471e-01   2.9882651e-02   1.3389421e+00   8.9281331e-02   1.2897835e-01
   1.0390044e+00   6.4935913e-01   3.3583394e-07   7.3218214e-07   1.1035275e-06
   2.3565299e-03   4.3143695e-01   1.1276103e+00   9.0850757e-02   0.0000000e+00
   1.6482068e-03   2.8095864e-01   8.8254833e-01   2.5645412e-01   0.0000000e+00
   9.9047134e-01   1.9807407e-01   3.1080533e-01   4.4014923e-07   8.8269032e-07
   0.0000000e+00   0.0000000e+00   0.0000000e+00   2.8552494e-01   1.0000062e+00
   5.2002450e-01   6.5066423e-01   4.0720939e-01   2.6052325e-08   0.0000000e+00
   2.4091332e-01   1.2023283e-01   1.8673570e-01   4.4087735e-01   4.0569185e-09
   1.1071565e+00   0.0000000e+00   3.4701838e-01   1.3653298e-01   0.0000000e+00
   1.0969574e+00   1.3898985e-06   1.0725965e+00   4.7393798e-07   1.1977046e-06
   0.0000000e+00   3.0763152e-01   2.4065725e-01   9.9452435e-09   8.8351001e-01
   7.6724461e-04   6.0341506e-01   1.8938576e-01   7.3474538e-02   2.2988889e-01
   1.2065080e+00   0.0000000e+00   1.8874686e-01   7.4320818e-02   2.2859653e-01
   2.0242840e-01   1.0124721e-01   4.7517690e-01   6.3305482e-02   2.9152486e-01
   1.5719479e+00   0.0000000e+00   2.0498418e-01   8.3762613e-07   2.5078249e-01
   6.7514113e-01   1.2060292e-01   4.4503793e-03   3.4603153e-01   1.1771470e-06
   1.0835489e+00   1.0845893e-01   1.6944674e-01   0.0000000e+00   2.0752726e-01
   8.3976664e-01   1.0797679e-01   0.0000000e+00   6.4761489e-02   3.0368993e-01
   7.9590193e-01   0.0000000e+00   4.1597219e-01   0.0000000e+00   5.1021291e-01
   1.0695417e-02   3.0524238e-01   3.4996504e-03   2.7937250e-01   5.7851853e-01
   2.8307499e-01   3.5996228e-02   1.6556628e+00   1.4444328e-03   1.4338852e-01
   5.2717780e-01   7.1149998e-01   0.0000000e+00   1.8258707e-01   0.0000000e+00
   9.8357507e-01   9.8077738e-02   3.0763878e-01   6.0390970e-02   7.5721046e-07
   0.0000000e+00   0.0000000e+00   5.9549094e-01   2.3761247e-02   1.2631030e+00
   8.6876708e-01   2.1971814e-01   3.4957405e-04   1.9920234e-01   1.3602728e-09
   2.3918749e-01   3.1700832e-02   8.4447240e-01   3.1653233e-01   2.0399202e-03
   6.3364281e-01   4.8684256e-06   1.2382603e+00   9.6576022e-02   1.5204422e-01
   3.2747014e-01   6.5396772e-01   6.8935109e-07   5.4655863e-07   6.2572721e-01
   0.0000000e+00   0.0000000e+00   4.2713430e-01   2.4919890e-01   5.1691362e-01
   4.7391529e-01   4.7715134e-01   3.7048689e-01   7.3507553e-02   1.0562506e-07
   0.0000000e+00   7.6349842e-01   1.9909675e-01   7.8687373e-02   1.2128062e-01
   0.0000000e+00   9.4689522e-01   2.1174545e-01   7.6295842e-07   1.2949686e-01
   1.0709812e+00   2.1415822e-01   1.6747825e-01   4.6451331e-07   1.0244761e-01
   6.1052394e-01   1.1272977e-03   1.2393302e-04   2.7986896e-01   5.7924746e-01
   1.9890848e-01   9.9650694e-02   2.9668499e-01   2.3535768e-01   8.4925834e-02
   2.3817756e-01   2.1448143e-01   1.7524408e-01   2.7387173e-01   1.0775564e-01
   5.0905093e-01   5.1137505e-01   2.0037925e-01   7.8788262e-02   1.1908452e-01
   4.7837088e-01   3.5873154e-01   7.5045820e-01   2.4922223e-06   1.6246025e-08
   2.9282144e-01   7.1817992e-01   2.2472953e-01   0.0000000e+00   2.7605606e-01
   1.7285378e+00   1.2561754e-01   0.0000000e+00   7.5635815e-02   0.0000000e+00
   1.6378515e+00   0.0000000e+00   4.7303637e-04   8.4072242e-02   2.6559624e-01
   4.2350642e-01   3.1778211e-01   1.6024834e-01   1.4277957e-01   1.0471753e-01
   4.6377098e-05   4.1140845e-01   1.6415323e-03   3.3292150e-01   2.6320689e-01
   3.1144685e-01   9.2523390e-01   0.0000000e+00   9.4500218e-02   1.4774058e-01
   0.0000000e+00   6.3391650e-01   0.0000000e+00   1.5603502e-01   2.4280980e-01
   8.1366452e-01   2.0336294e-01   3.1826995e-01   5.2458095e-07   9.7429633e-02
   3.0696945e-01   1.5352776e-01   1.6815574e+00   0.0000000e+00   3.8002362e-08
   0.0000000e+00   3.7290279e-01   3.9224026e-01   3.0667197e-01   9.3635305e-06
   0.0000000e+00   3.0264127e-01   1.1828099e+00   1.8588530e-01   3.9780801e-06
   3.3806762e-01   1.0350820e-03   2.8503269e-01   7.6545215e-01   9.4597662e-07
   2.3062811e-01   1.1605844e-01   7.2466256e-01   2.1753868e-01   1.1217407e-06
   1.8029752e-03   4.3807330e-01   3.4476088e-01   1.3289563e-01   1.0540667e-01
   3.2031340e-01   1.6170138e-01   3.8653240e-03   5.8361126e-01   1.5178822e-01
   4.2836487e-03   5.1876845e-01   6.7648994e-03   6.2495903e-01   0.0000000e+00
   3.0515078e-01   4.0601135e-02   4.0346951e-02   6.5454760e-01   1.3583733e-01
   1.9560846e-01   9.3738266e-02   2.9940653e-01   5.8440606e-02   3.6448366e-01
   4.0367808e-03   2.0603434e-01   1.0641143e-03   2.4612525e-01   1.1379037e+00
   2.2740227e-03   2.2627901e-01   1.7800662e-01   7.2446514e-02   5.4823209e-01
   5.3585320e-01   1.3386823e-01   1.2610246e+00   7.1986998e-07   0.0000000e+00
   6.4888395e-01   0.0000000e+00   3.3896145e-01   1.3243168e-01   2.0705970e-01
   2.6266933e-01   6.5375724e-01   4.0940902e-01   7.9651270e-02   8.2712519e-07
   4.0702531e-01   0.0000000e+00   3.1721160e-01   1.2445803e-01   2.9863407e-01
   9.7359730e-01   4.8678695e-01   1.7513946e-08   3.2435478e-09   1.1650762e-01
   4.0925883e-03   6.7511773e-04   3.9553829e-01   1.5406987e-01   5.8920109e-01
   0.0000000e+00   0.0000000e+00   2.8888986e-01   2.2859013e-01   1.0509735e+00
   2.8545031e-01   3.8582824e-02   3.9912355e-02   2.9611103e-02   1.2489323e+00
   2.3001040e-01   2.8031003e-02   5.4025535e-02   4.7900728e-01   2.5242972e-01
   8.6654901e-01   2.1708398e-01   1.6959261e-01   5.8357683e-06   2.0699303e-01
   5.5998862e-01   0.0000000e+00   8.6979093e-01   2.6167683e-01   9.2818557e-07
   0.0000000e+00   0.0000000e+00   0.0000000e+00   3.3549145e-01   6.6329344e-01
   5.8233157e-02   1.8849961e-01   7.1408518e-01   3.6490190e-01   1.3908171e-01
   2.5797554e-01   4.0945693e-01   6.1784478e-01   9.6462409e-08   2.5652490e-01
   2.1162378e-01   1.0580382e-01   4.9893090e-01   1.9746089e-01   9.8052126e-02
   1.6099788e-03   2.4692826e-01   5.7616279e-01   7.5419612e-02   3.5202484e-01
   3.2056472e-01   1.7962396e-03   2.4477737e-01   5.8839127e-01   1.5100050e-01
   0.0000000e+00   4.9271266e-01   7.7036415e-01   7.6249981e-02   1.2675321e-10
   6.4575219e-01   3.5429769e-03   1.7403369e-01   7.5787609e-02   4.0486807e-01
   1.0173394e+00   1.0173017e-01   3.1832817e-01   0.0000000e+00   9.7290334e-02
   7.2030466e-04   1.2556501e-01   2.0085422e-01   3.4291450e-01   3.8900051e-01
   0.0000000e+00   0.0000000e+00   0.0000000e+00   3.9135556e-01   4.9468586e-01
   6.0804656e-01   1.0146207e-01   1.5832073e-01   6.3944383e-07   3.8772447e-01
   1.1316137e+00   3.3926204e-01   0.0000000e+00   6.9592405e-02   5.2177141e-09
   1.1857835e-03   2.1217758e-04   5.3054359e-01   6.3272557e-01   1.6240242e-01
   0.0000000e+00   0.0000000e+00   7.0379468e-01   1.3661143e-01   3.0553449e-01
   4.2594967e-02   3.5338897e-01   6.8137628e-02   6.2498790e-01   1.4932259e-01
   1.1119218e+00   0.0000000e+00   2.0019870e-02   3.4062315e-01   1.2186448e-01
   0.0000000e+00   2.3047146e-01   3.6917135e-01   2.8835239e-01   1.0695812e-01
   2.9547534e-01   8.8634045e-01   2.3125922e-01   6.5548485e-07   1.4133495e-01
   1.8593474e-01   9.3538169e-02   2.9068355e-01   1.7185630e-01   1.7970898e-01
   3.7978483e-01   1.9021454e-01   1.4370562e-01   1.8564346e-01   8.4934427e-02
   2.2451799e-01   3.7158562e-02   4.0085789e-02   3.8204222e-01   3.4750321e-01
   2.7282709e-01   6.7500924e-01   4.2316315e-01   0.0000000e+00   1.2933040e-01
   2.7677445e-01   2.7529384e-01   3.6039837e-04   3.3465822e-01   2.6091680e-01
   1.8466040e-03   2.2283718e-01   1.0775517e+00   4.0969395e-03   6.2928027e-01
   4.9909899e-01   4.9917138e-01   5.8565379e-01   0.0000000e+00   3.9932132e-07
   0.0000000e+00   0.0000000e+00   1.3621963e+00   1.5503620e-01   2.6644251e-03
   2.8751505e-01   3.7965974e-02   8.4654194e-01   0.0000000e+00   5.0594287e-01
   2.5301444e-01   3.5447644e-01   1.8681050e-01   2.2285827e-01   1.1185902e-01
   0.0000000e+00   9.8700847e-01   0.0000000e+00   8.7552002e-02   1.3508195e-01
   2.5543718e-03   2.9180940e-01   1.8871286e-09   1.7926346e-01   6.9809434e-01
   2.0815524e+00   1.2914889e-01   1.1268267e-07   1.6596757e-08   6.7754870e-09
   2.8987132e-01   7.2311917e-01   0.0000000e+00   2.6937703e-01   9.3117813e-07
   6.5088922e-01   1.0849407e-01   0.0000000e+00   6.6409347e-02   4.1551646e-01
   5.2389894e-01   5.2369009e-01   2.0532040e-01   6.3323929e-08   2.5058678e-01
   1.4192515e+00   1.1823145e-01   0.0000000e+00   7.9891082e-02   1.1409492e-01
   4.3934135e-05   6.5643067e-01   0.0000000e+00   0.0000000e+00   7.8545306e-01
   2.1572705e-03   4.4651699e-01   1.8542388e-01   1.9872080e-01   1.1145535e-01
   0.0000000e+00   0.0000000e+00   8.7017116e-01   1.3850483e-01   2.0934000e-01
   0.0000000e+00   4.6097462e-01   5.4202774e-01   1.4248257e-01   1.9210466e-07
   8.5957913e-01   7.4579737e-04   1.7196116e-01   1.2829281e-01   2.0602907e-01
   1.4137610e+00   9.2997095e-04   3.6764256e-01   7.5646543e-02   5.7357138e-07
   1.2473792e+00   2.9958154e-05   5.8538648e-01   7.6328524e-02   2.3757293e-08
   0.0000000e+00   0.0000000e+00   5.5811508e-01   7.6620668e-02   5.7766339e-01
   4.1869029e-01   8.0956674e-03   1.7024208e-01   2.6584167e-01   2.1072767e-01
   0.0000000e+00   7.8923804e-01   4.3198080e-03   2.4095062e-01   1.6453551e-09
   1.6171957e+00   2.3103382e-01   3.1226733e-06   6.3032401e-07   9.8387782e-07
   0.0000000e+00   1.3026327e-01   4.1592646e-01   2.4105111e-01   3.7594255e-01
   7.3301455e-01   4.8884011e-01   1.9141983e-01   2.3555204e-08   1.1699723e-01
   4.5752288e-01   3.3774459e-01   5.2128241e-01   8.0085316e-02   0.0000000e+00
   0.0000000e+00   1.3697809e-01   2.1596932e-01   2.1545251e-01   4.3679418e-01
   1.1828628e+00   4.4009978e-04   1.7540056e-01   1.4423740e-01   1.0991353e-01
   2.1365624e-03   1.7108252e-01   9.4277313e-01   1.0746403e-01   3.8861701e-01
   4.1228450e-01   9.8064037e-02   1.4364083e-01   3.1038322e-01   1.9181725e-03
   5.8413138e-01   9.7398822e-02   4.5707983e-01   9.0568203e-15   1.8668844e-01
   4.0473308e-01   9.4728551e-02   3.2987895e-01   2.4494451e-01   0.0000000e+00
   0.0000000e+00   1.3195047e+00   9.9450142e-07   9.3899472e-07   7.2577221e-07
   2.6390077e+00   0.0000000e+00   1.4655281e-06   8.1058469e-07   1.2120912e-06
   2.2589696e-01   2.2518748e-01   5.2927871e-01   2.0829832e-01   1.3022628e-06
   0.0000000e+00   1.4000574e-01   6.5136963e-01   1.7014880e-01   3.9481911e-01
   8.3906913e-01   1.0694126e-01   1.6397390e-03   1.9669949e-01   9.9707547e-02
   5.4434762e-07   4.3036899e-01   1.6833718e-01   1.3157121e-01   2.0573847e-01
   3.3347902e-01   6.9417820e-03   7.4777081e-01   4.8448278e-01   1.7327520e-05
   5.4515476e-01   5.4526566e-01   0.0000000e+00   8.6669412e-02   2.6156708e-01
   4.9469258e-01   3.7110728e-01   1.0941583e-04   2.2788625e-01   1.1852033e-01
   2.5440751e-01   1.3841089e-03   4.1057694e-01   2.3820165e-01   3.7515857e-01
   6.4368135e-01   5.2916276e-05   1.8717953e-03   9.8793021e-02   8.9334575e-01
   7.0195769e-01   4.6807457e-01   1.8330684e-01   7.6506171e-02   1.0159541e-06
   2.5234428e-01   3.7746846e-01   3.9369298e-01   2.9340761e-07   3.6140983e-01
   5.8198108e-01   1.9634743e-01   4.6562046e-01   6.0502310e-02   1.0070595e-06
   2.2484653e-01   2.0176452e-02   6.3168001e-01   3.3339381e-01   1.1181030e-01
   5.0552644e-01   0.0000000e+00   5.9493656e-01   7.3332996e-02   3.4579496e-01
   9.0020285e-01   0.0000000e+00   1.1736160e+00   1.2664636e-09   1.4364517e-01
   0.0000000e+00   3.6363907e-01   5.6891664e-01   9.8261220e-08   3.4812106e-01
   2.5556021e-01   2.2655510e-01   1.7905201e-01   3.6358688e-01   4.8136659e-03
   3.8339415e-01   4.1627538e-03   3.2800436e-02   1.1879888e-01   1.2335046e+00
   1.7536428e+00   0.0000000e+00   3.9193031e-01   6.8942875e-07   1.1004077e-06
   6.7429506e-01   2.0453274e-03   1.7819799e-01   2.7848810e-01   1.0957197e-01
   5.1347232e-01   1.2843624e-01   2.2709895e-03   3.8711850e-01   1.2344386e-01
   3.1081053e-01   1.0807516e+00   0.0000000e+00   9.4605607e-02   5.9212699e-07
   2.8012066e-01   1.4039510e-02   9.1157448e-01   2.7305945e-01   1.3749927e-01
   5.6243946e-01   7.0281551e-01   2.1942072e-01   4.3986651e-08   1.3448104e-01
   1.5269968e+00   0.0000000e+00   1.9909675e-01   7.8687373e-02   1.2128062e-01
   5.0489494e-01   8.4109354e-02   1.3170828e-01   1.0293865e-01   1.6091689e-01
   0.0000000e+00   1.6958839e-01   2.9967224e-01   7.7403842e-01   0.0000000e+00
   0.0000000e+00   3.4428256e-01   5.3856216e-01   7.0632724e-02   2.1980582e-01
   8.8708959e-01   2.2538111e-01   0.0000000e+00   7.3780701e-02   2.1405952e-01
   1.4686045e+00   0.0000000e+00   1.8758902e-01   1.5080322e-01   1.0026288e-06
   2.5878474e-01   2.5959167e-01   8.1235195e-01   8.0664302e-02   1.2421604e-01
   4.8057497e-03   5.7992924e-01   1.8573746e-01   1.4330972e-01   1.0930147e-01
   2.8531667e-04   2.2630809e-01   1.7744121e-01   2.7576384e-01   2.1678786e-01
   1.2837127e+00   2.1392191e-01   1.6735147e-01   3.9984506e-07   7.9988943e-07
   7.2129660e-01   0.0000000e+00   1.9033564e-01   3.7253885e-01   6.8206184e-07
   7.5513409e-02   2.7407877e-02   2.3050910e-01   4.3954719e-01   3.8963268e-01
   8.9460745e-01   1.1892171e-03   1.7576400e-01   6.8568800e-02   3.2213180e-01
   9.7578187e-03   3.0589523e-01   2.6893663e-03   3.9317306e-01   4.4236646e-01
   1.5729169e+00   0.0000000e+00   0.0000000e+00   1.6736424e-01   1.2471429e-01
   6.6578627e-01   9.8556768e-03   2.9837766e-03   5.2042597e-01   2.9885302e-01
   2.7030830e-01   3.3205144e-02   1.9761784e+00   4.8997416e-07   9.8464736e-07
   0.0000000e+00   3.1585791e-01   1.2419088e+00   9.7055709e-02   1.5172610e-01
   6.8036826e-01   0.0000000e+00   1.5911757e+00   1.0531425e-01   1.4032755e-07
   3.7214083e-01   9.0006280e-02   1.4396894e-01   1.6741491e-01   1.7140334e-01
   1.0277262e-02   1.4441988e-01   2.4870861e-01   4.2339152e-01   2.8031012e-01
   5.7590977e-01   9.4281750e-02   7.4556066e-04   1.1928813e-01   2.7472080e-01
   4.7265852e-02   1.9895978e-01   6.7042324e-01   8.5223333e-02   5.3706463e-01
   5.5738417e-01   1.6691317e-04   8.7181264e-01   8.9835784e-02   2.6853637e-01
   2.5315468e-01   1.2278730e-01   8.7326726e-06   3.2301467e-01   3.7206538e-01
   4.7013350e-01   0.0000000e+00   5.4772910e-01   1.4321111e-01   2.2446511e-01
   3.0266927e-01   7.5433104e-01   1.4052863e-03   9.2390619e-02   2.8839611e-01
   1.9381131e-02   2.4602245e-01   3.9831537e-01   4.0211782e-01   0.0000000e+00
   0.0000000e+00   4.0222705e-01   8.3847504e-01   0.0000000e+00   2.5671150e-01
   4.6425653e-01   3.4692521e-01   1.8759775e-01   1.2824873e-03   3.3504594e-01
   6.8913801e-01   0.0000000e+00   5.3845021e-01   7.0503279e-02   2.1983828e-01
   2.8436401e-01   1.3573676e-01   1.2999359e+00   8.5927602e-02   1.1463029e-07
   0.0000000e+00   0.0000000e+00   5.7062014e-01   8.0540388e-01   0.0000000e+00
   0.0000000e+00   1.0939970e+00   2.1394414e-01   6.3544981e-07   1.5756769e-06
   2.6408862e-01   0.0000000e+00   2.1176329e-01   3.2247939e-01   3.5715906e-01
   9.6215756e-01   1.2009171e-01   3.4183422e-05   7.5664732e-07   4.6041429e-01
   2.9441998e-01   1.0575721e-02   6.6936096e-01   9.0438618e-02   5.1697554e-01
   0.0000000e+00   5.4848167e-01   1.0725996e+00   6.8952073e-07   0.0000000e+00
   1.9803507e-01   2.0215600e-02   7.6908614e-01   1.4875496e-01   2.3472021e-01
   0.0000000e+00   4.0202137e-01   2.0975658e-01   0.0000000e+00   6.4151585e-01
   0.0000000e+00   0.0000000e+00   5.3162277e-01   2.0799278e-01   3.2307946e-01
   7.3293485e-01   1.3893937e-03   8.2787496e-03   2.4478711e-01   3.7085120e-01
   0.0000000e+00   0.0000000e+00   1.0766273e+00   1.5172770e-01   1.1917436e-01
   8.2012109e-01   2.0850252e-03   2.3032811e-04   3.3336400e-01   2.6036282e-01
   2.3535574e+00   0.0000000e+00   0.0000000e+00   7.8131543e-08   1.4082165e-01
   0.0000000e+00   1.1767784e+00   0.0000000e+00   2.1787752e-07   1.4082163e-01
   0.0000000e+00   0.0000000e+00   1.7125338e+00   8.3498396e-02   0.0000000e+00
   2.4146369e-01   3.5796450e-01   1.8059206e-01   7.8102158e-02   3.3539477e-01
   0.0000000e+00   3.1901781e-01   9.0920506e-02   8.0130170e-01   3.8495323e-03
   0.0000000e+00   2.7370547e-01   8.5598867e-01   1.6749417e-01   1.3063119e-01
   1.3104535e-03   5.8589689e-01   0.0000000e+00   4.4954657e-01   1.8520277e-09
   5.9975671e-01   0.0000000e+00   9.3811108e-01   0.0000000e+00   4.3065442e-01
   4.5789557e-01   2.3037444e-01   0.0000000e+00   7.0553523e-02   4.3992110e-01
   0.0000000e+00   3.7283901e-01   7.6936989e-01   1.5223929e-01   1.0631670e-03
   2.3668536e-01   1.3160758e-02   8.7323255e-01   9.6968704e-02   3.7247962e-01
   1.0232007e+00   0.0000000e+00   8.0058601e-01   6.7217085e-08   1.2247062e-01
   9.8762836e-01   1.0276606e-01   1.5537808e-01   1.2564553e-01   0.0000000e+00
   6.1869548e-01   0.0000000e+00   2.7213847e-03   3.7759251e-01   4.3133621e-01
   0.0000000e+00   5.1798808e-01   2.0261994e-01   4.7485124e-07   4.9585705e-01
   5.4728712e-01   0.0000000e+00   8.5635302e-01   1.6752288e-01   1.3065357e-01
   5.7086106e-01   7.5239099e-01   0.0000000e+00   8.9245262e-02   1.4186680e-01
   3.9222152e-01   1.9610480e-01   3.0679359e-01   5.4087180e-09   2.8162380e-01
   8.2818284e-01   3.1324336e-01   3.0457391e-06   1.3652857e-01   3.7297061e-04
   0.0000000e+00   7.4869769e-01   5.8563626e-01   9.0721949e-07   9.7165444e-07
   2.8165878e-01   3.4730699e-02   1.3457193e+00   1.0523936e-08   2.7021941e-01
   0.0000000e+00   5.5639851e-01   0.0000000e+00   8.4338519e-02   5.3076852e-01
   1.7922695e+00   1.2816539e-01   0.0000000e+00   1.0759972e-08   1.2255905e-01
   0.0000000e+00   2.3456018e-01   5.5074789e-01   1.4389257e-01   2.2470732e-01
   4.5317171e-01   2.9020826e-01   3.2327160e-01   6.1670323e-02   1.0275563e-01
   2.3350965e-01   4.9007933e-02   9.9653470e-01   2.1091779e-01   1.3322884e-08
   8.6534790e-01   0.0000000e+00   1.1269694e+00   8.9602752e-02   0.0000000e+00
   4.3017347e-09   5.9639247e-01   3.7315671e-01   0.0000000e+00   2.2837741e-01
   2.3295157e-01   3.2209670e-02   9.8645446e-01   7.4785172e-02   2.5325658e-01
   2.9620956e-01   7.2056013e-01   1.8289212e-03   1.7928761e-01   1.4099284e-01
   0.0000000e+00   1.4192827e-01   4.4582647e-01   3.4793180e-01   2.7284455e-01
   0.0000000e+00   2.0851173e-01   1.6504964e-01   1.9713706e-01   3.0398337e-01
   1.4353587e-01   7.2202915e-02   1.3426337e+00   8.5086148e-02   1.7505439e-01
   4.9812293e-01   1.2439054e-01   8.8079388e-01   6.5442129e-02   0.0000000e+00
   2.4973823e-01   3.5648441e-01   3.6756014e-01   7.2235881e-02   2.2745938e-01
   3.2046248e-04   1.1814022e-01   1.8309396e-01   1.4546502e-01   5.6847794e-01
   6.4540090e-01   3.2265156e-01   0.0000000e+00   1.3844440e-01   1.0694218e-01
   1.0657961e-02   3.6283168e-01   1.8603826e-01   3.7762718e-01   5.0006144e-03
   5.3013729e-01   8.8542223e-02   2.7630510e-01   5.4024274e-02   1.6921018e-01
   8.1880658e-01   3.0691941e-01   1.6003347e-01   6.3428620e-02   3.9752326e-05
   1.5719933e+00   0.0000000e+00   0.0000000e+00   2.4729702e-01   0.0000000e+00
   8.2217963e-01   2.0555400e-01   1.4890560e-01   1.2512706e-01   0.0000000e+00
   1.1958453e-02   1.8637566e-03   1.1148745e-02   5.4595406e-01   2.3547587e-01
   1.1049691e-01   1.6880558e-01   7.8061806e-01   1.7617643e-01   2.5562805e-01
   2.1792599e-04   4.4961064e-01   1.7624480e-01   6.8922592e-02   3.2238534e-01
   2.3758398e-01   3.0956467e-02   3.2562610e-02   3.6727358e-01   5.5865644e-01
   1.3614190e-05   1.9916064e-01   3.3354359e-02   1.2080512e-01   1.2631643e+00
   2.4817006e-01   3.2614239e-02   1.5540641e+00   1.0253389e-01   1.1816088e-03
   2.2440553e-01   2.2190435e-01   5.1932440e-01   1.3617111e-01   1.0466922e-01
   0.0000000e+00   1.8403255e-01   2.9150602e-02   3.1241320e-01   7.9742886e-01
   7.2517269e-03   2.3755913e-03   5.9031340e-01   3.0949834e-01   2.3864259e-01
   8.7966631e-01   8.7967757e-01   9.1124329e-10   6.5389260e-09   5.4340649e-07
   1.1552409e+00   4.6198629e-01   9.8945246e-08   5.3851961e-07   1.8981681e-07
   2.4719291e-01   5.1134830e-01   1.9862633e-01   2.3363806e-01   1.3236061e-06
   6.3687521e-01   1.0660231e-01   1.3128661e-02   2.7068896e-01   9.8694139e-02
   5.1330060e-01   0.0000000e+00   5.9613209e-01   2.3131092e-01   1.1987716e-01
   1.3128609e+00   0.0000000e+00   2.7999822e-06   2.1617244e-12   7.8542822e-01
   5.2855369e-01   5.2743914e-01   6.4564424e-03   1.5974180e-01   1.2891137e-01
   1.2919543e+00   0.0000000e+00   6.0638827e-01   0.0000000e+00   1.2356006e-01
   7.4226339e-01   9.6489933e-07   2.0320420e+00   1.0341101e-06   0.0000000e+00
   5.7229466e-01   1.4509015e-01   0.0000000e+00   5.2350990e-01   2.1460504e-04
   1.7258950e-01   8.2248897e-02   1.3210582e-01   1.6197770e-01   2.4952889e-01
   7.8796476e-01   6.5670444e-01   2.0546749e-01   7.1472767e-08   1.2753413e-06
   7.0247999e-01   1.6783450e-04   3.5223772e-01   2.1710524e-01   1.1789136e-01
   5.4506097e-01   1.8249598e-01   2.8451033e-01   5.5768823e-02   8.6024901e-02
   1.3896903e-03   3.9554009e-01   7.3645405e-02   1.3864687e-02   1.2629530e+00
   6.8691873e-01   2.2827904e-01   2.2907338e-05   2.8077625e-01   4.0121736e-07
   3.1735767e-01   1.1170816e+00   5.4525119e-07   9.0866683e-08   1.5275993e-01
   2.8585323e-01   2.8655581e-01   1.1227923e+00   9.2703152e-02   3.7208226e-08
   3.7813179e-01   1.9097606e-01   4.5053383e-01   1.1851902e-01   0.0000000e+00
   8.9408094e-04   2.8979282e-01   2.2603344e-01   5.3930405e-01   0.0000000e+00
   1.2238464e-03   2.7365830e-01   6.3235508e-01   3.2983652e-01   6.3350540e-09
   2.6515150e-01   3.8802712e-01   8.9969742e-04   1.5939048e-01   3.7245032e-01
   5.7689336e-01   5.0368599e-04   2.2502921e-01   5.3989231e-01   9.2856614e-06
   1.1606633e+00   0.0000000e+00   3.6334162e-01   7.0808604e-02   1.1015927e-01
   3.1046486e-01   3.1068338e-01   0.0000000e+00   4.7814043e-01   1.5070183e-01
   5.3372940e-04   1.8233024e-01   5.8636645e-01   6.8834015e-01   8.1878510e-07
   4.5376686e-01   2.2692042e-01   8.8742002e-01   4.1046123e-07   9.8936334e-07
   2.9839900e-01   8.8311197e-01   2.8973306e-12   1.8324272e-01   0.0000000e+00
   1.1643002e+00   0.0000000e+00   1.8427828e-01   2.1218622e-01   9.4370028e-06
   2.8605086e-01   1.2478979e-02   6.2385062e-01   2.4416540e-01   2.5260380e-01
   3.5801076e-01   3.2887320e-01   8.7382789e-03   6.1060134e-01   3.7259677e-08
   7.8546073e-01   1.0311455e-01   4.6537084e-01   6.0670376e-02   8.3101136e-08
   0.0000000e+00   2.3129019e-01   1.8134355e-01   1.4161966e-01   4.4305774e-01
   3.1452094e-01   7.8554439e-01   2.0380778e-06   0.0000000e+00   4.5114709e-01
   0.0000000e+00   1.3333315e-01   4.2127183e-01   9.6900160e-02   6.6364342e-01
   0.0000000e+00   9.4829122e-01   0.0000000e+00   1.6627544e-01   4.1427527e-05
   4.9641951e-01   1.2416956e-01   9.7095970e-01   0.0000000e+00   1.1873871e-01
   9.0999333e-01   3.4140271e-01   0.0000000e+00   8.5962864e-07   2.1763960e-01
   0.0000000e+00   6.4079171e-01   8.0212327e-01   7.8361298e-07   1.5237672e-06
   2.4777199e-01   3.9121428e-01   2.0720047e-01   3.2989119e-01   4.3267522e-08
   6.8633162e-01   3.2370872e-02   3.4169327e-03   6.1646349e-01   1.4885108e-01
   6.5419269e-01   0.0000000e+00   1.2792176e+00   2.3649526e-08   3.1296199e-01
   3.0464851e-01   0.0000000e+00   4.7408273e-01   1.6229977e-01   5.0001812e-01
   7.4627667e-01   9.3022914e-02   1.4588847e-01   1.7123762e-01   1.0816437e-08
   6.7900986e-01   4.5252222e-01   3.5402813e-01   4.3277476e-07   9.3000507e-07
   2.8429039e-01   6.8311557e-01   1.8876136e-01   1.6872735e-01   0.0000000e+00
   0.0000000e+00   1.4318449e-01   6.0131404e-01   2.6312286e-01   3.1314983e-01
   3.6859565e-01   8.3699645e-02   2.9804297e-01   1.7793905e-01   9.0394459e-02
   6.0528361e-01   0.0000000e+00   1.1828120e+00   1.8588563e-01   1.9551696e-06
   4.5600566e-01   1.1133859e-01   0.0000000e+00   1.4144812e-01   4.3577771e-01
   2.9368673e-01   2.5338496e-01   6.3698059e-03   1.5957157e-01   4.7291998e-01
   1.0883595e-01   5.4623130e-02   1.7098792e-01   2.3978433e-02   1.1593463e+00
   5.6184878e-01   4.2113272e-01   2.1787570e-07   1.9323119e-06   5.3759959e-01
   5.6661076e-01   1.0985434e-01   1.5375864e-01   2.4056197e-01   6.8945254e-07
   0.0000000e+00   0.0000000e+00   1.1124990e+00   2.7938511e-01   2.1532424e-02
   1.0020257e-01   2.3282860e-01   1.0881863e-01   5.1730441e-01   2.5306469e-01
   7.7514451e-01   2.3277472e-02   3.2340169e-01   1.2674110e-01   1.0002299e-01
   9.8254129e-03   3.2229731e-01   1.1764691e-03   9.9126425e-02   9.1405920e-01
   4.3830215e-01   0.0000000e+00   3.4156418e-01   2.1129610e-01   2.1450372e-01
   8.2500814e-01   3.1432655e-03   4.8605016e-01   1.5271578e-01   3.5651726e-02
   6.0262364e-01   7.4946965e-07   1.5718469e-01   1.2285697e-01   2.8841233e-01
   7.8707443e-01   5.2474369e-01   0.0000000e+00   1.7085291e-07   2.5117030e-01
   4.0332853e-01   1.0461736e-01   6.2926068e-01   1.2275838e-01   4.1160900e-03
   5.3143400e-01   1.2025370e-05   6.3159989e-01   3.3804084e-01   1.3870863e-04
   0.0000000e+00   2.8143245e-01   8.8076017e-01   8.6179671e-02   2.7224673e-01
   3.5021198e-01   1.7515050e-01   0.0000000e+00   7.5766529e-01   0.0000000e+00
   1.1501171e-02   6.4435447e-01   0.0000000e+00   8.7570531e-02   3.8250216e-01
   3.7365117e-01   1.8688681e-01   4.3839712e-01   7.8632720e-02   9.2262431e-02
   5.0320070e-01   5.0444447e-01   0.0000000e+00   2.7886086e-01   1.5524144e-03
   4.7494144e-01   2.3746036e-01   3.0775507e-03   2.8672567e-01   9.9488864e-02
   9.2721084e-01   4.6644038e-01   2.7803179e-05   7.8589006e-02   9.5235753e-07
   2.2290516e-01   3.4659950e-01   1.7859882e-01   1.4242482e-01   2.1747032e-01
   2.3258463e-01   1.1785706e-01   7.3203440e-01   7.1887178e-02   2.2482910e-01
   2.7780096e-01   5.5272288e-01   0.0000000e+00   1.6968574e-01   2.6293912e-01
   4.3881642e-01   5.6699622e-04   1.7287405e-01   1.6275041e-01   4.4839168e-01
   9.5442469e-02   1.5615055e-01   1.0510939e+00   4.4111255e-01   0.0000000e+00
   2.3336554e-01   1.1112299e-01   4.0994829e-01   2.5723435e-01   0.0000000e+00
   0.0000000e+00   0.0000000e+00   5.9824698e-01   1.5295858e-01   4.8332416e-01
   2.2318094e-01   2.3173678e-01   5.3706777e-01   7.3687178e-02   2.2024015e-01
   4.8610478e-01   3.5884382e-01   7.0355723e-03   3.6451777e-01   0.0000000e+00
   2.4996324e-01   5.1500654e-01   1.6743047e-01   1.1075832e-01   2.3575472e-01
   1.3066762e+00   1.0934169e-01   1.7227877e-01   7.5411984e-02   1.1426970e-06
   5.1520584e-01   1.7175909e-01   1.3446978e-01   2.1763579e-01   1.0044771e-06
   8.2003315e-01   1.0253823e-01   6.4160212e-01   4.4187561e-07   0.0000000e+00
   1.0686539e+00   2.1574639e-01   0.0000000e+00   1.3235821e-01   1.1377753e-06
   2.7486121e-01   2.5137937e-01   0.0000000e+00   2.3386970e-01   3.7062758e-01
   5.8177327e-03   4.1181164e-01   0.0000000e+00   1.8017528e-01   5.1862074e-01
   2.4478135e-01   0.0000000e+00   1.9628148e-01   1.4784723e-01   5.3920949e-01
   1.1155514e+00   1.1110492e-01   5.7347617e-07   7.4691462e-02   2.1609183e-01
   0.0000000e+00   2.0574134e-01   3.2148798e-01   2.3486948e-01   1.9397745e-01
   4.9679435e-01   2.1226341e-01   4.4745373e-03   3.5829883e-01   1.1987017e-06
   1.7106458e-01   2.8471965e-02   1.7869682e-01   3.3736763e-01   2.1125015e-01
   7.3623312e-01   0.0000000e+00   7.6860954e-01   1.5653750e-01   0.0000000e+00
   5.4563845e-01   6.7501857e-01   2.1362715e-01   8.3320163e-02   0.0000000e+00
   2.8831317e-01   0.0000000e+00   4.5386251e-01   8.8656913e-02   6.5350606e-01
   2.5433210e-01   3.2372363e-01   3.5857800e-01   1.4043909e-01   1.1030878e-01
   3.3121496e-02   4.6288333e-01   4.9640143e-03   4.8448093e-01   1.4840476e-01
   5.2967766e-01   8.8360638e-02   4.1420410e-01   1.1669551e-01   7.2466428e-05
   0.0000000e+00   7.1436535e-01   1.8815044e-01   1.5689354e-01   0.0000000e+00
   9.0617324e-01   1.2378618e-06   3.5302901e-01   6.9167022e-02   2.1522718e-01
   2.8509422e-01   0.0000000e+00   4.4417689e-01   3.4677281e-01   2.7152527e-01
   2.7969315e-01   4.1030660e-01   9.5184464e-05   1.0509536e-01   5.4404941e-01
   0.0000000e+00   1.4455737e-01   5.6837921e-01   6.3589497e-01   1.5589624e-01
   8.0387082e-01   1.0344359e-01   0.0000000e+00   1.2439623e-01   1.9327702e-01
   3.7580985e-01   9.2608209e-02   1.4836512e-01   2.3063369e-01   9.0743507e-02
   4.1187733e-01   4.3552378e-04   0.0000000e+00   2.4439786e-01   1.1361649e+00
   2.5972841e-01   2.4485006e-01   3.2615131e-01   3.0318809e-01   0.0000000e+00
   4.4799092e-01   3.0628657e-01   1.6587540e-01   1.9477821e-01   1.8737214e-06
   4.5043687e-01   1.0755031e-01   9.6297928e-04   2.8358823e-01   2.1577483e-01
   2.4866142e-01   1.2117351e-01   9.5472018e-01   9.7688332e-02   1.2114884e-01
   7.3390978e-01   4.8938237e-01   4.7314776e-04   1.5017815e-01   1.0497038e-07
   2.5242773e-01   5.2137224e-01   1.8051249e-01   1.6208965e-01   1.2171416e-01
   4.0707034e-01   2.0859489e-01   6.4476988e-01   6.2257755e-02   0.0000000e+00
   5.8347522e-01   2.2983761e-02   4.9154974e-01   1.9202864e-01   0.0000000e+00
   0.0000000e+00   0.0000000e+00   9.5413468e-01   2.3499229e-01   1.3589374e-01
   6.0090226e-01   1.0535553e-01   6.9734217e-03   2.0912703e-01   2.0285933e-01
   2.5510019e-01   1.2773618e-01   0.0000000e+00   9.0230576e-02   7.7268231e-01
   8.2996193e-03   3.3011702e-01   5.2267285e-01   1.3996755e-01   1.0717953e-01
   3.4621821e-01   1.4918180e-03   4.2324758e-01   4.7118721e-01   1.4659449e-01
   0.0000000e+00   5.4860362e-01   3.4553617e-01   1.3878041e-01   8.3212234e-07
   0.0000000e+00   0.0000000e+00   8.9576089e-01   4.1276313e-01   6.0070864e-03
   0.0000000e+00   5.6992923e-01   1.6243060e-01   2.5198112e-01   2.9822197e-03
   8.4737397e-01   7.1300054e-03   3.3836981e-01   2.0282428e-01   0.0000000e+00
   3.5647158e-03   1.6246749e-01   2.5999620e-01   6.3613712e-01   1.2994552e-01
   6.8695206e-02   2.6284538e-02   3.2767661e-02   8.0121889e-02   1.1723459e+00
   4.9076474e-01   2.8113362e-03   3.7793478e-01   3.8138645e-01   9.7856750e-06
   2.8613149e-01   4.2772119e-01   2.3223722e-09   2.6090264e-01   2.7342951e-01
   0.0000000e+00   3.3845138e-01   1.7953826e-01   7.0861609e-02   4.3391811e-01
   4.9431026e-03   8.2447556e-04   6.7111499e-01   4.3290692e-01   1.4871779e-01
   1.7333592e-01   3.9360625e-02   1.4015779e-01   5.9574906e-01   1.2031008e-01
   0.0000000e+00   0.0000000e+00   1.2172365e+00   2.3730914e-01   0.0000000e+00
   9.8334964e-03   3.5148498e-01   3.1026312e-03   5.4115641e-01   3.1075741e-01
   0.0000000e+00   0.0000000e+00   1.7828990e+00   0.0000000e+00   1.3641194e-01
   9.0665627e-04   4.6875603e-04   5.4175227e-01   4.8850614e-01   2.8581856e-01
   0.0000000e+00   0.0000000e+00   0.0000000e+00   6.7398583e-01   1.3193758e-01
   0.0000000e+00   8.7682180e-01   3.9193048e-01   4.7469546e-07   1.0251463e-06
   5.1878946e-01   8.6070525e-02   2.7037968e-01   1.5679843e-01   8.1824525e-07
   1.7127638e-01   8.5739608e-02   7.4181068e-02   7.5592078e-01   0.0000000e+00
   1.3596982e+00   3.1263737e-03   1.3530136e-02   3.6963392e-01   0.0000000e+00
   1.2699873e+00   0.0000000e+00   0.0000000e+00   1.5533468e-01   2.4325875e-01
   9.9614665e-01   0.0000000e+00   5.8456451e-01   8.7072145e-11   2.3840078e-01
   0.0000000e+00   2.9987835e-01   9.3811108e-01   0.0000000e+00   4.3065442e-01
   0.0000000e+00   5.5526227e-01   0.0000000e+00   3.4089740e-01   1.4347842e-01
   3.5375355e-01   1.3904582e-01   0.0000000e+00   3.6772474e-02   9.9948324e-01
   3.8180229e-01   6.4351613e-02   1.3496019e-01   6.1035355e-02   3.3444975e-01
   1.0369572e-01   4.1402475e-02   2.5609053e-01   8.0243336e-01   0.0000000e+00
   2.8851872e-01   5.7727163e-01   3.1572585e-08   8.8326183e-02   4.1425212e-01
   5.9656721e-01   4.4493550e-01   1.5648026e-03   1.4977066e-01   1.2014438e-01
   5.1915181e-01   1.9658280e-01   1.7842461e-01   1.3945547e-01   0.0000000e+00
   2.5640179e-01   1.5834281e-04   2.0585344e-01   2.2753013e-01   4.8120167e-01
   6.3272337e-01   1.1191708e-01   2.6847263e-01   1.0975967e-01   0.0000000e+00
   0.0000000e+00   0.0000000e+00   7.6733441e-01   6.1137554e-01   0.0000000e+00
   5.8114193e-01   8.7172077e-01   2.2729086e-01   7.1751023e-07   7.5461365e-07
   3.2057533e-01   1.7825414e-02   1.2002534e+00   3.6128129e-03   4.3787285e-01
   1.1020661e+00   0.0000000e+00   2.0076925e-07   1.5744276e-06   1.0549894e+00
   3.5075973e-01   9.2048646e-02   2.7953903e-01   1.0496982e-01   1.7177178e-01
   2.4600133e-01   5.6930284e-02   2.8383417e-01   1.7071747e-01   1.7439448e-01
   8.1813753e-01   0.0000000e+00   6.5149481e-02   7.1375951e-01   1.0619034e-02
   9.0707862e-01   1.9811627e-01   0.0000000e+00   7.1875831e-02   2.0853293e-01
   7.6890118e-01   1.5838417e-01   3.8163174e-01   0.0000000e+00   8.6407646e-02
   9.8087048e-01   0.0000000e+00   8.4756221e-04   1.5054871e-01   3.5227268e-01
   7.3385552e-02   1.7131717e-01   8.4809321e-02   3.7316043e-01   5.3495331e-01
   0.0000000e+00   1.1395290e+00   0.0000000e+00   8.7210481e-02   5.4584164e-07
   0.0000000e+00   0.0000000e+00   7.4411904e-01   3.1977896e-01   1.2845997e-01
   2.5305898e-01   1.2442249e-01   2.8276633e-03   2.2588016e-01   4.8005233e-01
   0.0000000e+00   2.0927445e-01   1.1460785e+00   2.8859960e-01   1.8965224e-02
   9.5886423e-01   2.2713211e-01   3.2846526e-01   5.6843887e-07   7.8529628e-07
   3.7641396e-01   7.1718934e-02   3.1261509e-03   6.3297468e-01   1.6539841e-01
   3.6321967e-01   1.8029867e-01   2.8643985e-01   1.6846619e-01   0.0000000e+00
   7.6118929e-02   1.6751625e-01   8.3816843e-02   3.7951306e-01   5.3565272e-01
   5.9763857e-01   1.9920811e-01   0.0000000e+00   1.2182945e-01   1.9078855e-01
   3.3145523e-01   8.3059703e-02   1.2763914e-01   1.0384032e-01   2.3889741e-01
   2.7720818e-01   1.9599852e-01   5.2171675e-01   9.0415616e-08   3.1984777e-01
   1.7441359e-01   2.6100775e-01   5.4444105e-01   2.5417408e-01   3.0411838e-07
   3.3901108e-01   6.6673556e-02   2.7862840e-01   5.6317463e-02   2.6304897e-01
   4.7034173e-01   1.3219818e-05   3.6706919e-01   7.0744810e-02   4.4894999e-01
   4.8908940e-01   1.2717219e-02   4.3083378e-02   1.5478305e-01   5.9824843e-01
   1.8633473e+00   0.0000000e+00   5.9686817e-03   1.7020890e-01   1.4405592e-06
   6.2510973e-01   9.3767203e-01   3.5411279e-07   7.5130207e-07   1.4961364e-01
   4.1156725e-01   1.3677336e-01   0.0000000e+00   1.7246737e-01   3.1145739e-01
   0.0000000e+00   0.0000000e+00   0.0000000e+00   6.2854668e-01   1.6556077e-01
   1.3066539e+00   1.1725171e-01   0.0000000e+00   1.5111752e-01   0.0000000e+00
   0.0000000e+00   2.7855178e-01   1.7746103e-01   1.1927369e-01   2.9485766e-01
   1.9472711e-01   9.4993235e-02   4.5670227e-01   1.1827289e-01   1.8554329e-01
   5.7063398e-04   2.5577359e-01   5.9928764e-01   2.3409642e-01   1.2063049e-01
   2.5614615e-01   3.1283138e-01   6.5458346e-08   9.0390638e-02   7.0381652e-01
   4.8705567e-01   4.6050045e-03   3.8673454e-01   2.7566979e-01   8.6425783e-02
   0.0000000e+00   2.1530805e-01   9.3628235e-01   2.4858511e-01   1.1716513e-01
   2.7168496e-02   2.4050230e-01   1.1821248e+00   0.0000000e+00   5.2478815e-01
   7.5392841e-01   5.1984486e-01   0.0000000e+00   8.3868982e-02   1.1815337e-01
   4.3078750e-01   1.1251961e-01   1.7122962e-01   0.0000000e+00   5.2644839e-01
   5.3393120e-01   4.0054321e-01   0.0000000e+00   2.4299741e-01   5.7718708e-02
   1.9672175e+00   0.0000000e+00   7.9134460e-03   9.5463706e-02   1.1432884e-01
   8.3391719e-02   3.5034099e-02   2.2711850e-01   5.2538675e-01   2.7620774e-01
   8.2941428e-03   3.5264662e-01   1.2243156e+00   0.0000000e+00   2.9094752e-01
   2.5946196e-01   4.0216189e-02   1.1514959e+00   1.6160632e-01   6.0452730e-04
   5.0607963e-01   8.8919303e-02   2.7194904e-01   1.0383519e-01   8.3276317e-02
   1.0294012e+00   0.0000000e+00   7.1048782e-03   6.3788565e-01   0.0000000e+00
   5.7933562e-03   6.4286786e-01   0.0000000e+00   1.5895135e-01   2.3445786e-01
   2.9257694e-01   4.4792528e-01   3.6474405e-04   3.6937722e-01   1.4217674e-01
   3.5403960e-01   9.0879661e-02   1.4166557e-01   6.3848074e-02   3.5078064e-01
   1.8078156e-01   1.7407215e-01   3.7191984e-01   1.4134261e-01   1.9011135e-01
   2.2559829e+00   2.4934581e-03   0.0000000e+00   9.0043384e-02   1.0549842e-07
   2.7926684e-01   6.9981710e-01   2.1925921e-01   8.5315778e-02   1.3608506e-01
   1.3237755e+00   5.5869164e-03   2.9676035e-02   2.1467508e-01   1.0655338e-01
   3.7530005e-02   4.8764915e-01   8.7517671e-04   1.5504639e-01   3.6229941e-01
   1.4973971e+00   0.0000000e+00   5.8564172e-01   1.3169970e-08   0.0000000e+00
   1.0012427e+00   2.0497305e-03   1.8944310e-01   3.0574045e-01   0.0000000e+00
   3.0036102e-01   4.9547873e-02   1.6505731e-02   1.6137374e-01   4.8619488e-01
   2.5652418e-01   1.2830226e-01   8.4629939e-01   1.6224622e-01   0.0000000e+00
   1.1124785e+00   3.7661168e-04   7.8134949e-05   8.3976652e-02   5.3137616e-01
   5.9849360e-04   6.8739797e-01   6.8157495e-03   3.4675886e-01   4.9815093e-02
   8.9955304e-01   2.7795934e-04   1.7583767e-01   2.1850019e-01   1.0917580e-01
   6.0404758e-01   9.0874542e-01   0.0000000e+00   9.2800796e-02   0.0000000e+00
