   2.6353165e-17   4.3037985e-01   1.2475050e-06   4.0016318e-01   3.8586452e-01
   1.7279009e-17   2.8218762e-01   4.0814601e-01   1.3116734e-01   3.7951771e-01
   3.1504841e-17   5.1451310e-01   3.7209466e-01   1.0871701e-06   2.3063735e-01
   2.7351452e-01   4.1022882e-01   1.3186211e-01   3.8144272e-01   1.0486963e-06
   1.3981026e-01   2.7961958e-01   4.0443121e-01   3.8998845e-01   1.1206979e-06
   3.1171876e-17   5.0907537e-01   1.2270818e-01   3.5499427e-01   1.1410523e-01
   1.3408978e-17   2.1898524e-01   5.2788972e-01   1.0179231e-01   9.8160196e-02
   1.3727619e-17   2.2418904e-01   5.4047215e-01   2.0846753e-01   9.1440891e-07
   8.8448268e-18   1.4444698e-01   2.7856293e-01   4.0287364e-01   3.8846026e-01
   6.3281141e-01   6.7202573e-07   6.1450224e-07   5.9104859e-07   5.6780190e-07
   4.6445327e-01   6.5070289e-07   1.0204179e-06   1.0795742e-01   4.1638754e-01
   1.3657590e-17   2.7161208e-18   2.2741335e-01   3.2887144e-01   4.2282275e-01
   2.2999156e-01   3.0945950e-07   9.2490852e-07   5.3460411e-01   2.0619892e-01
   1.1220849e-01   5.4813068e-09   2.1639335e-01   5.2165837e-01   1.0059979e-01
   4.0792850e-01   4.0793030e-01   1.1007933e-06   3.7931261e-01   1.1255803e-06
   1.0337809e-01   2.0675597e-01   8.6415262e-07   5.7670327e-01   8.3758579e-07
   2.7517724e-17   4.4939854e-01   9.7269048e-07   4.1784008e-01   1.0072260e-01
   1.4262747e-01   2.8525311e-01   4.1257251e-01   8.3294084e-07   3.8365651e-01
   3.2287231e-17   5.2729050e-01   1.0168568e-01   1.9612520e-01   9.4548456e-02
   5.0506018e-01   3.7880344e-01   1.0470913e-06   1.0582490e-06   2.2640078e-01
   3.5111776e-01   1.1695713e-01   1.1101170e-06   4.3513400e-01   1.0514345e-01
   3.4211714e-17   5.5871968e-01   9.7189819e-07   9.3913451e-07   4.0072790e-01
   1.0874366e-01   2.1748817e-01   5.2446773e-01   1.0114174e-01   9.2410720e-07
   5.8055553e-01   8.2930528e-02   6.8636548e-07   7.7108043e-02   4.5274683e-07
   1.3658597e-17   2.0455993e-17   4.0169701e-01   3.8745937e-01   3.7355466e-01
   5.5970634e-01   1.8658345e-01   8.9894431e-02   7.8422248e-07   7.5388098e-07
   2.7629191e-01   2.7450917e-01   4.0032100e-01   1.2856173e-01   1.2353258e-01
   5.0474181e-01   3.7855254e-01   1.1087503e-06   2.3464396e-01   1.0124239e-06
   3.1428201e-17   5.1326148e-01   1.2372010e-01   1.1931127e-01   3.4511624e-01
   3.7294352e-17   6.0906299e-01   6.6008650e-07   7.0788825e-02   6.1944990e-07
   2.2418889e-01   3.4293007e-07   5.4047178e-01   2.0846739e-01   9.1460805e-07
   2.6774297e-17   4.3725745e-01   4.2162185e-01   1.0163363e-01   8.0028472e-07
   1.7366248e-17   2.8361235e-01   5.4694404e-01   7.9592320e-07   8.0545633e-07
   5.2608574e-01   8.4665506e-07   1.0145712e-01   9.7794560e-02   1.8864028e-01
   1.0397075e-01   2.0676586e-07   2.0050691e-01   5.7998394e-01   8.3584709e-07
   2.0704986e-17   3.3813808e-01   4.3472666e-01   1.0480399e-01   1.0105434e-01
   4.3037954e-01   6.8735962e-07   1.2475041e-06   4.0016289e-01   3.8586425e-01
   6.8707887e-18   1.1220849e-01   2.1639335e-01   5.2165838e-01   1.0059979e-01
   2.8218742e-01   4.9468997e-07   4.0814568e-01   1.3116723e-01   3.7951741e-01
   2.1898510e-01   3.1528051e-07   5.2788938e-01   1.0179224e-01   9.8160133e-02
   5.6185801e-01   8.4733217e-07   7.9758072e-07   8.7066028e-02   1.6790786e-01
   3.3813800e-01   1.7126209e-07   4.3472656e-01   1.0480397e-01   1.0105432e-01
   4.1669582e-01   1.1775803e-06   4.0179581e-01   3.8742903e-01   1.1003110e-06
   4.9124805e-01   3.6844863e-01   1.1842043e-01   1.0270549e-06   1.1014403e-01
   1.9635282e-17   2.9376937e-17   7.0284580e-18   5.8836628e-01   5.6364575e-07
   5.8182980e-01   7.8209775e-07   8.0145334e-02   6.5737614e-07   7.4500294e-02
   1.9921263e-17   3.2533891e-01   9.4054159e-07   1.0086271e-01   4.8611988e-01
   3.6272258e-17   5.9237092e-01   7.4050748e-07   7.1572837e-07   1.5172385e-01
   5.8245814e-01   7.3852111e-07   7.2575047e-07   7.7367020e-02   7.4599522e-02
   3.6645099e-17   7.2891764e-18   6.1018445e-01   5.9607757e-07   5.7157160e-07
   7.3504813e-18   1.1008692e-17   2.1617829e-01   5.2114156e-01   2.0100693e-01
   4.9061024e-01   3.6797800e-01   1.1826185e-01   1.1403460e-01   9.9837445e-07
   5.8967047e-01   1.6847502e-01   7.3349144e-07   7.0993289e-07   6.8014953e-07
   2.2441386e-01   0.0000000e+00   5.4094037e-01   1.0102789e-06   2.0118164e-01
   2.9937781e-01   4.9898557e-01   9.6241932e-02   8.4026106e-07   8.1274738e-07
   2.1340698e-01   5.3359968e-01   1.0287612e-01   9.9220952e-02   8.6361966e-07
   1.4444687e-01   2.4416572e-07   2.7856273e-01   4.0287334e-01   3.8845997e-01
   3.5665295e-17   5.8245847e-01   7.2219949e-07   7.7367064e-02   7.4599564e-02
   2.7388662e-01   0.0000000e+00   3.9621218e-01   3.8202384e-01   1.2278970e-01
   1.2473271e-17   2.0370398e-01   5.8929954e-01   9.4704001e-02   8.2154563e-07
   1.1796097e-17   2.3462106e-18   1.9641845e-01   5.6823077e-01   9.1316363e-02
   2.4659827e-17   4.0272555e-01   8.7648967e-07   4.6806394e-01   8.1388183e-07
   1.8565721e-17   3.6928127e-18   3.7653089e-18   2.8884015e-17   5.6732825e-01
   3.4743050e-01   5.6346861e-07   4.4668376e-01   2.1534869e-01   8.6133786e-07
   3.1116732e-17   6.1976853e-18   5.1815663e-01   3.9973644e-01   8.6623174e-07
   1.6371248e-17   2.6736277e-01   7.7574644e-07   4.9718067e-01   3.5953659e-01
   4.3725745e-01   2.6227313e-10   4.2162185e-01   1.0163363e-01   8.0028472e-07
   1.7788089e-17   3.5565617e-18   2.9625122e-01   4.7611183e-01   9.1810563e-02
   1.0727117e-01   0.0000000e+00   3.1125801e-07   1.9948418e-01   5.7708379e-01
   6.0780035e-01   7.5964118e-02   6.6083041e-07   6.4269476e-07   6.0143201e-07
   1.8927296e-17   3.7655195e-18   2.8765754e-17   5.6570487e-01   6.8184182e-02
   1.4358336e-17   2.1457445e-17   4.2164457e-01   4.0653770e-01   9.8005473e-02
   5.1188792e-01   1.0238774e-01   9.8714036e-02   9.5342286e-02   9.1793259e-02
   1.8814117e-17   3.0725785e-01   4.9374799e-01   9.5231498e-02   8.3837193e-07
   1.4244481e-01   1.4244282e-01   4.1270251e-01   3.9768429e-01   1.2787856e-01
   2.1907191e-01   5.4738276e-01   9.4672357e-07   4.5616344e-07   1.9632008e-01
   1.6036838e-17   2.6190145e-01   5.0507477e-01   1.0828351e-06   3.5220013e-01
   5.0132606e-01   1.2535439e-01   3.6255586e-01   1.1653156e-01   9.9196697e-07
   2.6144217e-01   0.0000000e+00   2.5208764e-01   1.2181746e-01   4.6903242e-01
   2.2241013e-17   3.6322331e-01   1.1701365e-01   1.1264639e-01   4.3389672e-01
   1.0902473e-01   2.1792172e-01   5.2487267e-01   9.3982905e-07   9.7761250e-02
   6.5684647e-18   1.0727117e-01   3.1500271e-07   1.9948417e-01   5.7708378e-01
   2.2750759e-17   4.5313692e-18   3.7884615e-01   4.5658942e-01   7.9700107e-07
   5.1326036e-01   1.2880144e-06   1.2373566e-01   1.1931184e-01   3.4511095e-01
   6.3663819e-18   1.0397091e-01   2.0050703e-01   5.7998441e-01   8.4448081e-07
   2.8361209e-01   5.8256835e-07   5.4694355e-01   7.9766721e-07   7.8326715e-07
   1.4082931e-17   2.2999171e-01   8.8639592e-07   5.3460447e-01   2.0619906e-01
   5.6161330e-01   9.2221335e-07   1.8047600e-01   7.8734009e-07   8.3915229e-02
   2.1808610e-17   3.5616164e-01   1.0274431e-06   4.4152899e-01   2.1286962e-01
   6.5298701e-18   1.0664087e-01   2.0565639e-01   2.5290542e-07   5.7359518e-01
   2.8436300e-17   4.6440001e-01   1.1194164e-01   9.6857099e-07   4.1634660e-01
   2.1854923e-01   5.4643197e-01   2.1074831e-01   9.0604961e-07   8.8968038e-07
   3.4403901e-17   5.6185833e-01   9.0600684e-07   8.7066079e-02   1.6790796e-01
   1.4843190e-01   1.4843238e-01   4.2940615e-01   1.3816130e-01   3.9909060e-01
   1.9853622e-01   5.9522027e-01   9.5658108e-02   8.5065657e-07   8.1389965e-07
   1.6877215e-17   2.5239361e-17   4.9585304e-01   3.5857715e-01   2.3050163e-01
   1.5524606e-17   3.1311734e-18   3.1470508e-18   2.6369848e-01   5.0852893e-01
   2.9975901e-01   4.9959308e-01   8.7844517e-07   9.2904125e-02   8.1791863e-07
   3.4349172e-17   5.6096455e-01   1.8031137e-01   8.6921149e-02   7.5129034e-07
   1.8402778e-17   2.7497898e-17   5.4036333e-01   8.6841014e-02   1.6747041e-01
   2.3316119e-01   4.6632372e-01   1.1242669e-01   1.0839874e-01   1.0447903e-01
   5.2729010e-01   9.0512896e-07   1.0168560e-01   1.9612505e-01   9.4548384e-02
   1.8321283e-17   3.6445221e-18   2.7954594e-17   5.4908222e-01   1.5126919e-01
   8.5256107e-18   1.2772936e-17   2.5079697e-01   4.8365850e-01   3.4977769e-01
   2.7148441e-01   4.0723235e-01   1.1708599e-06   3.7861163e-01   1.2169341e-01
   5.5027218e-01   0.0000000e+00   8.8431015e-02   8.5269409e-02   8.2227438e-02
   9.3509254e-18   1.3891390e-17   2.7347416e-01   5.2739114e-01   7.6364641e-07
   3.2213155e-17   5.2608074e-01   1.0145615e-01   9.7821434e-02   1.8863970e-01
   1.8410106e-17   3.6910674e-18   3.0664309e-01   9.8549374e-02   4.7426895e-01
   2.6190121e-01   5.4052805e-07   5.0507431e-01   1.0828341e-06   3.5219981e-01
   2.6191291e-17   5.1818532e-18   4.3602738e-01   1.0510862e-01   4.0540326e-01
   3.7116813e-18   5.5549473e-18   1.0910688e-01   3.1562786e-01   5.0714297e-01
   3.2906084e-17   5.3739713e-01   4.1454631e-01   9.0091372e-07   8.6649702e-07
   5.6229087e-01   0.0000000e+00   7.9632972e-07   1.7426058e-01   8.4021336e-02
   1.6677714e-17   2.4952172e-17   5.9427122e-18   4.9965930e-01   3.8542811e-01
   1.6770722e-17   2.7388667e-01   3.9621215e-01   3.8202384e-01   1.2278970e-01
   5.4154257e-01   7.5845461e-07   2.0887167e-01   9.1264826e-07   1.9419855e-01
   5.2638638e-01   1.0534869e-01   2.0300296e-01   8.6224061e-07   9.4384849e-02
   7.8781348e-18   1.2865971e-01   2.4402519e-01   4.7560502e-01   2.2927397e-01
   3.2630774e-01   0.0000000e+00   1.0479146e-01   0.0000000e+00   4.8610418e-01
   2.1273997e-17   3.4743073e-01   4.4668406e-01   2.1534883e-01   9.4283643e-07
   1.2309682e-01   1.2309193e-01   3.5607981e-01   4.5694053e-01   5.3888442e-07
   2.1517036e-17   4.2757684e-18   4.3623693e-18   3.6528544e-01   4.4027163e-01
   1.1634284e-01   1.1646779e-01   2.2467180e-01   3.6592261e-07   5.2426140e-01
   5.2472369e-01   1.0492014e-01   1.0118330e-01   6.2540468e-07   1.8816599e-01
   5.2272599e-01   0.0000000e+00   1.1381115e-06   3.6452488e-01   2.3431342e-01
   4.2661771e-01   4.2661818e-01   3.5667674e-07   1.0335219e-06   9.5591593e-02
   7.9931592e-18   1.3053820e-01   3.7437853e-01   1.2085070e-01   4.6274738e-01
   3.2392621e-17   5.2901164e-01   2.0403819e-01   9.8386926e-02   9.4858688e-02
   4.2086594e-01   6.9103372e-07   4.0581703e-01   9.6522681e-07   3.7731914e-01
   3.3907337e-01   4.5206595e-01   9.4274664e-07   2.1014745e-01   9.1120376e-07
   3.4339797e-18   5.0892121e-18   1.0026410e-01   1.9329429e-01   5.5927429e-01
   1.1756574e-01   1.1786622e-01   3.7293795e-07   2.1887447e-01   5.2780142e-01
   3.9287989e-01   6.0018602e-07   4.7352883e-01   8.2684342e-07   8.0772475e-07
   3.3001910e-01   4.3999150e-01   1.0606608e-01   8.0813055e-07   9.8642517e-02
   5.6053317e-01   9.3420074e-02   7.9914035e-07   7.7757134e-07   1.6747417e-01
   1.6854862e-17   3.3530917e-18   2.8065490e-01   6.5900025e-07   5.2181705e-01
   4.0332888e-01   4.0333607e-01   3.8885977e-01   6.5142688e-07   1.0832877e-06
   2.9862985e-01   6.1849440e-07   8.6545471e-07   6.2070445e-07   5.3549792e-01
   5.5871929e-01   8.0811894e-07   1.0717259e-06   9.1004402e-07   4.0072762e-01
   3.3125512e-17   5.4098067e-01   2.0865492e-01   2.0119780e-01   8.6579736e-07
   4.5219713e-01   6.7952108e-07   1.0900017e-01   4.2043556e-01   9.0987703e-07
   2.4067158e-01   4.8133674e-01   1.1616527e-01   2.6033158e-07   2.1580743e-01
   5.4167669e-01   8.6255205e-07   9.8480763e-07   2.0145212e-01   1.9424814e-01
   5.9237058e-01   7.5282103e-07   7.4050706e-07   7.1572797e-07   1.5172377e-01
   2.3351715e-01   6.3142359e-07   2.2516789e-01   5.1324652e-07   5.2363348e-01
   3.3168156e-17   5.4167709e-01   9.3946992e-07   2.0145227e-01   1.9424828e-01
   2.1284260e-17   3.4759835e-01   4.4690271e-01   9.7060311e-07   2.0776056e-01
   1.1401595e-01   1.1393930e-01   2.2126167e-01   5.2815368e-01   7.5699134e-07
   2.1875650e-01   5.4689514e-01   9.7225247e-07   2.0339512e-01   1.4885972e-08
   5.6040133e-01   1.4343086e-10   9.0065103e-02   1.7367266e-01   7.7820926e-07
   2.2808587e-01   3.4220851e-01   4.3992099e-01   9.5433270e-07   8.3003000e-07
   2.4102474e-01   4.8204911e-01   9.8656663e-07   1.1204866e-01   2.1607318e-01
   5.4834569e-01   9.1387732e-02   8.8113087e-02   8.4972145e-02   7.5044344e-07
   3.5626820e-17   5.8183012e-01   8.0145378e-02   7.1996588e-07   7.4500335e-02
   4.4023960e-01   1.1004095e-01   4.2448982e-01   8.3565488e-07   8.6301491e-07
   3.0725785e-01   0.0000000e+00   4.9374799e-01   9.5231498e-02   8.3837193e-07
   5.7992359e-01   8.2828047e-02   7.9859912e-02   6.9482866e-07   6.4316584e-07
   1.3212214e-17   1.9770323e-17   3.8833623e-01   8.2755614e-07   4.5132182e-01
   5.9055816e-01   3.4002714e-07   1.6270665e-01   7.2211879e-07   7.3141778e-07
   3.4198657e-17   6.8006364e-18   5.6944218e-01   1.5688746e-01   7.0588367e-07
   5.5897462e-01   9.3164681e-02   1.7965630e-01   7.4545320e-07   7.8294591e-07
   1.4817635e-17   2.4199034e-01   3.5000502e-01   8.1005686e-07   4.3391732e-01
   3.1877888e-01   1.0595556e-01   0.0000000e+00   4.9212323e-01   1.7466076e-07
   1.1915412e-01   2.3994960e-01   4.6208429e-01   1.1141721e-01   1.0741896e-01
   3.5616119e-01   1.0090278e-06   1.0274418e-06   4.4152843e-01   2.1286935e-01
   2.4029939e-01   3.6042497e-01   1.0049720e-06   8.5781252e-07   4.3080814e-01
   3.0663777e-17   5.0077749e-01   3.6216112e-01   1.1638994e-01   1.1224101e-01
   2.0911202e-01   0.0000000e+00   9.8051512e-07   5.8307205e-01   9.3711293e-02
   5.0077722e-01   6.0157860e-07   3.6216093e-01   1.1638988e-01   1.1224095e-01
   1.9056146e-17   2.8538439e-17   5.6042075e-01   7.7188279e-02   7.4426294e-02
   5.8119610e-01   0.0000000e+00   8.0065961e-02   7.7198109e-02   7.1002361e-07
   2.4196206e-01   2.4204138e-01   4.6712489e-01   3.0372378e-07   1.0853016e-01
   2.2937389e-01   2.2937415e-01   0.0000000e+00   5.5568002e-07   5.1724447e-01
   2.7879937e-01   4.1812427e-01   5.3263146e-07   1.2942068e-01   3.7480482e-01
   3.4314685e-17   5.6040133e-01   9.0065103e-02   1.7367266e-01   7.7820926e-07
   1.2566010e-01   1.2585740e-01   3.6477599e-01   6.9432640e-07   4.5201047e-01
   1.3127886e-01   0.0000000e+00   1.2282888e-01   3.6005876e-01   4.6337810e-01
   3.1544258e-01   1.1958147e-01   9.9907482e-06   3.9354768e-01   3.9926881e-01
   3.6324482e-01   1.2232859e-01   1.1698126e-01   0.0000000e+00   4.3526178e-01
   3.3594953e-17   5.4864723e-01   9.5177241e-07   4.0809429e-01   8.9374153e-07
   1.2490186e-17   2.0398022e-01   5.8994516e-01   9.9705596e-07   9.1420271e-02
   5.0205019e-01   1.2549262e-01   3.6297321e-01   1.0965091e-06   1.1250335e-01
   5.9146129e-01   6.0989498e-07   7.3235214e-07   1.5712160e-01   6.0855632e-07
   1.6012331e-17   2.6150121e-01   2.5214457e-01   1.2095654e-01   4.6879355e-01
   2.5561660e-01   2.5539213e-01   7.8422705e-07   1.1492304e-01   4.6319726e-01
   1.4466656e-01   2.8835377e-01   4.1352400e-01   2.7728756e-01   1.3008446e-01
   2.4794157e-01   2.4794661e-01   1.0808576e-06   4.6125990e-01   1.1117979e-01
   2.3581870e-01   0.0000000e+00   3.4107865e-01   4.3850370e-01   8.3355390e-07
   3.3694420e-17   5.5027163e-01   8.8431559e-02   8.5271287e-02   8.2227414e-02
   2.5284048e-17   4.1291984e-01   8.9200674e-07   6.6169426e-07   4.6274422e-01
   5.1451259e-01   1.1528581e-06   3.7209429e-01   1.0838632e-06   2.3063712e-01
   2.7638697e-01   5.5277235e-01   7.7786157e-07   7.6494563e-07   7.7214352e-07
   3.3043910e-01   4.4056749e-01   6.7278462e-07   1.0243595e-01   9.8757354e-02
   6.0967868e-01   6.7410546e-07   6.7245259e-07   6.3688399e-07   6.8324486e-02
   1.7820931e-17   2.9103789e-01   6.4434345e-07   5.4118593e-01   8.1083487e-07
   1.1916661e-17   1.9461384e-01   0.0000000e+00   6.3846301e-01   0.0000000e+00
   3.5455683e-01   1.1806330e-01   1.1461469e-01   4.3973741e-01   3.8693616e-07
   5.1422412e-01   7.5052808e-07   3.7188570e-01   2.3906379e-01   8.9585022e-07
   3.1526299e-01   8.0055550e-07   9.2656771e-07   4.8852950e-01   9.4211391e-02
   3.1487193e-17   5.1422488e-01   3.7188622e-01   2.3904642e-01   1.0325786e-06
   1.4506720e-01   3.8397688e-01   9.9586094e-07   1.2084155e-01   4.4617035e-01
   5.2785866e-01   2.1008620e-01   1.0160767e-01   9.7985434e-02   3.8114837e-07
   5.8117884e-01   8.3025880e-02   7.1985486e-07   6.9431497e-07   7.4440691e-02
   3.8748542e-17   6.3281172e-01   6.0403383e-07   5.8933542e-07   5.7176953e-07
   2.4056971e-17   3.9288016e-01   4.7352916e-01   8.2697095e-07   7.8976196e-07
   2.5770629e-17   4.2086631e-01   4.0581728e-01   1.0032473e-06   3.7731943e-01
   1.8835068e-17   3.0760000e-01   4.9437831e-01   8.9691200e-07   9.1926204e-02
   3.1327162e-17   6.2321532e-18   5.2163697e-01   2.0119297e-01   1.9400568e-01
   5.4052802e-01   2.1619704e-01   2.0846382e-01   0.0000000e+00   0.0000000e+00
   3.2614065e-01   1.0872203e-01   7.4351278e-07   6.0812387e-07   4.8709837e-01
   3.3928573e-01   4.5236310e-01   9.5780357e-07   9.4410540e-07   2.0277984e-01
   4.0272514e-01   9.1970752e-07   8.7057734e-07   4.6806347e-01   8.0662503e-07
   9.4076802e-18   1.5363908e-01   4.2929074e-01   4.1291989e-01   2.5810082e-01
   1.0079427e-01   2.0158778e-01   5.8311293e-01   9.1690518e-07   8.2794425e-07
   2.4729360e-01   2.0809759e-04   4.7952873e-01   2.3020690e-01   1.1124468e-01
   5.4898892e-01   9.1447080e-02   8.8254983e-02   7.6982838e-07   8.2020789e-02
   1.0664083e-01   0.0000000e+00   2.0565630e-01   4.6992738e-07   5.7359494e-01
   5.4102705e-01   2.1701225e-01   0.0000000e+00   2.0098485e-01   1.0714621e-06
   2.5045049e-01   5.1067318e-05   2.4152899e-01   4.6862119e-01   1.1266415e-01
   2.6009757e-01   5.3564581e-07   5.0159673e-01   3.6274063e-01   1.0901564e-06
   2.8837311e-01   2.8628184e-01   4.1788175e-01   2.5803988e-01   4.4372530e-05
   5.3739672e-01   9.1529468e-07   4.1454599e-01   8.8757830e-07   8.8025679e-07
   3.1446548e-18   4.1699683e-19   5.1805667e-02   6.3753443e-01   0.0000000e+00
   2.1903677e-01   2.1901901e-01   5.2746736e-01   1.1290167e-08   6.8836269e-07
   5.0907473e-01   1.4326337e-06   1.2270803e-01   3.5499383e-01   1.1410509e-01
   5.6030633e-01   1.8702508e-01   0.0000000e+00   8.6952493e-02   3.9740192e-08
   2.2331405e-01   1.1544549e-01   1.3535439e-02   0.0000000e+00   5.9734747e-01
   2.7803224e-01   4.2128276e-01   2.7108739e-01   1.2456976e-01   1.2632222e-01
   4.1145360e-01   4.1147629e-01   1.6898020e-06   1.0100155e-06   3.6888089e-01
   3.2534664e-01   6.7726191e-07   3.9696847e-07   1.0080052e-01   4.8610415e-01
   2.4114219e-01   4.8465904e-01   2.2936248e-01   1.1236805e-01   1.3146316e-04
   2.5491208e-01   5.0982265e-01   9.9226571e-07   3.5555991e-01   8.3934361e-07
   1.4749753e-17   2.4088174e-01   4.8902265e-01   2.5183442e-01   1.0281581e-01
   2.3392757e-01   3.5113336e-01   9.2360242e-07   4.3528234e-01   7.7661446e-07
   4.7403443e-01   3.1642918e-01   3.0497121e-01   1.4461089e-01   1.4666586e-01
   1.2378751e-01   2.4735292e-01   4.7776790e-01   0.0000000e+00   2.2038359e-01
   5.6119986e-01   6.7045890e-07   9.0191217e-02   7.7920108e-07   1.6770205e-01
   2.9103759e-01   6.7445894e-07   6.5182015e-07   5.4118537e-01   7.8645331e-07
   1.1713075e-01   2.3426447e-01   2.9461027e-03   1.0740741e-01   5.2468348e-01
   1.2415914e-01   0.0000000e+00   3.6060506e-01   4.6491751e-01   1.1471159e-01
   1.2557532e-17   2.7947546e-18   2.1009761e-01   2.1657727e-01   5.0211495e-01
   3.7256056e-17   6.0843756e-01   7.3332023e-02   6.3649155e-07   6.1153449e-07
   3.4400008e-01   1.1649948e-01   4.4030695e-01   7.5691442e-09   1.0265992e-01
   5.1210576e-01   1.2805886e-01   1.2344751e-01   8.5354210e-07   3.4451916e-01
   2.6807476e-17   4.3779930e-01   4.2214350e-01   8.1239377e-07   9.8123204e-02
   2.0394082e-01   0.0000000e+00   5.8999133e-01   9.2280681e-07   9.1424775e-02
   3.2991521e-01   4.3922035e-01   1.0593829e-01   1.0213767e-01   5.9861664e-07
   3.0979928e-17   5.0594062e-01   1.2790608e-01   2.2088023e-01   2.2770828e-01
   1.4298819e-17   2.3351743e-01   2.2516816e-01   5.1324714e-07   5.2363411e-01
   3.8992900e-01   3.8924141e-01   0.0000000e+00   1.2112854e-01   2.3348393e-01
   1.7344344e-01   5.3396635e-01   2.2485017e-01   2.3133743e-01   5.5983744e-03
   3.5080388e-01   0.0000000e+00   1.1279297e-01   4.3459180e-01   1.0479855e-01
   1.9304313e-17   3.1526336e-01   8.9981522e-07   4.8853007e-01   9.4211501e-02
   1.3741387e-17   2.2441387e-01   5.4094040e-01   9.3576109e-07   2.0118165e-01
   1.9033963e-01   0.0000000e+00   6.4046052e-01   4.5025037e-03   1.9248555e-06
   6.9396035e-18   1.1333233e-01   3.2786147e-01   5.2557781e-01   8.2033773e-07
   1.5926397e-17   2.6009780e-01   5.0159718e-01   3.6274096e-01   1.0970873e-06
   3.8885977e-01   3.8876070e-01   1.2526025e-01   0.0000000e+00   2.2327764e-01
   1.8043105e-01   5.5305676e-01   2.2465792e-01   9.5482056e-02   1.6520661e-04
   4.7155733e-01   1.5797465e-01   3.0296098e-01   2.7152609e-01   1.5699163e-01
   1.2346207e-01   2.4915604e-01   4.7754040e-01   2.3038200e-01   6.5313246e-07
   5.0772866e-01   1.2685472e-01   1.2238748e-01   3.5399750e-01   9.7705011e-07
   1.1874363e-17   1.9392306e-01   6.3919668e-01   0.0000000e+00   8.7013660e-07
   3.4388917e-17   5.6161363e-01   1.8047611e-01   1.0109035e-06   8.3915184e-02
   1.1159890e-01   2.2319712e-01   9.5120105e-07   5.1897378e-01   1.0010237e-01
   2.4319728e-01   2.3971375e-01   4.6625685e-01   1.2453093e-01   1.3461881e-07
   4.1545662e-01   0.0000000e+00   1.3856548e-01   3.9191606e-01   2.4191544e-01
   5.6099600e-01   1.8701326e-01   7.3444767e-07   9.0170750e-07   8.3823556e-02
   5.6096466e-01   3.8377891e-08   1.8032539e-01   8.6915261e-02   5.4918813e-08
   1.2580258e-01   0.0000000e+00   2.4349576e-01   4.7784304e-01   2.2663714e-01
   4.1291990e-01   2.4501088e-08   6.9939571e-07   6.8973469e-07   4.6274429e-01
   3.0007440e-01   5.0022804e-01   8.5661021e-07   1.8884260e-07   8.9686670e-02
   3.6161267e-17   5.9055831e-01   1.6270669e-01   7.2156368e-07   7.3141797e-07
   2.5961452e-01   2.5938890e-01   1.1634715e-01   4.7883962e-07   4.5974734e-01
   4.9360451e-01   1.2740616e-01   2.2659321e-01   1.0534898e-01   9.7390131e-02
   6.0843727e-01   6.4641715e-07   7.3331988e-02   6.3687816e-07   6.1153420e-07
   1.6745617e-01   5.1261040e-01   1.2465137e-01   1.2394000e-01   2.2122526e-01
   1.6748732e-01   8.7732880e-03   4.0992725e-01   3.9378873e-01   2.3492112e-01
   1.3373368e-01   0.0000000e+00   3.7178557e-01   1.1985338e-01   4.5962615e-01
   5.4157438e-01   2.1661846e-01   2.1083353e-07   2.8977979e-08   1.9422752e-01
   2.9637055e-01   0.0000000e+00   4.2873806e-01   2.1980785e-01   2.3975564e-01
   5.1130229e-01   2.3794102e-01   1.1900594e-01   0.0000000e+00   2.4489173e-01
   3.4430386e-17   5.6229087e-01   7.9632972e-07   1.7426058e-01   8.4021336e-02
   1.1318465e-01   1.4232685e-01   5.8432647e-01   1.1028018e-01   0.0000000e+00
   2.5515292e-17   4.1669634e-01   4.0179631e-01   3.8742951e-01   1.1003123e-06
   1.1274396e-01   3.3871975e-01   4.5328218e-07   5.2400952e-01   0.0000000e+00
   5.0975367e-01   2.1582587e-01   0.0000000e+00   1.1648677e-01   2.2158021e-01
   1.4867644e-01   4.1640536e-01   4.1871030e-01   2.7513868e-01   0.0000000e+00
   2.2077064e-01   0.0000000e+00   9.3581168e-02   0.0000000e+00   5.9035139e-01
   5.5694825e-01   1.0136706e-01   0.0000000e+00   0.0000000e+00   2.7122112e-01
   1.6812233e-01   5.3179419e-01   2.0503369e-02   2.1711132e-01   2.3474365e-01
   1.4438998e-17   2.3580674e-01   3.4106378e-01   4.3851206e-01   8.6640889e-07
   1.4487342e-01   3.0680344e-01   1.2354798e-01   4.1885361e-01   2.5690612e-01
   4.6440230e-01   1.1609420e-01   1.3896084e-06   8.3060599e-07   4.1633300e-01
   5.2485946e-01   4.2035879e-01   5.0612128e-08   9.5517398e-07   6.8360730e-07
   1.8573577e-17   3.0332953e-01   3.0351390e-01   4.0751221e-01   2.3621072e-01
   5.2170646e-02   7.6695705e-02   9.8444981e-02   0.0000000e+00   6.4374521e-01
   1.5403043e-17   2.5155078e-01   2.4256309e-01   4.6774630e-01   1.1270279e-01
   1.2970989e-01   1.3204832e-01   2.5463228e-01   1.2247028e-01   4.7388829e-01
   2.7689107e-17   4.5219743e-01   1.0900024e-01   4.2043584e-01   9.1603211e-07
   5.0823027e-01   1.2379002e-01   2.4576012e-01   8.8973414e-07   2.2573989e-01
   2.4188743e-01   4.8377625e-01   2.3706372e-01   1.5379415e-03   1.1196606e-01
   3.6216580e-17   5.9146163e-01   7.3235257e-07   1.5712169e-01   4.2902028e-07
   4.4939825e-01   6.3509420e-07   9.8780583e-07   4.1783981e-01   1.0072254e-01
   1.9184060e-17   3.1329948e-01   1.0105673e-01   4.9508864e-01   2.7646100e-04
   1.8434000e-01   4.8244976e-01   3.2441549e-01   3.0990863e-01   1.5757814e-01
   1.6948608e-01   2.1011302e-01   4.3463687e-01   2.7574745e-01   2.5214647e-01
   1.0602054e-01   2.1203851e-01   0.0000000e+00   9.3994465e-07   5.7038440e-01
   3.8327338e-01   4.7913507e-01   8.1206174e-07   7.9497177e-07   7.7689823e-07
   2.8990645e-01   2.8991247e-01   1.4036977e-01   4.0505644e-01   1.3016826e-01
   1.0460408e-01   1.2797273e-01   1.5278304e-01   4.4040255e-01   4.1059110e-01
   3.5233925e-17   7.0068448e-18   5.8668152e-01   7.0711335e-02   6.1228601e-07
   4.5217490e-01   1.1305955e-01   9.1098501e-07   4.2044286e-01   8.5672402e-07
   1.3272822e-01   2.6666674e-01   2.8716315e-01   4.1505330e-01   1.3455344e-01
   5.5913648e-01   3.3962634e-01   0.0000000e+00   1.5219503e-06   1.0079520e-01
   1.2947825e-01   3.8927553e-01   1.2696813e-01   0.0000000e+00   4.6171261e-01
   5.0317995e-01   2.6046428e-01   1.0133354e-01   9.7721077e-02   1.1354683e-01
   3.0101174e-01   1.2615134e-01   4.1185980e-01   4.0043851e-01   0.0000000e+00
   2.3763148e-01   3.3643877e-09   3.3221709e-07   2.2102026e-01   5.3063284e-01
   2.8831664e-01   9.6561091e-02   4.5908455e-01   0.0000000e+00   2.2251660e-01
   4.4726719e-34   7.3044275e-18   1.1929035e-01   4.7653620e-01   4.8098660e-01
   2.0047610e-01   1.8065778e-03   2.1186139e-01   5.2944200e-01   0.0000000e+00
   1.3319383e-01   1.4054511e-01   5.2898923e-01   2.6309726e-01   1.0698962e-01
   1.2644810e-01   2.5467223e-01   0.0000000e+00   4.7279175e-01   2.2209030e-01
   1.6678768e-01   3.1243214e-01   3.0694907e-01   1.2037398e-01   4.2031565e-01
   3.9365714e-01   3.9216186e-01   2.4351394e-01   1.1097752e-01   3.3766728e-06
   5.4962562e-01   9.1602152e-02   5.8398240e-07   8.5177384e-02   8.2124952e-02
   2.7863116e-01   4.1793841e-01   1.3435422e-01   9.1898106e-07   3.7466505e-01
   1.8088116e-01   0.0000000e+00   5.2886474e-01   2.3955587e-01   2.5692902e-01
   5.2659541e-01   1.0534487e-01   6.7562995e-07   1.9585250e-01   9.4422176e-02
   2.4192108e-01   9.1433629e-02   9.7570208e-02   1.0643790e-05   5.3363768e-01
   7.1050024e-18   1.1603350e-01   3.3483444e-01   0.0000000e+00   5.2024775e-01
   9.3818551e-02   1.4089435e-01   1.4741691e-01   0.0000000e+00   6.0465700e-01
   2.6499357e-01   3.9743016e-01   3.8347348e-01   1.2320978e-01   9.1394483e-07
   5.1279811e-01   1.2818230e-01   0.0000000e+00   1.1919530e-01   3.4460770e-01
   1.0926685e-01   1.6178558e-01   0.0000000e+00   1.4117925e-01   6.2556149e-01
   5.0452260e-01   3.7842053e-01   2.4324803e-01   1.0461842e-06   1.0214733e-06
   1.9366870e-01   3.8508746e-02   4.7574189e-01   2.1573505e-01   3.6379775e-01
   4.8559789e-01   3.3935838e-01   2.8858169e-01   0.0000000e+00   3.0032401e-01
   5.5970869e-01   3.4222492e-01   0.0000000e+00   9.5364080e-02   4.4124877e-08
   3.5587921e-17   5.8119486e-01   8.0065791e-02   7.7203688e-02   5.7880544e-07
   2.4607391e-01   2.2538626e-03   4.7452904e-01   1.1442694e-01   2.1811364e-01
   2.6736277e-01   0.0000000e+00   7.7574644e-07   4.9718067e-01   3.5953659e-01
   4.8543011e-01   1.2105773e-01   1.1839093e-01   1.0991140e-01   2.2262656e-01
   1.4463351e-17   2.3620445e-01   7.9720544e-02   5.1981534e-01   1.0029840e-01
   4.8342031e-01   3.3824712e-01   0.0000000e+00   2.7557016e-01   2.5617444e-01
   2.4385129e-01   4.0877239e-07   9.4597528e-07   3.4007731e-01   4.3721495e-01
   3.2964682e-17   4.2362649e-18   5.4278127e-01   1.7443978e-01   8.4112808e-02
   5.8478682e-01   0.0000000e+00   0.0000000e+00   0.0000000e+00   2.4683237e-01
   1.3671923e-01   1.5578930e-01   0.0000000e+00   5.2393322e-01   3.8134596e-01
   5.5461475e-01   1.1499367e-01   2.8604223e-01   1.9414985e-03   0.0000000e+00
   1.1448115e-19   1.8696190e-03   1.3497577e-01   4.9300563e-02   6.6806193e-01
   9.8283661e-02   1.2236677e-01   1.6392652e-01   9.3862220e-02   5.4896297e-01
   2.1331966e-01   9.1428295e-02   6.0046002e-01   9.4418230e-07   8.5257486e-07
   1.5832751e-01   1.7636077e-01   1.1088236e-01   5.0965056e-01   2.6083992e-01
   1.3647842e-01   3.6020092e-01   1.1775178e-01   4.5878524e-01   4.0150930e-07
   3.9279408e-01   3.9217369e-01   2.5241225e-01   6.3343446e-07   1.1669416e-01
   1.8618169e-17   3.0405777e-01   2.7596392e-01   4.8106426e-01   0.0000000e+00
   1.7044057e-01   5.2658880e-01   1.0170239e-01   1.1787153e-01   1.4894602e-01
   5.0609871e-01   1.2654777e-01   2.1775910e-01   2.2979784e-01   5.1208523e-08
   1.9394386e-17   2.9040997e-17   5.7031384e-01   6.7196124e-07   1.5149786e-01
   1.8098905e-01   5.2808431e-01   2.2022514e-01   8.0428402e-07   2.5094225e-01
   1.4445136e-01   2.8890091e-01   1.0480674e-06   4.0289464e-01   3.8849369e-01
   1.3809694e-01   1.3812474e-01   5.2563362e-01   1.2586581e-01   2.4554781e-01
   3.4438932e-17   5.6243044e-01   8.5044452e-02   3.2069454e-01   9.0345022e-07
   5.6229228e-01   8.6609619e-02   0.0000000e+00   3.1091789e-01   0.0000000e+00
   3.0455935e-17   4.9738317e-01   3.1896234e-01   2.7694954e-01   2.8209425e-01
   1.6481658e-17   2.6916591e-01   8.4696688e-02   2.5682132e-01   4.7796922e-01
   3.1212985e-01   1.0453645e-01   4.9700214e-01   0.0000000e+00   0.0000000e+00
   4.5073970e-01   3.3434371e-01   1.4604677e-01   3.0658699e-01   1.4360247e-01
   4.9201676e-01   3.6885880e-01   1.8047912e-06   1.1434136e-01   1.1026117e-01
   7.7122284e-02   1.1469916e-01   1.4828206e-01   5.8691567e-01   8.0475732e-04
   1.1942273e-01   0.0000000e+00   2.3157336e-01   1.1017349e-01   5.3007364e-01
   3.1524477e-01   0.0000000e+00   8.8106116e-02   4.9197240e-01   7.7554973e-07
   3.5490388e-01   1.7445196e-03   3.0755636e-01   4.6059671e-01   2.8365393e-03
   2.0217574e-17   2.9741376e-17   5.8731181e-01   6.4897575e-07   6.8258374e-02
   5.1011724e-01   0.0000000e+00   2.1625571e-01   1.1475126e-01   2.3076319e-01
   1.7823461e-01   5.4632425e-01   3.7652383e-01   1.0519095e-01   1.8200530e-04
   2.4342831e-17   3.9754860e-01   3.8637368e-01   1.2169804e-01   2.3116402e-01
   5.0866868e-01   1.2729419e-01   5.5993702e-07   3.5475063e-01   1.1391123e-01
   1.2110881e-01   2.9553004e-01   1.0745340e-01   1.3339539e-01   4.7221774e-01
   5.2425698e-01   1.0485514e-01   1.0110116e-01   1.9499196e-01   8.4202332e-07
   1.1039931e-01   3.4171697e-01   7.8219997e-07   1.5099885e-03   5.2520297e-01
   4.9634192e-01   1.2455580e-06   1.6162802e-01   3.3454258e-01   3.8738128e-01
   2.4022461e-01   4.8284581e-01   6.0662534e-03   2.3007405e-01   1.0842842e-01
   9.3331986e-18   1.5242270e-01   5.5230152e-01   4.0139570e-01   1.2821178e-01
   1.0541472e-01   2.3660290e-01   1.1536325e-01   1.9422854e-03   5.4632512e-01
   9.1962665e-02   1.1477179e-01   2.1901157e-01   3.2775927e-01   4.0043631e-01
   2.4052124e-01   1.0138764e-01   0.0000000e+00   5.2870851e-01   1.0299671e-01
   2.4894987e-17   4.0656599e-01   3.8872569e-01   2.5784885e-01   1.1007323e-01
   1.9890973e-01   5.9670465e-01   7.7235597e-07   7.6296249e-07   8.9157683e-02
   2.2444198e-01   2.2429110e-01   0.0000000e+00   5.2225276e-01   7.7761342e-07
   5.1482627e-01   2.2834651e-01   0.0000000e+00   2.0970335e-01   1.0057501e-01
   2.9567494e-01   2.9727002e-01   1.2502362e-01   1.3178485e-01   4.0900952e-01
   2.4199011e-01   4.9911359e-07   3.5000472e-01   7.6615518e-07   4.3391695e-01
   2.8939256e-01   2.9568932e-01   3.8910210e-01   4.0198225e-01   0.0000000e+00
   5.2541035e-01   1.0500507e-01   8.4295452e-07   9.7704937e-02   1.8844415e-01
   6.3395459e-02   0.0000000e+00   5.8242866e-01   2.2815851e-01   1.3081059e-01
   2.1393630e-01   5.3493094e-01   9.0787369e-07   9.9480905e-02   9.5914528e-02
   1.6912503e-01   0.0000000e+00   1.6476830e-01   7.9198424e-02   5.6357756e-01
   5.1300816e-01   5.3390347e-07   2.5820846e-01   2.2321041e-01   1.2730747e-01
   4.9530931e-01   1.9740793e-01   7.2634660e-07   2.3961119e-01   3.7783975e-01
   3.9153624e-01   3.8873495e-01   1.2047348e-01   2.1659333e-01   0.0000000e+00
   5.8947808e-18   1.4880490e-20   9.6269382e-02   0.0000000e+00   6.7507550e-01
   3.4261919e-01   1.1436440e-01   4.3994257e-01   1.0610504e-01   3.8539979e-08
   1.9868114e-01   5.9602864e-01   7.8661471e-07   9.2328601e-02   8.1662857e-07
   5.6120785e-01   0.0000000e+00   0.0000000e+00   3.0908912e-01   1.0453866e-01
   5.2901164e-01   0.0000000e+00   2.0403819e-01   9.8386926e-02   9.4858688e-02
   3.4759850e-01   1.6352754e-08   4.4690290e-01   9.7017929e-07   2.0775535e-01
   1.1878422e-17   1.9398935e-01   5.2737264e-01   1.2259830e-01   3.5603710e-01
   4.8624277e-01   1.2161009e-01   1.1660509e-01   2.0189815e-01   1.1345434e-01
   1.7191948e-01   4.3119113e-01   1.4961161e-01   1.4267619e-01   3.9575518e-01
   1.4589219e-17   3.0073351e-17   5.4587684e-01   1.0333520e-01   3.2345916e-01
   1.8309719e-01   4.8224513e-01   0.0000000e+00   0.0000000e+00   4.3297172e-01
   3.0741161e-01   1.2527730e-01   4.2943540e-01   8.6698526e-07   3.8371750e-01
   1.9470553e-01   5.1066754e-01   3.3973979e-01   3.9963581e-01   1.7275590e-08
   1.6436655e-17   2.6843095e-01   1.0324875e-01   4.7915728e-01   2.2863630e-01
   3.3762705e-17   5.5138681e-01   0.0000000e+00   3.5244802e-01   1.1788879e-01
   5.2874008e-01   2.1107618e-01   8.9714207e-07   9.8304979e-02   9.6893036e-02
   5.0423578e-01   1.2611017e-01   4.4374236e-03   2.0403881e-01   2.3466834e-01
   2.7920788e-01   4.3970438e-01   1.8148905e-05   2.0055638e-01   2.2576397e-01
   3.8576023e-01   1.4565285e-01   3.6855367e-01   3.4274692e-01   3.4516820e-01
   5.4688663e-01   1.2244299e-02   1.2647904e-01   4.7886591e-03   3.0662720e-01
   1.4241984e-01   2.8674301e-01   4.0867106e-01   1.3186758e-01   2.4368597e-01
   4.6439927e-01   3.5660634e-08   1.1194565e-01   9.6857143e-07   4.1634679e-01
   3.7526951e-01   3.7527062e-01   1.2054364e-01   1.1629465e-01   1.1214768e-01
   1.5279903e-01   4.7864016e-01   6.3796137e-07   4.5647774e-01   0.0000000e+00
   1.2022657e-17   1.9634489e-01   5.7109728e-01   9.6461915e-07   3.7290985e-01
   1.3384886e-01   1.4634114e-01   9.2299527e-02   2.5628342e-01   4.9399985e-01
   3.0249004e-03   2.4102619e-01   2.2057710e-01   5.3694840e-01   0.0000000e+00
   4.4085125e-01   1.3953911e-01   3.4084439e-01   1.6039263e-01   2.4429470e-01
   5.4864683e-01   9.3657118e-07   9.0668360e-07   4.0809400e-01   8.7770921e-07
   1.8144429e-17   2.9632101e-01   1.1893399e-01   4.0334350e-01   4.0168736e-01
   1.1931212e-17   1.9485149e-01   5.7361500e-01   3.7161360e-01   0.0000000e+00
   1.4639538e-01   2.1480583e-02   4.8226635e-01   9.0993026e-04   4.3825466e-01
   4.4475627e-01   3.5674039e-01   4.0105627e-01   1.1367089e-01   0.0000000e+00
   3.3938084e-17   5.5425098e-01   2.7581680e-01   1.3800069e-02   1.0347183e-01
   5.8652711e-01   2.2075396e-07   9.9940869e-07   2.7545867e-01   6.6190119e-07
   5.2329361e-01   5.7683415e-02   2.4909522e-01   0.0000000e+00   3.5538285e-01
   3.3964757e-17   6.7166304e-18   5.6542841e-01   0.0000000e+00   2.6395185e-01
   5.0675306e-01   0.0000000e+00   1.2197023e-01   2.1232551e-01   2.2287221e-01
   5.4098029e-01   8.5829677e-07   2.0865481e-01   2.0119766e-01   8.6155815e-07
   1.2685470e-01   3.6969853e-01   2.0042806e-03   4.5936127e-01   1.1101810e-01
   7.4646196e-18   1.2190649e-01   4.8888897e-01   4.7675097e-01   0.0000000e+00
   3.9953681e-01   7.8010645e-11   3.8530458e-01   1.2455950e-01   2.3692879e-01
   1.3147882e-01   2.6457095e-01   2.6046880e-01   5.6399047e-03   4.7583153e-01
   1.2537368e-01   1.2536094e-01   2.4295604e-01   4.6882817e-01   1.1208967e-01
   2.5311034e-01   5.0621368e-01   3.6560785e-01   0.0000000e+00   1.1315927e-06
   4.2045148e-01   1.3838863e-01   1.3995131e-01   1.3350977e-01   3.8713960e-01
   1.7313803e-01   5.4765951e-01   2.1115058e-02   2.0553424e-01   1.0685373e-01
   1.2399986e-01   1.2375998e-01   0.0000000e+00   3.6481254e-01   4.5411855e-01
   5.1618324e-04   2.2593894e-01   9.0501183e-02   5.7432547e-01   1.0110118e-02
   8.9711119e-18   1.4650938e-01   1.4539507e-01   5.4280924e-01   3.9374310e-01
   7.2133207e-18   1.1780247e-01   1.7137834e-01   8.9899021e-02   5.7724547e-01
   4.3779739e-01   0.0000000e+00   4.2214418e-01   8.2785583e-07   9.8123057e-02
   3.5299277e-01   3.5457855e-01   1.6000162e-01   3.2567734e-01   2.5802801e-01
   1.1651681e-01   0.0000000e+00   7.9221273e-09   3.2465784e-01   5.2174388e-01
   5.5707806e-01   4.1851977e-03   0.0000000e+00   9.9856527e-02   2.9391211e-01
   3.6280753e-01   7.5540496e-07   1.1667383e-01   1.1249883e-01   4.3407920e-01
   2.7535096e-01   4.1257722e-01   1.2829741e-01   1.2370614e-01   2.3949366e-01
   3.3716951e-17   5.5063960e-01   0.0000000e+00   1.1936368e-01   3.4942633e-01
   1.3196879e-17   2.1552140e-01   0.0000000e+00   9.0081298e-02   5.9515397e-01
   5.8832792e-01   3.1019251e-07   2.9920702e-01   0.0000000e+00   0.0000000e+00
   1.1581999e-01   2.2843295e-01   1.1262190e-01   5.3879896e-01   6.1503062e-07
   4.6810582e-01   1.7296429e-01   1.5618807e-01   2.9484019e-01   2.7580880e-01
   1.5353174e-01   4.3583243e-01   0.0000000e+00   4.1266209e-01   2.6341952e-01
   5.3127295e-01   2.1092774e-01   9.9123481e-03   0.0000000e+00   3.6952447e-01
   4.1173181e-01   1.4071086e-01   3.9396536e-01   2.4963600e-01   1.4166136e-04
   1.7554198e-01   4.1330815e-01   4.0089967e-01   0.0000000e+00   1.9684902e-01
   2.3074681e-01   1.0094084e-01   5.4250736e-01   9.7140547e-07   1.0104584e-01
   3.5841079e-01   8.9947670e-02   0.0000000e+00   7.5919324e-02   4.3483159e-01
   2.5502878e-01   5.1005426e-01   0.0000000e+00   0.0000000e+00   3.5475796e-01
   4.2554554e-01   4.2556100e-01   1.0259873e-01   1.1743175e-06   8.9157641e-07
   2.3586166e-01   0.0000000e+00   7.7164757e-02   5.1857654e-01   1.0260689e-01
   1.5213539e-17   2.4845595e-01   4.7529536e-01   1.1490385e-01   2.2123932e-01
   1.9641085e-01   0.0000000e+00   0.0000000e+00   6.3653165e-01   0.0000000e+00
   3.9416458e-01   1.3275035e-01   3.8017141e-01   1.2175072e-01   1.1802829e-01
   7.9999577e-18   1.3064922e-01   1.2597734e-01   3.5471984e-01   4.5878097e-01
   2.5233354e-01   1.2240050e-01   2.5857957e-01   5.1803169e-01   0.0000000e+00
   7.1106271e-34   1.1612535e-17   1.8964709e-01   6.4362987e-01   6.0626362e-07
   2.9701791e-01   4.2819115e-01   2.1005947e-01   2.4126367e-01   1.1950184e-07
   4.9100001e-01   1.7591949e-02   3.1170576e-01   2.7419865e-01   2.5164307e-01
   3.3003087e-17   5.3898132e-01   2.0166190e-01   0.0000000e+00   3.6024533e-01
   2.4051984e-01   4.8103304e-01   1.1791648e-01   2.2056414e-01   4.4465426e-08
   6.3920482e-20   1.1031721e-17   2.1921752e-18   1.8368730e-01   6.2190359e-01
   2.2120202e-01   0.0000000e+00   4.4128650e-05   9.4636458e-02   5.9075186e-01
   5.1015108e-01   2.0462754e-01   1.1241844e-01   2.3180427e-01   1.0137248e-06
   6.2830887e-04   1.0938857e-01   1.0505249e-01   2.2888923e-01   5.3567671e-01
   5.0481781e-03   2.3944205e-01   0.0000000e+00   2.2275376e-01   5.3650319e-01
   5.5423716e-01   3.3598912e-01   1.2378775e-01   2.3127741e-03   0.0000000e+00
   1.2621934e-01   4.9441933e-01   4.7323496e-01   0.0000000e+00   0.0000000e+00
   1.1813133e-01   2.9293055e-03   2.9797789e-01   5.1770591e-01   0.0000000e+00
   1.3416864e-01   0.0000000e+00   1.3266753e-01   5.8189461e-01   2.4581039e-01
   1.2798403e-01   2.5063529e-01   1.1149021e-01   4.6786341e-01   1.1998143e-01
   2.1343743e-01   5.3456934e-01   1.0286313e-01   1.0000438e-06   9.5830163e-02
   4.0733009e-01   1.0181499e-01   3.9275765e-01   5.8886437e-04   1.9767455e-01
   9.6040657e-02   1.2717074e-01   0.0000000e+00   6.0701162e-01   9.9616752e-02
   1.6684902e-01   3.3369358e-01   3.9364041e-01   1.2334274e-01   1.1930131e-01
   1.0241312e-01   0.0000000e+00   1.3167123e-01   1.1266540e-04   6.3783636e-01
   1.7931554e-01   5.4570951e-01   2.2934557e-04   3.7479312e-01   1.0567506e-01
   3.2007736e-17   5.2272599e-01   1.1290242e-06   3.6452488e-01   2.3431342e-01
   1.5422466e-01   3.0844829e-01   4.4308631e-01   1.0260070e-01   1.4755222e-02
   2.9153914e-01   9.8180535e-02   1.0411899e-01   4.7165921e-02   4.5834351e-01
   3.3893495e-01   4.5189529e-01   2.1785681e-01   6.8013725e-07   7.6073754e-07
   2.5213908e-01   1.0232741e-01   4.9132986e-01   2.3749029e-01   8.6638818e-03
   1.4684857e-01   1.4826446e-01   5.5162244e-01   6.1267971e-07   3.7334272e-01
   8.4850898e-18   1.3857203e-01   5.1334793e-01   9.5911607e-04   4.6194429e-01
   9.1889926e-02   1.8151444e-01   4.1617845e-01   2.8274640e-01   4.3533120e-01
   1.8285821e-17   2.9863013e-01   8.6168015e-07   6.2379857e-07   5.3549842e-01
   3.3341711e-01   3.3699524e-01   3.4943321e-01   1.6443431e-01   2.5828624e-01
   4.1271804e-01   1.4075465e-01   1.3309367e-01   3.8285279e-01   1.2483091e-01
   3.0904230e-01   1.2347438e-01   4.1672678e-01   2.3298539e-01   1.1787423e-01
   1.0246605e-17   1.6733976e-01   4.0428483e-02   4.6029231e-01   4.2181625e-01
   4.2445585e-01   1.4005876e-01   0.0000000e+00   3.8863244e-01   2.4583354e-01
   4.6188752e-01   3.1451845e-01   1.4838776e-01   1.4488819e-01   2.5431239e-01
   2.4705336e-01   1.1235667e-01   0.0000000e+00   1.0105572e-01   5.4449599e-01
   4.8386829e-01   1.1785616e-01   2.2794742e-01   6.5078377e-02   3.5732605e-01
   3.0527217e-17   4.9854729e-01   1.8447980e-01   2.3320700e-01   3.6338589e-01
   1.7818958e-01   5.3520204e-01   2.6689624e-01   0.0000000e+00   3.8077947e-01
   5.3623886e-01   0.0000000e+00   7.2979960e-07   2.4097725e-01   3.7999386e-01
   2.0137591e-17   3.9041282e-18   3.3499539e-01   4.3072959e-01   2.0767852e-01
   4.0302688e-01   0.0000000e+00   3.8877198e-01   2.5672028e-01   1.1660980e-01
   2.2806649e-01   1.0493844e-01   5.5062185e-01   1.0371436e-01   0.0000000e+00
   2.3428479e-01   9.8758774e-02   0.0000000e+00   5.1499968e-01   1.9806493e-01
   1.7242471e-01   1.0705056e-02   5.2732229e-01   1.1760300e-01   3.7329022e-01
   1.6150295e-01   5.2146973e-01   2.3926769e-01   1.5352436e-01   1.1669510e-01
   1.3559616e-01   1.6809946e-01   3.4772821e-01   3.8120686e-01   2.4265988e-01
   1.7271649e-01   3.4700792e-01   3.7139605e-01   3.3295492e-01   3.3864223e-01
   1.8775119e-01   5.2851708e-01   1.3607775e-06   1.4643931e-01   3.6052067e-01
   3.9957608e-01   3.8933855e-01   0.0000000e+00   2.3927136e-01   1.1315493e-01
   4.9714350e-01   3.2912660e-01   0.0000000e+00   1.3974429e-01   3.8946198e-01
   2.7675038e-01   4.0990071e-01   1.3227671e-01   2.5326171e-01   1.5433250e-01
   1.7189746e-01   5.4373543e-01   2.2165199e-02   1.1522724e-01   2.2805301e-01
   2.4401608e-01   8.8573330e-02   8.0133712e-02   5.2260568e-01   0.0000000e+00
   4.2609114e-01   4.2609751e-01   9.3437474e-07   9.9014942e-02   8.5496564e-07
   4.9393204e-01   3.2971131e-01   4.0281810e-01   5.5719589e-03   1.0596766e-01
   5.1739933e-18   8.4497724e-02   2.4383259e-01   2.4229579e-01   5.3231131e-01
   3.1698476e-01   1.1460483e-01   3.0772200e-01   1.3863891e-01   4.2379123e-01
   1.7180139e-01   0.0000000e+00   4.9700786e-01   4.3992148e-01   3.1826114e-07
   2.8772995e-01   7.9616800e-03   1.0658978e-01   3.9885514e-01   3.9257667e-01
   2.6543325e-01   3.9812320e-01   3.8392766e-01   1.0859317e-06   1.1902844e-01
   3.1650978e-17   5.1689970e-01   2.5722935e-01   2.1862329e-01   1.0312182e-01
   2.4686352e-05   3.5081486e-01   1.1279650e-01   4.3460539e-01   1.0480183e-01
   2.2570837e-01   0.0000000e+00   9.0408592e-02   5.7373789e-01   1.0099774e-02
   4.4592312e-01   3.4995503e-01   1.4206264e-01   4.0596842e-01   5.2941961e-05
   3.0773340e-01   2.7354031e-01   4.8389844e-01   5.8429975e-07   1.6267403e-03
   1.4931146e-17   2.4384411e-01   1.0201743e-06   3.4006730e-01   4.3722061e-01
   2.8786069e-01   1.0493708e-01   2.6569593e-01   2.5014152e-08   4.8177455e-01
   2.5276430e-01   0.0000000e+00   9.7244970e-02   4.9195156e-01   2.3126654e-01
   3.1373046e-01   2.7623425e-01   1.3945819e-02   7.6702772e-03   4.6878775e-01
   3.1245658e-17   5.1028032e-01   2.1632484e-01   1.1384721e-01   2.3075946e-01
   3.5774831e-01   3.5762239e-01   3.2643790e-01   2.6977338e-01   1.4142537e-01
   4.8147656e-01   3.3927357e-01   2.6343663e-01   2.4186762e-01   0.0000000e+00
   1.2882338e-01   3.3999733e-01   1.1029163e-01   4.3275214e-01   1.2135704e-01
   3.4231833e-17   5.5904825e-01   3.3117081e-01   1.0872067e-01   0.0000000e+00
   3.1266152e-01   4.4685962e-01   2.6765614e-01   0.0000000e+00   2.5014208e-01
   2.9939144e-01   2.9618398e-01   5.7137267e-05   4.1198093e-01   2.4811552e-01
   2.4902982e-01   6.2493429e-07   9.4484342e-02   6.0191323e-02   5.1926254e-01
   2.7401012e-01   1.1731126e-01   4.6299643e-01   9.5081119e-02   1.1672427e-01
   7.5876624e-18   1.2391593e-01   0.0000000e+00   3.1820203e-01   5.1320699e-01
   2.0627732e-17   3.3687643e-01   9.6485411e-02   0.0000000e+00   4.7741339e-01
   3.4156876e-17   5.5782412e-01   9.6769992e-02   4.7470287e-07   2.7030247e-01
   3.5807866e-17   5.8478682e-01   0.0000000e+00   0.0000000e+00   2.4683237e-01
   1.4730411e-01   0.0000000e+00   1.4199684e-01   5.4995326e-01   3.9839420e-01
   2.5956662e-01   3.8874366e-01   1.0108438e-01   3.3124819e-01   3.8938227e-01
   3.0759966e-01   7.8736466e-07   4.9437776e-01   8.6795092e-07   9.1926085e-02
   3.5790956e-17   5.8451068e-01   2.3229425e-01   0.0000000e+00   0.0000000e+00
   1.1593447e-01   0.0000000e+00   1.1366971e-01   2.1937792e-01   5.3245447e-01
   1.2310215e-17   2.0104106e-01   1.1261696e-06   0.0000000e+00   6.3142466e-01
   1.9455919e-01   5.1036531e-01   8.5908771e-03   3.3854256e-01   3.8145619e-01
   2.5166173e-17   4.1099480e-01   3.2960014e-01   9.7467565e-05   4.5769609e-01
   1.1622091e-01   1.7261707e-01   4.6379736e-09   5.3149371e-01   1.8842618e-01
   5.1481629e-01   2.2234943e-01   2.3883668e-01   0.0000000e+00   1.0059208e-01
   3.1772403e-17   6.3184513e-18   5.2904354e-01   9.0884369e-07   3.9349321e-01
   5.4795778e-01   3.0155119e-03   1.3533588e-01   2.5702819e-01   2.6701257e-07
   1.4632372e-01   5.5787147e-01   1.1039253e-01   3.9894183e-01   1.5789123e-02
   1.0463541e-01   3.1752236e-01   5.3718159e-01   6.6905346e-03   7.8409161e-07
   5.5973069e-01   9.3285395e-02   6.8830120e-07   1.7346957e-01   6.6758053e-07
   2.8439606e-17   4.6445401e-01   2.1194554e-09   1.0795759e-01   4.1638820e-01
   4.2610304e-01   0.0000000e+00   3.6572900e-01   1.7179845e-01   3.7823397e-01
   3.3159940e-17   5.4154291e-01   2.0887177e-01   8.9866204e-07   1.9419867e-01
   5.0618386e-01   2.3555909e-01   1.1994428e-01   0.0000000e+00   3.6918123e-01
   7.4502772e-02   0.0000000e+00   6.3735172e-01   9.7464981e-02   5.6917611e-03
   1.1300132e-17   1.8454517e-01   2.3726734e-01   2.5696705e-01   4.7888130e-01
   1.8645824e-17   2.6291981e-17   5.2639692e-01   2.3781680e-01   3.6859064e-01
   1.8482011e-01   5.4738476e-01   1.0020447e-01   1.9343363e-01   0.0000000e+00
   3.1385024e-01   0.0000000e+00   3.0254243e-01   3.9714606e-01   4.0107006e-01
   3.2214325e-18   5.2609985e-02   0.0000000e+00   9.4324184e-06   6.5864632e-01
   1.3957162e-01   1.3957410e-01   5.5993624e-01   7.0188379e-02   1.1029543e-01
   3.6431065e-17   5.9496444e-01   7.3770586e-07   9.7872057e-04   1.3479372e-01
   3.2439236e-17   5.2977293e-01   3.2781530e-01   4.1735416e-01   2.4456214e-04
   1.7877349e-01   4.9071872e-01   3.1172551e-01   1.3371899e-01   2.5775294e-01
   4.3186052e-01   0.0000000e+00   2.3757263e-01   4.4107951e-01   9.7877588e-02
   3.7332071e-17   6.0967898e-01   6.6621675e-07   6.4014975e-07   6.8324520e-02
   1.3655124e-17   2.2300509e-01   6.0977317e-02   0.0000000e+00   5.6919283e-01
   4.9070244e-02   0.0000000e+00   9.7665334e-02   6.2804651e-01   1.1947649e-01
   5.2826513e-01   2.0940361e-01   1.0220965e-01   0.0000000e+00   9.5286434e-02
   1.7864416e-03   4.4716689e-01   2.1984670e-01   4.5181229e-01   0.0000000e+00
   7.7447477e-18   9.7891751e-18   2.0385225e-01   9.2303220e-02   5.9174382e-01
   5.3934739e-01   2.6335231e-01   0.0000000e+00   3.8328655e-01   1.0987748e-06
   4.3646562e-01   2.9087004e-01   0.0000000e+00   4.3870148e-01   1.4597483e-01
   2.7693034e-01   2.4975571e-03   1.0141543e-01   2.6299015e-01   4.7946557e-01
   1.0038501e-01   1.3292325e-01   0.0000000e+00   6.3446952e-01   5.3160607e-03
   6.7155400e-02   1.3248487e-01   1.4862340e-01   5.3621531e-01   2.0705193e-01
   1.2944084e-01   2.4930410e-01   2.5399672e-01   4.8121797e-01   0.0000000e+00
   1.1550483e-01   1.4318307e-01   5.9396756e-01   0.0000000e+00   7.1562086e-02
   1.1062058e-01   1.3782715e-01   5.5811691e-01   2.3071773e-01   2.3056257e-02
   1.1768621e-01   0.0000000e+00   3.4417077e-01   0.0000000e+00   5.1590987e-01
   2.5249545e-01   2.5179188e-01   1.2148975e-01   4.6803082e-01   0.0000000e+00
   5.1856763e-01   2.7849205e-01   2.4847168e-01   1.0418585e-01   9.4751976e-07
   5.2571018e-01   1.0530818e-01   2.0280691e-01   9.7754766e-02   8.3579937e-07
   1.1196203e-01   3.8111567e-01   4.7403015e-01   0.0000000e+00   1.1970576e-01
   8.8283453e-02   2.6916557e-01   7.8045722e-02   1.5721709e-03   5.4370808e-01
   1.6616606e-01   4.7811050e-01   1.9968133e-01   3.6141496e-01   2.7315113e-01
   8.3365171e-19   1.3614566e-02   5.8377709e-01   8.9341641e-02   8.6152471e-02
   2.9118565e-01   2.8869887e-01   4.1573759e-01   0.0000000e+00   2.3693572e-01
   2.9862669e-01   1.8962214e-03   2.8892698e-01   4.1562135e-01   2.4855005e-01
   2.0104106e-01   0.0000000e+00   1.1261696e-06   0.0000000e+00   6.3142466e-01
   3.2694576e-18   5.0191436e-18   9.8631840e-19   9.9142836e-02   6.3076581e-01
   2.5294121e-17   4.1308434e-01   1.3151312e-01   3.9192254e-01   2.4520769e-01
   4.0758423e-01   2.0827139e-01   0.0000000e+00   4.7105454e-01   0.0000000e+00
   7.6076235e-18   1.2424192e-01   3.6084549e-01   4.6522750e-01   1.1273608e-01
   5.8797259e-01   2.9409991e-01   0.0000000e+00   0.0000000e+00   0.0000000e+00
   3.7848738e-01   1.0098881e-03   0.0000000e+00   2.4173565e-01   5.0363912e-01
   9.1890274e-02   0.0000000e+00   2.0057712e-07   0.0000000e+00   6.7464453e-01
   1.0362026e-17   1.5398921e-17   2.7799425e-17   5.4589018e-01   2.6315614e-01
   3.2044921e-01   5.7153308e-04   6.0532330e-05   5.4894073e-07   5.1930955e-01
   3.2093940e-01   9.8376842e-02   1.2223348e-01   4.1439718e-01   2.5417274e-01
   4.5548720e-01   3.4163426e-01   1.1174000e-01   9.0349298e-02   2.4437626e-01
   4.2178757e-01   4.1093122e-01   2.7284867e-01   2.3170737e-03   6.8316350e-07
   5.4967230e-01   0.0000000e+00   0.0000000e+00   1.8281314e-01   1.4332914e-01
   3.6111192e-17   5.8974052e-01   1.6800978e-01   7.2232148e-07   7.3816923e-07
   5.6063733e-01   1.6985873e-06   2.3036374e-01   7.9755439e-02   7.2378522e-07
   3.1987790e-01   1.0663429e-01   7.2923540e-07   5.9644631e-07   4.9452575e-01
   2.6606041e-01   4.7070291e-01   1.1731542e-01   2.2355714e-01   6.5098588e-07
   5.4917343e-01   1.3854985e-06   2.4976441e-01   1.3633699e-01   5.4414517e-03
   2.2053259e-33   3.6015705e-17   5.8818110e-01   2.9704037e-01   9.2954691e-07
   1.1592206e-17   1.8931509e-01   5.1848755e-01   2.3362479e-01   2.4076614e-01
   3.8494137e-17   6.2865697e-01   4.2326758e-03   5.2641434e-03   6.1997364e-07
   1.8928516e-01   0.0000000e+00   6.0823322e-01   8.6310685e-02   8.6308320e-04
   1.2487404e-20   2.0393478e-04   5.6567991e-01   3.2745289e-01   7.9473146e-02
   1.8442713e-17   3.0119236e-01   4.5040736e-01   9.2854575e-02   1.4900266e-01
   1.3013938e-01   0.0000000e+00   2.5801158e-01   2.5432657e-01   4.8476221e-01
   1.7725811e-01   1.7753641e-01   5.6796971e-01   1.0623215e-06   1.3550452e-02
   2.7814211e-01   4.1629100e-01   5.3062865e-07   3.3162302e-01   4.0871692e-01
   2.1433176e-01   7.1699733e-02   4.8879006e-07   2.5064368e-01   4.7818261e-01
   1.6051891e-01   5.2376334e-01   1.3849068e-01   2.3915871e-01   1.1104246e-01
   3.4339243e-17   5.6080240e-01   1.8179936e-01   8.6959276e-02   5.4946625e-08
   2.6908076e-01   9.6310059e-02   9.6730470e-02   2.8113106e-01   4.4791892e-01
   2.1565276e-01   1.0130375e-01   6.1307717e-02   5.7202920e-01   0.0000000e+00
   2.5938757e-01   1.0376531e-01   2.9967944e-01   4.1649211e-01   1.2157762e-01
   9.3289801e-02   1.8657891e-01   5.3969825e-01   2.3550245e-07   1.9989378e-01
   5.1878105e-01   1.3422764e-01   2.0707428e-01   1.0536018e-01   1.5294611e-04
   5.0768085e-01   1.7096976e-01   1.8131087e-01   0.0000000e+00   1.4776599e-01
   2.4046540e-17   3.9270981e-01   2.5342891e-01   4.5413830e-01   1.5770364e-01
   1.1916661e-17   1.9461384e-01   0.0000000e+00   6.3846301e-01   0.0000000e+00
   1.4055399e-17   2.2954209e-01   2.8407825e-01   4.6891668e-01   0.0000000e+00
   1.2207946e-01   1.8842245e-01   4.2668598e-01   3.4866680e-01   2.3302906e-01
   1.3839992e-01   2.7680041e-01   0.0000000e+00   2.5610174e-01   4.8837222e-01
   4.8246069e-01   1.0410505e-01   3.6044828e-01   2.3014000e-01   8.6023206e-07
   1.3590149e-01   0.0000000e+00   1.9023053e-07   6.2426091e-01   2.6978189e-01
   5.3461652e-01   0.0000000e+00   2.4282526e-01   3.8462479e-01   0.0000000e+00
   4.1660948e-01   0.0000000e+00   4.0182707e-01   3.8740195e-01   1.1002341e-06
   3.7429463e-01   3.5679844e-01   1.3175786e-01   1.2059228e-01   3.5156472e-01
   2.4222119e-17   6.8165679e-23   3.9557722e-01   2.6816803e-01   4.9234566e-01
   7.4722683e-18   1.2203140e-01   2.3533654e-01   5.4007095e-01   2.5821998e-03
   1.5034502e-17   2.4553205e-01   2.3678575e-01   4.5941822e-01   2.7818010e-01
   2.1183204e-01   3.3987358e-01   1.4474054e-01   0.0000000e+00   4.2395848e-01
   5.6003784e-01   1.4333782e-10   8.6846093e-02   2.7161955e-01   8.2395425e-07
   1.7371083e-01   5.3245795e-01   2.1629045e-01   9.1925790e-02   7.0144750e-02
   3.3660242e-01   1.0987893e-01   2.3942659e-03   4.3834936e-01   1.1815294e-01
   1.1852089e-17   1.9355931e-01   0.0000000e+00   6.4853797e-01   2.0315983e-01
   1.1931650e-01   2.3449054e-02   3.4551185e-01   4.4651492e-01   1.1017102e-01
   2.8599695e-01   1.1733353e-01   9.2932498e-02   4.5597361e-01   1.1714009e-01
   2.0683828e-01   3.1024472e-01   3.8944682e-01   5.6818674e-02   2.0765344e-01
   1.9261257e-01   3.4455828e-02   2.8301022e-01   3.7070921e-01   3.7239310e-01
   2.0520909e-01   6.2670066e-01   7.8872060e-07   7.6338818e-07   7.3136225e-07
   2.2143031e-17   3.6162314e-01   3.2089007e-01   2.3071274e-01   4.5361621e-01
   3.0741534e-17   5.0204735e-01   2.6658316e-01   1.9028072e-01   3.8219997e-01
   1.0685538e-01   0.0000000e+00   9.5499913e-04   1.9871890e-01   5.7486993e-01
   3.4363822e-17   5.6120381e-01   9.0174401e-02   7.7599836e-07   1.6770241e-01
   2.5063622e-17   4.0932001e-01   0.0000000e+00   4.6458223e-01   4.0960526e-07
   6.0906270e-01   6.7070176e-07   6.5693029e-07   7.0788791e-02   6.1796943e-07
   1.3284024e-01   2.9846483e-02   5.4138819e-01   3.9109558e-01   1.2492177e-01
   3.4670534e-01   1.1741564e-01   4.4327768e-01   2.9750515e-09   8.3823214e-02
   3.5524181e-17   5.8015391e-01   1.0653487e-02   2.4209357e-01   9.5734801e-07
   1.5467326e-17   2.5260061e-01   1.0707339e-01   1.1121859e-01   5.3779031e-01
   2.3044127e-17   3.7633916e-01   4.8332700e-01   1.0501429e-06   0.0000000e+00
   1.2975659e-17   2.1190859e-01   8.1670297e-07   5.8011285e-01   9.2379779e-02
   1.2944933e-01   1.6818734e-01   5.5367353e-01   0.0000000e+00   8.6029481e-02
   4.8545209e-01   2.3357062e-04   3.4991542e-01   2.7902795e-01   1.5278089e-01
   1.7996857e-01   3.5802530e-02   5.3145769e-01   6.0348830e-02   1.9621995e-01
   1.1271006e-17   1.8406949e-01   5.4807685e-01   9.5774002e-02   2.6011959e-01
   2.2190651e-01   2.1872795e-01   4.8600457e-01   1.2439698e-01   1.3447400e-07
   1.7312761e-17   2.8273885e-01   5.4525951e-01   7.9347184e-07   4.3388527e-03
   1.9100149e-01   5.2521680e-01   1.3056714e-01   0.0000000e+00   3.6472911e-01
   5.0289342e-01   3.9212789e-02   1.1659605e-01   1.1593066e-01   2.0692908e-01
   1.7468570e-17   2.8528340e-01   4.3819628e-01   2.4508134e-01   2.4963406e-01
   4.2253374e-01   1.7811193e-01   1.4759011e-02   4.2164156e-01   4.5964811e-02
   6.4420855e-02   9.5448730e-02   2.2329637e-01   1.0623562e-01   5.1112752e-01
   1.4237427e-17   2.3251482e-01   4.4841138e-02   5.0171981e-01   1.9215973e-01
   5.7702674e-01   6.4775937e-07   3.7909203e-01   0.0000000e+00   9.1206081e-07
   2.5626968e-04   4.9761957e-01   6.6668220e-02   3.3815329e-01   4.0609078e-01
   1.2489451e-17   1.7459170e-18   2.0595150e-01   1.6023457e-03   5.9410092e-01
   2.0298546e-01   9.5751443e-02   5.8066454e-01   8.7822631e-07   1.1334122e-01
   4.2584096e-01   1.4073882e-02   4.0259562e-01   2.6412869e-01   0.0000000e+00
   3.3086007e-17   5.4033550e-01   2.1997685e-01   2.3895628e-01   2.6458001e-04
   2.3468580e-01   2.3510396e-01   1.2536224e-03   0.0000000e+00   5.1041801e-01
   1.2105849e-17   1.9770352e-01   2.4497762e-07   6.0085688e-01   8.0309384e-02
   2.5943744e-01   0.0000000e+00   2.1962833e-02   4.8416859e-01   3.5012690e-01
   5.2051179e-04   7.7325313e-04   1.4896496e-01   2.8728250e-01   4.7468943e-01
   1.9807259e-01   4.1807066e-01   3.9547837e-01   1.4534676e-01   0.0000000e+00
   1.7613040e-01   7.0370921e-02   5.3209972e-01   2.4678524e-01   1.2287053e-01
   2.9614658e-01   4.2016425e-01   1.8487025e-01   3.6055317e-01   0.0000000e+00
