   9.1668952e-05   2.0550644e-05   1.4126738e-05   2.0806887e-03   1.4890256e+00
   6.0117245e-03   1.3174273e-03   1.3454151e-03   1.5975753e-01   1.2725584e+00
   1.6783200e-03   3.2386784e-04   4.0196475e-04   3.2570070e-01   1.1382222e+00
   2.6045686e-03   5.0260739e-04   6.2380524e-04   5.0545179e-01   1.0099560e+00
   8.5578497e-04   4.0821282e-03   1.3523924e-03   7.3405741e-01   9.1421692e-01
   0.0000000e+00   0.0000000e+00   0.0000000e+00   9.2042750e-01   7.3553850e-01
   5.6851568e-05   3.1971104e-04   7.9813089e-05   1.0155441e+00   5.0757754e-01
   0.0000000e+00   0.0000000e+00   0.0000000e+00   1.1452186e+00   3.2700308e-01
   1.4633951e-05   2.9689592e-06   3.8152485e-06   1.3081736e+00   1.6342279e-01
   0.0000000e+00   0.0000000e+00   0.0000000e+00   1.5239217e+00   0.0000000e+00
   2.2415942e-03   9.2439207e-03   1.6389093e-01   4.9953832e-03   1.2886163e+00
   1.0623218e-02   1.7173342e-03   1.7997763e-01   1.7795874e-01   1.2702209e+00
   6.8717705e-03   1.4055280e-03   1.7547991e-01   3.4932507e-01   1.0374990e+00
   8.2639621e-03   1.8352463e-03   1.8255089e-01   5.4125294e-01   9.0236869e-01
   5.3200601e-03   1.0792238e-03   1.8163171e-01   7.1846154e-01   7.1741503e-01
   6.2784466e-03   1.4048458e-03   1.6693083e-01   8.2388541e-01   4.9345874e-01
   5.2680925e-03   1.0851844e-03   1.6342182e-01   9.5712330e-01   3.2131896e-01
   1.9786372e-03   4.1425252e-04   1.6215890e-01   1.1360866e+00   1.6283278e-01
   2.9503536e-04   1.3934458e-03   1.6934047e-01   1.3488184e+00   4.5331429e-04
   9.0893001e-03   1.5551397e-03   3.3043904e-01   4.4193661e-03   1.1526946e+00
   3.9689302e-03   9.7605221e-04   3.5068784e-01   1.7228954e-01   1.0453005e+00
   0.0000000e+00   0.0000000e+00   4.4283293e-01   4.4339681e-01   1.1076761e+00
   2.1318463e-03   3.7671416e-04   4.0970500e-01   6.1525055e-01   8.1924209e-01
   0.0000000e+00   0.0000000e+00   3.5300441e-01   7.0636823e-01   5.2938765e-01
   0.0000000e+00   0.0000000e+00   3.3363314e-01   8.3154794e-01   3.3264577e-01
   2.6073774e-03   5.4647176e-04   3.2737306e-01   9.8167299e-01   1.6392065e-01
   0.0000000e+00   0.0000000e+00   3.4011471e-01   1.1889767e+00   0.0000000e+00
   0.0000000e+00   0.0000000e+00   5.3123318e-01   0.0000000e+00   1.0620835e+00
   1.3082200e-04   5.8302673e-04   5.5801378e-01   1.8571895e-01   9.2719671e-01
   6.5186345e-04   1.3704182e-04   6.1668529e-01   4.0993359e-01   8.2323755e-01
   4.9852723e-04   1.0452129e-04   5.9180562e-01   5.9335716e-01   5.9261257e-01
   1.8410502e-05   4.2389993e-06   5.4792850e-01   7.3056543e-01   3.6524388e-01
   9.8415158e-04   2.0213473e-04   5.2310562e-01   8.7205466e-01   1.7485163e-01
   0.0000000e+00   0.0000000e+00   5.2979146e-01   1.0589836e+00   0.0000000e+00
   0.0000000e+00   0.0000000e+00   7.7370511e-01   0.0000000e+00   9.6666025e-01
   2.6529843e-04   1.0783251e-03   7.3664171e-01   1.8376506e-01   7.3487853e-01
   1.5205463e-04   7.4863588e-04   7.0484504e-01   3.5293734e-01   5.2834639e-01
   5.0723363e-06   2.5654164e-05   7.3035076e-01   5.4748534e-01   3.6479475e-01
   0.0000000e+00   0.0000000e+00   7.5614560e-01   7.5535251e-01   1.8840724e-01
   2.7637708e-03   6.6565929e-04   7.7200002e-01   9.6283414e-01   1.3042185e-04
   4.5012616e-05   1.9870278e-04   9.6661121e-01   1.7065690e-04   7.7318419e-01
   4.5230452e-04   9.2555877e-05   8.4577831e-01   1.6946155e-01   5.0691745e-01
   2.8214142e-06   1.4803885e-05   8.3157120e-01   3.3246866e-01   3.3257281e-01
   0.0000000e+00   0.0000000e+00   8.7378787e-01   5.2456287e-01   1.7461514e-01
   6.9115141e-05   3.4955602e-04   9.6619038e-01   7.7209542e-01   2.2199044e-04
   5.3367818e-06   1.0084709e-06   1.0586259e+00   4.3770203e-04   5.2908435e-01
   3.1477725e-05   7.0215271e-06   9.8148810e-01   1.6382007e-01   3.2722611e-01
   0.0000000e+00   0.0000000e+00   9.8814783e-01   3.3002544e-01   1.6460429e-01
   0.0000000e+00   0.0000000e+00   1.0591331e+00   5.2957665e-01   0.0000000e+00
   0.0000000e+00   0.0000000e+00   1.1896244e+00   0.0000000e+00   3.3987730e-01
   0.0000000e+00   0.0000000e+00   1.1464196e+00   1.6387053e-01   1.6372777e-01
   5.1449943e-06   1.0289168e-06   1.1890981e+00   3.3979965e-01   1.7440908e-05
   0.0000000e+00   0.0000000e+00   1.3590318e+00   3.4156618e-05   1.6986431e-01
   0.0000000e+00   0.0000000e+00   1.3590805e+00   1.7044054e-01   1.9756248e-04
   0.0000000e+00   0.0000000e+00   1.5886442e+00   0.0000000e+00   0.0000000e+00
   1.0903245e-02   1.6103525e-01   7.3018700e-03   7.9537356e-03   1.3011170e+00
   2.0443182e-02   1.8213230e-01   2.0363372e-02   1.6787123e-01   1.2074120e+00
   5.4932147e-03   1.7964826e-01   5.6328197e-03   3.6094131e-01   1.0752480e+00
   6.6033660e-03   1.8131440e-01   1.1571207e-02   5.5465802e-01   9.2515149e-01
   8.1811249e-03   1.8178062e-01   1.0362017e-02   7.2453222e-01   7.2250264e-01
   6.6728798e-03   1.6893219e-01   7.8740209e-03   8.3689262e-01   5.0353656e-01
   3.6715264e-03   1.6612644e-01   2.2959600e-03   9.9649992e-01   3.3350614e-01
   5.8735734e-03   1.6359493e-01   6.1918278e-03   1.1410549e+00   1.6446829e-01
   1.7010337e-02   1.6430845e-01   1.3771310e-02   1.2941758e+00   2.1337222e-03
   1.2638819e-02   1.8874242e-01   1.8710568e-01   1.1116850e-02   1.2960017e+00
   1.3472659e-02   2.0155622e-01   1.9944154e-01   1.9184287e-01   1.1863059e+00
   1.7492093e-02   2.7252147e-01   2.6504129e-01   5.3404181e-01   1.3370012e+00
   1.1744433e-02   2.4870248e-01   2.4872621e-01   7.4495661e-01   9.8618304e-01
   5.8481722e-03   2.0430373e-01   2.0427450e-01   8.1934078e-01   6.1374538e-01
   2.1091735e-03   1.9168027e-01   1.9199627e-01   9.5601159e-01   3.8302522e-01
   6.9029128e-03   1.8677393e-01   1.8668526e-01   1.1127067e+00   1.8607996e-01
   7.2283251e-03   1.9557870e-01   1.9548585e-01   1.3445325e+00   2.9577062e-03
   4.1663678e-03   1.8233399e-01   3.6554198e-01   2.2376382e-04   1.0951368e+00
   3.9063126e-03   1.9392682e-01   3.8581371e-01   1.9404809e-01   9.6668444e-01
   4.7674255e-03   2.1406536e-01   4.3054847e-01   4.2735200e-01   8.5616185e-01
   2.7034968e-03   2.0727040e-01   4.1596025e-01   6.2054458e-01   6.2061520e-01
   3.8060838e-04   1.9117678e-01   3.8330582e-01   7.6590353e-01   3.8273517e-01
   3.5777051e-05   1.8334766e-01   3.6590048e-01   9.1358345e-01   1.8322311e-01
   0.0000000e+00   1.8464782e-01   3.6953435e-01   1.1088788e+00   0.0000000e+00
   1.3186217e-03   1.9397347e-01   5.8323199e-01   1.0690230e-06   9.7256575e-01
   5.6197426e-04   1.8506021e-01   5.5690810e-01   1.8600434e-01   7.4188599e-01
   4.5177631e-05   1.7837331e-01   5.3412183e-01   3.5630288e-01   5.3410322e-01
   8.9675821e-04   1.8310623e-01   5.5139728e-01   5.5067452e-01   3.6711376e-01
   4.3093031e-03   1.8976748e-01   5.6235334e-01   7.4896319e-01   1.8771488e-01
   9.4926464e-04   1.9382735e-01   5.8368193e-01   9.7412670e-01   0.0000000e+00
   2.4325826e-03   1.9099989e-01   7.6563396e-01   1.5388401e-03   7.6298066e-01
   1.1566689e-03   1.6898128e-01   6.7471023e-01   1.6891955e-01   5.0573865e-01
   3.2107723e-04   1.6660345e-01   6.6514078e-01   3.3201864e-01   3.3256072e-01
   4.9224585e-06   1.7528952e-01   6.9956033e-01   5.2520397e-01   1.7497059e-01
   2.6552981e-03   1.9185764e-01   7.6589782e-01   7.6418885e-01   2.8813198e-04
   0.0000000e+00   1.7673710e-01   8.8209269e-01   8.9721113e-05   5.2976740e-01
   3.0651202e-04   1.6342661e-01   8.1736603e-01   1.6336909e-01   3.2631753e-01
   8.3380230e-04   1.6487612e-01   8.2041446e-01   3.2833105e-01   1.6426756e-01
   8.2233359e-03   1.7342206e-01   8.5524706e-01   5.1398300e-01   5.9004103e-04
   4.5415710e-03   1.6839021e-01   9.9881197e-01   2.1693852e-03   3.3390272e-01
   0.0000000e+00   1.6338793e-01   9.8340421e-01   1.6413968e-01   1.6392182e-01
   7.5615743e-06   1.6986785e-01   1.0201590e+00   3.3979575e-01   8.0920586e-08
   5.8116115e-03   1.6677559e-01   1.1621872e+00   2.8353411e-03   1.6717018e-01
   5.8330990e-03   1.6739222e-01   1.1664842e+00   1.6477474e-01   1.5123167e-03
   6.0456424e-03   1.7414208e-01   1.3818314e+00   1.8086641e-03   4.8925687e-04
   1.0565607e-02   3.3393475e-01   1.1687551e-02   9.4231875e-03   1.1605394e+00
   4.9885646e-03   3.6210583e-01   4.9113019e-03   1.8047304e-01   1.0810872e+00
   0.0000000e+00   4.7497466e-01   1.3384532e-04   4.7374378e-01   1.1856439e+00
   1.7445847e-03   4.3564190e-01   1.4895309e-03   6.5253991e-01   8.6988643e-01
   2.6413212e-04   3.6867057e-01   1.3012949e-03   7.3685422e-01   5.5208569e-01
   5.9245312e-04   3.4519481e-01   6.9933513e-04   8.6322241e-01   3.4494325e-01
   3.6112001e-05   3.4263118e-01   1.5777362e-04   1.0272162e+00   1.7127213e-01
   3.0565815e-04   3.5406288e-01   1.0360556e-04   1.2391676e+00   0.0000000e+00
   0.0000000e+00   3.6929942e-01   1.8135114e-01   6.8219784e-04   1.1055152e+00
   0.0000000e+00   3.9113010e-01   1.9523740e-01   1.9559523e-01   9.7696395e-01
   9.4117933e-03   4.2526125e-01   2.1236995e-01   4.2210511e-01   8.3887291e-01
   3.6173500e-03   4.1515611e-01   2.0675043e-01   6.2009152e-01   6.1936583e-01
   9.5933760e-04   3.8319665e-01   1.9151816e-01   7.6507185e-01   3.8228541e-01
   8.8353618e-04   3.6442513e-01   1.8157849e-01   9.1131197e-01   1.8281752e-01
   0.0000000e+00   3.6964077e-01   1.8495745e-01   1.1089808e+00   0.0000000e+00
   0.0000000e+00   4.7439714e-01   4.7394162e-01   3.7520822e-04   1.1855220e+00
   2.7703461e-03   4.4102806e-01   4.4069098e-01   2.1976795e-01   8.8012327e-01
   1.7778914e-04   4.1873867e-01   4.1845469e-01   4.1872403e-01   6.2766679e-01
   7.1931884e-05   4.3881561e-01   4.3863515e-01   6.5682931e-01   4.3750039e-01
   2.3366156e-03   4.5561374e-01   4.5563294e-01   9.1100240e-01   2.2799080e-01
   1.0465463e-03   4.7337247e-01   4.7248408e-01   1.1828765e+00   3.5285343e-04
   2.8358947e-03   4.3455186e-01   6.5352203e-01   1.0358198e-04   8.6860700e-01
   1.5185354e-03   3.7200718e-01   5.5633242e-01   1.8581546e-01   5.5667272e-01
   0.0000000e+00   3.6420818e-01   5.4648716e-01   3.6390652e-01   3.6380113e-01
   0.0000000e+00   3.8701061e-01   5.7994073e-01   5.8004026e-01   1.9454823e-01
   0.0000000e+00   4.3853270e-01   6.5702086e-01   8.7487999e-01   2.4104771e-04
   0.0000000e+00   3.6956739e-01   7.3928927e-01   0.0000000e+00   5.5444177e-01
   1.2031655e-05   3.3995977e-01   6.8007479e-01   1.7025736e-01   3.3942844e-01
   0.0000000e+00   3.4258697e-01   6.8526800e-01   3.4252663e-01   1.7131675e-01
   0.0000000e+00   3.6894989e-01   7.3940454e-01   5.5444584e-01   9.6577954e-05
   0.0000000e+00   3.4588139e-01   8.6545415e-01   1.0871571e-04   3.4612302e-01
   0.0000000e+00   3.3279926e-01   8.3282123e-01   1.6709264e-01   1.6653322e-01
   8.4907730e-06   3.4616249e-01   8.6554286e-01   3.4592666e-01   2.7466067e-05
   0.0000000e+00   3.4200971e-01   1.0279668e+00   2.2701023e-04   1.7127383e-01
   1.2184844e-03   3.4228959e-01   1.0253803e+00   1.7015664e-01   0.0000000e+00
   2.2062848e-03   3.5184118e-01   1.2324490e+00   9.8580573e-04   5.0301990e-04
   0.0000000e+00   5.5297469e-01   1.3608918e-03   5.6651502e-04   1.1055114e+00
   0.0000000e+00   5.8647076e-01   0.0000000e+00   1.9562967e-01   9.7727668e-01
   0.0000000e+00   6.5392441e-01   1.8460890e-03   4.3533120e-01   8.7220320e-01
   1.4911420e-03   6.2510305e-01   1.1172241e-03   6.2439080e-01   6.2569265e-01
   0.0000000e+00   5.7573461e-01   4.3580302e-06   7.6707033e-01   3.8331824e-01
   0.0000000e+00   5.4853580e-01   3.1896263e-05   9.1382060e-01   1.8280581e-01
   0.0000000e+00   5.5453557e-01   0.0000000e+00   1.1088555e+00   0.0000000e+00
   7.5220896e-05   5.8594510e-01   1.9565536e-01   0.0000000e+00   9.7739881e-01
   0.0000000e+00   5.5781151e-01   1.8638473e-01   1.8616210e-01   7.4391609e-01
   2.6464218e-04   5.3450795e-01   1.7769799e-01   3.5573540e-01   5.3377776e-01
   1.4390460e-03   5.5137391e-01   1.8458225e-01   5.4986704e-01   3.6704598e-01
   9.8620462e-04   5.6981721e-01   1.9009339e-01   7.6114719e-01   1.9033614e-01
   0.0000000e+00   5.8630283e-01   1.9522081e-01   9.7739985e-01   0.0000000e+00
   0.0000000e+00   6.5666549e-01   4.3823118e-01   0.0000000e+00   8.7750340e-01
   0.0000000e+00   5.5835690e-01   3.7237027e-01   1.8575965e-01   5.5888632e-01
   0.0000000e+00   5.4640672e-01   3.6423455e-01   3.6404263e-01   3.6385629e-01
   6.0358086e-04   5.8003236e-01   3.8527837e-01   5.7863992e-01   1.9299971e-01
   8.9730376e-04   6.5552937e-01   4.3773579e-01   8.7373386e-01   1.1680700e-05
   5.8608098e-04   6.2743025e-01   6.2726999e-01   1.1776370e-04   6.2741559e-01
   2.5812365e-04   5.6593378e-01   5.6551083e-01   1.8883250e-01   3.7705502e-01
   5.5069441e-05   5.7151814e-01   5.7132195e-01   3.8119812e-01   1.9045420e-01
   6.3541050e-09   6.2781269e-01   6.2795964e-01   6.2823676e-01   4.4939756e-04
   0.0000000e+00   5.7492897e-01   7.6718885e-01   1.6447801e-04   3.8313350e-01
   0.0000000e+00   5.4901195e-01   7.3113040e-01   1.8382459e-01   1.8296025e-01
   1.7032548e-04   5.7502908e-01   7.6716971e-01   3.8297673e-01   1.2525084e-06
   0.0000000e+00   5.4782760e-01   9.1402513e-01   8.5687789e-05   1.8274022e-01
   0.0000000e+00   5.4774935e-01   9.1378330e-01   1.8313411e-01   3.4306102e-05
   1.4673079e-03   5.5339809e-01   1.1054048e+00   6.4627730e-04   0.0000000e+00
   0.0000000e+00   8.1691618e-01   2.3020262e-04   0.0000000e+00   1.0210700e+00
   0.0000000e+00   7.7464140e-01   0.0000000e+00   1.9379109e-01   7.7436025e-01
   1.0891800e-05   7.3931362e-01   0.0000000e+00   3.6969621e-01   5.5417415e-01
   1.2893102e-04   7.6714857e-01   2.8376799e-11   5.7474518e-01   3.8319137e-01
   7.4860287e-06   7.9483092e-01   1.8860933e-06   7.9474667e-01   1.9871516e-01
   0.0000000e+00   8.1708243e-01   6.9494761e-05   1.0212883e+00   0.0000000e+00
   0.0000000e+00   7.7463440e-01   1.9377561e-01   2.0044688e-05   7.7432345e-01
   0.0000000e+00   6.7765823e-01   1.6929663e-01   1.7002367e-01   5.0846889e-01
   0.0000000e+00   6.6593270e-01   1.6648614e-01   3.3319010e-01   3.3282187e-01
   0.0000000e+00   6.9986768e-01   1.7499964e-01   5.2492867e-01   1.7504894e-01
   5.0504955e-05   7.7459418e-01   1.9389111e-01   7.7395774e-01   1.5755212e-05
   6.2884151e-04   7.3844249e-01   3.6882965e-01   0.0000000e+00   5.5402898e-01
   7.6789000e-04   6.7935532e-01   3.3823585e-01   1.7011949e-01   3.3933630e-01
   1.1789860e-04   6.8530717e-01   3.4256126e-01   3.4230672e-01   1.7117238e-01
   0.0000000e+00   7.3913263e-01   3.6956662e-01   5.5487821e-01   3.6940234e-06
   1.6022047e-04   7.6684947e-01   5.7517396e-01   1.1373142e-04   3.8313669e-01
   3.6994729e-05   7.3193948e-01   5.4803462e-01   1.8342752e-01   1.8258859e-01
   1.9601506e-05   7.6733080e-01   5.7443837e-01   3.8341362e-01   1.2546784e-06
   0.0000000e+00   7.9505447e-01   7.9470496e-01   0.0000000e+00   1.9858363e-01
   0.0000000e+00   7.9405277e-01   7.9386635e-01   2.0014104e-01   0.0000000e+00
   0.0000000e+00   8.1724722e-01   1.0212509e+00   6.7111668e-05   0.0000000e+00
   2.4269294e-05   1.0205716e+00   0.0000000e+00   6.3316112e-04   8.1575650e-01
   1.5202909e-05   8.8244600e-01   1.7273833e-05   1.7664837e-01   5.2941983e-01
   1.4542094e-04   8.6526474e-01   3.1810398e-11   3.4622429e-01   3.4595818e-01
   9.5191331e-04   9.1230042e-01   5.2293528e-06   5.4709542e-01   1.8301463e-01
   0.0000000e+00   1.0210229e+00   0.0000000e+00   8.1735710e-01   2.0463879e-04
   2.1352113e-05   8.8222069e-01   1.7680785e-01   1.3265093e-08   5.2960037e-01
   1.9087462e-06   8.1775719e-01   1.6361164e-01   1.6385210e-01   3.2699489e-01
   0.0000000e+00   8.2349452e-01   1.6487061e-01   3.2946465e-01   1.6479989e-01
   0.0000000e+00   8.8250498e-01   1.7659662e-01   5.2949992e-01   1.2345538e-05
   1.1950009e-04   8.6531946e-01   3.4620887e-01   9.3919118e-07   3.4596185e-01
   0.0000000e+00   8.3271052e-01   3.3317048e-01   1.6660503e-01   1.6689180e-01
   3.3840150e-05   8.6537366e-01   3.4627356e-01   3.4605735e-01   3.0277715e-08
   1.1974244e-04   9.1399131e-01   5.4879330e-01   0.0000000e+00   1.8231611e-01
   0.0000000e+00   9.1426082e-01   5.4879086e-01   1.8226719e-01   0.0000000e+00
   2.8014141e-04   1.0205065e+00   8.1669035e-01   3.5536078e-04   0.0000000e+00
   0.0000000e+00   1.1088661e+00   0.0000000e+00   0.0000000e+00   5.5451160e-01
   1.0129653e-06   1.0199799e+00   0.0000000e+00   1.7008720e-01   3.3978406e-01
   1.7261220e-04   1.0277674e+00   5.8284133e-06   3.4228080e-01   1.7129289e-01
   0.0000000e+00   1.1089029e+00   0.0000000e+00   5.5439821e-01   9.6966041e-06
   0.0000000e+00   1.0198125e+00   1.6990940e-01   0.0000000e+00   3.4019153e-01
   0.0000000e+00   9.8257014e-01   1.6416454e-01   1.6388597e-01   1.6417432e-01
   0.0000000e+00   1.0199394e+00   1.6993053e-01   3.4002052e-01   7.8416394e-07
   3.9273196e-06   1.0276966e+00   3.4273806e-01   7.7539421e-05   1.7121778e-01
   1.7002775e-04   1.0274315e+00   3.4234926e-01   1.7125169e-01   2.2682087e-04
   3.0274480e-05   1.1088605e+00   5.5439766e-01   0.0000000e+00   2.7211585e-07
   0.0000000e+00   1.2404826e+00   1.9428280e-05   3.2059024e-07   3.5420085e-01
   0.0000000e+00   1.1914388e+00   0.0000000e+00   1.7023995e-01   1.7021612e-01
   0.0000000e+00   1.2402857e+00   1.6257504e-10   3.5446669e-01   2.1539845e-06
   0.0000000e+00   1.1905656e+00   1.7078160e-01   1.7184320e-04   1.7020199e-01
   0.0000000e+00   1.1914669e+00   1.6990770e-01   1.7037658e-01   9.6695900e-05
   0.0000000e+00   1.2402018e+00   3.5442718e-01   0.0000000e+00   7.6905199e-05
   0.0000000e+00   1.4175208e+00   7.9498820e-06   2.7765158e-06   1.7720403e-01
   4.2271993e-08   1.4175001e+00   2.4532079e-06   1.7723444e-01   0.0000000e+00
   2.8046992e-06   1.4167709e+00   1.7733524e-01   1.2426920e-04   2.4630835e-04
   0.0000000e+00   1.6633395e+00   8.6221079e-09   1.3742000e-06   0.0000000e+00
   1.6349733e-01   9.1402081e-03   6.9995528e-03   7.9725267e-03   1.3061881e+00
   1.8281969e-01   1.9007241e-02   2.0660226e-02   1.6975498e-01   1.2112824e+00
   1.7968534e-01   4.3268645e-03   3.8853663e-03   3.6225012e-01   1.0822391e+00
   1.8900793e-01   5.2576075e-03   5.8599658e-03   5.6569235e-01   9.4079499e-01
   1.9064628e-01   2.3499749e-03   2.7012435e-03   7.5823317e-01   7.5558927e-01
   1.7243283e-01   2.1349042e-03   4.9248325e-03   8.5827851e-01   5.1507093e-01
   1.6668123e-01   3.5512709e-03   2.8612398e-03   9.9564045e-01   3.3132191e-01
   1.6481615e-01   6.4685427e-03   6.4125885e-03   1.1369134e+00   1.6422695e-01
   1.6877468e-01   1.2725436e-02   1.3406486e-02   1.2984444e+00   4.7676902e-03
   1.8913807e-01   1.4151490e-02   1.8457689e-01   1.0224124e-02   1.2925143e+00
   2.0272426e-01   1.0090040e-02   1.9976764e-01   1.9634302e-01   1.2020959e+00
   2.7049531e-01   1.8921486e-02   2.6300679e-01   5.3125746e-01   1.3321692e+00
   2.5365432e-01   4.8995251e-03   2.5568742e-01   7.6151088e-01   1.0116691e+00
   2.0423984e-01   5.2711270e-03   2.0566988e-01   8.2091288e-01   6.1518696e-01
   1.8857030e-01   5.5138851e-03   1.8910374e-01   9.4454495e-01   3.7918393e-01
   1.8700156e-01   4.4491559e-03   1.8444512e-01   1.1243351e+00   1.8790879e-01
   1.9343932e-01   1.3333720e-02   1.8910119e-01   1.3169649e+00   4.9081192e-03
   1.8034785e-01   6.4057937e-03   3.5976525e-01   4.1070310e-03   1.0852409e+00
   1.9384170e-01   1.4633546e-03   3.8928113e-01   1.9380742e-01   9.7198997e-01
   2.1898046e-01   2.0054292e-03   4.3383205e-01   4.3464574e-01   8.7044537e-01
   2.0754606e-01   1.6238146e-03   4.1688932e-01   6.2394094e-01   6.2238466e-01
   1.9139390e-01   1.8068976e-04   3.8334025e-01   7.6661546e-01   3.8297580e-01
   1.8222494e-01   2.7060992e-05   3.6569175e-01   9.1303488e-01   1.8315905e-01
   1.8464807e-01   0.0000000e+00   3.6953422e-01   1.1088791e+00   0.0000000e+00
   1.9498094e-01   6.5564199e-04   5.8426079e-01   3.1357396e-04   9.7467037e-01
   1.8505339e-01   3.4006281e-04   5.5731944e-01   1.8652821e-01   7.4243283e-01
   1.7674649e-01   6.3711841e-03   5.2124421e-01   3.4701077e-01   5.2132399e-01
   1.8438232e-01   1.2849009e-04   5.5291906e-01   5.5219431e-01   3.6815495e-01
   1.9085534e-01   1.0134323e-03   5.6849388e-01   7.5956514e-01   1.8945799e-01
   1.9494127e-01   3.3107506e-04   5.8541187e-01   9.7609048e-01   8.8426705e-05
   1.9394143e-01   0.0000000e+00   7.7451115e-01   0.0000000e+00   7.7435885e-01
   1.6783619e-01   1.9338028e-03   6.7372796e-01   1.6816683e-01   5.0390832e-01
   1.6650410e-01   1.0809685e-03   6.6267329e-01   3.3140958e-01   3.3157908e-01
   1.7530626e-01   0.0000000e+00   6.9947137e-01   5.2515766e-01   1.7510696e-01
   1.8960116e-01   3.7451514e-03   7.6296229e-01   7.6092480e-01   9.1397921e-04
   1.7625687e-01   2.2409765e-04   8.8185714e-01   0.0000000e+00   5.2897727e-01
   1.6308094e-01   5.3212750e-04   8.1659015e-01   1.6343919e-01   3.2609403e-01
   1.6466300e-01   0.0000000e+00   8.2369259e-01   3.2962895e-01   1.6468752e-01
   1.7669219e-01   2.3726569e-04   8.8151403e-01   5.2863956e-01   8.3948984e-08
   1.6860016e-01   3.1485593e-03   1.0062411e+00   1.9307319e-04   3.3675010e-01
   1.6149826e-01   3.3056299e-03   9.7015611e-01   1.6338315e-01   1.6229989e-01
   1.6987974e-01   0.0000000e+00   1.0201850e+00   3.3980441e-01   8.0922648e-08
   1.6818846e-01   4.9562519e-03   1.1676073e+00   7.7635070e-04   1.6767228e-01
   1.6723839e-01   7.4067083e-03   1.1560847e+00   1.6699944e-01   2.2787925e-03
   1.7322131e-01   6.8610829e-03   1.3779917e+00   7.6533179e-04   2.0851321e-03
   1.9325334e-01   1.8870727e-01   1.1945862e-02   1.2063023e-02   1.3166366e+00
   2.0890550e-01   2.0859070e-01   3.2347065e-03   2.0791231e-01   1.2438664e+00
   2.8536789e-01   2.8499691e-01   3.8286309e-04   5.6995185e-01   1.4278164e+00
   2.5983344e-01   2.5834797e-01   3.5206149e-03   7.7110616e-01   1.0232131e+00
   2.0926404e-01   2.0891388e-01   0.0000000e+00   8.3728106e-01   6.3015654e-01
   1.9259479e-01   1.9178921e-01   7.7739483e-04   9.6317466e-01   3.8591893e-01
   1.8979458e-01   1.8958493e-01   1.1722796e-03   1.1402579e+00   1.9012247e-01
   1.9875981e-01   1.9882290e-01   1.1623995e-04   1.3902804e+00   0.0000000e+00
   2.0980310e-01   2.0956790e-01   2.0692204e-01   1.4139534e-03   1.2501869e+00
   2.2526900e-01   2.2459669e-01   2.2326497e-01   2.2385496e-01   1.1206370e+00
   2.5913996e-01   2.5831272e-01   2.5856106e-01   5.1822542e-01   1.0344005e+00
   2.4563097e-01   2.4515030e-01   2.4452257e-01   7.3141404e-01   7.3293905e-01
   2.1968908e-01   2.2006598e-01   2.1908397e-01   8.7609761e-01   4.3827064e-01
   2.0650119e-01   2.0687931e-01   2.0595206e-01   1.0320049e+00   2.0643684e-01
   2.1007425e-01   2.0963836e-01   2.0916917e-01   1.2552812e+00   0.0000000e+00
   2.8589165e-01   2.8604849e-01   5.7139097e-01   0.0000000e+00   1.4287174e+00
   2.6352432e-01   2.6257668e-01   5.2517548e-01   2.6507367e-01   1.0487260e+00
   2.4426716e-01   2.4348686e-01   4.9077494e-01   4.8876224e-01   7.3465206e-01
   2.5946136e-01   2.5923115e-01   5.1799756e-01   7.7596472e-01   5.1734078e-01
   2.7445244e-01   2.7428960e-01   5.4633462e-01   1.0951870e+00   2.7349229e-01
   2.8666781e-01   2.8649972e-01   5.7082985e-01   1.4280984e+00   3.2242319e-04
   2.5584220e-01   2.5895348e-01   7.7457183e-01   1.1496558e-03   1.0328550e+00
   2.1158987e-01   2.1072802e-01   6.3329533e-01   2.1188891e-01   6.3350001e-01
   2.0564327e-01   2.0505827e-01   6.1714620e-01   4.1027059e-01   4.1046466e-01
   2.2169156e-01   2.2134955e-01   6.6494664e-01   6.6524186e-01   2.2212129e-01
   2.5934669e-01   2.5845703e-01   7.7545404e-01   1.0375143e+00   2.8374573e-04
   2.0908314e-01   2.0955346e-01   8.3744616e-01   1.9548462e-04   6.2786454e-01
   1.8838499e-01   1.8824590e-01   7.5450636e-01   1.8857609e-01   3.7816888e-01
   1.9025121e-01   1.9072136e-01   7.6204975e-01   3.8090547e-01   1.9059433e-01
   2.0874341e-01   2.0933731e-01   8.3767668e-01   6.2819406e-01   1.0954822e-04
   1.9320338e-01   1.9277432e-01   9.6486968e-01   0.0000000e+00   3.8596586e-01
   1.8418013e-01   1.8390905e-01   9.2017027e-01   1.8391760e-01   1.8398761e-01
   1.9334303e-01   1.9301692e-01   9.6469688e-01   3.8593604e-01   0.0000000e+00
   1.9073334e-01   1.9045261e-01   1.1428966e+00   5.8689553e-05   1.9047059e-01
   1.9011069e-01   1.8978280e-01   1.1428236e+00   1.9107649e-01   2.6600915e-04
   1.9890223e-01   1.9883853e-01   1.3883365e+00   0.0000000e+00   1.3451902e-03
   1.8395780e-01   3.6776046e-01   4.6549163e-03   0.0000000e+00   1.1006931e+00
   1.9376692e-01   3.9064163e-01   5.3014607e-04   1.9461618e-01   9.7554621e-01
   2.1833033e-01   4.3632521e-01   1.8237084e-03   4.3580170e-01   8.6959935e-01
   2.0742064e-01   4.1825568e-01   1.1155875e-03   6.2592472e-01   6.2599968e-01
   1.9014259e-01   3.8303073e-01   2.9656634e-04   7.6608128e-01   3.8305277e-01
   1.8219119e-01   3.6488180e-01   6.9584201e-04   9.1308397e-01   1.8248379e-01
   1.8487591e-01   3.6936728e-01   1.3577141e-03   1.1063348e+00   1.8557848e-05
   1.9564338e-01   3.9110350e-01   1.9485330e-01   0.0000000e+00   9.7728615e-01
   1.8602294e-01   3.7183796e-01   1.8640123e-01   1.8617858e-01   7.4397246e-01
   1.7804099e-01   3.5637871e-01   1.7761729e-01   3.5649586e-01   5.3473797e-01
   1.8346719e-01   3.6969297e-01   1.8407636e-01   5.5083602e-01   3.6769516e-01
   1.9174941e-01   3.8102318e-01   1.9021878e-01   7.6248055e-01   1.9062348e-01
   1.9479299e-01   3.9169245e-01   1.9351829e-01   9.7536954e-01   6.6375887e-04
   2.1907401e-01   4.3796326e-01   4.3847929e-01   0.0000000e+00   8.7609328e-01
   1.8677617e-01   3.7196183e-01   3.7198879e-01   1.8627420e-01   5.5861032e-01
   1.8256949e-01   3.6366275e-01   3.6428561e-01   3.6524090e-01   3.6442619e-01
   1.9398178e-01   3.8735724e-01   3.8518216e-01   5.7971108e-01   1.9301846e-01
   2.1884192e-01   4.3799639e-01   4.3688074e-01   8.7553904e-01   2.3641296e-04
   2.0857425e-01   4.1890963e-01   6.2759178e-01   2.6815015e-04   6.2714564e-01
   1.8842666e-01   3.7753219e-01   5.6575798e-01   1.8829341e-01   3.7780263e-01
   1.9014845e-01   3.8123762e-01   5.7113489e-01   3.8107331e-01   1.9039184e-01
   2.0849077e-01   4.1859031e-01   6.2789505e-01   6.2906824e-01   6.1647475e-05
   1.9175909e-01   3.8329102e-01   7.6735050e-01   1.6451267e-04   3.8298522e-01
   1.8185517e-01   3.6582237e-01   7.3146589e-01   1.8284092e-01   1.8270996e-01
   1.9104838e-01   3.8357094e-01   7.6674104e-01   3.8318359e-01   7.6157000e-07
   1.8244626e-01   3.6612294e-01   9.1303662e-01   2.4082426e-04   1.8269691e-01
   1.8296060e-01   3.6473353e-01   9.1369117e-01   1.8396976e-01   3.4320459e-05
   1.8458720e-01   3.6964360e-01   1.1086752e+00   0.0000000e+00   3.9129893e-05
   1.9551857e-01   5.8536038e-01   0.0000000e+00   8.2499047e-04   9.7649592e-01
   1.8619424e-01   5.5744439e-01   1.4192522e-03   1.8540380e-01   7.3986990e-01
   1.7828024e-01   5.3436545e-01   0.0000000e+00   3.5627612e-01   5.3414319e-01
   1.8453522e-01   5.5319850e-01   0.0000000e+00   5.5253897e-01   3.6832769e-01
   1.9049945e-01   5.7099053e-01   2.4352307e-05   7.6265591e-01   1.9047694e-01
   1.9531855e-01   5.8583221e-01   4.5709111e-04   9.7687116e-01   0.0000000e+00
   1.8610466e-01   5.5776715e-01   1.8591253e-01   0.0000000e+00   7.4489924e-01
   1.6441563e-01   4.9315715e-01   1.6437477e-01   1.6453145e-01   4.9294745e-01
   1.6180303e-01   4.8501915e-01   1.6171035e-01   3.2368197e-01   3.2299855e-01
   1.7008958e-01   5.0801198e-01   1.6979212e-01   5.0570295e-01   1.6907817e-01
   1.8674132e-01   5.5773156e-01   1.8616662e-01   7.4357681e-01   1.1573302e-07
   1.7805208e-01   5.3412681e-01   3.5695361e-01   3.2860377e-06   5.3459029e-01
   1.6474676e-01   4.9410274e-01   3.2934629e-01   1.6586998e-01   3.2929731e-01
   1.6642035e-01   4.9777440e-01   3.3132850e-01   3.3249618e-01   1.6600756e-01
   1.7800353e-01   5.3437076e-01   3.5615887e-01   5.3477601e-01   3.5601959e-06
   1.8300913e-01   5.5328931e-01   5.5395731e-01   0.0000000e+00   3.6924355e-01
   1.7645271e-01   5.2937851e-01   5.2845701e-01   1.7703867e-01   1.7634779e-01
   1.8467863e-01   5.5286741e-01   5.5206254e-01   3.6901144e-01   0.0000000e+00
   1.8910967e-01   5.7252657e-01   7.6146369e-01   1.5601921e-04   1.9042997e-01
   1.8927443e-01   5.7259732e-01   7.6168465e-01   1.9033927e-01   0.0000000e+00
   1.9369217e-01   5.8648157e-01   9.7709446e-01   1.6784139e-04   8.2913131e-05
   1.9281199e-01   7.7003447e-01   1.1610037e-03   2.2513895e-03   7.7157232e-01
   1.7057781e-01   6.7762250e-01   1.1668147e-06   1.6904326e-01   5.0818309e-01
   1.6691300e-01   6.6602463e-01   1.8532080e-04   3.3220188e-01   3.3256013e-01
   1.7431536e-01   6.9743898e-01   2.3899944e-03   5.2135943e-01   1.7497660e-01
   1.9389016e-01   7.7392625e-01   4.5065461e-04   7.7322535e-01   1.8282311e-04
   1.7061488e-01   6.7738391e-01   1.7006214e-01   0.0000000e+00   5.0664478e-01
   1.5804007e-01   6.3271838e-01   1.5831896e-01   1.5801096e-01   3.1605421e-01
   1.5902373e-01   6.3657128e-01   1.5919905e-01   3.1792496e-01   1.5949905e-01
   1.6886455e-01   6.7767978e-01   1.7066802e-01   5.0794321e-01   2.4129520e-06
   1.6708471e-01   6.6547436e-01   3.3306979e-01   0.0000000e+00   3.3282211e-01
   1.6106168e-01   6.4275785e-01   3.2162853e-01   1.6096792e-01   1.6072292e-01
   1.6630222e-01   6.6622320e-01   3.3309179e-01   3.3273511e-01   1.7617922e-07
   1.7519386e-01   6.9985833e-01   5.2490549e-01   2.3575576e-04   1.7451227e-01
   1.7455735e-01   6.9995024e-01   5.2492870e-01   1.7487554e-01   3.8114836e-04
   1.9259013e-01   7.7530758e-01   7.7437608e-01   2.9315356e-04   0.0000000e+00
   1.7667548e-01   8.8236629e-01   0.0000000e+00   0.0000000e+00   5.2965792e-01
   1.6224363e-01   8.1804754e-01   7.7240955e-04   1.6408823e-01   3.2640049e-01
   1.6474395e-01   8.2281302e-01   0.0000000e+00   3.3047816e-01   1.6481292e-01
   1.7664258e-01   8.8221368e-01   2.5585346e-04   5.2910423e-01   0.0000000e+00
   1.6378342e-01   8.1800217e-01   1.6339336e-01   1.7262792e-07   3.2707695e-01
   1.5843927e-01   7.9133790e-01   1.5800102e-01   1.5831876e-01   1.5794866e-01
   1.6463026e-01   8.1639410e-01   1.6393774e-01   3.2705623e-01   1.3692031e-04
   1.6474459e-01   8.2386673e-01   3.2926179e-01   2.4749702e-06   1.6471556e-01
   1.6491114e-01   8.2365312e-01   3.2924691e-01   1.6477440e-01   0.0000000e+00
   1.7560330e-01   8.8245124e-01   5.3013833e-01   1.1062335e-04   4.5229064e-04
   1.7059601e-01   1.0195144e+00   0.0000000e+00   1.3988930e-06   3.3969630e-01
   1.6366356e-01   9.8338619e-01   1.2571249e-05   1.6391575e-01   1.6387965e-01
   1.6985255e-01   1.0198412e+00   1.6751326e-06   3.4022581e-01   0.0000000e+00
   1.6440950e-01   9.8265711e-01   1.6454186e-01   0.0000000e+00   1.6323609e-01
   1.6381489e-01   9.8191606e-01   1.6483702e-01   1.6396382e-01   1.3442074e-04
   1.7011184e-01   1.0196604e+00   3.4005565e-01   3.6250911e-05   0.0000000e+00
   1.7140405e-01   1.1900545e+00   8.2644975e-08   5.9290733e-05   1.7021048e-01
   1.7051706e-01   1.1908774e+00   1.5042047e-05   1.7021248e-01   1.4373523e-04
   1.7019282e-01   1.1911878e+00   1.7040177e-01   2.1980145e-05   3.3630832e-05
   1.8020667e-01   1.4119864e+00   7.7316265e-07   1.0273092e-03   2.5464333e-04
   3.4524208e-01   3.2509563e-03   4.9177566e-03   3.4835676e-03   1.2086149e+00
   3.6493701e-01   3.1096400e-03   2.3444469e-03   1.8223848e-01   1.0934144e+00
   4.7397034e-01   5.6298314e-04   1.4235392e-04   4.7325090e-01   1.1841230e+00
   4.3081870e-01   3.6125662e-03   4.9309666e-03   6.4580225e-01   8.5953692e-01
   3.6922493e-01   1.1105940e-03   7.5252696e-07   7.3755814e-01   5.5248673e-01
   3.4584125e-01   3.7953779e-04   4.2154828e-04   8.6369073e-01   3.4566197e-01
   3.4199550e-01   4.8063573e-04   1.1505137e-03   1.0244372e+00   1.6999637e-01
   3.5416316e-01   2.9030083e-04   5.5739719e-05   1.2392972e+00   7.0551145e-06
   3.6948456e-01   0.0000000e+00   1.8144205e-01   5.1734274e-04   1.1057381e+00
   3.9059009e-01   4.3444928e-04   1.9511798e-01   1.9500941e-01   9.7595095e-01
   4.3767017e-01   1.3013106e-04   2.1876018e-01   4.3842875e-01   8.7634724e-01
   4.2006182e-01   5.5419642e-05   2.0929948e-01   6.2608707e-01   6.2739247e-01
   3.8233038e-01   1.7463705e-03   1.9009272e-01   7.6310544e-01   3.8122645e-01
   3.6461273e-01   7.6980961e-04   1.8161521e-01   9.1149836e-01   1.8285475e-01
   3.6934865e-01   6.5932816e-04   1.8515859e-01   1.1071069e+00   2.5416463e-06
   4.7439717e-01   0.0000000e+00   4.7394164e-01   3.7520824e-04   1.1855220e+00
   4.3884856e-01   4.3329347e-03   4.3850207e-01   2.1946661e-01   8.7672108e-01
   4.1673250e-01   1.9081433e-03   4.1662453e-01   4.1636330e-01   6.2336989e-01
   4.3673777e-01   1.2465080e-03   4.3718586e-01   6.5526827e-01   4.3688673e-01
   4.5472481e-01   2.9939623e-03   4.5576924e-01   9.0874146e-01   2.2762697e-01
   4.7454317e-01   0.0000000e+00   4.7336562e-01   1.1863513e+00   5.7708634e-08
   4.3242667e-01   3.4120634e-03   6.5056227e-01   2.2958231e-03   8.6460586e-01
   3.7203035e-01   4.4426490e-04   5.5808513e-01   1.8625497e-01   5.5609751e-01
   3.6386198e-01   0.0000000e+00   5.4676211e-01   3.6348018e-01   3.6365212e-01
   3.8673605e-01   0.0000000e+00   5.7994784e-01   5.8033132e-01   1.9453383e-01
   4.3853270e-01   0.0000000e+00   6.5702086e-01   8.7487999e-01   2.4104771e-04
   3.6958344e-01   0.0000000e+00   7.3926353e-01   6.3579917e-08   5.5450416e-01
   3.3957480e-01   1.1080209e-03   6.7811811e-01   1.6987497e-01   3.3929658e-01
   3.4256889e-01   0.0000000e+00   6.8523184e-01   3.4250855e-01   1.7138160e-01
   3.6967573e-01   5.0045145e-04   7.3837197e-01   5.5366434e-01   8.7922967e-08
   3.4616183e-01   1.2435134e-06   8.6552999e-01   7.0303635e-05   3.4587909e-01
   3.3314452e-01   0.0000000e+00   8.3281362e-01   1.6671855e-01   1.6669570e-01
   3.4618141e-01   3.6918526e-06   8.6544724e-01   3.4610382e-01   0.0000000e+00
   3.4242458e-01   2.0985863e-04   1.0273089e+00   5.2753944e-05   1.7120721e-01
   3.4177044e-01   7.2574449e-04   1.0262129e+00   1.7087666e-01   2.4042050e-04
   3.5245498e-01   2.4106631e-03   1.2303414e+00   9.5680957e-04   1.1028842e-03
   3.6705399e-01   1.8500322e-01   2.1466863e-03   4.0258811e-03   1.0989443e+00
   3.8955997e-01   1.9530256e-01   8.0994867e-04   1.9625141e-01   9.7689843e-01
   4.3680172e-01   2.1706944e-01   2.1314266e-03   4.3102644e-01   8.6585685e-01
   4.1669128e-01   2.0706586e-01   2.6954663e-03   6.2493937e-01   6.2250833e-01
   3.8352296e-01   1.9178591e-01   1.4515620e-04   7.6699940e-01   3.8326017e-01
   3.6595858e-01   1.8356285e-01   3.1023743e-05   9.1407053e-01   1.8286946e-01
   3.6921730e-01   1.8482475e-01   0.0000000e+00   1.1093099e+00   4.0463868e-06
   3.9090783e-01   1.9553995e-01   1.9581035e-01   2.6388388e-06   9.7736994e-01
   3.7164193e-01   1.8720656e-01   1.8587245e-01   1.8652441e-01   7.4461628e-01
   3.5648272e-01   1.7890625e-01   1.7807176e-01   3.5622813e-01   5.3311786e-01
   3.6892323e-01   1.8411295e-01   1.8465678e-01   5.5218874e-01   3.6812255e-01
   3.8128268e-01   1.9013720e-01   1.9015293e-01   7.6186665e-01   1.9030555e-01
   3.9056851e-01   1.9582879e-01   1.9525226e-01   9.7755735e-01   3.1077726e-04
   4.3789933e-01   2.1843475e-01   4.3807335e-01   2.2084248e-04   8.7580407e-01
   3.7215823e-01   1.8583865e-01   3.7244605e-01   1.8622043e-01   5.5843554e-01
   3.6415295e-01   1.8177608e-01   3.6408764e-01   3.6476905e-01   3.6388321e-01
   3.8713092e-01   1.9357073e-01   3.8740272e-01   5.8011014e-01   1.9304664e-01
   4.3819461e-01   2.1939968e-01   4.3653035e-01   8.7374113e-01   2.6659340e-04
   4.1844118e-01   2.0858755e-01   6.2841857e-01   0.0000000e+00   6.2859052e-01
   3.7796135e-01   1.8797201e-01   5.6519804e-01   1.8865737e-01   3.7694037e-01
   3.8083813e-01   1.9058234e-01   5.7119730e-01   3.8148971e-01   1.9082926e-01
   4.1942873e-01   2.0972089e-01   6.2712003e-01   6.2859935e-01   1.2678936e-05
   3.8320124e-01   1.9097049e-01   7.6677711e-01   2.9569463e-04   3.8283768e-01
   3.6764735e-01   1.8409688e-01   7.3095726e-01   1.8309941e-01   1.8323841e-01
   3.8374062e-01   1.9164667e-01   7.6600823e-01   3.8400381e-01   4.8001327e-04
   3.6605342e-01   1.8272610e-01   9.1333419e-01   1.7042476e-04   1.8275105e-01
   3.6535472e-01   1.8185511e-01   9.1317076e-01   1.8309468e-01   1.9102374e-05
   3.6963600e-01   1.8307136e-01   1.1064973e+00   3.9239230e-04   5.1556377e-04
   4.7415830e-01   4.7452811e-01   0.0000000e+00   5.3161990e-06   1.1861138e+00
   4.4355238e-01   4.4289976e-01   4.7250399e-04   2.2277377e-01   8.8638364e-01
   4.1857617e-01   4.1903197e-01   0.0000000e+00   4.1872714e-01   6.2830214e-01
   4.3869639e-01   4.3872631e-01   5.3960206e-05   6.5668382e-01   4.3785598e-01
   4.5837583e-01   4.5805612e-01   0.0000000e+00   9.1665806e-01   2.2943981e-01
   4.7455693e-01   4.7425382e-01   8.0698560e-05   1.1859382e+00   0.0000000e+00
   4.4350547e-01   4.4374618e-01   2.2253676e-01   1.0256314e-04   8.8739503e-01
   3.7689267e-01   3.7505291e-01   1.8796532e-01   1.8808475e-01   5.6413416e-01
   3.6801284e-01   3.6785185e-01   1.8396945e-01   3.6721689e-01   3.6738458e-01
   3.9150703e-01   3.9119094e-01   1.9602176e-01   5.8516242e-01   1.9535482e-01
   4.4376187e-01   4.4342971e-01   2.2260021e-01   8.8618038e-01   4.7306250e-04
   4.1868409e-01   4.1902219e-01   4.1867239e-01   4.2526424e-06   6.2794366e-01
   3.7702784e-01   3.7682536e-01   3.7668900e-01   1.9026912e-01   3.7703386e-01
   3.8122061e-01   3.8058570e-01   3.8031622e-01   3.8031113e-01   1.9148795e-01
   4.1898379e-01   4.1851003e-01   4.1874726e-01   6.2871947e-01   3.8764343e-06
   4.3898838e-01   4.3817288e-01   6.5777697e-01   0.0000000e+00   4.3825806e-01
   4.1403821e-01   4.1341978e-01   6.2051542e-01   2.0632131e-01   2.0680824e-01
   4.3874359e-01   4.3767196e-01   6.5726119e-01   4.3930672e-01   2.4789704e-04
   4.5768739e-01   4.5889771e-01   9.1635872e-01   0.0000000e+00   2.2955182e-01
   4.5801964e-01   4.5786078e-01   9.1645542e-01   2.3005410e-01   0.0000000e+00
   4.7446116e-01   4.7415304e-01   1.1860175e+00   9.1948427e-05   0.0000000e+00
   4.3481136e-01   6.5558463e-01   5.0765285e-04   1.3274040e-03   8.7197146e-01
   3.7139483e-01   5.5840546e-01   3.5314738e-06   1.8621660e-01   5.5810659e-01
   3.6444172e-01   5.4656319e-01   7.5491823e-05   3.6402653e-01   3.6328637e-01
   3.8576461e-01   5.8012266e-01   4.9534790e-04   5.7887275e-01   1.9371964e-01
   4.3743868e-01   6.5719739e-01   7.1348844e-07   8.7525371e-01   8.2496635e-07
   3.7009829e-01   5.5880230e-01   1.8612441e-01   3.4367670e-06   5.5753291e-01
   3.4128422e-01   5.1282485e-01   1.7072098e-01   1.7140190e-01   3.4206730e-01
   3.4424464e-01   5.1672621e-01   1.7191606e-01   3.4573968e-01   1.7233566e-01
   3.7262426e-01   5.5811075e-01   1.8624785e-01   5.5843777e-01   2.3114801e-05
   3.6383352e-01   5.4609510e-01   3.6435221e-01   1.2384094e-04   3.6411111e-01
   3.4953827e-01   5.2352866e-01   3.4874686e-01   1.7492087e-01   1.7401555e-01
   3.6379067e-01   5.4622732e-01   3.6421585e-01   3.6421593e-01   1.4367937e-06
   3.8481112e-01   5.8089846e-01   5.7968890e-01   1.8912386e-04   1.9323424e-01
   3.8668547e-01   5.8061458e-01   5.8062799e-01   1.9317247e-01   5.7395926e-05
   4.3740109e-01   6.5703191e-01   8.7561188e-01   1.0703503e-04   0.0000000e+00
   3.6981873e-01   7.3912249e-01   0.0000000e+00   0.0000000e+00   5.5466677e-01
   3.4002228e-01   6.7982583e-01   4.0273342e-08   1.7025683e-01   3.3980030e-01
   3.4206938e-01   6.8535671e-01   5.5914409e-05   3.4255005e-01   1.7131304e-01
   3.6906697e-01   7.3944801e-01   6.0327415e-05   5.5422798e-01   0.0000000e+00
   3.4011093e-01   6.7979097e-01   1.7015271e-01   1.1752641e-04   3.3970212e-01
   3.2723110e-01   6.5596785e-01   1.6369491e-01   1.6329949e-01   1.6427508e-01
   3.4016873e-01   6.7999316e-01   1.6979911e-01   3.4003824e-01   2.7810103e-09
   3.4285257e-01   6.8519802e-01   3.4234870e-01   5.8710424e-05   1.7133170e-01
   3.4327333e-01   6.8493349e-01   3.4255091e-01   1.7135256e-01   4.4722732e-05
   3.6857947e-01   7.3899494e-01   5.5486005e-01   0.0000000e+00   4.5734851e-04
   3.4638520e-01   8.6543829e-01   6.9923390e-07   0.0000000e+00   3.4596997e-01
   3.3381001e-01   8.3247294e-01   3.4564253e-05   1.6666882e-01   1.6663009e-01
   3.4591928e-01   8.6530352e-01   4.9032908e-07   3.4638133e-01   7.0724901e-05
   3.3346000e-01   8.3243842e-01   1.6702229e-01   7.2535956e-05   1.6647908e-01
   3.3298362e-01   8.3262723e-01   1.6698848e-01   1.6664931e-01   4.7150908e-05
   3.4601205e-01   8.6524319e-01   3.4627365e-01   1.3277913e-04   2.6190290e-06
   3.4353169e-01   1.0274004e+00   0.0000000e+00   9.6506968e-05   1.7090703e-01
   3.4285346e-01   1.0259663e+00   4.1162046e-06   1.7224746e-01   4.4020624e-04
   3.4201525e-01   1.0249048e+00   1.7261665e-01   8.6683786e-04   4.4368560e-04
   3.5452139e-01   1.2401783e+00   0.0000000e+00   0.0000000e+00   4.0413490e-05
   5.5375421e-01   0.0000000e+00   8.9351671e-04   5.6683402e-04   1.1061339e+00
   5.8532762e-01   6.5205674e-04   1.7602157e-04   1.9509113e-01   9.7608325e-01
   6.4185289e-01   3.9723391e-03   5.5475413e-03   4.2771187e-01   8.5370791e-01
   6.2692426e-01   2.7132889e-04   1.2743974e-03   6.2547796e-01   6.2643074e-01
   5.7534905e-01   0.0000000e+00   0.0000000e+00   7.6720021e-01   3.8328720e-01
   5.4778834e-01   0.0000000e+00   1.7764234e-04   9.1393250e-01   1.8261976e-01
   5.5388909e-01   0.0000000e+00   2.0638430e-04   1.1087053e+00   0.0000000e+00
   5.8663774e-01   1.0663635e-06   1.9547459e-01   5.1594110e-07   9.7719226e-01
   5.5745529e-01   4.4235553e-04   1.8555620e-01   1.8620705e-01   7.4334936e-01
   5.3389210e-01   3.5869424e-04   1.7756252e-01   3.5639175e-01   5.3458030e-01
   5.5308664e-01   3.3174838e-05   1.8470139e-01   5.5242189e-01   3.6825939e-01
   5.7214119e-01   2.2984039e-06   1.9053261e-01   7.6187616e-01   1.9004086e-01
   5.8562252e-01   9.9558550e-04   1.9532704e-01   9.7552973e-01   0.0000000e+00
   6.4709371e-01   4.8448260e-03   4.2981557e-01   2.6141662e-03   8.5932900e-01
   5.5774477e-01   0.0000000e+00   3.7263847e-01   1.8711947e-01   5.5779383e-01
   5.4356591e-01   2.3508999e-03   3.6184821e-01   3.6251812e-01   3.6147775e-01
   5.7743145e-01   2.1442262e-03   3.8391401e-01   5.7637535e-01   1.9300703e-01
   6.5734827e-01   0.0000000e+00   4.3636703e-01   8.7377726e-01   2.6989203e-04
   6.2741466e-01   6.8456175e-04   6.2684988e-01   2.0839020e-04   6.2729854e-01
   5.6548783e-01   7.6044980e-04   5.6550856e-01   1.8793484e-01   3.7691265e-01
   5.7135176e-01   9.3187242e-05   5.7150947e-01   3.8105120e-01   1.9042223e-01
   6.2780009e-01   8.6298301e-04   6.2664148e-01   6.2642523e-01   0.0000000e+00
   5.7507039e-01   0.0000000e+00   7.6729790e-01   7.9184870e-06   3.8323169e-01
   5.4857175e-01   0.0000000e+00   7.3201014e-01   1.8287164e-01   1.8294427e-01
   5.7468440e-01   8.3036792e-04   7.6606075e-01   3.8309567e-01   0.0000000e+00
   5.4830795e-01   1.6139319e-04   9.1367950e-01   1.8233811e-06   1.8277420e-01
   5.4820791e-01   6.2879356e-04   9.1311221e-01   1.8250219e-01   0.0000000e+00
   5.5337458e-01   0.0000000e+00   1.1088009e+00   3.1188791e-04   1.0284503e-04
   5.8565873e-01   1.9648038e-01   0.0000000e+00   1.6099631e-04   9.7739310e-01
   5.5714316e-01   1.8765059e-01   1.2983090e-04   1.8620608e-01   7.4299702e-01
   5.3431514e-01   1.7801235e-01   2.2928796e-04   3.5530051e-01   5.3461421e-01
   5.5029819e-01   1.8468131e-01   2.4806231e-03   5.5132609e-01   3.6571410e-01
   5.7168784e-01   1.9080211e-01   6.0630368e-05   7.6164773e-01   1.9042982e-01
   5.8654892e-01   1.9528610e-01   5.3758311e-05   9.7716645e-01   0.0000000e+00
   5.5709378e-01   1.8708061e-01   1.8668068e-01   1.8665523e-04   7.4287194e-01
   4.9274920e-01   1.6402232e-01   1.6467994e-01   1.6565556e-01   4.9176047e-01
   4.8538944e-01   1.6116201e-01   1.6169345e-01   3.2314278e-01   3.2353499e-01
   5.0796666e-01   1.6885070e-01   1.6956008e-01   5.0617670e-01   1.7023869e-01
   5.5754773e-01   1.8745803e-01   1.8555041e-01   7.4307079e-01   3.9661000e-04
   5.3338676e-01   1.7931701e-01   3.5619238e-01   1.8845993e-04   5.3433146e-01
   4.9433008e-01   1.6457455e-01   3.2964356e-01   1.6508966e-01   3.2989759e-01
   4.9797878e-01   1.6656242e-01   3.3175860e-01   3.3175416e-01   1.6597236e-01
   5.3443984e-01   1.7764575e-01   3.5645038e-01   5.3496603e-01   1.1111707e-05
   5.5320447e-01   1.8397936e-01   5.5351296e-01   7.6417075e-06   3.6845850e-01
   5.2894066e-01   1.7599523e-01   5.2963805e-01   1.7672856e-01   1.7716890e-01
   5.5287484e-01   1.8414399e-01   5.5282442e-01   3.6924066e-01   0.0000000e+00
   5.7160491e-01   1.8997727e-01   7.6212119e-01   8.6640720e-05   1.9048511e-01
   5.7044301e-01   1.9134844e-01   7.6220916e-01   1.9106325e-01   1.6160021e-05
   5.8595843e-01   1.9507669e-01   9.7729445e-01   5.1056816e-07   2.3228957e-04
   6.5069714e-01   4.3212576e-01   2.6734823e-03   4.9218010e-03   8.5978423e-01
   5.5825829e-01   3.7201546e-01   0.0000000e+00   1.8627265e-01   5.5823378e-01
   5.4591695e-01   3.6393773e-01   3.8386008e-04   3.6395124e-01   3.6397682e-01
   5.8092186e-01   3.8652524e-01   1.4253888e-04   5.7800517e-01   1.9313208e-01
   6.5657871e-01   4.3729245e-01   6.0436069e-04   8.7440781e-01   0.0000000e+00
   5.5819534e-01   3.7196354e-01   1.8637653e-01   0.0000000e+00   5.5822828e-01
   5.1288771e-01   3.4074969e-01   1.7087214e-01   1.7134830e-01   3.4196979e-01
   5.1712855e-01   3.4377046e-01   1.7190321e-01   3.4464416e-01   1.7264081e-01
   5.5812230e-01   3.7237335e-01   1.8612903e-01   5.5881453e-01   1.5169738e-05
   5.4575933e-01   3.6522263e-01   3.6443814e-01   1.5736343e-04   3.6427744e-01
   5.2290162e-01   3.4993804e-01   3.4854079e-01   1.7485012e-01   1.7504961e-01
   5.4607934e-01   3.6473196e-01   3.6402278e-01   3.6440457e-01   0.0000000e+00
   5.8010423e-01   3.8747605e-01   5.8081184e-01   1.8949022e-04   1.9360868e-01
   5.8098570e-01   3.8648740e-01   5.7944560e-01   1.9288060e-01   5.7921644e-05
   6.5689509e-01   4.3823687e-01   8.7416025e-01   3.4727255e-04   2.4614354e-04
   6.2784497e-01   6.2853190e-01   0.0000000e+00   0.0000000e+00   6.2833042e-01
   5.6543891e-01   5.6653144e-01   2.5030241e-04   1.8904333e-01   3.7650282e-01
   5.7201487e-01   5.7107702e-01   1.6445442e-07   3.8097285e-01   1.9052122e-01
   6.2775185e-01   6.2770726e-01   6.5141644e-04   6.2686459e-01   7.8433063e-05
   5.6563823e-01   5.6639689e-01   1.8873638e-01   1.7475787e-04   3.7702680e-01
   5.4118233e-01   5.4099958e-01   1.8025052e-01   1.7985461e-01   1.8023732e-01
   5.6527095e-01   5.6642326e-01   1.8911460e-01   3.7728917e-01   2.3553788e-05
   5.7186577e-01   5.7137968e-01   3.8071414e-01   0.0000000e+00   1.9055076e-01
   5.7135331e-01   5.7154509e-01   3.8076084e-01   1.9046432e-01   2.5028582e-04
   6.2868890e-01   6.2754445e-01   6.2817250e-01   1.1080317e-04   2.4267515e-05
   5.7494811e-01   7.6678687e-01   4.4029754e-04   0.0000000e+00   3.8318992e-01
   5.4973343e-01   7.3134392e-01   2.8031485e-04   1.8286469e-01   1.8291748e-01
   5.7502087e-01   7.6732178e-01   9.0233575e-05   3.8287132e-01   7.6821890e-05
   5.4856201e-01   7.3192806e-01   1.8343902e-01   1.9099965e-04   1.8221196e-01
   5.4583536e-01   7.3035819e-01   1.8587410e-01   1.8303368e-01   3.6677451e-06
   5.7540490e-01   7.6690705e-01   3.8375870e-01   1.1466132e-06   4.5800172e-06
   5.4863456e-01   9.1378614e-01   1.0638716e-04   9.4697461e-06   1.8270328e-01
   5.4839126e-01   9.1367069e-01   3.9887553e-07   1.8276566e-01   2.2639696e-04
   5.4767723e-01   9.1390524e-01   1.8304905e-01   9.9132741e-06   0.0000000e+00
   5.5520185e-01   1.1079203e+00   0.0000000e+00   1.9199864e-04   2.7655254e-04
   8.1698552e-01   0.0000000e+00   0.0000000e+00   0.0000000e+00   1.0214464e+00
   7.7465752e-01   0.0000000e+00   0.0000000e+00   1.9378665e-01   7.7433185e-01
   7.3945726e-01   0.0000000e+00   0.0000000e+00   3.6870162e-01   5.5481902e-01
   7.6682447e-01   0.0000000e+00   2.4809758e-04   5.7491483e-01   3.8324165e-01
   7.9462995e-01   1.1505613e-06   2.9236520e-04   7.9436524e-01   1.9853908e-01
   8.1655526e-01   2.8946776e-04   4.2182590e-04   1.0203707e+00   2.8773568e-07
   7.7209435e-01   6.3658152e-04   1.9425405e-01   9.4221914e-04   7.7176061e-01
   6.7752619e-01   5.3774987e-04   1.6949247e-01   1.6937302e-01   5.0747695e-01
   6.6582695e-01   4.5944585e-05   1.6646623e-01   3.3282153e-01   3.3315460e-01
   6.9893666e-01   7.0070612e-04   1.7517660e-01   5.2360324e-01   1.7480033e-01
   7.7454940e-01   0.0000000e+00   1.9397890e-01   7.7353901e-01   2.1996548e-04
   7.3913652e-01   0.0000000e+00   3.6949063e-01   1.8487669e-04   5.5418792e-01
   6.7949605e-01   0.0000000e+00   3.3994524e-01   1.7033028e-01   3.4023050e-01
   6.8557940e-01   0.0000000e+00   3.4225428e-01   3.4222124e-01   1.7130137e-01
   7.3913283e-01   0.0000000e+00   3.6956672e-01   5.5487836e-01   3.4211594e-06
   7.6679658e-01   0.0000000e+00   5.7502509e-01   3.9820959e-04   3.8323280e-01
   7.3184557e-01   1.2893050e-04   5.4915871e-01   1.8248255e-01   1.8298866e-01
   7.6586968e-01   1.1775686e-03   5.7269299e-01   3.8257517e-01   0.0000000e+00
   7.9477393e-01   1.0591231e-04   7.9459023e-01   1.5821271e-05   1.9864200e-01
   7.9431698e-01   3.8883500e-04   7.9367325e-01   1.9913435e-01   1.6842670e-05
   8.1697511e-01   0.0000000e+00   1.0214340e+00   1.1981636e-05   0.0000000e+00
   7.7463429e-01   1.9343706e-01   0.0000000e+00   0.0000000e+00   7.7509347e-01
   6.7834941e-01   1.6884896e-01   1.1442371e-05   1.6963571e-01   5.0859850e-01
   6.6572963e-01   1.6625425e-01   4.5685316e-04   3.3284444e-01   3.3256372e-01
   6.9876172e-01   1.7591887e-01   1.8638823e-04   5.2505486e-01   1.7494267e-01
   7.7367785e-01   1.9426584e-01   5.3684091e-04   7.7319588e-01   0.0000000e+00
   6.7804898e-01   1.6937815e-01   1.6956016e-01   0.0000000e+00   5.0845774e-01
   6.3264997e-01   1.5816325e-01   1.5812664e-01   1.5822192e-01   3.1597346e-01
   6.3650019e-01   1.5912872e-01   1.5917959e-01   3.1832059e-01   1.5919508e-01
   6.7774521e-01   1.6932512e-01   1.6963532e-01   5.0881007e-01   7.2194495e-05
   6.6594998e-01   1.6636964e-01   3.3291708e-01   0.0000000e+00   3.3315240e-01
   6.4270065e-01   1.6000755e-01   3.2141804e-01   1.6107588e-01   1.6176165e-01
   6.6625090e-01   1.6642222e-01   3.3280647e-01   3.3278767e-01   0.0000000e+00
   6.9975719e-01   1.7496373e-01   5.2544922e-01   1.3835227e-05   1.7499556e-01
   6.9994224e-01   1.7554607e-01   5.2435344e-01   1.7452754e-01   5.3256939e-05
   7.7318948e-01   1.9458167e-01   7.7427482e-01   1.2226001e-04   5.0483426e-04
   7.3913945e-01   3.6967619e-01   4.6620394e-05   0.0000000e+00   5.5456650e-01
   6.7996894e-01   3.4004057e-01   6.6509000e-05   1.7009331e-01   3.3964195e-01
   6.8546422e-01   3.4216993e-01   1.5040157e-07   3.4249277e-01   1.7127945e-01
   7.3931458e-01   3.6911635e-01   8.7046698e-05   5.5362367e-01   2.6786559e-04
   6.7999773e-01   3.3974926e-01   1.7008123e-01   1.0418519e-06   3.3989677e-01
   6.5537147e-01   3.2740892e-01   1.6391624e-01   1.6414111e-01   1.6384320e-01
   6.7980108e-01   3.3994835e-01   1.7021887e-01   3.3988973e-01   1.6860754e-05
   6.8519669e-01   3.4252771e-01   3.4275234e-01   0.0000000e+00   1.7126520e-01
   6.8490874e-01   3.4341154e-01   3.4258873e-01   1.7136146e-01   0.0000000e+00
   7.3943593e-01   3.6966127e-01   5.5385307e-01   2.1073425e-05   0.0000000e+00
   7.6730316e-01   5.7372687e-01   9.5910013e-05   2.9328656e-05   3.8358154e-01
   7.3179375e-01   5.4939096e-01   0.0000000e+00   1.8351301e-01   1.8231170e-01
   7.6694945e-01   5.7540723e-01   6.8409952e-05   3.8347883e-01   3.0273237e-05
   7.3224162e-01   5.4780882e-01   1.8294365e-01   8.4378564e-06   1.8283949e-01
   7.2902471e-01   5.4528018e-01   1.8741103e-01   1.8336380e-01   2.9009656e-05
   7.6683681e-01   5.7560434e-01   3.8379819e-01   7.2019841e-09   0.0000000e+00
   7.9457553e-01   7.9487873e-01   8.2492384e-05   0.0000000e+00   1.9870910e-01
   7.9461635e-01   7.9490515e-01   2.2529972e-07   1.9875697e-01   1.7799188e-05
   7.9414063e-01   7.9582513e-01   1.9810628e-01   1.9502687e-04   0.0000000e+00
   8.1926146e-01   1.0199341e+00   1.3620995e-04   1.2166939e-05   2.9351230e-04
   1.0212987e+00   1.3048656e-04   0.0000000e+00   7.6956657e-06   8.1663516e-01
   8.8244590e-01   0.0000000e+00   0.0000000e+00   1.7660134e-01   5.2964654e-01
   8.6527399e-01   5.6973347e-05   0.0000000e+00   3.4601112e-01   3.4633313e-01
   9.1287812e-01   4.6777292e-05   3.6475795e-04   5.4724114e-01   1.8350238e-01
   1.0212876e+00   0.0000000e+00   8.0631587e-05   8.1598631e-01   2.9303166e-04
   8.8251757e-01   3.7088889e-06   1.7658565e-01   0.0000000e+00   5.2951607e-01
   8.1776221e-01   0.0000000e+00   1.6352657e-01   1.6361563e-01   3.2737010e-01
   8.2324611e-01   9.5517484e-09   1.6456179e-01   3.2928541e-01   1.6545691e-01
   8.8160850e-01   5.0364592e-04   1.7712680e-01   5.2829011e-01   0.0000000e+00
   8.6528538e-01   2.6129111e-06   3.4610400e-01   0.0000000e+00   3.4638236e-01
   8.3313205e-01   4.9940140e-06   3.3313084e-01   1.6654011e-01   1.6655301e-01
   8.6566362e-01   4.9958445e-06   3.4598839e-01   3.4597303e-01   0.0000000e+00
   9.1390222e-01   0.0000000e+00   5.4859037e-01   2.3980182e-06   1.8275449e-01
   9.1367331e-01   0.0000000e+00   5.4817825e-01   1.8306152e-01   7.2383252e-05
   1.0214287e+00   0.0000000e+00   8.1532854e-01   0.0000000e+00   5.1005603e-04
   8.8265530e-01   1.7637068e-01   0.0000000e+00   0.0000000e+00   5.2969051e-01
   8.1745472e-01   1.6370757e-01   0.0000000e+00   1.6380752e-01   3.2728378e-01
   8.2313434e-01   1.6546734e-01   1.4847917e-04   3.2890665e-01   1.6474424e-01
   8.8236707e-01   1.7658437e-01   8.7481698e-05   5.2881928e-01   2.5404308e-04
   8.1820562e-01   1.6386128e-01   1.6288837e-01   1.5791466e-10   3.2736315e-01
   7.8991908e-01   1.5780976e-01   1.5814126e-01   1.5986210e-01   1.5812917e-01
   8.1793757e-01   1.6340708e-01   1.6380422e-01   3.2708309e-01   0.0000000e+00
   8.2351780e-01   1.6543630e-01   3.2874216e-01   0.0000000e+00   1.6478037e-01
   8.2349193e-01   1.6451692e-01   3.2901909e-01   1.6546462e-01   0.0000000e+00
   8.8231309e-01   1.7690919e-01   5.2901518e-01   6.6887750e-07   9.6783120e-05
   8.6525771e-01   3.4597909e-01   1.1840989e-05   0.0000000e+00   3.4649823e-01
   8.3258210e-01   3.3336815e-01   0.0000000e+00   1.6691916e-01   1.6659634e-01
   8.6533460e-01   3.4617678e-01   0.0000000e+00   3.4623806e-01   1.6879650e-05
   8.3264150e-01   3.3340473e-01   1.6685000e-01   0.0000000e+00   1.6658267e-01
   8.3242563e-01   3.3295936e-01   1.6642560e-01   1.6747357e-01   0.0000000e+00
   8.6536048e-01   3.4611834e-01   3.4624410e-01   0.0000000e+00   1.9994181e-05
   9.1407915e-01   5.4825782e-01   8.1801206e-05   0.0000000e+00   1.8253679e-01
   9.1406814e-01   5.4854961e-01   9.7903600e-05   1.8242654e-01   0.0000000e+00
   9.1381119e-01   5.4783539e-01   1.8267666e-01   2.4903582e-04   5.3432926e-05
   1.0213816e+00   8.1714571e-01   0.0000000e+00   0.0000000e+00   0.0000000e+00
   1.1088455e+00   0.0000000e+00   0.0000000e+00   0.0000000e+00   5.5455813e-01
   1.0201472e+00   2.2322840e-07   0.0000000e+00   1.6971694e-01   3.4004419e-01
   1.0276573e+00   0.0000000e+00   0.0000000e+00   3.4280631e-01   1.7132614e-01
   1.1086209e+00   1.3644529e-04   0.0000000e+00   5.5396096e-01   1.7377907e-04
   1.0198273e+00   0.0000000e+00   1.7009942e-01   8.8941090e-06   3.3992715e-01
   9.8283067e-01   0.0000000e+00   1.6397637e-01   1.6415692e-01   1.6385898e-01
   1.0198756e+00   3.4640167e-07   1.7004828e-01   3.3976750e-01   1.0483984e-04
   1.0280038e+00   8.2772218e-07   3.4234295e-01   1.0412430e-07   1.7133193e-01
   1.0274109e+00   6.7239295e-07   3.4260859e-01   1.7143873e-01   1.8257462e-04
   1.1089185e+00   0.0000000e+00   5.5439330e-01   0.0000000e+00   0.0000000e+00
   1.0199421e+00   1.7006422e-01   7.2464402e-06   0.0000000e+00   3.3984264e-01
   9.8268821e-01   1.6380630e-01   0.0000000e+00   1.6400109e-01   1.6429227e-01
   1.0198351e+00   1.7002430e-01   9.3829584e-05   3.3979650e-01   2.6184315e-05
   9.8320841e-01   1.6368300e-01   1.6409320e-01   0.0000000e+00   1.6386352e-01
   9.8293088e-01   1.6383653e-01   1.6459468e-01   1.6347766e-01   0.0000000e+00
   1.0182798e+00   1.6985994e-01   3.4116183e-01   4.7511653e-04   0.0000000e+00
   1.0278702e+00   3.4270562e-01   7.9125436e-05   0.0000000e+00   1.7108298e-01
   1.0269042e+00   3.4216213e-01   1.3483494e-04   1.7225728e-01   2.6355464e-05
   1.0278721e+00   3.4273119e-01   1.7117873e-01   1.3920732e-07   0.0000000e+00
   1.1088300e+00   5.5449211e-01   1.6418377e-05   2.4758394e-12   1.6209299e-05
   1.2402399e+00   7.2274167e-06   0.0000000e+00   2.9387520e-08   3.5450898e-01
   1.1912407e+00   0.0000000e+00   1.1541669e-06   1.7040584e-01   1.7022644e-01
   1.2402418e+00   2.7138944e-07   0.0000000e+00   3.5452119e-01   0.0000000e+00
   1.1914532e+00   0.0000000e+00   1.7027617e-01   0.0000000e+00   1.7016858e-01
   1.1909293e+00   3.9001716e-07   1.7031510e-01   1.7055025e-01   2.5660851e-05
   1.2401128e+00   0.0000000e+00   3.5459226e-01   4.3302474e-05   1.5590936e-09
   1.1884650e+00   1.7135914e-01   6.6427473e-04   6.6755507e-04   1.6978074e-01
   1.1909901e+00   1.7007881e-01   7.3016038e-05   1.7061967e-01   2.5632762e-05
   1.1909424e+00   1.7004462e-01   1.7059833e-01   9.3778031e-06   1.6001954e-04
   1.2403913e+00   3.5434784e-01   6.5261034e-08   0.0000000e+00   0.0000000e+00
   1.4175189e+00   2.7621147e-07   0.0000000e+00   1.0028667e-05   1.7720632e-01
   1.4167903e+00   1.2666116e-08   0.0000000e+00   1.7750955e-01   2.4104906e-04
   1.4172813e+00   1.3858235e-05   1.7737502e-01   2.3018733e-05   0.0000000e+00
   1.4130934e+00   1.7866417e-01   4.1273153e-04   7.5355693e-04   5.1156590e-04
   1.6633386e+00   1.9616596e-06   0.0000000e+00   0.0000000e+00   0.0000000e+00
