0.000000000 0.000000000 3.725701856
0.000000000 0.000000000 3.657933553
0.000000000 0.000000000 3.513689592
0.000000000 0.000000000 3.384764914
0.000000000 0.000000000 3.304872038
0.000000000 0.000000000 3.265219870
0.000000000 0.000000000 3.251130453
0.000000000 0.000000000 3.255634128
0.000000000 0.000000000 3.281055878
0.000000000 0.000000000 3.338779723
0.000000000 0.000000000 3.443674998
0.000000000 0.000000000 3.588730638
0.000000000 0.000000000 3.707565822
0.000000000 0.000000000 3.707565822
0.000000000 0.000000000 3.588730638
0.000000000 0.000000000 3.443674998
0.000000000 0.000000000 3.338779723
0.000000000 0.000000000 3.281055878
0.000000000 0.000000000 3.255634128
0.000000000 0.000000000 3.251130453
0.000000000 0.000000000 3.265219870
0.000000000 0.000000000 3.304872038
0.000000000 0.000000000 3.384764914
0.000000000 0.000000000 3.513689592
0.000000000 0.000000000 3.657933553
0.000000000 0.000000000 3.725701856
0.000000000 0.007218096 3.428250005
0.000013992 0.006645418 3.367715857
0.000053771 0.005964464 3.238758677
0.000116482 0.005343918 3.123365141
0.000201868 0.004827524 3.051792519
0.000310823 0.004388186 3.016250945
0.000444097 0.003996010 3.003619066
0.000602687 0.003636280 3.007657015
0.000789229 0.003306687 3.030446811
0.001010225 0.003012226 3.082175134
0.001277145 0.002756570 3.176108186
0.001597324 0.002523681 3.305866072
0.001947088 0.002266212 3.412053171
0.002266212 0.001947088 3.412053171
0.002523681 0.001597324 3.305866072
0.002756570 0.001277145 3.176108186
0.003012226 0.001010225 3.082175134
0.003306687 0.000789229 3.030446811
0.003636280 0.000602687 3.007657015
0.003996010 0.000444097 3.003619066
0.004388186 0.000310823 3.016250945
0.004827524 0.000201868 3.051792519
0.005343918 0.000116482 3.123365141
0.005964464 0.000053771 3.238758677
0.006645418 0.000013992 3.367715857
0.007218096 0.000000000 3.428250005
0.000000000 0.027706492 3.073307514
0.000053771 0.025538580 3.022626892
0.000207182 0.022981363 2.914456860
0.000449897 0.020640206 2.817420762
0.000780895 0.018674526 2.757114698
0.001203308 0.016988272 2.727132975
0.001719742 0.015474341 2.716471473
0.002333666 0.014080047 2.719879889
0.003054439 0.012797389 2.739110957
0.003905321 0.011644639 2.782726039
0.004927310 0.010635029 2.861802275
0.006146161 0.009710585 2.970782042
0.007476209 0.008701546 3.059753028
0.008701546 0.007476209 3.059753028
0.009710585 0.006146161 2.970782042
0.010635029 0.004927310 2.861802275
0.011644639 0.003905321 2.782726039
0.012797389 0.003054439 2.739110957
0.014080047 0.002333666 2.719879889
0.015474341 0.001719742 2.716471473
0.016988272 0.001203308 2.727132975
0.018674526 0.000780895 2.757114698
0.020640206 0.000449897 2.817420762
0.022981363 0.000207182 2.914456860
0.025538580 0.000053771 3.022626892
0.027706492 0.000000000 3.073307514
0.000000000 0.059953492 2.750523215
0.000116482 0.055323384 2.708151089
0.000449897 0.049904268 2.617555443
0.000979153 0.044921215 2.536094987
0.001701977 0.040701499 2.485375421
0.002624536 0.037053140 2.460132412
0.003751906 0.033759874 2.451151569
0.005090862 0.030715433 2.454022943
0.006660103 0.027904287 2.470219430
0.008506504 0.025364159 2.506924377
0.010712653 0.023122023 2.573375368
0.013329516 0.021059876 2.664756793
0.016182356 0.018834613 2.739195401
0.018834613 0.016182356 2.739195401
0.021059876 0.013329516 2.664756793
0.023122023 0.010712653 2.573375368
0.025364159 0.008506504 2.506924377
0.027904287 0.006660103 2.470219430
0.030715433 0.005090862 2.454022943
0.033759874 0.003751906 2.451151569
0.037053140 0.002624536 2.460132412
0.040701499 0.001701977 2.485375421
0.044921215 0.000979153 2.536094987
0.049904268 0.000449897 2.617555443
0.055323384 0.000116482 2.708151089
0.059953492 0.000000000 2.750523215
0.000000000 0.103828632 2.482983784
0.000201868 0.095877674 2.446456880
0.000780895 0.086619828 2.368271248
0.001701977 0.078082639 2.297864572
0.002961113 0.070812792 2.253975710
0.004568305 0.064495233 2.232117218
0.006531706 0.058772684 2.224338053
0.008862228 0.053469763 2.226825364
0.011590519 0.048561585 2.240853011
0.014793884 0.044111474 2.272627462
0.018608540 0.040164383 2.330098737
0.023117541 0.036524398 2.409021908
0.028030172 0.032624264 2.473221156
0.032624264 0.028030172 2.473221156
0.036524398 0.023117541 2.409021908
0.040164383 0.018608540 2.330098737
0.044111474 0.014793884 2.272627462
0.048561585 0.011590519 2.240853011
0.053469763 0.008862228 2.226825364
0.058772684 0.006531706 2.224338053
0.064495233 0.004568305 2.232117218
0.070812792 0.002961113 2.253975710
0.078082639 0.001701977 2.297864572
0.086619828 0.000780895 2.368271248
0.095877674 0.000201868 2.446456880
0.103828632 0.000000000 2.482983784
0.000000000 0.159811235 2.256211440
0.000310823 0.147625829 2.223812485
0.001203308 0.133475388 2.154423389
0.002624536 0.120407451 2.091890968
0.004568305 0.109247593 2.052887400
0.007049479 0.099524382 2.033455201
0.010080102 0.090701367 2.026538422
0.013676330 0.082515381 2.028750057
0.017883972 0.074929693 2.041221867
0.022818987 0.068040220 2.069465225
0.028685722 0.061914815 2.120525708
0.035607988 0.056258594 2.190596016
0.043147642 0.050219457 2.247553227
0.050219457 0.043147642 2.247553227
0.056258594 0.035607988 2.190596016
0.061914815 0.028685722 2.120525708
0.068040220 0.022818987 2.069465225
0.074929693 0.017883972 2.041221867
0.082515381 0.013676330 2.028750057
0.090701367 0.010080102 2.026538422
0.099524382 0.007049479 2.033455201
0.109247593 0.004568305 2.052887400
0.120407451 0.002624536 2.091890968
0.133475388 0.001203308 2.154423389
0.147625829 0.000310823 2.223812485
0.159811235 0.000000000 2.256211440
0.000000000 0.228305805 2.054309509
0.000444097 0.210924686 2.025068227
0.001719742 0.190760173 1.962429228
0.003751906 0.172128477 1.905964657
0.006531706 0.156200835 1.870738299
0.010080102 0.142310650 1.853185768
0.014414045 0.129698455 1.846937690
0.019556285 0.117991765 1.848935529
0.025571563 0.107138920 1.860201344
0.032623986 0.097276149 1.885711398
0.041002756 0.088499711 1.931822639
0.050882701 0.080391770 1.995085206
0.061642670 0.071745785 2.046495510
0.071745785 0.061642670 2.046495510
0.080391770 0.050882701 1.995085206
0.088499711 0.041002756 1.931822639
0.097276149 0.032623986 1.885711398
0.107138920 0.025571563 1.860201344
0.117991765 0.019556285 1.848935529
0.129698455 0.014414045 1.846937690
0.142310650 0.010080102 1.853185768
0.156200835 0.006531706 1.870738299
0.172128477 0.003751906 1.905964657
0.190760173 0.001719742 1.962429228
0.210924686 0.000444097 2.025068227
0.228305805 0.000000000 2.054309509
0.000000000 0.309848296 1.869452535
0.000602687 0.286247583 1.842767255
0.002333666 0.258858986 1.785607292
0.005090862 0.233556597 1.734086132
0.008862228 0.211933534 1.701945996
0.013676330 0.193082123 1.685931905
0.019556285 0.175968644 1.680231561
0.026533112 0.160086061 1.682054254
0.034694978 0.145363912 1.692332530
0.044265279 0.131987427 1.715607075
0.055637696 0.120087538 1.757679744
0.069050387 0.109095680 1.815406212
0.083658270 0.097369700 1.862321457
0.097369700 0.083658270 1.862321457
0.109095680 0.069050387 1.815406212
0.120087538 0.055637696 1.757679744
0.131987427 0.044265279 1.715607075
0.145363912 0.034694978 1.692332530
0.160086061 0.026533112 1.682054254
0.175968644 0.019556285 1.680231561
0.193082123 0.013676330 1.685931905
0.211933534 0.008862228 1.701945996
0.233556597 0.005090862 1.734086132
0.258858986 0.002333666 1.785607292
0.286247583 0.000602687 1.842767255
0.309848296 0.000000000 1.869452535
0.000000000 0.405844694 1.700395154
0.000789229 0.374846027 1.675738411
0.003054439 0.338809728 1.622942867
0.006660103 0.305549642 1.575378670
0.011590519 0.277178548 1.545718366
0.017883972 0.252485509 1.530943199
0.025571563 0.230094480 1.525684399
0.034694978 0.209330229 1.527365877
0.045371933 0.190097878 1.536848374
0.057900001 0.172642584 1.558324316
0.072803536 0.157138020 1.597157469
0.090401053 0.142828516 1.650463193
0.109570374 0.127528748 1.693805605
0.127528748 0.109570374 1.693805605
0.142828516 0.090401053 1.650463193
0.157138020 0.072803536 1.597157469
0.172642584 0.057900001 1.558324316
0.190097878 0.045371933 1.536848374
0.209330229 0.034694978 1.527365877
0.230094480 0.025571563 1.525684399
0.252485509 0.017883972 1.530943199
0.277178548 0.011590519 1.545718366
0.305549642 0.006660103 1.575378670
0.338809728 0.003054439 1.622942867
0.374846027 0.000789229 1.675738411
0.405844694 0.000000000 1.700395154
0.000000000 0.519754766 1.549772085
0.001010225 0.479808597 1.526513699
0.003905321 0.433192735 1.476753106
0.008506504 0.390258118 1.431971900
0.014793884 0.353784632 1.404071042
0.022818987 0.322157945 1.390179351
0.032623986 0.293552605 1.385236136
0.044265279 0.267072112 1.386816642
0.057900001 0.242587579 1.395730864
0.073923445 0.220420282 1.415926925
0.093032077 0.200798988 1.452470591
0.115652776 0.182724801 1.502684426
0.140304739 0.163300417 1.543555079
0.163300417 0.140304739 1.543555079
0.182724801 0.115652776 1.502684426
0.200798988 0.093032077 1.452470591
0.220420282 0.073923445 1.415926925
0.242587579 0.057900001 1.395730864
0.267072112 0.044265279 1.386816642
0.293552605 0.032623986 1.385236136
0.322157945 0.022818987 1.390179351
0.353784632 0.014793884 1.404071042
0.390258118 0.008506504 1.431971900
0.433192735 0.003905321 1.476753106
0.479808597 0.001010225 1.526513699
0.519754766 0.000000000 1.549772085
0.000000000 0.657683402 1.419533621
0.001277145 0.606582687 1.396954109
0.004927310 0.546555600 1.348716046
0.010712653 0.491470962 1.305388735
0.018608540 0.445009260 1.278434892
0.028685722 0.404984373 1.265026726
0.041002756 0.368945294 1.260257516
0.055637696 0.335686960 1.261782276
0.072803536 0.305029934 1.270384044
0.093032077 0.277397199 1.289884447
0.117260367 0.253092952 1.325211903
0.146071533 0.230784705 1.373841904
0.177494690 0.206585729 1.413496063
0.206585729 0.177494690 1.413496063
0.230784705 0.146071533 1.373841904
0.253092952 0.117260367 1.325211903
0.277397199 0.093032077 1.289884447
0.305029934 0.072803536 1.270384044
0.335686960 0.055637696 1.261782276
0.368945294 0.041002756 1.260257516
0.404984373 0.028685722 1.265026726
0.445009260 0.018608540 1.278434892
0.491470962 0.010712653 1.305388735
0.546555600 0.004927310 1.348716046
0.606582687 0.001277145 1.396954109
0.657683402 0.000000000 1.419533621
0.000000000 0.823566157 1.301187637
0.001597324 0.758652485 1.278932571
0.006146161 0.681755137 1.231479623
0.013329516 0.611526395 1.188967106
0.023117541 0.552838626 1.162573932
0.035607988 0.502712776 1.149460344
0.050882701 0.457845634 1.144798452
0.069050387 0.416611685 1.146288755
0.090401053 0.378759446 1.154698701
0.115652776 0.344846176 1.173780213
0.146071533 0.315278524 1.208404404
0.182460275 0.288276845 1.256180743
0.222190980 0.258607655 1.295234182
0.258607655 0.222190980 1.295234182
0.288276845 0.182460275 1.256180743
0.315278524 0.146071533 1.208404404
0.344846176 0.115652776 1.173780213
0.378759446 0.090401053 1.154698701
0.416611685 0.069050387 1.146288755
0.457845634 0.050882701 1.144798452
0.502712776 0.035607988 1.149460344
0.552838626 0.023117541 1.162573932
0.611526395 0.013329516 1.188967106
0.681755137 0.006146161 1.231479623
0.758652485 0.001597324 1.278932571
0.823566157 0.000000000 1.301187637
0.000000000 1.004866654 1.169562368
0.001947088 0.924773454 1.148454076
0.007476209 0.829289063 1.103515058
0.016182356 0.742407889 1.063336510
0.028030172 0.670320525 1.038432410
0.043147642 0.609157436 1.026070344
0.061642670 0.554664487 1.021677506
0.083658270 0.504747541 1.023081691
0.109570374 0.459074458 1.031007561
0.140304739 0.418351852 1.049002638
0.177494690 0.383101778 1.081696922
0.222190980 0.351049098 1.126895767
0.271035010 0.315457128 1.163913702
0.315457128 0.271035010 1.163913702
0.351049098 0.222190980 1.126895767
0.383101778 0.177494690 1.081696922
0.418351852 0.140304739 1.049002638
0.459074458 0.109570374 1.031007561
0.504747541 0.083658270 1.023081691
0.554664487 0.061642670 1.021677506
0.609157436 0.043147642 1.026070344
0.670320525 0.028030172 1.038432410
0.742407889 0.016182356 1.063336510
0.829289063 0.007476209 1.103515058
0.924773454 0.001947088 1.148454076
1.004866654 0.000000000 1.169562368
0.000000000 1.169562368 1.004866654
0.002266212 1.076342048 0.986730793
0.008701546 0.965207948 0.948120009
0.018834613 0.864087117 0.913599333
0.032624264 0.780184771 0.892202186
0.050219457 0.708997170 0.881580923
0.071745785 0.645572931 0.877806677
0.097369700 0.587474693 0.879013127
0.127528748 0.534315880 0.885822890
0.163300417 0.486918917 0.901283933
0.206585729 0.445891424 0.929374265
0.258607655 0.408585371 0.968208288
0.315457128 0.367159946 1.000013422
0.367159946 0.315457128 1.000013422
0.408585371 0.258607655 0.968208288
0.445891424 0.206585729 0.929374265
0.486918917 0.163300417 0.901283933
0.534315880 0.127528748 0.885822890
0.587474693 0.097369700 0.879013127
0.645572931 0.071745785 0.877806677
0.708997170 0.050219457 0.881580923
0.780184771 0.032624264 0.892202186
0.864087117 0.018834613 0.913599333
0.965207948 0.008701546 0.948120009
1.076342048 0.002266212 0.986730793
1.169562368 0.000000000 1.004866654
0.000000000 1.301187637 0.823566157
0.002523681 1.198627731 0.809480165
0.009710585 1.077134300 0.779445571
0.021059876 0.966176886 0.752537945
0.036524398 0.873453552 0.735832802
0.056258594 0.794257564 0.727532764
0.080391770 0.723370034 0.724582093
0.109095680 0.658222741 0.725525357
0.142828516 0.598418360 0.730848300
0.182724801 0.544837324 0.742925641
0.230784705 0.498122116 0.764840475
0.288276845 0.455461002 0.795079754
0.351049098 0.408585371 0.819798012
0.408585371 0.351049098 0.819798012
0.455461002 0.288276845 0.795079754
0.498122116 0.230784705 0.764840475
0.544837324 0.182724801 0.742925641
0.598418360 0.142828516 0.730848300
0.658222741 0.109095680 0.725525357
0.723370034 0.080391770 0.724582093
0.794257564 0.056258594 0.727532764
0.873453552 0.036524398 0.735832802
0.966176886 0.021059876 0.752537945
1.077134300 0.009710585 0.779445571
1.198627731 0.002523681 0.809480165
1.301187637 0.000000000 0.823566157
0.000000000 1.419533621 0.657683402
0.002756570 1.309238634 0.647222099
0.010635029 1.179677103 0.624872947
0.023122023 1.060783278 0.604798993
0.040164383 0.960501063 0.592311021
0.061914815 0.874111970 0.586098891
0.088499711 0.796325782 0.583889270
0.120087538 0.724541512 0.584595706
0.157138020 0.658371863 0.588580987
0.200798988 0.598729798 0.597615709
0.253092952 0.546271890 0.613983254
0.315278524 0.498122116 0.636513996
0.383101778 0.445891424 0.654886144
0.445891424 0.383101778 0.654886144
0.498122116 0.315278524 0.636513996
0.546271890 0.253092952 0.613983254
0.598729798 0.200798988 0.597615709
0.658371863 0.157138020 0.588580987
0.724541512 0.120087538 0.584595706
0.796325782 0.088499711 0.583889270
0.874111970 0.061914815 0.586098891
0.960501063 0.040164383 0.592311021
1.060783278 0.023122023 0.604798993
1.179677103 0.010635029 0.624872947
1.309238634 0.002756570 0.647222099
1.419533621 0.000000000 0.657683402
0.000000000 1.549772085 0.519754766
0.003012226 1.430663110 0.511954485
0.011644639 1.291666864 0.495266028
0.025364159 1.163647123 0.480247532
0.044111474 1.054892773 0.470890283
0.068040220 0.960590306 0.466231357
0.097276149 0.875296703 0.464573527
0.131987427 0.796338835 0.465103589
0.172642584 0.723332392 0.468093196
0.220420282 0.657235339 0.474866449
0.277397199 0.598729798 0.487122280
0.344846176 0.544837324 0.503962743
0.418351852 0.486918917 0.517669738
0.486918917 0.418351852 0.517669738
0.544837324 0.344846176 0.503962743
0.598729798 0.277397199 0.487122280
0.657235339 0.220420282 0.474866449
0.723332392 0.172642584 0.468093196
0.796338835 0.131987427 0.465103589
0.875296703 0.097276149 0.464573527
0.960590306 0.068040220 0.466231357
1.054892773 0.044111474 0.470890283
1.163647123 0.025364159 0.480247532
1.291666864 0.011644639 0.495266028
1.430663110 0.003012226 0.511954485
1.549772085 0.000000000 0.519754766
0.000000000 1.700395154 0.405844694
0.003306687 1.570517925 0.399959705
0.012797389 1.419534190 0.387358639
0.027904287 1.280182144 0.376006173
0.048561585 1.161313840 0.368926950
0.074929693 1.057855733 0.365400462
0.107138920 0.964042512 0.364145309
0.145363912 0.877045116 0.364546639
0.190097878 0.796466023 0.366809890
0.242587579 0.723332392 0.371935697
0.305029934 0.658371863 0.381204265
0.378759446 0.598418360 0.393927099
0.459074458 0.534315880 0.404271923
0.534315880 0.459074458 0.404271923
0.598418360 0.378759446 0.393927099
0.658371863 0.305029934 0.381204265
0.723332392 0.242587579 0.371935697
0.796466023 0.190097878 0.366809890
0.877045116 0.145363912 0.364546639
0.964042512 0.107138920 0.364145309
1.057855733 0.074929693 0.365400462
1.161313840 0.048561585 0.368926950
1.280182144 0.027904287 0.376006173
1.419534190 0.012797389 0.387358639
1.570517925 0.003306687 0.399959705
1.700395154 0.000000000 0.405844694
0.000000000 1.869452535 0.309848296
0.003636280 1.727058942 0.305425403
0.014080047 1.561811356 0.295951551
0.030715433 1.409150793 0.287412289
0.053469763 1.278689238 0.282085293
0.082515381 1.164950295 0.279431073
0.117991765 1.061697069 0.278486282
0.160086061 0.965870385 0.278788380
0.209330229 0.877045116 0.280491931
0.267072112 0.796338835 0.284349519
0.335686960 0.724541512 0.291322761
0.416611685 0.658222741 0.300890507
0.504747541 0.587474693 0.308666371
0.587474693 0.504747541 0.308666371
0.658222741 0.416611685 0.300890507
0.724541512 0.335686960 0.291322761
0.796338835 0.267072112 0.284349519
0.877045116 0.209330229 0.280491931
0.965870385 0.160086061 0.278788380
1.061697069 0.117991765 0.278486282
1.164950295 0.082515381 0.279431073
1.278689238 0.053469763 0.282085293
1.409150793 0.030715433 0.287412289
1.561811356 0.014080047 0.295951551
1.727058942 0.003636280 0.305425403
1.869452535 0.000000000 0.309848296
0.000000000 2.054309509 0.228305805
0.003996010 1.897913141 0.225056074
0.015474341 1.716471627 0.218094685
0.033759874 1.548822494 0.211819492
0.058772684 1.405504602 0.207904608
0.090701367 1.280519872 0.205953907
0.129698455 1.167034579 0.205259526
0.175968644 1.061697069 0.205481556
0.230094480 0.964042512 0.206733583
0.293552605 0.875296703 0.209568644
0.368945294 0.796325782 0.214693220
0.457845634 0.723370034 0.221723909
0.554664487 0.645572931 0.227437396
0.645572931 0.554664487 0.227437396
0.723370034 0.457845634 0.221723909
0.796325782 0.368945294 0.214693220
0.875296703 0.293552605 0.209568644
0.964042512 0.230094480 0.206733583
1.061697069 0.175968644 0.205481556
1.167034579 0.129698455 0.205259526
1.280519872 0.090701367 0.205953907
1.405504602 0.058772684 0.207904608
1.548822494 0.033759874 0.211819492
1.716471627 0.015474341 0.218094685
1.897913141 0.003996010 0.225056074
2.054309509 0.000000000 0.228305805
0.000000000 2.256211440 0.159811235
0.004388186 2.084178143 0.157516363
0.016988272 1.884402540 0.152601417
0.037053140 1.699909688 0.148172141
0.064495233 1.542355064 0.145409453
0.099524382 1.405082987 0.144033038
0.142310650 1.280519872 0.143543111
0.193082123 1.164950295 0.143699765
0.252485509 1.057855733 0.144583164
0.322157945 0.960590306 0.146583688
0.404984373 0.874111970 0.150200388
0.502712776 0.794257564 0.155163585
0.609157436 0.708997170 0.159197960
0.708997170 0.609157436 0.159197960
0.794257564 0.502712776 0.155163585
0.874111970 0.404984373 0.150200388
0.960590306 0.322157945 0.146583688
1.057855733 0.252485509 0.144583164
1.164950295 0.193082123 0.143699765
1.280519872 0.142310650 0.143543111
1.405082987 0.099524382 0.144033038
1.542355064 0.064495233 0.145409453
1.699909688 0.037053140 0.148172141
1.884402540 0.016988272 0.152601417
2.084178143 0.004388186 0.157516363
2.256211440 0.000000000 0.159811235
0.000000000 2.482983784 0.103828632
0.004827524 2.292842581 0.102301221
0.018674526 2.071448155 0.099031804
0.040701499 1.867287688 0.096087674
0.070812792 1.693434745 0.094252414
0.109247593 1.542355064 0.093338378
0.156200835 1.405504602 0.093013083
0.211933534 1.278689238 0.093117093
0.277178548 1.161313840 0.093703674
0.353784632 1.054892773 0.095032357
0.445009260 0.960501063 0.097435580
0.552838626 0.873453552 0.100735837
0.670320525 0.780184771 0.103420398
0.780184771 0.670320525 0.103420398
0.873453552 0.552838626 0.100735837
0.960501063 0.445009260 0.097435580
1.054892773 0.353784632 0.095032357
1.161313840 0.277178548 0.093703674
1.278689238 0.211933534 0.093117093
1.405504602 0.156200835 0.093013083
1.542355064 0.109247593 0.093338378
1.693434745 0.070812792 0.094252414
1.867287688 0.040701499 0.096087674
2.071448155 0.018674526 0.099031804
2.292842581 0.004827524 0.102301221
2.482983784 0.000000000 0.103828632
0.000000000 2.750523215 0.059953492
0.005343918 2.538104875 0.059029902
0.020640206 2.289488756 0.057055177
0.044921215 2.060878174 0.055279574
0.078082639 1.867287688 0.054174033
0.120407451 1.699909688 0.053623808
0.172128477 1.548822494 0.053428052
0.233556597 1.409150793 0.053490639
0.305549642 1.280182144 0.053843676
0.390258118 1.163647123 0.054643738
0.491470962 1.060783278 0.056092179
0.611526395 0.966176886 0.058084031
0.742407889 0.864087117 0.059706579
0.864087117 0.742407889 0.059706579
0.966176886 0.611526395 0.058084031
1.060783278 0.491470962 0.056092179
1.163647123 0.390258118 0.054643738
1.280182144 0.305549642 0.053843676
1.409150793 0.233556597 0.053490639
1.548822494 0.172128477 0.053428052
1.699909688 0.120407451 0.053623808
1.867287688 0.078082639 0.054174033
2.060878174 0.044921215 0.055279574
2.289488756 0.020640206 0.057055177
2.538104875 0.005343918 0.059029902
2.750523215 0.000000000 0.059953492
0.000000000 3.073307514 0.027706492
0.005964464 2.832834579 0.027249596
0.022981363 2.549178558 0.026274421
0.049904268 2.289488756 0.025399621
0.086619828 2.071448155 0.024855949
0.133475388 1.884402540 0.024585658
0.190760173 1.716471627 0.024489542
0.258858986 1.561811356 0.024520270
0.338809728 1.419534190 0.024693642
0.433192735 1.291666864 0.025086841
0.546555600 1.179677103 0.025799729
0.681755137 1.077134300 0.026782204
0.829289063 0.965207948 0.027584295
0.965207948 0.829289063 0.027584295
1.077134300 0.681755137 0.026782204
1.179677103 0.546555600 0.025799729
1.291666864 0.433192735 0.025086841
1.419534190 0.338809728 0.024693642
1.561811356 0.258858986 0.024520270
1.716471627 0.190760173 0.024489542
1.884402540 0.133475388 0.024585658
2.071448155 0.086619828 0.024855949
2.289488756 0.049904268 0.025399621
2.549178558 0.022981363 0.026274421
2.832834579 0.005964464 0.027249596
3.073307514 0.000000000 0.027706492
0.000000000 3.428250005 0.007218096
0.006645418 3.156255228 0.007090643
0.025538580 2.832834579 0.006819127
0.055323384 2.538104875 0.006576169
0.095877674 2.292842581 0.006425474
0.147625829 2.084178143 0.006350642
0.210924686 1.897913141 0.006324046
0.286247583 1.727058942 0.006332548
0.374846027 1.570517925 0.006380531
0.479808597 1.430663110 0.006489444
0.606582687 1.309238634 0.006687218
0.758652485 1.198627731 0.006960420
0.924773454 1.076342048 0.007183994
1.076342048 0.924773454 0.007183994
1.198627731 0.758652485 0.006960420
1.309238634 0.606582687 0.006687218
1.430663110 0.479808597 0.006489444
1.570517925 0.374846027 0.006380531
1.727058942 0.286247583 0.006332548
1.897913141 0.210924686 0.006324046
2.084178143 0.147625829 0.006350642
2.292842581 0.095877674 0.006425474
2.538104875 0.055323384 0.006576169
2.832834579 0.025538580 0.006819127
3.156255228 0.006645418 0.007090643
3.428250005 0.000000000 0.007218096
0.000000000 3.725701856 0.000000000
0.007218096 3.428250005 0.000000000
0.027706492 3.073307514 0.000000000
0.059953492 2.750523215 0.000000000
0.103828632 2.482983784 0.000000000
0.159811235 2.256211440 0.000000000
0.228305805 2.054309509 0.000000000
0.309848296 1.869452535 0.000000000
0.405844694 1.700395154 0.000000000
0.519754766 1.549772085 0.000000000
0.657683402 1.419533621 0.000000000
0.823566157 1.301187637 0.000000000
1.004866654 1.169562368 0.000000000
1.169562368 1.004866654 0.000000000
1.301187637 0.823566157 0.000000000
1.419533621 0.657683402 0.000000000
1.549772085 0.519754766 0.000000000
1.700395154 0.405844694 0.000000000
1.869452535 0.309848296 0.000000000
2.054309509 0.228305805 0.000000000
2.256211440 0.159811235 0.000000000
2.482983784 0.103828632 0.000000000
2.750523215 0.059953492 0.000000000
3.073307514 0.027706492 0.000000000
3.428250005 0.007218096 0.000000000
3.725701856 0.000000000 0.000000000
