0.000000000 0.000000000 0.468299836
0.000000000 0.000000000 0.452608449
0.000000000 0.000000000 0.419153674
0.000000000 0.000000000 0.389219543
0.000000000 0.000000000 0.370672693
0.000000000 0.000000000 0.361472622
0.000000000 0.000000000 0.358204807
0.000000000 0.000000000 0.359249285
0.000000000 0.000000000 0.365146329
0.000000000 0.000000000 0.378543021
0.000000000 0.000000000 0.402898661
0.000000000 0.000000000 0.436565818
0.000000000 0.000000000 0.464102590
0.000000000 0.000000000 0.464102590
0.000000000 0.000000000 0.436565818
0.000000000 0.000000000 0.402898661
0.000000000 0.000000000 0.378543021
0.000000000 0.000000000 0.365146329
0.000000000 0.000000000 0.359249285
0.000000000 0.000000000 0.358204807
0.000000000 0.000000000 0.361472622
0.000000000 0.000000000 0.370672693
0.000000000 0.000000000 0.389219543
0.000000000 0.000000000 0.419153674
0.000000000 0.000000000 0.452608449
0.000000000 0.000000000 0.468299836
0.000000000 0.000893119 0.424188929
0.000001703 0.000808993 0.409975572
0.000006303 0.000699200 0.379672027
0.000013148 0.000603208 0.352557504
0.000022209 0.000531123 0.335757651
0.000033741 0.000476352 0.327424168
0.000047973 0.000431667 0.324464161
0.000065207 0.000393423 0.325410256
0.000086139 0.000360901 0.330751836
0.000112386 0.000335105 0.342886643
0.000146749 0.000316741 0.364948134
0.000191070 0.000301880 0.395444057
0.000239894 0.000279212 0.420387038
0.000279212 0.000239894 0.420387038
0.000301880 0.000191070 0.395444057
0.000316741 0.000146749 0.364948134
0.000335105 0.000112386 0.342886643
0.000360901 0.000086139 0.330751836
0.000393423 0.000065207 0.325410256
0.000431667 0.000047973 0.324464161
0.000476352 0.000033741 0.327424168
0.000531123 0.000022209 0.335757651
0.000603208 0.000013148 0.352557504
0.000699200 0.000006303 0.379672027
0.000808993 0.000001703 0.409975572
0.000893119 0.000000000 0.424188929
0.000000000 0.003305152 0.366619789
0.000006303 0.002993827 0.354335409
0.000023327 0.002587518 0.328144534
0.000048657 0.002232281 0.304709880
0.000082190 0.001965519 0.290190032
0.000124864 0.001762829 0.282987535
0.000177534 0.001597461 0.280429248
0.000241311 0.001455936 0.281246942
0.000318772 0.001335582 0.285863585
0.000415904 0.001240117 0.296351508
0.000543073 0.001172160 0.315418906
0.000707090 0.001117162 0.341776050
0.000887771 0.001033275 0.363333874
0.001033275 0.000887771 0.363333874
0.001117162 0.000707090 0.341776050
0.001172160 0.000543073 0.315418906
0.001240117 0.000415904 0.296351508
0.001335582 0.000318772 0.285863585
0.001455936 0.000241311 0.281246942
0.001597461 0.000177534 0.280429248
0.001762829 0.000124864 0.282987535
0.001965519 0.000082190 0.290190032
0.002232281 0.000048657 0.304709880
0.002587518 0.000023327 0.328144534
0.002993827 0.000006303 0.354335409
0.003305152 0.000000000 0.366619789
0.000000000 0.006894148 0.316287074
0.000013148 0.006244763 0.305689199
0.000048657 0.005397250 0.283094032
0.000101493 0.004656269 0.262876689
0.000171439 0.004099836 0.250350251
0.000260452 0.003677049 0.244136574
0.000370314 0.003332111 0.241929511
0.000503345 0.003036906 0.242634945
0.000664921 0.002785863 0.246617776
0.000867526 0.002586735 0.255665826
0.001132784 0.002444984 0.272115488
0.001474905 0.002330265 0.294854097
0.001851783 0.002155287 0.313452278
0.002155287 0.001851783 0.313452278
0.002330265 0.001474905 0.294854097
0.002444984 0.001132784 0.272115488
0.002586735 0.000867526 0.255665826
0.002785863 0.000664921 0.246617776
0.003036906 0.000503345 0.242634945
0.003332111 0.000370314 0.241929511
0.003677049 0.000260452 0.244136574
0.004099836 0.000171439 0.250350251
0.004656269 0.000101493 0.262876689
0.005397250 0.000048657 0.283094032
0.006244763 0.000013148 0.305689199
0.006894148 0.000000000 0.316287074
0.000000000 0.011645364 0.278490143
0.000022209 0.010548444 0.269158735
0.000082190 0.009116853 0.249263736
0.000171439 0.007865213 0.231462405
0.000289589 0.006925305 0.220432901
0.000439946 0.006211148 0.214961771
0.000625523 0.005628491 0.213018456
0.000850234 0.005129840 0.213639589
0.001123162 0.004705787 0.217146464
0.001465396 0.004369426 0.225113254
0.001913461 0.004129984 0.239597149
0.002491360 0.003936206 0.259618449
0.003127970 0.003640639 0.275994111
0.003640639 0.003127970 0.275994111
0.003936206 0.002491360 0.259618449
0.004129984 0.001913461 0.239597149
0.004369426 0.001465396 0.225113254
0.004705787 0.001123162 0.217146464
0.005129840 0.000850234 0.213639589
0.005628491 0.000625523 0.213018456
0.006211148 0.000439946 0.214961771
0.006925305 0.000289589 0.220432901
0.007865213 0.000171439 0.231462405
0.009116853 0.000082190 0.249263736
0.010548444 0.000022209 0.269158735
0.011645364 0.000000000 0.278490143
0.000000000 0.017691729 0.249771439
0.000033741 0.016025279 0.241402313
0.000124864 0.013850396 0.223558943
0.000260452 0.011948894 0.207593336
0.000439946 0.010520978 0.197701226
0.000668369 0.009436024 0.192794295
0.000950299 0.008550848 0.191051380
0.001291682 0.007793294 0.191608461
0.001706316 0.007149068 0.194753696
0.002226241 0.006638066 0.201898928
0.002906945 0.006274305 0.214889202
0.003784893 0.005979916 0.232845848
0.004752037 0.005530887 0.247532804
0.005530887 0.004752037 0.247532804
0.005979916 0.003784893 0.232845848
0.006274305 0.002906945 0.214889202
0.006638066 0.002226241 0.201898928
0.007149068 0.001706316 0.194753696
0.007793294 0.001291682 0.191608461
0.008550848 0.000950299 0.191051380
0.009436024 0.000668369 0.192794295
0.010520978 0.000439946 0.197701226
0.011948894 0.000260452 0.207593336
0.013850396 0.000124864 0.223558943
0.016025279 0.000033741 0.241402313
0.017691729 0.000000000 0.249771439
0.000000000 0.025154400 0.226340823
0.000047973 0.022785014 0.218756789
0.000177534 0.019692727 0.202587274
0.000370314 0.016989140 0.188119373
0.000625523 0.014958905 0.179155225
0.000950299 0.013416299 0.174708604
0.001351151 0.012157740 0.173129189
0.001836536 0.011080637 0.173634011
0.002426069 0.010164666 0.176484197
0.003165308 0.009438115 0.182959148
0.004133144 0.008920913 0.194730827
0.005381425 0.008502346 0.211002992
0.006756527 0.007863909 0.224312191
0.007863909 0.006756527 0.224312191
0.008502346 0.005381425 0.211002992
0.008920913 0.004133144 0.194730827
0.009438115 0.003165308 0.182959148
0.010164666 0.002426069 0.176484197
0.011080637 0.001836536 0.173634011
0.012157740 0.001351151 0.173129189
0.013416299 0.000950299 0.174708604
0.014958905 0.000625523 0.179155225
0.016989140 0.000370314 0.188119373
0.019692727 0.000177534 0.202587274
0.022785014 0.000047973 0.218756789
0.025154400 0.000000000 0.226340823
0.000000000 0.034190813 0.206288379
0.000065207 0.030970253 0.199376246
0.000241311 0.026767100 0.184639253
0.000503345 0.023092283 0.171453121
0.000850234 0.020332709 0.163283143
0.001291682 0.018235942 0.159230466
0.001836536 0.016525261 0.157790978
0.002496289 0.015061221 0.158251075
0.003297605 0.013816200 0.160848752
0.004302406 0.012828644 0.166750061
0.005617925 0.012125643 0.177478840
0.007314637 0.011556710 0.192309388
0.009183727 0.010688923 0.204439472
0.010688923 0.009183727 0.204439472
0.011556710 0.007314637 0.192309388
0.012125643 0.005617925 0.177478840
0.012828644 0.004302406 0.166750061
0.013816200 0.003297605 0.160848752
0.015061221 0.002496289 0.158251075
0.016525261 0.001836536 0.157790978
0.018235942 0.001291682 0.159230466
0.020332709 0.000850234 0.163283143
0.023092283 0.000503345 0.171453121
0.026767100 0.000241311 0.184639253
0.030970253 0.000065207 0.199376246
0.034190813 0.000000000 0.206288379
0.000000000 0.045166162 0.189235744
0.000086139 0.040911793 0.182894995
0.000318772 0.035359416 0.169376222
0.000664921 0.030504971 0.157280110
0.001123162 0.026859567 0.149785495
0.001706316 0.024089731 0.146067829
0.002426069 0.021829916 0.144747335
0.003297605 0.019895916 0.145169399
0.004356145 0.018251239 0.147552341
0.005683490 0.016946675 0.152965824
0.007421296 0.016018009 0.162807718
0.009662656 0.015266447 0.176412313
0.012131730 0.014120097 0.187539675
0.014120097 0.012131730 0.187539675
0.015266447 0.009662656 0.176412313
0.016018009 0.007421296 0.162807718
0.016946675 0.005683490 0.152965824
0.018251239 0.004356145 0.147552341
0.019895916 0.003297605 0.145169399
0.021829916 0.002426069 0.144747335
0.024089731 0.001706316 0.146067829
0.026859567 0.001123162 0.149785495
0.030504971 0.000664921 0.157280110
0.035359416 0.000318772 0.169376222
0.040911793 0.000086139 0.182894995
0.045166162 0.000000000 0.189235744
0.000000000 0.058928577 0.175709527
0.000112386 0.053377875 0.169822004
0.000415904 0.046133654 0.157269528
0.000867526 0.039800030 0.146038023
0.001465396 0.035043847 0.139079109
0.002226241 0.031430025 0.135627175
0.003165308 0.028481630 0.134401066
0.004302406 0.025958328 0.134792962
0.005683490 0.023812507 0.137005577
0.007415286 0.022110434 0.142032113
0.009682611 0.020898798 0.151170528
0.012606929 0.019918230 0.163802692
0.015828345 0.018422580 0.174134690
0.018422580 0.015828345 0.174134690
0.019918230 0.012606929 0.163802692
0.020898798 0.009682611 0.151170528
0.022110434 0.007415286 0.142032113
0.023812507 0.005683490 0.137005577
0.025958328 0.004302406 0.134792962
0.028481630 0.003165308 0.134401066
0.031430025 0.002226241 0.135627175
0.035043847 0.001465396 0.139079109
0.039800030 0.000867526 0.146038023
0.046133654 0.000415904 0.157269528
0.053377875 0.000112386 0.169822004
0.058928577 0.000000000 0.175709527
0.000000000 0.076946797 0.166080770
0.000146749 0.069698892 0.160515879
0.000543073 0.060239651 0.148651269
0.001132784 0.051969434 0.138035242
0.001913461 0.045758984 0.131457672
0.002906945 0.041040186 0.128194901
0.004133144 0.037190279 0.127035983
0.005617925 0.033895442 0.127406403
0.007421296 0.031093507 0.129497768
0.009682611 0.028871002 0.134248854
0.012643202 0.027288891 0.142886490
0.016461670 0.026008502 0.154826420
0.020668078 0.024055537 0.164592233
0.024055537 0.020668078 0.164592233
0.026008502 0.016461670 0.154826420
0.027288891 0.012643202 0.142886490
0.028871002 0.009682611 0.134248854
0.031093507 0.007421296 0.129497768
0.033895442 0.005617925 0.127406403
0.037190279 0.004133144 0.127035983
0.041040186 0.002906945 0.128194901
0.045758984 0.001913461 0.131457672
0.051969434 0.001132784 0.138035242
0.060239651 0.000543073 0.148651269
0.069698892 0.000146749 0.160515879
0.076946797 0.000000000 0.166080770
0.000000000 0.100186074 0.158288293
0.000191070 0.090749174 0.152984505
0.000707090 0.078433077 0.141676581
0.001474905 0.067665111 0.131558656
0.002491360 0.059578996 0.125289704
0.003784893 0.053435039 0.122180022
0.005381425 0.048422392 0.121075480
0.007314637 0.044132458 0.121428520
0.009662656 0.040484290 0.123421758
0.012606929 0.037590549 0.127949924
0.016461670 0.035530613 0.136182284
0.021433382 0.033863524 0.147561995
0.026910199 0.031320729 0.156869597
0.031320729 0.026910199 0.156869597
0.033863524 0.021433382 0.147561995
0.035530613 0.016461670 0.136182284
0.037590549 0.012606929 0.127949924
0.040484290 0.009662656 0.123421758
0.044132458 0.007314637 0.121428520
0.048422392 0.005381425 0.121075480
0.053435039 0.003784893 0.122180022
0.059578996 0.002491360 0.125289704
0.067665111 0.001474905 0.131558656
0.078433077 0.000707090 0.141676581
0.090749174 0.000191070 0.152984505
0.100186074 0.000000000 0.158288293
0.000000000 0.125786362 0.146402505
0.000239894 0.113938076 0.141496976
0.000887771 0.098474879 0.131038158
0.001851783 0.084955401 0.121679983
0.003127970 0.074803063 0.115881764
0.004752037 0.067089156 0.113005586
0.006756527 0.060795641 0.111983984
0.009183727 0.055409511 0.112310514
0.012131730 0.050829135 0.114154081
0.015828345 0.047195964 0.118342230
0.020668078 0.044609659 0.125956425
0.026910199 0.042516582 0.136481640
0.033786492 0.039324034 0.145090339
0.039324034 0.033786492 0.145090339
0.042516582 0.026910199 0.136481640
0.044609659 0.020668078 0.125956425
0.047195964 0.015828345 0.118342230
0.050829135 0.012131730 0.114154081
0.055409511 0.009183727 0.112310514
0.060795641 0.006756527 0.111983984
0.067089156 0.004752037 0.113005586
0.074803063 0.003127970 0.115881764
0.084955401 0.001851783 0.121679983
0.098474879 0.000887771 0.131038158
0.113938076 0.000239894 0.141496976
0.125786362 0.000000000 0.146402505
0.000000000 0.146402505 0.125786362
0.000279212 0.132612308 0.121571621
0.001033275 0.114614722 0.112585595
0.002155287 0.098879428 0.104545222
0.003640639 0.087063141 0.099563498
0.005530887 0.078084940 0.097092338
0.007863909 0.070759930 0.096214596
0.010688923 0.064491023 0.096495145
0.014120097 0.059159933 0.098079104
0.018422580 0.054931292 0.101677485
0.024055537 0.051921096 0.108219463
0.031320729 0.049484968 0.117262535
0.039324034 0.045769167 0.124658973
0.045769167 0.039324034 0.124658973
0.049484968 0.031320729 0.117262535
0.051921096 0.024055537 0.108219463
0.054931292 0.018422580 0.101677485
0.059159933 0.014120097 0.098079104
0.064491023 0.010688923 0.096495145
0.070759930 0.007863909 0.096214596
0.078084940 0.005530887 0.097092338
0.087063141 0.003640639 0.099563498
0.098879428 0.002155287 0.104545222
0.114614722 0.001033275 0.112585595
0.132612308 0.000279212 0.121571621
0.146402505 0.000000000 0.125786362
0.000000000 0.158288293 0.100186074
0.000301880 0.143378528 0.096829125
0.001117162 0.123919797 0.089671953
0.002330265 0.106907022 0.083267973
0.003936206 0.094131421 0.079300139
0.005979916 0.084424319 0.077331914
0.008502346 0.076504623 0.076632812
0.011556710 0.069726771 0.076856263
0.015266447 0.063962873 0.078117852
0.019918230 0.059390926 0.080983883
0.026008502 0.056136346 0.086194425
0.033863524 0.053502439 0.093397033
0.042516582 0.049484968 0.099288133
0.049484968 0.042516582 0.099288133
0.053502439 0.033863524 0.093397033
0.056136346 0.026008502 0.086194425
0.059390926 0.019918230 0.080983883
0.063962873 0.015266447 0.078117852
0.069726771 0.011556710 0.076856263
0.076504623 0.008502346 0.076632812
0.084424319 0.005979916 0.077331914
0.094131421 0.003936206 0.079300139
0.106907022 0.002330265 0.083267973
0.123919797 0.001117162 0.089671953
0.143378528 0.000301880 0.096829125
0.158288293 0.000000000 0.100186074
0.000000000 0.166080770 0.076946797
0.000316741 0.150437003 0.074368530
0.001172160 0.130020325 0.068871544
0.002444984 0.112170017 0.063953038
0.004129984 0.098765478 0.060905587
0.006274305 0.088580498 0.059393915
0.008920913 0.080270919 0.058856977
0.012125643 0.073159395 0.059028596
0.016018009 0.067111742 0.059997545
0.020898798 0.062314721 0.062198769
0.027288891 0.058899918 0.066200667
0.035530613 0.056136346 0.071732550
0.044609659 0.051921096 0.076257144
0.051921096 0.044609659 0.076257144
0.056136346 0.035530613 0.071732550
0.058899918 0.027288891 0.066200667
0.062314721 0.020898798 0.062198769
0.067111742 0.016018009 0.059997545
0.073159395 0.012125643 0.059028596
0.080270919 0.008920913 0.058856977
0.088580498 0.006274305 0.059393915
0.098765478 0.004129984 0.060905587
0.112170017 0.002444984 0.063953038
0.130020325 0.001172160 0.068871544
0.150437003 0.000316741 0.074368530
0.166080770 0.000000000 0.076946797
0.000000000 0.175709527 0.058928577
0.000335105 0.159158792 0.056954049
0.001240117 0.137558429 0.052744263
0.002586735 0.118673226 0.048977497
0.004369426 0.104491541 0.046643652
0.006638066 0.093716073 0.045485960
0.009438115 0.084924734 0.045074754
0.012828644 0.077400910 0.045206186
0.016946675 0.071002637 0.045948241
0.022110434 0.065927501 0.047634016
0.028871002 0.062314721 0.050698811
0.037590549 0.059390926 0.054935323
0.047195964 0.054931292 0.058400416
0.054931292 0.047195964 0.058400416
0.059390926 0.037590549 0.054935323
0.062314721 0.028871002 0.050698811
0.065927501 0.022110434 0.047634016
0.071002637 0.016946675 0.045948241
0.077400910 0.012828644 0.045206186
0.084924734 0.009438115 0.045074754
0.093716073 0.006638066 0.045485960
0.104491541 0.004369426 0.046643652
0.118673226 0.002586735 0.048977497
0.137558429 0.001240117 0.052744263
0.159158792 0.000335105 0.056954049
0.175709527 0.000000000 0.058928577
0.000000000 0.189235744 0.045166162
0.000360901 0.171410924 0.043652773
0.001335582 0.148147753 0.040426157
0.002785863 0.127808756 0.037539097
0.004705787 0.112535357 0.035750307
0.007149068 0.100930388 0.034862987
0.010164666 0.091462287 0.034547815
0.013816200 0.083359275 0.034648552
0.018251239 0.076468459 0.035217305
0.023812507 0.071002637 0.036509377
0.031093507 0.067111742 0.038858408
0.040484290 0.063962873 0.042105508
0.050829135 0.059159933 0.044761350
0.059159933 0.050829135 0.044761350
0.063962873 0.040484290 0.042105508
0.067111742 0.031093507 0.038858408
0.071002637 0.023812507 0.036509377
0.076468459 0.018251239 0.035217305
0.083359275 0.013816200 0.034648552
0.091462287 0.010164666 0.034547815
0.100930388 0.007149068 0.034862987
0.112535357 0.004705787 0.035750307
0.127808756 0.002785863 0.037539097
0.148147753 0.001335582 0.040426157
0.171410924 0.000360901 0.043652773
0.189235744 0.000000000 0.045166162
0.000000000 0.206288379 0.034190813
0.000393423 0.186857308 0.033045177
0.001455936 0.161497818 0.030602627
0.003036906 0.139326010 0.028417120
0.005129840 0.122676276 0.027063005
0.007793294 0.110025546 0.026391303
0.011080637 0.099704245 0.026152718
0.015061221 0.090871045 0.026228976
0.019895916 0.083359275 0.026659522
0.025958328 0.077400910 0.027637622
0.033895442 0.073159395 0.029415840
0.044132458 0.069726771 0.031873896
0.055409511 0.064491023 0.033884370
0.064491023 0.055409511 0.033884370
0.069726771 0.044132458 0.031873896
0.073159395 0.033895442 0.029415840
0.077400910 0.025958328 0.027637622
0.083359275 0.019895916 0.026659522
0.090871045 0.015061221 0.026228976
0.099704245 0.011080637 0.026152718
0.110025546 0.007793294 0.026391303
0.122676276 0.005129840 0.027063005
0.139326010 0.003036906 0.028417120
0.161497818 0.001455936 0.030602627
0.186857308 0.000393423 0.033045177
0.206288379 0.000000000 0.034190813
0.000000000 0.226340823 0.025154400
0.000431667 0.205020937 0.024311548
0.001597461 0.177196356 0.022514548
0.003332111 0.152869318 0.020906657
0.005628491 0.134601132 0.019910426
0.008550848 0.120720676 0.019416251
0.012157740 0.109396084 0.019240722
0.016525261 0.099704245 0.019296826
0.021829916 0.091462287 0.019613581
0.028481630 0.084924734 0.020333175
0.037190279 0.080270919 0.021641422
0.048422392 0.076504623 0.023449830
0.060795641 0.070759930 0.024928948
0.070759930 0.060795641 0.024928948
0.076504623 0.048422392 0.023449830
0.080270919 0.037190279 0.021641422
0.084924734 0.028481630 0.020333175
0.091462287 0.021829916 0.019613581
0.099704245 0.016525261 0.019296826
0.109396084 0.012157740 0.019240722
0.120720676 0.008550848 0.019416251
0.134601132 0.005628491 0.019910426
0.152869318 0.003332111 0.020906657
0.177196356 0.001597461 0.022514548
0.205020937 0.000431667 0.024311548
0.226340823 0.000000000 0.025154400
0.000000000 0.249771439 0.017691729
0.000476352 0.226244536 0.017098930
0.001762829 0.195539578 0.015835054
0.003677049 0.168694224 0.014704184
0.006211148 0.148534931 0.014003509
0.009436024 0.133217582 0.013655943
0.013416299 0.120720676 0.013532489
0.018235942 0.110025546 0.013571948
0.024089731 0.100930388 0.013794731
0.031430025 0.093716073 0.014300839
0.041040186 0.088580498 0.015220962
0.053435039 0.084424319 0.016492861
0.067089156 0.078084940 0.017533163
0.078084940 0.067089156 0.017533163
0.084424319 0.053435039 0.016492861
0.088580498 0.041040186 0.015220962
0.093716073 0.031430025 0.014300839
0.100930388 0.024089731 0.013794731
0.110025546 0.018235942 0.013571948
0.120720676 0.013416299 0.013532489
0.133217582 0.009436024 0.013655943
0.148534931 0.006211148 0.014003509
0.168694224 0.003677049 0.014704184
0.195539578 0.001762829 0.015835054
0.226244536 0.000476352 0.017098930
0.249771439 0.000000000 0.017691729
0.000000000 0.278490143 0.011645364
0.000531123 0.252258118 0.011255161
0.001965519 0.218022706 0.010423231
0.004099836 0.188090675 0.009678849
0.006925305 0.165613468 0.009217638
0.010520978 0.148534931 0.008988857
0.014958905 0.134601132 0.008907595
0.020332709 0.122676276 0.008933569
0.026859567 0.112535357 0.009080212
0.035043847 0.104491541 0.009413352
0.045758984 0.098765478 0.010019012
0.059578996 0.094131421 0.010856224
0.074803063 0.087063141 0.011540990
0.087063141 0.074803063 0.011540990
0.094131421 0.059578996 0.010856224
0.098765478 0.045758984 0.010019012
0.104491541 0.035043847 0.009413352
0.112535357 0.026859567 0.009080212
0.122676276 0.020332709 0.008933569
0.134601132 0.014958905 0.008907595
0.148534931 0.010520978 0.008988857
0.165613468 0.006925305 0.009217638
0.188090675 0.004099836 0.009678849
0.218022706 0.001965519 0.010423231
0.252258118 0.000531123 0.011255161
0.278490143 0.000000000 0.011645364
0.000000000 0.316287074 0.006894148
0.000603208 0.286494815 0.006663145
0.002232281 0.247612942 0.006170635
0.004656269 0.213618509 0.005729955
0.007865213 0.188090675 0.005456915
0.011948894 0.168694224 0.005321475
0.016989140 0.152869318 0.005273367
0.023092283 0.139326010 0.005288744
0.030504971 0.127808756 0.005375558
0.039800030 0.118673226 0.005572779
0.051969434 0.112170017 0.005931335
0.067665111 0.106907022 0.006426971
0.084955401 0.098879428 0.006832358
0.098879428 0.084955401 0.006832358
0.106907022 0.067665111 0.006426971
0.112170017 0.051969434 0.005931335
0.118673226 0.039800030 0.005572779
0.127808756 0.030504971 0.005375558
0.139326010 0.023092283 0.005288744
0.152869318 0.016989140 0.005273367
0.168694224 0.011948894 0.005321475
0.188090675 0.007865213 0.005456915
0.213618509 0.004656269 0.005729955
0.247612942 0.002232281 0.006170635
0.286494815 0.000603208 0.006663145
0.316287074 0.000000000 0.006894148
0.000000000 0.366619789 0.003305152
0.000699200 0.332086504 0.003194406
0.002587518 0.287017118 0.002958290
0.005397250 0.247612942 0.002747022
0.009116853 0.218022706 0.002616122
0.013850396 0.195539578 0.002551190
0.019692727 0.177196356 0.002528127
0.026767100 0.161497818 0.002535498
0.035359416 0.148147753 0.002577118
0.046133654 0.137558429 0.002671669
0.060239651 0.130020325 0.002843566
0.078433077 0.123919797 0.003081181
0.098474879 0.114614722 0.003275529
0.114614722 0.098474879 0.003275529
0.123919797 0.078433077 0.003081181
0.130020325 0.060239651 0.002843566
0.137558429 0.046133654 0.002671669
0.148147753 0.035359416 0.002577118
0.161497818 0.026767100 0.002535498
0.177196356 0.019692727 0.002528127
0.195539578 0.013850396 0.002551190
0.218022706 0.009116853 0.002616122
0.247612942 0.005397250 0.002747022
0.287017118 0.002587518 0.002958290
0.332086504 0.000699200 0.003194406
0.366619789 0.000000000 0.003305152
0.000000000 0.424188929 0.000893119
0.000808993 0.384232993 0.000863194
0.002993827 0.332086504 0.000799390
0.006244763 0.286494815 0.000742301
0.010548444 0.252258118 0.000706929
0.016025279 0.226244536 0.000689384
0.022785014 0.205020937 0.000683151
0.030970253 0.186857308 0.000685143
0.040911793 0.171410924 0.000696390
0.053377875 0.159158792 0.000721939
0.069698892 0.150437003 0.000768389
0.090749174 0.143378528 0.000832598
0.113938076 0.132612308 0.000885115
0.132612308 0.113938076 0.000885115
0.143378528 0.090749174 0.000832598
0.150437003 0.069698892 0.000768389
0.159158792 0.053377875 0.000721939
0.171410924 0.040911793 0.000696390
0.186857308 0.030970253 0.000685143
0.205020937 0.022785014 0.000683151
0.226244536 0.016025279 0.000689384
0.252258118 0.010548444 0.000706929
0.286494815 0.006244763 0.000742301
0.332086504 0.002993827 0.000799390
0.384232993 0.000808993 0.000863194
0.424188929 0.000000000 0.000893119
0.000000000 0.468299836 0.000000000
0.000893119 0.424188929 0.000000000
0.003305152 0.366619789 0.000000000
0.006894148 0.316287074 0.000000000
0.011645364 0.278490143 0.000000000
0.017691729 0.249771439 0.000000000
0.025154400 0.226340823 0.000000000
0.034190813 0.206288379 0.000000000
0.045166162 0.189235744 0.000000000
0.058928577 0.175709527 0.000000000
0.076946797 0.166080770 0.000000000
0.100186074 0.158288293 0.000000000
0.125786362 0.146402505 0.000000000
0.146402505 0.125786362 0.000000000
0.158288293 0.100186074 0.000000000
0.166080770 0.076946797 0.000000000
0.175709527 0.058928577 0.000000000
0.189235744 0.045166162 0.000000000
0.206288379 0.034190813 0.000000000
0.226340823 0.025154400 0.000000000
0.249771439 0.017691729 0.000000000
0.278490143 0.011645364 0.000000000
0.316287074 0.006894148 0.000000000
0.366619789 0.003305152 0.000000000
0.424188929 0.000893119 0.000000000
0.468299836 0.000000000 0.000000000
