0.000000000 1.649428830
0.000050899 1.637330236
0.000203908 1.626889426
0.000459941 1.617987542
0.000820437 1.610463631
0.001287262 1.604127171
0.001862576 1.598772091
0.002548719 1.594190546
0.003348095 1.590184862
0.004263094 1.586576536
0.005296035 1.583211698
0.006449140 1.579962956
0.007724516 1.576728002
0.009124152 1.573425668
0.010649901 1.569990312
0.012303445 1.566365504
0.014086237 1.562497939
0.015999416 1.558332393
0.018043704 1.553808331
0.020219292 1.548858492
0.022525732 1.543409449
0.024961847 1.537383813
0.027525670 1.530703479
0.030214412 1.523293135
0.033024456 1.515083246
0.035951357 1.506011824
0.038989827 1.496024562
0.042133680 1.485073133
0.045375705 1.473111766
0.048707443 1.460092373
0.052118858 1.445958631
0.055597861 1.430639478
0.059129707 1.414042551
0.062696249 1.396048180
0.066275095 1.376504792
0.069838734 1.355226990
0.073353793 1.331998146
0.076780659 1.306580101
0.080073896 1.278733238
0.083183980 1.248250500
0.086061062 1.215008142
0.088661379 1.179033545
0.090956721 1.140585442
0.092946598 1.100234545
0.094671652 1.058924020
0.096225424 1.017982904
0.097760378 0.979065827
0.099483879 0.944003808
0.101641239 0.914574047
0.104486222 0.892226280
0.108243751 0.877827774
0.113073172 0.871495549
0.119041633 0.872565781
0.126114724 0.879711261
0.134166511 0.891173647
0.143005227 0.905046469
0.152406925 0.919538742
0.162148389 0.933166642
0.172032627 0.944850891
0.181903756 0.953926533
0.191651545 0.960090166
0.201208101 0.963315067
0.210540003 0.963760192
0.219638823 0.961689983
0.228512123 0.957412802
0.237176017 0.951239052
0.245649680 0.943456235
0.253951669 0.934316751
0.262097762 0.924034320
0.270099931 0.912785671
0.277966131 0.900715082
0.285700648 0.887940164
0.293304831 0.874557906
0.300778053 0.860650381
0.308118798 0.846289751
0.315325761 0.831542349
0.322398844 0.816471672
0.329339942 0.801140223
0.336153414 0.785610193
0.342846187 0.769943129
0.349427476 0.754198827
0.355908196 0.738433787
0.362300189 0.722699654
0.368615437 0.707042012
0.374865461 0.691499842
0.381061082 0.676105816
0.387212646 0.660887425
0.393330787 0.645868800
0.399427660 0.631072960
0.405518558 0.616524155
0.411623701 0.602249936
0.417769968 0.588282632
0.423992290 0.574659941
0.430334438 0.561424462
0.436848942 0.548622108
0.443595978 0.536299470
0.450641149 0.524500368
0.458052257 0.513261966
0.465895311 0.502610925
0.474230199 0.492560140
0.483106519 0.483106519
0.492560140 0.474230199
0.502610925 0.465895311
0.513261966 0.458052257
0.524500368 0.450641149
0.536299470 0.443595978
0.548622108 0.436848942
0.561424462 0.430334438
0.574659941 0.423992290
0.588282632 0.417769968
0.602249936 0.411623701
0.616524155 0.405518558
0.631072960 0.399427660
0.645868800 0.393330787
0.660887425 0.387212646
0.676105816 0.381061082
0.691499842 0.374865461
0.707042012 0.368615437
0.722699654 0.362300189
0.738433787 0.355908196
0.754198827 0.349427476
0.769943129 0.342846187
0.785610193 0.336153414
0.801140223 0.329339942
0.816471672 0.322398844
0.831542349 0.315325761
0.846289751 0.308118798
0.860650381 0.300778053
0.874557906 0.293304831
0.887940164 0.285700648
0.900715082 0.277966131
0.912785671 0.270099931
0.924034320 0.262097762
0.934316751 0.253951669
0.943456235 0.245649680
0.951239052 0.237176017
0.957412802 0.228512123
0.961689983 0.219638823
0.963760192 0.210540003
0.963315067 0.201208101
0.960090166 0.191651545
0.953926533 0.181903756
0.944850891 0.172032627
0.933166642 0.162148389
0.919538742 0.152406925
0.905046469 0.143005227
0.891173647 0.134166511
0.879711261 0.126114724
0.872565781 0.119041633
0.871495549 0.113073172
0.877827774 0.108243751
0.892226280 0.104486222
0.914574047 0.101641239
0.944003808 0.099483879
0.979065827 0.097760378
1.017982904 0.096225424
1.058924020 0.094671652
1.100234545 0.092946598
1.140585442 0.090956721
1.179033545 0.088661379
1.215008142 0.086061062
1.248250500 0.083183980
1.278733238 0.080073896
1.306580101 0.076780659
1.331998146 0.073353793
1.355226990 0.069838734
1.376504792 0.066275095
1.396048180 0.062696249
1.414042551 0.059129707
1.430639478 0.055597861
1.445958631 0.052118858
1.460092373 0.048707443
1.473111766 0.045375705
1.485073133 0.042133680
1.496024562 0.038989827
1.506011824 0.035951357
1.515083246 0.033024456
1.523293135 0.030214412
1.530703479 0.027525670
1.537383813 0.024961847
1.543409449 0.022525732
1.548858492 0.020219292
1.553808331 0.018043704
1.558332393 0.015999416
1.562497939 0.014086237
1.566365504 0.012303445
1.569990312 0.010649901
1.573425668 0.009124152
1.576728002 0.007724516
1.579962956 0.006449140
1.583211698 0.005296035
1.586576536 0.004263094
1.590184862 0.003348095
1.594190546 0.002548719
1.598772091 0.001862576
1.604127171 0.001287262
1.610463631 0.000820437
1.617987542 0.000459941
1.626889426 0.000203908
1.637330236 0.000050899
1.649428830 0.000000000
