2.214213562 0.000000000 0.000000000
2.168651086 0.136439961 0.000000000
2.099251211 0.265197101 0.000000000
2.008063649 0.383058628 0.000000000
1.897818551 0.487276984 0.000000000
1.771886850 0.575720937 0.000000000
1.656297589 0.655774606 0.000000000
1.705628017 0.802607622 0.000000000
1.734225533 0.953398555 0.000000000
1.740292209 1.104423019 0.000000000
1.722977576 1.251816484 0.000000000
1.682303979 1.391722886 0.000000000
1.619093864 1.520430342 0.000000000
1.534893725 1.634495804 0.000000000
1.431891166 1.730859089 0.000000000
1.312823078 1.806945949 0.000000000
1.180874062 1.860759777 0.000000000
1.039565031 1.890961772 0.000000000
0.892632235 1.896940058 0.000000000
0.743896935 1.878869184 0.000000000
0.597125315 1.837762750 0.000000000
0.455876913 1.775523349 0.000000000
0.339630139 1.780403537 0.000000000
0.239835676 1.898494861 0.000000000
0.125851934 2.000359216 0.000000000
0.000000000 2.082649583 0.000000000
2.168651086 0.000000000 0.136439961
2.124026162 0.133632399 0.133896614
2.056054347 0.259740068 0.130384093
1.966743176 0.375176326 0.125968236
1.858766622 0.477250153 0.120736854
1.735426252 0.563874171 0.114802605
1.622215502 0.642280554 0.109769552
1.670530845 0.786092146 0.116155780
1.698539902 0.933780213 0.121947116
1.704481742 1.081697006 0.127008593
1.687523396 1.226057514 0.131233304
1.647686751 1.363085025 0.134538458
1.585777329 1.489144032 0.136862753
1.503309799 1.600862338 0.138164686
1.402426752 1.695242729 0.138421543
1.285808759 1.769763929 0.137628887
1.156574895 1.822470416 0.135800459
1.018173618 1.852050936 0.132968481
0.874264298 1.857906205 0.129184412
0.728589565 1.840207180 0.124520274
0.584838104 1.799946605 0.119070781
0.446496209 1.738987921 0.112956585
0.332641477 1.743767688 0.111686845
0.234900512 1.859429015 0.117915154
0.123262245 1.959197279 0.123505956
0.000000000 2.039794335 0.128332982
2.099251211 0.000000000 0.265197101
2.056054347 0.129355975 0.260253619
1.990257725 0.251428021 0.253426364
1.903804637 0.363170158 0.244843305
1.799283484 0.461977479 0.234675114
1.679890178 0.545829406 0.223140769
1.570302332 0.621726675 0.213358071
1.617071516 0.760936095 0.225770924
1.644184243 0.903897937 0.237027491
1.649935936 1.047081185 0.246865436
1.633520282 1.186821955 0.255076968
1.594958465 1.319464393 0.261501166
1.535030231 1.441489335 0.266018876
1.455201778 1.549632499 0.268549431
1.357547129 1.640992585 0.269048683
1.244661076 1.713129002 0.267508005
1.119562877 1.764148807 0.263954105
0.985590635 1.792782710 0.258449617
0.846286615 1.798450602 0.251094556
0.705273677 1.781317971 0.242028913
0.566122465 1.742345790 0.231436783
0.432207705 1.683337869 0.219552678
0.321996483 1.687964677 0.217084695
0.227383366 1.799924679 0.229190602
0.119317680 1.896500219 0.240057392
0.000000000 1.974518056 0.249439639
2.008063649 0.000000000 0.383058628
1.966743176 0.123736993 0.375918115
1.903804637 0.240506456 0.366056623
1.821106910 0.347394723 0.353658996
1.721125961 0.441910038 0.338971757
1.606918879 0.522119594 0.322311203
1.502091324 0.594720027 0.308180782
1.546828942 0.727882449 0.326110278
1.572763943 0.864634294 0.342369600
1.578265793 1.001597929 0.356579823
1.562563204 1.135268620 0.368440805
1.525676441 1.262149318 0.377720109
1.468351377 1.378873724 0.384245625
1.391990523 1.482319350 0.387900835
1.298577811 1.569710924 0.388621969
1.190595318 1.638713870 0.386396567
1.070931151 1.687517470 0.381263208
0.942778414 1.714907569 0.373312360
0.809525501 1.720329258 0.362688490
0.674637903 1.703940837 0.349593804
0.541531160 1.666661535 0.334294215
0.413433407 1.610216808 0.317128458
0.308009556 1.614642636 0.313563630
0.217506256 1.721739305 0.331049764
0.114134743 1.814119783 0.346746081
0.000000000 1.888748670 0.360298078
1.897818551 0.000000000 0.487276984
1.858766622 0.116943683 0.478193759
1.799283484 0.227302364 0.465649262
1.721125961 0.328322336 0.449878625
1.626634086 0.417648647 0.431195445
1.518697109 0.493454603 0.410002072
1.419624712 0.562069186 0.392027202
1.461906181 0.687920831 0.414834757
1.486417320 0.817164837 0.435517736
1.491617112 0.946609004 0.453594118
1.476776614 1.072941014 0.468682106
1.441914978 1.192855810 0.480486020
1.387737129 1.303171906 0.488786926
1.315568577 1.400938243 0.493436605
1.227284335 1.483531916 0.494353937
1.125230210 1.548746517 0.491523073
1.012135749 1.594870741 0.484993086
0.891018751 1.620757091 0.474879059
0.765081582 1.625881122 0.461364764
0.637599474 1.610392445 0.444707421
0.511800451 1.575159822 0.425245289
0.390735418 1.521813978 0.403409262
0.291099462 1.525996823 0.398874555
0.205564902 1.627213756 0.421118124
0.107868609 1.714522435 0.441084921
0.000000000 1.785054108 0.458323996
1.771886850 0.000000000 0.575720937
1.735426252 0.109183765 0.564989047
1.679890178 0.212219482 0.550167643
1.606918879 0.306536170 0.531534532
1.518697109 0.389935142 0.509460233
1.417922401 0.460710916 0.484420124
1.325424055 0.524772507 0.463182698
1.364899894 0.642273137 0.490129973
1.387784571 0.762941024 0.514567048
1.392639325 0.883795790 0.535924411
1.378783583 1.001744910 0.553750967
1.346235227 1.113702636 0.567697369
1.295652405 1.216698594 0.577504943
1.228272672 1.307977546 0.582998569
1.145846621 1.385090630 0.584082404
1.050564402 1.445977850 0.580737719
0.944974441 1.489041453 0.573022498
0.831894285 1.513210088 0.561072708
0.714313807 1.517994109 0.545105480
0.595290906 1.503533199 0.525424720
0.477839406 1.470638472 0.502430084
0.364807768 1.420832447 0.476630676
0.271783258 1.424737735 0.471272890
0.191924432 1.519238314 0.497553812
0.100710876 1.600753537 0.521144713
0.000000000 1.666605007 0.541512793
1.656297589 0.000000000 0.655774606
1.622215502 0.102061149 0.643550453
1.570302332 0.198375318 0.626668141
1.502091324 0.286539245 0.605444107
1.419624712 0.364497674 0.580300389
1.325424055 0.430656381 0.551778467
1.238959850 0.490538907 0.527587989
1.275860478 0.600374369 0.558282267
1.297252270 0.713170470 0.586117303
1.301790324 0.826141261 0.610444396
1.288838463 0.936395955 0.630749725
1.258413403 1.041050105 0.646635366
1.211130358 1.137327109 0.657806678
1.148146150 1.222651467 0.664064189
1.071097173 1.294734069 0.665298730
0.982030702 1.351649303 0.661488969
0.883328915 1.391903647 0.652700950
0.777625557 1.414495638 0.639089549
0.667715456 1.418967573 0.620902087
0.556457029 1.405450022 0.598484729
0.446667492 1.374701187 0.572292702
0.341009487 1.328144264 0.542905901
0.254053443 1.331794790 0.536803118
0.179404218 1.420130612 0.566738387
0.094140989 1.496328179 0.593609589
0.000000000 1.557883820 0.616809839
1.705628017 0.000000000 0.802607622
1.670530845 0.105100892 0.787646386
1.617071516 0.204283639 0.766983993
1.546828942 0.295073402 0.741007733
1.461906181 0.375353710 0.710234143
1.364899894 0.443482859 0.675325942
1.275860478 0.505148898 0.645719028
1.313860137 0.618255651 0.683285993
1.335889052 0.734411221 0.717353509
1.340562266 0.850746683 0.747127627
1.327224653 0.964285154 0.771979475
1.295893426 1.072056277 0.791422035
1.247202124 1.171200752 0.805094690
1.182342023 1.259066372 0.812753307
1.102998253 1.333295851 0.814264271
1.011279066 1.391906223 0.809601474
0.909637589 1.433359484 0.798845750
0.800786010 1.456624344 0.782186651
0.687602395 1.461229470 0.759926876
0.573030296 1.447309318 0.732490098
0.459970837 1.415644674 0.700433473
0.351165962 1.367701120 0.664466739
0.261620058 1.371460371 0.656997496
0.184747513 1.462427148 0.693635503
0.096944843 1.540894149 0.726523376
0.000000000 1.604283137 0.754918341
1.734225533 0.000000000 0.953398555
1.698539902 0.106863073 0.935626458
1.644184243 0.207708774 0.911082091
1.572763943 0.300020768 0.880225508
1.486417320 0.381647101 0.843670290
1.387784571 0.450918541 0.802203666
1.297252270 0.513618508 0.767034315
1.335889052 0.628621672 0.811659222
1.358287317 0.746724772 0.852127216
1.363038885 0.865010779 0.887495184
1.349477645 0.980452900 0.917016106
1.317621102 1.090030973 0.940111461
1.268113414 1.190837760 0.956352884
1.202165832 1.280176585 0.965450373
1.121491740 1.355650637 0.967245211
1.028234738 1.415243703 0.961706386
0.924889083 1.457391993 0.948929917
0.814212437 1.481046925 0.929140968
0.699131122 1.485729262 0.902699109
0.582638044 1.471575718 0.870107611
0.467682966 1.439380166 0.832028306
0.357053807 1.390632764 0.789304277
0.266006526 1.394455045 0.780431740
0.187845093 1.486947022 0.823953160
0.098570274 1.566729645 0.863019884
0.000000000 1.631181447 0.896749589
1.740292209 0.000000000 1.104423019
1.704481742 0.107236902 1.083835708
1.649935936 0.208435381 1.055403356
1.578265793 0.301070302 1.019658891
1.491617112 0.382982181 0.977313092
1.392639325 0.452495946 0.929277887
1.301790324 0.515415251 0.888537486
1.340562266 0.630820719 0.940231264
1.363038885 0.749336968 0.987109649
1.367807074 0.868036764 1.028080131
1.354198395 0.983882725 1.062277356
1.322230411 1.093844125 1.089031165
1.272549535 1.195003555 1.107845333
1.206371254 1.284654905 1.118383923
1.125414948 1.360392980 1.120463075
1.031831713 1.420194515 1.114046864
0.928124534 1.462490248 1.099246520
0.817060719 1.486227930 1.076322875
0.701576826 1.490926648 1.045692455
0.584676231 1.476723591 1.007938254
0.469319017 1.444415413 0.963826943
0.358302854 1.395497482 0.914335152
0.266937072 1.399333134 0.904057148
0.188502214 1.492148667 0.954472641
0.098915093 1.572210386 0.999727785
0.000000000 1.636887654 1.038800493
1.722977576 0.000000000 1.251816484
1.687523396 0.106169973 1.228481642
1.633520282 0.206361602 1.196254781
1.562563204 0.298074873 1.155739952
1.476776614 0.379171788 1.107742791
1.378783583 0.447993943 1.053296931
1.288838463 0.510287246 1.007119420
1.327224653 0.624544515 1.065712118
1.349477645 0.741881614 1.118846772
1.354198395 0.859400434 1.165285069
1.340725112 0.974093812 1.204046168
1.309075186 1.082961177 1.234370472
1.259888598 1.183114144 1.255695530
1.194368743 1.271873529 1.267640574
1.114217893 1.346858066 1.269997204
1.021565743 1.406064620 1.262724702
0.918890374 1.447939541 1.245949142
0.808931563 1.471441050 1.219966166
0.694596650 1.476093019 1.185247889
0.578859130 1.462031272 1.142455109
0.464649636 1.430044537 1.092456815
0.354738003 1.381613303 1.036359977
0.264281243 1.385410794 1.024710297
0.186626755 1.477302880 1.081854112
0.097930961 1.556568044 1.133148892
0.000000000 1.620601820 1.177436143
1.682303979 0.000000000 1.391722886
1.647686751 0.103663664 1.365780080
1.594958465 0.201490112 1.329951458
1.525676441 0.291038346 1.284908582
1.441914978 0.370220842 1.231547127
1.346235227 0.437418341 1.171016251
1.258413403 0.498241113 1.119677816
1.295893426 0.609801159 1.184818992
1.317621102 0.724368331 1.243892119
1.322230411 0.839112934 1.295520486
1.309075186 0.951098795 1.338613631
1.278172406 1.057396174 1.372327061
1.230146945 1.155184873 1.396035466
1.166173790 1.241848953 1.409315520
1.087915027 1.315063362 1.411935533
0.997450076 1.372872252 1.403850237
0.897198521 1.413758650 1.385199795
0.789835460 1.436705369 1.356312891
0.678199603 1.441247520 1.317714405
0.565194250 1.427517723 1.270138988
0.453680851 1.396286085 1.214552749
0.346363854 1.348998147 1.152186376
0.258042469 1.352705992 1.139234697
0.182221136 1.442428821 1.202765060
0.095619146 1.519822805 1.259792683
0.000000000 1.582344964 1.309029598
1.619093864 0.000000000 1.520430342
1.585777329 0.099768653 1.492088327
1.535030231 0.193919415 1.452946250
1.468351377 0.280103006 1.403737779
1.387737129 0.356310334 1.345441422
1.295652405 0.420982986 1.279312610
1.211130358 0.479520431 1.223226363
1.247202124 0.586888771 1.294391838
1.268113414 0.697151249 1.358928087
1.272549535 0.807584492 1.415331080
1.259888598 0.915362647 1.462409507
1.230146945 1.017666057 1.499240777
1.183925971 1.111780489 1.525141751
1.122356513 1.195188293 1.539649953
1.047038209 1.265651777 1.542512268
0.959972347 1.321288582 1.533679238
0.863487597 1.360638734 1.513303990
0.760158547 1.382723264 1.481745606
0.652717244 1.387094750 1.439577507
0.543957901 1.373880830 1.387602284
0.436634455 1.343822675 1.326875393
0.333349739 1.298311513 1.258741336
0.248346900 1.301880041 1.244591877
0.175374443 1.388231665 1.313997570
0.092026396 1.462717684 1.376299146
0.000000000 1.522890664 1.430089523
1.534893725 0.000000000 1.634495804
1.503309799 0.094580236 1.604027520
1.455201778 0.183834736 1.561948933
1.391990523 0.265536394 1.509048752
1.315568577 0.337780600 1.446378896
1.228272672 0.399089983 1.375288980
1.148146150 0.454583219 1.314995039
1.182342023 0.556367924 1.391499479
1.202165832 0.660896259 1.460877355
1.206371254 0.765586478 1.521511804
1.194368743 0.867759686 1.572122141
1.166173790 0.964742860 1.611716560
1.122356513 1.053962920 1.639560672
1.063988943 1.133033144 1.655157306
0.992587528 1.199832211 1.658234357
0.910049481 1.252575653 1.648738656
0.818582372 1.289879420 1.626834821
0.720626895 1.310815455 1.592908869
0.618773021 1.314959605 1.547577242
0.515669652 1.302432868 1.491702743
0.413927506 1.273937872 1.426420010
0.316014058 1.230793494 1.353174411
0.235431748 1.234176442 1.337963434
0.166254186 1.316037396 1.412576068
0.087240611 1.386649807 1.479551622
0.000000000 1.443693522 1.537377452
1.431891166 0.000000000 1.730859089
1.402426752 0.088233212 1.698594518
1.357547129 0.171498085 1.654035146
1.298577811 0.247716966 1.598016184
1.227284335 0.315113059 1.531651566
1.145846621 0.372308136 1.456370475
1.071097173 0.424077371 1.392521847
1.102998253 0.519031580 1.473536680
1.121491740 0.616545302 1.547004796
1.125414948 0.714210044 1.611214007
1.114217893 0.809526685 1.664808126
1.087915027 0.900001581 1.706736872
1.047038209 0.983234324 1.736222561
0.992587528 1.056998360 1.752738710
0.925977669 1.119314723 1.755997171
0.848978527 1.168518695 1.745941642
0.763649527 1.203319107 1.722746445
0.672267576 1.222850182 1.686820356
0.577248841 1.226716229 1.638816158
0.481064459 1.215030128 1.579647524
0.386149953 1.188447353 1.510515984
0.294807211 1.148198278 1.432952121
0.219632561 1.151354205 1.416844365
0.155097318 1.227721692 1.495855860
0.081386130 1.293595496 1.566780022
0.000000000 1.346811162 1.628015030
1.312823078 0.000000000 1.806945949
1.285808759 0.080896230 1.773263059
1.244661076 0.157237260 1.726744902
1.190595318 0.227118204 1.668263401
1.125230210 0.288910013 1.598981460
1.050564402 0.341349067 1.520391086
0.982030702 0.388813460 1.453735735
1.011279066 0.475871807 1.538311901
1.028234738 0.565276831 1.615009603
1.031831713 0.654820317 1.682041388
1.021565743 0.742210958 1.737991451
0.997450076 0.825162466 1.781763344
0.959972347 0.901474038 1.812545194
0.910049481 0.969104267 1.829787377
0.848978527 1.026238749 1.833189076
0.778382204 1.071351193 1.822691517
0.700148688 1.103257797 1.798476681
0.616365552 1.121164776 1.760971317
0.529248044 1.124709345 1.710856902
0.441061820 1.113994994 1.649087273
0.354039875 1.089622695 1.576916778
0.270292686 1.052720508 1.495943284
0.201369141 1.055614007 1.479127447
0.142200290 1.125631199 1.561612210
0.074618513 1.186027304 1.635654129
0.000000000 1.234817852 1.699580967
1.180874062 0.000000000 1.860759777
1.156574895 0.072765525 1.826073755
1.119562877 0.141433682 1.778170210
1.070931151 0.204291043 1.717947035
1.012135749 0.259872291 1.646601763
0.944974441 0.307040808 1.565670838
0.883328915 0.349734658 1.497030381
0.909637589 0.428042958 1.584125364
0.924889083 0.508462076 1.663107250
0.928124534 0.589005740 1.732135352
0.918890374 0.667612936 1.789751700
0.897198521 0.742227167 1.834827192
0.863487597 0.810868827 1.866525777
0.818582372 0.871701688 1.884281460
0.763649527 0.923093706 1.887784468
0.700148688 0.963671996 1.876974274
0.629778254 0.992371736 1.852038281
0.554415980 1.008478924 1.813415944
0.476054465 1.011667235 1.761809040
0.396731648 1.002029761 1.698199809
0.318456091 0.980107069 1.623879959
0.243126151 0.946913841 1.540494940
0.181129963 0.949516520 1.523178300
0.127908045 1.012496435 1.608119595
0.067118767 1.066822259 1.684366604
0.000000000 1.110708974 1.750197289
1.039565031 0.000000000 1.890961772
1.018173618 0.064058054 1.855712762
0.985590635 0.124509052 1.807031694
0.942778414 0.179844601 1.745831036
0.891018751 0.228774731 1.673327759
0.831894285 0.270298839 1.591083244
0.777625557 0.307883738 1.521328684
0.800786010 0.376821293 1.609837306
0.814212437 0.447617075 1.690101147
0.817060719 0.518522499 1.760249644
0.808931563 0.587723183 1.818801163
0.789835460 0.653408718 1.864608276
0.760158547 0.713836390 1.896821361
0.720626895 0.767389700 1.914865236
0.672267576 0.812631904 1.918425101
0.616365552 0.848354402 1.907439447
0.554415980 0.873619794 1.882098717
0.488071915 0.887799518 1.842849502
0.419087514 0.890606301 1.790404965
0.349256844 0.882122093 1.725763293
0.280348114 0.862822775 1.650237157
0.214032515 0.833601608 1.565498716
0.159455087 0.835892838 1.547901010
0.112601958 0.891336276 1.634220987
0.059087015 0.939161211 1.711705561
0.000000000 0.977796233 1.778604744
0.892632235 0.000000000 1.896940058
0.874264298 0.055004047 1.861579607
0.846286615 0.106910862 1.812744634
0.809525501 0.154425248 1.751350490
0.765081582 0.196439562 1.678617993
0.714313807 0.232094625 1.596113462
0.667715456 0.264367251 1.526138372
0.687602395 0.323561127 1.614926815
0.699131122 0.384350587 1.695444410
0.701576826 0.445234193 1.765814682
0.694596650 0.504654006 1.824551312
0.678199603 0.561055506 1.870503244
0.652717244 0.612942291 1.902818171
0.618773021 0.658926342 1.920919092
0.577248841 0.697773983 1.924490212
0.529248044 0.728447440 1.913469826
0.476054465 0.750141805 1.888048982
0.419087514 0.762317358 1.848675680
0.359853412 0.764727428 1.796065340
0.299892655 0.757442383 1.731219303
0.240723530 0.740870844 1.655454391
0.183781020 0.715779815 1.570448049
0.136917601 0.717747201 1.552794707
0.096686724 0.765354227 1.639387585
0.050735618 0.806419556 1.717117127
0.000000000 0.839593878 1.784227812
0.743896935 0.000000000 1.878869184
0.728589565 0.045838970 1.843845588
0.705273677 0.089096785 1.795475834
0.674637903 0.128694063 1.734666550
0.637599474 0.163707720 1.662626927
0.595290906 0.193421740 1.580908361
0.556457029 0.220316923 1.511599877
0.573030296 0.269647590 1.599542492
0.582638044 0.320307975 1.679293050
0.584676231 0.371046819 1.748992952
0.578859130 0.420565776 1.807170037
0.565194250 0.467569347 1.852684216
0.543957901 0.510810470 1.884691300
0.515669652 0.549132405 1.902619786
0.481064459 0.581507038 1.906156886
0.441061820 0.607069515 1.895241484
0.396731648 0.625149045 1.870062808
0.349256844 0.635295840 1.831064589
0.299892655 0.637304331 1.778955432
0.249922889 0.631233161 1.714727139
0.200612849 0.617422863 1.639683989
0.153158414 0.596512639 1.555487445
0.114103636 0.598152209 1.538002275
0.080576249 0.637826690 1.623770241
0.042281770 0.672049487 1.700759306
0.000000000 0.699696121 1.767230672
0.597125315 0.000000000 1.837762750
0.584838104 0.036794895 1.803505411
0.566122465 0.071517899 1.756193904
0.541531160 0.103302594 1.696715023
0.511800451 0.131408021 1.626251503
0.477839406 0.155259435 1.546320799
0.446667492 0.176848171 1.478528666
0.459970837 0.216445846 1.564547247
0.467682966 0.257110886 1.642553000
0.469319017 0.297838905 1.710727987
0.464649636 0.337587722 1.767632258
0.453680851 0.375317440 1.812150665
0.436634455 0.410027046 1.843457489
0.413927506 0.440788024 1.860993730
0.386149953 0.466775109 1.864453445
0.354039875 0.487294083 1.853776853
0.318456091 0.501806504 1.829149042
0.280348114 0.509951326 1.791004037
0.240723530 0.511563540 1.740034940
0.200612849 0.506690218 1.677211852
0.161031730 0.495604705 1.603810517
0.122940104 0.478820090 1.521456049
0.091590873 0.480136171 1.504353424
0.064678474 0.511982837 1.588244934
0.033939534 0.539453441 1.663549611
0.000000000 0.561645366 1.728566698
0.455876913 0.000000000 1.775523349
0.446496209 0.028091160 1.742426201
0.432207705 0.054600531 1.696716989
0.413433407 0.078866640 1.639252476
0.390735418 0.100323804 1.571175340
0.364807768 0.118533229 1.493951645
0.341009487 0.135015207 1.428455423
0.351165962 0.165246158 1.511560818
0.357053807 0.196291991 1.586924755
0.358302854 0.227385906 1.652790864
0.354738003 0.257732246 1.707767962
0.346363854 0.286537100 1.750778666
0.333349739 0.313036241 1.781025224
0.316014058 0.336520792 1.797967566
0.294807211 0.356360701 1.801310111
0.270292686 0.372025966 1.790995103
0.243126151 0.383105513 1.767201361
0.214032515 0.389323699 1.730348210
0.183781020 0.390554548 1.681105280
0.153158414 0.386833997 1.620409818
0.122940104 0.378370733 1.549494361
0.093858950 0.365556474 1.469928987
0.069925296 0.366561239 1.453405576
0.049378953 0.390874661 1.534455937
0.025911227 0.411847167 1.607210275
0.000000000 0.428789652 1.670025432
0.339630139 0.000000000 1.780403537
0.332641477 0.020928028 1.747215418
0.321996483 0.040677616 1.701380571
0.308009556 0.058755965 1.643758111
0.291099462 0.074741638 1.575493859
0.271783258 0.088307734 1.498057907
0.254053443 0.100586874 1.432381664
0.261620058 0.123109054 1.515715481
0.266006526 0.146238325 1.591286563
0.266937072 0.169403417 1.657333711
0.264281243 0.192011563 1.712461918
0.258042469 0.213471295 1.755590841
0.248346900 0.233213262 1.785920534
0.235431748 0.250709347 1.802909444
0.219632561 0.265490160 1.806261176
0.201369141 0.277160846 1.795917816
0.181129963 0.285415152 1.772058675
0.159455087 0.290047726 1.735104230
0.136917601 0.290964714 1.685725951
0.114103636 0.288192888 1.624863663
0.091590873 0.281887722 1.553753288
0.069925296 0.272341048 1.473969221
0.052094628 0.273089602 1.457400394
0.036787519 0.291203199 1.538673530
0.019303969 0.306827801 1.611627839
0.000000000 0.319450020 1.674615650
0.239835676 0.000000000 1.898494861
0.234900512 0.014778688 1.863105428
0.227383366 0.028725199 1.814230428
0.217506256 0.041491537 1.752785963
0.205564902 0.052780096 1.679993852
0.191924432 0.062360028 1.597421697
0.179404218 0.071031155 1.527389253
0.184747513 0.086935581 1.616250470
0.187845093 0.103268714 1.696834060
0.188502214 0.119627142 1.767262011
0.186626755 0.135592274 1.826046783
0.182221136 0.150746434 1.872036379
0.175374443 0.164687564 1.904377793
0.166254186 0.177042726 1.922493550
0.155097318 0.187480452 1.926067597
0.142200290 0.195721908 1.915038178
0.127908045 0.201550829 1.889596498
0.112601958 0.204822201 1.850190924
0.096686724 0.205469747 1.797537463
0.080576249 0.203512375 1.732638276
0.064678474 0.199059873 1.656811263
0.049378953 0.192318324 1.571735247
0.036787519 0.192846929 1.554067436
0.025978141 0.205638158 1.640731289
0.013631830 0.216671740 1.718524541
0.000000000 0.225585137 1.785690233
0.125851934 0.000000000 2.000359216
0.123262245 0.007755003 1.963070951
0.119317680 0.015073328 1.911573548
0.114134743 0.021772367 1.846832260
0.107868609 0.027695951 1.770134465
0.100710876 0.032722947 1.683131874
0.094140989 0.037273055 1.609341817
0.096944843 0.045618780 1.702970911
0.098570274 0.054189467 1.787878240
0.098915093 0.062773427 1.862085025
0.097930961 0.071151008 1.924023913
0.095619146 0.079103037 1.972481096
0.092026396 0.086418538 2.006557798
0.087240611 0.092901815 2.025645562
0.081386130 0.098378932 2.029411376
0.074618513 0.102703573 2.017790170
0.067118767 0.105762254 1.990983409
0.059087015 0.107478881 1.949463516
0.050735618 0.107818677 1.893984916
0.042281770 0.106791560 1.825603542
0.033939534 0.104455144 1.745708007
0.025911227 0.100917568 1.656067209
0.019303969 0.101194949 1.637451426
0.013631830 0.107907049 1.728765256
0.007153199 0.113696836 1.810732531
0.000000000 0.118374073 1.881502019
0.000000000 0.000000000 2.082649583
0.000000000 0.000000000 2.043827361
0.000000000 0.000000000 1.990211468
0.000000000 0.000000000 1.922806866
0.000000000 0.000000000 1.842953893
0.000000000 0.000000000 1.752372208
0.000000000 0.000000000 1.675546590
0.000000000 0.000000000 1.773027378
0.000000000 0.000000000 1.861427608
0.000000000 0.000000000 1.938687096
0.000000000 0.000000000 2.003174014
0.000000000 0.000000000 2.053624618
0.000000000 0.000000000 2.089103161
0.000000000 0.000000000 2.108976154
0.000000000 0.000000000 2.112896884
0.000000000 0.000000000 2.100797608
0.000000000 0.000000000 2.072888076
0.000000000 0.000000000 2.029660146
0.000000000 0.000000000 1.971899279
0.000000000 0.000000000 1.900704846
0.000000000 0.000000000 1.817522585
0.000000000 0.000000000 1.724194162
0.000000000 0.000000000 1.704812567
0.000000000 0.000000000 1.799882846
0.000000000 0.000000000 1.885222074
0.000000000 0.000000000 1.958902863
