0.000000000 0.000000000 1.360307733
0.000000000 0.000000000 1.399311899
0.000000000 0.000000000 1.473263446
0.000000000 0.000000000 1.537635074
0.000000000 0.000000000 1.552196964
0.000000000 0.000000000 1.450158284
0.000000000 0.000000000 1.193688414
0.000000000 0.000000000 1.320671381
0.000000000 0.000000000 1.523584635
0.000000000 0.000000000 1.553860723
0.000000000 0.000000000 1.508918950
0.000000000 0.000000000 1.435436853
0.000000000 0.000000000 1.371244400
0.000000000 0.000000000 1.371244400
0.000000000 0.000000000 1.435436853
0.000000000 0.000000000 1.508918950
0.000000000 0.000000000 1.553860723
0.000000000 0.000000000 1.523584635
0.000000000 0.000000000 1.320671381
0.000000000 0.000000000 1.193688414
0.000000000 0.000000000 1.450158284
0.000000000 0.000000000 1.552196964
0.000000000 0.000000000 1.537635074
0.000000000 0.000000000 1.473263446
0.000000000 0.000000000 1.399311899
0.000000000 0.000000000 1.360307733
0.000000000 0.002761222 1.311448378
0.000005605 0.002662045 1.349051598
0.000023581 0.002615696 1.420346962
0.000055285 0.002536321 1.482406499
0.000098986 0.002367175 1.496445356
0.000144070 0.002033981 1.398071688
0.000170152 0.001531040 1.150813669
0.000255136 0.001539352 1.273235679
0.000382540 0.001602755 1.468860721
0.000491006 0.001464052 1.498049357
0.000584958 0.001262565 1.454721797
0.000668661 0.001056446 1.383879020
0.000754395 0.000878039 1.321992223
0.000878039 0.000754395 1.321992223
0.001056446 0.000668661 1.383879020
0.001262565 0.000584958 1.454721797
0.001464052 0.000491006 1.498049357
0.001602755 0.000382540 1.468860721
0.001539352 0.000255136 1.273235679
0.001531040 0.000170152 1.150813669
0.002033981 0.000144070 1.398071688
0.002367175 0.000098986 1.496445356
0.002536321 0.000055285 1.482406499
0.002615696 0.000023581 1.420346962
0.002662045 0.000005605 1.349051598
0.002761222 0.000000000 1.311448378
0.000000000 0.011617122 1.288614574
0.000023581 0.011199860 1.325563079
0.000099211 0.011004858 1.395617110
0.000232595 0.010670910 1.456596120
0.000416458 0.009959269 1.470390545
0.000606138 0.008557446 1.373729674
0.000715871 0.006441453 1.130776698
0.001073420 0.006476420 1.251067201
0.001609438 0.006743172 1.443286190
0.002065781 0.006159615 1.471966618
0.002461059 0.005311912 1.429393440
0.002813216 0.004444721 1.359784116
0.003173919 0.003694118 1.298974838
0.003694118 0.003173919 1.298974838
0.004444721 0.002813216 1.359784116
0.005311912 0.002461059 1.429393440
0.006159615 0.002065781 1.471966618
0.006743172 0.001609438 1.443286190
0.006476420 0.001073420 1.251067201
0.006441453 0.000715871 1.130776698
0.008557446 0.000606138 1.373729674
0.009959269 0.000416458 1.470390545
0.010670910 0.000232595 1.456596120
0.011004858 0.000099211 1.395617110
0.011199860 0.000023581 1.325563079
0.011617122 0.000000000 1.288614574
0.000000000 0.027235745 1.249510993
0.000055285 0.026257495 1.285338279
0.000232595 0.025800322 1.353266489
0.000545307 0.025017400 1.412395064
0.000976363 0.023348993 1.425770891
0.001421060 0.020062491 1.332043237
0.001678323 0.015101655 1.096462777
0.002516578 0.015183633 1.213103012
0.003773244 0.015809018 1.399489030
0.004843116 0.014440899 1.427299138
0.005769826 0.012453503 1.386017861
0.006595440 0.010420420 1.318520864
0.007441089 0.008660670 1.259556870
0.008660670 0.007441089 1.259556870
0.010420420 0.006595440 1.318520864
0.012453503 0.005769826 1.386017861
0.014440899 0.004843116 1.427299138
0.015809018 0.003773244 1.399489030
0.015183633 0.002516578 1.213103012
0.015101655 0.001678323 1.096462777
0.020062491 0.001421060 1.332043237
0.023348993 0.000976363 1.425770891
0.025017400 0.000545307 1.412395064
0.025800322 0.000232595 1.353266489
0.026257495 0.000055285 1.285338279
0.027235745 0.000000000 1.249510993
0.000000000 0.048765122 1.166181276
0.000098986 0.047013583 1.199619245
0.000416458 0.046195023 1.263017333
0.000976363 0.044793214 1.318202631
0.001748161 0.041805961 1.330686426
0.002544383 0.035921538 1.243209456
0.003005008 0.027039248 1.023339825
0.004505888 0.027186028 1.132201338
0.006755927 0.028305769 1.306157298
0.008671514 0.025856176 1.332112754
0.010330772 0.022297778 1.293584520
0.011809020 0.018657580 1.230588888
0.013323140 0.015506777 1.175557195
0.015506777 0.013323140 1.175557195
0.018657580 0.011809020 1.230588888
0.022297778 0.010330772 1.293584520
0.025856176 0.008671514 1.332112754
0.028305769 0.006755927 1.306157298
0.027186028 0.004505888 1.132201338
0.027039248 0.003005008 1.023339825
0.035921538 0.002544383 1.243209456
0.041805961 0.001748161 1.330686426
0.044793214 0.000976363 1.318202631
0.046195023 0.000416458 1.263017333
0.047013583 0.000098986 1.199619245
0.048765122 0.000000000 1.166181276
0.000000000 0.070975798 1.002034730
0.000144070 0.068426499 1.030766117
0.000606138 0.067235116 1.085240569
0.001421060 0.065194836 1.132658227
0.002544383 0.060847002 1.143384858
0.003703253 0.052282445 1.068220762
0.004373676 0.039354607 0.879299013
0.006558151 0.039568240 0.972837658
0.009832998 0.041197981 1.122308343
0.012621063 0.037632691 1.144610423
0.015036050 0.032453576 1.111505253
0.017187584 0.027155405 1.057376610
0.019391328 0.022569529 1.010090936
0.022569529 0.019391328 1.010090936
0.027155405 0.017187584 1.057376610
0.032453576 0.015036050 1.111505253
0.037632691 0.012621063 1.144610423
0.041197981 0.009832998 1.122308343
0.039568240 0.006558151 0.972837658
0.039354607 0.004373676 0.879299013
0.052282445 0.003703253 1.068220762
0.060847002 0.002544383 1.143384858
0.065194836 0.001421060 1.132658227
0.067235116 0.000606138 1.085240569
0.068426499 0.000144070 1.030766117
0.070975798 0.000000000 1.002034730
0.000000000 0.083824995 0.754262400
0.000170152 0.080814180 0.775889401
0.000715871 0.079407113 0.816893998
0.001678323 0.076997469 0.852586730
0.003005008 0.071862519 0.860660995
0.004373676 0.061747467 0.804082665
0.005165471 0.046479220 0.661875446
0.007745414 0.046731529 0.732284866
0.011613128 0.048656312 0.844796053
0.014905933 0.044445575 0.861583515
0.017758121 0.038328852 0.836664235
0.020299161 0.032071519 0.795919938
0.022901862 0.026655434 0.760326555
0.026655434 0.022901862 0.760326555
0.032071519 0.020299161 0.795919938
0.038328852 0.017758121 0.836664235
0.044445575 0.014905933 0.861583515
0.048656312 0.011613128 0.844796053
0.046731529 0.007745414 0.732284866
0.046479220 0.005165471 0.661875446
0.061747467 0.004373676 0.804082665
0.071862519 0.003005008 0.860660995
0.076997469 0.001678323 0.852586730
0.079407113 0.000715871 0.816893998
0.080814180 0.000170152 0.775889401
0.083824995 0.000000000 0.754262400
0.000000000 0.125692188 0.758356856
0.000255136 0.121177592 0.780101257
0.001073420 0.119067753 0.821328444
0.002516578 0.115454589 0.857214932
0.004505888 0.107754939 0.865333027
0.006558151 0.092587827 0.808447566
0.007745414 0.069693709 0.665468386
0.011613935 0.070072036 0.736260018
0.017413415 0.072958171 0.849381963
0.022350844 0.066644341 0.866260555
0.026627584 0.057472562 0.841206003
0.030437771 0.048089945 0.800240528
0.034340416 0.039968744 0.764453929
0.039968744 0.034340416 0.764453929
0.048089945 0.030437771 0.800240528
0.057472562 0.026627584 0.841206003
0.066644341 0.022350844 0.866260555
0.072958171 0.017413415 0.849381963
0.070072036 0.011613935 0.736260018
0.069693709 0.007745414 0.665468386
0.092587827 0.006558151 0.808447566
0.107754939 0.004505888 0.865333027
0.115454589 0.002516578 0.857214932
0.119067753 0.001073420 0.821328444
0.121177592 0.000255136 0.780101257
0.125692188 0.000000000 0.758356856
0.000000000 0.188457242 0.789592139
0.000382540 0.181688259 0.812232151
0.001609438 0.178524860 0.855157408
0.003773244 0.173107444 0.892521992
0.006755927 0.161562933 0.900974457
0.009832998 0.138822045 0.841745991
0.011613128 0.104495628 0.692877769
0.017413415 0.105062875 0.766585174
0.026108895 0.109390216 0.884366399
0.033511855 0.099923542 0.901940188
0.039924207 0.086171787 0.875853685
0.045637031 0.072103911 0.833200921
0.051488483 0.059927346 0.795940339
0.059927346 0.051488483 0.795940339
0.072103911 0.045637031 0.833200921
0.086171787 0.039924207 0.875853685
0.099923542 0.033511855 0.901940188
0.109390216 0.026108895 0.884366399
0.105062875 0.017413415 0.766585174
0.104495628 0.011613128 0.692877769
0.138822045 0.009832998 0.841745991
0.161562933 0.006755927 0.900974457
0.173107444 0.003773244 0.892521992
0.178524860 0.001609438 0.855157408
0.181688259 0.000382540 0.812232151
0.188457242 0.000000000 0.789592139
0.000000000 0.241892722 0.721260512
0.000491006 0.233204451 0.741941248
0.002065781 0.229144097 0.781151736
0.004843116 0.222190618 0.815282773
0.008671514 0.207372756 0.823003758
0.012621063 0.178183879 0.768900948
0.014905933 0.134124493 0.632915843
0.022350844 0.134852578 0.700244579
0.033511855 0.140406900 0.807832968
0.043013862 0.128256029 0.823885914
0.051244383 0.110605080 0.800056949
0.058577031 0.092548374 0.761095372
0.066087613 0.076919246 0.727059336
0.076919246 0.066087613 0.727059336
0.092548374 0.058577031 0.761095372
0.110605080 0.051244383 0.800056949
0.128256029 0.043013862 0.823885914
0.140406900 0.033511855 0.807832968
0.134852578 0.022350844 0.700244579
0.134124493 0.014905933 0.632915843
0.178183879 0.012621063 0.768900948
0.207372756 0.008671514 0.823003758
0.222190618 0.004843116 0.815282773
0.229144097 0.002065781 0.781151736
0.233204451 0.000491006 0.741941248
0.241892722 0.000000000 0.721260512
0.000000000 0.288177876 0.621998644
0.000584958 0.277827141 0.639833240
0.002461059 0.272989855 0.673647472
0.005769826 0.264705857 0.703081302
0.010330772 0.247052660 0.709739703
0.015036050 0.212278614 0.663082672
0.017758121 0.159788650 0.545812213
0.026627584 0.160656051 0.603874982
0.039924207 0.167273169 0.696656759
0.051244383 0.152797281 0.710500455
0.061049780 0.131768896 0.689950897
0.069785499 0.110257116 0.656351320
0.078733200 0.091637420 0.626999418
0.091637420 0.078733200 0.626999418
0.110257116 0.069785499 0.656351320
0.131768896 0.061049780 0.689950897
0.152797281 0.051244383 0.710500455
0.167273169 0.039924207 0.696656759
0.160656051 0.026627584 0.603874982
0.159788650 0.017758121 0.545812213
0.212278614 0.015036050 0.663082672
0.247052660 0.010330772 0.709739703
0.264705857 0.005769826 0.703081302
0.272989855 0.002461059 0.673647472
0.277827141 0.000584958 0.639833240
0.288177876 0.000000000 0.621998644
0.000000000 0.329413749 0.520454967
0.000668661 0.317581909 0.535377996
0.002813216 0.312052447 0.563671925
0.006595440 0.302583077 0.588300568
0.011809020 0.282403853 0.593871960
0.017187584 0.242653929 0.554831869
0.020299161 0.182653086 0.456706265
0.030437771 0.183644604 0.505290063
0.045637031 0.191208577 0.582924857
0.058577031 0.174661309 0.594508516
0.069785499 0.150623936 0.577313753
0.079771228 0.126033998 0.549199436
0.089999270 0.104749977 0.524639346
0.104749977 0.089999270 0.524639346
0.126033998 0.079771228 0.549199436
0.150623936 0.069785499 0.577313753
0.174661309 0.058577031 0.594508516
0.191208577 0.045637031 0.582924857
0.183644604 0.030437771 0.505290063
0.182653086 0.020299161 0.456706265
0.242653929 0.017187584 0.554831869
0.282403853 0.011809020 0.593871960
0.302583077 0.006595440 0.588300568
0.312052447 0.002813216 0.563671925
0.317581909 0.000668661 0.535377996
0.329413749 0.000000000 0.520454967
0.000000000 0.371650252 0.432563014
0.000754395 0.358301367 0.444965913
0.003173919 0.352062933 0.468481698
0.007441089 0.341379427 0.488951174
0.013323140 0.318612880 0.493581695
0.019391328 0.273766333 0.461134509
0.022901862 0.206072350 0.379579889
0.034340416 0.207190998 0.419959087
0.051488483 0.215724803 0.484483287
0.066087613 0.197055890 0.494110753
0.078733200 0.169936513 0.479819759
0.089999270 0.142193722 0.456453255
0.101538723 0.118180724 0.436040755
0.118180724 0.101538723 0.436040755
0.142193722 0.089999270 0.456453255
0.169936513 0.078733200 0.479819759
0.197055890 0.066087613 0.494110753
0.215724803 0.051488483 0.484483287
0.207190998 0.034340416 0.419959087
0.206072350 0.022901862 0.379579889
0.273766333 0.019391328 0.461134509
0.318612880 0.013323140 0.493581695
0.341379427 0.007441089 0.488951174
0.352062933 0.003173919 0.468481698
0.358301367 0.000754395 0.444965913
0.371650252 0.000000000 0.432563014
0.000000000 0.432563014 0.371650252
0.000878039 0.417026273 0.382306596
0.003694118 0.409765372 0.402510930
0.008660670 0.397330860 0.420097930
0.015506777 0.370832919 0.424076390
0.022569529 0.318636109 0.396198359
0.026655434 0.239847212 0.326128117
0.039968744 0.241149204 0.360821187
0.059927346 0.251081684 0.416259203
0.076919246 0.229352972 0.424530946
0.091637420 0.197788781 0.412252385
0.104749977 0.165499000 0.392176310
0.118180724 0.137550318 0.374638263
0.137550318 0.118180724 0.374638263
0.165499000 0.104749977 0.392176310
0.197788781 0.091637420 0.412252385
0.229352972 0.076919246 0.424530946
0.251081684 0.059927346 0.416259203
0.241149204 0.039968744 0.360821187
0.239847212 0.026655434 0.326128117
0.318636109 0.022569529 0.396198359
0.370832919 0.015506777 0.424076390
0.397330860 0.008660670 0.420097930
0.409765372 0.003694118 0.402510930
0.417026273 0.000878039 0.382306596
0.432563014 0.000000000 0.371650252
0.000000000 0.520454967 0.329413749
0.001056446 0.501761334 0.338859044
0.004444721 0.493025100 0.356767239
0.010420420 0.478064034 0.372355550
0.018657580 0.446182009 0.375881874
0.027155405 0.383379392 0.351172065
0.032071519 0.288581476 0.289065015
0.048089945 0.290148018 0.319815362
0.072103911 0.302098665 0.368953079
0.092548374 0.275954923 0.376284772
0.110257116 0.237977243 0.365401619
0.126033998 0.199126540 0.347607106
0.142193722 0.165499000 0.332062185
0.165499000 0.142193722 0.332062185
0.199126540 0.126033998 0.347607106
0.237977243 0.110257116 0.365401619
0.275954923 0.092548374 0.376284772
0.302098665 0.072103911 0.368953079
0.290148018 0.048089945 0.319815362
0.288581476 0.032071519 0.289065015
0.383379392 0.027155405 0.351172065
0.446182009 0.018657580 0.375881874
0.478064034 0.010420420 0.372355550
0.493025100 0.004444721 0.356767239
0.501761334 0.001056446 0.338859044
0.520454967 0.000000000 0.329413749
0.000000000 0.621998644 0.288177876
0.001262565 0.599657778 0.296440814
0.005311912 0.589217056 0.312107269
0.012453503 0.571337003 0.325744241
0.022297778 0.533234617 0.328829142
0.032453576 0.458178858 0.307212496
0.038328852 0.344885337 0.252879980
0.057472562 0.346757520 0.279781012
0.086171787 0.361039806 0.322767690
0.110605080 0.329795273 0.329181605
0.131768896 0.284407935 0.319660800
0.150623936 0.237977243 0.304093797
0.169936513 0.197788781 0.290494782
0.197788781 0.169936513 0.290494782
0.237977243 0.150623936 0.304093797
0.284407935 0.131768896 0.319660800
0.329795273 0.110605080 0.329181605
0.361039806 0.086171787 0.322767690
0.346757520 0.057472562 0.279781012
0.344885337 0.038328852 0.252879980
0.458178858 0.032453576 0.307212496
0.533234617 0.022297778 0.328829142
0.571337003 0.012453503 0.325744241
0.589217056 0.005311912 0.312107269
0.599657778 0.001262565 0.296440814
0.621998644 0.000000000 0.288177876
0.000000000 0.721260512 0.241892722
0.001464052 0.695354371 0.248828523
0.006159615 0.683247463 0.261978740
0.014440899 0.662514015 0.273425435
0.025856176 0.618331046 0.276014860
0.037632691 0.531297488 0.257870132
0.044445575 0.399923982 0.212264132
0.066644341 0.402094938 0.234844504
0.099923542 0.418656468 0.270926957
0.128256029 0.382425765 0.276310713
0.152797281 0.329795273 0.268319075
0.174661309 0.275954923 0.255252337
0.197055890 0.229352972 0.243837503
0.229352972 0.197055890 0.243837503
0.275954923 0.174661309 0.255252337
0.329795273 0.152797281 0.268319075
0.382425765 0.128256029 0.276310713
0.418656468 0.099923542 0.270926957
0.402094938 0.066644341 0.234844504
0.399923982 0.044445575 0.212264132
0.531297488 0.037632691 0.257870132
0.618331046 0.025856176 0.276014860
0.662514015 0.014440899 0.273425435
0.683247463 0.006159615 0.261978740
0.695354371 0.001464052 0.248828523
0.721260512 0.000000000 0.241892722
0.000000000 0.789592139 0.188457242
0.001602755 0.761231672 0.193860885
0.006743172 0.747977765 0.204106143
0.015809018 0.725280048 0.213024199
0.028305769 0.676911221 0.215041605
0.041197981 0.581632175 0.200905151
0.048656312 0.437812450 0.165373776
0.072958171 0.440189082 0.182966015
0.109390216 0.458319637 0.211077649
0.140406900 0.418656468 0.215272103
0.167273169 0.361039806 0.209045862
0.191208577 0.302098665 0.198865641
0.215724803 0.251081684 0.189972409
0.251081684 0.215724803 0.189972409
0.302098665 0.191208577 0.198865641
0.361039806 0.167273169 0.209045862
0.418656468 0.140406900 0.215272103
0.458319637 0.109390216 0.211077649
0.440189082 0.072958171 0.182966015
0.437812450 0.048656312 0.165373776
0.581632175 0.041197981 0.200905151
0.676911221 0.028305769 0.215041605
0.725280048 0.015809018 0.213024199
0.747977765 0.006743172 0.204106143
0.761231672 0.001602755 0.193860885
0.789592139 0.000000000 0.188457242
0.000000000 0.758356856 0.125692188
0.001539352 0.731118294 0.129296166
0.006476420 0.718388695 0.136129275
0.015183633 0.696588871 0.142077202
0.027186028 0.650133454 0.143422718
0.039568240 0.558623529 0.133994363
0.046731529 0.420493134 0.110296593
0.070072036 0.422775749 0.122029796
0.105062875 0.440189082 0.140778944
0.134852578 0.402094938 0.143576449
0.160656051 0.346757520 0.139423838
0.183644604 0.290148018 0.132634105
0.207190998 0.241149204 0.126702734
0.241149204 0.207190998 0.126702734
0.290148018 0.183644604 0.132634105
0.346757520 0.160656051 0.139423838
0.402094938 0.134852578 0.143576449
0.440189082 0.105062875 0.140778944
0.422775749 0.070072036 0.122029796
0.420493134 0.046731529 0.110296593
0.558623529 0.039568240 0.133994363
0.650133454 0.027186028 0.143422718
0.696588871 0.015183633 0.142077202
0.718388695 0.006476420 0.136129275
0.731118294 0.001539352 0.129296166
0.758356856 0.000000000 0.125692188
0.000000000 0.754262400 0.083824995
0.001531040 0.727170902 0.086228513
0.006441453 0.714510032 0.090785561
0.015101655 0.692827908 0.094752275
0.027039248 0.646623309 0.095649609
0.039354607 0.555607457 0.089361773
0.046479220 0.418222844 0.073557566
0.069693709 0.420493134 0.081382521
0.104495628 0.437812450 0.093886458
0.134124493 0.399923982 0.095752133
0.159788650 0.344885337 0.092982728
0.182653086 0.288581476 0.088454608
0.206072350 0.239847212 0.084498935
0.239847212 0.206072350 0.084498935
0.288581476 0.182653086 0.088454608
0.344885337 0.159788650 0.092982728
0.399923982 0.134124493 0.095752133
0.437812450 0.104495628 0.093886458
0.420493134 0.069693709 0.081382521
0.418222844 0.046479220 0.073557566
0.555607457 0.039354607 0.089361773
0.646623309 0.027039248 0.095649609
0.692827908 0.015101655 0.094752275
0.714510032 0.006441453 0.090785561
0.727170902 0.001531040 0.086228513
0.754262400 0.000000000 0.083824995
0.000000000 1.002034730 0.070975798
0.002033981 0.966043777 0.073010891
0.008557446 0.949223859 0.076869407
0.020062491 0.920419240 0.080228079
0.035921538 0.859036607 0.080987865
0.052282445 0.738122393 0.075663866
0.061747467 0.555607457 0.062282222
0.092587827 0.558623529 0.068907721
0.138822045 0.581632175 0.079494980
0.178183879 0.531297488 0.081074673
0.212278614 0.458178858 0.078729779
0.242653929 0.383379392 0.074895756
0.273766333 0.318636109 0.071546433
0.318636109 0.273766333 0.071546433
0.383379392 0.242653929 0.074895756
0.458178858 0.212278614 0.078729779
0.531297488 0.178183879 0.081074673
0.581632175 0.138822045 0.079494980
0.558623529 0.092587827 0.068907721
0.555607457 0.061747467 0.062282222
0.738122393 0.052282445 0.075663866
0.859036607 0.035921538 0.080987865
0.920419240 0.020062491 0.080228079
0.949223859 0.008557446 0.076869407
0.966043777 0.002033981 0.073010891
1.002034730 0.000000000 0.070975798
0.000000000 1.166181276 0.048765122
0.002367175 1.124294530 0.050163366
0.009959269 1.104719286 0.052814426
0.023348993 1.071196089 0.055122058
0.041805961 0.999758169 0.055644081
0.060847002 0.859036607 0.051986138
0.071862519 0.646623309 0.042792053
0.107754939 0.650133454 0.047344214
0.161562933 0.676911221 0.054618370
0.207372756 0.618331046 0.055703725
0.247052660 0.533234617 0.054092625
0.282403853 0.446182009 0.051458395
0.318612880 0.370832919 0.049157186
0.370832919 0.318612880 0.049157186
0.446182009 0.282403853 0.051458395
0.533234617 0.247052660 0.054092625
0.618331046 0.207372756 0.055703725
0.676911221 0.161562933 0.054618370
0.650133454 0.107754939 0.047344214
0.646623309 0.071862519 0.042792053
0.859036607 0.060847002 0.051986138
0.999758169 0.041805961 0.055644081
1.071196089 0.023348993 0.055122058
1.104719286 0.009959269 0.052814426
1.124294530 0.002367175 0.050163366
1.166181276 0.000000000 0.048765122
0.000000000 1.249510993 0.027235745
0.002536321 1.204631221 0.028016676
0.010670910 1.183657224 0.029497316
0.025017400 1.147738620 0.030786149
0.044793214 1.071196089 0.031077703
0.065194836 0.920419240 0.029034710
0.076997469 0.692827908 0.023899734
0.115454589 0.696588871 0.026442155
0.173107444 0.725280048 0.030504834
0.222190618 0.662514015 0.031111015
0.264705857 0.571337003 0.030211202
0.302583077 0.478064034 0.028739961
0.341379427 0.397330860 0.027454716
0.397330860 0.341379427 0.027454716
0.478064034 0.302583077 0.028739961
0.571337003 0.264705857 0.030211202
0.662514015 0.222190618 0.031111015
0.725280048 0.173107444 0.030504834
0.696588871 0.115454589 0.026442155
0.692827908 0.076997469 0.023899734
0.920419240 0.065194836 0.029034710
1.071196089 0.044793214 0.031077703
1.147738620 0.025017400 0.030786149
1.183657224 0.010670910 0.029497316
1.204631221 0.002536321 0.028016676
1.249510993 0.000000000 0.027235745
0.000000000 1.288614574 0.011617122
0.002615696 1.242330285 0.011950221
0.011004858 1.220699905 0.012581772
0.025800322 1.183657224 0.013131510
0.046195023 1.104719286 0.013255870
0.067235116 0.949223859 0.012384452
0.079407113 0.714510032 0.010194182
0.119067753 0.718388695 0.011278625
0.178524860 0.747977765 0.013011518
0.229144097 0.683247463 0.013270078
0.272989855 0.589217056 0.012886272
0.312052447 0.493025100 0.012258730
0.352062933 0.409765372 0.011710522
0.409765372 0.352062933 0.011710522
0.493025100 0.312052447 0.012258730
0.589217056 0.272989855 0.012886272
0.683247463 0.229144097 0.013270078
0.747977765 0.178524860 0.013011518
0.718388695 0.119067753 0.011278625
0.714510032 0.079407113 0.010194182
0.949223859 0.067235116 0.012384452
1.104719286 0.046195023 0.013255870
1.183657224 0.025800322 0.013131510
1.220699905 0.011004858 0.012581772
1.242330285 0.002615696 0.011950221
1.288614574 0.000000000 0.011617122
0.000000000 1.311448378 0.002761222
0.002662045 1.264343947 0.002840395
0.011199860 1.242330285 0.002990506
0.026257495 1.204631221 0.003121171
0.047013583 1.124294530 0.003150729
0.068426499 0.966043777 0.002943606
0.080814180 0.727170902 0.002423010
0.121177592 0.731118294 0.002680766
0.181688259 0.761231672 0.003092650
0.233204451 0.695354371 0.003154106
0.277827141 0.599657778 0.003062881
0.317581909 0.501761334 0.002913723
0.358301367 0.417026273 0.002783422
0.417026273 0.358301367 0.002783422
0.501761334 0.317581909 0.002913723
0.599657778 0.277827141 0.003062881
0.695354371 0.233204451 0.003154106
0.761231672 0.181688259 0.003092650
0.731118294 0.121177592 0.002680766
0.727170902 0.080814180 0.002423010
0.966043777 0.068426499 0.002943606
1.124294530 0.047013583 0.003150729
1.204631221 0.026257495 0.003121171
1.242330285 0.011199860 0.002990506
1.264343947 0.002662045 0.002840395
1.311448378 0.000000000 0.002761222
0.000000000 1.360307733 0.000000000
0.002761222 1.311448378 0.000000000
0.011617122 1.288614574 0.000000000
0.027235745 1.249510993 0.000000000
0.048765122 1.166181276 0.000000000
0.070975798 1.002034730 0.000000000
0.083824995 0.754262400 0.000000000
0.125692188 0.758356856 0.000000000
0.188457242 0.789592139 0.000000000
0.241892722 0.721260512 0.000000000
0.288177876 0.621998644 0.000000000
0.329413749 0.520454967 0.000000000
0.371650252 0.432563014 0.000000000
0.432563014 0.371650252 0.000000000
0.520454967 0.329413749 0.000000000
0.621998644 0.288177876 0.000000000
0.721260512 0.241892722 0.000000000
0.789592139 0.188457242 0.000000000
0.758356856 0.125692188 0.000000000
0.754262400 0.083824995 0.000000000
1.002034730 0.070975798 0.000000000
1.166181276 0.048765122 0.000000000
1.249510993 0.027235745 0.000000000
1.288614574 0.011617122 0.000000000
1.311448378 0.002761222 0.000000000
1.360307733 0.000000000 0.000000000
