0.000000000 2.140066163
0.010669812 2.123292671
0.021274117 2.106137574
0.031806120 2.088601876
0.042258936 2.070687877
0.052625620 2.052399176
0.062899196 2.033740664
0.073072693 2.014718525
0.083139177 1.995340237
0.093091786 1.975614580
0.102923770 1.955551634
0.112628523 1.935162799
0.122199625 1.914460794
0.131630887 1.893459678
0.140916387 1.872174858
0.150050522 1.850623106
0.159028050 1.828822571
0.167844140 1.806792798
0.176494424 1.784554734
0.184975051 1.762130748
0.193282737 1.739544632
0.201414826 1.716821612
0.209369346 1.693988342
0.217145066 1.671072898
0.224741559 1.648104768
0.232159260 1.625114817
0.239399521 1.602135258
0.246464677 1.579199600
0.253358094 1.556342579
0.260084224 1.533600077
0.266648651 1.511009021
0.273058136 1.488607256
0.279320648 1.466433400
0.285445390 1.444526672
0.291442817 1.422926696
0.297324634 1.401673275
0.303103788 1.380806146
0.308794441 1.360364700
0.314411926 1.340387684
0.319972685 1.320912878
0.325494187 1.301976749
0.330994832 1.283614103
0.336493821 1.265857706
0.342011023 1.248737923
0.347566814 1.232282340
0.353181894 1.216515414
0.358877104 1.201458131
0.364673213 1.187127694
0.370590710 1.173537248
0.376649581 1.160695647
0.382869093 1.148607278
0.389267574 1.137271932
0.395862209 1.126684748
0.402668839 1.116836214
0.409701788 1.107712243
0.416973702 1.099294305
0.424495413 1.091559634
0.432275836 1.084481484
0.440321886 1.078029445
0.448638426 1.072169798
0.457228249 1.066865915
0.466092080 1.062078673
0.475228609 1.057766904
0.484634551 1.053887834
0.494304721 1.050397533
0.504232131 1.047251350
0.514408105 1.044404334
0.524822398 1.041811625
0.535463335 1.039428827
0.546317946 1.037212333
0.557372107 1.035119628
0.568610682 1.033109548
0.580017660 1.031142506
0.591576291 1.029180671
0.603269217 1.027188127
0.615078589 1.025130982
0.626986184 1.022977459
0.638973512 1.020697948
0.651021911 1.018265040
0.663112638 1.015653535
0.675226950 1.012840425
0.687346173 1.009804871
0.699451772 1.006528160
0.711525406 1.002993644
0.723548980 0.999186687
0.735504694 0.995094586
0.747375078 0.990706499
0.759143036 0.986013369
0.770791873 0.981007839
0.782305329 0.975684174
0.793667603 0.970038181
0.804863384 0.964067130
0.815877872 0.957769676
0.826696802 0.951145783
0.837306473 0.944196661
0.847693765 0.936924687
0.857846172 0.929333353
0.867751824 0.921427194
0.877399518 0.913211743
0.886778747 0.904693469
0.895879735 0.895879735
0.904693469 0.886778747
0.913211743 0.877399518
0.921427194 0.867751824
0.929333353 0.857846172
0.936924687 0.847693765
0.944196661 0.837306473
0.951145783 0.826696802
0.957769676 0.815877872
0.964067130 0.804863384
0.970038181 0.793667603
0.975684174 0.782305329
0.981007839 0.770791873
0.986013369 0.759143036
0.990706499 0.747375078
0.995094586 0.735504694
0.999186687 0.723548980
1.002993644 0.711525406
1.006528160 0.699451772
1.009804871 0.687346173
1.012840425 0.675226950
1.015653535 0.663112638
1.018265040 0.651021911
1.020697948 0.638973512
1.022977459 0.626986184
1.025130982 0.615078589
1.027188127 0.603269217
1.029180671 0.591576291
1.031142506 0.580017660
1.033109548 0.568610682
1.035119628 0.557372107
1.037212333 0.546317946
1.039428827 0.535463335
1.041811625 0.524822398
1.044404334 0.514408105
1.047251350 0.504232131
1.050397533 0.494304721
1.053887834 0.484634551
1.057766904 0.475228609
1.062078673 0.466092080
1.066865915 0.457228249
1.072169798 0.448638426
1.078029445 0.440321886
1.084481484 0.432275836
1.091559634 0.424495413
1.099294305 0.416973702
1.107712243 0.409701788
1.116836214 0.402668839
1.126684748 0.395862209
1.137271932 0.389267574
1.148607278 0.382869093
1.160695647 0.376649581
1.173537248 0.370590710
1.187127694 0.364673213
1.201458131 0.358877104
1.216515414 0.353181894
1.232282340 0.347566814
1.248737923 0.342011023
1.265857706 0.336493821
1.283614103 0.330994832
1.301976749 0.325494187
1.320912878 0.319972685
1.340387684 0.314411926
1.360364700 0.308794441
1.380806146 0.303103788
1.401673275 0.297324634
1.422926696 0.291442817
1.444526672 0.285445390
1.466433400 0.279320648
1.488607256 0.273058136
1.511009021 0.266648651
1.533600077 0.260084224
1.556342579 0.253358094
1.579199600 0.246464677
1.602135258 0.239399521
1.625114817 0.232159260
1.648104768 0.224741559
1.671072898 0.217145066
1.693988342 0.209369346
1.716821612 0.201414826
1.739544632 0.193282737
1.762130748 0.184975051
1.784554734 0.176494424
1.806792798 0.167844140
1.828822571 0.159028050
1.850623106 0.150050522
1.872174858 0.140916387
1.893459678 0.131630887
1.914460794 0.122199625
1.935162799 0.112628523
1.955551634 0.102923770
1.975614580 0.093091786
1.995340237 0.083139177
2.014718525 0.073072693
2.033740664 0.062899196
2.052399176 0.052625620
2.070687877 0.042258936
2.088601876 0.031806120
2.106137574 0.021274117
2.123292671 0.010669812
2.140066163 0.000000000
