0.824175443 0.000000000 0.000000000
0.867890456 0.054603039 0.000000000
0.886892009 0.112040516 0.000000000
0.886210788 0.169053749 0.000000000
0.869129939 0.223154640 0.000000000
0.834551232 0.271162133 0.000000000
0.778808669 0.308352166 0.000000000
0.703236921 0.330918176 0.000000000
0.624252845 0.343185906 0.000000000
0.567944560 0.360428578 0.000000000
0.549114551 0.398955074 0.000000000
0.560481634 0.463670732 0.000000000
0.578588722 0.543330975 0.000000000
0.581664650 0.619409940 0.000000000
0.563560757 0.681227932 0.000000000
0.528881145 0.727942447 0.000000000
0.482992289 0.761074066 0.000000000
0.428554084 0.779536985 0.000000000
0.366324062 0.778478258 0.000000000
0.297984064 0.752621833 0.000000000
0.229778320 0.707184954 0.000000000
0.171000982 0.666004855 0.000000000
0.125463734 0.657703928 0.000000000
0.087601178 0.693434729 0.000000000
0.047742361 0.758843093 0.000000000
0.000000000 0.824175443 0.000000000
0.867890456 0.000000000 0.054603039
0.912963607 0.057438802 0.057552368
0.932438284 0.117794349 0.059130304
0.931549922 0.177702651 0.059664984
0.913694761 0.234596941 0.059349372
0.877735301 0.285193487 0.058064293
0.819859390 0.324605296 0.055476968
0.741367175 0.348860912 0.051548933
0.659156604 0.362374409 0.047324321
0.600309688 0.380968112 0.044731772
0.580315258 0.421623715 0.045129264
0.591596003 0.489410776 0.048305550
0.609718048 0.572563358 0.052622578
0.612152485 0.651876186 0.056261095
0.592633455 0.716370787 0.058493777
0.555968946 0.765225605 0.059509151
0.507711512 0.800025329 0.059613482
0.450606731 0.819650600 0.058847029
0.385430303 0.819081086 0.056952557
0.313898356 0.792816746 0.053647089
0.242436628 0.746143220 0.049359162
0.180676022 0.703686645 0.045708219
0.132624116 0.695239964 0.044529531
0.092530713 0.732456014 0.046448487
0.050351668 0.800316851 0.050451222
0.000000000 0.867890456 0.054603039
0.886892009 0.000000000 0.112040516
0.932438284 0.058664044 0.118027249
0.952054064 0.120272398 0.121228320
0.951055139 0.181423471 0.122312699
0.932879253 0.239522682 0.121672625
0.896374286 0.291249661 0.119065907
0.837671211 0.331657494 0.113814971
0.758044048 0.356708453 0.105835953
0.674552881 0.370838584 0.097244319
0.614660693 0.390075538 0.091966286
0.594138919 0.431667192 0.092775802
0.605293684 0.500742484 0.099240832
0.623303422 0.585320873 0.108017727
0.625360011 0.665940773 0.115406728
0.605170729 0.731525748 0.119937190
0.567626028 0.781270202 0.121996670
0.518347019 0.816784206 0.122208253
0.460109824 0.836936663 0.120653752
0.393695603 0.836645743 0.116810098
0.320829229 0.810322133 0.110099032
0.247997463 0.763257709 0.101383956
0.184957627 0.720362397 0.093954693
0.135800386 0.711890554 0.091554371
0.094708995 0.749698890 0.095461739
0.051495423 0.818496318 0.103604571
0.000000000 0.886892009 0.112040516
0.886210788 0.000000000 0.169053749
0.931549922 0.058608153 0.178054000
0.951055139 0.120146205 0.182865419
0.950026499 0.181227247 0.184495164
0.931888063 0.239268187 0.183533188
0.895492066 0.290963010 0.179615243
0.836981476 0.331384409 0.171721654
0.757611307 0.356504820 0.159723436
0.674358978 0.370731986 0.146798898
0.614594815 0.390033730 0.138856276
0.594058627 0.431608856 0.140074615
0.605079165 0.500565018 0.149802777
0.622903936 0.584945731 0.163004657
0.624814330 0.665359682 0.174114691
0.604559209 0.730786547 0.180924846
0.567017437 0.780432549 0.184020202
0.517787998 0.815903329 0.184338193
0.459634980 0.836072926 0.182001854
0.393335121 0.835879681 0.176224370
0.320602391 0.809749207 0.166134469
0.247891932 0.762932919 0.153026908
0.184925138 0.720235860 0.141848778
0.135787769 0.711824415 0.138236314
0.094687486 0.749528631 0.144116636
0.051469757 0.818088357 0.156367255
0.000000000 0.886210788 0.169053749
0.869129939 0.000000000 0.223154640
0.913694761 0.057484802 0.235060780
0.932879253 0.117850056 0.241426401
0.931888063 0.177767155 0.243582707
0.914085647 0.234697304 0.242309915
0.878344352 0.285391380 0.237126285
0.820876262 0.325007904 0.226683729
0.742922612 0.349592845 0.210813885
0.661173818 0.363483382 0.193722799
0.602514086 0.382367066 0.183221849
0.582391173 0.423131955 0.184832505
0.593272008 0.490797289 0.197694670
0.610852221 0.573628417 0.215153557
0.612809431 0.652575762 0.229849367
0.592991746 0.716803887 0.238858915
0.556188535 0.765527844 0.242954282
0.507901169 0.800324180 0.243375017
0.450846186 0.820086167 0.240283846
0.385787560 0.819840297 0.232640271
0.314411762 0.794113462 0.219293223
0.243064916 0.748076892 0.201958029
0.181297497 0.706107133 0.187178040
0.133117548 0.697826625 0.182402270
0.092832838 0.734847577 0.190176387
0.050469695 0.802192832 0.206375346
0.000000000 0.869129939 0.223154640
0.834551232 0.000000000 0.271162133
0.877735301 0.055222424 0.285757364
0.896374286 0.113238406 0.293564505
0.895492066 0.170824248 0.296209698
0.878344352 0.225520499 0.294648298
0.843840483 0.274180393 0.288290326
0.788322856 0.312119099 0.275487310
0.713024798 0.335524002 0.256044291
0.634131321 0.348616644 0.235125169
0.577619310 0.366568361 0.222283173
0.558365528 0.405676302 0.224252344
0.569098794 0.470799467 0.239984723
0.586368727 0.550636886 0.261359325
0.588577401 0.626771272 0.279367758
0.569733613 0.688689633 0.290415289
0.534453744 0.735612471 0.295438764
0.488060808 0.769060774 0.295954908
0.433185835 0.787962109 0.292163023
0.370571174 0.787503831 0.282789407
0.301858146 0.762406647 0.266430632
0.233201176 0.717719419 0.245202227
0.173835355 0.677044005 0.227120335
0.127612979 0.668970662 0.221281244
0.089022929 0.704689042 0.230787175
0.048430134 0.769774932 0.250609558
0.000000000 0.834551232 0.271162133
0.778808669 0.000000000 0.308352166
0.819859390 0.051581181 0.325247097
0.837671211 0.105822483 0.334293499
0.836981476 0.159662756 0.337359982
0.820876262 0.210765201 0.335549818
0.788322856 0.256141623 0.328181442
0.735869853 0.291351486 0.313356479
0.664749766 0.312807496 0.290876638
0.590370993 0.324559200 0.266738138
0.537281724 0.340969350 0.251945810
0.519443946 0.377398118 0.254212716
0.530001196 0.438455121 0.272340962
0.546858427 0.513534245 0.297017677
0.549549109 0.585210362 0.317847935
0.532319477 0.643463712 0.330643644
0.499509660 0.687516065 0.336466191
0.456164329 0.718799965 0.337064581
0.404782070 0.736295852 0.332669095
0.346072748 0.735442026 0.321809672
0.281610750 0.711267562 0.302880051
0.217256294 0.668646120 0.278359616
0.161750183 0.629975370 0.257515208
0.118692898 0.622209961 0.250792577
0.082854968 0.655864604 0.261739057
0.045135025 0.717400673 0.284600614
0.000000000 0.778808669 0.308352166
0.703236921 0.000000000 0.330918176
0.741367175 0.046642869 0.349550670
0.758044048 0.095763233 0.359543561
0.757611307 0.144522086 0.362933368
0.742922612 0.190750106 0.360932193
0.713024798 0.231675801 0.352790813
0.664749766 0.263193051 0.336433004
0.599331144 0.282023829 0.311688105
0.531114676 0.291982764 0.285201062
0.482689564 0.306324112 0.269014515
0.466763622 0.339123622 0.271492799
0.477048793 0.394649083 0.291341031
0.493308233 0.463247265 0.318440637
0.496626220 0.528853209 0.341385652
0.481572734 0.582121437 0.355510509
0.452108382 0.622273803 0.361945209
0.412896663 0.650621033 0.362606767
0.366255173 0.666215687 0.357748392
0.312849848 0.664839769 0.345756515
0.254164396 0.641945986 0.324891903
0.195656966 0.602170222 0.297942123
0.145390896 0.566260153 0.275104723
0.106621161 0.558927698 0.267754071
0.074504328 0.589762482 0.279726889
0.040670546 0.646439823 0.304792930
0.000000000 0.703236921 0.330918176
0.624252845 0.000000000 0.343185906
0.659156604 0.041470618 0.363090886
0.674552881 0.085215846 0.373785998
0.674358978 0.128640855 0.377417080
0.661173818 0.169760583 0.375273282
0.634131321 0.206041756 0.366557232
0.590370993 0.233744412 0.349072282
0.531114676 0.249923596 0.322694556
0.469528580 0.258125521 0.294560714
0.426071569 0.270393240 0.277421628
0.412110330 0.299415681 0.280043031
0.421971162 0.349084904 0.301072839
0.437422332 0.410766911 0.329883829
0.441247132 0.469880470 0.354362266
0.428386925 0.517830838 0.369467903
0.402393927 0.553847726 0.376358428
0.367514290 0.579109855 0.377067165
0.325866628 0.592749196 0.371863681
0.278067875 0.590924314 0.359033685
0.225498968 0.569545379 0.336758593
0.173172026 0.532968692 0.308080553
0.128410797 0.500127036 0.283865315
0.094103574 0.493308211 0.276088775
0.065831531 0.521110225 0.288759727
0.036019057 0.572506510 0.315360409
0.000000000 0.624252845 0.343185906
0.567944560 0.000000000 0.360428578
0.600309688 0.037768284 0.381721352
0.614660693 0.077649703 0.393175847
0.614594815 0.117240231 0.397066876
0.602514086 0.154699324 0.394769475
0.577619310 0.187679891 0.385432784
0.537281724 0.212724883 0.366721847
0.482689564 0.227136468 0.338544378
0.426071569 0.234234827 0.308560058
0.386269262 0.245133928 0.290330238
0.373667066 0.271485015 0.293116625
0.383052148 0.316888296 0.315493974
0.397690603 0.373456334 0.346218097
0.401676518 0.427742047 0.372380027
0.390267213 0.471752021 0.388550020
0.366713055 0.504737219 0.395932325
0.334938019 0.527777866 0.396691864
0.296905148 0.540068460 0.391116346
0.253191128 0.538058536 0.377378560
0.205090307 0.517998985 0.353560406
0.157259848 0.483996046 0.322960019
0.116456951 0.453569877 0.297180674
0.085306325 0.447191414 0.288913758
0.059719436 0.472728012 0.302386729
0.032722188 0.520104280 0.330720815
0.000000000 0.567944560 0.360428578
0.549114551 0.000000000 0.398955074
0.580315258 0.036510341 0.422457338
0.594138919 0.075057200 0.435098070
0.594058627 0.113322744 0.439391691
0.582391173 0.149532638 0.436856609
0.558365528 0.181423958 0.426553307
0.519443946 0.205662407 0.405901981
0.466763622 0.219642288 0.374793858
0.412110330 0.226559571 0.341679103
0.373667066 0.237136331 0.321539779
0.361467840 0.262621758 0.324618345
0.370480172 0.306487852 0.349338059
0.384546561 0.361113257 0.383266742
0.388324565 0.413523661 0.412147402
0.377249904 0.456016798 0.429993385
0.354462521 0.487875805 0.438139771
0.323747207 0.510143968 0.438977886
0.286996592 0.522044862 0.432825405
0.244765908 0.520154032 0.417664375
0.198300845 0.500850762 0.391372964
0.152089569 0.468083562 0.357584023
0.112651240 0.438747612 0.329108343
0.082524122 0.432606598 0.319974723
0.057765438 0.457260522 0.334859684
0.031644457 0.502974244 0.366154701
0.000000000 0.549114551 0.398955074
0.560481634 0.000000000 0.463670732
0.591596003 0.037220066 0.490378426
0.605293684 0.076466375 0.504722371
0.605079165 0.115425024 0.509591281
0.593272008 0.152326362 0.506716726
0.569098794 0.184911407 0.495027855
0.530001196 0.209842318 0.471570455
0.477048793 0.224482122 0.436159686
0.421971162 0.231980609 0.398359287
0.383052148 0.243092285 0.375314243
0.370480172 0.269169600 0.378839820
0.379180233 0.313685170 0.407111977
0.392838452 0.368899861 0.445813741
0.396086469 0.421789249 0.478668628
0.384433405 0.464700160 0.498931600
0.361061297 0.496958242 0.508171787
0.329760081 0.519618742 0.509122102
0.292418929 0.531908057 0.502144539
0.249586200 0.530397673 0.484935893
0.202488038 0.511426404 0.455043468
0.155589037 0.478853816 0.416528694
0.115429907 0.449569805 0.383979923
0.084604534 0.443512499 0.373521541
0.059170689 0.468384232 0.390560824
0.032357141 0.514302025 0.426308860
0.000000000 0.560481634 0.463670732
0.578588722 0.000000000 0.543330975
0.609718048 0.038360208 0.573695415
0.623303422 0.078741534 0.589972986
0.622903936 0.118825281 0.595493559
0.610852221 0.156840193 0.592234554
0.586368727 0.190522749 0.578973885
0.546858427 0.216516568 0.552320103
0.493308233 0.232133234 0.511973270
0.437422332 0.240474962 0.468747894
0.397690603 0.252382131 0.442311954
0.384546561 0.279389431 0.446360533
0.392838452 0.324984231 0.478771604
0.405980287 0.381240865 0.522986657
0.408507838 0.435016663 0.560391520
0.396007467 0.478690796 0.583404092
0.371728658 0.511640605 0.593884321
0.339483700 0.534940714 0.594961687
0.301165361 0.547817757 0.587049178
0.257315773 0.546823852 0.567513731
0.209141330 0.528230703 0.533506337
0.161094628 0.495798283 0.489545648
0.119771135 0.466477772 0.452260377
0.087848394 0.460517408 0.440252717
0.061369054 0.485786080 0.459809226
0.033481007 0.532165363 0.500724605
0.000000000 0.578588722 0.543330975
0.581664650 0.000000000 0.619409940
0.612152485 0.038513370 0.653165058
0.625360011 0.079001341 0.671233650
0.624814330 0.119189708 0.677357546
0.612809431 0.157342719 0.673742626
0.588577401 0.191240390 0.659026316
0.549549109 0.217581884 0.629409724
0.496626220 0.233694560 0.584479883
0.441247132 0.242577664 0.536205510
0.401676518 0.254911670 0.506606537
0.388324565 0.282134311 0.511143355
0.396086469 0.327671224 0.547413368
0.408507838 0.383614394 0.596756358
0.410373775 0.437003684 0.638383656
0.397424345 0.480403508 0.663944171
0.372893873 0.513244384 0.675572653
0.340532456 0.536593289 0.676767637
0.302196308 0.549693044 0.667989473
0.258411665 0.549152740 0.646298396
0.210344557 0.531269706 0.608473954
0.162345038 0.499646650 0.559451128
0.120913438 0.470926748 0.517752189
0.088737747 0.465179559 0.504298428
0.061931958 0.490241926 0.526203902
0.033723498 0.536019649 0.571931526
0.000000000 0.581664650 0.619409940
0.563560757 0.000000000 0.681227932
0.592633455 0.037285337 0.717787176
0.605170729 0.076450842 0.737339893
0.604559209 0.115325837 0.743964199
0.592991746 0.152254402 0.740054045
0.569733613 0.185117672 0.724131133
0.532319477 0.210760191 0.692062793
0.481572734 0.226610927 0.643351053
0.428386925 0.235507705 0.590924216
0.390267213 0.247671104 0.558730805
0.377249904 0.274088099 0.563667761
0.384433405 0.318030971 0.603104702
0.396007467 0.371875764 0.656668584
0.397424345 0.423213942 0.701782980
0.384657361 0.464970876 0.729453054
0.360819954 0.496626061 0.742033588
0.329497506 0.519204990 0.743326142
0.292461598 0.531985672 0.733830092
0.250211534 0.531726577 0.710353450
0.203850683 0.514868053 0.669374386
0.157521254 0.484800571 0.616181280
0.117444967 0.457417947 0.570857864
0.086222423 0.451993770 0.556218775
0.060142309 0.476075398 0.580050169
0.032711347 0.519931978 0.629732431
0.000000000 0.563560757 0.681227932
0.528881145 0.000000000 0.727942447
0.555968946 0.034978601 0.766738589
0.567626028 0.071707843 0.787479715
0.567017437 0.108164361 0.794505424
0.556188535 0.142804944 0.790358407
0.534453744 0.173654548 0.773468725
0.499509660 0.197769865 0.739442302
0.452108382 0.212746056 0.687726789
0.402393927 0.221217933 0.632024996
0.366713055 0.232723181 0.597797613
0.354462521 0.257532096 0.603047659
0.361061297 0.298695882 0.644970410
0.371728658 0.349076445 0.701869169
0.372893873 0.397091642 0.749757584
0.360819954 0.436156400 0.779114167
0.338419921 0.465795061 0.792457891
0.309038283 0.486966412 0.793828731
0.274326335 0.498997751 0.783756987
0.234748289 0.498865508 0.758851611
0.191328685 0.483241097 0.715359357
0.147924505 0.455264815 0.658865430
0.110342314 0.429754941 0.610692973
0.081020763 0.424725713 0.595126112
0.056499581 0.447240238 0.620465936
0.030714190 0.488188070 0.673261762
0.000000000 0.528881145 0.727942447
0.482992289 0.000000000 0.761074066
0.507711512 0.031942501 0.801607118
0.518347019 0.065482457 0.823275983
0.517787998 0.098773343 0.830615819
0.507901169 0.130406856 0.826283392
0.488060808 0.158580570 0.808638352
0.456164329 0.180608234 0.773088990
0.412896663 0.194294422 0.719055682
0.367514290 0.202042690 0.660852951
0.334938019 0.212558130 0.625086356
0.323747207 0.235216114 0.630572623
0.329760081 0.272801264 0.674380028
0.339483700 0.318796414 0.733832285
0.340532456 0.362630234 0.783866128
0.329497506 0.398294065 0.814536318
0.309038283 0.425354705 0.828476745
0.282207213 0.444687412 0.829908873
0.250511267 0.455678303 0.819386782
0.214373972 0.455567880 0.793367207
0.174729957 0.441317496 0.747927174
0.135098724 0.415791118 0.688899086
0.100780003 0.392512197 0.638561848
0.074000663 0.387925062 0.622294635
0.051602786 0.408478113 0.648774292
0.028050720 0.445853429 0.703941654
0.000000000 0.482992289 0.761074066
0.428554084 0.000000000 0.779536985
0.450606731 0.028349773 0.821271191
0.460109824 0.058125388 0.843588611
0.459634980 0.087680062 0.851149117
0.450846186 0.115757626 0.846686377
0.433185835 0.140750610 0.828512391
0.404782070 0.160264559 0.791906295
0.366255173 0.172346602 0.736290637
0.325866628 0.179146695 0.676417525
0.296905148 0.188421737 0.639643015
0.286996592 0.208515229 0.645282937
0.292418929 0.241909977 0.690329547
0.301165361 0.282813098 0.751497029
0.302196308 0.321806383 0.803002510
0.292461598 0.353525343 0.834586839
0.274326335 0.377577808 0.848945681
0.250511267 0.394742593 0.850420895
0.222360387 0.404472042 0.839582683
0.190252146 0.404306391 0.812785817
0.155022491 0.391542119 0.766003960
0.119812740 0.368745697 0.705264010
0.089345016 0.347975863 0.653496540
0.065596399 0.343868365 0.636773240
0.045751063 0.362156951 0.663996862
0.024879476 0.395447946 0.720739358
0.000000000 0.428554084 0.779536985
0.366324062 0.000000000 0.778478258
0.385430303 0.024249219 0.820700551
0.393695603 0.049735321 0.843295379
0.393335121 0.075032687 0.850952387
0.385787560 0.099053410 0.846432532
0.370571174 0.120405873 0.828030530
0.346072748 0.137019894 0.790987981
0.312849848 0.147215964 0.734769995
0.278067875 0.152869108 0.674335056
0.253191128 0.160679976 0.637262514
0.244765908 0.177832842 0.642945742
0.249586200 0.206475661 0.688369315
0.257315773 0.241635594 0.750133588
0.258411665 0.275180473 0.802213223
0.250211534 0.302453789 0.834180365
0.234748289 0.323103301 0.848720696
0.214373972 0.337799327 0.850214816
0.190252146 0.346067370 0.839238833
0.162712073 0.345780756 0.812112666
0.132482719 0.334613151 0.764795791
0.102288966 0.314813068 0.703440659
0.076209212 0.296815283 0.651223982
0.055935637 0.293224879 0.634371042
0.039031773 0.308968298 0.661809623
0.021246165 0.337698114 0.719063932
0.000000000 0.366324062 0.778478258
0.297984064 0.000000000 0.752621833
0.313898356 0.019748811 0.794384282
0.320829229 0.040530157 0.816762550
0.320602391 0.061158177 0.824350724
0.314411762 0.080727220 0.819871224
0.301858146 0.098079657 0.801641789
0.281610750 0.111497583 0.764987686
0.254164396 0.119600686 0.709468162
0.225498968 0.123969107 0.649938420
0.205090307 0.130154266 0.613504504
0.198300845 0.144073997 0.619085589
0.202488038 0.167512673 0.663747715
0.209141330 0.196396782 0.724627484
0.210344557 0.223994202 0.776089331
0.203850683 0.246413146 0.807732470
0.191328685 0.263341343 0.822138860
0.174729957 0.275330356 0.823619684
0.155022491 0.281984865 0.812743400
0.132482719 0.281540108 0.785884044
0.107725047 0.272082410 0.739104218
0.083024154 0.255522071 0.678587519
0.061757931 0.240531260 0.627217815
0.045304982 0.237497032 0.610665598
0.031640651 0.250461546 0.637621489
0.017252747 0.274224559 0.693981588
0.000000000 0.297984064 0.752621833
0.229778320 0.000000000 0.707184954
0.242436628 0.015252820 0.747618474
0.247997463 0.031329365 0.769324059
0.247891932 0.047287915 0.776690238
0.243064916 0.062408463 0.772341417
0.233201176 0.075771655 0.754654856
0.217256294 0.086017852 0.719147161
0.195656966 0.092069179 0.665508641
0.173172026 0.095202127 0.608198824
0.157259848 0.099800134 0.573232309
0.152089569 0.110499540 0.578583102
0.155589037 0.128714445 0.621473831
0.161094628 0.151277925 0.680136654
0.162345038 0.172879906 0.729893744
0.157521254 0.190410487 0.760562168
0.147924505 0.203600615 0.774542766
0.135098724 0.212881525 0.775980452
0.119812740 0.217938565 0.765423735
0.102288966 0.217375118 0.739380881
0.083024154 0.209695075 0.694118523
0.063833191 0.196458362 0.635752615
0.047382264 0.184541732 0.586383364
0.034734943 0.182086945 0.570511318
0.024286056 0.192243928 0.596368517
0.013273030 0.210968776 0.650578898
0.000000000 0.229778320 0.707184954
0.171000982 0.000000000 0.666004855
0.180676022 0.011367172 0.705077955
0.184957627 0.023365582 0.726087816
0.184925138 0.035276357 0.733223259
0.181297497 0.046549286 0.729010333
0.173835355 0.056482531 0.711886196
0.161750183 0.064041428 0.677555714
0.145390896 0.068415762 0.625821422
0.128410797 0.070594433 0.570721469
0.116456951 0.073905828 0.537196347
0.112651240 0.081845917 0.542321873
0.115429907 0.095491924 0.583467980
0.119771135 0.112472582 0.639914744
0.120913438 0.128759733 0.687939141
0.117444967 0.141966578 0.717603909
0.110342314 0.151873167 0.731142775
0.100780003 0.158803874 0.732535588
0.089345016 0.162517981 0.722310761
0.076209212 0.161952819 0.697110659
0.061757931 0.155982728 0.653396406
0.047382264 0.145827613 0.597189591
0.035106016 0.136728906 0.549796806
0.025719871 0.134828285 0.534590567
0.018000610 0.142489500 0.559370766
0.009857707 0.156683770 0.611449551
0.000000000 0.171000982 0.666004855
0.125463734 0.000000000 0.657703928
0.132624116 0.008344002 0.696614574
0.135800386 0.017155578 0.717548639
0.135787769 0.025902902 0.724660138
0.133117548 0.034178777 0.720461240
0.127612979 0.041463970 0.703397381
0.118692898 0.046993843 0.669203804
0.106621161 0.050172110 0.617717713
0.094103574 0.051733878 0.562940146
0.085306325 0.054137040 0.529641861
0.082524122 0.059957284 0.534731163
0.084604534 0.069990957 0.575606588
0.087848394 0.082495133 0.631738309
0.088737747 0.094496102 0.679543532
0.086222423 0.104225005 0.709094382
0.081020763 0.111515513 0.722586542
0.074000663 0.116606387 0.723974736
0.065596399 0.119319407 0.713784625
0.055935637 0.118869280 0.688678113
0.045304982 0.114427322 0.645154013
0.034734943 0.106903161 0.589245733
0.025719871 0.100172283 0.542154272
0.018839517 0.098760205 0.527054715
0.013189500 0.104405645 0.551663588
0.007227772 0.114882149 0.603424033
0.000000000 0.125463734 0.657703928
0.087601178 0.000000000 0.693434729
0.092530713 0.005821539 0.733904207
0.094708995 0.011964528 0.755657475
0.094687486 0.018062604 0.763044242
0.092832838 0.023835422 0.758682999
0.089022929 0.028925303 0.740953908
0.082854968 0.032804602 0.705400291
0.074504328 0.035059075 0.651795811
0.065831531 0.036191190 0.594666499
0.059719436 0.037899106 0.559886743
0.057765438 0.041969047 0.565205089
0.059170689 0.048950251 0.607886025
0.061369054 0.057629377 0.666401902
0.061931958 0.065950837 0.716155136
0.060142309 0.072699563 0.746873990
0.056499581 0.077765002 0.760890539
0.051602786 0.081312980 0.762332375
0.045751063 0.083220874 0.751747149
0.039031773 0.082946740 0.725653653
0.031640651 0.079915163 0.680371749
0.024286056 0.074744795 0.622114420
0.018000610 0.070107747 0.572960570
0.013189500 0.069141781 0.557182795
0.009229098 0.073055831 0.582892735
0.005052061 0.080300216 0.636898432
0.000000000 0.087601178 0.693434729
0.047742361 0.000000000 0.758843093
0.050351668 0.003167858 0.801899216
0.051495423 0.006505385 0.825001703
0.051469757 0.009818381 0.832840247
0.050469695 0.012958415 0.828212656
0.048430134 0.015735904 0.809389262
0.045135025 0.017870220 0.771584014
0.040670546 0.019138106 0.714434677
0.036019057 0.019801644 0.653317524
0.032722188 0.020766132 0.615997961
0.031644457 0.022991044 0.621710356
0.032357141 0.026768155 0.667479799
0.033481007 0.031440758 0.730025056
0.033723498 0.035911878 0.783028142
0.032711347 0.039541227 0.815676828
0.030714190 0.042274456 0.830555154
0.028050720 0.044200862 0.832084982
0.024879476 0.045255599 0.820850919
0.021246165 0.045150398 0.793129495
0.017252747 0.043575464 0.744923306
0.013273030 0.040850187 0.682709301
0.009857707 0.038393235 0.630036758
0.007227772 0.037889309 0.613092874
0.005052061 0.039991183 0.640693720
0.002759460 0.043860360 0.698518821
0.000000000 0.047742361 0.758843093
0.000000000 0.000000000 0.824175443
0.000000000 0.000000000 0.869606426
0.000000000 0.000000000 0.893941001
0.000000000 0.000000000 0.902191073
0.000000000 0.000000000 0.897320926
0.000000000 0.000000000 0.877499094
0.000000000 0.000000000 0.837629991
0.000000000 0.000000000 0.777205897
0.000000000 0.000000000 0.712368009
0.000000000 0.000000000 0.672658742
0.000000000 0.000000000 0.678742912
0.000000000 0.000000000 0.727413369
0.000000000 0.000000000 0.793708672
0.000000000 0.000000000 0.849707267
0.000000000 0.000000000 0.884122290
0.000000000 0.000000000 0.899786348
0.000000000 0.000000000 0.901396297
0.000000000 0.000000000 0.889570972
0.000000000 0.000000000 0.860361387
0.000000000 0.000000000 0.809465333
0.000000000 0.000000000 0.743578264
0.000000000 0.000000000 0.687607302
0.000000000 0.000000000 0.669563743
0.000000000 0.000000000 0.698946128
0.000000000 0.000000000 0.760343457
0.000000000 0.000000000 0.824175443
