0.000000000 1.319507911
0.006655768 1.324497852
0.013426372 1.329210833
0.020309296 1.333643773
0.027301918 1.337793965
0.034401514 1.341659049
0.041605268 1.345236994
0.048910272 1.348526080
0.056313537 1.351524883
0.063811991 1.354232255
0.071402490 1.356647314
0.079081818 1.358769426
0.086846693 1.360598195
0.094693769 1.362133452
0.102619642 1.363375239
0.110620849 1.364323804
0.118693877 1.364979590
0.126835163 1.365343224
0.135041094 1.365415508
0.143308016 1.365197416
0.151632231 1.364690081
0.160010003 1.363894791
0.168437559 1.362812981
0.176911092 1.361446229
0.185426761 1.359796246
0.193980697 1.357864877
0.202569002 1.355654089
0.211187753 1.353165970
0.219833002 1.350402724
0.228500779 1.347366665
0.235821128 1.336319725
0.242783025 1.323559074
0.249647065 1.310647090
0.256409791 1.297588942
0.263067799 1.284389841
0.269617735 1.271055038
0.276056303 1.257589823
0.282380262 1.243999531
0.288586434 1.230289534
0.294671706 1.216465248
0.300633032 1.202532130
0.306467439 1.188495677
0.312172026 1.174361433
0.317743976 1.160134981
0.323180551 1.145821952
0.328479102 1.131428019
0.333637076 1.116958905
0.338652012 1.102420379
0.343521556 1.087818260
0.348243460 1.073158418
0.352815592 1.058446777
0.357235940 1.043689316
0.361502620 1.028892073
0.365613882 1.014061145
0.369568119 0.999202693
0.373363877 0.984322948
0.376999858 0.969428206
0.380474937 0.954524841
0.383788167 0.939619305
0.386938792 0.924718131
0.389926261 0.909827942
0.392750235 0.894955454
0.395410606 0.880107479
0.397907511 0.865290936
0.400241343 0.850512854
0.402412776 0.835780381
0.404422777 0.821100789
0.406272626 0.806481481
0.407963941 0.791930004
0.409498698 0.777454049
0.410879252 0.763061468
0.412108369 0.748760277
0.413189250 0.734558666
0.414125557 0.720465011
0.414921451 0.706487877
0.415581619 0.692636032
0.416111310 0.678918452
0.416516370 0.665344331
0.416803282 0.651923082
0.416979203 0.638664348
0.417052002 0.625578004
0.417030305 0.612674152
0.416923530 0.599963129
0.416741931 0.587455492
0.416496632 0.575162016
0.416199670 0.563093672
0.415864023 0.551261612
0.415503639 0.539677140
0.415133459 0.528351674
0.414769429 0.517296703
0.414428507 0.506523731
0.414128654 0.496044212
0.413888808 0.485869471
0.413728850 0.476010612
0.413669540 0.466478417
0.413732444 0.457283228
0.413939828 0.448434814
0.414314533 0.439942236
0.414879822 0.431813692
0.415659207 0.424056363
0.416676250 0.416676250
0.417954340 0.409678016
0.419516460 0.403064834
0.421384933 0.396838238
0.423581172 0.390998005
0.426125419 0.385542046
0.429036504 0.380466334
0.432331616 0.375764862
0.436026092 0.371429634
0.440133254 0.367450698
0.444664263 0.363816216
0.449628035 0.360512569
0.455031183 0.357524501
0.460878018 0.354835289
0.467170585 0.352426933
0.473908741 0.350280374
0.481090266 0.348375710
0.488711010 0.346692426
0.496765052 0.345209612
0.505244881 0.343906179
0.514141586 0.342761057
0.523445048 0.341753378
0.533144127 0.340862638
0.543226844 0.340068837
0.553680556 0.339352599
0.564492111 0.338695266
0.575647991 0.338078979
0.587134444 0.337486728
0.598937594 0.336902397
0.611043536 0.336310784
0.610770339 0.328876337
0.608053639 0.320272527
0.605431509 0.311888959
0.602928427 0.303730862
0.600570011 0.295803140
0.598382940 0.288110304
0.596394854 0.280656402
0.594634227 0.273444937
0.593130203 0.266478787
0.591912405 0.259760120
0.591010708 0.253290303
0.590454989 0.247069818
0.590274840 0.241098174
0.590499265 0.235373833
0.591156351 0.229894137
0.592272942 0.224655254
0.593874300 0.219652138
0.595983779 0.214878505
0.598622524 0.210326833
0.601809195 0.205988382
0.605559732 0.201853244
0.609887171 0.197910406
0.614801511 0.194147846
0.620309647 0.190552637
0.626415357 0.187111081
0.633119352 0.183808844
0.640419380 0.180631107
0.648310381 0.177562716
0.656784681 0.174588333
0.665832221 0.171692585
0.675440809 0.168860202
0.685596382 0.166076142
0.696283282 0.163325708
0.707484519 0.160594645
0.719182030 0.157869226
0.731356926 0.155136318
0.743989715 0.152383436
0.757060506 0.149598783
0.770549193 0.146771275
0.784435611 0.143890556
0.798699675 0.140947001
0.813321492 0.137931715
0.828281460 0.134836517
0.843560335 0.131653925
0.859139300 0.128377137
0.875000000 0.125000000
0.891124582 0.121516988
0.907495709 0.117923171
0.924096575 0.114214183
0.940910906 0.110386196
0.957922960 0.106435884
0.975117517 0.102360402
0.992479866 0.098157349
1.009995795 0.093824746
1.027651570 0.089361006
1.045433915 0.084764912
1.063329997 0.080035591
1.081327402 0.075172493
1.099414115 0.070175369
1.117578502 0.065044251
1.135809287 0.059779436
1.154095533 0.054381465
1.172426624 0.048851109
1.190792246 0.043189356
1.209182370 0.037397393
1.227587236 0.031476596
1.245997334 0.025428517
1.264403394 0.019254874
1.282796368 0.012957539
1.301167420 0.006538530
1.319507911 0.000000000
