0.000000000 0.000000000 3.391164992
0.000000000 0.000000000 3.391164992
0.000000000 0.000000000 3.391164992
0.000000000 0.000000000 3.391164992
0.000000000 0.000000000 3.391164992
0.000000000 0.000000000 3.391164992
0.000000000 0.000000000 3.391164992
0.000000000 0.000000000 3.391164992
0.000000000 0.000000000 3.391164992
0.000000000 0.000000000 3.391164992
0.000000000 0.000000000 3.391164992
0.000000000 0.000000000 3.391164992
0.000000000 0.000000000 3.391164992
0.000000000 0.000000000 3.391164992
0.000000000 0.000000000 3.391164992
0.000000000 0.000000000 3.391164992
0.000000000 0.000000000 3.391164992
0.000000000 0.000000000 3.391164992
0.000000000 0.000000000 3.391164992
0.000000000 0.000000000 3.391164992
0.000000000 0.000000000 3.391164992
0.000000000 0.000000000 3.391164992
0.000000000 0.000000000 3.391164992
0.000000000 0.000000000 3.391164992
0.000000000 0.000000000 3.391164992
0.000000000 0.000000000 3.391164992
0.000000000 0.133173323 3.196159764
0.005326933 0.127846391 3.196159764
0.010653866 0.122519458 3.196159764
0.015980799 0.117192525 3.196159764
0.021307732 0.111865592 3.196159764
0.026634665 0.106538659 3.196159764
0.031961598 0.101211726 3.196159764
0.037288531 0.095884793 3.196159764
0.042615464 0.090557860 3.196159764
0.047942396 0.085230927 3.196159764
0.053269329 0.079903994 3.196159764
0.058596262 0.074577061 3.196159764
0.063923195 0.069250128 3.196159764
0.069250128 0.063923195 3.196159764
0.074577061 0.058596262 3.196159764
0.079903994 0.053269329 3.196159764
0.085230927 0.047942396 3.196159764
0.090557860 0.042615464 3.196159764
0.095884793 0.037288531 3.196159764
0.101211726 0.031961598 3.196159764
0.106538659 0.026634665 3.196159764
0.111865592 0.021307732 3.196159764
0.117192525 0.015980799 3.196159764
0.122519458 0.010653866 3.196159764
0.127846391 0.005326933 3.196159764
0.133173323 0.000000000 3.196159764
0.000000000 0.260931656 3.000714040
0.010437266 0.250494389 3.000714040
0.020874532 0.240057123 3.000714040
0.031311799 0.229619857 3.000714040
0.041749065 0.219182591 3.000714040
0.052186331 0.208745325 3.000714040
0.062623597 0.198308058 3.000714040
0.073060864 0.187870792 3.000714040
0.083498130 0.177433526 3.000714040
0.093935396 0.166996260 3.000714040
0.104372662 0.156558993 3.000714040
0.114809928 0.146121727 3.000714040
0.125247195 0.135684461 3.000714040
0.135684461 0.125247195 3.000714040
0.146121727 0.114809928 3.000714040
0.156558993 0.104372662 3.000714040
0.166996260 0.093935396 3.000714040
0.177433526 0.083498130 3.000714040
0.187870792 0.073060864 3.000714040
0.198308058 0.062623597 3.000714040
0.208745325 0.052186331 3.000714040
0.219182591 0.041749065 3.000714040
0.229619857 0.031311799 3.000714040
0.240057123 0.020874532 3.000714040
0.250494389 0.010437266 3.000714040
0.260931656 0.000000000 3.000714040
0.000000000 0.382555520 2.805407144
0.015302221 0.367253299 2.805407144
0.030604442 0.351951078 2.805407144
0.045906662 0.336648857 2.805407144
0.061208883 0.321346636 2.805407144
0.076511104 0.306044416 2.805407144
0.091813325 0.290742195 2.805407144
0.107115545 0.275439974 2.805407144
0.122417766 0.260137753 2.805407144
0.137719987 0.244835533 2.805407144
0.153022208 0.229533312 2.805407144
0.168324429 0.214231091 2.805407144
0.183626649 0.198928870 2.805407144
0.198928870 0.183626649 2.805407144
0.214231091 0.168324429 2.805407144
0.229533312 0.153022208 2.805407144
0.244835533 0.137719987 2.805407144
0.260137753 0.122417766 2.805407144
0.275439974 0.107115545 2.805407144
0.290742195 0.091813325 2.805407144
0.306044416 0.076511104 2.805407144
0.321346636 0.061208883 2.805407144
0.336648857 0.045906662 2.805407144
0.351951078 0.030604442 2.805407144
0.367253299 0.015302221 2.805407144
0.382555520 0.000000000 2.805407144
0.000000000 0.497320223 2.610931170
0.019892809 0.477427414 2.610931170
0.039785618 0.457534605 2.610931170
0.059678427 0.437641796 2.610931170
0.079571236 0.417748987 2.610931170
0.099464045 0.397856178 2.610931170
0.119356853 0.377963369 2.610931170
0.139249662 0.358070560 2.610931170
0.159142471 0.338177752 2.610931170
0.179035280 0.318284943 2.610931170
0.198928089 0.298392134 2.610931170
0.218820898 0.278499325 2.610931170
0.238713707 0.258606516 2.610931170
0.258606516 0.238713707 2.610931170
0.278499325 0.218820898 2.610931170
0.298392134 0.198928089 2.610931170
0.318284943 0.179035280 2.610931170
0.338177752 0.159142471 2.610931170
0.358070560 0.139249662 2.610931170
0.377963369 0.119356853 2.610931170
0.397856178 0.099464045 2.610931170
0.417748987 0.079571236 2.610931170
0.437641796 0.059678427 2.610931170
0.457534605 0.039785618 2.610931170
0.477427414 0.019892809 2.610931170
0.497320223 0.000000000 2.610931170
0.000000000 0.604518585 2.418074338
0.024180743 0.580337841 2.418074338
0.048361487 0.556157098 2.418074338
0.072542230 0.531976354 2.418074338
0.096722974 0.507795611 2.418074338
0.120903717 0.483614868 2.418074338
0.145084460 0.459434124 2.418074338
0.169265204 0.435253381 2.418074338
0.193445947 0.411072638 2.418074338
0.217626690 0.386891894 2.418074338
0.241807434 0.362711151 2.418074338
0.265988177 0.338530407 2.418074338
0.290168921 0.314349664 2.418074338
0.314349664 0.290168921 2.418074338
0.338530407 0.265988177 2.418074338
0.362711151 0.241807434 2.418074338
0.386891894 0.217626690 2.418074338
0.411072638 0.193445947 2.418074338
0.435253381 0.169265204 2.418074338
0.459434124 0.145084460 2.418074338
0.483614868 0.120903717 2.418074338
0.507795611 0.096722974 2.418074338
0.531976354 0.072542230 2.418074338
0.556157098 0.048361487 2.418074338
0.580337841 0.024180743 2.418074338
0.604518585 0.000000000 2.418074338
0.000000000 0.703485587 2.227704360
0.028139423 0.675346164 2.227704360
0.056278847 0.647206740 2.227704360
0.084418270 0.619067317 2.227704360
0.112557694 0.590927893 2.227704360
0.140697117 0.562788470 2.227704360
0.168836541 0.534649046 2.227704360
0.196975964 0.506509623 2.227704360
0.225115388 0.478370199 2.227704360
0.253254811 0.450230776 2.227704360
0.281394235 0.422091352 2.227704360
0.309533658 0.393951929 2.227704360
0.337673082 0.365812505 2.227704360
0.365812505 0.337673082 2.227704360
0.393951929 0.309533658 2.227704360
0.422091352 0.281394235 2.227704360
0.450230776 0.253254811 2.227704360
0.478370199 0.225115388 2.227704360
0.506509623 0.196975964 2.227704360
0.534649046 0.168836541 2.227704360
0.562788470 0.140697117 2.227704360
0.590927893 0.112557694 2.227704360
0.619067317 0.084418270 2.227704360
0.647206740 0.056278847 2.227704360
0.675346164 0.028139423 2.227704360
0.703485587 0.000000000 2.227704360
0.000000000 0.793625707 2.040751819
0.031745028 0.761880679 2.040751819
0.063490057 0.730135651 2.040751819
0.095235085 0.698390622 2.040751819
0.126980113 0.666645594 2.040751819
0.158725141 0.634900566 2.040751819
0.190470170 0.603155537 2.040751819
0.222215198 0.571410509 2.040751819
0.253960226 0.539665481 2.040751819
0.285705255 0.507920453 2.040751819
0.317450283 0.476175424 2.040751819
0.349195311 0.444430396 2.040751819
0.380940339 0.412685368 2.040751819
0.412685368 0.380940339 2.040751819
0.444430396 0.349195311 2.040751819
0.476175424 0.317450283 2.040751819
0.507920453 0.285705255 2.040751819
0.539665481 0.253960226 2.040751819
0.571410509 0.222215198 2.040751819
0.603155537 0.190470170 2.040751819
0.634900566 0.158725141 2.040751819
0.666645594 0.126980113 2.040751819
0.698390622 0.095235085 2.040751819
0.730135651 0.063490057 2.040751819
0.761880679 0.031745028 2.040751819
0.793625707 0.000000000 2.040751819
0.000000000 0.874443969 1.858193434
0.034977759 0.839466210 1.858193434
0.069955518 0.804488452 1.858193434
0.104933276 0.769510693 1.858193434
0.139911035 0.734532934 1.858193434
0.174888794 0.699555175 1.858193434
0.209866553 0.664577417 1.858193434
0.244844311 0.629599658 1.858193434
0.279822070 0.594621899 1.858193434
0.314799829 0.559644140 1.858193434
0.349777588 0.524666382 1.858193434
0.384755346 0.489688623 1.858193434
0.419733105 0.454710864 1.858193434
0.454710864 0.419733105 1.858193434
0.489688623 0.384755346 1.858193434
0.524666382 0.349777588 1.858193434
0.559644140 0.314799829 1.858193434
0.594621899 0.279822070 1.858193434
0.629599658 0.244844311 1.858193434
0.664577417 0.209866553 1.858193434
0.699555175 0.174888794 1.858193434
0.734532934 0.139911035 1.858193434
0.769510693 0.104933276 1.858193434
0.804488452 0.069955518 1.858193434
0.839466210 0.034977759 1.858193434
0.874443969 0.000000000 1.858193434
0.000000000 0.945582141 1.681034917
0.037823286 0.907758855 1.681034917
0.075646571 0.869935569 1.681034917
0.113469857 0.832112284 1.681034917
0.151293143 0.794288998 1.681034917
0.189116428 0.756465713 1.681034917
0.226939714 0.718642427 1.681034917
0.264762999 0.680819141 1.681034917
0.302586285 0.642995856 1.681034917
0.340409571 0.605172570 1.681034917
0.378232856 0.567349284 1.681034917
0.416056142 0.529525999 1.681034917
0.453879428 0.491702713 1.681034917
0.491702713 0.453879428 1.681034917
0.529525999 0.416056142 1.681034917
0.567349284 0.378232856 1.681034917
0.605172570 0.340409571 1.681034917
0.642995856 0.302586285 1.681034917
0.680819141 0.264762999 1.681034917
0.718642427 0.226939714 1.681034917
0.756465713 0.189116428 1.681034917
0.794288998 0.151293143 1.681034917
0.832112284 0.113469857 1.681034917
0.869935569 0.075646571 1.681034917
0.907758855 0.037823286 1.681034917
0.945582141 0.000000000 1.681034917
0.000000000 1.006861895 1.510292843
0.040274476 0.966587420 1.510292843
0.080548952 0.926312944 1.510292843
0.120823427 0.886038468 1.510292843
0.161097903 0.845763992 1.510292843
0.201372379 0.805489516 1.510292843
0.241646855 0.765215041 1.510292843
0.281921331 0.724940565 1.510292843
0.322195807 0.684666089 1.510292843
0.362470282 0.644391613 1.510292843
0.402744758 0.604117137 1.510292843
0.443019234 0.563842661 1.510292843
0.483293710 0.523568186 1.510292843
0.523568186 0.483293710 1.510292843
0.563842661 0.443019234 1.510292843
0.604117137 0.402744758 1.510292843
0.644391613 0.362470282 1.510292843
0.684666089 0.322195807 1.510292843
0.724940565 0.281921331 1.510292843
0.765215041 0.241646855 1.510292843
0.805489516 0.201372379 1.510292843
0.845763992 0.161097903 1.510292843
0.886038468 0.120823427 1.510292843
0.926312944 0.080548952 1.510292843
0.966587420 0.040274476 1.510292843
1.006861895 0.000000000 1.510292843
0.000000000 1.058337229 1.346974655
0.042333489 1.016003740 1.346974655
0.084666978 0.973670251 1.346974655
0.127000467 0.931336761 1.346974655
0.169333957 0.889003272 1.346974655
0.211667446 0.846669783 1.346974655
0.254000935 0.804336294 1.346974655
0.296334424 0.762002805 1.346974655
0.338667913 0.719669316 1.346974655
0.381001402 0.677335826 1.346974655
0.423334892 0.635002337 1.346974655
0.465668381 0.592668848 1.346974655
0.508001870 0.550335359 1.346974655
0.550335359 0.508001870 1.346974655
0.592668848 0.465668381 1.346974655
0.635002337 0.423334892 1.346974655
0.677335826 0.381001402 1.346974655
0.719669316 0.338667913 1.346974655
0.762002805 0.296334424 1.346974655
0.804336294 0.254000935 1.346974655
0.846669783 0.211667446 1.346974655
0.889003272 0.169333957 1.346974655
0.931336761 0.127000467 1.346974655
0.973670251 0.084666978 1.346974655
1.016003740 0.042333489 1.346974655
1.058337229 0.000000000 1.346974655
0.000000000 1.100358734 1.192055295
0.044014349 1.056344384 1.192055295
0.088028699 1.012330035 1.192055295
0.132043048 0.968315686 1.192055295
0.176057397 0.924301336 1.192055295
0.220071747 0.880286987 1.192055295
0.264086096 0.836272638 1.192055295
0.308100445 0.792258288 1.192055295
0.352114795 0.748243939 1.192055295
0.396129144 0.704229590 1.192055295
0.440143493 0.660215240 1.192055295
0.484157843 0.616200891 1.192055295
0.528172192 0.572186542 1.192055295
0.572186542 0.528172192 1.192055295
0.616200891 0.484157843 1.192055295
0.660215240 0.440143493 1.192055295
0.704229590 0.396129144 1.192055295
0.748243939 0.352114795 1.192055295
0.792258288 0.308100445 1.192055295
0.836272638 0.264086096 1.192055295
0.880286987 0.220071747 1.192055295
0.924301336 0.176057397 1.192055295
0.968315686 0.132043048 1.192055295
1.012330035 0.088028699 1.192055295
1.056344384 0.044014349 1.192055295
1.100358734 0.000000000 1.192055295
0.000000000 1.133652228 1.046448210
0.045346089 1.088306139 1.046448210
0.090692178 1.042960050 1.046448210
0.136038267 0.997613961 1.046448210
0.181384356 0.952267872 1.046448210
0.226730446 0.906921782 1.046448210
0.272076535 0.861575693 1.046448210
0.317422624 0.816229604 1.046448210
0.362768713 0.770883515 1.046448210
0.408114802 0.725537426 1.046448210
0.453460891 0.680191337 1.046448210
0.498806980 0.634845248 1.046448210
0.544153069 0.589499159 1.046448210
0.589499159 0.544153069 1.046448210
0.634845248 0.498806980 1.046448210
0.680191337 0.453460891 1.046448210
0.725537426 0.408114802 1.046448210
0.770883515 0.362768713 1.046448210
0.816229604 0.317422624 1.046448210
0.861575693 0.272076535 1.046448210
0.906921782 0.226730446 1.046448210
0.952267872 0.181384356 1.046448210
0.997613961 0.136038267 1.046448210
1.042960050 0.090692178 1.046448210
1.088306139 0.045346089 1.046448210
1.133652228 0.000000000 1.046448210
0.000000000 1.159412989 0.910967348
0.046376520 1.113036469 0.910967348
0.092753039 1.066659950 0.910967348
0.139129559 1.020283430 0.910967348
0.185506078 0.973906911 0.910967348
0.231882598 0.927530391 0.910967348
0.278259117 0.881153872 0.910967348
0.324635637 0.834777352 0.910967348
0.371012156 0.788400832 0.910967348
0.417388676 0.742024313 0.910967348
0.463765196 0.695647793 0.910967348
0.510141715 0.649271274 0.910967348
0.556518235 0.602894754 0.910967348
0.602894754 0.556518235 0.910967348
0.649271274 0.510141715 0.910967348
0.695647793 0.463765196 0.910967348
0.742024313 0.417388676 0.910967348
0.788400832 0.371012156 0.910967348
0.834777352 0.324635637 0.910967348
0.881153872 0.278259117 0.910967348
0.927530391 0.231882598 0.910967348
0.973906911 0.185506078 0.910967348
1.020283430 0.139129559 0.910967348
1.066659950 0.092753039 0.910967348
1.113036469 0.046376520 0.910967348
1.159412989 0.000000000 0.910967348
0.000000000 1.179413213 0.786275476
0.047176529 1.132236685 0.786275476
0.094353057 1.085060156 0.786275476
0.141529586 1.037883628 0.786275476
0.188706114 0.990707099 0.786275476
0.235882643 0.943530571 0.786275476
0.283059171 0.896354042 0.786275476
0.330235700 0.849177514 0.786275476
0.377412228 0.802000985 0.786275476
0.424588757 0.754824457 0.786275476
0.471765285 0.707647928 0.786275476
0.518941814 0.660471400 0.786275476
0.566118342 0.613294871 0.786275476
0.613294871 0.566118342 0.786275476
0.660471400 0.518941814 0.786275476
0.707647928 0.471765285 0.786275476
0.754824457 0.424588757 0.786275476
0.802000985 0.377412228 0.786275476
0.849177514 0.330235700 0.786275476
0.896354042 0.283059171 0.786275476
0.943530571 0.235882643 0.786275476
0.990707099 0.188706114 0.786275476
1.037883628 0.141529586 0.786275476
1.085060156 0.094353057 0.786275476
1.132236685 0.047176529 0.786275476
1.179413213 0.000000000 0.786275476
0.000000000 1.196112373 0.672813210
0.047844495 1.148267878 0.672813210
0.095688990 1.100423383 0.672813210
0.143533485 1.052578888 0.672813210
0.191377980 1.004734393 0.672813210
0.239222475 0.956889898 0.672813210
0.287066970 0.909045403 0.672813210
0.334911464 0.861200909 0.672813210
0.382755959 0.813356414 0.672813210
0.430600454 0.765511919 0.672813210
0.478444949 0.717667424 0.672813210
0.526289444 0.669822929 0.672813210
0.574133939 0.621978434 0.672813210
0.621978434 0.574133939 0.672813210
0.669822929 0.526289444 0.672813210
0.717667424 0.478444949 0.672813210
0.765511919 0.430600454 0.672813210
0.813356414 0.382755959 0.672813210
0.861200909 0.334911464 0.672813210
0.909045403 0.287066970 0.672813210
0.956889898 0.239222475 0.672813210
1.004734393 0.191377980 0.672813210
1.052578888 0.143533485 0.672813210
1.100423383 0.095688990 0.672813210
1.148267878 0.047844495 0.672813210
1.196112373 0.000000000 0.672813210
0.000000000 1.212745794 0.570703903
0.048509832 1.164235962 0.570703903
0.097019663 1.115726130 0.570703903
0.145529495 1.067216298 0.570703903
0.194039327 1.018706467 0.570703903
0.242549159 0.970196635 0.570703903
0.291058990 0.921686803 0.570703903
0.339568822 0.873176971 0.570703903
0.388078654 0.824667140 0.570703903
0.436588486 0.776157308 0.570703903
0.485098317 0.727647476 0.570703903
0.533608149 0.679137644 0.570703903
0.582117981 0.630627813 0.570703903
0.630627813 0.582117981 0.570703903
0.679137644 0.533608149 0.570703903
0.727647476 0.485098317 0.570703903
0.776157308 0.436588486 0.570703903
0.824667140 0.388078654 0.570703903
0.873176971 0.339568822 0.570703903
0.921686803 0.291058990 0.570703903
0.970196635 0.242549159 0.570703903
1.018706467 0.194039327 0.570703903
1.067216298 0.145529495 0.570703903
1.115726130 0.097019663 0.570703903
1.164235962 0.048509832 0.570703903
1.212745794 0.000000000 0.570703903
0.000000000 1.233346348 0.479634691
0.049333854 1.184012494 0.479634691
0.098667708 1.134678640 0.479634691
0.148001562 1.085344787 0.479634691
0.197335416 1.036010933 0.479634691
0.246669270 0.986677079 0.479634691
0.296003124 0.937343225 0.479634691
0.345336978 0.888009371 0.479634691
0.394670831 0.838675517 0.479634691
0.444004685 0.789341663 0.479634691
0.493338539 0.740007809 0.479634691
0.542672393 0.690673955 0.479634691
0.592006247 0.641340101 0.479634691
0.641340101 0.592006247 0.479634691
0.690673955 0.542672393 0.479634691
0.740007809 0.493338539 0.479634691
0.789341663 0.444004685 0.479634691
0.838675517 0.394670831 0.479634691
0.888009371 0.345336978 0.479634691
0.937343225 0.296003124 0.479634691
0.986677079 0.246669270 0.479634691
1.036010933 0.197335416 0.479634691
1.085344787 0.148001562 0.479634691
1.134678640 0.098667708 0.479634691
1.184012494 0.049333854 0.479634691
1.233346348 0.000000000 0.479634691
0.000000000 1.262635531 0.398727010
0.050505421 1.212130109 0.398727010
0.101010842 1.161624688 0.398727010
0.151516264 1.111119267 0.398727010
0.202021685 1.060613846 0.398727010
0.252527106 1.010108425 0.398727010
0.303032527 0.959603003 0.398727010
0.353537949 0.909097582 0.398727010
0.404043370 0.858592161 0.398727010
0.454548791 0.808086740 0.398727010
0.505054212 0.757581318 0.398727010
0.555559633 0.707075897 0.398727010
0.606065055 0.656570476 0.398727010
0.656570476 0.606065055 0.398727010
0.707075897 0.555559633 0.398727010
0.757581318 0.505054212 0.398727010
0.808086740 0.454548791 0.398727010
0.858592161 0.404043370 0.398727010
0.909097582 0.353537949 0.398727010
0.959603003 0.303032527 0.398727010
1.010108425 0.252527106 0.398727010
1.060613846 0.202021685 0.398727010
1.111119267 0.151516264 0.398727010
1.161624688 0.101010842 0.398727010
1.212130109 0.050505421 0.398727010
1.262635531 0.000000000 0.398727010
0.000000000 1.305724509 0.326431127
0.052228980 1.253495529 0.326431127
0.104457961 1.201266549 0.326431127
0.156686941 1.149037568 0.326431127
0.208915922 1.096808588 0.326431127
0.261144902 1.044579608 0.326431127
0.313373882 0.992350627 0.326431127
0.365602863 0.940121647 0.326431127
0.417831843 0.887892666 0.326431127
0.470060823 0.835663686 0.326431127
0.522289804 0.783434706 0.326431127
0.574518784 0.731205725 0.326431127
0.626747765 0.678976745 0.326431127
0.678976745 0.626747765 0.326431127
0.731205725 0.574518784 0.326431127
0.783434706 0.522289804 0.326431127
0.835663686 0.470060823 0.326431127
0.887892666 0.417831843 0.326431127
0.940121647 0.365602863 0.326431127
0.992350627 0.313373882 0.326431127
1.044579608 0.261144902 0.326431127
1.096808588 0.208915922 0.326431127
1.149037568 0.156686941 0.326431127
1.201266549 0.104457961 0.326431127
1.253495529 0.052228980 0.326431127
1.305724509 0.000000000 0.326431127
0.000000000 1.367620425 0.260499129
0.054704817 1.312915608 0.260499129
0.109409634 1.258210791 0.260499129
0.164114451 1.203505974 0.260499129
0.218819268 1.148801157 0.260499129
0.273524085 1.094096340 0.260499129
0.328228902 1.039391523 0.260499129
0.382933719 0.984686706 0.260499129
0.437638536 0.929981889 0.260499129
0.492343353 0.875277072 0.260499129
0.547048170 0.820572255 0.260499129
0.601752987 0.765867438 0.260499129
0.656457804 0.711162621 0.260499129
0.711162621 0.656457804 0.260499129
0.765867438 0.601752987 0.260499129
0.820572255 0.547048170 0.260499129
0.875277072 0.492343353 0.260499129
0.929981889 0.437638536 0.260499129
0.984686706 0.382933719 0.260499129
1.039391523 0.328228902 0.260499129
1.094096340 0.273524085 0.260499129
1.148801157 0.218819268 0.260499129
1.203505974 0.164114451 0.260499129
1.258210791 0.109409634 0.260499129
1.312915608 0.054704817 0.260499129
1.367620425 0.000000000 0.260499129
0.000000000 1.452638275 0.198087037
0.058105531 1.394532744 0.198087037
0.116211062 1.336427213 0.198087037
0.174316593 1.278321682 0.198087037
0.232422124 1.220216151 0.198087037
0.290527655 1.162110620 0.198087037
0.348633186 1.104005089 0.198087037
0.406738717 1.045899558 0.198087037
0.464844248 0.987794027 0.198087037
0.522949779 0.929688496 0.198087037
0.581055310 0.871582965 0.198087037
0.639160841 0.813477434 0.198087037
0.697266372 0.755371903 0.198087037
0.755371903 0.697266372 0.198087037
0.813477434 0.639160841 0.198087037
0.871582965 0.581055310 0.198087037
0.929688496 0.522949779 0.198087037
0.987794027 0.464844248 0.198087037
1.045899558 0.406738717 0.198087037
1.104005089 0.348633186 0.198087037
1.162110620 0.290527655 0.198087037
1.220216151 0.232422124 0.198087037
1.278321682 0.174316593 0.198087037
1.336427213 0.116211062 0.198087037
1.394532744 0.058105531 0.198087037
1.452638275 0.000000000 0.198087037
0.000000000 1.563909988 0.135992173
0.062556400 1.501353588 0.135992173
0.125112799 1.438797189 0.135992173
0.187669199 1.376240789 0.135992173
0.250225598 1.313684390 0.135992173
0.312781998 1.251127990 0.135992173
0.375338397 1.188571591 0.135992173
0.437894797 1.126015191 0.135992173
0.500451196 1.063458792 0.135992173
0.563007596 1.000902392 0.135992173
0.625563995 0.938345993 0.135992173
0.688120395 0.875789593 0.135992173
0.750676794 0.813233194 0.135992173
0.813233194 0.750676794 0.135992173
0.875789593 0.688120395 0.135992173
0.938345993 0.625563995 0.135992173
1.000902392 0.563007596 0.135992173
1.063458792 0.500451196 0.135992173
1.126015191 0.437894797 0.135992173
1.188571591 0.375338397 0.135992173
1.251127990 0.312781998 0.135992173
1.313684390 0.250225598 0.135992173
1.376240789 0.187669199 0.135992173
1.438797189 0.125112799 0.135992173
1.501353588 0.062556400 0.135992173
1.563909988 0.000000000 0.135992173
0.000000000 1.703165865 0.070965244
0.068126635 1.635039231 0.070965244
0.136253269 1.566912596 0.070965244
0.204379904 1.498785962 0.070965244
0.272506538 1.430659327 0.070965244
0.340633173 1.362532692 0.070965244
0.408759808 1.294406058 0.070965244
0.476886442 1.226279423 0.070965244
0.545013077 1.158152788 0.070965244
0.613139712 1.090026154 0.070965244
0.681266346 1.021899519 0.070965244
0.749392981 0.953772885 0.070965244
0.817519615 0.885646250 0.070965244
0.885646250 0.817519615 0.070965244
0.953772885 0.749392981 0.070965244
1.021899519 0.681266346 0.070965244
1.090026154 0.613139712 0.070965244
1.158152788 0.545013077 0.070965244
1.226279423 0.476886442 0.070965244
1.294406058 0.408759808 0.070965244
1.362532692 0.340633173 0.070965244
1.430659327 0.272506538 0.070965244
1.498785962 0.204379904 0.070965244
1.566912596 0.136253269 0.070965244
1.635039231 0.068126635 0.070965244
1.703165865 0.000000000 0.070965244
0.000000000 1.870828693 0.000000000
0.074833148 1.795995546 0.000000000
0.149666295 1.721162398 0.000000000
0.224499443 1.646329250 0.000000000
0.299332591 1.571496102 0.000000000
0.374165739 1.496662955 0.000000000
0.448998886 1.421829807 0.000000000
0.523832034 1.346996659 0.000000000
0.598665182 1.272163512 0.000000000
0.673498330 1.197330364 0.000000000
0.748331477 1.122497216 0.000000000
0.823164625 1.047664068 0.000000000
0.897997773 0.972830921 0.000000000
0.972830921 0.897997773 0.000000000
1.047664068 0.823164625 0.000000000
1.122497216 0.748331477 0.000000000
1.197330364 0.673498330 0.000000000
1.272163512 0.598665182 0.000000000
1.346996659 0.523832034 0.000000000
1.421829807 0.448998886 0.000000000
1.496662955 0.374165739 0.000000000
1.571496102 0.299332591 0.000000000
1.646329250 0.224499443 0.000000000
1.721162398 0.149666295 0.000000000
1.795995546 0.074833148 0.000000000
1.870828693 0.000000000 0.000000000
