0.000000000 0.000000000 1.928284686
0.000000000 0.000000000 1.928284686
0.000000000 0.000000000 1.928284686
0.000000000 0.000000000 1.928284686
0.000000000 0.000000000 1.928284686
0.000000000 0.000000000 1.928284686
0.000000000 0.000000000 1.928284686
0.000000000 0.000000000 1.928284686
0.000000000 0.000000000 1.928284686
0.000000000 0.000000000 1.928284686
0.000000000 0.000000000 1.928284686
0.000000000 0.000000000 1.928284686
0.000000000 0.000000000 1.928284686
0.000000000 0.000000000 1.928284686
0.000000000 0.000000000 1.928284686
0.000000000 0.000000000 1.928284686
0.000000000 0.000000000 1.928284686
0.000000000 0.000000000 1.928284686
0.000000000 0.000000000 1.928284686
0.000000000 0.000000000 1.928284686
0.000000000 0.000000000 1.928284686
0.000000000 0.000000000 1.928284686
0.000000000 0.000000000 1.928284686
0.000000000 0.000000000 1.928284686
0.000000000 0.000000000 1.928284686
0.000000000 0.000000000 1.928284686
0.000000000 0.076254412 1.830105880
0.003050176 0.073204235 1.830105880
0.006100353 0.070154059 1.830105880
0.009150529 0.067103882 1.830105880
0.012200706 0.064053706 1.830105880
0.015250882 0.061003529 1.830105880
0.018301059 0.057953353 1.830105880
0.021351235 0.054903176 1.830105880
0.024401412 0.051853000 1.830105880
0.027451588 0.048802823 1.830105880
0.030501765 0.045752647 1.830105880
0.033551941 0.042702471 1.830105880
0.036602118 0.039652294 1.830105880
0.039652294 0.036602118 1.830105880
0.042702471 0.033551941 1.830105880
0.045752647 0.030501765 1.830105880
0.048802823 0.027451588 1.830105880
0.051853000 0.024401412 1.830105880
0.054903176 0.021351235 1.830105880
0.057953353 0.018301059 1.830105880
0.061003529 0.015250882 1.830105880
0.064053706 0.012200706 1.830105880
0.067103882 0.009150529 1.830105880
0.070154059 0.006100353 1.830105880
0.073204235 0.003050176 1.830105880
0.076254412 0.000000000 1.830105880
0.000000000 0.147556349 1.696898016
0.005902254 0.141654095 1.696898016
0.011804508 0.135751841 1.696898016
0.017706762 0.129849587 1.696898016
0.023609016 0.123947333 1.696898016
0.029511270 0.118045079 1.696898016
0.035413524 0.112142825 1.696898016
0.041315778 0.106240571 1.696898016
0.047218032 0.100338317 1.696898016
0.053120286 0.094436063 1.696898016
0.059022540 0.088533810 1.696898016
0.064924794 0.082631556 1.696898016
0.070827048 0.076729302 1.696898016
0.076729302 0.070827048 1.696898016
0.082631556 0.064924794 1.696898016
0.088533810 0.059022540 1.696898016
0.094436063 0.053120286 1.696898016
0.100338317 0.047218032 1.696898016
0.106240571 0.041315778 1.696898016
0.112142825 0.035413524 1.696898016
0.118045079 0.029511270 1.696898016
0.123947333 0.023609016 1.696898016
0.129849587 0.017706762 1.696898016
0.135751841 0.011804508 1.696898016
0.141654095 0.005902254 1.696898016
0.147556349 0.000000000 1.696898016
0.000000000 0.210357691 1.542623065
0.008414308 0.201943383 1.542623065
0.016828615 0.193529075 1.542623065
0.025242923 0.185114768 1.542623065
0.033657231 0.176700460 1.542623065
0.042071538 0.168286153 1.542623065
0.050485846 0.159871845 1.542623065
0.058900153 0.151457537 1.542623065
0.067314461 0.143043230 1.542623065
0.075728769 0.134628922 1.542623065
0.084143076 0.126214614 1.542623065
0.092557384 0.117800307 1.542623065
0.100971692 0.109385999 1.542623065
0.109385999 0.100971692 1.542623065
0.117800307 0.092557384 1.542623065
0.126214614 0.084143076 1.542623065
0.134628922 0.075728769 1.542623065
0.143043230 0.067314461 1.542623065
0.151457537 0.058900153 1.542623065
0.159871845 0.050485846 1.542623065
0.168286153 0.042071538 1.542623065
0.176700460 0.033657231 1.542623065
0.185114768 0.025242923 1.542623065
0.193529075 0.016828615 1.542623065
0.201943383 0.008414308 1.542623065
0.210357691 0.000000000 1.542623065
0.000000000 0.263337862 1.382523777
0.010533514 0.252804348 1.382523777
0.021067029 0.242270833 1.382523777
0.031600543 0.231737319 1.382523777
0.042134058 0.221203804 1.382523777
0.052667572 0.210670290 1.382523777
0.063201087 0.200136775 1.382523777
0.073734601 0.189603261 1.382523777
0.084268116 0.179069746 1.382523777
0.094801630 0.168536232 1.382523777
0.105335145 0.158002717 1.382523777
0.115868659 0.147469203 1.382523777
0.126402174 0.136935688 1.382523777
0.136935688 0.126402174 1.382523777
0.147469203 0.115868659 1.382523777
0.158002717 0.105335145 1.382523777
0.168536232 0.094801630 1.382523777
0.179069746 0.084268116 1.382523777
0.189603261 0.073734601 1.382523777
0.200136775 0.063201087 1.382523777
0.210670290 0.052667572 1.382523777
0.221203804 0.042134058 1.382523777
0.231737319 0.031600543 1.382523777
0.242270833 0.021067029 1.382523777
0.252804348 0.010533514 1.382523777
0.263337862 0.000000000 1.382523777
0.000000000 0.307381556 1.229526222
0.012295262 0.295086293 1.229526222
0.024590524 0.282791031 1.229526222
0.036885787 0.270495769 1.229526222
0.049181049 0.258200507 1.229526222
0.061476311 0.245905244 1.229526222
0.073771573 0.233609982 1.229526222
0.086066836 0.221314720 1.229526222
0.098362098 0.209019458 1.229526222
0.110657360 0.196724196 1.229526222
0.122952622 0.184428933 1.229526222
0.135247884 0.172133671 1.229526222
0.147543147 0.159838409 1.229526222
0.159838409 0.147543147 1.229526222
0.172133671 0.135247884 1.229526222
0.184428933 0.122952622 1.229526222
0.196724196 0.110657360 1.229526222
0.209019458 0.098362098 1.229526222
0.221314720 0.086066836 1.229526222
0.233609982 0.073771573 1.229526222
0.245905244 0.061476311 1.229526222
0.258200507 0.049181049 1.229526222
0.270495769 0.036885787 1.229526222
0.282791031 0.024590524 1.229526222
0.295086293 0.012295262 1.229526222
0.307381556 0.000000000 1.229526222
0.000000000 0.344866201 1.092076303
0.013794648 0.331071553 1.092076303
0.027589296 0.317276905 1.092076303
0.041383944 0.303482257 1.092076303
0.055178592 0.289687609 1.092076303
0.068973240 0.275892961 1.092076303
0.082767888 0.262098313 1.092076303
0.096562536 0.248303665 1.092076303
0.110357184 0.234509017 1.092076303
0.124151832 0.220714369 1.092076303
0.137946480 0.206919721 1.092076303
0.151741128 0.193125073 1.092076303
0.165535776 0.179330425 1.092076303
0.179330425 0.165535776 1.092076303
0.193125073 0.151741128 1.092076303
0.206919721 0.137946480 1.092076303
0.220714369 0.124151832 1.092076303
0.234509017 0.110357184 1.092076303
0.248303665 0.096562536 1.092076303
0.262098313 0.082767888 1.092076303
0.275892961 0.068973240 1.092076303
0.289687609 0.055178592 1.092076303
0.303482257 0.041383944 1.092076303
0.317276905 0.027589296 1.092076303
0.331071553 0.013794648 1.092076303
0.344866201 0.000000000 1.092076303
0.000000000 0.378686674 0.973765734
0.015147467 0.363539207 0.973765734
0.030294934 0.348391740 0.973765734
0.045442401 0.333244273 0.973765734
0.060589868 0.318096807 0.973765734
0.075737335 0.302949340 0.973765734
0.090884802 0.287801873 0.973765734
0.106032269 0.272654406 0.973765734
0.121179736 0.257506939 0.973765734
0.136327203 0.242359472 0.973765734
0.151474670 0.227212005 0.973765734
0.166622137 0.212064538 0.973765734
0.181769604 0.196917071 0.973765734
0.196917071 0.181769604 0.973765734
0.212064538 0.166622137 0.973765734
0.227212005 0.151474670 0.973765734
0.242359472 0.136327203 0.973765734
0.257506939 0.121179736 0.973765734
0.272654406 0.106032269 0.973765734
0.287801873 0.090884802 0.973765734
0.302949340 0.075737335 0.973765734
0.318096807 0.060589868 0.973765734
0.333244273 0.045442401 0.973765734
0.348391740 0.030294934 0.973765734
0.363539207 0.015147467 0.973765734
0.378686674 0.000000000 0.973765734
0.000000000 0.411453370 0.874338412
0.016458135 0.394995235 0.874338412
0.032916270 0.378537101 0.874338412
0.049374404 0.362078966 0.874338412
0.065832539 0.345620831 0.874338412
0.082290674 0.329162696 0.874338412
0.098748809 0.312704561 0.874338412
0.115206944 0.296246427 0.874338412
0.131665078 0.279788292 0.874338412
0.148123213 0.263330157 0.874338412
0.164581348 0.246872022 0.874338412
0.181039483 0.230413887 0.874338412
0.197497618 0.213955753 0.874338412
0.213955753 0.197497618 0.874338412
0.230413887 0.181039483 0.874338412
0.246872022 0.164581348 0.874338412
0.263330157 0.148123213 0.874338412
0.279788292 0.131665078 0.874338412
0.296246427 0.115206944 0.874338412
0.312704561 0.098748809 0.874338412
0.329162696 0.082290674 0.874338412
0.345620831 0.065832539 0.874338412
0.362078966 0.049374404 0.874338412
0.378537101 0.032916270 0.874338412
0.394995235 0.016458135 0.874338412
0.411453370 0.000000000 0.874338412
0.000000000 0.445099272 0.791287595
0.017803971 0.427295301 0.791287595
0.035607942 0.409491330 0.791287595
0.053411913 0.391687360 0.791287595
0.071215884 0.373883389 0.791287595
0.089019854 0.356079418 0.791287595
0.106823825 0.338275447 0.791287595
0.124627796 0.320471476 0.791287595
0.142431767 0.302667505 0.791287595
0.160235738 0.284863534 0.791287595
0.178039709 0.267059563 0.791287595
0.195843680 0.249255592 0.791287595
0.213647651 0.231451622 0.791287595
0.231451622 0.213647651 0.791287595
0.249255592 0.195843680 0.791287595
0.267059563 0.178039709 0.791287595
0.284863534 0.160235738 0.791287595
0.302667505 0.142431767 0.791287595
0.320471476 0.124627796 0.791287595
0.338275447 0.106823825 0.791287595
0.356079418 0.089019854 0.791287595
0.373883389 0.071215884 0.791287595
0.391687360 0.053411913 0.791287595
0.409491330 0.035607942 0.791287595
0.427295301 0.017803971 0.791287595
0.445099272 0.000000000 0.791287595
0.000000000 0.480881787 0.721322680
0.019235271 0.461646515 0.721322680
0.038470543 0.442411244 0.721322680
0.057705814 0.423175972 0.721322680
0.076941086 0.403940701 0.721322680
0.096176357 0.384705429 0.721322680
0.115411629 0.365470158 0.721322680
0.134646900 0.346234886 0.721322680
0.153882172 0.326999615 0.721322680
0.173117443 0.307764343 0.721322680
0.192352715 0.288529072 0.721322680
0.211587986 0.269293800 0.721322680
0.230823258 0.250058529 0.721322680
0.250058529 0.230823258 0.721322680
0.269293800 0.211587986 0.721322680
0.288529072 0.192352715 0.721322680
0.307764343 0.173117443 0.721322680
0.326999615 0.153882172 0.721322680
0.346234886 0.134646900 0.721322680
0.365470158 0.115411629 0.721322680
0.384705429 0.096176357 0.721322680
0.403940701 0.076941086 0.721322680
0.423175972 0.057705814 0.721322680
0.442411244 0.038470543 0.721322680
0.461646515 0.019235271 0.721322680
0.480881787 0.000000000 0.721322680
0.000000000 0.519617815 0.661331764
0.020784713 0.498833102 0.661331764
0.041569425 0.478048390 0.661331764
0.062354138 0.457263677 0.661331764
0.083138850 0.436478964 0.661331764
0.103923563 0.415694252 0.661331764
0.124708276 0.394909539 0.661331764
0.145492988 0.374124827 0.661331764
0.166277701 0.353340114 0.661331764
0.187062413 0.332555401 0.661331764
0.207847126 0.311770689 0.661331764
0.228631839 0.290985976 0.661331764
0.249416551 0.270201264 0.661331764
0.270201264 0.249416551 0.661331764
0.290985976 0.228631839 0.661331764
0.311770689 0.207847126 0.661331764
0.332555401 0.187062413 0.661331764
0.353340114 0.166277701 0.661331764
0.374124827 0.145492988 0.661331764
0.394909539 0.124708276 0.661331764
0.415694252 0.103923563 0.661331764
0.436478964 0.083138850 0.661331764
0.457263677 0.062354138 0.661331764
0.478048390 0.041569425 0.661331764
0.498833102 0.020784713 0.661331764
0.519617815 0.000000000 0.661331764
0.000000000 0.561987917 0.608820243
0.022479517 0.539508400 0.608820243
0.044959033 0.517028883 0.608820243
0.067438550 0.494549367 0.608820243
0.089918067 0.472069850 0.608820243
0.112397583 0.449590333 0.608820243
0.134877100 0.427110817 0.608820243
0.157356617 0.404631300 0.608820243
0.179836133 0.382151783 0.608820243
0.202315650 0.359672267 0.608820243
0.224795167 0.337192750 0.608820243
0.247274683 0.314713233 0.608820243
0.269754200 0.292233717 0.608820243
0.292233717 0.269754200 0.608820243
0.314713233 0.247274683 0.608820243
0.337192750 0.224795167 0.608820243
0.359672267 0.202315650 0.608820243
0.382151783 0.179836133 0.608820243
0.404631300 0.157356617 0.608820243
0.427110817 0.134877100 0.608820243
0.449590333 0.112397583 0.608820243
0.472069850 0.089918067 0.608820243
0.494549367 0.067438550 0.608820243
0.517028883 0.044959033 0.608820243
0.539508400 0.022479517 0.608820243
0.561987917 0.000000000 0.608820243
0.000000000 0.608820243 0.561987917
0.024352810 0.584467433 0.561987917
0.048705619 0.560114624 0.561987917
0.073058429 0.535761814 0.561987917
0.097411239 0.511409004 0.561987917
0.121764049 0.487056195 0.561987917
0.146116858 0.462703385 0.561987917
0.170469668 0.438350575 0.561987917
0.194822478 0.413997765 0.561987917
0.219175288 0.389644956 0.561987917
0.243528097 0.365292146 0.561987917
0.267880907 0.340939336 0.561987917
0.292233717 0.316586526 0.561987917
0.316586526 0.292233717 0.561987917
0.340939336 0.267880907 0.561987917
0.365292146 0.243528097 0.561987917
0.389644956 0.219175288 0.561987917
0.413997765 0.194822478 0.561987917
0.438350575 0.170469668 0.561987917
0.462703385 0.146116858 0.561987917
0.487056195 0.121764049 0.561987917
0.511409004 0.097411239 0.561987917
0.535761814 0.073058429 0.561987917
0.560114624 0.048705619 0.561987917
0.584467433 0.024352810 0.561987917
0.608820243 0.000000000 0.561987917
0.000000000 0.661331764 0.519617815
0.026453271 0.634878494 0.519617815
0.052906541 0.608425223 0.519617815
0.079359812 0.581971953 0.519617815
0.105813082 0.555518682 0.519617815
0.132266353 0.529065411 0.519617815
0.158719623 0.502612141 0.519617815
0.185172894 0.476158870 0.519617815
0.211626165 0.449705600 0.519617815
0.238079435 0.423252329 0.519617815
0.264532706 0.396799059 0.519617815
0.290985976 0.370345788 0.519617815
0.317439247 0.343892517 0.519617815
0.343892517 0.317439247 0.519617815
0.370345788 0.290985976 0.519617815
0.396799059 0.264532706 0.519617815
0.423252329 0.238079435 0.519617815
0.449705600 0.211626165 0.519617815
0.476158870 0.185172894 0.519617815
0.502612141 0.158719623 0.519617815
0.529065411 0.132266353 0.519617815
0.555518682 0.105813082 0.519617815
0.581971953 0.079359812 0.519617815
0.608425223 0.052906541 0.519617815
0.634878494 0.026453271 0.519617815
0.661331764 0.000000000 0.519617815
0.000000000 0.721322680 0.480881787
0.028852907 0.692469773 0.480881787
0.057705814 0.663616865 0.480881787
0.086558722 0.634763958 0.480881787
0.115411629 0.605911051 0.480881787
0.144264536 0.577058144 0.480881787
0.173117443 0.548205237 0.480881787
0.201970350 0.519352330 0.480881787
0.230823258 0.490499422 0.480881787
0.259676165 0.461646515 0.480881787
0.288529072 0.432793608 0.480881787
0.317381979 0.403940701 0.480881787
0.346234886 0.375087794 0.480881787
0.375087794 0.346234886 0.480881787
0.403940701 0.317381979 0.480881787
0.432793608 0.288529072 0.480881787
0.461646515 0.259676165 0.480881787
0.490499422 0.230823258 0.480881787
0.519352330 0.201970350 0.480881787
0.548205237 0.173117443 0.480881787
0.577058144 0.144264536 0.480881787
0.605911051 0.115411629 0.480881787
0.634763958 0.086558722 0.480881787
0.663616865 0.057705814 0.480881787
0.692469773 0.028852907 0.480881787
0.721322680 0.000000000 0.480881787
0.000000000 0.791287595 0.445099272
0.031651504 0.759636091 0.445099272
0.063303008 0.727984587 0.445099272
0.094954511 0.696333084 0.445099272
0.126606015 0.664681580 0.445099272
0.158257519 0.633030076 0.445099272
0.189909023 0.601378572 0.445099272
0.221560527 0.569727068 0.445099272
0.253212030 0.538075565 0.445099272
0.284863534 0.506424061 0.445099272
0.316515038 0.474772557 0.445099272
0.348166542 0.443121053 0.445099272
0.379818046 0.411469549 0.445099272
0.411469549 0.379818046 0.445099272
0.443121053 0.348166542 0.445099272
0.474772557 0.316515038 0.445099272
0.506424061 0.284863534 0.445099272
0.538075565 0.253212030 0.445099272
0.569727068 0.221560527 0.445099272
0.601378572 0.189909023 0.445099272
0.633030076 0.158257519 0.445099272
0.664681580 0.126606015 0.445099272
0.696333084 0.094954511 0.445099272
0.727984587 0.063303008 0.445099272
0.759636091 0.031651504 0.445099272
0.791287595 0.000000000 0.445099272
0.000000000 0.874338412 0.411453370
0.034973536 0.839364875 0.411453370
0.069947073 0.804391339 0.411453370
0.104920609 0.769417802 0.411453370
0.139894146 0.734444266 0.411453370
0.174867682 0.699470729 0.411453370
0.209841219 0.664497193 0.411453370
0.244814755 0.629523656 0.411453370
0.279788292 0.594550120 0.411453370
0.314761828 0.559576583 0.411453370
0.349735365 0.524603047 0.411453370
0.384708901 0.489629511 0.411453370
0.419682438 0.454655974 0.411453370
0.454655974 0.419682438 0.411453370
0.489629511 0.384708901 0.411453370
0.524603047 0.349735365 0.411453370
0.559576583 0.314761828 0.411453370
0.594550120 0.279788292 0.411453370
0.629523656 0.244814755 0.411453370
0.664497193 0.209841219 0.411453370
0.699470729 0.174867682 0.411453370
0.734444266 0.139894146 0.411453370
0.769417802 0.104920609 0.411453370
0.804391339 0.069947073 0.411453370
0.839364875 0.034973536 0.411453370
0.874338412 0.000000000 0.411453370
0.000000000 0.973765734 0.378686674
0.038950629 0.934815105 0.378686674
0.077901259 0.895864475 0.378686674
0.116851888 0.856913846 0.378686674
0.155802517 0.817963217 0.378686674
0.194753147 0.779012587 0.378686674
0.233703776 0.740061958 0.378686674
0.272654406 0.701111329 0.378686674
0.311605035 0.662160699 0.378686674
0.350555664 0.623210070 0.378686674
0.389506294 0.584259441 0.378686674
0.428456923 0.545308811 0.378686674
0.467407552 0.506358182 0.378686674
0.506358182 0.467407552 0.378686674
0.545308811 0.428456923 0.378686674
0.584259441 0.389506294 0.378686674
0.623210070 0.350555664 0.378686674
0.662160699 0.311605035 0.378686674
0.701111329 0.272654406 0.378686674
0.740061958 0.233703776 0.378686674
0.779012587 0.194753147 0.378686674
0.817963217 0.155802517 0.378686674
0.856913846 0.116851888 0.378686674
0.895864475 0.077901259 0.378686674
0.934815105 0.038950629 0.378686674
0.973765734 0.000000000 0.378686674
0.000000000 1.092076303 0.344866201
0.043683052 1.048393251 0.344866201
0.087366104 1.004710199 0.344866201
0.131049156 0.961027147 0.344866201
0.174732209 0.917344095 0.344866201
0.218415261 0.873661043 0.344866201
0.262098313 0.829977990 0.344866201
0.305781365 0.786294938 0.344866201
0.349464417 0.742611886 0.344866201
0.393147469 0.698928834 0.344866201
0.436830521 0.655245782 0.344866201
0.480513573 0.611562730 0.344866201
0.524196626 0.567879678 0.344866201
0.567879678 0.524196626 0.344866201
0.611562730 0.480513573 0.344866201
0.655245782 0.436830521 0.344866201
0.698928834 0.393147469 0.344866201
0.742611886 0.349464417 0.344866201
0.786294938 0.305781365 0.344866201
0.829977990 0.262098313 0.344866201
0.873661043 0.218415261 0.344866201
0.917344095 0.174732209 0.344866201
0.961027147 0.131049156 0.344866201
1.004710199 0.087366104 0.344866201
1.048393251 0.043683052 0.344866201
1.092076303 0.000000000 0.344866201
0.000000000 1.229526222 0.307381556
0.049181049 1.180345174 0.307381556
0.098362098 1.131164125 0.307381556
0.147543147 1.081983076 0.307381556
0.196724196 1.032802027 0.307381556
0.245905244 0.983620978 0.307381556
0.295086293 0.934439929 0.307381556
0.344267342 0.885258880 0.307381556
0.393448391 0.836077831 0.307381556
0.442629440 0.786896782 0.307381556
0.491810489 0.737715733 0.307381556
0.540991538 0.688534685 0.307381556
0.590172587 0.639353636 0.307381556
0.639353636 0.590172587 0.307381556
0.688534685 0.540991538 0.307381556
0.737715733 0.491810489 0.307381556
0.786896782 0.442629440 0.307381556
0.836077831 0.393448391 0.307381556
0.885258880 0.344267342 0.307381556
0.934439929 0.295086293 0.307381556
0.983620978 0.245905244 0.307381556
1.032802027 0.196724196 0.307381556
1.081983076 0.147543147 0.307381556
1.131164125 0.098362098 0.307381556
1.180345174 0.049181049 0.307381556
1.229526222 0.000000000 0.307381556
0.000000000 1.382523777 0.263337862
0.055300951 1.327222826 0.263337862
0.110601902 1.271921875 0.263337862
0.165902853 1.216620924 0.263337862
0.221203804 1.161319973 0.263337862
0.276504755 1.106019022 0.263337862
0.331805706 1.050718071 0.263337862
0.387106658 0.995417119 0.263337862
0.442407609 0.940116168 0.263337862
0.497708560 0.884815217 0.263337862
0.553009511 0.829514266 0.263337862
0.608310462 0.774213315 0.263337862
0.663611413 0.718912364 0.263337862
0.718912364 0.663611413 0.263337862
0.774213315 0.608310462 0.263337862
0.829514266 0.553009511 0.263337862
0.884815217 0.497708560 0.263337862
0.940116168 0.442407609 0.263337862
0.995417119 0.387106658 0.263337862
1.050718071 0.331805706 0.263337862
1.106019022 0.276504755 0.263337862
1.161319973 0.221203804 0.263337862
1.216620924 0.165902853 0.263337862
1.271921875 0.110601902 0.263337862
1.327222826 0.055300951 0.263337862
1.382523777 0.000000000 0.263337862
0.000000000 1.542623065 0.210357691
0.061704923 1.480918142 0.210357691
0.123409845 1.419213220 0.210357691
0.185114768 1.357508297 0.210357691
0.246819690 1.295803375 0.210357691
0.308524613 1.234098452 0.210357691
0.370229536 1.172393529 0.210357691
0.431934458 1.110688607 0.210357691
0.493639381 1.048983684 0.210357691
0.555344303 0.987278762 0.210357691
0.617049226 0.925573839 0.210357691
0.678754149 0.863868916 0.210357691
0.740459071 0.802163994 0.210357691
0.802163994 0.740459071 0.210357691
0.863868916 0.678754149 0.210357691
0.925573839 0.617049226 0.210357691
0.987278762 0.555344303 0.210357691
1.048983684 0.493639381 0.210357691
1.110688607 0.431934458 0.210357691
1.172393529 0.370229536 0.210357691
1.234098452 0.308524613 0.210357691
1.295803375 0.246819690 0.210357691
1.357508297 0.185114768 0.210357691
1.419213220 0.123409845 0.210357691
1.480918142 0.061704923 0.210357691
1.542623065 0.000000000 0.210357691
0.000000000 1.696898016 0.147556349
0.067875921 1.629022095 0.147556349
0.135751841 1.561146175 0.147556349
0.203627762 1.493270254 0.147556349
0.271503683 1.425394333 0.147556349
0.339379603 1.357518413 0.147556349
0.407255524 1.289642492 0.147556349
0.475131444 1.221766572 0.147556349
0.543007365 1.153890651 0.147556349
0.610883286 1.086014730 0.147556349
0.678759206 1.018138810 0.147556349
0.746635127 0.950262889 0.147556349
0.814511048 0.882386968 0.147556349
0.882386968 0.814511048 0.147556349
0.950262889 0.746635127 0.147556349
1.018138810 0.678759206 0.147556349
1.086014730 0.610883286 0.147556349
1.153890651 0.543007365 0.147556349
1.221766572 0.475131444 0.147556349
1.289642492 0.407255524 0.147556349
1.357518413 0.339379603 0.147556349
1.425394333 0.271503683 0.147556349
1.493270254 0.203627762 0.147556349
1.561146175 0.135751841 0.147556349
1.629022095 0.067875921 0.147556349
1.696898016 0.000000000 0.147556349
0.000000000 1.830105880 0.076254412
0.073204235 1.756901645 0.076254412
0.146408470 1.683697410 0.076254412
0.219612706 1.610493175 0.076254412
0.292816941 1.537288940 0.076254412
0.366021176 1.464084704 0.076254412
0.439225411 1.390880469 0.076254412
0.512429647 1.317676234 0.076254412
0.585633882 1.244471999 0.076254412
0.658838117 1.171267764 0.076254412
0.732042352 1.098063528 0.076254412
0.805246587 1.024859293 0.076254412
0.878450823 0.951655058 0.076254412
0.951655058 0.878450823 0.076254412
1.024859293 0.805246587 0.076254412
1.098063528 0.732042352 0.076254412
1.171267764 0.658838117 0.076254412
1.244471999 0.585633882 0.076254412
1.317676234 0.512429647 0.076254412
1.390880469 0.439225411 0.076254412
1.464084704 0.366021176 0.076254412
1.537288940 0.292816941 0.076254412
1.610493175 0.219612706 0.076254412
1.683697410 0.146408470 0.076254412
1.756901645 0.073204235 0.076254412
1.830105880 0.000000000 0.076254412
0.000000000 1.928284686 0.000000000
0.077131387 1.851153298 0.000000000
0.154262775 1.774021911 0.000000000
0.231394162 1.696890523 0.000000000
0.308525550 1.619759136 0.000000000
0.385656937 1.542627748 0.000000000
0.462788325 1.465496361 0.000000000
0.539919712 1.388364974 0.000000000
0.617051099 1.311233586 0.000000000
0.694182487 1.234102199 0.000000000
0.771313874 1.156970811 0.000000000
0.848445262 1.079839424 0.000000000
0.925576649 1.002708036 0.000000000
1.002708036 0.925576649 0.000000000
1.079839424 0.848445262 0.000000000
1.156970811 0.771313874 0.000000000
1.234102199 0.694182487 0.000000000
1.311233586 0.617051099 0.000000000
1.388364974 0.539919712 0.000000000
1.465496361 0.462788325 0.000000000
1.542627748 0.385656937 0.000000000
1.619759136 0.308525550 0.000000000
1.696890523 0.231394162 0.000000000
1.774021911 0.154262775 0.000000000
1.851153298 0.077131387 0.000000000
1.928284686 0.000000000 0.000000000
